train: 18405 val: 3238 test: 58965
Namespace(curriculum=False, epochs=100, epochs_eval=5, excludes='!', output_dir='outputs/exp1/', perception=False, resume=None, seed=314, semantics=True, syntax=False)
SymbolNet(
  (conv1): Conv2d(1, 32, kernel_size=(3, 3), stride=(1, 1), padding=(1, 1))
  (conv2): Conv2d(32, 64, kernel_size=(3, 3), stride=(1, 1), padding=(1, 1))
  (dropout1): Dropout2d(p=0.25, inplace=False)
  (dropout2): Dropout2d(p=0.5, inplace=False)
  (fc1): Linear(in_features=30976, out_features=128, bias=True)
  (fc2): Linear(in_features=128, out_features=14, bias=True)
)
ParserModel(
  (embeddings): Embedding(15, 50)
  (model): Sequential(
    (0): Linear(in_features=900, out_features=200, bias=True)
    (1): ReLU()
    (2): Dropout(p=0.5, inplace=False)
    (3): Linear(in_features=200, out_features=3, bias=True)
  )
)
use ground-truth semantics.
result accuracy by length:
1 ( 3%)  0.00
3 (12%)  0.77
5 (55%)  0.00
7 (29%)  0.00
result accuracy by symbol:
* (45%)  0.00
+ (45%)  0.00
- (45%)  0.07
/ (42%)  0.15
0 (23%)  0.00
1 (28%)  0.11
2 (29%)  0.11
3 (28%)  0.00
4 (28%)  0.00
5 (28%)  0.00
6 (28%)  0.00
7 (28%)  0.00
8 (27%)  0.11
9 (28%)  0.33
result accuracy by digit:
0 ( 0%)  0.00
1 ( 0%)  0.00
2 ( 0%)  0.00
3 ( 0%)  0.00
4 ( 0%)  0.00
5 ( 0%)  0.00
6 ( 0%)  0.00
7 ( 0%)  0.00
8 ( 0%)  0.00
9 ( 0%)  0.00
result accuracy by res:
0 (24%)  0.00
1 ( 9%)  0.97
2 ( 5%)  0.00
3 ( 5%)  0.00
4 ( 4%)  0.00
5 ( 4%)  0.00
6 ( 4%)  0.00
7 ( 4%)  0.00
8 ( 4%)  0.00
9 ( 4%)  0.00
val (Perception Acc=6.43, Syntax Acc=15.32, Result Acc=0.09)
------------------------------
Epoch 0/99 (max_len=inf, data=18405)
Train acc: 0.55 (abduce 8.31)
Hit samples:  1530  Ave length:  1.85
Symbols:  14 Counter({3: 264, 4: 247, 1: 240, 6: 227, 0: 219, 11: 210, 5: 203, 2: 202, 7: 200, 13: 199, 8: 192, 9: 187, 10: 127, 12: 115})
Dep:  Counter({(-1,): 1000, (1, -1, 1): 210, (-1, 0, 0): 123, (2, 2, -1): 80, (1, 3, 1, -1, 3): 32, (3, 0, 0, -1, 3): 25, (1, -1, 3, 1, 3): 10, (1, 4, 1, 4, -1): 7, (2, 2, 3, -1, 3): 6, (1, -1, 1, 2, 2): 6, (-1, 0, 3, 0, 3): 5, (4, 0, 0, 4, -1): 5, (-1, 0, 0, 2, 2): 4, (-1, 0, 4, 4, 0): 3, (1, -1, 4, 4, 1): 3, (-1, 2, 0, 2, 0): 2, (3, 0, 0, 6, 3, 6, -1): 1, (2, 2, 3, 5, 3, -1, 5): 1, (2, 2, 4, 4, -1): 1, (3, 0, 0, -1, 5, 3, 5): 1, (4, 2, 4, 2, -1): 1, (-1, 3, 3, 0, 0): 1, (-1, 0, 1, 1, 0): 1, (1, 6, 4, 4, 1, 6, -1): 1, (4, 4, 1, 1, -1): 1})
Learn syntax with 1530 samples for 500 iterations, take 1 sec.
Learn perception with 1530 samples for 500 iterations, take 46 sec.
Epoch time: 1m 19s
------------------------------
Epoch 1/99 (max_len=inf, data=18405)
Train acc: 6.45 (abduce 19.36)
Hit samples:  3564  Ave length:  3.1
Symbols:  14 Counter({11: 1224, 13: 1123, 1: 872, 0: 852, 3: 819, 4: 793, 6: 748, 10: 704, 12: 699, 2: 691, 9: 644, 7: 639, 8: 629, 5: 627})
Dep:  Counter({(1, -1, 1): 1046, (-1,): 1000, (1, 3, 1, -1, 3): 477, (-1, 0, 0): 290, (2, 2, -1): 157, (1, -1, 3, 1, 3): 139, (3, 0, 0, -1, 3): 134, (1, 3, 1, 5, 3, -1, 5): 45, (1, 4, 1, 4, -1): 41, (2, 2, 3, -1, 3): 32, (4, 3, 3, 4, -1): 29, (-1, 0, 3, 0, 3): 19, (3, 0, 0, 5, 3, -1, 5): 17, (4, 0, 0, 4, -1): 16, (1, -1, 1, 2, 2): 15, (1, -1, 4, 4, 1): 13, (4, 2, 4, 2, -1): 11, (4, 4, 1, 1, -1): 11, (1, 3, 1, -1, 5, 3, 5): 8, (1, -1, 3, 5, 3, 1, 5): 7, (2, 2, 4, 4, -1): 6, (-1, 0, 1, 1, 0): 5, (2, 2, 3, 5, 3, -1, 5): 5, (-1, 2, 0, 2, 0): 4, (1, 4, 1, 4, 5, -1, 5): 4, (3, 0, 0, -1, 5, 3, 5): 4, (1, 3, 1, 6, 3, 6, -1): 3, (1, -1, 5, 2, 2, 1, 5): 3, (-1, 0, 3, 5, 3, 0, 5): 2, (4, 0, 0, 4, 5, -1, 5): 2, (-1, 3, 3, 0, 0): 2, (1, 3, 1, -1, 3, 4, 4): 2, (-1, 0, 4, 4, 0): 2, (1, -1, 3, 1, 5, 3, 5): 2, (2, 2, 4, 4, 5, -1, 5): 1, (1, 5, 3, 1, 3, -1, 5): 1, (6, 0, 0, 5, 5, 6, -1): 1, (1, -1, 3, 1, 6, 6, 3): 1, (5, 0, 1, 1, 0, -1, 5): 1, (6, 0, 0, 4, 6, 4, -1): 1, (1, -1, 3, 6, 3, 6, 1): 1, (1, 6, 1, 4, 6, 4, -1): 1, (2, 2, 3, -1, 5, 3, 5): 1, (2, 2, 6, 5, 5, 6, -1): 1, (3, 0, 0, 6, 3, 6, -1): 1})
Learn syntax with 3564 samples for 500 iterations, take 1 sec.
Learn perception with 3564 samples for 500 iterations, take 26 sec.
Epoch time: 0m 56s
------------------------------
Epoch 2/99 (max_len=inf, data=18405)
Train acc: 8.86 (abduce 28.83)
Hit samples:  5307  Ave length:  3.8
Symbols:  14 Counter({11: 2418, 13: 2065, 1: 1604, 0: 1541, 12: 1492, 10: 1443, 3: 1376, 4: 1297, 6: 1276, 2: 1250, 7: 1132, 9: 1112, 5: 1091, 8: 1046})
Dep:  Counter({(1, -1, 1): 1415, (1, 3, 1, -1, 3): 1228, (-1,): 1000, (1, -1, 3, 1, 3): 444, (1, 3, 1, 5, 3, -1, 5): 232, (-1, 0, 0): 177, (3, 0, 0, -1, 3): 125, (2, 2, -1): 104, (1, 4, 1, 4, -1): 94, (1, -1, 3, 5, 3, 1, 5): 73, (2, 2, 3, -1, 3): 67, (4, 3, 3, 4, -1): 54, (1, 3, 1, -1, 5, 3, 5): 40, (1, -1, 1, 2, 2): 31, (3, 0, 0, 5, 3, -1, 5): 27, (1, -1, 4, 4, 1): 22, (1, 3, 1, 6, 3, 6, -1): 17, (-1, 0, 3, 0, 3): 16, (1, 4, 1, 4, 5, -1, 5): 12, (1, 6, 1, 5, 5, 6, -1): 11, (3, 0, 0, -1, 5, 3, 5): 10, (2, 2, 3, 5, 3, -1, 5): 10, (1, -1, 3, 1, 5, 3, 5): 8, (4, 3, 3, 4, 5, -1, 5): 8, (1, 5, 3, 1, 3, -1, 5): 7, (6, 3, 3, 5, 5, 6, -1): 6, (4, 0, 0, 4, -1): 6, (-1, 0, 1, 1, 0): 6, (4, 4, 1, 1, -1): 6, (2, 2, 4, 4, -1): 4, (1, -1, 5, 2, 2, 1, 5): 4, (2, 2, 3, -1, 5, 3, 5): 4, (4, 2, 4, 2, -1): 3, (1, 5, 1, 2, 2, -1, 5): 3, (3, 0, 0, 6, 3, 6, -1): 3, (1, 3, 1, -1, 3, 4, 4): 3, (2, 2, 3, 6, 3, 6, -1): 3, (-1, 0, 4, 4, 0): 3, (5, 3, 3, 0, 0, -1, 5): 2, (4, 0, 0, 4, 5, -1, 5): 2, (4, 2, 4, 2, 6, 6, -1): 1, (-1, 3, 3, 0, 0): 1, (1, -1, 3, 6, 3, 6, 1): 1, (3, 0, 0, -1, 6, 6, 3): 1, (-1, 0, 3, 0, 5, 3, 5): 1, (1, -1, 3, 1, 6, 6, 3): 1, (6, 3, 3, 4, 6, 4, -1): 1, (4, 2, 4, 2, 5, -1, 5): 1, (4, 4, 1, 1, 5, -1, 5): 1, (1, -1, 4, 4, 5, 1, 5): 1, (1, -1, 6, 5, 5, 6, 1): 1, (6, 5, 3, 5, 3, 6, -1): 1, (3, 0, 0, -1, 3, 4, 4): 1, (1, 6, 1, 4, 6, 4, -1): 1, (1, -1, 1, 5, 5, 2, 2): 1, (1, 5, 4, 4, 1, -1, 5): 1, (-1, 2, 0, 2, 0): 1})
Learn syntax with 5307 samples for 500 iterations, take 1 sec.
Learn perception with 5307 samples for 500 iterations, take 22 sec.
Epoch time: 0m 51s
------------------------------
Epoch 3/99 (max_len=inf, data=18405)
Train acc: 11.39 (abduce 37.32)
Hit samples:  6869  Ave length:  4.16
Symbols:  14 Counter({11: 3408, 13: 3041, 1: 2322, 12: 2229, 0: 2181, 10: 2162, 3: 1883, 4: 1743, 6: 1731, 2: 1721, 7: 1571, 5: 1567, 9: 1560, 8: 1430})
Dep:  Counter({(1, 3, 1, -1, 3): 1901, (1, -1, 1): 1754, (-1,): 1000, (1, -1, 3, 1, 3): 693, (1, 3, 1, 5, 3, -1, 5): 535, (1, -1, 3, 5, 3, 1, 5): 153, (1, 3, 1, -1, 5, 3, 5): 107, (3, 0, 0, -1, 3): 97, (-1, 0, 0): 89, (2, 2, 3, -1, 3): 78, (4, 3, 3, 4, -1): 69, (2, 2, -1): 61, (1, 4, 1, 4, -1): 56, (1, 5, 3, 1, 3, -1, 5): 40, (3, 0, 0, 5, 3, -1, 5): 35, (1, -1, 3, 1, 5, 3, 5): 32, (1, -1, 1, 2, 2): 30, (1, 3, 1, 6, 3, 6, -1): 17, (1, -1, 4, 4, 1): 16, (1, 6, 1, 5, 5, 6, -1): 13, (2, 2, 3, 5, 3, -1, 5): 12, (4, 3, 3, 4, 5, -1, 5): 11, (1, -1, 4, 4, 5, 1, 5): 8, (1, -1, 5, 2, 2, 1, 5): 7, (-1, 0, 3, 0, 3): 6, (1, 3, 1, -1, 6, 6, 3): 5, (3, 0, 0, -1, 5, 3, 5): 5, (1, 4, 1, 4, 5, -1, 5): 5, (6, 3, 3, 5, 5, 6, -1): 5, (4, 0, 0, 4, -1): 4, (1, 3, 1, -1, 3, 4, 4): 3, (-1, 0, 4, 4, 0): 2, (2, 2, 4, 4, -1): 2, (-1, 0, 1, 1, 0): 2, (4, 0, 0, 4, 5, -1, 5): 1, (4, 4, 1, 1, -1): 1, (4, 2, 4, 2, -1): 1, (5, 0, 1, 1, 0, -1, 5): 1, (-1, 0, 3, 0, 6, 6, 3): 1, (2, 2, 3, 6, 3, 6, -1): 1, (3, 0, 0, 6, 3, 6, -1): 1, (-1, 0, 3, 5, 3, 0, 5): 1, (1, -1, 3, 6, 3, 6, 1): 1, (5, 3, 3, 0, 0, -1, 5): 1, (1, 6, 3, 1, 3, 6, -1): 1, (-1, 3, 3, 0, 0): 1, (1, -1, 3, 1, 3, 4, 4): 1, (1, 5, 1, 2, 2, -1, 5): 1, (1, -1, 1, 2, 5, 2, 5): 1, (6, 5, 4, 4, 5, 6, -1): 1})
Learn syntax with 6869 samples for 500 iterations, take 1 sec.
Learn perception with 6869 samples for 500 iterations, take 20 sec.
Epoch time: 0m 48s
------------------------------
Epoch 4/99 (max_len=inf, data=18405)
Train acc: 14.66 (abduce 47.14)
Hit samples:  8676  Ave length:  4.38
Symbols:  14 Counter({11: 4694, 13: 3856, 1: 3209, 10: 3104, 12: 3006, 0: 2764, 3: 2410, 2: 2384, 4: 2245, 9: 2187, 6: 2158, 5: 2110, 7: 2014, 8: 1855})
Dep:  Counter({(1, 3, 1, -1, 3): 2910, (1, -1, 1): 2162, (-1,): 1000, (1, 3, 1, 5, 3, -1, 5): 975, (1, -1, 3, 1, 3): 806, (1, -1, 3, 5, 3, 1, 5): 195, (1, 3, 1, -1, 5, 3, 5): 157, (1, 5, 3, 1, 3, -1, 5): 79, (1, -1, 3, 1, 5, 3, 5): 54, (3, 0, 0, -1, 3): 54, (-1, 0, 0): 39, (2, 2, 3, -1, 3): 38, (4, 3, 3, 4, -1): 33, (2, 2, -1): 31, (1, 4, 1, 4, -1): 27, (1, -1, 1, 2, 2): 23, (3, 0, 0, 5, 3, -1, 5): 15, (2, 2, 3, 5, 3, -1, 5): 11, (4, 3, 3, 4, 5, -1, 5): 9, (1, -1, 4, 4, 1): 8, (1, 3, 1, 6, 3, 6, -1): 7, (1, 4, 1, 4, 5, -1, 5): 6, (1, 6, 1, 5, 5, 6, -1): 5, (1, 3, 1, -1, 3, 4, 4): 3, (2, 2, 3, -1, 5, 3, 5): 3, (1, 3, 1, -1, 6, 6, 3): 3, (6, 3, 3, 5, 5, 6, -1): 3, (1, -1, 5, 2, 2, 1, 5): 3, (1, -1, 3, 1, 3, 4, 4): 2, (-1, 0, 1, 1, 0): 2, (1, 5, 1, 2, 2, -1, 5): 2, (3, 0, 0, -1, 5, 3, 5): 2, (-1, 3, 3, 0, 0): 2, (1, -1, 4, 4, 5, 1, 5): 2, (-1, 0, 3, 0, 3): 1, (6, 0, 0, 5, 5, 6, -1): 1, (4, 0, 0, 4, 5, -1, 5): 1, (3, 0, 0, 6, 3, 6, -1): 1, (1, -1, 6, 5, 5, 6, 1): 1})
Learn syntax with 8676 samples for 500 iterations, take 1 sec.
Learn perception with 8676 samples for 500 iterations, take 20 sec.
result accuracy by length:
1 ( 3%) 80.00
3 (12%) 58.21
5 (55%) 40.64
7 (29%) 29.88
result accuracy by symbol:
* (45%) 30.53
+ (45%) 29.23
- (45%) 48.57
/ (42%) 38.53
0 (23%) 48.06
1 (28%) 43.04
2 (29%) 35.71
3 (28%) 36.92
4 (28%) 35.38
5 (28%) 36.07
6 (28%) 39.96
7 (28%) 36.77
8 (27%) 36.79
9 (28%) 36.84
result accuracy by digit:
0 ( 0%) 90.00
1 ( 0%) 100.00
2 ( 0%) 90.00
3 ( 0%) 80.00
4 ( 0%) 50.00
5 ( 0%) 80.00
6 ( 0%) 100.00
7 ( 0%) 70.00
8 ( 0%) 60.00
9 ( 0%) 80.00
result accuracy by res:
0 (24%) 75.00
1 ( 9%) 45.81
2 ( 5%) 34.03
3 ( 5%) 24.54
4 ( 4%) 29.80
5 ( 4%) 29.68
6 ( 4%) 32.14
7 ( 4%) 34.44
8 ( 4%) 30.82
9 ( 4%) 35.71
val (Perception Acc=78.74, Syntax Acc=80.63, Result Acc=40.77)
Epoch time: 0m 49s
------------------------------
Epoch 5/99 (max_len=inf, data=18405)
Train acc: 17.45 (abduce 56.73)
Hit samples:  10442  Ave length:  4.56
Symbols:  14 Counter({11: 5927, 13: 4665, 1: 4259, 10: 4143, 12: 3837, 0: 3447, 2: 3024, 3: 2869, 6: 2795, 9: 2740, 5: 2679, 4: 2598, 7: 2406, 8: 2197})
Dep:  Counter({(1, 3, 1, -1, 3): 3696, (1, -1, 1): 2437, (1, 3, 1, 5, 3, -1, 5): 1427, (1, -1, 3, 1, 3): 1012, (-1,): 1000, (1, -1, 3, 5, 3, 1, 5): 275, (1, 3, 1, -1, 5, 3, 5): 229, (1, 5, 3, 1, 3, -1, 5): 90, (1, -1, 3, 1, 5, 3, 5): 74, (3, 0, 0, -1, 3): 28, (4, 3, 3, 4, -1): 23, (2, 2, 3, -1, 3): 21, (-1, 0, 0): 20, (2, 2, -1): 14, (1, 4, 1, 4, -1): 14, (1, -1, 1, 2, 2): 13, (3, 0, 0, 5, 3, -1, 5): 11, (1, 4, 1, 4, 5, -1, 5): 9, (4, 3, 3, 4, 5, -1, 5): 7, (2, 2, 3, 5, 3, -1, 5): 6, (1, -1, 4, 4, 1): 5, (1, -1, 4, 4, 5, 1, 5): 5, (1, 5, 1, 2, 2, -1, 5): 5, (1, 6, 1, 5, 5, 6, -1): 4, (1, 3, 1, 6, 3, 6, -1): 4, (1, 3, 1, -1, 3, 4, 4): 3, (1, 3, 1, -1, 6, 6, 3): 2, (1, -1, 3, 1, 3, 4, 4): 2, (3, 0, 0, -1, 5, 3, 5): 2, (1, -1, 3, 1, 6, 6, 3): 1, (2, 2, 3, -1, 5, 3, 5): 1, (1, 5, 4, 4, 1, -1, 5): 1, (4, 0, 0, 4, 5, -1, 5): 1})
Learn syntax with 10442 samples for 500 iterations, take 2 sec.
Learn perception with 10442 samples for 500 iterations, take 21 sec.
Epoch time: 0m 47s
------------------------------
Epoch 6/99 (max_len=inf, data=18405)
Train acc: 19.53 (abduce 61.96)
Hit samples:  11404  Ave length:  4.64
Symbols:  14 Counter({11: 6557, 13: 5143, 10: 4859, 1: 4673, 12: 4183, 0: 3816, 3: 3319, 2: 3312, 6: 3203, 9: 3017, 5: 2918, 4: 2864, 7: 2658, 8: 2366})
Dep:  Counter({(1, 3, 1, -1, 3): 4092, (1, -1, 1): 2576, (1, 3, 1, 5, 3, -1, 5): 1652, (1, -1, 3, 1, 3): 1154, (-1,): 1000, (1, -1, 3, 5, 3, 1, 5): 318, (1, 3, 1, -1, 5, 3, 5): 301, (1, 5, 3, 1, 3, -1, 5): 109, (1, -1, 3, 1, 5, 3, 5): 107, (4, 3, 3, 4, -1): 12, (2, 2, -1): 10, (3, 0, 0, -1, 3): 9, (1, -1, 1, 2, 2): 8, (3, 0, 0, 5, 3, -1, 5): 8, (2, 2, 3, -1, 3): 8, (-1, 0, 0): 4, (1, -1, 4, 4, 5, 1, 5): 4, (1, 4, 1, 4, -1): 4, (4, 3, 3, 4, 5, -1, 5): 3, (2, 2, 3, 5, 3, -1, 5): 3, (3, 0, 0, -1, 5, 3, 5): 3, (1, -1, 4, 4, 1): 3, (1, 3, 1, -1, 3, 4, 4): 3, (1, 3, 1, 6, 3, 6, -1): 2, (1, 4, 1, 4, 5, -1, 5): 2, (1, 6, 1, 5, 5, 6, -1): 2, (1, -1, 5, 2, 2, 1, 5): 2, (1, 5, 1, 2, 2, -1, 5): 1, (6, 3, 3, 5, 5, 6, -1): 1, (1, -1, 3, 1, 3, 4, 4): 1, (1, 5, 4, 4, 1, -1, 5): 1, (6, 5, 3, 5, 3, 6, -1): 1})
Learn syntax with 11404 samples for 500 iterations, take 2 sec.
Learn perception with 11404 samples for 500 iterations, take 19 sec.
Epoch time: 0m 44s
------------------------------
Epoch 7/99 (max_len=inf, data=18405)
Train acc: 21.15 (abduce 66.46)
Hit samples:  12232  Ave length:  4.68
Symbols:  14 Counter({11: 6863, 10: 5627, 13: 5340, 1: 5167, 12: 4647, 0: 4082, 2: 3666, 3: 3411, 6: 3292, 9: 3252, 5: 3166, 4: 3046, 7: 2913, 8: 2714})
Dep:  Counter({(1, 3, 1, -1, 3): 4562, (1, -1, 1): 2713, (1, 3, 1, 5, 3, -1, 5): 1861, (1, -1, 3, 1, 3): 1184, (-1,): 1000, (1, 3, 1, -1, 5, 3, 5): 323, (1, -1, 3, 5, 3, 1, 5): 299, (1, 5, 3, 1, 3, -1, 5): 128, (1, -1, 3, 1, 5, 3, 5): 109, (-1, 0, 0): 7, (4, 3, 3, 4, -1): 7, (2, 2, -1): 6, (3, 0, 0, -1, 3): 5, (1, 4, 1, 4, 5, -1, 5): 3, (3, 0, 0, 5, 3, -1, 5): 3, (2, 2, 3, -1, 3): 3, (1, -1, 1, 2, 2): 2, (1, -1, 4, 4, 1): 2, (1, 6, 1, 5, 5, 6, -1): 2, (4, 3, 3, 4, 5, -1, 5): 2, (1, -1, 5, 2, 2, 1, 5): 2, (1, -1, 3, 1, 3, 4, 4): 2, (1, 4, 1, 4, -1): 2, (1, -1, 3, 6, 3, 6, 1): 1, (2, 2, 3, 5, 3, -1, 5): 1, (1, 3, 1, 6, 3, 6, -1): 1, (1, 3, 1, -1, 3, 4, 4): 1, (1, 5, 1, 2, 2, -1, 5): 1})
Learn syntax with 12232 samples for 500 iterations, take 2 sec.
Learn perception with 12232 samples for 500 iterations, take 20 sec.
Epoch time: 0m 45s
------------------------------
Epoch 8/99 (max_len=inf, data=18405)
Train acc: 22.62 (abduce 70.12)
Hit samples:  12906  Ave length:  4.72
Symbols:  14 Counter({11: 7033, 10: 6305, 13: 5501, 1: 5407, 12: 5153, 0: 4321, 2: 3872, 6: 3646, 3: 3459, 9: 3403, 4: 3385, 5: 3330, 7: 3116, 8: 2959})
Dep:  Counter({(1, 3, 1, -1, 3): 4764, (1, -1, 1): 2809, (1, 3, 1, 5, 3, -1, 5): 2063, (1, -1, 3, 1, 3): 1313, (-1,): 1000, (1, 3, 1, -1, 5, 3, 5): 359, (1, -1, 3, 5, 3, 1, 5): 334, (1, 5, 3, 1, 3, -1, 5): 134, (1, -1, 3, 1, 5, 3, 5): 100, (-1, 0, 0): 5, (3, 0, 0, -1, 3): 4, (2, 2, -1): 4, (4, 3, 3, 4, -1): 3, (2, 2, 3, -1, 3): 2, (1, -1, 4, 4, 1): 2, (1, -1, 4, 4, 5, 1, 5): 2, (4, 3, 3, 4, 5, -1, 5): 1, (1, 5, 4, 4, 1, -1, 5): 1, (1, 4, 1, 4, -1): 1, (1, 4, 1, 4, 5, -1, 5): 1, (1, -1, 3, 1, 3, 4, 4): 1, (1, 5, 1, 2, 2, -1, 5): 1, (-1, 0, 3, 0, 3): 1, (1, 3, 1, -1, 3, 4, 4): 1})
Learn syntax with 12906 samples for 500 iterations, take 2 sec.
Learn perception with 12906 samples for 500 iterations, take 22 sec.
Epoch time: 0m 45s
------------------------------
Epoch 9/99 (max_len=inf, data=18405)
Train acc: 23.62 (abduce 72.65)
Hit samples:  13371  Ave length:  4.75
Symbols:  14 Counter({11: 7296, 10: 6800, 1: 5714, 12: 5519, 13: 5426, 0: 4653, 2: 3904, 6: 3706, 3: 3587, 9: 3517, 4: 3472, 5: 3343, 7: 3302, 8: 3214})
Dep:  Counter({(1, 3, 1, -1, 3): 4832, (1, -1, 1): 2879, (1, 3, 1, 5, 3, -1, 5): 2153, (1, -1, 3, 1, 3): 1467, (-1,): 1000, (1, 3, 1, -1, 5, 3, 5): 397, (1, -1, 3, 5, 3, 1, 5): 370, (1, 5, 3, 1, 3, -1, 5): 146, (1, -1, 3, 1, 5, 3, 5): 109, (-1, 0, 0): 3, (1, -1, 1, 2, 2): 2, (3, 0, 0, 5, 3, -1, 5): 2, (3, 0, 0, -1, 3): 2, (2, 2, 3, -1, 3): 1, (4, 3, 3, 4, 5, -1, 5): 1, (1, 3, 1, 6, 3, 6, -1): 1, (1, 5, 1, 2, 2, -1, 5): 1, (2, 2, 3, 5, 3, -1, 5): 1, (4, 3, 3, 4, -1): 1, (1, -1, 6, 5, 5, 6, 1): 1, (1, 4, 1, 4, -1): 1, (2, 2, -1): 1})
Learn syntax with 13371 samples for 500 iterations, take 2 sec.
Learn perception with 13371 samples for 500 iterations, take 23 sec.
result accuracy by length:
1 ( 3%) 92.00
3 (12%) 81.03
5 (55%) 66.03
7 (29%) 51.45
result accuracy by symbol:
* (45%) 61.27
+ (45%) 60.69
- (45%) 65.99
/ (42%) 54.33
0 (23%) 73.51
1 (28%) 64.35
2 (29%) 58.66
3 (28%) 61.21
4 (28%) 58.02
5 (28%) 62.28
6 (28%) 62.46
7 (28%) 58.18
8 (27%) 62.30
9 (28%) 61.32
result accuracy by digit:
0 ( 0%) 90.00
1 ( 0%) 100.00
2 ( 0%) 90.00
3 ( 0%) 90.00
4 ( 0%) 80.00
5 ( 0%) 90.00
6 ( 0%) 100.00
7 ( 0%) 100.00
8 ( 0%) 80.00
9 ( 0%) 100.00
result accuracy by res:
0 (24%) 86.92
1 ( 9%) 55.81
2 ( 5%) 51.83
3 ( 5%) 60.74
4 ( 4%) 50.99
5 ( 4%) 52.90
6 ( 4%) 59.29
7 ( 4%) 50.99
8 ( 4%) 54.11
9 ( 4%) 63.57
val (Perception Acc=90.69, Syntax Acc=86.23, Result Acc=64.30)
Epoch time: 0m 49s
------------------------------
Epoch 10/99 (max_len=inf, data=18405)
Train acc: 25.22 (abduce 75.22)
Hit samples:  13844  Ave length:  4.76
Symbols:  14 Counter({11: 7295, 10: 7136, 12: 5921, 13: 5675, 1: 5285, 0: 4825, 2: 4168, 3: 4008, 6: 3974, 9: 3642, 8: 3581, 4: 3534, 5: 3437, 7: 3417})
Dep:  Counter({(1, 3, 1, -1, 3): 5026, (1, -1, 1): 2947, (1, 3, 1, 5, 3, -1, 5): 2211, (1, -1, 3, 1, 3): 1575, (-1,): 1000, (1, 3, 1, -1, 5, 3, 5): 421, (1, -1, 3, 5, 3, 1, 5): 357, (1, 5, 3, 1, 3, -1, 5): 167, (1, -1, 3, 1, 5, 3, 5): 127, (4, 3, 3, 4, -1): 3, (3, 0, 0, 5, 3, -1, 5): 2, (-1, 0, 0): 2, (2, 2, 3, -1, 3): 1, (2, 2, 3, 5, 3, -1, 5): 1, (6, 3, 3, 5, 5, 6, -1): 1, (3, 0, 0, -1, 3): 1, (1, -1, 4, 4, 1): 1, (1, -1, 5, 2, 2, 1, 5): 1})
Learn syntax with 13844 samples for 500 iterations, take 2 sec.
Learn perception with 13844 samples for 500 iterations, take 23 sec.
Epoch time: 0m 47s
------------------------------
Epoch 11/99 (max_len=inf, data=18405)
Train acc: 28.24 (abduce 77.83)
Hit samples:  14325  Ave length:  4.78
Symbols:  14 Counter({11: 7749, 10: 7418, 12: 6067, 13: 5868, 1: 5454, 0: 4789, 6: 4327, 2: 4266, 3: 4212, 9: 3841, 5: 3700, 8: 3682, 4: 3607, 7: 3549})
Dep:  Counter({(1, 3, 1, -1, 3): 5138, (1, -1, 1): 3015, (1, 3, 1, 5, 3, -1, 5): 2218, (1, -1, 3, 1, 3): 1700, (-1,): 1000, (1, 3, 1, -1, 5, 3, 5): 501, (1, -1, 3, 5, 3, 1, 5): 416, (1, 5, 3, 1, 3, -1, 5): 202, (1, -1, 3, 1, 5, 3, 5): 129, (3, 0, 0, -1, 3): 1, (1, 4, 1, 4, -1): 1, (4, 3, 3, 4, -1): 1, (2, 2, -1): 1, (3, 0, 0, 5, 3, -1, 5): 1, (1, 3, 1, -1, 6, 6, 3): 1})
Learn syntax with 14325 samples for 500 iterations, take 2 sec.
Learn perception with 14325 samples for 500 iterations, take 24 sec.
Epoch time: 0m 47s
------------------------------
Epoch 12/99 (max_len=inf, data=18405)
Train acc: 31.19 (abduce 79.93)
Hit samples:  14711  Ave length:  4.8
Symbols:  14 Counter({11: 8178, 10: 7456, 12: 6407, 1: 6030, 13: 5908, 0: 4831, 6: 4537, 2: 4383, 3: 4309, 9: 3822, 5: 3813, 7: 3673, 4: 3649, 8: 3613})
Dep:  Counter({(1, 3, 1, -1, 3): 5254, (1, -1, 1): 3089, (1, 3, 1, 5, 3, -1, 5): 2337, (1, -1, 3, 1, 3): 1745, (-1,): 1000, (1, 3, 1, -1, 5, 3, 5): 536, (1, -1, 3, 5, 3, 1, 5): 433, (1, 5, 3, 1, 3, -1, 5): 190, (1, -1, 3, 1, 5, 3, 5): 120, (4, 3, 3, 4, -1): 2, (2, 2, -1): 2, (1, -1, 4, 4, 5, 1, 5): 1, (3, 0, 0, -1, 3): 1, (1, 5, 1, 2, 2, -1, 5): 1})
Learn syntax with 14711 samples for 500 iterations, take 2 sec.
Learn perception with 14711 samples for 500 iterations, take 25 sec.
Epoch time: 0m 48s
------------------------------
Epoch 13/99 (max_len=inf, data=18405)
Train acc: 35.04 (abduce 83.36)
Hit samples:  15343  Ave length:  4.83
Symbols:  14 Counter({11: 8346, 10: 8050, 12: 6660, 13: 6294, 1: 6089, 0: 4899, 6: 4721, 9: 4425, 2: 4398, 3: 4267, 7: 4074, 4: 4028, 5: 3994, 8: 3798})
Dep:  Counter({(1, 3, 1, -1, 3): 5548, (1, -1, 1): 3163, (1, 3, 1, 5, 3, -1, 5): 2477, (1, -1, 3, 1, 3): 1803, (-1,): 1000, (1, 3, 1, -1, 5, 3, 5): 601, (1, -1, 3, 5, 3, 1, 5): 428, (1, 5, 3, 1, 3, -1, 5): 217, (1, -1, 3, 1, 5, 3, 5): 102, (1, 4, 1, 4, 5, -1, 5): 1, (4, 3, 3, 4, -1): 1, (3, 0, 0, -1, 3): 1, (1, 3, 1, -1, 3, 4, 4): 1})
Learn syntax with 15343 samples for 500 iterations, take 2 sec.
Learn perception with 15343 samples for 500 iterations, take 26 sec.
Epoch time: 0m 48s
------------------------------
Epoch 14/99 (max_len=inf, data=18405)
Train acc: 37.89 (abduce 84.95)
Hit samples:  15635  Ave length:  4.84
Symbols:  14 Counter({10: 8279, 11: 8264, 12: 6910, 13: 6530, 1: 5983, 0: 4898, 6: 4887, 9: 4603, 2: 4563, 3: 4382, 8: 4165, 4: 4073, 7: 4044, 5: 4020})
Dep:  Counter({(1, 3, 1, -1, 3): 5441, (1, -1, 1): 3210, (1, 3, 1, 5, 3, -1, 5): 2340, (1, -1, 3, 1, 3): 2059, (-1,): 1000, (1, 3, 1, -1, 5, 3, 5): 737, (1, -1, 3, 5, 3, 1, 5): 469, (1, 5, 3, 1, 3, -1, 5): 233, (1, -1, 3, 1, 5, 3, 5): 142, (1, 4, 1, 4, -1): 2, (1, 3, 1, 6, 3, 6, -1): 1, (1, 5, 4, 4, 1, -1, 5): 1})
Learn syntax with 15635 samples for 500 iterations, take 2 sec.
Learn perception with 15635 samples for 500 iterations, take 27 sec.
result accuracy by length:
1 ( 3%) 96.00
3 (12%) 89.74
5 (55%) 83.24
7 (29%) 72.61
result accuracy by symbol:
* (45%) 80.05
+ (45%) 80.78
- (45%) 80.07
/ (42%) 74.87
0 (23%) 85.01
1 (28%) 81.63
2 (29%) 79.06
3 (28%) 78.24
4 (28%) 74.84
5 (28%) 80.48
6 (28%) 80.68
7 (28%) 79.03
8 (27%) 83.03
9 (28%) 78.01
result accuracy by digit:
0 ( 0%) 100.00
1 ( 0%) 100.00
2 ( 0%) 100.00
3 ( 0%) 90.00
4 ( 0%) 80.00
5 ( 0%) 90.00
6 ( 0%) 100.00
7 ( 0%) 100.00
8 ( 0%) 100.00
9 ( 0%) 100.00
result accuracy by res:
0 (24%) 93.46
1 ( 9%) 79.03
2 ( 5%) 75.39
3 ( 5%) 71.78
4 ( 4%) 70.86
5 ( 4%) 74.19
6 ( 4%) 73.57
7 ( 4%) 75.50
8 ( 4%) 69.86
9 ( 4%) 83.57
val (Perception Acc=95.78, Syntax Acc=91.28, Result Acc=81.25)
Epoch time: 0m 51s
------------------------------
Epoch 15/99 (max_len=inf, data=18405)
Train acc: 42.27 (abduce 87.36)
Hit samples:  16079  Ave length:  4.86
Symbols:  14 Counter({10: 8470, 11: 8274, 12: 7418, 13: 6859, 1: 6148, 6: 5017, 2: 4881, 0: 4806, 9: 4715, 8: 4377, 3: 4362, 4: 4321, 5: 4263, 7: 4210})
Dep:  Counter({(1, 3, 1, -1, 3): 5598, (1, -1, 1): 3237, (1, 3, 1, 5, 3, -1, 5): 2446, (1, -1, 3, 1, 3): 2144, (-1,): 1000, (1, 3, 1, -1, 5, 3, 5): 774, (1, -1, 3, 5, 3, 1, 5): 491, (1, 5, 3, 1, 3, -1, 5): 244, (1, -1, 3, 1, 5, 3, 5): 145})
Learn syntax with 16079 samples for 500 iterations, take 2 sec.
Learn perception with 16079 samples for 500 iterations, take 28 sec.
Epoch time: 0m 49s
------------------------------
Epoch 16/99 (max_len=inf, data=18405)
Train acc: 46.77 (abduce 89.65)
Hit samples:  16501  Ave length:  4.87
Symbols:  14 Counter({10: 8628, 11: 8213, 12: 7703, 13: 7415, 1: 6156, 6: 5311, 2: 5049, 0: 4835, 9: 4823, 3: 4628, 5: 4461, 4: 4409, 7: 4404, 8: 4384})
Dep:  Counter({(1, 3, 1, -1, 3): 5673, (1, -1, 1): 3293, (1, 3, 1, 5, 3, -1, 5): 2437, (1, -1, 3, 1, 3): 2284, (-1,): 1000, (1, 3, 1, -1, 5, 3, 5): 849, (1, -1, 3, 5, 3, 1, 5): 547, (1, 5, 3, 1, 3, -1, 5): 251, (1, -1, 3, 1, 5, 3, 5): 166, (1, 4, 1, 4, -1): 1})
Learn syntax with 16501 samples for 500 iterations, take 2 sec.
Learn perception with 16501 samples for 500 iterations, take 28 sec.
Epoch time: 0m 49s
------------------------------
Epoch 17/99 (max_len=inf, data=18405)
Train acc: 50.09 (abduce 90.56)
Hit samples:  16667  Ave length:  4.88
Symbols:  14 Counter({10: 8839, 11: 8217, 12: 7876, 13: 7421, 1: 5979, 6: 5340, 9: 4985, 2: 4984, 0: 4890, 4: 4663, 8: 4616, 7: 4547, 3: 4523, 5: 4493})
Dep:  Counter({(1, 3, 1, -1, 3): 5535, (1, -1, 1): 3300, (1, -1, 3, 1, 3): 2513, (1, 3, 1, 5, 3, -1, 5): 2332, (-1,): 1000, (1, 3, 1, -1, 5, 3, 5): 954, (1, -1, 3, 5, 3, 1, 5): 595, (1, 5, 3, 1, 3, -1, 5): 272, (1, -1, 3, 1, 5, 3, 5): 165, (3, 0, 0, 5, 3, -1, 5): 1})
Learn syntax with 16667 samples for 500 iterations, take 2 sec.
Learn perception with 16667 samples for 500 iterations, take 29 sec.
Epoch time: 0m 50s
------------------------------
Epoch 18/99 (max_len=inf, data=18405)
Train acc: 56.76 (abduce 92.81)
Hit samples:  17082  Ave length:  4.9
Symbols:  14 Counter({10: 9028, 12: 8292, 11: 8234, 13: 7758, 1: 6189, 6: 5538, 9: 5034, 2: 4996, 0: 4846, 7: 4809, 5: 4806, 3: 4795, 4: 4708, 8: 4673})
Dep:  Counter({(1, 3, 1, -1, 3): 5662, (1, -1, 1): 3340, (1, -1, 3, 1, 3): 2592, (1, 3, 1, 5, 3, -1, 5): 2443, (-1,): 1000, (1, 3, 1, -1, 5, 3, 5): 949, (1, -1, 3, 5, 3, 1, 5): 606, (1, 5, 3, 1, 3, -1, 5): 336, (1, -1, 3, 1, 5, 3, 5): 154})
Learn syntax with 17082 samples for 500 iterations, take 2 sec.
Learn perception with 17082 samples for 500 iterations, take 30 sec.
Epoch time: 0m 51s
------------------------------
Epoch 19/99 (max_len=inf, data=18405)
Train acc: 62.01 (abduce 94.10)
Hit samples:  17319  Ave length:  4.92
Symbols:  14 Counter({10: 9067, 12: 8448, 11: 8274, 13: 8121, 1: 6163, 6: 5654, 2: 5204, 9: 5048, 3: 5023, 7: 4977, 5: 4942, 4: 4786, 0: 4759, 8: 4673})
Dep:  Counter({(1, 3, 1, -1, 3): 5747, (1, -1, 1): 3346, (1, -1, 3, 1, 3): 2608, (1, 3, 1, 5, 3, -1, 5): 2479, (1, 3, 1, -1, 5, 3, 5): 1009, (-1,): 1000, (1, -1, 3, 5, 3, 1, 5): 596, (1, 5, 3, 1, 3, -1, 5): 372, (1, -1, 3, 1, 5, 3, 5): 162})
Learn syntax with 17319 samples for 500 iterations, take 2 sec.
Learn perception with 17319 samples for 500 iterations, take 31 sec.
result accuracy by length:
1 ( 3%) 98.00
3 (12%) 96.92
5 (55%) 96.19
7 (29%) 91.49
result accuracy by symbol:
* (45%) 94.26
+ (45%) 93.15
- (45%) 94.69
/ (42%) 94.68
0 (23%) 95.35
1 (28%) 94.89
2 (29%) 94.26
3 (28%) 94.84
4 (28%) 92.31
5 (28%) 94.41
6 (28%) 94.40
7 (28%) 94.73
8 (27%) 95.33
9 (28%) 94.37
result accuracy by digit:
0 ( 0%) 100.00
1 ( 0%) 100.00
2 ( 0%) 100.00
3 ( 0%) 100.00
4 ( 0%) 90.00
5 ( 0%) 90.00
6 ( 0%) 100.00
7 ( 0%) 100.00
8 ( 0%) 100.00
9 ( 0%) 100.00
result accuracy by res:
0 (24%) 98.21
1 ( 9%) 95.16
2 ( 5%) 94.24
3 ( 5%) 94.48
4 ( 4%) 92.72
5 ( 4%) 92.26
6 ( 4%) 92.86
7 ( 4%) 94.04
8 ( 4%) 95.21
9 ( 4%) 93.57
val (Perception Acc=98.83, Syntax Acc=96.71, Result Acc=94.94)
Epoch time: 0m 55s
------------------------------
Epoch 20/99 (max_len=inf, data=18405)
Train acc: 66.60 (abduce 95.16)
Hit samples:  17514  Ave length:  4.93
Symbols:  14 Counter({10: 9144, 12: 8635, 11: 8323, 13: 8271, 1: 6018, 6: 5699, 2: 5322, 3: 5257, 9: 5115, 5: 5024, 7: 5019, 4: 4896, 0: 4783, 8: 4754})
Dep:  Counter({(1, 3, 1, -1, 3): 5952, (1, -1, 1): 3366, (1, 3, 1, 5, 3, -1, 5): 2630, (1, -1, 3, 1, 3): 2485, (1, 3, 1, -1, 5, 3, 5): 1017, (-1,): 1000, (1, -1, 3, 5, 3, 1, 5): 563, (1, 5, 3, 1, 3, -1, 5): 362, (1, -1, 3, 1, 5, 3, 5): 139})
Learn syntax with 17514 samples for 500 iterations, take 2 sec.
Learn perception with 17514 samples for 500 iterations, take 31 sec.
Epoch time: 0m 53s
------------------------------
Epoch 21/99 (max_len=inf, data=18405)
Train acc: 70.48 (abduce 95.86)
Hit samples:  17643  Ave length:  4.93
Symbols:  14 Counter({10: 9275, 12: 8683, 13: 8462, 11: 8253, 1: 5855, 6: 5723, 2: 5397, 5: 5230, 3: 5201, 9: 5183, 7: 5065, 4: 4966, 8: 4927, 0: 4769})
Dep:  Counter({(1, 3, 1, -1, 3): 5694, (1, -1, 1): 3370, (1, -1, 3, 1, 3): 2822, (1, 3, 1, 5, 3, -1, 5): 2439, (1, 3, 1, -1, 5, 3, 5): 1079, (-1,): 1000, (1, -1, 3, 5, 3, 1, 5): 651, (1, 5, 3, 1, 3, -1, 5): 403, (1, -1, 3, 1, 5, 3, 5): 185})
Learn syntax with 17643 samples for 500 iterations, take 3 sec.
Learn perception with 17643 samples for 500 iterations, take 32 sec.
Epoch time: 0m 53s
------------------------------
Epoch 22/99 (max_len=inf, data=18405)
Train acc: 73.24 (abduce 96.41)
Hit samples:  17744  Ave length:  4.94
Symbols:  14 Counter({10: 9317, 12: 8786, 13: 8504, 11: 8315, 1: 5950, 6: 5787, 2: 5425, 3: 5326, 5: 5267, 9: 5228, 7: 5107, 8: 4941, 4: 4939, 0: 4696})
Dep:  Counter({(1, 3, 1, -1, 3): 5794, (1, -1, 1): 3370, (1, -1, 3, 1, 3): 2776, (1, 3, 1, 5, 3, -1, 5): 2539, (1, 3, 1, -1, 5, 3, 5): 1036, (-1,): 1000, (1, -1, 3, 5, 3, 1, 5): 623, (1, 5, 3, 1, 3, -1, 5): 436, (1, -1, 3, 1, 5, 3, 5): 170})
Learn syntax with 17744 samples for 500 iterations, take 2 sec.
Learn perception with 17744 samples for 500 iterations, take 31 sec.
Epoch time: 0m 51s
------------------------------
Epoch 23/99 (max_len=inf, data=18405)
Train acc: 76.20 (abduce 97.02)
Hit samples:  17857  Ave length:  4.94
Symbols:  14 Counter({10: 9428, 12: 8843, 13: 8584, 11: 8320, 1: 5976, 6: 5800, 2: 5361, 3: 5327, 9: 5265, 5: 5256, 7: 5124, 4: 5116, 8: 5028, 0: 4779})
Dep:  Counter({(1, 3, 1, -1, 3): 5820, (1, -1, 1): 3385, (1, -1, 3, 1, 3): 2806, (1, 3, 1, 5, 3, -1, 5): 2466, (1, 3, 1, -1, 5, 3, 5): 1069, (-1,): 1000, (1, -1, 3, 5, 3, 1, 5): 645, (1, 5, 3, 1, 3, -1, 5): 476, (1, -1, 3, 1, 5, 3, 5): 190})
Learn syntax with 17857 samples for 500 iterations, take 2 sec.
Learn perception with 17857 samples for 500 iterations, take 32 sec.
Epoch time: 0m 52s
------------------------------
Epoch 24/99 (max_len=inf, data=18405)
Train acc: 79.12 (abduce 97.47)
Hit samples:  17940  Ave length:  4.94
Symbols:  14 Counter({10: 9472, 12: 8836, 13: 8628, 11: 8429, 1: 5938, 6: 5838, 2: 5394, 3: 5316, 5: 5309, 7: 5300, 9: 5294, 4: 5205, 8: 4993, 0: 4718})
Dep:  Counter({(1, 3, 1, -1, 3): 6076, (1, -1, 1): 3384, (1, 3, 1, 5, 3, -1, 5): 2641, (1, -1, 3, 1, 3): 2611, (1, 3, 1, -1, 5, 3, 5): 1047, (-1,): 1000, (1, -1, 3, 5, 3, 1, 5): 567, (1, 5, 3, 1, 3, -1, 5): 495, (1, -1, 3, 1, 5, 3, 5): 119})
Learn syntax with 17940 samples for 500 iterations, take 2 sec.
Learn perception with 17940 samples for 500 iterations, take 31 sec.
result accuracy by length:
1 ( 3%) 99.00
3 (12%) 96.15
5 (55%) 96.47
7 (29%) 94.50
result accuracy by symbol:
* (45%) 95.08
+ (45%) 94.49
- (45%) 96.67
/ (42%) 96.43
0 (23%) 97.03
1 (28%) 96.09
2 (29%) 94.69
3 (28%) 95.71
4 (28%) 94.29
5 (28%) 95.61
6 (28%) 96.05
7 (28%) 95.83
8 (27%) 96.47
9 (28%) 95.12
result accuracy by digit:
0 ( 0%) 100.00
1 ( 0%) 100.00
2 ( 0%) 100.00
3 ( 0%) 100.00
4 ( 0%) 90.00
5 ( 0%) 100.00
6 ( 0%) 100.00
7 ( 0%) 100.00
8 ( 0%) 100.00
9 ( 0%) 100.00
result accuracy by res:
0 (24%) 98.72
1 ( 9%) 97.10
2 ( 5%) 96.86
3 ( 5%) 94.48
4 ( 4%) 94.70
5 ( 4%) 96.13
6 ( 4%) 96.43
7 ( 4%) 96.69
8 ( 4%) 93.15
9 ( 4%) 95.71
val (Perception Acc=98.85, Syntax Acc=98.26, Result Acc=95.92)
Epoch time: 0m 54s
------------------------------
Epoch 25/99 (max_len=inf, data=18405)
Train acc: 82.26 (abduce 97.77)
Hit samples:  17995  Ave length:  4.95
Symbols:  14 Counter({10: 9456, 12: 8877, 13: 8722, 11: 8446, 1: 5990, 6: 5816, 9: 5392, 3: 5388, 2: 5385, 7: 5351, 5: 5316, 4: 5226, 8: 4956, 0: 4676})
Dep:  Counter({(1, 3, 1, -1, 3): 6126, (1, -1, 1): 3400, (1, 3, 1, 5, 3, -1, 5): 2731, (1, -1, 3, 1, 3): 2558, (1, 3, 1, -1, 5, 3, 5): 1059, (-1,): 1000, (1, -1, 3, 5, 3, 1, 5): 563, (1, 5, 3, 1, 3, -1, 5): 446, (1, -1, 3, 1, 5, 3, 5): 112})
Learn syntax with 17995 samples for 500 iterations, take 2 sec.
Learn perception with 17995 samples for 500 iterations, take 31 sec.
Epoch time: 0m 51s
------------------------------
Epoch 26/99 (max_len=inf, data=18405)
Train acc: 83.53 (abduce 98.21)
Hit samples:  18076  Ave length:  4.95
Symbols:  14 Counter({10: 9555, 12: 8933, 13: 8769, 11: 8458, 1: 5954, 6: 5884, 9: 5453, 3: 5401, 2: 5399, 7: 5362, 5: 5319, 4: 5278, 8: 5034, 0: 4707})
Dep:  Counter({(1, 3, 1, -1, 3): 6138, (1, -1, 1): 3393, (1, 3, 1, 5, 3, -1, 5): 2709, (1, -1, 3, 1, 3): 2589, (1, 3, 1, -1, 5, 3, 5): 1054, (-1,): 1000, (1, -1, 3, 5, 3, 1, 5): 604, (1, 5, 3, 1, 3, -1, 5): 475, (1, -1, 3, 1, 5, 3, 5): 114})
Learn syntax with 18076 samples for 500 iterations, take 2 sec.
Learn perception with 18076 samples for 500 iterations, take 32 sec.
Epoch time: 0m 51s
------------------------------
Epoch 27/99 (max_len=inf, data=18405)
Train acc: 85.16 (abduce 98.07)
Hit samples:  18050  Ave length:  4.95
Symbols:  14 Counter({10: 9570, 12: 8934, 13: 8790, 11: 8365, 6: 5855, 1: 5852, 3: 5421, 2: 5420, 9: 5402, 7: 5324, 5: 5324, 4: 5315, 8: 5080, 0: 4716})
Dep:  Counter({(1, 3, 1, -1, 3): 6042, (1, -1, 1): 3391, (1, -1, 3, 1, 3): 2667, (1, 3, 1, 5, 3, -1, 5): 2651, (1, 3, 1, -1, 5, 3, 5): 1072, (-1,): 1000, (1, -1, 3, 5, 3, 1, 5): 593, (1, 5, 3, 1, 3, -1, 5): 494, (1, -1, 3, 1, 5, 3, 5): 140})
Learn syntax with 18050 samples for 500 iterations, take 2 sec.
Learn perception with 18050 samples for 500 iterations, take 32 sec.
Epoch time: 0m 51s
------------------------------
Epoch 28/99 (max_len=inf, data=18405)
Train acc: 87.28 (abduce 98.55)
Hit samples:  18139  Ave length:  4.95
Symbols:  14 Counter({10: 9583, 12: 8985, 13: 8833, 11: 8455, 1: 5959, 6: 5928, 2: 5443, 9: 5422, 3: 5408, 5: 5370, 7: 5365, 4: 5268, 8: 5110, 0: 4722})
Dep:  Counter({(1, 3, 1, -1, 3): 6091, (1, -1, 1): 3398, (1, 3, 1, 5, 3, -1, 5): 2687, (1, -1, 3, 1, 3): 2674, (1, 3, 1, -1, 5, 3, 5): 1036, (-1,): 1000, (1, -1, 3, 5, 3, 1, 5): 592, (1, 5, 3, 1, 3, -1, 5): 520, (1, -1, 3, 1, 5, 3, 5): 141})
Learn syntax with 18139 samples for 500 iterations, take 2 sec.
Learn perception with 18139 samples for 500 iterations, take 32 sec.
Epoch time: 0m 51s
------------------------------
Epoch 29/99 (max_len=inf, data=18405)
Train acc: 88.11 (abduce 98.76)
Hit samples:  18177  Ave length:  4.96
Symbols:  14 Counter({10: 9623, 12: 8998, 13: 8868, 11: 8475, 1: 5979, 6: 5915, 9: 5464, 2: 5459, 3: 5417, 5: 5417, 7: 5414, 4: 5268, 8: 5094, 0: 4714})
Dep:  Counter({(1, 3, 1, -1, 3): 5962, (1, -1, 1): 3397, (1, -1, 3, 1, 3): 2811, (1, 3, 1, 5, 3, -1, 5): 2581, (1, 3, 1, -1, 5, 3, 5): 1107, (-1,): 1000, (1, -1, 3, 5, 3, 1, 5): 631, (1, 5, 3, 1, 3, -1, 5): 531, (1, -1, 3, 1, 5, 3, 5): 157})
Learn syntax with 18177 samples for 500 iterations, take 2 sec.
Learn perception with 18177 samples for 500 iterations, take 32 sec.
result accuracy by length:
1 ( 3%) 99.00
3 (12%) 98.21
5 (55%) 97.81
7 (29%) 95.23
result accuracy by symbol:
* (45%) 96.72
+ (45%) 96.24
- (45%) 96.80
/ (42%) 97.31
0 (23%) 97.29
1 (28%) 96.74
2 (29%) 96.28
3 (28%) 97.03
4 (28%) 96.04
5 (28%) 97.26
6 (28%) 97.37
7 (28%) 96.38
8 (27%) 97.72
9 (28%) 96.86
result accuracy by digit:
0 ( 0%) 100.00
1 ( 0%) 100.00
2 ( 0%) 100.00
3 ( 0%) 100.00
4 ( 0%) 90.00
5 ( 0%) 100.00
6 ( 0%) 100.00
7 ( 0%) 100.00
8 ( 0%) 100.00
9 ( 0%) 100.00
result accuracy by res:
0 (24%) 98.85
1 ( 9%) 97.42
2 ( 5%) 98.95
3 ( 5%) 96.32
4 ( 4%) 96.69
5 ( 4%) 95.48
6 ( 4%) 98.57
7 ( 4%) 94.70
8 ( 4%) 93.84
9 ( 4%) 98.57
val (Perception Acc=99.22, Syntax Acc=97.95, Result Acc=97.13)
Epoch time: 0m 54s
------------------------------
Epoch 30/99 (max_len=inf, data=18405)
Train acc: 88.70 (abduce 98.73)
Hit samples:  18171  Ave length:  4.96
Symbols:  14 Counter({10: 9601, 12: 8981, 13: 8904, 11: 8464, 6: 5944, 1: 5936, 9: 5459, 2: 5456, 3: 5434, 5: 5418, 7: 5396, 4: 5288, 8: 5077, 0: 4713})
Dep:  Counter({(1, 3, 1, -1, 3): 6053, (1, -1, 1): 3397, (1, -1, 3, 1, 3): 2716, (1, 3, 1, 5, 3, -1, 5): 2621, (1, 3, 1, -1, 5, 3, 5): 1083, (-1,): 1000, (1, -1, 3, 5, 3, 1, 5): 625, (1, 5, 3, 1, 3, -1, 5): 533, (1, -1, 3, 1, 5, 3, 5): 143})
Learn syntax with 18171 samples for 500 iterations, take 3 sec.
Learn perception with 18171 samples for 500 iterations, take 32 sec.
Epoch time: 0m 51s
------------------------------
Epoch 31/99 (max_len=inf, data=18405)
Train acc: 88.70 (abduce 98.77)
Hit samples:  18178  Ave length:  4.96
Symbols:  14 Counter({10: 9616, 12: 9005, 13: 8873, 11: 8461, 1: 5978, 6: 5919, 2: 5457, 5: 5449, 9: 5431, 7: 5428, 3: 5384, 4: 5291, 8: 5075, 0: 4721})
Dep:  Counter({(1, 3, 1, -1, 3): 6084, (1, -1, 1): 3402, (1, -1, 3, 1, 3): 2691, (1, 3, 1, 5, 3, -1, 5): 2600, (1, 3, 1, -1, 5, 3, 5): 1104, (-1,): 1000, (1, -1, 3, 5, 3, 1, 5): 617, (1, 5, 3, 1, 3, -1, 5): 534, (1, -1, 3, 1, 5, 3, 5): 146})
Learn syntax with 18178 samples for 500 iterations, take 2 sec.
Learn perception with 18178 samples for 500 iterations, take 32 sec.
Epoch time: 0m 51s
------------------------------
Epoch 32/99 (max_len=inf, data=18405)
Train acc: 90.00 (abduce 98.84)
Hit samples:  18191  Ave length:  4.96
Symbols:  14 Counter({10: 9619, 12: 9004, 13: 8914, 11: 8470, 1: 5976, 6: 5941, 5: 5474, 2: 5460, 9: 5453, 7: 5431, 3: 5376, 4: 5275, 8: 5106, 0: 4706})
Dep:  Counter({(1, 3, 1, -1, 3): 5998, (1, -1, 1): 3400, (1, -1, 3, 1, 3): 2768, (1, 3, 1, 5, 3, -1, 5): 2555, (1, 3, 1, -1, 5, 3, 5): 1148, (-1,): 1000, (1, -1, 3, 5, 3, 1, 5): 642, (1, 5, 3, 1, 3, -1, 5): 519, (1, -1, 3, 1, 5, 3, 5): 161})
Learn syntax with 18191 samples for 500 iterations, take 2 sec.
Learn perception with 18191 samples for 500 iterations, take 32 sec.
Epoch time: 0m 51s
------------------------------
Epoch 33/99 (max_len=inf, data=18405)
Train acc: 90.24 (abduce 98.83)
Hit samples:  18189  Ave length:  4.96
Symbols:  14 Counter({10: 9632, 12: 9017, 13: 8903, 11: 8443, 1: 5920, 6: 5918, 5: 5491, 2: 5488, 9: 5419, 7: 5395, 3: 5371, 4: 5305, 8: 5159, 0: 4718})
Dep:  Counter({(1, 3, 1, -1, 3): 5962, (1, -1, 1): 3398, (1, -1, 3, 1, 3): 2814, (1, 3, 1, 5, 3, -1, 5): 2578, (1, 3, 1, -1, 5, 3, 5): 1118, (-1,): 1000, (1, -1, 3, 5, 3, 1, 5): 636, (1, 5, 3, 1, 3, -1, 5): 534, (1, -1, 3, 1, 5, 3, 5): 149})
Learn syntax with 18189 samples for 500 iterations, take 3 sec.
Learn perception with 18189 samples for 500 iterations, take 33 sec.
Epoch time: 0m 54s
------------------------------
Epoch 34/99 (max_len=inf, data=18405)
Train acc: 90.62 (abduce 98.97)
Hit samples:  18215  Ave length:  4.96
Symbols:  14 Counter({10: 9631, 12: 9029, 13: 8921, 11: 8466, 6: 5974, 1: 5955, 5: 5492, 9: 5478, 2: 5444, 3: 5388, 7: 5359, 4: 5280, 8: 5172, 0: 4720})
Dep:  Counter({(1, 3, 1, -1, 3): 5997, (1, -1, 1): 3401, (1, -1, 3, 1, 3): 2799, (1, 3, 1, 5, 3, -1, 5): 2501, (1, 3, 1, -1, 5, 3, 5): 1143, (-1,): 1000, (1, -1, 3, 5, 3, 1, 5): 629, (1, 5, 3, 1, 3, -1, 5): 583, (1, -1, 3, 1, 5, 3, 5): 162})
Learn syntax with 18215 samples for 500 iterations, take 2 sec.
Learn perception with 18215 samples for 500 iterations, take 33 sec.
result accuracy by length:
1 ( 3%) 97.00
3 (12%) 96.92
5 (55%) 96.80
7 (29%) 94.81
result accuracy by symbol:
* (45%) 95.63
+ (45%) 95.50
- (45%) 96.19
/ (42%) 96.29
0 (23%) 96.12
1 (28%) 95.98
2 (29%) 94.79
3 (28%) 95.60
4 (28%) 94.18
5 (28%) 97.48
6 (28%) 97.26
7 (28%) 95.61
8 (27%) 96.92
9 (28%) 96.21
result accuracy by digit:
0 ( 0%) 100.00
1 ( 0%) 100.00
2 ( 0%) 100.00
3 ( 0%) 90.00
4 ( 0%) 80.00
5 ( 0%) 100.00
6 ( 0%) 100.00
7 ( 0%) 100.00
8 ( 0%) 100.00
9 ( 0%) 100.00
result accuracy by res:
0 (24%) 98.08
1 ( 9%) 97.74
2 ( 5%) 96.34
3 ( 5%) 93.25
4 ( 4%) 94.70
5 ( 4%) 94.19
6 ( 4%) 95.71
7 ( 4%) 96.03
8 ( 4%) 93.84
9 ( 4%) 96.43
val (Perception Acc=99.01, Syntax Acc=97.58, Result Acc=96.23)
Epoch time: 0m 55s
------------------------------
Epoch 35/99 (max_len=inf, data=18405)
Train acc: 90.65 (abduce 99.01)
Hit samples:  18223  Ave length:  4.96
Symbols:  14 Counter({10: 9625, 12: 9021, 13: 8939, 11: 8481, 1: 5978, 6: 5936, 9: 5524, 5: 5478, 2: 5461, 3: 5388, 7: 5386, 4: 5306, 8: 5107, 0: 4725})
Dep:  Counter({(1, 3, 1, -1, 3): 5891, (1, -1, 1): 3400, (1, -1, 3, 1, 3): 2912, (1, 3, 1, 5, 3, -1, 5): 2428, (1, 3, 1, -1, 5, 3, 5): 1169, (-1,): 1000, (1, -1, 3, 5, 3, 1, 5): 647, (1, 5, 3, 1, 3, -1, 5): 601, (1, -1, 3, 1, 5, 3, 5): 175})
Learn syntax with 18223 samples for 500 iterations, take 3 sec.
Learn perception with 18223 samples for 500 iterations, take 32 sec.
Epoch time: 0m 52s
------------------------------
Epoch 36/99 (max_len=inf, data=18405)
Train acc: 91.35 (abduce 99.09)
Hit samples:  18237  Ave length:  4.96
Symbols:  14 Counter({10: 9635, 12: 9041, 13: 8940, 11: 8500, 6: 5999, 1: 5974, 9: 5519, 5: 5471, 2: 5435, 3: 5407, 7: 5394, 4: 5295, 8: 5141, 0: 4718})
Dep:  Counter({(1, 3, 1, -1, 3): 5864, (1, -1, 1): 3399, (1, -1, 3, 1, 3): 2933, (1, 3, 1, 5, 3, -1, 5): 2359, (1, 3, 1, -1, 5, 3, 5): 1207, (-1,): 1000, (1, -1, 3, 5, 3, 1, 5): 667, (1, 5, 3, 1, 3, -1, 5): 615, (1, -1, 3, 1, 5, 3, 5): 193})
Learn syntax with 18237 samples for 500 iterations, take 2 sec.
Learn perception with 18237 samples for 500 iterations, take 32 sec.
Epoch time: 0m 52s
------------------------------
Epoch 37/99 (max_len=inf, data=18405)
Train acc: 92.38 (abduce 99.22)
Hit samples:  18262  Ave length:  4.96
Symbols:  14 Counter({10: 9652, 12: 9071, 13: 8943, 11: 8508, 6: 5969, 1: 5964, 9: 5527, 5: 5483, 2: 5470, 3: 5444, 7: 5434, 4: 5299, 8: 5137, 0: 4709})
Dep:  Counter({(1, 3, 1, -1, 3): 5903, (1, -1, 1): 3401, (1, -1, 3, 1, 3): 2907, (1, 3, 1, 5, 3, -1, 5): 2402, (1, 3, 1, -1, 5, 3, 5): 1218, (-1,): 1000, (1, -1, 3, 5, 3, 1, 5): 635, (1, 5, 3, 1, 3, -1, 5): 611, (1, -1, 3, 1, 5, 3, 5): 185})
Learn syntax with 18262 samples for 500 iterations, take 3 sec.
Learn perception with 18262 samples for 500 iterations, take 33 sec.
Epoch time: 0m 53s
------------------------------
Epoch 38/99 (max_len=inf, data=18405)
Train acc: 92.49 (abduce 99.13)
Hit samples:  18244  Ave length:  4.96
Symbols:  14 Counter({10: 9654, 12: 9042, 13: 8914, 11: 8517, 6: 5975, 1: 5931, 5: 5504, 9: 5497, 2: 5483, 7: 5436, 3: 5426, 4: 5296, 8: 5111, 0: 4712})
Dep:  Counter({(1, 3, 1, -1, 3): 5902, (1, -1, 1): 3400, (1, -1, 3, 1, 3): 2903, (1, 3, 1, 5, 3, -1, 5): 2359, (1, 3, 1, -1, 5, 3, 5): 1216, (-1,): 1000, (1, -1, 3, 5, 3, 1, 5): 637, (1, 5, 3, 1, 3, -1, 5): 629, (1, -1, 3, 1, 5, 3, 5): 198})
Learn syntax with 18244 samples for 500 iterations, take 3 sec.
Learn perception with 18244 samples for 500 iterations, take 35 sec.
Epoch time: 0m 54s
------------------------------
Epoch 39/99 (max_len=inf, data=18405)
Train acc: 93.17 (abduce 99.28)
Hit samples:  18273  Ave length:  4.96
Symbols:  14 Counter({10: 9669, 12: 9066, 13: 8949, 11: 8510, 6: 6000, 1: 5915, 9: 5515, 5: 5495, 2: 5481, 7: 5473, 3: 5470, 4: 5291, 8: 5138, 0: 4689})
Dep:  Counter({(1, 3, 1, -1, 3): 5960, (1, -1, 1): 3403, (1, -1, 3, 1, 3): 2859, (1, 3, 1, 5, 3, -1, 5): 2407, (1, 3, 1, -1, 5, 3, 5): 1222, (-1,): 1000, (1, 5, 3, 1, 3, -1, 5): 628, (1, -1, 3, 5, 3, 1, 5): 617, (1, -1, 3, 1, 5, 3, 5): 177})
Learn syntax with 18273 samples for 500 iterations, take 3 sec.
Learn perception with 18273 samples for 500 iterations, take 37 sec.
result accuracy by length:
1 ( 3%) 100.00
3 (12%) 97.18
5 (55%) 97.42
7 (29%) 95.33
result accuracy by symbol:
* (45%) 96.52
+ (45%) 95.97
- (45%) 96.80
/ (42%) 97.38
0 (23%) 96.90
1 (28%) 96.74
2 (29%) 95.32
3 (28%) 95.82
4 (28%) 96.15
5 (28%) 97.04
6 (28%) 98.02
7 (28%) 96.82
8 (27%) 97.72
9 (28%) 95.88
result accuracy by digit:
0 ( 0%) 100.00
1 ( 0%) 100.00
2 ( 0%) 100.00
3 ( 0%) 100.00
4 ( 0%) 100.00
5 ( 0%) 100.00
6 ( 0%) 100.00
7 ( 0%) 100.00
8 ( 0%) 100.00
9 ( 0%) 100.00
result accuracy by res:
0 (24%) 98.97
1 ( 9%) 98.39
2 ( 5%) 98.43
3 ( 5%) 95.09
4 ( 4%) 96.03
5 ( 4%) 95.48
6 ( 4%) 97.14
7 ( 4%) 96.03
8 ( 4%) 94.52
9 ( 4%) 97.86
val (Perception Acc=99.16, Syntax Acc=98.70, Result Acc=96.85)
Epoch time: 1m 2s
------------------------------
Epoch 40/99 (max_len=inf, data=18405)
Train acc: 93.70 (abduce 99.36)
Hit samples:  18287  Ave length:  4.96
Symbols:  14 Counter({10: 9682, 12: 9065, 13: 8954, 11: 8541, 6: 5989, 1: 5950, 9: 5521, 5: 5513, 2: 5499, 7: 5488, 3: 5436, 4: 5295, 8: 5128, 0: 4710})
Dep:  Counter({(1, 3, 1, -1, 3): 6037, (1, -1, 1): 3401, (1, -1, 3, 1, 3): 2780, (1, 3, 1, 5, 3, -1, 5): 2451, (1, 3, 1, -1, 5, 3, 5): 1209, (-1,): 1000, (1, 5, 3, 1, 3, -1, 5): 662, (1, -1, 3, 5, 3, 1, 5): 598, (1, -1, 3, 1, 5, 3, 5): 149})
Learn syntax with 18287 samples for 500 iterations, take 3 sec.
Learn perception with 18287 samples for 500 iterations, take 34 sec.
Epoch time: 0m 55s
------------------------------
Epoch 41/99 (max_len=inf, data=18405)
Train acc: 93.83 (abduce 99.28)
Hit samples:  18272  Ave length:  4.96
Symbols:  14 Counter({10: 9671, 12: 9045, 13: 8962, 11: 8513, 6: 5959, 1: 5892, 9: 5508, 5: 5486, 2: 5478, 7: 5467, 3: 5446, 4: 5366, 8: 5141, 0: 4720})
Dep:  Counter({(1, 3, 1, -1, 3): 6038, (1, -1, 1): 3402, (1, -1, 3, 1, 3): 2783, (1, 3, 1, 5, 3, -1, 5): 2395, (1, 3, 1, -1, 5, 3, 5): 1230, (-1,): 1000, (1, 5, 3, 1, 3, -1, 5): 656, (1, -1, 3, 5, 3, 1, 5): 606, (1, -1, 3, 1, 5, 3, 5): 162})
Learn syntax with 18272 samples for 500 iterations, take 3 sec.
Learn perception with 18272 samples for 500 iterations, take 33 sec.
Epoch time: 0m 52s
------------------------------
Epoch 42/99 (max_len=inf, data=18405)
Train acc: 93.88 (abduce 99.34)
Hit samples:  18283  Ave length:  4.96
Symbols:  14 Counter({10: 9703, 12: 9060, 13: 8960, 11: 8507, 6: 5958, 1: 5871, 5: 5514, 9: 5505, 2: 5499, 7: 5455, 3: 5428, 4: 5394, 8: 5170, 0: 4719})
Dep:  Counter({(1, 3, 1, -1, 3): 5970, (1, -1, 1): 3400, (1, -1, 3, 1, 3): 2849, (1, 3, 1, 5, 3, -1, 5): 2401, (1, 3, 1, -1, 5, 3, 5): 1220, (-1,): 1000, (1, 5, 3, 1, 3, -1, 5): 679, (1, -1, 3, 5, 3, 1, 5): 601, (1, -1, 3, 1, 5, 3, 5): 163})
Learn syntax with 18283 samples for 500 iterations, take 3 sec.
Learn perception with 18283 samples for 500 iterations, take 33 sec.
Epoch time: 0m 53s
------------------------------
Epoch 43/99 (max_len=inf, data=18405)
Train acc: 94.37 (abduce 99.37)
Hit samples:  18289  Ave length:  4.96
Symbols:  14 Counter({10: 9698, 12: 9049, 13: 8960, 11: 8529, 6: 5955, 1: 5893, 9: 5535, 5: 5497, 2: 5496, 7: 5452, 3: 5436, 4: 5393, 8: 5164, 0: 4704})
Dep:  Counter({(1, 3, 1, -1, 3): 6069, (1, -1, 1): 3402, (1, -1, 3, 1, 3): 2758, (1, 3, 1, 5, 3, -1, 5): 2481, (1, 3, 1, -1, 5, 3, 5): 1159, (-1,): 1000, (1, 5, 3, 1, 3, -1, 5): 648, (1, -1, 3, 5, 3, 1, 5): 602, (1, -1, 3, 1, 5, 3, 5): 170})
Learn syntax with 18289 samples for 500 iterations, take 3 sec.
Learn perception with 18289 samples for 500 iterations, take 34 sec.
Epoch time: 0m 53s
------------------------------
Epoch 44/99 (max_len=inf, data=18405)
Train acc: 94.35 (abduce 99.44)
Hit samples:  18302  Ave length:  4.96
Symbols:  14 Counter({10: 9677, 12: 9066, 13: 8965, 11: 8562, 6: 5989, 1: 5891, 9: 5551, 5: 5520, 2: 5509, 3: 5463, 7: 5446, 4: 5380, 8: 5135, 0: 4688})
Dep:  Counter({(1, 3, 1, -1, 3): 6083, (1, -1, 1): 3404, (1, -1, 3, 1, 3): 2745, (1, 3, 1, 5, 3, -1, 5): 2494, (1, 3, 1, -1, 5, 3, 5): 1161, (-1,): 1000, (1, 5, 3, 1, 3, -1, 5): 629, (1, -1, 3, 5, 3, 1, 5): 603, (1, -1, 3, 1, 5, 3, 5): 183})
Learn syntax with 18302 samples for 500 iterations, take 3 sec.
Learn perception with 18302 samples for 500 iterations, take 34 sec.
result accuracy by length:
1 ( 3%) 100.00
3 (12%) 97.18
5 (55%) 96.64
7 (29%) 95.12
result accuracy by symbol:
* (45%) 95.97
+ (45%) 94.62
- (45%) 96.87
/ (42%) 96.87
0 (23%) 96.64
1 (28%) 95.98
2 (29%) 95.32
3 (28%) 96.26
4 (28%) 94.51
5 (28%) 96.93
6 (28%) 97.04
7 (28%) 96.05
8 (27%) 97.61
9 (28%) 95.45
result accuracy by digit:
0 ( 0%) 100.00
1 ( 0%) 100.00
2 ( 0%) 100.00
3 ( 0%) 100.00
4 ( 0%) 100.00
5 ( 0%) 100.00
6 ( 0%) 100.00
7 ( 0%) 100.00
8 ( 0%) 100.00
9 ( 0%) 100.00
result accuracy by res:
0 (24%) 98.85
1 ( 9%) 97.74
2 ( 5%) 96.34
3 ( 5%) 95.09
4 ( 4%) 96.03
5 ( 4%) 95.48
6 ( 4%) 96.43
7 ( 4%) 95.36
8 ( 4%) 93.84
9 ( 4%) 97.14
val (Perception Acc=99.06, Syntax Acc=99.03, Result Acc=96.36)
Epoch time: 0m 57s
------------------------------
Epoch 45/99 (max_len=inf, data=18405)
Train acc: 94.63 (abduce 99.39)
Hit samples:  18292  Ave length:  4.96
Symbols:  14 Counter({10: 9686, 12: 9045, 13: 8948, 11: 8562, 6: 5996, 1: 5890, 9: 5531, 2: 5500, 7: 5477, 5: 5470, 3: 5441, 4: 5378, 8: 5152, 0: 4698})
Dep:  Counter({(1, 3, 1, -1, 3): 6060, (1, -1, 1): 3402, (1, -1, 3, 1, 3): 2771, (1, 3, 1, 5, 3, -1, 5): 2482, (1, 3, 1, -1, 5, 3, 5): 1180, (-1,): 1000, (1, 5, 3, 1, 3, -1, 5): 628, (1, -1, 3, 5, 3, 1, 5): 598, (1, -1, 3, 1, 5, 3, 5): 171})
Learn syntax with 18292 samples for 500 iterations, take 3 sec.
Learn perception with 18292 samples for 500 iterations, take 34 sec.
Epoch time: 0m 54s
------------------------------
Epoch 46/99 (max_len=inf, data=18405)
Train acc: 94.76 (abduce 99.48)
Hit samples:  18309  Ave length:  4.96
Symbols:  14 Counter({10: 9692, 12: 9065, 13: 8971, 11: 8562, 6: 5983, 1: 5872, 9: 5524, 2: 5495, 7: 5493, 5: 5482, 3: 5459, 4: 5364, 8: 5199, 0: 4728})
Dep:  Counter({(1, 3, 1, -1, 3): 6154, (1, -1, 1): 3402, (1, -1, 3, 1, 3): 2679, (1, 3, 1, 5, 3, -1, 5): 2498, (1, 3, 1, -1, 5, 3, 5): 1192, (-1,): 1000, (1, 5, 3, 1, 3, -1, 5): 646, (1, -1, 3, 5, 3, 1, 5): 595, (1, -1, 3, 1, 5, 3, 5): 143})
Learn syntax with 18309 samples for 500 iterations, take 3 sec.
Learn perception with 18309 samples for 500 iterations, take 37 sec.
Epoch time: 0m 59s
------------------------------
Epoch 47/99 (max_len=inf, data=18405)
Train acc: 94.68 (abduce 99.47)
Hit samples:  18308  Ave length:  4.96
Symbols:  14 Counter({10: 9673, 12: 9070, 13: 8988, 11: 8554, 6: 5999, 1: 5836, 9: 5535, 2: 5504, 5: 5503, 7: 5500, 3: 5487, 4: 5349, 8: 5170, 0: 4710})
Dep:  Counter({(1, 3, 1, -1, 3): 6187, (1, -1, 1): 3403, (1, -1, 3, 1, 3): 2646, (1, 3, 1, 5, 3, -1, 5): 2517, (1, 3, 1, -1, 5, 3, 5): 1150, (-1,): 1000, (1, 5, 3, 1, 3, -1, 5): 652, (1, -1, 3, 5, 3, 1, 5): 587, (1, -1, 3, 1, 5, 3, 5): 166})
Learn syntax with 18308 samples for 500 iterations, take 3 sec.
Learn perception with 18308 samples for 500 iterations, take 36 sec.
Epoch time: 0m 57s
------------------------------
Epoch 48/99 (max_len=inf, data=18405)
Train acc: 94.64 (abduce 99.48)
Hit samples:  18309  Ave length:  4.96
Symbols:  14 Counter({10: 9694, 12: 9077, 13: 8992, 11: 8528, 6: 5991, 1: 5895, 9: 5557, 5: 5508, 7: 5503, 2: 5488, 3: 5457, 4: 5346, 8: 5139, 0: 4716})
Dep:  Counter({(1, 3, 1, -1, 3): 6162, (1, -1, 1): 3402, (1, -1, 3, 1, 3): 2670, (1, 3, 1, 5, 3, -1, 5): 2481, (1, 3, 1, -1, 5, 3, 5): 1151, (-1,): 1000, (1, 5, 3, 1, 3, -1, 5): 687, (1, -1, 3, 5, 3, 1, 5): 574, (1, -1, 3, 1, 5, 3, 5): 182})
Learn syntax with 18309 samples for 500 iterations, take 3 sec.
Learn perception with 18309 samples for 500 iterations, take 33 sec.
Epoch time: 0m 53s
------------------------------
Epoch 49/99 (max_len=inf, data=18405)
Train acc: 94.41 (abduce 99.30)
Hit samples:  18276  Ave length:  4.96
Symbols:  14 Counter({10: 9677, 12: 9054, 13: 8966, 11: 8502, 6: 5992, 1: 5869, 9: 5531, 5: 5503, 7: 5498, 2: 5454, 3: 5447, 4: 5339, 8: 5138, 0: 4704})
Dep:  Counter({(1, 3, 1, -1, 3): 6132, (1, -1, 1): 3402, (1, -1, 3, 1, 3): 2693, (1, 3, 1, 5, 3, -1, 5): 2499, (1, 3, 1, -1, 5, 3, 5): 1125, (-1,): 1000, (1, 5, 3, 1, 3, -1, 5): 665, (1, -1, 3, 5, 3, 1, 5): 552, (1, -1, 3, 1, 5, 3, 5): 208})
Learn syntax with 18276 samples for 500 iterations, take 3 sec.
Learn perception with 18276 samples for 500 iterations, take 33 sec.
result accuracy by length:
1 ( 3%) 98.00
3 (12%) 97.18
5 (55%) 97.03
7 (29%) 95.54
result accuracy by symbol:
* (45%) 96.11
+ (45%) 95.56
- (45%) 97.28
/ (42%) 97.01
0 (23%) 97.80
1 (28%) 96.41
2 (29%) 96.17
3 (28%) 95.93
4 (28%) 95.05
5 (28%) 96.71
6 (28%) 97.48
7 (28%) 96.27
8 (27%) 97.38
9 (28%) 95.67
result accuracy by digit:
0 ( 0%) 100.00
1 ( 0%) 100.00
2 ( 0%) 100.00
3 ( 0%) 90.00
4 ( 0%) 90.00
5 ( 0%) 100.00
6 ( 0%) 100.00
7 ( 0%) 100.00
8 ( 0%) 100.00
9 ( 0%) 100.00
result accuracy by res:
0 (24%) 98.85
1 ( 9%) 99.03
2 ( 5%) 96.86
3 ( 5%) 94.48
4 ( 4%) 95.36
5 ( 4%) 96.13
6 ( 4%) 97.86
7 ( 4%) 97.35
8 ( 4%) 95.21
9 ( 4%) 97.86
val (Perception Acc=99.13, Syntax Acc=98.85, Result Acc=96.63)
Epoch time: 0m 56s
------------------------------
Epoch 50/99 (max_len=inf, data=18405)
Train acc: 95.03 (abduce 99.36)
Hit samples:  18288  Ave length:  4.96
Symbols:  14 Counter({10: 9680, 12: 9054, 13: 8982, 11: 8527, 6: 5994, 1: 5872, 9: 5521, 5: 5511, 7: 5489, 2: 5474, 3: 5443, 4: 5348, 8: 5162, 0: 4717})
Dep:  Counter({(1, 3, 1, -1, 3): 6138, (1, -1, 1): 3396, (1, -1, 3, 1, 3): 2691, (1, 3, 1, 5, 3, -1, 5): 2535, (1, 3, 1, -1, 5, 3, 5): 1126, (-1,): 1000, (1, 5, 3, 1, 3, -1, 5): 655, (1, -1, 3, 5, 3, 1, 5): 573, (1, -1, 3, 1, 5, 3, 5): 174})
Learn syntax with 18288 samples for 500 iterations, take 3 sec.
Learn perception with 18288 samples for 500 iterations, take 33 sec.
Epoch time: 0m 53s
------------------------------
Epoch 51/99 (max_len=inf, data=18405)
Train acc: 95.12 (abduce 99.50)
Hit samples:  18313  Ave length:  4.96
Symbols:  14 Counter({10: 9682, 12: 9078, 13: 8985, 11: 8550, 6: 5999, 1: 5894, 9: 5538, 5: 5534, 7: 5498, 2: 5494, 3: 5446, 4: 5341, 8: 5157, 0: 4707})
Dep:  Counter({(1, 3, 1, -1, 3): 6185, (1, -1, 1): 3404, (1, -1, 3, 1, 3): 2651, (1, 3, 1, 5, 3, -1, 5): 2493, (1, 3, 1, -1, 5, 3, 5): 1173, (-1,): 1000, (1, 5, 3, 1, 3, -1, 5): 673, (1, -1, 3, 5, 3, 1, 5): 560, (1, -1, 3, 1, 5, 3, 5): 174})
Learn syntax with 18313 samples for 500 iterations, take 2 sec.
Learn perception with 18313 samples for 500 iterations, take 33 sec.
Epoch time: 0m 51s
------------------------------
Epoch 52/99 (max_len=inf, data=18405)
Train acc: 95.48 (abduce 99.55)
Hit samples:  18323  Ave length:  4.96
Symbols:  14 Counter({10: 9681, 12: 9090, 13: 8997, 11: 8556, 6: 5983, 1: 5883, 9: 5551, 5: 5544, 2: 5503, 7: 5502, 3: 5462, 4: 5342, 8: 5165, 0: 4712})
Dep:  Counter({(1, 3, 1, -1, 3): 6230, (1, -1, 1): 3401, (1, -1, 3, 1, 3): 2613, (1, 3, 1, 5, 3, -1, 5): 2611, (1, 3, 1, -1, 5, 3, 5): 1129, (-1,): 1000, (1, 5, 3, 1, 3, -1, 5): 662, (1, -1, 3, 5, 3, 1, 5): 533, (1, -1, 3, 1, 5, 3, 5): 144})
Learn syntax with 18323 samples for 500 iterations, take 3 sec.
Learn perception with 18323 samples for 500 iterations, take 33 sec.
Epoch time: 0m 52s
------------------------------
Epoch 53/99 (max_len=inf, data=18405)
Train acc: 95.39 (abduce 99.57)
Hit samples:  18325  Ave length:  4.96
Symbols:  14 Counter({10: 9700, 12: 9079, 13: 8991, 11: 8550, 6: 5993, 1: 5865, 9: 5540, 5: 5528, 7: 5520, 2: 5513, 3: 5452, 4: 5356, 8: 5165, 0: 4713})
Dep:  Counter({(1, 3, 1, -1, 3): 6270, (1, -1, 1): 3405, (1, 3, 1, 5, 3, -1, 5): 2636, (1, -1, 3, 1, 3): 2575, (1, 3, 1, -1, 5, 3, 5): 1128, (-1,): 1000, (1, 5, 3, 1, 3, -1, 5): 627, (1, -1, 3, 5, 3, 1, 5): 544, (1, -1, 3, 1, 5, 3, 5): 140})
Learn syntax with 18325 samples for 500 iterations, take 3 sec.
Learn perception with 18325 samples for 500 iterations, take 33 sec.
Epoch time: 0m 52s
------------------------------
Epoch 54/99 (max_len=inf, data=18405)
Train acc: 95.50 (abduce 99.58)
Hit samples:  18328  Ave length:  4.96
Symbols:  14 Counter({10: 9687, 12: 9091, 13: 8992, 11: 8564, 6: 5992, 1: 5856, 9: 5519, 5: 5517, 7: 5513, 2: 5513, 3: 5494, 4: 5369, 8: 5177, 0: 4712})
Dep:  Counter({(1, 3, 1, -1, 3): 6163, (1, -1, 1): 3402, (1, -1, 3, 1, 3): 2683, (1, 3, 1, 5, 3, -1, 5): 2573, (1, 3, 1, -1, 5, 3, 5): 1173, (-1,): 1000, (1, 5, 3, 1, 3, -1, 5): 617, (1, -1, 3, 5, 3, 1, 5): 573, (1, -1, 3, 1, 5, 3, 5): 144})
Learn syntax with 18328 samples for 500 iterations, take 3 sec.
Learn perception with 18328 samples for 500 iterations, take 33 sec.
result accuracy by length:
1 ( 3%) 98.00
3 (12%) 97.18
5 (55%) 96.97
7 (29%) 95.33
result accuracy by symbol:
* (45%) 96.11
+ (45%) 95.50
- (45%) 97.01
/ (42%) 96.80
0 (23%) 97.67
1 (28%) 96.09
2 (29%) 95.86
3 (28%) 95.38
4 (28%) 95.16
5 (28%) 96.93
6 (28%) 97.37
7 (28%) 96.71
8 (27%) 97.49
9 (28%) 95.34
result accuracy by digit:
0 ( 0%) 100.00
1 ( 0%) 100.00
2 ( 0%) 100.00
3 ( 0%) 90.00
4 ( 0%) 90.00
5 ( 0%) 100.00
6 ( 0%) 100.00
7 ( 0%) 100.00
8 ( 0%) 100.00
9 ( 0%) 100.00
result accuracy by res:
0 (24%) 98.97
1 ( 9%) 97.42
2 ( 5%) 97.38
3 ( 5%) 93.25
4 ( 4%) 96.03
5 ( 4%) 95.48
6 ( 4%) 96.43
7 ( 4%) 98.01
8 ( 4%) 93.84
9 ( 4%) 97.86
val (Perception Acc=99.10, Syntax Acc=99.10, Result Acc=96.54)
Epoch time: 0m 56s
------------------------------
Epoch 55/99 (max_len=inf, data=18405)
Train acc: 95.74 (abduce 99.60)
Hit samples:  18332  Ave length:  4.96
Symbols:  14 Counter({10: 9696, 12: 9084, 13: 8997, 11: 8562, 6: 5983, 1: 5879, 9: 5553, 5: 5517, 7: 5506, 2: 5506, 3: 5463, 4: 5372, 8: 5182, 0: 4710})
Dep:  Counter({(1, 3, 1, -1, 3): 6157, (1, -1, 1): 3402, (1, -1, 3, 1, 3): 2696, (1, 3, 1, 5, 3, -1, 5): 2500, (1, 3, 1, -1, 5, 3, 5): 1209, (-1,): 1000, (1, 5, 3, 1, 3, -1, 5): 644, (1, -1, 3, 5, 3, 1, 5): 572, (1, -1, 3, 1, 5, 3, 5): 152})
Learn syntax with 18332 samples for 500 iterations, take 3 sec.
Learn perception with 18332 samples for 500 iterations, take 33 sec.
Epoch time: 0m 53s
------------------------------
Epoch 56/99 (max_len=inf, data=18405)
Train acc: 95.84 (abduce 99.57)
Hit samples:  18325  Ave length:  4.96
Symbols:  14 Counter({10: 9710, 12: 9058, 13: 8992, 11: 8558, 6: 6003, 1: 5888, 9: 5520, 7: 5511, 5: 5502, 2: 5487, 3: 5483, 4: 5366, 8: 5168, 0: 4715})
Dep:  Counter({(1, 3, 1, -1, 3): 6145, (1, -1, 1): 3405, (1, -1, 3, 1, 3): 2702, (1, 3, 1, 5, 3, -1, 5): 2495, (1, 3, 1, -1, 5, 3, 5): 1183, (-1,): 1000, (1, 5, 3, 1, 3, -1, 5): 650, (1, -1, 3, 5, 3, 1, 5): 589, (1, -1, 3, 1, 5, 3, 5): 156})
Learn syntax with 18325 samples for 500 iterations, take 2 sec.
Learn perception with 18325 samples for 500 iterations, take 32 sec.
Epoch time: 0m 51s
------------------------------
Epoch 57/99 (max_len=inf, data=18405)
Train acc: 95.83 (abduce 99.54)
Hit samples:  18320  Ave length:  4.96
Symbols:  14 Counter({10: 9680, 12: 9075, 13: 8982, 11: 8578, 6: 6013, 1: 5905, 9: 5548, 5: 5509, 7: 5487, 2: 5481, 3: 5453, 4: 5353, 8: 5173, 0: 4713})
Dep:  Counter({(1, 3, 1, -1, 3): 6171, (1, -1, 1): 3400, (1, -1, 3, 1, 3): 2674, (1, 3, 1, 5, 3, -1, 5): 2561, (1, 3, 1, -1, 5, 3, 5): 1165, (-1,): 1000, (1, 5, 3, 1, 3, -1, 5): 629, (1, -1, 3, 5, 3, 1, 5): 578, (1, -1, 3, 1, 5, 3, 5): 142})
Learn syntax with 18320 samples for 500 iterations, take 3 sec.
Learn perception with 18320 samples for 500 iterations, take 33 sec.
Epoch time: 0m 53s
------------------------------
Epoch 58/99 (max_len=inf, data=18405)
Train acc: 96.22 (abduce 99.54)
Hit samples:  18321  Ave length:  4.96
Symbols:  14 Counter({10: 9704, 12: 9072, 13: 8978, 11: 8562, 6: 5997, 1: 5903, 9: 5544, 5: 5499, 7: 5499, 2: 5465, 3: 5433, 4: 5377, 8: 5200, 0: 4720})
Dep:  Counter({(1, 3, 1, -1, 3): 6205, (1, -1, 1): 3400, (1, -1, 3, 1, 3): 2642, (1, 3, 1, 5, 3, -1, 5): 2560, (1, 3, 1, -1, 5, 3, 5): 1174, (-1,): 1000, (1, 5, 3, 1, 3, -1, 5): 614, (1, -1, 3, 5, 3, 1, 5): 581, (1, -1, 3, 1, 5, 3, 5): 145})
Learn syntax with 18321 samples for 500 iterations, take 3 sec.
Learn perception with 18321 samples for 500 iterations, take 33 sec.
Epoch time: 0m 52s
------------------------------
Epoch 59/99 (max_len=inf, data=18405)
Train acc: 96.17 (abduce 99.70)
Hit samples:  18350  Ave length:  4.97
Symbols:  14 Counter({10: 9715, 12: 9104, 13: 9004, 11: 8568, 6: 6002, 1: 5894, 9: 5564, 7: 5530, 5: 5528, 2: 5501, 3: 5443, 4: 5362, 8: 5194, 0: 4723})
Dep:  Counter({(1, 3, 1, -1, 3): 6178, (1, -1, 1): 3403, (1, -1, 3, 1, 3): 2675, (1, 3, 1, 5, 3, -1, 5): 2556, (1, 3, 1, -1, 5, 3, 5): 1173, (-1,): 1000, (1, 5, 3, 1, 3, -1, 5): 631, (1, -1, 3, 5, 3, 1, 5): 597, (1, -1, 3, 1, 5, 3, 5): 137})
Learn syntax with 18350 samples for 500 iterations, take 3 sec.
Learn perception with 18350 samples for 500 iterations, take 33 sec.
result accuracy by length:
1 ( 3%) 98.00
3 (12%) 96.92
5 (55%) 96.75
7 (29%) 95.54
result accuracy by symbol:
* (45%) 96.52
+ (45%) 95.09
- (45%) 97.07
/ (42%) 96.65
0 (23%) 97.42
1 (28%) 95.76
2 (29%) 95.86
3 (28%) 96.15
4 (28%) 95.16
5 (28%) 96.71
6 (28%) 97.37
7 (28%) 96.16
8 (27%) 97.61
9 (28%) 95.23
result accuracy by digit:
0 ( 0%) 100.00
1 ( 0%) 100.00
2 ( 0%) 100.00
3 ( 0%) 90.00
4 ( 0%) 90.00
5 ( 0%) 100.00
6 ( 0%) 100.00
7 ( 0%) 100.00
8 ( 0%) 100.00
9 ( 0%) 100.00
result accuracy by res:
0 (24%) 98.85
1 ( 9%) 97.42
2 ( 5%) 96.86
3 ( 5%) 94.48
4 ( 4%) 95.36
5 ( 4%) 96.13
6 ( 4%) 95.00
7 ( 4%) 96.69
8 ( 4%) 93.15
9 ( 4%) 97.14
val (Perception Acc=99.05, Syntax Acc=98.99, Result Acc=96.45)
Epoch time: 0m 55s
------------------------------
Epoch 60/99 (max_len=inf, data=18405)
Train acc: 96.13 (abduce 99.65)
Hit samples:  18341  Ave length:  4.97
Symbols:  14 Counter({10: 9713, 12: 9092, 13: 8991, 11: 8568, 6: 6004, 1: 5889, 9: 5571, 5: 5522, 7: 5507, 2: 5495, 3: 5438, 4: 5376, 8: 5174, 0: 4729})
Dep:  Counter({(1, 3, 1, -1, 3): 6252, (1, -1, 1): 3403, (1, -1, 3, 1, 3): 2601, (1, 3, 1, 5, 3, -1, 5): 2550, (1, 3, 1, -1, 5, 3, 5): 1168, (-1,): 1000, (1, 5, 3, 1, 3, -1, 5): 672, (1, -1, 3, 5, 3, 1, 5): 552, (1, -1, 3, 1, 5, 3, 5): 143})
Learn syntax with 18341 samples for 500 iterations, take 3 sec.
Learn perception with 18341 samples for 500 iterations, take 33 sec.
Epoch time: 0m 53s
------------------------------
Epoch 61/99 (max_len=inf, data=18405)
Train acc: 96.36 (abduce 99.56)
Hit samples:  18324  Ave length:  4.96
Symbols:  14 Counter({10: 9719, 12: 9069, 13: 8977, 11: 8562, 6: 6000, 1: 5887, 9: 5577, 7: 5514, 5: 5508, 2: 5473, 3: 5436, 4: 5387, 8: 5157, 0: 4712})
Dep:  Counter({(1, 3, 1, -1, 3): 6214, (1, -1, 1): 3402, (1, -1, 3, 1, 3): 2627, (1, 3, 1, 5, 3, -1, 5): 2554, (1, 3, 1, -1, 5, 3, 5): 1188, (-1,): 1000, (1, 5, 3, 1, 3, -1, 5): 664, (1, -1, 3, 5, 3, 1, 5): 533, (1, -1, 3, 1, 5, 3, 5): 142})
Learn syntax with 18324 samples for 500 iterations, take 3 sec.
Learn perception with 18324 samples for 500 iterations, take 33 sec.
Epoch time: 0m 53s
------------------------------
Epoch 62/99 (max_len=inf, data=18405)
Train acc: 96.18 (abduce 99.60)
Hit samples:  18332  Ave length:  4.96
Symbols:  14 Counter({10: 9708, 12: 9057, 13: 8995, 11: 8581, 6: 6042, 1: 5885, 9: 5582, 7: 5522, 5: 5514, 2: 5473, 3: 5446, 4: 5372, 8: 5130, 0: 4707})
Dep:  Counter({(1, 3, 1, -1, 3): 6275, (1, -1, 1): 3405, (1, 3, 1, 5, 3, -1, 5): 2588, (1, -1, 3, 1, 3): 2570, (1, 3, 1, -1, 5, 3, 5): 1206, (-1,): 1000, (1, 5, 3, 1, 3, -1, 5): 621, (1, -1, 3, 5, 3, 1, 5): 541, (1, -1, 3, 1, 5, 3, 5): 126})
Learn syntax with 18332 samples for 500 iterations, take 3 sec.
Learn perception with 18332 samples for 500 iterations, take 36 sec.
Epoch time: 0m 56s
------------------------------
Epoch 63/99 (max_len=inf, data=18405)
Train acc: 96.38 (abduce 99.66)
Hit samples:  18342  Ave length:  4.97
Symbols:  14 Counter({10: 9721, 12: 9086, 13: 9006, 11: 8561, 6: 6021, 1: 5890, 9: 5564, 7: 5553, 5: 5522, 2: 5490, 3: 5439, 4: 5365, 8: 5159, 0: 4713})
Dep:  Counter({(1, 3, 1, -1, 3): 6280, (1, -1, 1): 3403, (1, 3, 1, 5, 3, -1, 5): 2623, (1, -1, 3, 1, 3): 2566, (1, 3, 1, -1, 5, 3, 5): 1161, (-1,): 1000, (1, 5, 3, 1, 3, -1, 5): 615, (1, -1, 3, 5, 3, 1, 5): 550, (1, -1, 3, 1, 5, 3, 5): 144})
Learn syntax with 18342 samples for 500 iterations, take 3 sec.
Learn perception with 18342 samples for 500 iterations, take 33 sec.
Epoch time: 0m 53s
------------------------------
Epoch 64/99 (max_len=inf, data=18405)
Train acc: 96.41 (abduce 99.70)
Hit samples:  18350  Ave length:  4.97
Symbols:  14 Counter({10: 9720, 12: 9095, 13: 9010, 11: 8563, 6: 6014, 1: 5910, 5: 5565, 9: 5556, 7: 5534, 2: 5466, 3: 5456, 4: 5369, 8: 5161, 0: 4707})
Dep:  Counter({(1, 3, 1, -1, 3): 6228, (1, -1, 1): 3405, (1, -1, 3, 1, 3): 2624, (1, 3, 1, 5, 3, -1, 5): 2520, (1, 3, 1, -1, 5, 3, 5): 1189, (-1,): 1000, (1, 5, 3, 1, 3, -1, 5): 645, (1, -1, 3, 5, 3, 1, 5): 584, (1, -1, 3, 1, 5, 3, 5): 155})
Learn syntax with 18350 samples for 500 iterations, take 3 sec.
Learn perception with 18350 samples for 500 iterations, take 33 sec.
result accuracy by length:
1 ( 3%) 99.00
3 (12%) 97.69
5 (55%) 97.37
7 (29%) 95.95
result accuracy by symbol:
* (45%) 96.79
+ (45%) 95.90
- (45%) 97.55
/ (42%) 97.38
0 (23%) 97.80
1 (28%) 96.41
2 (29%) 96.49
3 (28%) 96.48
4 (28%) 95.27
5 (28%) 97.48
6 (28%) 97.04
7 (28%) 97.59
8 (27%) 98.52
9 (28%) 96.21
result accuracy by digit:
0 ( 0%) 100.00
1 ( 0%) 100.00
2 ( 0%) 100.00
3 ( 0%) 100.00
4 ( 0%) 90.00
5 ( 0%) 100.00
6 ( 0%) 100.00
7 ( 0%) 100.00
8 ( 0%) 100.00
9 ( 0%) 100.00
result accuracy by res:
0 (24%) 99.23
1 ( 9%) 98.06
2 ( 5%) 97.91
3 ( 5%) 95.09
4 ( 4%) 94.70
5 ( 4%) 96.13
6 ( 4%) 97.14
7 ( 4%) 97.35
8 ( 4%) 93.84
9 ( 4%) 99.29
val (Perception Acc=99.18, Syntax Acc=99.05, Result Acc=97.04)
Epoch time: 0m 55s
------------------------------
Epoch 65/99 (max_len=inf, data=18405)
Train acc: 96.20 (abduce 99.57)
Hit samples:  18326  Ave length:  4.96
Symbols:  14 Counter({10: 9691, 12: 9075, 13: 9000, 11: 8559, 6: 6000, 1: 5904, 9: 5565, 5: 5536, 7: 5519, 2: 5462, 3: 5437, 4: 5363, 8: 5153, 0: 4712})
Dep:  Counter({(1, 3, 1, -1, 3): 6195, (1, -1, 1): 3402, (1, -1, 3, 1, 3): 2654, (1, 3, 1, 5, 3, -1, 5): 2509, (1, 3, 1, -1, 5, 3, 5): 1179, (-1,): 1000, (1, 5, 3, 1, 3, -1, 5): 646, (1, -1, 3, 5, 3, 1, 5): 586, (1, -1, 3, 1, 5, 3, 5): 155})
Learn syntax with 18326 samples for 500 iterations, take 3 sec.
Learn perception with 18326 samples for 500 iterations, take 33 sec.
Epoch time: 0m 53s
------------------------------
Epoch 66/99 (max_len=inf, data=18405)
Train acc: 96.37 (abduce 99.64)
Hit samples:  18339  Ave length:  4.97
Symbols:  14 Counter({10: 9706, 12: 9094, 13: 8999, 11: 8562, 6: 5996, 1: 5891, 9: 5561, 5: 5551, 7: 5518, 2: 5489, 3: 5450, 4: 5359, 8: 5173, 0: 4712})
Dep:  Counter({(1, 3, 1, -1, 3): 6131, (1, -1, 1): 3403, (1, -1, 3, 1, 3): 2719, (1, 3, 1, 5, 3, -1, 5): 2448, (1, 3, 1, -1, 5, 3, 5): 1211, (-1,): 1000, (1, 5, 3, 1, 3, -1, 5): 663, (1, -1, 3, 5, 3, 1, 5): 579, (1, -1, 3, 1, 5, 3, 5): 185})
Learn syntax with 18339 samples for 500 iterations, take 2 sec.
Learn perception with 18339 samples for 500 iterations, take 32 sec.
Epoch time: 0m 52s
------------------------------
Epoch 67/99 (max_len=inf, data=18405)
Train acc: 96.27 (abduce 99.60)
Hit samples:  18331  Ave length:  4.97
Symbols:  14 Counter({10: 9696, 12: 9067, 13: 9005, 11: 8574, 6: 5959, 1: 5872, 9: 5571, 5: 5524, 2: 5518, 7: 5518, 3: 5446, 4: 5373, 8: 5175, 0: 4717})
Dep:  Counter({(1, 3, 1, -1, 3): 6133, (1, -1, 1): 3402, (1, -1, 3, 1, 3): 2714, (1, 3, 1, 5, 3, -1, 5): 2489, (1, 3, 1, -1, 5, 3, 5): 1197, (-1,): 1000, (1, 5, 3, 1, 3, -1, 5): 639, (1, -1, 3, 5, 3, 1, 5): 579, (1, -1, 3, 1, 5, 3, 5): 177, (1, 3, 1, -1, 6, 6, 3): 1})
Learn syntax with 18331 samples for 500 iterations, take 2 sec.
Learn perception with 18331 samples for 500 iterations, take 35 sec.
Epoch time: 0m 54s
------------------------------
Epoch 68/99 (max_len=inf, data=18405)
Train acc: 96.18 (abduce 99.63)
Hit samples:  18336  Ave length:  4.96
Symbols:  14 Counter({10: 9706, 12: 9069, 13: 9007, 11: 8565, 6: 5979, 1: 5896, 5: 5544, 9: 5540, 2: 5508, 7: 5497, 3: 5441, 4: 5374, 8: 5199, 0: 4705})
Dep:  Counter({(1, 3, 1, -1, 3): 6069, (1, -1, 1): 3405, (1, -1, 3, 1, 3): 2782, (1, 3, 1, 5, 3, -1, 5): 2441, (1, 3, 1, -1, 5, 3, 5): 1221, (-1,): 1000, (1, 5, 3, 1, 3, -1, 5): 629, (1, -1, 3, 5, 3, 1, 5): 617, (1, -1, 3, 1, 5, 3, 5): 172})
Learn syntax with 18336 samples for 500 iterations, take 3 sec.
Learn perception with 18336 samples for 500 iterations, take 37 sec.
Epoch time: 0m 58s
------------------------------
Epoch 69/99 (max_len=inf, data=18405)
Train acc: 96.53 (abduce 99.63)
Hit samples:  18336  Ave length:  4.96
Symbols:  14 Counter({10: 9699, 12: 9076, 13: 9011, 11: 8561, 6: 5988, 1: 5891, 9: 5546, 5: 5534, 7: 5520, 2: 5502, 3: 5451, 4: 5373, 8: 5172, 0: 4706})
Dep:  Counter({(1, 3, 1, -1, 3): 6097, (1, -1, 1): 3403, (1, -1, 3, 1, 3): 2758, (1, 3, 1, 5, 3, -1, 5): 2413, (1, 3, 1, -1, 5, 3, 5): 1222, (-1,): 1000, (1, 5, 3, 1, 3, -1, 5): 667, (1, -1, 3, 5, 3, 1, 5): 600, (1, -1, 3, 1, 5, 3, 5): 176})
Learn syntax with 18336 samples for 500 iterations, take 3 sec.
Learn perception with 18336 samples for 500 iterations, take 39 sec.
result accuracy by length:
1 ( 3%) 99.00
3 (12%) 97.95
5 (55%) 97.25
7 (29%) 95.95
result accuracy by symbol:
* (45%) 96.65
+ (45%) 95.90
- (45%) 97.89
/ (42%) 97.09
0 (23%) 97.80
1 (28%) 96.30
2 (29%) 96.28
3 (28%) 96.37
4 (28%) 95.16
5 (28%) 97.48
6 (28%) 97.91
7 (28%) 97.04
8 (27%) 98.29
9 (28%) 95.99
result accuracy by digit:
0 ( 0%) 100.00
1 ( 0%) 100.00
2 ( 0%) 100.00
3 ( 0%) 100.00
4 ( 0%) 90.00
5 ( 0%) 100.00
6 ( 0%) 100.00
7 ( 0%) 100.00
8 ( 0%) 100.00
9 ( 0%) 100.00
result accuracy by res:
0 (24%) 98.97
1 ( 9%) 97.42
2 ( 5%) 98.43
3 ( 5%) 95.09
4 ( 4%) 96.03
5 ( 4%) 96.13
6 ( 4%) 98.57
7 ( 4%) 98.01
8 ( 4%) 94.52
9 ( 4%) 99.29
val (Perception Acc=99.24, Syntax Acc=99.10, Result Acc=97.00)
Epoch time: 1m 3s
------------------------------
Epoch 70/99 (max_len=inf, data=18405)
Train acc: 96.40 (abduce 99.64)
Hit samples:  18339  Ave length:  4.97
Symbols:  14 Counter({10: 9707, 12: 9067, 13: 9007, 11: 8582, 6: 6005, 1: 5910, 9: 5547, 5: 5534, 2: 5503, 7: 5485, 3: 5457, 4: 5374, 8: 5172, 0: 4715})
Dep:  Counter({(1, 3, 1, -1, 3): 6208, (1, -1, 1): 3402, (1, -1, 3, 1, 3): 2641, (1, 3, 1, 5, 3, -1, 5): 2548, (1, 3, 1, -1, 5, 3, 5): 1166, (-1,): 1000, (1, 5, 3, 1, 3, -1, 5): 655, (1, -1, 3, 5, 3, 1, 5): 565, (1, -1, 3, 1, 5, 3, 5): 153, (4, 3, 3, 4, -1): 1})
Learn syntax with 18339 samples for 500 iterations, take 3 sec.
Learn perception with 18339 samples for 500 iterations, take 33 sec.
Epoch time: 0m 52s
------------------------------
Epoch 71/99 (max_len=inf, data=18405)
Train acc: 96.55 (abduce 99.68)
Hit samples:  18347  Ave length:  4.97
Symbols:  14 Counter({10: 9704, 12: 9077, 13: 9020, 11: 8579, 6: 6007, 1: 5904, 9: 5568, 5: 5538, 2: 5502, 7: 5491, 3: 5475, 4: 5362, 8: 5183, 0: 4697})
Dep:  Counter({(1, 3, 1, -1, 3): 6246, (1, -1, 1): 3403, (1, -1, 3, 1, 3): 2609, (1, 3, 1, 5, 3, -1, 5): 2569, (1, 3, 1, -1, 5, 3, 5): 1199, (-1,): 1000, (1, 5, 3, 1, 3, -1, 5): 644, (1, -1, 3, 5, 3, 1, 5): 545, (1, -1, 3, 1, 5, 3, 5): 132})
Learn syntax with 18347 samples for 500 iterations, take 3 sec.
Learn perception with 18347 samples for 500 iterations, take 33 sec.
Epoch time: 0m 53s
------------------------------
Epoch 72/99 (max_len=inf, data=18405)
Train acc: 96.85 (abduce 99.82)
Hit samples:  18371  Ave length:  4.97
Symbols:  14 Counter({10: 9729, 12: 9101, 13: 9027, 11: 8589, 6: 6027, 1: 5900, 9: 5586, 5: 5530, 7: 5517, 2: 5492, 3: 5468, 4: 5386, 8: 5194, 0: 4717})
Dep:  Counter({(1, 3, 1, -1, 3): 6157, (1, -1, 1): 3404, (1, -1, 3, 1, 3): 2702, (1, 3, 1, 5, 3, -1, 5): 2563, (1, 3, 1, -1, 5, 3, 5): 1185, (-1,): 1000, (1, 5, 3, 1, 3, -1, 5): 645, (1, -1, 3, 5, 3, 1, 5): 577, (1, -1, 3, 1, 5, 3, 5): 138})
Learn syntax with 18371 samples for 500 iterations, take 2 sec.
Learn perception with 18371 samples for 500 iterations, take 33 sec.
Epoch time: 0m 53s
------------------------------
Epoch 73/99 (max_len=inf, data=18405)
Train acc: 96.93 (abduce 99.75)
Hit samples:  18359  Ave length:  4.97
Symbols:  14 Counter({10: 9714, 12: 9096, 13: 9021, 11: 8577, 6: 6011, 1: 5890, 9: 5573, 5: 5536, 7: 5514, 3: 5490, 2: 5482, 4: 5377, 8: 5172, 0: 4722})
Dep:  Counter({(1, 3, 1, -1, 3): 6157, (1, -1, 1): 3405, (1, -1, 3, 1, 3): 2702, (1, 3, 1, 5, 3, -1, 5): 2564, (1, 3, 1, -1, 5, 3, 5): 1185, (-1,): 1000, (1, 5, 3, 1, 3, -1, 5): 644, (1, -1, 3, 5, 3, 1, 5): 562, (1, -1, 3, 1, 5, 3, 5): 140})
Learn syntax with 18359 samples for 500 iterations, take 3 sec.
Learn perception with 18359 samples for 500 iterations, take 33 sec.
Epoch time: 0m 52s
------------------------------
Epoch 74/99 (max_len=inf, data=18405)
Train acc: 96.95 (abduce 99.77)
Hit samples:  18363  Ave length:  4.97
Symbols:  14 Counter({10: 9723, 12: 9108, 13: 9027, 11: 8562, 6: 6002, 1: 5864, 9: 5585, 5: 5534, 7: 5511, 2: 5501, 3: 5495, 4: 5395, 8: 5176, 0: 4720})
Dep:  Counter({(1, 3, 1, -1, 3): 6224, (1, -1, 1): 3405, (1, -1, 3, 1, 3): 2635, (1, 3, 1, 5, 3, -1, 5): 2538, (1, 3, 1, -1, 5, 3, 5): 1189, (-1,): 1000, (1, 5, 3, 1, 3, -1, 5): 637, (1, -1, 3, 5, 3, 1, 5): 585, (1, -1, 3, 1, 5, 3, 5): 150})
Learn syntax with 18363 samples for 500 iterations, take 3 sec.
Learn perception with 18363 samples for 500 iterations, take 33 sec.
result accuracy by length:
1 ( 3%) 98.00
3 (12%) 97.44
5 (55%) 96.47
7 (29%) 95.44
result accuracy by symbol:
* (45%) 95.63
+ (45%) 95.23
- (45%) 97.28
/ (42%) 96.58
0 (23%) 97.16
1 (28%) 95.33
2 (29%) 95.86
3 (28%) 96.04
4 (28%) 93.52
5 (28%) 96.82
6 (28%) 97.69
7 (28%) 96.49
8 (27%) 97.72
9 (28%) 95.56
result accuracy by digit:
0 ( 0%) 100.00
1 ( 0%) 100.00
2 ( 0%) 100.00
3 ( 0%) 100.00
4 ( 0%) 80.00
5 ( 0%) 100.00
6 ( 0%) 100.00
7 ( 0%) 100.00
8 ( 0%) 100.00
9 ( 0%) 100.00
result accuracy by res:
0 (24%) 98.46
1 ( 9%) 97.42
2 ( 5%) 95.81
3 ( 5%) 94.48
4 ( 4%) 94.04
5 ( 4%) 96.13
6 ( 4%) 96.43
7 ( 4%) 96.69
8 ( 4%) 94.52
9 ( 4%) 99.29
val (Perception Acc=99.04, Syntax Acc=99.20, Result Acc=96.32)
Epoch time: 0m 55s
------------------------------
Epoch 75/99 (max_len=inf, data=18405)
Train acc: 97.25 (abduce 99.73)
Hit samples:  18356  Ave length:  4.97
Symbols:  14 Counter({10: 9710, 12: 9098, 13: 9017, 11: 8577, 6: 6007, 1: 5881, 9: 5599, 5: 5524, 7: 5511, 2: 5504, 3: 5486, 4: 5374, 8: 5160, 0: 4712})
Dep:  Counter({(1, 3, 1, -1, 3): 6225, (1, -1, 1): 3404, (1, -1, 3, 1, 3): 2633, (1, 3, 1, 5, 3, -1, 5): 2565, (1, 3, 1, -1, 5, 3, 5): 1180, (-1,): 1000, (1, 5, 3, 1, 3, -1, 5): 625, (1, -1, 3, 5, 3, 1, 5): 574, (1, -1, 3, 1, 5, 3, 5): 150})
Learn syntax with 18356 samples for 500 iterations, take 3 sec.
Learn perception with 18356 samples for 500 iterations, take 37 sec.
Epoch time: 0m 58s
------------------------------
Epoch 76/99 (max_len=inf, data=18405)
Train acc: 97.23 (abduce 99.73)
Hit samples:  18356  Ave length:  4.97
Symbols:  14 Counter({10: 9717, 12: 9102, 13: 9014, 11: 8571, 6: 6006, 1: 5882, 9: 5587, 5: 5523, 7: 5514, 2: 5507, 3: 5469, 4: 5386, 8: 5165, 0: 4721})
Dep:  Counter({(1, 3, 1, -1, 3): 6249, (1, -1, 1): 3403, (1, -1, 3, 1, 3): 2609, (1, 3, 1, 5, 3, -1, 5): 2558, (1, 3, 1, -1, 5, 3, 5): 1172, (-1,): 1000, (1, 5, 3, 1, 3, -1, 5): 644, (1, -1, 3, 5, 3, 1, 5): 587, (1, -1, 3, 1, 5, 3, 5): 134})
Learn syntax with 18356 samples for 500 iterations, take 3 sec.
Learn perception with 18356 samples for 500 iterations, take 37 sec.
Epoch time: 0m 58s
------------------------------
Epoch 77/99 (max_len=inf, data=18405)
Train acc: 96.91 (abduce 99.72)
Hit samples:  18354  Ave length:  4.97
Symbols:  14 Counter({10: 9726, 12: 9100, 13: 9017, 11: 8552, 6: 6015, 1: 5862, 9: 5569, 5: 5536, 7: 5521, 2: 5496, 3: 5483, 4: 5381, 8: 5173, 0: 4713})
Dep:  Counter({(1, 3, 1, -1, 3): 6223, (1, -1, 1): 3405, (1, -1, 3, 1, 3): 2634, (1, 3, 1, 5, 3, -1, 5): 2573, (1, 3, 1, -1, 5, 3, 5): 1200, (-1,): 1000, (1, 5, 3, 1, 3, -1, 5): 610, (1, -1, 3, 5, 3, 1, 5): 557, (1, -1, 3, 1, 5, 3, 5): 152})
Learn syntax with 18354 samples for 500 iterations, take 3 sec.
Learn perception with 18354 samples for 500 iterations, take 35 sec.
Epoch time: 0m 56s
------------------------------
Epoch 78/99 (max_len=inf, data=18405)
Train acc: 96.57 (abduce 99.71)
Hit samples:  18352  Ave length:  4.97
Symbols:  14 Counter({10: 9696, 12: 9112, 13: 9020, 11: 8570, 6: 6012, 1: 5848, 9: 5560, 5: 5551, 7: 5515, 3: 5502, 2: 5484, 4: 5394, 8: 5172, 0: 4712})
Dep:  Counter({(1, 3, 1, -1, 3): 6150, (1, -1, 1): 3402, (1, -1, 3, 1, 3): 2704, (1, 3, 1, 5, 3, -1, 5): 2536, (1, 3, 1, -1, 5, 3, 5): 1214, (-1,): 1000, (1, 5, 3, 1, 3, -1, 5): 631, (1, -1, 3, 5, 3, 1, 5): 555, (1, -1, 3, 1, 5, 3, 5): 160})
Learn syntax with 18352 samples for 500 iterations, take 2 sec.
Learn perception with 18352 samples for 500 iterations, take 33 sec.
Epoch time: 0m 51s
------------------------------
Epoch 79/99 (max_len=inf, data=18405)
Train acc: 96.60 (abduce 99.66)
Hit samples:  18342  Ave length:  4.97
Symbols:  14 Counter({10: 9684, 12: 9107, 13: 9003, 11: 8574, 6: 5997, 1: 5874, 5: 5558, 9: 5555, 2: 5507, 7: 5492, 3: 5484, 4: 5388, 8: 5148, 0: 4707})
Dep:  Counter({(1, 3, 1, -1, 3): 6152, (1, -1, 1): 3404, (1, -1, 3, 1, 3): 2698, (1, 3, 1, 5, 3, -1, 5): 2471, (1, 3, 1, -1, 5, 3, 5): 1219, (-1,): 1000, (1, 5, 3, 1, 3, -1, 5): 658, (1, -1, 3, 5, 3, 1, 5): 557, (1, -1, 3, 1, 5, 3, 5): 183})
Learn syntax with 18342 samples for 500 iterations, take 3 sec.
Learn perception with 18342 samples for 500 iterations, take 32 sec.
result accuracy by length:
1 ( 3%) 99.00
3 (12%) 97.69
5 (55%) 96.86
7 (29%) 95.64
result accuracy by symbol:
* (45%) 96.45
+ (45%) 95.50
- (45%) 97.21
/ (42%) 96.72
0 (23%) 97.67
1 (28%) 95.98
2 (29%) 96.28
3 (28%) 96.26
4 (28%) 94.62
5 (28%) 97.26
6 (28%) 97.69
7 (28%) 96.60
8 (27%) 97.72
9 (28%) 95.67
result accuracy by digit:
0 ( 0%) 100.00
1 ( 0%) 100.00
2 ( 0%) 100.00
3 ( 0%) 100.00
4 ( 0%) 90.00
5 ( 0%) 100.00
6 ( 0%) 100.00
7 ( 0%) 100.00
8 ( 0%) 100.00
9 ( 0%) 100.00
result accuracy by res:
0 (24%) 98.85
1 ( 9%) 97.42
2 ( 5%) 96.34
3 ( 5%) 94.48
4 ( 4%) 95.36
5 ( 4%) 96.13
6 ( 4%) 97.86
7 ( 4%) 96.69
8 ( 4%) 94.52
9 ( 4%) 99.29
val (Perception Acc=99.16, Syntax Acc=99.10, Result Acc=96.66)
Epoch time: 0m 55s
------------------------------
Epoch 80/99 (max_len=inf, data=18405)
Train acc: 96.11 (abduce 99.63)
Hit samples:  18336  Ave length:  4.97
Symbols:  14 Counter({10: 9687, 12: 9102, 13: 8981, 11: 8582, 6: 5998, 1: 5874, 9: 5559, 5: 5547, 7: 5504, 2: 5490, 3: 5466, 4: 5385, 8: 5149, 0: 4716})
Dep:  Counter({(1, 3, 1, -1, 3): 6030, (1, -1, 1): 3402, (1, -1, 3, 1, 3): 2822, (1, 3, 1, 5, 3, -1, 5): 2390, (1, 3, 1, -1, 5, 3, 5): 1264, (-1,): 1000, (1, 5, 3, 1, 3, -1, 5): 626, (1, -1, 3, 5, 3, 1, 5): 605, (1, -1, 3, 1, 5, 3, 5): 197})
Learn syntax with 18336 samples for 500 iterations, take 3 sec.
Learn perception with 18336 samples for 500 iterations, take 33 sec.
Epoch time: 0m 52s
------------------------------
Epoch 81/99 (max_len=inf, data=18405)
Train acc: 96.63 (abduce 99.70)
Hit samples:  18350  Ave length:  4.97
Symbols:  14 Counter({10: 9703, 12: 9107, 13: 9010, 11: 8566, 6: 6006, 1: 5874, 9: 5557, 5: 5532, 7: 5514, 2: 5494, 3: 5489, 4: 5382, 8: 5172, 0: 4716})
Dep:  Counter({(1, 3, 1, -1, 3): 6012, (1, -1, 1): 3404, (1, -1, 3, 1, 3): 2844, (1, 3, 1, 5, 3, -1, 5): 2380, (1, 3, 1, -1, 5, 3, 5): 1260, (-1,): 1000, (1, 5, 3, 1, 3, -1, 5): 640, (1, -1, 3, 5, 3, 1, 5): 601, (1, -1, 3, 1, 5, 3, 5): 209})
Learn syntax with 18350 samples for 500 iterations, take 3 sec.
Learn perception with 18350 samples for 500 iterations, take 35 sec.
Epoch time: 0m 54s
------------------------------
Epoch 82/99 (max_len=inf, data=18405)
Train acc: 96.43 (abduce 99.68)
Hit samples:  18346  Ave length:  4.97
Symbols:  14 Counter({10: 9702, 12: 9093, 13: 9000, 11: 8576, 6: 5996, 1: 5867, 5: 5562, 9: 5552, 7: 5507, 2: 5489, 3: 5465, 4: 5387, 8: 5169, 0: 4723})
Dep:  Counter({(1, 3, 1, -1, 3): 6094, (1, -1, 1): 3404, (1, -1, 3, 1, 3): 2765, (1, 3, 1, 5, 3, -1, 5): 2417, (1, 3, 1, -1, 5, 3, 5): 1252, (-1,): 1000, (1, 5, 3, 1, 3, -1, 5): 647, (1, -1, 3, 5, 3, 1, 5): 585, (1, -1, 3, 1, 5, 3, 5): 182})
Learn syntax with 18346 samples for 500 iterations, take 2 sec.
Learn perception with 18346 samples for 500 iterations, take 32 sec.
Epoch time: 0m 52s
------------------------------
Epoch 83/99 (max_len=inf, data=18405)
Train acc: 96.73 (abduce 99.65)
Hit samples:  18341  Ave length:  4.97
Symbols:  14 Counter({10: 9711, 12: 9081, 13: 9007, 11: 8567, 6: 6016, 1: 5873, 9: 5550, 5: 5538, 7: 5501, 2: 5480, 3: 5454, 4: 5386, 8: 5177, 0: 4732})
Dep:  Counter({(1, 3, 1, -1, 3): 6077, (1, -1, 1): 3405, (1, -1, 3, 1, 3): 2770, (1, 3, 1, 5, 3, -1, 5): 2448, (1, 3, 1, -1, 5, 3, 5): 1257, (-1,): 1000, (1, 5, 3, 1, 3, -1, 5): 620, (1, -1, 3, 5, 3, 1, 5): 587, (1, -1, 3, 1, 5, 3, 5): 177})
Learn syntax with 18341 samples for 500 iterations, take 3 sec.
Learn perception with 18341 samples for 500 iterations, take 33 sec.
Epoch time: 0m 52s
------------------------------
Epoch 84/99 (max_len=inf, data=18405)
Train acc: 96.67 (abduce 99.65)
Hit samples:  18340  Ave length:  4.96
Symbols:  14 Counter({10: 9709, 12: 9085, 13: 9007, 11: 8555, 6: 6012, 1: 5890, 5: 5543, 9: 5539, 7: 5513, 2: 5482, 3: 5461, 4: 5377, 8: 5150, 0: 4729})
Dep:  Counter({(1, 3, 1, -1, 3): 6099, (1, -1, 1): 3405, (1, -1, 3, 1, 3): 2755, (1, 3, 1, 5, 3, -1, 5): 2470, (1, 3, 1, -1, 5, 3, 5): 1235, (-1,): 1000, (1, 5, 3, 1, 3, -1, 5): 615, (1, -1, 3, 5, 3, 1, 5): 596, (1, -1, 3, 1, 5, 3, 5): 165})
Learn syntax with 18340 samples for 500 iterations, take 3 sec.
Learn perception with 18340 samples for 500 iterations, take 32 sec.
result accuracy by length:
1 ( 3%) 99.00
3 (12%) 97.69
5 (55%) 97.48
7 (29%) 96.37
result accuracy by symbol:
* (45%) 96.79
+ (45%) 96.24
- (45%) 97.76
/ (42%) 97.38
0 (23%) 98.06
1 (28%) 96.74
2 (29%) 96.71
3 (28%) 96.92
4 (28%) 95.16
5 (28%) 97.92
6 (28%) 97.91
7 (28%) 97.48
8 (27%) 98.18
9 (28%) 96.53
result accuracy by digit:
0 ( 0%) 100.00
1 ( 0%) 100.00
2 ( 0%) 100.00
3 ( 0%) 100.00
4 ( 0%) 90.00
5 ( 0%) 100.00
6 ( 0%) 100.00
7 ( 0%) 100.00
8 ( 0%) 100.00
9 ( 0%) 100.00
result accuracy by res:
0 (24%) 98.72
1 ( 9%) 98.06
2 ( 5%) 97.38
3 ( 5%) 96.32
4 ( 4%) 96.03
5 ( 4%) 96.77
6 ( 4%) 97.86
7 ( 4%) 98.01
8 ( 4%) 95.89
9 ( 4%) 99.29
val (Perception Acc=99.23, Syntax Acc=99.15, Result Acc=97.22)
Epoch time: 0m 54s
------------------------------
Epoch 85/99 (max_len=inf, data=18405)
Train acc: 96.59 (abduce 99.75)
Hit samples:  18359  Ave length:  4.97
Symbols:  14 Counter({10: 9721, 12: 9105, 13: 9024, 11: 8562, 6: 6023, 1: 5889, 9: 5562, 5: 5552, 2: 5519, 7: 5514, 3: 5482, 4: 5361, 8: 5148, 0: 4721})
Dep:  Counter({(1, 3, 1, -1, 3): 6057, (1, -1, 1): 3403, (1, -1, 3, 1, 3): 2802, (1, 3, 1, 5, 3, -1, 5): 2428, (1, 3, 1, -1, 5, 3, 5): 1253, (-1,): 1000, (1, 5, 3, 1, 3, -1, 5): 635, (1, -1, 3, 5, 3, 1, 5): 587, (1, -1, 3, 1, 5, 3, 5): 194})
Learn syntax with 18359 samples for 500 iterations, take 3 sec.
Learn perception with 18359 samples for 500 iterations, take 32 sec.
Epoch time: 0m 52s
------------------------------
Epoch 86/99 (max_len=inf, data=18405)
Train acc: 96.48 (abduce 99.61)
Hit samples:  18333  Ave length:  4.97
Symbols:  14 Counter({10: 9706, 12: 9072, 13: 9004, 11: 8570, 6: 6015, 1: 5878, 9: 5576, 5: 5567, 2: 5493, 7: 5487, 3: 5473, 4: 5348, 8: 5139, 0: 4709})
Dep:  Counter({(1, 3, 1, -1, 3): 5938, (1, -1, 1): 3399, (1, -1, 3, 1, 3): 2911, (1, 3, 1, 5, 3, -1, 5): 2379, (1, 3, 1, -1, 5, 3, 5): 1271, (-1,): 1000, (1, 5, 3, 1, 3, -1, 5): 637, (1, -1, 3, 5, 3, 1, 5): 598, (1, -1, 3, 1, 5, 3, 5): 200})
Learn syntax with 18333 samples for 500 iterations, take 3 sec.
Learn perception with 18333 samples for 500 iterations, take 32 sec.
Epoch time: 0m 51s
------------------------------
Epoch 87/99 (max_len=inf, data=18405)
Train acc: 96.21 (abduce 99.66)
Hit samples:  18342  Ave length:  4.97
Symbols:  14 Counter({10: 9712, 12: 9086, 13: 9016, 11: 8554, 6: 6017, 1: 5875, 9: 5587, 5: 5570, 7: 5504, 2: 5500, 3: 5446, 4: 5353, 8: 5157, 0: 4701})
Dep:  Counter({(1, 3, 1, -1, 3): 5963, (1, -1, 1): 3403, (1, -1, 3, 1, 3): 2889, (1, 3, 1, 5, 3, -1, 5): 2435, (1, 3, 1, -1, 5, 3, 5): 1217, (-1,): 1000, (1, 5, 3, 1, 3, -1, 5): 630, (1, -1, 3, 5, 3, 1, 5): 589, (1, -1, 3, 1, 5, 3, 5): 216})
Learn syntax with 18342 samples for 500 iterations, take 3 sec.
Learn perception with 18342 samples for 500 iterations, take 32 sec.
Epoch time: 0m 52s
------------------------------
Epoch 88/99 (max_len=inf, data=18405)
Train acc: 96.31 (abduce 99.63)
Hit samples:  18337  Ave length:  4.97
Symbols:  14 Counter({10: 9714, 12: 9086, 13: 9022, 11: 8547, 6: 6016, 1: 5872, 9: 5571, 5: 5545, 2: 5527, 7: 5509, 3: 5436, 4: 5375, 8: 5144, 0: 4711})
Dep:  Counter({(1, 3, 1, -1, 3): 5886, (1, -1, 1): 3402, (1, -1, 3, 1, 3): 2952, (1, 3, 1, 5, 3, -1, 5): 2350, (1, 3, 1, -1, 5, 3, 5): 1236, (-1,): 1000, (1, 5, 3, 1, 3, -1, 5): 664, (1, -1, 3, 5, 3, 1, 5): 601, (1, -1, 3, 1, 5, 3, 5): 246})
Learn syntax with 18337 samples for 500 iterations, take 3 sec.
Learn perception with 18337 samples for 500 iterations, take 33 sec.
Epoch time: 0m 53s
------------------------------
Epoch 89/99 (max_len=inf, data=18405)
Train acc: 96.27 (abduce 99.58)
Hit samples:  18327  Ave length:  4.96
Symbols:  14 Counter({10: 9721, 12: 9071, 13: 9008, 11: 8526, 6: 6011, 1: 5875, 9: 5577, 5: 5530, 2: 5507, 7: 5501, 3: 5431, 4: 5379, 8: 5140, 0: 4702})
Dep:  Counter({(1, 3, 1, -1, 3): 5902, (1, -1, 1): 3401, (1, -1, 3, 1, 3): 2950, (1, 3, 1, 5, 3, -1, 5): 2401, (1, 3, 1, -1, 5, 3, 5): 1221, (-1,): 1000, (1, 5, 3, 1, 3, -1, 5): 635, (1, -1, 3, 5, 3, 1, 5): 588, (1, -1, 3, 1, 5, 3, 5): 228, (1, -1, 4, 4, 1): 1})
Learn syntax with 18327 samples for 500 iterations, take 3 sec.
Learn perception with 18327 samples for 500 iterations, take 33 sec.
result accuracy by length:
1 ( 3%) 99.00
3 (12%) 97.44
5 (55%) 96.69
7 (29%) 95.44
result accuracy by symbol:
* (45%) 95.90
+ (45%) 94.89
- (45%) 97.07
/ (42%) 97.01
0 (23%) 97.42
1 (28%) 95.76
2 (29%) 95.75
3 (28%) 96.15
4 (28%) 93.96
5 (28%) 96.27
6 (28%) 97.69
7 (28%) 96.93
8 (27%) 97.27
9 (28%) 96.10
result accuracy by digit:
0 ( 0%) 100.00
1 ( 0%) 100.00
2 ( 0%) 100.00
3 ( 0%) 100.00
4 ( 0%) 90.00
5 ( 0%) 100.00
6 ( 0%) 100.00
7 ( 0%) 100.00
8 ( 0%) 100.00
9 ( 0%) 100.00
result accuracy by res:
0 (24%) 98.85
1 ( 9%) 97.74
2 ( 5%) 95.29
3 ( 5%) 95.09
4 ( 4%) 94.70
5 ( 4%) 97.42
6 ( 4%) 96.43
7 ( 4%) 96.03
8 ( 4%) 95.21
9 ( 4%) 99.29
val (Perception Acc=99.07, Syntax Acc=99.09, Result Acc=96.48)
Epoch time: 0m 56s
------------------------------
Epoch 90/99 (max_len=inf, data=18405)
Train acc: 96.15 (abduce 99.63)
Hit samples:  18337  Ave length:  4.97
Symbols:  14 Counter({10: 9698, 12: 9096, 13: 9004, 11: 8563, 6: 6021, 1: 5859, 9: 5593, 5: 5550, 2: 5534, 7: 5490, 3: 5454, 4: 5335, 8: 5155, 0: 4707})
Dep:  Counter({(1, 3, 1, -1, 3): 5909, (1, -1, 1): 3399, (1, -1, 3, 1, 3): 2943, (1, 3, 1, 5, 3, -1, 5): 2368, (1, 3, 1, -1, 5, 3, 5): 1225, (-1,): 1000, (1, 5, 3, 1, 3, -1, 5): 673, (1, -1, 3, 5, 3, 1, 5): 594, (1, -1, 3, 1, 5, 3, 5): 226})
Learn syntax with 18337 samples for 500 iterations, take 2 sec.
Learn perception with 18337 samples for 500 iterations, take 34 sec.
Epoch time: 0m 53s
------------------------------
Epoch 91/99 (max_len=inf, data=18405)
Train acc: 96.05 (abduce 99.66)
Hit samples:  18342  Ave length:  4.97
Symbols:  14 Counter({10: 9688, 12: 9094, 13: 9020, 11: 8570, 6: 6008, 1: 5864, 9: 5592, 5: 5542, 2: 5531, 7: 5486, 3: 5474, 4: 5353, 8: 5149, 0: 4715})
Dep:  Counter({(1, 3, 1, -1, 3): 5925, (1, -1, 1): 3405, (1, -1, 3, 1, 3): 2919, (1, 3, 1, 5, 3, -1, 5): 2349, (1, 3, 1, -1, 5, 3, 5): 1231, (-1,): 1000, (1, 5, 3, 1, 3, -1, 5): 685, (1, -1, 3, 5, 3, 1, 5): 581, (1, -1, 3, 1, 5, 3, 5): 247})
Learn syntax with 18342 samples for 500 iterations, take 3 sec.
Learn perception with 18342 samples for 500 iterations, take 32 sec.
Epoch time: 0m 52s
------------------------------
Epoch 92/99 (max_len=inf, data=18405)
Train acc: 96.17 (abduce 99.65)
Hit samples:  18340  Ave length:  4.97
Symbols:  14 Counter({10: 9697, 12: 9107, 13: 9006, 11: 8556, 6: 6012, 1: 5856, 9: 5583, 5: 5565, 2: 5533, 7: 5498, 3: 5450, 4: 5360, 8: 5142, 0: 4707})
Dep:  Counter({(1, 3, 1, -1, 3): 6014, (1, -1, 1): 3404, (1, -1, 3, 1, 3): 2832, (1, 3, 1, 5, 3, -1, 5): 2379, (1, 3, 1, -1, 5, 3, 5): 1240, (-1,): 1000, (1, 5, 3, 1, 3, -1, 5): 657, (1, -1, 3, 5, 3, 1, 5): 595, (1, -1, 3, 1, 5, 3, 5): 219})
Learn syntax with 18340 samples for 500 iterations, take 3 sec.
Learn perception with 18340 samples for 500 iterations, take 33 sec.
Epoch time: 0m 53s
------------------------------
Epoch 93/99 (max_len=inf, data=18405)
Train acc: 96.53 (abduce 99.71)
Hit samples:  18352  Ave length:  4.97
Symbols:  14 Counter({10: 9707, 12: 9100, 13: 9043, 11: 8545, 6: 6014, 1: 5865, 9: 5579, 5: 5561, 2: 5540, 7: 5510, 3: 5440, 4: 5356, 8: 5157, 0: 4725})
Dep:  Counter({(1, 3, 1, -1, 3): 5927, (1, -1, 1): 3405, (1, -1, 3, 1, 3): 2924, (1, 3, 1, 5, 3, -1, 5): 2316, (1, 3, 1, -1, 5, 3, 5): 1273, (-1,): 1000, (1, 5, 3, 1, 3, -1, 5): 667, (1, -1, 3, 5, 3, 1, 5): 611, (1, -1, 3, 1, 5, 3, 5): 229})
Learn syntax with 18352 samples for 500 iterations, take 3 sec.
Learn perception with 18352 samples for 500 iterations, take 33 sec.
Epoch time: 0m 53s
------------------------------
Epoch 94/99 (max_len=inf, data=18405)
Train acc: 96.18 (abduce 99.61)
Hit samples:  18334  Ave length:  4.97
Symbols:  14 Counter({10: 9703, 12: 9089, 13: 9014, 11: 8557, 6: 5977, 1: 5871, 9: 5583, 5: 5568, 2: 5544, 7: 5513, 3: 5439, 4: 5338, 8: 5153, 0: 4711})
Dep:  Counter({(1, 3, 1, -1, 3): 5905, (1, -1, 1): 3401, (1, -1, 3, 1, 3): 2932, (1, 3, 1, 5, 3, -1, 5): 2317, (1, 3, 1, -1, 5, 3, 5): 1236, (-1,): 1000, (1, 5, 3, 1, 3, -1, 5): 671, (1, -1, 3, 5, 3, 1, 5): 618, (1, -1, 3, 1, 5, 3, 5): 254})
Learn syntax with 18334 samples for 500 iterations, take 3 sec.
Learn perception with 18334 samples for 500 iterations, take 33 sec.
result accuracy by length:
1 ( 3%) 99.00
3 (12%) 96.92
5 (55%) 96.69
7 (29%) 95.33
result accuracy by symbol:
* (45%) 96.04
+ (45%) 94.96
- (45%) 97.01
/ (42%) 96.65
0 (23%) 97.67
1 (28%) 95.65
2 (29%) 95.86
3 (28%) 96.15
4 (28%) 94.51
5 (28%) 96.05
6 (28%) 96.93
7 (28%) 96.27
8 (27%) 97.61
9 (28%) 96.10
result accuracy by digit:
0 ( 0%) 100.00
1 ( 0%) 100.00
2 ( 0%) 100.00
3 ( 0%) 100.00
4 ( 0%) 90.00
5 ( 0%) 100.00
6 ( 0%) 100.00
7 ( 0%) 100.00
8 ( 0%) 100.00
9 ( 0%) 100.00
result accuracy by res:
0 (24%) 98.85
1 ( 9%) 98.06
2 ( 5%) 95.29
3 ( 5%) 95.09
4 ( 4%) 92.72
5 ( 4%) 96.13
6 ( 4%) 95.71
7 ( 4%) 97.35
8 ( 4%) 94.52
9 ( 4%) 99.29
val (Perception Acc=99.01, Syntax Acc=98.41, Result Acc=96.39)
Epoch time: 0m 56s
------------------------------
Epoch 95/99 (max_len=inf, data=18405)
Train acc: 96.63 (abduce 99.68)
Hit samples:  18347  Ave length:  4.97
Symbols:  14 Counter({10: 9709, 12: 9094, 13: 9018, 11: 8557, 6: 6002, 1: 5876, 9: 5577, 5: 5551, 2: 5523, 7: 5505, 3: 5457, 4: 5359, 8: 5171, 0: 4704})
Dep:  Counter({(1, 3, 1, -1, 3): 5923, (1, -1, 1): 3404, (1, -1, 3, 1, 3): 2932, (1, 3, 1, 5, 3, -1, 5): 2312, (1, 3, 1, -1, 5, 3, 5): 1266, (-1,): 1000, (1, 5, 3, 1, 3, -1, 5): 668, (1, -1, 3, 5, 3, 1, 5): 604, (1, -1, 3, 1, 5, 3, 5): 238})
Learn syntax with 18347 samples for 500 iterations, take 3 sec.
Learn perception with 18347 samples for 500 iterations, take 32 sec.
Epoch time: 0m 52s
------------------------------
Epoch 96/99 (max_len=inf, data=18405)
Train acc: 96.80 (abduce 99.68)
Hit samples:  18347  Ave length:  4.97
Symbols:  14 Counter({10: 9703, 12: 9092, 13: 9024, 11: 8558, 6: 6001, 1: 5879, 9: 5585, 5: 5523, 7: 5499, 2: 5496, 3: 5462, 4: 5396, 8: 5165, 0: 4718})
Dep:  Counter({(1, 3, 1, -1, 3): 5854, (1, -1, 1): 3402, (1, -1, 3, 1, 3): 3006, (1, 3, 1, 5, 3, -1, 5): 2289, (1, 3, 1, -1, 5, 3, 5): 1259, (-1,): 1000, (1, 5, 3, 1, 3, -1, 5): 669, (1, -1, 3, 5, 3, 1, 5): 648, (1, -1, 3, 1, 5, 3, 5): 220})
Learn syntax with 18347 samples for 500 iterations, take 3 sec.
Learn perception with 18347 samples for 500 iterations, take 32 sec.
Epoch time: 0m 52s
------------------------------
Epoch 97/99 (max_len=inf, data=18405)
Train acc: 96.48 (abduce 99.61)
Hit samples:  18334  Ave length:  4.96
Symbols:  14 Counter({10: 9696, 12: 9085, 13: 9011, 11: 8551, 6: 5976, 1: 5874, 9: 5589, 5: 5532, 7: 5496, 2: 5484, 3: 5462, 4: 5393, 8: 5152, 0: 4719})
Dep:  Counter({(1, 3, 1, -1, 3): 5818, (1, -1, 1): 3405, (1, -1, 3, 1, 3): 3031, (1, 3, 1, 5, 3, -1, 5): 2212, (1, 3, 1, -1, 5, 3, 5): 1261, (-1,): 1000, (1, 5, 3, 1, 3, -1, 5): 706, (1, -1, 3, 5, 3, 1, 5): 640, (1, -1, 3, 1, 5, 3, 5): 261})
Learn syntax with 18334 samples for 500 iterations, take 2 sec.
Learn perception with 18334 samples for 500 iterations, take 33 sec.
Epoch time: 0m 52s
------------------------------
Epoch 98/99 (max_len=inf, data=18405)
Train acc: 95.96 (abduce 99.60)
Hit samples:  18332  Ave length:  4.96
Symbols:  14 Counter({10: 9710, 12: 9076, 13: 8997, 11: 8552, 6: 5977, 1: 5883, 9: 5587, 5: 5514, 2: 5497, 7: 5492, 3: 5462, 4: 5385, 8: 5150, 0: 4720})
Dep:  Counter({(1, 3, 1, -1, 3): 5799, (1, -1, 1): 3405, (1, -1, 3, 1, 3): 3052, (1, 3, 1, 5, 3, -1, 5): 2217, (1, 3, 1, -1, 5, 3, 5): 1262, (-1,): 1000, (1, 5, 3, 1, 3, -1, 5): 707, (1, -1, 3, 5, 3, 1, 5): 632, (1, -1, 3, 1, 5, 3, 5): 258})
Learn syntax with 18332 samples for 500 iterations, take 3 sec.
Learn perception with 18332 samples for 500 iterations, take 33 sec.
Epoch time: 0m 54s
------------------------------
Epoch 99/99 (max_len=inf, data=18405)
Train acc: 96.02 (abduce 99.66)
Hit samples:  18342  Ave length:  4.96
Symbols:  14 Counter({10: 9698, 12: 9082, 13: 9012, 11: 8569, 6: 5987, 1: 5902, 9: 5601, 5: 5516, 7: 5499, 2: 5491, 3: 5472, 4: 5375, 8: 5143, 0: 4717})
Dep:  Counter({(1, 3, 1, -1, 3): 5814, (1, -1, 1): 3405, (1, -1, 3, 1, 3): 3041, (1, 3, 1, 5, 3, -1, 5): 2244, (1, 3, 1, -1, 5, 3, 5): 1225, (-1,): 1000, (1, 5, 3, 1, 3, -1, 5): 712, (1, -1, 3, 5, 3, 1, 5): 612, (1, -1, 3, 1, 5, 3, 5): 289})
Learn syntax with 18342 samples for 500 iterations, take 2 sec.
Learn perception with 18342 samples for 500 iterations, take 36 sec.
result accuracy by length:
1 ( 3%) 96.00
3 (12%) 96.92
5 (55%) 96.69
7 (29%) 95.02
result accuracy by symbol:
* (45%) 96.04
+ (45%) 94.89
- (45%) 96.67
/ (42%) 96.21
0 (23%) 97.80
1 (28%) 96.20
2 (29%) 95.32
3 (28%) 96.26
4 (28%) 94.29
5 (28%) 95.39
6 (28%) 96.82
7 (28%) 95.83
8 (27%) 97.27
9 (28%) 96.42
result accuracy by digit:
0 ( 0%) 100.00
1 ( 0%) 100.00
2 ( 0%) 100.00
3 ( 0%) 100.00
4 ( 0%) 70.00
5 ( 0%) 90.00
6 ( 0%) 100.00
7 ( 0%) 100.00
8 ( 0%) 100.00
9 ( 0%) 100.00
result accuracy by res:
0 (24%) 98.59
1 ( 9%) 98.06
2 ( 5%) 95.29
3 ( 5%) 95.71
4 ( 4%) 92.72
5 ( 4%) 94.84
6 ( 4%) 93.57
7 ( 4%) 96.69
8 ( 4%) 93.84
9 ( 4%) 99.29
val (Perception Acc=98.97, Syntax Acc=97.60, Result Acc=96.20)
Epoch time: 0m 59s
------------------------------
result accuracy by length:
1 ( 3%) 96.00
3 (12%) 96.92
5 (55%) 96.69
7 (29%) 95.02
result accuracy by symbol:
* (45%) 96.04
+ (45%) 94.89
- (45%) 96.67
/ (42%) 96.21
0 (23%) 97.80
1 (28%) 96.20
2 (29%) 95.32
3 (28%) 96.26
4 (28%) 94.29
5 (28%) 95.39
6 (28%) 96.82
7 (28%) 95.83
8 (27%) 97.27
9 (28%) 96.42
result accuracy by digit:
0 ( 0%) 100.00
1 ( 0%) 100.00
2 ( 0%) 100.00
3 ( 0%) 100.00
4 ( 0%) 70.00
5 ( 0%) 90.00
6 ( 0%) 100.00
7 ( 0%) 100.00
8 ( 0%) 100.00
9 ( 0%) 100.00
result accuracy by res:
0 (24%) 98.59
1 ( 9%) 98.06
2 ( 5%) 95.29
3 ( 5%) 95.71
4 ( 4%) 92.72
5 ( 4%) 94.84
6 ( 4%) 93.57
7 ( 4%) 96.69
8 ( 4%) 93.84
9 ( 4%) 99.29
result accuracy by condition:
long ( 0%)   nan
seen (58%) 96.51
unseen (41%) 95.77
val (Perception Acc=98.97, Syntax Acc=97.60, Result Acc=96.20)
Best val acc: 96.20
------------------------------
Evaluate on test set...
result accuracy by length:
1 ( 1%) 99.10
3 ( 5%) 96.92
5 (30%) 96.30
7 (16%) 95.52
9 (12%) 94.20
11 ( 9%) 93.00
13 ( 7%) 90.77
15 ( 5%) 91.63
17 ( 4%) 86.39
19 ( 3%) 86.03
21 ( 2%) 84.46
result accuracy by symbol:
* (62%) 92.45
+ (62%) 92.16
- (61%) 93.07
/ (59%) 93.38
0 (33%) 93.30
1 (39%) 91.85
2 (38%) 91.85
3 (39%) 92.22
4 (38%) 92.84
5 (39%) 92.21
6 (39%) 93.49
7 (38%) 93.23
8 (39%) 92.91
9 (39%) 93.44
result accuracy by digit:
0 ( 0%) 100.00
1 ( 0%) 100.00
2 ( 0%) 100.00
3 ( 0%) 98.00
4 ( 0%) 97.00
5 ( 0%) 97.00
6 ( 0%) 100.00
7 ( 0%) 99.00
8 ( 0%) 100.00
9 ( 0%) 100.00
result accuracy by res:
0 (24%) 96.09
1 ( 7%) 95.85
2 ( 4%) 94.57
3 ( 4%) 94.28
4 ( 4%) 94.71
5 ( 4%) 94.45
6 ( 4%) 94.71
7 ( 4%) 94.81
8 ( 4%) 94.65
9 ( 3%) 94.38
result accuracy by condition:
long (45%) 91.10
seen (31%) 96.24
unseen (22%) 96.19
test (Perception Acc=98.99, Syntax Acc=94.06, Result Acc=93.87)