train: 11170 val: 4900 test: 48910
Namespace(curriculum=True, dec_layers=1, enc_layers=1, epochs=200, epochs_eval=5, output_dir='outputs/', perception=False, perception_pretrain='data/perception-pretrain/model.pth.tar_78.2_match', resume=None, seed=0, semantics=False, syntax=False)
Seq2Seq(
  (encoder): Encoder(
    (image_encoder): ClusteringModel(
      (backbone): ResNet(
        (conv1): Conv2d(1, 64, kernel_size=(3, 3), stride=(1, 1), padding=(1, 1), bias=False)
        (bn1): BatchNorm2d(64, eps=1e-05, momentum=0.1, affine=True, track_running_stats=True)
        (layer1): Sequential(
          (0): BasicBlock(
            (conv1): Conv2d(64, 64, kernel_size=(3, 3), stride=(1, 1), padding=(1, 1), bias=False)
            (bn1): BatchNorm2d(64, eps=1e-05, momentum=0.1, affine=True, track_running_stats=True)
            (conv2): Conv2d(64, 64, kernel_size=(3, 3), stride=(1, 1), padding=(1, 1), bias=False)
            (bn2): BatchNorm2d(64, eps=1e-05, momentum=0.1, affine=True, track_running_stats=True)
            (shortcut): Sequential()
          )
          (1): BasicBlock(
            (conv1): Conv2d(64, 64, kernel_size=(3, 3), stride=(1, 1), padding=(1, 1), bias=False)
            (bn1): BatchNorm2d(64, eps=1e-05, momentum=0.1, affine=True, track_running_stats=True)
            (conv2): Conv2d(64, 64, kernel_size=(3, 3), stride=(1, 1), padding=(1, 1), bias=False)
            (bn2): BatchNorm2d(64, eps=1e-05, momentum=0.1, affine=True, track_running_stats=True)
            (shortcut): Sequential()
          )
        )
        (layer2): Sequential(
          (0): BasicBlock(
            (conv1): Conv2d(64, 128, kernel_size=(3, 3), stride=(2, 2), padding=(1, 1), bias=False)
            (bn1): BatchNorm2d(128, eps=1e-05, momentum=0.1, affine=True, track_running_stats=True)
            (conv2): Conv2d(128, 128, kernel_size=(3, 3), stride=(1, 1), padding=(1, 1), bias=False)
            (bn2): BatchNorm2d(128, eps=1e-05, momentum=0.1, affine=True, track_running_stats=True)
            (shortcut): Sequential(
              (0): Conv2d(64, 128, kernel_size=(1, 1), stride=(2, 2), bias=False)
              (1): BatchNorm2d(128, eps=1e-05, momentum=0.1, affine=True, track_running_stats=True)
            )
          )
          (1): BasicBlock(
            (conv1): Conv2d(128, 128, kernel_size=(3, 3), stride=(1, 1), padding=(1, 1), bias=False)
            (bn1): BatchNorm2d(128, eps=1e-05, momentum=0.1, affine=True, track_running_stats=True)
            (conv2): Conv2d(128, 128, kernel_size=(3, 3), stride=(1, 1), padding=(1, 1), bias=False)
            (bn2): BatchNorm2d(128, eps=1e-05, momentum=0.1, affine=True, track_running_stats=True)
            (shortcut): Sequential()
          )
        )
        (layer3): Sequential(
          (0): BasicBlock(
            (conv1): Conv2d(128, 256, kernel_size=(3, 3), stride=(2, 2), padding=(1, 1), bias=False)
            (bn1): BatchNorm2d(256, eps=1e-05, momentum=0.1, affine=True, track_running_stats=True)
            (conv2): Conv2d(256, 256, kernel_size=(3, 3), stride=(1, 1), padding=(1, 1), bias=False)
            (bn2): BatchNorm2d(256, eps=1e-05, momentum=0.1, affine=True, track_running_stats=True)
            (shortcut): Sequential(
              (0): Conv2d(128, 256, kernel_size=(1, 1), stride=(2, 2), bias=False)
              (1): BatchNorm2d(256, eps=1e-05, momentum=0.1, affine=True, track_running_stats=True)
            )
          )
          (1): BasicBlock(
            (conv1): Conv2d(256, 256, kernel_size=(3, 3), stride=(1, 1), padding=(1, 1), bias=False)
            (bn1): BatchNorm2d(256, eps=1e-05, momentum=0.1, affine=True, track_running_stats=True)
            (conv2): Conv2d(256, 256, kernel_size=(3, 3), stride=(1, 1), padding=(1, 1), bias=False)
            (bn2): BatchNorm2d(256, eps=1e-05, momentum=0.1, affine=True, track_running_stats=True)
            (shortcut): Sequential()
          )
        )
        (layer4): Sequential(
          (0): BasicBlock(
            (conv1): Conv2d(256, 512, kernel_size=(3, 3), stride=(2, 2), padding=(1, 1), bias=False)
            (bn1): BatchNorm2d(512, eps=1e-05, momentum=0.1, affine=True, track_running_stats=True)
            (conv2): Conv2d(512, 512, kernel_size=(3, 3), stride=(1, 1), padding=(1, 1), bias=False)
            (bn2): BatchNorm2d(512, eps=1e-05, momentum=0.1, affine=True, track_running_stats=True)
            (shortcut): Sequential(
              (0): Conv2d(256, 512, kernel_size=(1, 1), stride=(2, 2), bias=False)
              (1): BatchNorm2d(512, eps=1e-05, momentum=0.1, affine=True, track_running_stats=True)
            )
          )
          (1): BasicBlock(
            (conv1): Conv2d(512, 512, kernel_size=(3, 3), stride=(1, 1), padding=(1, 1), bias=False)
            (bn1): BatchNorm2d(512, eps=1e-05, momentum=0.1, affine=True, track_running_stats=True)
            (conv2): Conv2d(512, 512, kernel_size=(3, 3), stride=(1, 1), padding=(1, 1), bias=False)
            (bn2): BatchNorm2d(512, eps=1e-05, momentum=0.1, affine=True, track_running_stats=True)
            (shortcut): Sequential()
          )
        )
        (avgpool): AdaptiveAvgPool2d(output_size=(1, 1))
      )
      (cluster_head): ModuleList(
        (0): Linear(in_features=512, out_features=16, bias=True)
      )
    )
    (symbol_embeding): Embedding(16, 128)
    (aux_embeding): Embedding(3, 128)
    (rnn): GRU(128, 128, dropout=0.5, bidirectional=True)
  )
  (decoder): Decoder(
    (embedding): Embedding(13, 128)
    (rnn): GRU(128, 256, dropout=0.5)
    (fc_out): Linear(in_features=256, out_features=13, bias=True)
    (dropout): Dropout(p=0.5, inplace=False)
  )
)
Curriculum: [(0, 1), (1, 3), (20, 7), (40, 11), (60, 15), (80, inf)]
------------------------------
Epoch 0/199 (max_len=1, data=1000)
Train acc: 0.68, loss: 1.814 
Epoch time: 0m 1s
------------------------------
Epoch 1/199 (max_len=3, data=2170)
Train acc: 31.65, loss: 1.381 
Epoch time: 0m 3s
------------------------------
Epoch 2/199 (max_len=3, data=2170)
Train acc: 46.27, loss: 0.722 
Epoch time: 0m 3s
------------------------------
Epoch 3/199 (max_len=3, data=2170)
Train acc: 49.31, loss: 0.570 
Epoch time: 0m 3s
------------------------------
Epoch 4/199 (max_len=3, data=2170)
Train acc: 50.61, loss: 0.533 
result accuracy by length:
1 ( 2%) 66.00
3 ( 2%) 34.00
5 ( 2%) 19.38
7 ( 4%) 16.16
9 ( 4%) 16.58
11 ( 3%) 13.07
13 ( 4%) 14.35
15 ( 4%) 15.84
17 ( 4%) 11.17
19 ( 4%) 18.14
21 ( 4%) 14.65
23 ( 4%) 12.68
25 ( 4%) 12.00
27 ( 4%) 13.79
29 ( 3%) 12.57
31 ( 3%) 10.12
33 ( 2%) 13.57
35 ( 2%) 13.01
37 ( 2%) 14.53
39 ( 3%) 14.47
41 ( 3%) 11.41
43 ( 2%)  5.07
45 ( 2%) 15.18
47 ( 2%) 11.36
49 ( 2%) 10.56
51 ( 2%) 17.42
53 ( 2%) 14.93
55 ( 2%)  9.24
57 ( 2%) 11.19
59 ( 2%) 14.02
61 ( 1%) 20.31
63 ( 0%)  5.71
65 ( 0%) 11.11
67 ( 0%) 33.33
result accuracy by symbol:
( (91%) 13.42
) (91%) 13.42
* (87%) 12.53
+ (84%) 12.62
- (77%) 14.41
/ (76%) 14.97
0 (52%) 15.43
1 (60%) 13.86
2 (61%) 13.52
3 (62%) 13.31
4 (61%) 12.90
5 (62%) 13.61
6 (62%) 13.20
7 (63%) 13.01
8 (64%) 12.90
9 (63%) 12.01
result accuracy by digit:
0 ( 0%) 100.00
1 ( 0%) 90.00
2 ( 0%) 90.00
3 ( 0%)  0.00
4 ( 0%) 90.00
5 ( 0%) 90.00
6 ( 0%) 100.00
7 ( 0%)  0.00
8 ( 0%) 100.00
9 ( 0%)  0.00
result accuracy by result:
0 (21%) 23.05
1 (10%) 67.42
2 ( 4%) 29.29
3 ( 2%)  2.22
4 ( 2%)  7.52
5 ( 2%) 13.00
6 ( 2%) 20.87
7 ( 2%)  2.65
8 ( 2%) 18.80
9 ( 1%)  0.00
result accuracy by generalization:
1 (22.45%) 26.45
2 (22.96%) 18.04
3 (22.53%)  4.53
4 (15.82%) 13.81
5 (16.24%) 11.06
error cases:
7 [-1] 7 2
7 [-1] 7 4
7 [-1] 7 4
7 [-1] 7 4
7 [-1] 7 4
7 [-1] 7 4
7 [-1] 7 4
7 [-1] 7 4
7 [-1] 7 4
7 [-1] 7 4
val (Perception Acc=0.00, Head Acc=0.00, Result Acc=15.08)
Epoch time: 0m 16s
------------------------------
Epoch 5/199 (max_len=3, data=2170)
Train acc: 53.47, loss: 0.480 
Epoch time: 0m 3s
------------------------------
Epoch 6/199 (max_len=3, data=2170)
Train acc: 58.86, loss: 0.410 
Epoch time: 0m 3s
------------------------------
Epoch 7/199 (max_len=3, data=2170)
Train acc: 61.83, loss: 0.363 
Epoch time: 0m 3s
------------------------------
Epoch 8/199 (max_len=3, data=2170)
Train acc: 63.44, loss: 0.327 
Epoch time: 0m 3s
------------------------------
Epoch 9/199 (max_len=3, data=2170)
Train acc: 64.37, loss: 0.312 
result accuracy by length:
1 ( 2%) 78.00
3 ( 2%) 50.00
5 ( 2%) 22.48
7 ( 4%) 13.54
9 ( 4%)  9.05
11 ( 3%) 14.77
13 ( 4%) 16.67
15 ( 4%) 15.35
17 ( 4%) 11.17
19 ( 4%) 15.20
21 ( 4%) 12.12
23 ( 4%) 12.68
25 ( 4%) 12.50
27 ( 4%) 14.29
29 ( 3%) 10.99
31 ( 3%)  9.52
33 ( 2%) 12.86
35 ( 2%) 12.33
37 ( 2%) 14.53
39 ( 3%)  9.87
41 ( 3%) 11.41
43 ( 2%)  5.80
45 ( 2%)  9.82
47 ( 2%) 15.15
49 ( 2%) 11.27
51 ( 2%) 14.39
53 ( 2%) 15.67
55 ( 2%) 12.61
57 ( 2%)  9.09
59 ( 2%) 12.15
61 ( 1%) 17.19
63 ( 0%)  2.86
65 ( 0%) 11.11
67 ( 0%)  0.00
result accuracy by symbol:
( (91%) 12.44
) (91%) 12.44
* (87%) 11.86
+ (84%) 12.19
- (77%) 13.78
/ (76%) 14.14
0 (52%) 15.74
1 (60%) 13.72
2 (61%) 12.82
3 (62%) 12.98
4 (61%) 11.87
5 (62%) 12.37
6 (62%) 12.64
7 (63%) 11.49
8 (64%) 12.48
9 (63%) 12.13
result accuracy by digit:
0 ( 0%) 100.00
1 ( 0%) 100.00
2 ( 0%) 100.00
3 ( 0%) 10.00
4 ( 0%) 100.00
5 ( 0%) 90.00
6 ( 0%) 100.00
7 ( 0%)  0.00
8 ( 0%) 100.00
9 ( 0%) 80.00
result accuracy by result:
0 (21%) 24.67
1 (10%) 53.75
2 ( 4%) 27.78
3 ( 2%)  9.63
4 ( 2%) 14.29
5 ( 2%) 13.00
6 ( 2%) 20.00
7 ( 2%)  2.65
8 ( 2%) 22.22
9 ( 1%) 27.91
result accuracy by generalization:
1 (22.45%) 27.45
2 (22.96%) 18.40
3 (22.53%)  3.44
4 (15.82%) 14.84
5 (16.24%)  8.29
error cases:
7 [-1] 7 4
7 [-1] 7 4
7 [-1] 7 4
7 [-1] 7 4
7 [-1] 7 4
7 [-1] 7 4
7 [-1] 7 4
7 [-1] 7 4
7 [-1] 7 4
7 [-1] 7 4
val (Perception Acc=0.00, Head Acc=0.00, Result Acc=14.86)
Epoch time: 0m 16s
------------------------------
Epoch 10/199 (max_len=3, data=2170)
Train acc: 65.69, loss: 0.306 
Epoch time: 0m 3s
------------------------------
Epoch 11/199 (max_len=3, data=2170)
Train acc: 67.98, loss: 0.293 
Epoch time: 0m 3s
------------------------------
Epoch 12/199 (max_len=3, data=2170)
Train acc: 69.15, loss: 0.266 
Epoch time: 0m 3s
------------------------------
Epoch 13/199 (max_len=3, data=2170)
Train acc: 71.26, loss: 0.245 
Epoch time: 0m 3s
------------------------------
Epoch 14/199 (max_len=3, data=2170)
Train acc: 72.11, loss: 0.240 
result accuracy by length:
1 ( 2%) 77.00
3 ( 2%) 66.00
5 ( 2%) 27.91
7 ( 4%) 15.72
9 ( 4%) 12.06
11 ( 3%) 14.20
13 ( 4%) 16.67
15 ( 4%) 14.36
17 ( 4%)  9.71
19 ( 4%) 14.71
21 ( 4%) 12.63
23 ( 4%) 15.12
25 ( 4%) 13.50
27 ( 4%) 13.30
29 ( 3%) 10.47
31 ( 3%) 11.31
33 ( 2%) 13.57
35 ( 2%)  7.53
37 ( 2%) 15.38
39 ( 3%) 13.82
41 ( 3%) 12.08
43 ( 2%)  7.97
45 ( 2%) 13.39
47 ( 2%) 15.15
49 ( 2%) 13.38
51 ( 2%) 13.64
53 ( 2%) 15.67
55 ( 2%) 10.92
57 ( 2%) 10.49
59 ( 2%) 11.21
61 ( 1%) 17.19
63 ( 0%)  2.86
65 ( 0%)  0.00
67 ( 0%)  0.00
result accuracy by symbol:
( (91%) 12.95
) (91%) 12.95
* (87%) 12.46
+ (84%) 12.65
- (77%) 14.75
/ (76%) 14.62
0 (52%) 16.80
1 (60%) 14.09
2 (61%) 14.05
3 (62%) 13.44
4 (61%) 12.11
5 (62%) 12.66
6 (62%) 13.00
7 (63%) 12.11
8 (64%) 13.34
9 (63%) 12.55
result accuracy by digit:
0 ( 0%) 90.00
1 ( 0%) 100.00
2 ( 0%) 100.00
3 ( 0%)  0.00
4 ( 0%) 90.00
5 ( 0%) 100.00
6 ( 0%) 100.00
7 ( 0%)  0.00
8 ( 0%) 100.00
9 ( 0%) 90.00
result accuracy by result:
0 (21%) 30.00
1 (10%) 47.94
2 ( 4%) 23.23
3 ( 2%)  9.63
4 ( 2%) 13.53
5 ( 2%) 23.00
6 ( 2%) 21.74
7 ( 2%)  8.85
8 ( 2%) 23.08
9 ( 1%) 31.40
result accuracy by generalization:
1 (22.45%) 30.09
2 (22.96%) 19.11
3 (22.53%)  2.72
4 (15.82%) 17.29
5 (16.24%)  7.66
error cases:
7 [-1] 7 8
7 [-1] 7 4
7 [-1] 7 4
7 [-1] 7 4
7 [-1] 7 4
7 [-1] 7 4
7 [-1] 7 4
7 [-1] 7 4
7 [-1] 7 4
7 [-1] 7 4
val (Perception Acc=0.00, Head Acc=0.00, Result Acc=15.73)
Epoch time: 0m 16s
------------------------------
Epoch 15/199 (max_len=3, data=2170)
Train acc: 71.42, loss: 0.247 
Epoch time: 0m 3s
------------------------------
Epoch 16/199 (max_len=3, data=2170)
Train acc: 71.97, loss: 0.234 
Epoch time: 0m 3s
------------------------------
Epoch 17/199 (max_len=3, data=2170)
Train acc: 72.80, loss: 0.219 
Epoch time: 0m 3s
------------------------------
Epoch 18/199 (max_len=3, data=2170)
Train acc: 74.01, loss: 0.209 
Epoch time: 0m 3s
------------------------------
Epoch 19/199 (max_len=3, data=2170)
Train acc: 75.11, loss: 0.194 
result accuracy by length:
1 ( 2%) 82.00
3 ( 2%) 64.00
5 ( 2%) 25.58
7 ( 4%) 16.16
9 ( 4%) 14.57
11 ( 3%) 14.77
13 ( 4%) 16.20
15 ( 4%) 15.35
17 ( 4%) 14.08
19 ( 4%) 14.22
21 ( 4%) 17.17
23 ( 4%) 13.66
25 ( 4%) 13.50
27 ( 4%) 12.81
29 ( 3%) 16.75
31 ( 3%) 16.67
33 ( 2%) 15.00
35 ( 2%)  9.59
37 ( 2%) 12.82
39 ( 3%) 11.18
41 ( 3%) 13.42
43 ( 2%)  7.97
45 ( 2%) 14.29
47 ( 2%) 15.91
49 ( 2%)  9.86
51 ( 2%) 13.64
53 ( 2%) 17.16
55 ( 2%) 10.08
57 ( 2%) 16.08
59 ( 2%) 10.28
61 ( 1%) 10.94
63 ( 0%)  8.57
65 ( 0%) 22.22
67 ( 0%)  0.00
result accuracy by symbol:
( (91%) 13.93
) (91%) 13.93
* (87%) 13.30
+ (84%) 13.32
- (77%) 16.19
/ (76%) 15.31
0 (52%) 17.70
1 (60%) 15.16
2 (61%) 14.68
3 (62%) 14.30
4 (61%) 13.43
5 (62%) 13.74
6 (62%) 13.88
7 (63%) 12.88
8 (64%) 14.01
9 (63%) 13.63
result accuracy by digit:
0 ( 0%) 100.00
1 ( 0%) 100.00
2 ( 0%) 100.00
3 ( 0%)  0.00
4 ( 0%) 100.00
5 ( 0%) 100.00
6 ( 0%) 100.00
7 ( 0%) 20.00
8 ( 0%) 100.00
9 ( 0%) 100.00
result accuracy by result:
0 (21%) 40.00
1 (10%) 38.39
2 ( 4%) 20.71
3 ( 2%) 11.11
4 ( 2%) 11.28
5 ( 2%) 19.00
6 ( 2%) 23.48
7 ( 2%)  8.85
8 ( 2%) 23.08
9 ( 1%) 32.56
result accuracy by generalization:
1 (22.45%) 30.91
2 (22.96%) 22.49
3 (22.53%)  2.45
4 (15.82%) 19.74
5 (16.24%)  5.65
error cases:
7 [-1] 7 4
7 [-1] 7 4
7 [-1] 7 4
7 [-1] 7 4
7 [-1] 7 4
7 [-1] 7 4
7 [-1] 7 4
7 [-1] 7 4
3 [-1] 3 8
3 [-1] 3 5
val (Perception Acc=0.00, Head Acc=0.00, Result Acc=16.69)
Epoch time: 0m 16s
------------------------------
Epoch 20/199 (max_len=7, data=3387)
Train acc: 57.44, loss: 0.497 
Epoch time: 0m 7s
------------------------------
Epoch 21/199 (max_len=7, data=3387)
Train acc: 63.50, loss: 0.408 
Epoch time: 0m 7s
------------------------------
Epoch 22/199 (max_len=7, data=3387)
Train acc: 67.45, loss: 0.356 
Epoch time: 0m 7s
------------------------------
Epoch 23/199 (max_len=7, data=3387)
Train acc: 70.84, loss: 0.310 
Epoch time: 0m 7s
------------------------------
Epoch 24/199 (max_len=7, data=3387)
Train acc: 73.96, loss: 0.279 
result accuracy by length:
1 ( 2%) 88.00
3 ( 2%) 70.00
5 ( 2%) 41.09
7 ( 4%) 32.31
9 ( 4%) 22.61
11 ( 3%) 21.02
13 ( 4%) 18.98
15 ( 4%) 20.79
17 ( 4%) 17.48
19 ( 4%) 22.55
21 ( 4%) 20.20
23 ( 4%) 20.00
25 ( 4%) 17.50
27 ( 4%) 17.73
29 ( 3%) 17.80
31 ( 3%) 19.64
33 ( 2%) 15.71
35 ( 2%) 14.38
37 ( 2%) 20.51
39 ( 3%) 15.79
41 ( 3%) 14.77
43 ( 2%) 11.59
45 ( 2%) 16.07
47 ( 2%) 21.97
49 ( 2%) 14.79
51 ( 2%) 17.42
53 ( 2%) 18.66
55 ( 2%) 14.29
57 ( 2%) 15.38
59 ( 2%) 13.08
61 ( 1%) 25.00
63 ( 0%) 14.29
65 ( 0%) 22.22
67 ( 0%)  0.00
result accuracy by symbol:
( (91%) 18.58
) (91%) 18.58
* (87%) 17.90
+ (84%) 17.50
- (77%) 21.02
/ (76%) 20.08
0 (52%) 22.62
1 (60%) 19.31
2 (61%) 19.07
3 (62%) 18.56
4 (61%) 18.11
5 (62%) 18.07
6 (62%) 18.46
7 (63%) 18.05
8 (64%) 17.71
9 (63%) 17.50
result accuracy by digit:
0 ( 0%) 90.00
1 ( 0%) 100.00
2 ( 0%) 100.00
3 ( 0%) 100.00
4 ( 0%) 90.00
5 ( 0%)  0.00
6 ( 0%) 100.00
7 ( 0%) 100.00
8 ( 0%) 100.00
9 ( 0%) 100.00
result accuracy by result:
0 (21%) 52.95
1 (10%) 53.75
2 ( 4%) 18.18
3 ( 2%) 20.00
4 ( 2%) 16.54
5 ( 2%) 15.00
6 ( 2%) 21.74
7 ( 2%) 17.70
8 ( 2%) 23.08
9 ( 1%) 24.42
result accuracy by generalization:
1 (22.45%) 39.55
2 (22.96%) 30.13
3 (22.53%)  3.99
4 (15.82%) 23.87
5 (16.24%)  8.67
error cases:
0 [-1] 0 3
4 [-1] 4 9
5 [-1] 5 3
5 [-1] 5 3
5 [-1] 5 3
5 [-1] 5 3
5 [-1] 5 3
5 [-1] 5 3
5 [-1] 5 3
5 [-1] 5 3
val (Perception Acc=0.00, Head Acc=0.00, Result Acc=21.88)
Epoch time: 0m 20s
------------------------------
Epoch 25/199 (max_len=7, data=3387)
Train acc: 76.17, loss: 0.254 
Epoch time: 0m 7s
------------------------------
Epoch 26/199 (max_len=7, data=3387)
Train acc: 78.75, loss: 0.221 
Epoch time: 0m 7s
------------------------------
Epoch 27/199 (max_len=7, data=3387)
Train acc: 80.76, loss: 0.203 
Epoch time: 0m 7s
------------------------------
Epoch 28/199 (max_len=7, data=3387)
Train acc: 81.39, loss: 0.189 
Epoch time: 0m 7s
------------------------------
Epoch 29/199 (max_len=7, data=3387)
Train acc: 83.32, loss: 0.171 
result accuracy by length:
1 ( 2%) 89.00
3 ( 2%) 74.00
5 ( 2%) 42.64
7 ( 4%) 38.43
9 ( 4%) 22.61
11 ( 3%) 23.30
13 ( 4%) 18.98
15 ( 4%) 19.80
17 ( 4%) 17.96
19 ( 4%) 21.57
21 ( 4%) 18.18
23 ( 4%) 17.07
25 ( 4%) 17.00
27 ( 4%) 21.18
29 ( 3%) 14.66
31 ( 3%) 16.07
33 ( 2%) 15.00
35 ( 2%) 13.01
37 ( 2%) 17.09
39 ( 3%) 15.13
41 ( 3%) 16.78
43 ( 2%) 11.59
45 ( 2%) 14.29
47 ( 2%) 16.67
49 ( 2%) 12.68
51 ( 2%) 16.67
53 ( 2%) 18.66
55 ( 2%) 10.08
57 ( 2%) 10.49
59 ( 2%) 11.21
61 ( 1%) 17.19
63 ( 0%)  8.57
65 ( 0%) 22.22
67 ( 0%)  0.00
result accuracy by symbol:
( (91%) 17.66
) (91%) 17.66
* (87%) 16.76
+ (84%) 16.66
- (77%) 19.97
/ (76%) 19.01
0 (52%) 20.62
1 (60%) 18.41
2 (61%) 18.01
3 (62%) 17.54
4 (61%) 16.55
5 (62%) 17.02
6 (62%) 16.69
7 (63%) 16.76
8 (64%) 16.27
9 (63%) 16.19
result accuracy by digit:
0 ( 0%) 100.00
1 ( 0%) 80.00
2 ( 0%) 100.00
3 ( 0%) 10.00
4 ( 0%) 100.00
5 ( 0%) 100.00
6 ( 0%) 100.00
7 ( 0%) 100.00
8 ( 0%) 100.00
9 ( 0%) 100.00
result accuracy by result:
0 (21%) 49.71
1 (10%) 41.01
2 ( 4%) 29.29
3 ( 2%) 14.81
4 ( 2%) 23.31
5 ( 2%) 25.00
6 ( 2%) 26.96
7 ( 2%) 23.01
8 ( 2%) 31.62
9 ( 1%) 29.07
result accuracy by generalization:
1 (22.45%) 42.36
2 (22.96%) 27.91
3 (22.53%)  3.35
4 (15.82%) 21.94
5 (16.24%)  6.53
error cases:
1 [-1] 1 2
1 [-1] 1 2
3 [-1] 3 5
3 [-1] 3 5
3 [-1] 3 5
3 [-1] 3 5
3 [-1] 3 5
3 [-1] 3 5
3 [-1] 3 5
3 [-1] 3 5
val (Perception Acc=0.00, Head Acc=0.00, Result Acc=21.20)
Epoch time: 0m 20s
------------------------------
Epoch 30/199 (max_len=7, data=3387)
Train acc: 84.15, loss: 0.162 
Epoch time: 0m 7s
------------------------------
Epoch 31/199 (max_len=7, data=3387)
Train acc: 86.21, loss: 0.136 
Epoch time: 0m 7s
------------------------------
Epoch 32/199 (max_len=7, data=3387)
Train acc: 87.39, loss: 0.125 
Epoch time: 0m 7s
------------------------------
Epoch 33/199 (max_len=7, data=3387)
Train acc: 86.81, loss: 0.136 
Epoch time: 0m 7s
------------------------------
Epoch 34/199 (max_len=7, data=3387)
Train acc: 86.08, loss: 0.142 
result accuracy by length:
1 ( 2%) 90.00
3 ( 2%) 73.00
5 ( 2%) 48.06
7 ( 4%) 42.36
9 ( 4%) 25.63
11 ( 3%) 23.30
13 ( 4%) 20.37
15 ( 4%) 21.78
17 ( 4%) 18.93
19 ( 4%) 21.57
21 ( 4%) 18.18
23 ( 4%) 20.98
25 ( 4%) 15.00
27 ( 4%) 19.21
29 ( 3%) 16.23
31 ( 3%) 16.07
33 ( 2%) 15.71
35 ( 2%) 16.44
37 ( 2%) 16.24
39 ( 3%) 13.82
41 ( 3%) 16.11
43 ( 2%) 10.87
45 ( 2%) 18.75
47 ( 2%) 18.18
49 ( 2%) 14.79
51 ( 2%) 18.18
53 ( 2%) 22.39
55 ( 2%) 13.45
57 ( 2%) 12.59
59 ( 2%) 13.08
61 ( 1%) 23.44
63 ( 0%) 14.29
65 ( 0%) 22.22
67 ( 0%)  0.00
result accuracy by symbol:
( (91%) 18.89
) (91%) 18.89
* (87%) 18.07
+ (84%) 17.77
- (77%) 21.55
/ (76%) 20.19
0 (52%) 22.42
1 (60%) 19.71
2 (61%) 19.77
3 (62%) 18.95
4 (61%) 17.84
5 (62%) 18.29
6 (62%) 18.10
7 (63%) 18.08
8 (64%) 17.52
9 (63%) 17.31
result accuracy by digit:
0 ( 0%) 100.00
1 ( 0%) 100.00
2 ( 0%) 100.00
3 ( 0%) 10.00
4 ( 0%) 100.00
5 ( 0%) 100.00
6 ( 0%) 100.00
7 ( 0%) 100.00
8 ( 0%) 100.00
9 ( 0%) 90.00
result accuracy by result:
0 (21%) 57.62
1 (10%) 39.33
2 ( 4%) 25.76
3 ( 2%) 14.81
4 ( 2%) 20.30
5 ( 2%) 26.00
6 ( 2%) 34.78
7 ( 2%) 22.12
8 ( 2%) 24.79
9 ( 1%) 30.23
result accuracy by generalization:
1 (22.45%) 42.73
2 (22.96%) 31.73
3 (22.53%)  2.63
4 (15.82%) 25.68
5 (16.24%)  6.41
error cases:
3 [-1] 3 5
3 [-1] 3 5
3 [-1] 3 5
3 [-1] 3 5
3 [-1] 3 5
3 [-1] 3 5
3 [-1] 3 5
3 [-1] 3 5
3 [-1] 3 5
9 [-1] 9 8
val (Perception Acc=0.00, Head Acc=0.00, Result Acc=22.57)
Epoch time: 0m 20s
------------------------------
Epoch 35/199 (max_len=7, data=3387)
Train acc: 88.84, loss: 0.121 
Epoch time: 0m 7s
------------------------------
Epoch 36/199 (max_len=7, data=3387)
Train acc: 89.17, loss: 0.105 
Epoch time: 0m 7s
------------------------------
Epoch 37/199 (max_len=7, data=3387)
Train acc: 90.34, loss: 0.089 
Epoch time: 0m 7s
------------------------------
Epoch 38/199 (max_len=7, data=3387)
Train acc: 91.35, loss: 0.078 
Epoch time: 0m 7s
------------------------------
Epoch 39/199 (max_len=7, data=3387)
Train acc: 90.85, loss: 0.077 
result accuracy by length:
1 ( 2%) 90.00
3 ( 2%) 77.00
5 ( 2%) 49.61
7 ( 4%) 43.67
9 ( 4%) 23.62
11 ( 3%) 23.30
13 ( 4%) 19.91
15 ( 4%) 22.77
17 ( 4%) 20.39
19 ( 4%) 25.98
21 ( 4%) 23.23
23 ( 4%) 21.95
25 ( 4%) 16.50
27 ( 4%) 20.69
29 ( 3%) 17.28
31 ( 3%) 16.07
33 ( 2%) 12.86
35 ( 2%) 17.12
37 ( 2%) 18.80
39 ( 3%) 15.79
41 ( 3%) 19.46
43 ( 2%) 12.32
45 ( 2%) 17.86
47 ( 2%) 22.73
49 ( 2%) 17.61
51 ( 2%) 15.91
53 ( 2%) 22.39
55 ( 2%) 15.97
57 ( 2%) 13.29
59 ( 2%) 12.15
61 ( 1%) 23.44
63 ( 0%) 17.14
65 ( 0%) 22.22
67 ( 0%)  0.00
result accuracy by symbol:
( (91%) 20.07
) (91%) 20.07
* (87%) 19.18
+ (84%) 18.90
- (77%) 22.91
/ (76%) 21.44
0 (52%) 23.32
1 (60%) 21.15
2 (61%) 20.80
3 (62%) 20.39
4 (61%) 19.07
5 (62%) 19.76
6 (62%) 19.27
7 (63%) 19.44
8 (64%) 18.50
9 (63%) 18.49
result accuracy by digit:
0 ( 0%) 100.00
1 ( 0%) 100.00
2 ( 0%) 100.00
3 ( 0%)  0.00
4 ( 0%) 100.00
5 ( 0%) 100.00
6 ( 0%) 100.00
7 ( 0%) 100.00
8 ( 0%) 100.00
9 ( 0%) 100.00
result accuracy by result:
0 (21%) 65.24
1 (10%) 40.45
2 ( 4%) 22.22
3 ( 2%) 12.59
4 ( 2%) 19.55
5 ( 2%) 29.00
6 ( 2%) 20.87
7 ( 2%) 20.35
8 ( 2%) 21.37
9 ( 1%) 26.74
result accuracy by generalization:
1 (22.45%) 44.91
2 (22.96%) 33.42
3 (22.53%)  2.17
4 (15.82%) 28.39
5 (16.24%)  6.28
error cases:
3 [-1] 3 2
3 [-1] 3 5
3 [-1] 3 5
3 [-1] 3 5
3 [-1] 3 5
3 [-1] 3 5
3 [-1] 3 5
3 [-1] 3 5
3 [-1] 3 5
3 [-1] 3 5
val (Perception Acc=0.00, Head Acc=0.00, Result Acc=23.76)
Epoch time: 0m 20s
------------------------------
Epoch 40/199 (max_len=11, data=4683)
Train acc: 70.72, loss: 0.394 
Epoch time: 0m 13s
------------------------------
Epoch 41/199 (max_len=11, data=4683)
Train acc: 75.33, loss: 0.294 
Epoch time: 0m 13s
------------------------------
Epoch 42/199 (max_len=11, data=4683)
Train acc: 80.30, loss: 0.238 
Epoch time: 0m 13s
------------------------------
Epoch 43/199 (max_len=11, data=4683)
Train acc: 84.22, loss: 0.192 
Epoch time: 0m 13s
------------------------------
Epoch 44/199 (max_len=11, data=4683)
Train acc: 88.34, loss: 0.150 
result accuracy by length:
1 ( 2%) 99.00
3 ( 2%) 83.00
5 ( 2%) 50.39
7 ( 4%) 44.54
9 ( 4%) 42.21
11 ( 3%) 37.50
13 ( 4%) 24.54
15 ( 4%) 23.27
17 ( 4%) 19.90
19 ( 4%) 26.96
21 ( 4%) 24.24
23 ( 4%) 23.41
25 ( 4%) 20.50
27 ( 4%) 26.11
29 ( 3%) 24.61
31 ( 3%) 19.05
33 ( 2%) 14.29
35 ( 2%) 17.12
37 ( 2%) 22.22
39 ( 3%) 22.37
41 ( 3%) 20.81
43 ( 2%) 15.22
45 ( 2%) 19.64
47 ( 2%) 18.94
49 ( 2%) 17.61
51 ( 2%) 21.21
53 ( 2%) 15.67
55 ( 2%) 15.13
57 ( 2%) 14.69
59 ( 2%) 13.08
61 ( 1%) 31.25
63 ( 0%) 20.00
65 ( 0%) 22.22
67 ( 0%)  0.00
result accuracy by symbol:
( (91%) 23.06
) (91%) 23.06
* (87%) 21.93
+ (84%) 21.90
- (77%) 25.80
/ (76%) 24.50
0 (52%) 25.98
1 (60%) 23.39
2 (61%) 22.96
3 (62%) 23.15
4 (61%) 21.59
5 (62%) 22.59
6 (62%) 21.69
7 (63%) 22.38
8 (64%) 21.05
9 (63%) 21.17
result accuracy by digit:
0 ( 0%) 100.00
1 ( 0%) 100.00
2 ( 0%) 100.00
3 ( 0%) 90.00
4 ( 0%) 100.00
5 ( 0%) 100.00
6 ( 0%) 100.00
7 ( 0%) 100.00
8 ( 0%) 100.00
9 ( 0%) 100.00
result accuracy by result:
0 (21%) 70.19
1 (10%) 45.69
2 ( 4%) 25.76
3 ( 2%) 23.70
4 ( 2%) 19.55
5 ( 2%) 29.00
6 ( 2%) 29.57
7 ( 2%) 29.20
8 ( 2%) 23.08
9 ( 1%) 29.07
result accuracy by generalization:
1 (22.45%) 54.55
2 (22.96%) 35.73
3 (22.53%)  2.99
4 (15.82%) 31.74
5 (16.24%)  5.40
error cases:
3 [-1] 3 5
9*1 [1, -1, 1] 9 8
4*6 [1, -1, 1] 24 42
9-3 [1, -1, 1] 6 4
5*5 [1, -1, 1] 25 15
5-1 [1, -1, 1] 4 5
1+3 [1, -1, 1] 4 6
3+3 [1, -1, 1] 6 8
6+9 [1, -1, 1] 15 45
3*2 [1, -1, 1] 6 10
val (Perception Acc=0.00, Head Acc=0.00, Result Acc=27.02)
Epoch time: 0m 26s
------------------------------
Epoch 45/199 (max_len=11, data=4683)
Train acc: 91.64, loss: 0.119 
Epoch time: 0m 13s
------------------------------
Epoch 46/199 (max_len=11, data=4683)
Train acc: 94.05, loss: 0.096 
Epoch time: 0m 13s
------------------------------
Epoch 47/199 (max_len=11, data=4683)
Train acc: 95.97, loss: 0.077 
Epoch time: 0m 13s
------------------------------
Epoch 48/199 (max_len=11, data=4683)
Train acc: 97.07, loss: 0.067 
Epoch time: 0m 13s
------------------------------
Epoch 49/199 (max_len=11, data=4683)
Train acc: 97.96, loss: 0.058 
result accuracy by length:
1 ( 2%) 100.00
3 ( 2%) 84.00
5 ( 2%) 48.84
7 ( 4%) 45.85
9 ( 4%) 45.23
11 ( 3%) 42.05
13 ( 4%) 25.00
15 ( 4%) 23.27
17 ( 4%) 21.36
19 ( 4%) 26.47
21 ( 4%) 24.24
23 ( 4%) 22.93
25 ( 4%) 19.50
27 ( 4%) 24.14
29 ( 3%) 23.04
31 ( 3%) 18.45
33 ( 2%) 16.43
35 ( 2%) 18.49
37 ( 2%) 23.08
39 ( 3%) 21.05
41 ( 3%) 22.82
43 ( 2%) 13.77
45 ( 2%) 19.64
47 ( 2%) 20.45
49 ( 2%) 15.49
51 ( 2%) 22.73
53 ( 2%) 15.67
55 ( 2%) 12.61
57 ( 2%) 15.38
59 ( 2%) 13.08
61 ( 1%) 32.81
63 ( 0%) 17.14
65 ( 0%) 33.33
67 ( 0%)  0.00
result accuracy by symbol:
( (91%) 23.42
) (91%) 23.42
* (87%) 22.23
+ (84%) 21.83
- (77%) 26.09
/ (76%) 24.58
0 (52%) 26.05
1 (60%) 23.49
2 (61%) 23.26
3 (62%) 22.85
4 (61%) 21.72
5 (62%) 23.05
6 (62%) 22.05
7 (63%) 22.57
8 (64%) 20.70
9 (63%) 21.33
result accuracy by digit:
0 ( 0%) 100.00
1 ( 0%) 100.00
2 ( 0%) 100.00
3 ( 0%) 100.00
4 ( 0%) 100.00
5 ( 0%) 100.00
6 ( 0%) 100.00
7 ( 0%) 100.00
8 ( 0%) 100.00
9 ( 0%) 100.00
result accuracy by result:
0 (21%) 70.38
1 (10%) 44.38
2 ( 4%) 21.72
3 ( 2%) 27.41
4 ( 2%) 19.55
5 ( 2%) 31.00
6 ( 2%) 33.04
7 ( 2%) 32.74
8 ( 2%) 24.79
9 ( 1%) 31.40
result accuracy by generalization:
1 (22.45%) 55.64
2 (22.96%) 35.56
3 (22.53%)  3.44
4 (15.82%) 31.23
5 (16.24%)  5.78
error cases:
8+3 [1, -1, 1] 11 13
9*1 [1, -1, 1] 9 8
9-3 [1, -1, 1] 6 4
3*5 [1, -1, 1] 15 25
5*3 [1, -1, 1] 15 25
1+3 [1, -1, 1] 4 6
3+3 [1, -1, 1] 6 8
6+9 [1, -1, 1] 15 45
3*2 [1, -1, 1] 6 10
6+3 [1, -1, 1] 9 11
val (Perception Acc=0.00, Head Acc=0.00, Result Acc=27.31)
Epoch time: 0m 26s
------------------------------
Epoch 50/199 (max_len=11, data=4683)
Train acc: 98.73, loss: 0.043 
Epoch time: 0m 13s
------------------------------
Epoch 51/199 (max_len=11, data=4683)
Train acc: 99.54, loss: 0.030 
Epoch time: 0m 13s
------------------------------
Epoch 52/199 (max_len=11, data=4683)
Train acc: 99.77, loss: 0.024 
Epoch time: 0m 13s
------------------------------
Epoch 53/199 (max_len=11, data=4683)
Train acc: 99.83, loss: 0.020 
Epoch time: 0m 13s
------------------------------
Epoch 54/199 (max_len=11, data=4683)
Train acc: 99.70, loss: 0.017 
result accuracy by length:
1 ( 2%) 100.00
3 ( 2%) 88.00
5 ( 2%) 50.39
7 ( 4%) 45.85
9 ( 4%) 48.24
11 ( 3%) 45.45
13 ( 4%) 23.61
15 ( 4%) 22.77
17 ( 4%) 20.39
19 ( 4%) 23.53
21 ( 4%) 24.75
23 ( 4%) 22.44
25 ( 4%) 18.00
27 ( 4%) 23.65
29 ( 3%) 22.51
31 ( 3%) 19.05
33 ( 2%) 14.29
35 ( 2%) 19.18
37 ( 2%) 22.22
39 ( 3%) 19.08
41 ( 3%) 21.48
43 ( 2%) 14.49
45 ( 2%) 16.96
47 ( 2%) 19.70
49 ( 2%) 15.49
51 ( 2%) 22.73
53 ( 2%) 14.18
55 ( 2%) 14.29
57 ( 2%) 14.69
59 ( 2%) 13.08
61 ( 1%) 26.56
63 ( 0%) 22.86
65 ( 0%) 33.33
67 ( 0%)  0.00
result accuracy by symbol:
( (91%) 22.95
) (91%) 22.95
* (87%) 21.81
+ (84%) 21.54
- (77%) 25.64
/ (76%) 24.18
0 (52%) 25.59
1 (60%) 23.43
2 (61%) 22.72
3 (62%) 22.62
4 (61%) 21.43
5 (62%) 22.53
6 (62%) 21.27
7 (63%) 22.09
8 (64%) 20.22
9 (63%) 20.79
result accuracy by digit:
0 ( 0%) 100.00
1 ( 0%) 100.00
2 ( 0%) 100.00
3 ( 0%) 100.00
4 ( 0%) 100.00
5 ( 0%) 100.00
6 ( 0%) 100.00
7 ( 0%) 100.00
8 ( 0%) 100.00
9 ( 0%) 100.00
result accuracy by result:
0 (21%) 69.33
1 (10%) 39.70
2 ( 4%) 23.23
3 ( 2%) 34.81
4 ( 2%) 22.56
5 ( 2%) 33.00
6 ( 2%) 32.17
7 ( 2%) 32.74
8 ( 2%) 23.08
9 ( 1%) 33.72
result accuracy by generalization:
1 (22.45%) 57.09
2 (22.96%) 34.49
3 (22.53%)  2.99
4 (15.82%) 30.84
5 (16.24%)  4.77
error cases:
4*6 [1, -1, 1] 24 42
3*5 [1, -1, 1] 15 25
8/8 [1, -1, 1] 1 2
3+3 [1, -1, 1] 6 8
6+9 [1, -1, 1] 15 45
3*2 [1, -1, 1] 6 10
6+3 [1, -1, 1] 9 11
3*3 [1, -1, 1] 9 11
6*3 [1, -1, 1] 18 48
8*2 [1, -1, 1] 16 56
val (Perception Acc=0.00, Head Acc=0.00, Result Acc=27.06)
Epoch time: 0m 26s
------------------------------
Epoch 55/199 (max_len=11, data=4683)
Train acc: 97.93, loss: 0.048 
Epoch time: 0m 13s
------------------------------
Epoch 56/199 (max_len=11, data=4683)
Train acc: 97.07, loss: 0.052 
Epoch time: 0m 13s
------------------------------
Epoch 57/199 (max_len=11, data=4683)
Train acc: 98.48, loss: 0.040 
Epoch time: 0m 13s
------------------------------
Epoch 58/199 (max_len=11, data=4683)
Train acc: 97.72, loss: 0.046 
Epoch time: 0m 13s
------------------------------
Epoch 59/199 (max_len=11, data=4683)
Train acc: 99.22, loss: 0.023 
result accuracy by length:
1 ( 2%) 98.00
3 ( 2%) 93.00
5 ( 2%) 50.39
7 ( 4%) 46.72
9 ( 4%) 46.73
11 ( 3%) 43.75
13 ( 4%) 23.15
15 ( 4%) 24.75
17 ( 4%) 20.39
19 ( 4%) 25.98
21 ( 4%) 23.23
23 ( 4%) 21.95
25 ( 4%) 18.00
27 ( 4%) 24.14
29 ( 3%) 21.47
31 ( 3%) 17.86
33 ( 2%) 14.29
35 ( 2%) 15.75
37 ( 2%) 23.93
39 ( 3%) 20.39
41 ( 3%) 22.82
43 ( 2%) 15.22
45 ( 2%) 16.96
47 ( 2%) 17.42
49 ( 2%) 14.79
51 ( 2%) 20.45
53 ( 2%) 17.16
55 ( 2%) 14.29
57 ( 2%) 13.99
59 ( 2%) 12.15
61 ( 1%) 26.56
63 ( 0%) 17.14
65 ( 0%) 33.33
67 ( 0%)  0.00
result accuracy by symbol:
( (91%) 22.80
) (91%) 22.80
* (87%) 21.53
+ (84%) 21.54
- (77%) 25.17
/ (76%) 24.07
0 (52%) 24.80
1 (60%) 22.93
2 (61%) 22.52
3 (62%) 22.66
4 (61%) 21.06
5 (62%) 22.14
6 (62%) 21.33
7 (63%) 22.05
8 (64%) 20.38
9 (63%) 20.69
result accuracy by digit:
0 ( 0%) 90.00
1 ( 0%) 100.00
2 ( 0%) 100.00
3 ( 0%) 90.00
4 ( 0%) 100.00
5 ( 0%) 100.00
6 ( 0%) 100.00
7 ( 0%) 100.00
8 ( 0%) 100.00
9 ( 0%) 100.00
result accuracy by result:
0 (21%) 66.10
1 (10%) 43.07
2 ( 4%) 27.27
3 ( 2%) 32.59
4 ( 2%) 20.30
5 ( 2%) 31.00
6 ( 2%) 39.13
7 ( 2%) 31.86
8 ( 2%) 25.64
9 ( 1%) 29.07
result accuracy by generalization:
1 (22.45%) 57.18
2 (22.96%) 33.78
3 (22.53%)  3.35
4 (15.82%) 30.32
5 (16.24%)  5.03
error cases:
0 [-1] 0 3
3 [-1] 3 2
4*6 [1, -1, 1] 24 42
1+3 [1, -1, 1] 4 6
6+3 [1, -1, 1] 9 11
3*3 [1, -1, 1] 9 21
6*3 [1, -1, 1] 18 32
9+9 [1, -1, 1] 18 14
0*5 [1, -1, 1] 0 5
4*9+7 [1, 3, 1, -1, 3] 43 24
val (Perception Acc=0.00, Head Acc=0.00, Result Acc=26.96)
Epoch time: 0m 26s
------------------------------
Epoch 60/199 (max_len=15, data=6058)
Train acc: 78.01, loss: 0.351 
Epoch time: 0m 22s
------------------------------
Epoch 61/199 (max_len=15, data=6058)
Train acc: 82.98, loss: 0.239 
Epoch time: 0m 22s
------------------------------
Epoch 62/199 (max_len=15, data=6058)
Train acc: 87.19, loss: 0.176 
Epoch time: 0m 22s
------------------------------
Epoch 63/199 (max_len=15, data=6058)
Train acc: 89.85, loss: 0.136 
Epoch time: 0m 22s
------------------------------
Epoch 64/199 (max_len=15, data=6058)
Train acc: 93.47, loss: 0.095 
result accuracy by length:
1 ( 2%) 100.00
3 ( 2%) 90.00
5 ( 2%) 50.39
7 ( 4%) 45.41
9 ( 4%) 49.75
11 ( 3%) 45.45
13 ( 4%) 34.26
15 ( 4%) 33.66
17 ( 4%) 21.84
19 ( 4%) 24.51
21 ( 4%) 26.26
23 ( 4%) 21.95
25 ( 4%) 17.50
27 ( 4%) 23.65
29 ( 3%) 27.23
31 ( 3%) 20.83
33 ( 2%) 14.29
35 ( 2%) 20.55
37 ( 2%) 22.22
39 ( 3%) 23.68
41 ( 3%) 21.48
43 ( 2%) 17.39
45 ( 2%) 18.75
47 ( 2%) 24.24
49 ( 2%) 17.61
51 ( 2%) 26.52
53 ( 2%) 17.91
55 ( 2%) 15.13
57 ( 2%)  9.79
59 ( 2%) 17.76
61 ( 1%) 31.25
63 ( 0%) 25.71
65 ( 0%) 22.22
67 ( 0%) 33.33
result accuracy by symbol:
( (91%) 25.25
) (91%) 25.25
* (87%) 23.69
+ (84%) 23.76
- (77%) 27.87
/ (76%) 26.42
0 (52%) 28.24
1 (60%) 25.77
2 (61%) 25.05
3 (62%) 24.62
4 (61%) 23.38
5 (62%) 24.45
6 (62%) 23.72
7 (63%) 23.73
8 (64%) 21.94
9 (63%) 23.18
result accuracy by digit:
0 ( 0%) 100.00
1 ( 0%) 100.00
2 ( 0%) 100.00
3 ( 0%) 100.00
4 ( 0%) 100.00
5 ( 0%) 100.00
6 ( 0%) 100.00
7 ( 0%) 100.00
8 ( 0%) 100.00
9 ( 0%) 100.00
result accuracy by result:
0 (21%) 72.38
1 (10%) 45.13
2 ( 4%) 27.27
3 ( 2%) 34.81
4 ( 2%) 27.82
5 ( 2%) 35.00
6 ( 2%) 35.65
7 ( 2%) 33.63
8 ( 2%) 25.64
9 ( 1%) 33.72
result accuracy by generalization:
1 (22.45%) 63.09
2 (22.96%) 35.20
3 (22.53%)  2.54
4 (15.82%) 34.84
5 (16.24%)  5.28
error cases:
6*4 [1, -1, 1] 24 32
3*5 [1, -1, 1] 15 25
2*4 [1, -1, 1] 8 16
5*3 [1, -1, 1] 15 25
3+3 [1, -1, 1] 6 8
6+9 [1, -1, 1] 15 35
6+3 [1, -1, 1] 9 11
8*2 [1, -1, 1] 16 56
9+6 [1, -1, 1] 15 25
6+5 [1, -1, 1] 11 21
val (Perception Acc=0.00, Head Acc=0.00, Result Acc=29.18)
Epoch time: 0m 35s
------------------------------
Epoch 65/199 (max_len=15, data=6058)
Train acc: 96.21, loss: 0.065 
Epoch time: 0m 22s
------------------------------
Epoch 66/199 (max_len=15, data=6058)
Train acc: 97.81, loss: 0.046 
Epoch time: 0m 22s
------------------------------
Epoch 67/199 (max_len=15, data=6058)
Train acc: 99.07, loss: 0.032 
Epoch time: 0m 22s
------------------------------
Epoch 68/199 (max_len=15, data=6058)
Train acc: 99.47, loss: 0.023 
Epoch time: 0m 22s
------------------------------
Epoch 69/199 (max_len=15, data=6058)
Train acc: 99.85, loss: 0.016 
result accuracy by length:
1 ( 2%) 100.00
3 ( 2%) 87.00
5 ( 2%) 48.84
7 ( 4%) 45.85
9 ( 4%) 46.23
11 ( 3%) 46.02
13 ( 4%) 35.65
15 ( 4%) 40.59
17 ( 4%) 20.39
19 ( 4%) 24.02
21 ( 4%) 22.22
23 ( 4%) 22.93
25 ( 4%) 17.00
27 ( 4%) 24.14
29 ( 3%) 24.08
31 ( 3%) 20.24
33 ( 2%) 16.43
35 ( 2%) 17.81
37 ( 2%) 19.66
39 ( 3%) 20.39
41 ( 3%) 22.15
43 ( 2%) 17.39
45 ( 2%) 17.86
47 ( 2%) 24.24
49 ( 2%) 16.90
51 ( 2%) 22.73
53 ( 2%) 18.66
55 ( 2%) 15.13
57 ( 2%)  9.79
59 ( 2%) 18.69
61 ( 1%) 28.12
63 ( 0%) 20.00
65 ( 0%) 22.22
67 ( 0%)  0.00
result accuracy by symbol:
( (91%) 24.76
) (91%) 24.76
* (87%) 23.09
+ (84%) 23.15
- (77%) 27.27
/ (76%) 25.65
0 (52%) 27.15
1 (60%) 24.73
2 (61%) 24.29
3 (62%) 24.16
4 (61%) 22.62
5 (62%) 24.02
6 (62%) 23.06
7 (63%) 23.38
8 (64%) 21.85
9 (63%) 22.29
result accuracy by digit:
0 ( 0%) 100.00
1 ( 0%) 100.00
2 ( 0%) 100.00
3 ( 0%) 100.00
4 ( 0%) 100.00
5 ( 0%) 100.00
6 ( 0%) 100.00
7 ( 0%) 100.00
8 ( 0%) 100.00
9 ( 0%) 100.00
result accuracy by result:
0 (21%) 72.57
1 (10%) 41.20
2 ( 4%) 27.78
3 ( 2%) 35.56
4 ( 2%) 22.56
5 ( 2%) 31.00
6 ( 2%) 34.78
7 ( 2%) 30.97
8 ( 2%) 27.35
9 ( 1%) 31.40
result accuracy by generalization:
1 (22.45%) 63.18
2 (22.96%) 33.96
3 (22.53%)  2.45
4 (15.82%) 33.68
5 (16.24%)  4.65
error cases:
4*6 [1, -1, 1] 24 42
6*4 [1, -1, 1] 24 32
3*5 [1, -1, 1] 15 25
5*3 [1, -1, 1] 15 25
5-1 [1, -1, 1] 4 3
8/8 [1, -1, 1] 1 2
3+3 [1, -1, 1] 6 8
6+9 [1, -1, 1] 15 35
6+3 [1, -1, 1] 9 11
8*2 [1, -1, 1] 16 56
val (Perception Acc=0.00, Head Acc=0.00, Result Acc=28.61)
Epoch time: 0m 35s
------------------------------
Epoch 70/199 (max_len=15, data=6058)
Train acc: 99.87, loss: 0.012 
Epoch time: 0m 23s
------------------------------
Epoch 71/199 (max_len=15, data=6058)
Train acc: 99.95, loss: 0.010 
Epoch time: 0m 22s
------------------------------
Epoch 72/199 (max_len=15, data=6058)
Train acc: 99.97, loss: 0.008 
Epoch time: 0m 22s
------------------------------
Epoch 73/199 (max_len=15, data=6058)
Train acc: 99.98, loss: 0.006 
Epoch time: 0m 22s
------------------------------
Epoch 74/199 (max_len=15, data=6058)
Train acc: 100.00, loss: 0.005 
result accuracy by length:
1 ( 2%) 100.00
3 ( 2%) 88.00
5 ( 2%) 50.39
7 ( 4%) 47.16
9 ( 4%) 48.74
11 ( 3%) 45.45
13 ( 4%) 35.19
15 ( 4%) 41.58
17 ( 4%) 21.36
19 ( 4%) 24.51
21 ( 4%) 23.74
23 ( 4%) 21.95
25 ( 4%) 19.00
27 ( 4%) 24.14
29 ( 3%) 22.51
31 ( 3%) 19.64
33 ( 2%) 15.00
35 ( 2%) 19.86
37 ( 2%) 20.51
39 ( 3%) 21.05
41 ( 3%) 20.13
43 ( 2%) 17.39
45 ( 2%) 19.64
47 ( 2%) 23.48
49 ( 2%) 18.31
51 ( 2%) 22.73
53 ( 2%) 17.16
55 ( 2%) 15.97
57 ( 2%) 11.89
59 ( 2%) 18.69
61 ( 1%) 31.25
63 ( 0%) 20.00
65 ( 0%) 22.22
67 ( 0%)  0.00
result accuracy by symbol:
( (91%) 25.16
) (91%) 25.16
* (87%) 23.44
+ (84%) 23.59
- (77%) 27.59
/ (76%) 26.15
0 (52%) 27.50
1 (60%) 25.33
2 (61%) 24.75
3 (62%) 24.56
4 (61%) 22.99
5 (62%) 24.38
6 (62%) 23.13
7 (63%) 23.57
8 (64%) 22.20
9 (63%) 22.64
result accuracy by digit:
0 ( 0%) 100.00
1 ( 0%) 100.00
2 ( 0%) 100.00
3 ( 0%) 100.00
4 ( 0%) 100.00
5 ( 0%) 100.00
6 ( 0%) 100.00
7 ( 0%) 100.00
8 ( 0%) 100.00
9 ( 0%) 100.00
result accuracy by result:
0 (21%) 72.48
1 (10%) 41.95
2 ( 4%) 30.81
3 ( 2%) 36.30
4 ( 2%) 22.56
5 ( 2%) 32.00
6 ( 2%) 36.52
7 ( 2%) 33.63
8 ( 2%) 26.50
9 ( 1%) 33.72
result accuracy by generalization:
1 (22.45%) 63.91
2 (22.96%) 34.84
3 (22.53%)  2.36
4 (15.82%) 33.68
5 (16.24%)  5.28
error cases:
4*6 [1, -1, 1] 24 42
6*4 [1, -1, 1] 24 32
3*5 [1, -1, 1] 15 25
5*3 [1, -1, 1] 15 25
5-1 [1, -1, 1] 4 3
3+3 [1, -1, 1] 6 8
6+9 [1, -1, 1] 15 35
6+3 [1, -1, 1] 9 11
8*2 [1, -1, 1] 16 56
4+3 [1, -1, 1] 7 10
val (Perception Acc=0.00, Head Acc=0.00, Result Acc=29.06)
Epoch time: 0m 35s
------------------------------
Epoch 75/199 (max_len=15, data=6058)
Train acc: 100.00, loss: 0.004 
Epoch time: 0m 22s
------------------------------
Epoch 76/199 (max_len=15, data=6058)
Train acc: 100.00, loss: 0.004 
Epoch time: 0m 22s
------------------------------
Epoch 77/199 (max_len=15, data=6058)
Train acc: 100.00, loss: 0.004 
Epoch time: 0m 22s
------------------------------
Epoch 78/199 (max_len=15, data=6058)
Train acc: 100.00, loss: 0.003 
Epoch time: 0m 23s
------------------------------
Epoch 79/199 (max_len=15, data=6058)
Train acc: 100.00, loss: 0.003 
result accuracy by length:
1 ( 2%) 100.00
3 ( 2%) 88.00
5 ( 2%) 50.39
7 ( 4%) 46.29
9 ( 4%) 49.75
11 ( 3%) 46.02
13 ( 4%) 35.65
15 ( 4%) 41.58
17 ( 4%) 19.90
19 ( 4%) 25.49
21 ( 4%) 23.74
23 ( 4%) 22.44
25 ( 4%) 19.50
27 ( 4%) 23.15
29 ( 3%) 21.47
31 ( 3%) 19.64
33 ( 2%) 13.57
35 ( 2%) 15.75
37 ( 2%) 19.66
39 ( 3%) 20.39
41 ( 3%) 21.48
43 ( 2%) 16.67
45 ( 2%) 19.64
47 ( 2%) 21.97
49 ( 2%) 16.20
51 ( 2%) 23.48
53 ( 2%) 17.91
55 ( 2%) 15.97
57 ( 2%) 11.19
59 ( 2%) 18.69
61 ( 1%) 28.12
63 ( 0%) 22.86
65 ( 0%) 22.22
67 ( 0%)  0.00
result accuracy by symbol:
( (91%) 24.83
) (91%) 24.83
* (87%) 23.18
+ (84%) 23.11
- (77%) 27.24
/ (76%) 25.89
0 (52%) 27.03
1 (60%) 24.80
2 (61%) 24.02
3 (62%) 24.23
4 (61%) 22.59
5 (62%) 23.96
6 (62%) 22.80
7 (63%) 23.44
8 (64%) 21.97
9 (63%) 22.19
result accuracy by digit:
0 ( 0%) 100.00
1 ( 0%) 100.00
2 ( 0%) 100.00
3 ( 0%) 100.00
4 ( 0%) 100.00
5 ( 0%) 100.00
6 ( 0%) 100.00
7 ( 0%) 100.00
8 ( 0%) 100.00
9 ( 0%) 100.00
result accuracy by result:
0 (21%) 71.14
1 (10%) 42.32
2 ( 4%) 29.80
3 ( 2%) 36.30
4 ( 2%) 21.80
5 ( 2%) 33.00
6 ( 2%) 37.39
7 ( 2%) 32.74
8 ( 2%) 27.35
9 ( 1%) 33.72
result accuracy by generalization:
1 (22.45%) 63.73
2 (22.96%) 33.96
3 (22.53%)  2.54
4 (15.82%) 33.94
5 (16.24%)  4.40
error cases:
4*6 [1, -1, 1] 24 42
6*4 [1, -1, 1] 24 32
3*5 [1, -1, 1] 15 25
5*3 [1, -1, 1] 15 25
5-1 [1, -1, 1] 4 3
3+3 [1, -1, 1] 6 8
6+9 [1, -1, 1] 15 35
6+3 [1, -1, 1] 9 11
8*2 [1, -1, 1] 16 56
4+3 [1, -1, 1] 7 10
val (Perception Acc=0.00, Head Acc=0.00, Result Acc=28.76)
Epoch time: 0m 36s
------------------------------
Epoch 80/199 (max_len=inf, data=11170)
Train acc: 55.58, loss: 0.663 
Epoch time: 1m 20s
------------------------------
Epoch 81/199 (max_len=inf, data=11170)
Train acc: 61.20, loss: 0.537 
Epoch time: 1m 20s
------------------------------
Epoch 82/199 (max_len=inf, data=11170)
Train acc: 65.64, loss: 0.467 
Epoch time: 1m 20s
------------------------------
Epoch 83/199 (max_len=inf, data=11170)
Train acc: 69.09, loss: 0.407 
Epoch time: 1m 20s
------------------------------
Epoch 84/199 (max_len=inf, data=11170)
Train acc: 72.68, loss: 0.360 
result accuracy by length:
1 ( 2%) 100.00
3 ( 2%) 92.00
5 ( 2%) 51.16
7 ( 4%) 44.10
9 ( 4%) 42.71
11 ( 3%) 42.05
13 ( 4%) 38.43
15 ( 4%) 35.64
17 ( 4%) 28.64
19 ( 4%) 37.25
21 ( 4%) 28.79
23 ( 4%) 29.27
25 ( 4%) 25.00
27 ( 4%) 34.98
29 ( 3%) 32.98
31 ( 3%) 27.38
33 ( 2%) 20.00
35 ( 2%) 20.55
37 ( 2%) 26.50
39 ( 3%) 23.68
41 ( 3%) 24.16
43 ( 2%) 22.46
45 ( 2%) 18.75
47 ( 2%) 27.27
49 ( 2%) 19.72
51 ( 2%) 23.48
53 ( 2%) 21.64
55 ( 2%) 16.81
57 ( 2%) 23.78
59 ( 2%) 15.89
61 ( 1%) 21.88
63 ( 0%) 25.71
65 ( 0%) 22.22
67 ( 0%) 33.33
result accuracy by symbol:
( (91%) 28.80
) (91%) 28.80
* (87%) 27.30
+ (84%) 27.43
- (77%) 31.60
/ (76%) 30.23
0 (52%) 31.64
1 (60%) 29.18
2 (61%) 28.57
3 (62%) 28.43
4 (61%) 27.20
5 (62%) 27.86
6 (62%) 27.38
7 (63%) 28.03
8 (64%) 25.83
9 (63%) 26.09
result accuracy by digit:
0 ( 0%) 100.00
1 ( 0%) 100.00
2 ( 0%) 100.00
3 ( 0%) 100.00
4 ( 0%) 100.00
5 ( 0%) 100.00
6 ( 0%) 100.00
7 ( 0%) 100.00
8 ( 0%) 100.00
9 ( 0%) 100.00
result accuracy by result:
0 (21%) 90.57
1 (10%) 38.39
2 ( 4%) 22.73
3 ( 2%) 29.63
4 ( 2%) 24.81
5 ( 2%) 41.00
6 ( 2%) 33.04
7 ( 2%) 36.28
8 ( 2%) 31.62
9 ( 1%) 32.56
result accuracy by generalization:
1 (22.45%) 69.45
2 (22.96%) 39.64
3 (22.53%)  3.08
4 (15.82%) 41.29
5 (16.24%)  3.14
error cases:
9*1 [1, -1, 1] 9 18
3*5 [1, -1, 1] 15 25
1+8 [1, -1, 1] 9 10
6+3 [1, -1, 1] 9 11
3*3 [1, -1, 1] 9 10
2-1 [1, -1, 1] 1 0
3-2 [1, -1, 1] 1 0
3*1 [1, -1, 1] 3 6
4+8+6 [1, 3, 1, -1, 3] 18 20
9/(9-2) [1, -1, 4, 4, 1, 4, 4] 2 3
val (Perception Acc=0.00, Head Acc=0.00, Result Acc=32.43)
Epoch time: 1m 32s
------------------------------
Epoch 85/199 (max_len=inf, data=11170)
Train acc: 75.41, loss: 0.316 
Epoch time: 1m 20s
------------------------------
Epoch 86/199 (max_len=inf, data=11170)
Train acc: 77.69, loss: 0.281 
Epoch time: 1m 20s
------------------------------
Epoch 87/199 (max_len=inf, data=11170)
Train acc: 80.00, loss: 0.252 
Epoch time: 1m 20s
------------------------------
Epoch 88/199 (max_len=inf, data=11170)
Train acc: 83.22, loss: 0.214 
Epoch time: 1m 20s
------------------------------
Epoch 89/199 (max_len=inf, data=11170)
Train acc: 85.51, loss: 0.184 
result accuracy by length:
1 ( 2%) 100.00
3 ( 2%) 90.00
5 ( 2%) 51.16
7 ( 4%) 45.41
9 ( 4%) 48.74
11 ( 3%) 42.05
13 ( 4%) 39.81
15 ( 4%) 43.07
17 ( 4%) 37.86
19 ( 4%) 44.12
21 ( 4%) 35.35
23 ( 4%) 35.12
25 ( 4%) 29.50
27 ( 4%) 38.92
29 ( 3%) 36.65
31 ( 3%) 28.57
33 ( 2%) 18.57
35 ( 2%) 19.86
37 ( 2%) 27.35
39 ( 3%) 21.05
41 ( 3%) 25.50
43 ( 2%) 21.01
45 ( 2%) 19.64
47 ( 2%) 26.52
49 ( 2%) 19.72
51 ( 2%) 25.76
53 ( 2%) 19.40
55 ( 2%) 15.97
57 ( 2%) 23.08
59 ( 2%) 14.02
61 ( 1%) 21.88
63 ( 0%) 22.86
65 ( 0%) 22.22
67 ( 0%) 33.33
result accuracy by symbol:
( (91%) 31.15
) (91%) 31.15
* (87%) 29.11
+ (84%) 29.48
- (77%) 33.52
/ (76%) 32.68
0 (52%) 33.44
1 (60%) 31.06
2 (61%) 30.56
3 (62%) 30.56
4 (61%) 29.22
5 (62%) 29.82
6 (62%) 29.17
7 (63%) 29.80
8 (64%) 27.45
9 (63%) 27.65
result accuracy by digit:
0 ( 0%) 100.00
1 ( 0%) 100.00
2 ( 0%) 100.00
3 ( 0%) 100.00
4 ( 0%) 100.00
5 ( 0%) 100.00
6 ( 0%) 100.00
7 ( 0%) 100.00
8 ( 0%) 100.00
9 ( 0%) 100.00
result accuracy by result:
0 (21%) 88.48
1 (10%) 42.70
2 ( 4%) 31.31
3 ( 2%) 39.26
4 ( 2%) 30.08
5 ( 2%) 44.00
6 ( 2%) 36.52
7 ( 2%) 45.13
8 ( 2%) 40.17
9 ( 1%) 40.70
result accuracy by generalization:
1 (22.45%) 78.64
2 (22.96%) 40.62
3 (22.53%)  3.17
4 (15.82%) 40.65
5 (16.24%)  2.64
error cases:
4*6 [1, -1, 1] 24 42
6*4 [1, -1, 1] 24 42
3*5 [1, -1, 1] 15 25
5*5 [1, -1, 1] 25 20
1+8 [1, -1, 1] 9 10
6+3 [1, -1, 1] 9 11
3*3 [1, -1, 1] 9 11
9+7 [1, -1, 1] 16 36
2-1 [1, -1, 1] 1 0
9+6 [1, -1, 1] 15 25
val (Perception Acc=0.00, Head Acc=0.00, Result Acc=34.55)
Epoch time: 1m 33s
------------------------------
Epoch 90/199 (max_len=inf, data=11170)
Train acc: 87.63, loss: 0.160 
Epoch time: 1m 20s
------------------------------
Epoch 91/199 (max_len=inf, data=11170)
Train acc: 89.74, loss: 0.136 
Epoch time: 1m 20s
------------------------------
Epoch 92/199 (max_len=inf, data=11170)
Train acc: 91.94, loss: 0.116 
Epoch time: 1m 19s
------------------------------
Epoch 93/199 (max_len=inf, data=11170)
Train acc: 93.31, loss: 0.098 
Epoch time: 1m 20s
------------------------------
Epoch 94/199 (max_len=inf, data=11170)
Train acc: 94.89, loss: 0.080 
result accuracy by length:
1 ( 2%) 100.00
3 ( 2%) 90.00
5 ( 2%) 50.39
7 ( 4%) 45.41
9 ( 4%) 46.73
11 ( 3%) 42.61
13 ( 4%) 37.96
15 ( 4%) 39.60
17 ( 4%) 39.81
19 ( 4%) 48.04
21 ( 4%) 37.37
23 ( 4%) 37.56
25 ( 4%) 39.00
27 ( 4%) 39.90
29 ( 3%) 39.79
31 ( 3%) 33.93
33 ( 2%) 15.71
35 ( 2%) 20.55
37 ( 2%) 29.06
39 ( 3%) 21.05
41 ( 3%) 24.16
43 ( 2%) 21.01
45 ( 2%) 15.18
47 ( 2%) 25.76
49 ( 2%) 17.61
51 ( 2%) 28.79
53 ( 2%) 18.66
55 ( 2%) 17.65
57 ( 2%) 20.98
59 ( 2%) 14.02
61 ( 1%) 20.31
63 ( 0%) 22.86
65 ( 0%) 22.22
67 ( 0%) 33.33
result accuracy by symbol:
( (91%) 31.88
) (91%) 31.88
* (87%) 30.04
+ (84%) 30.39
- (77%) 34.38
/ (76%) 33.34
0 (52%) 33.75
1 (60%) 31.49
2 (61%) 31.33
3 (62%) 31.67
4 (61%) 29.45
5 (62%) 30.57
6 (62%) 29.66
7 (63%) 30.16
8 (64%) 28.03
9 (63%) 28.96
result accuracy by digit:
0 ( 0%) 100.00
1 ( 0%) 100.00
2 ( 0%) 100.00
3 ( 0%) 100.00
4 ( 0%) 100.00
5 ( 0%) 100.00
6 ( 0%) 100.00
7 ( 0%) 100.00
8 ( 0%) 100.00
9 ( 0%) 100.00
result accuracy by result:
0 (21%) 84.00
1 (10%) 50.37
2 ( 4%) 32.32
3 ( 2%) 46.67
4 ( 2%) 27.07
5 ( 2%) 43.00
6 ( 2%) 32.17
7 ( 2%) 44.25
8 ( 2%) 35.90
9 ( 1%) 40.70
result accuracy by generalization:
1 (22.45%) 85.00
2 (22.96%) 37.69
3 (22.53%)  3.53
4 (15.82%) 37.68
5 (16.24%)  4.27
error cases:
4*6 [1, -1, 1] 24 42
6*4 [1, -1, 1] 24 42
3*5 [1, -1, 1] 15 25
5*5 [1, -1, 1] 25 20
3+3 [1, -1, 1] 6 8
1+8 [1, -1, 1] 9 10
6+3 [1, -1, 1] 9 8
3*3 [1, -1, 1] 9 10
9+7 [1, -1, 1] 16 36
3*1 [1, -1, 1] 3 2
val (Perception Acc=0.00, Head Acc=0.00, Result Acc=35.18)
Epoch time: 1m 33s
------------------------------
Epoch 95/199 (max_len=inf, data=11170)
Train acc: 96.38, loss: 0.065 
Epoch time: 1m 20s
------------------------------
Epoch 96/199 (max_len=inf, data=11170)
Train acc: 97.50, loss: 0.054 
Epoch time: 1m 20s
------------------------------
Epoch 97/199 (max_len=inf, data=11170)
Train acc: 97.71, loss: 0.049 
Epoch time: 1m 20s
------------------------------
Epoch 98/199 (max_len=inf, data=11170)
Train acc: 98.51, loss: 0.038 
Epoch time: 1m 20s
------------------------------
Epoch 99/199 (max_len=inf, data=11170)
Train acc: 98.52, loss: 0.034 
result accuracy by length:
1 ( 2%) 100.00
3 ( 2%) 92.00
5 ( 2%) 48.06
7 ( 4%) 44.10
9 ( 4%) 47.24
11 ( 3%) 42.05
13 ( 4%) 37.96
15 ( 4%) 40.10
17 ( 4%) 42.23
19 ( 4%) 48.04
21 ( 4%) 41.41
23 ( 4%) 39.51
25 ( 4%) 38.50
27 ( 4%) 40.39
29 ( 3%) 40.31
31 ( 3%) 38.69
33 ( 2%) 17.86
35 ( 2%) 23.29
37 ( 2%) 22.22
39 ( 3%) 21.71
41 ( 3%) 26.17
43 ( 2%) 23.19
45 ( 2%) 18.75
47 ( 2%) 26.52
49 ( 2%) 20.42
51 ( 2%) 25.76
53 ( 2%) 18.66
55 ( 2%) 15.13
57 ( 2%) 21.68
59 ( 2%) 14.95
61 ( 1%) 17.19
63 ( 0%) 28.57
65 ( 0%) 33.33
67 ( 0%) 33.33
result accuracy by symbol:
( (91%) 32.69
) (91%) 32.69
* (87%) 30.69
+ (84%) 31.35
- (77%) 35.43
/ (76%) 34.03
0 (52%) 34.80
1 (60%) 32.56
2 (61%) 32.26
3 (62%) 32.03
4 (61%) 30.32
5 (62%) 31.35
6 (62%) 30.45
7 (63%) 31.03
8 (64%) 28.73
9 (63%) 29.31
result accuracy by digit:
0 ( 0%) 100.00
1 ( 0%) 100.00
2 ( 0%) 100.00
3 ( 0%) 100.00
4 ( 0%) 100.00
5 ( 0%) 100.00
6 ( 0%) 100.00
7 ( 0%) 100.00
8 ( 0%) 100.00
9 ( 0%) 100.00
result accuracy by result:
0 (21%) 85.62
1 (10%) 46.44
2 ( 4%) 31.82
3 ( 2%) 46.67
4 ( 2%) 36.09
5 ( 2%) 42.00
6 ( 2%) 36.52
7 ( 2%) 47.79
8 ( 2%) 38.46
9 ( 1%) 43.02
result accuracy by generalization:
1 (22.45%) 86.91
2 (22.96%) 38.04
3 (22.53%)  3.26
4 (15.82%) 39.61
5 (16.24%)  3.89
error cases:
4*6 [1, -1, 1] 24 42
6*4 [1, -1, 1] 24 42
3*5 [1, -1, 1] 15 25
5*5 [1, -1, 1] 25 20
2*4 [1, -1, 1] 8 28
3+3 [1, -1, 1] 6 8
6+3 [1, -1, 1] 9 8
3*3 [1, -1, 1] 9 10
2*3*2 [1, 3, 1, -1, 3] 12 32
4+8+6 [1, 3, 1, -1, 3] 18 28
val (Perception Acc=0.00, Head Acc=0.00, Result Acc=35.88)
Epoch time: 1m 33s
------------------------------
Epoch 100/199 (max_len=inf, data=11170)
Train acc: 98.80, loss: 0.030 
Epoch time: 1m 20s
------------------------------
Epoch 101/199 (max_len=inf, data=11170)
Train acc: 99.21, loss: 0.025 
Epoch time: 1m 20s
------------------------------
Epoch 102/199 (max_len=inf, data=11170)
Train acc: 98.52, loss: 0.030 
Epoch time: 1m 20s
------------------------------
Epoch 103/199 (max_len=inf, data=11170)
Train acc: 91.55, loss: 0.106 
Epoch time: 1m 20s
------------------------------
Epoch 104/199 (max_len=inf, data=11170)
Train acc: 92.26, loss: 0.099 
result accuracy by length:
1 ( 2%) 100.00
3 ( 2%) 90.00
5 ( 2%) 50.39
7 ( 4%) 46.29
9 ( 4%) 45.73
11 ( 3%) 42.61
13 ( 4%) 38.89
15 ( 4%) 41.09
17 ( 4%) 35.92
19 ( 4%) 45.59
21 ( 4%) 40.91
23 ( 4%) 37.56
25 ( 4%) 35.00
27 ( 4%) 39.41
29 ( 3%) 39.27
31 ( 3%) 36.31
33 ( 2%) 20.71
35 ( 2%) 22.60
37 ( 2%) 24.79
39 ( 3%) 22.37
41 ( 3%) 25.50
43 ( 2%) 23.91
45 ( 2%) 17.86
47 ( 2%) 28.03
49 ( 2%) 19.01
51 ( 2%) 26.52
53 ( 2%) 18.66
55 ( 2%) 16.81
57 ( 2%) 20.98
59 ( 2%) 19.63
61 ( 1%) 20.31
63 ( 0%) 25.71
65 ( 0%) 22.22
67 ( 0%) 33.33
result accuracy by symbol:
( (91%) 32.24
) (91%) 32.24
* (87%) 30.37
+ (84%) 30.87
- (77%) 34.80
/ (76%) 33.72
0 (52%) 34.53
1 (60%) 32.60
2 (61%) 32.06
3 (62%) 31.28
4 (61%) 29.85
5 (62%) 31.22
6 (62%) 30.09
7 (63%) 30.26
8 (64%) 28.79
9 (63%) 29.15
result accuracy by digit:
0 ( 0%) 100.00
1 ( 0%) 100.00
2 ( 0%) 100.00
3 ( 0%) 100.00
4 ( 0%) 100.00
5 ( 0%) 100.00
6 ( 0%) 100.00
7 ( 0%) 100.00
8 ( 0%) 100.00
9 ( 0%) 100.00
result accuracy by result:
0 (21%) 86.48
1 (10%) 51.31
2 ( 4%) 33.84
3 ( 2%) 40.00
4 ( 2%) 24.81
5 ( 2%) 45.00
6 ( 2%) 36.52
7 ( 2%) 46.02
8 ( 2%) 36.75
9 ( 1%) 39.53
result accuracy by generalization:
1 (22.45%) 82.91
2 (22.96%) 39.38
3 (22.53%)  3.71
4 (15.82%) 39.35
5 (16.24%)  5.03
error cases:
4*6 [1, -1, 1] 24 42
6*4 [1, -1, 1] 24 42
5*3 [1, -1, 1] 15 20
3+3 [1, -1, 1] 6 8
3*2 [1, -1, 1] 6 10
6+3 [1, -1, 1] 9 8
3*3 [1, -1, 1] 9 10
7/3 [1, -1, 1] 3 2
4*5 [1, -1, 1] 20 25
3*1 [1, -1, 1] 3 6
val (Perception Acc=0.00, Head Acc=0.00, Result Acc=35.53)
Epoch time: 1m 33s
------------------------------
Epoch 105/199 (max_len=inf, data=11170)
Train acc: 96.09, loss: 0.058 
Epoch time: 1m 20s
------------------------------
Epoch 106/199 (max_len=inf, data=11170)
Train acc: 98.52, loss: 0.030 
Epoch time: 1m 20s
------------------------------
Epoch 107/199 (max_len=inf, data=11170)
Train acc: 99.35, loss: 0.018 
Epoch time: 1m 20s
------------------------------
Epoch 108/199 (max_len=inf, data=11170)
Train acc: 99.79, loss: 0.012 
Epoch time: 1m 20s
------------------------------
Epoch 109/199 (max_len=inf, data=11170)
Train acc: 99.90, loss: 0.008 
result accuracy by length:
1 ( 2%) 100.00
3 ( 2%) 92.00
5 ( 2%) 51.94
7 ( 4%) 44.98
9 ( 4%) 48.24
11 ( 3%) 42.05
13 ( 4%) 41.20
15 ( 4%) 43.56
17 ( 4%) 40.78
19 ( 4%) 50.00
21 ( 4%) 44.44
23 ( 4%) 41.46
25 ( 4%) 42.00
27 ( 4%) 42.86
29 ( 3%) 43.46
31 ( 3%) 37.50
33 ( 2%) 18.57
35 ( 2%) 22.60
37 ( 2%) 26.50
39 ( 3%) 17.76
41 ( 3%) 26.85
43 ( 2%) 23.19
45 ( 2%) 15.18
47 ( 2%) 26.52
49 ( 2%) 18.31
51 ( 2%) 25.76
53 ( 2%) 20.15
55 ( 2%) 17.65
57 ( 2%) 21.68
59 ( 2%) 18.69
61 ( 1%) 18.75
63 ( 0%) 31.43
65 ( 0%) 33.33
67 ( 0%) 33.33
result accuracy by symbol:
( (91%) 33.71
) (91%) 33.71
* (87%) 31.64
+ (84%) 32.46
- (77%) 36.35
/ (76%) 35.34
0 (52%) 35.98
1 (60%) 33.80
2 (61%) 33.29
3 (62%) 32.89
4 (61%) 31.44
5 (62%) 32.36
6 (62%) 31.46
7 (63%) 31.80
8 (64%) 29.65
9 (63%) 30.24
result accuracy by digit:
0 ( 0%) 100.00
1 ( 0%) 100.00
2 ( 0%) 100.00
3 ( 0%) 100.00
4 ( 0%) 100.00
5 ( 0%) 100.00
6 ( 0%) 100.00
7 ( 0%) 100.00
8 ( 0%) 100.00
9 ( 0%) 100.00
result accuracy by result:
0 (21%) 86.67
1 (10%) 50.00
2 ( 4%) 34.34
3 ( 2%) 47.41
4 ( 2%) 34.59
5 ( 2%) 46.00
6 ( 2%) 37.39
7 ( 2%) 50.44
8 ( 2%) 40.17
9 ( 1%) 44.19
result accuracy by generalization:
1 (22.45%) 91.45
2 (22.96%) 38.22
3 (22.53%)  3.53
4 (15.82%) 39.61
5 (16.24%)  3.77
error cases:
6*4 [1, -1, 1] 24 42
3*5 [1, -1, 1] 15 25
5*3 [1, -1, 1] 15 25
3+3 [1, -1, 1] 6 8
6+3 [1, -1, 1] 9 8
3*3 [1, -1, 1] 9 10
4+9 [1, -1, 1] 13 16
9+6 [1, -1, 1] 15 25
4+8+6 [1, 3, 1, -1, 3] 18 28
9/(9-2) [1, -1, 4, 4, 1, 4, 4] 2 3
val (Perception Acc=0.00, Head Acc=0.00, Result Acc=36.98)
Epoch time: 1m 33s
------------------------------
Epoch 110/199 (max_len=inf, data=11170)
Train acc: 99.98, loss: 0.005 
Epoch time: 1m 20s
------------------------------
Epoch 111/199 (max_len=inf, data=11170)
Train acc: 99.98, loss: 0.003 
Epoch time: 1m 20s
------------------------------
Epoch 112/199 (max_len=inf, data=11170)
Train acc: 99.99, loss: 0.003 
Epoch time: 1m 20s
------------------------------
Epoch 113/199 (max_len=inf, data=11170)
Train acc: 99.99, loss: 0.002 
Epoch time: 1m 20s
------------------------------
Epoch 114/199 (max_len=inf, data=11170)
Train acc: 100.00, loss: 0.002 
result accuracy by length:
1 ( 2%) 100.00
3 ( 2%) 93.00
5 ( 2%) 51.94
7 ( 4%) 45.41
9 ( 4%) 47.24
11 ( 3%) 43.18
13 ( 4%) 41.67
15 ( 4%) 44.06
17 ( 4%) 42.23
19 ( 4%) 50.00
21 ( 4%) 42.42
23 ( 4%) 42.93
25 ( 4%) 43.50
27 ( 4%) 43.84
29 ( 3%) 43.46
31 ( 3%) 38.10
33 ( 2%) 18.57
35 ( 2%) 22.60
37 ( 2%) 24.79
39 ( 3%) 17.76
41 ( 3%) 24.16
43 ( 2%) 23.91
45 ( 2%) 15.18
47 ( 2%) 27.27
49 ( 2%) 19.72
51 ( 2%) 25.76
53 ( 2%) 18.66
55 ( 2%) 17.65
57 ( 2%) 22.38
59 ( 2%) 17.76
61 ( 1%) 18.75
63 ( 0%) 31.43
65 ( 0%) 33.33
67 ( 0%) 33.33
result accuracy by symbol:
( (91%) 33.87
) (91%) 33.87
* (87%) 31.81
+ (84%) 32.60
- (77%) 36.40
/ (76%) 35.50
0 (52%) 36.02
1 (60%) 34.20
2 (61%) 33.39
3 (62%) 33.02
4 (61%) 31.48
5 (62%) 32.62
6 (62%) 31.72
7 (63%) 31.71
8 (64%) 29.59
9 (63%) 30.36
result accuracy by digit:
0 ( 0%) 100.00
1 ( 0%) 100.00
2 ( 0%) 100.00
3 ( 0%) 100.00
4 ( 0%) 100.00
5 ( 0%) 100.00
6 ( 0%) 100.00
7 ( 0%) 100.00
8 ( 0%) 100.00
9 ( 0%) 100.00
result accuracy by result:
0 (21%) 86.19
1 (10%) 50.75
2 ( 4%) 35.35
3 ( 2%) 47.41
4 ( 2%) 31.58
5 ( 2%) 45.00
6 ( 2%) 38.26
7 ( 2%) 49.56
8 ( 2%) 44.44
9 ( 1%) 41.86
result accuracy by generalization:
1 (22.45%) 92.27
2 (22.96%) 38.67
3 (22.53%)  3.17
4 (15.82%) 39.35
5 (16.24%)  3.77
error cases:
6*4 [1, -1, 1] 24 42
3*5 [1, -1, 1] 15 25
5*3 [1, -1, 1] 15 25
3+3 [1, -1, 1] 6 8
6+3 [1, -1, 1] 9 8
3*3 [1, -1, 1] 9 10
4+9 [1, -1, 1] 13 16
4+8+6 [1, 3, 1, -1, 3] 18 28
9/(9-2) [1, -1, 4, 4, 1, 4, 4] 2 3
4*(3+5) [1, -1, 4, 4, 1, 4, 4] 32 72
val (Perception Acc=0.00, Head Acc=0.00, Result Acc=37.14)
Epoch time: 1m 33s
------------------------------
Epoch 115/199 (max_len=inf, data=11170)
Train acc: 100.00, loss: 0.002 
Epoch time: 1m 20s
------------------------------
Epoch 116/199 (max_len=inf, data=11170)
Train acc: 100.00, loss: 0.002 
Epoch time: 1m 20s
------------------------------
Epoch 117/199 (max_len=inf, data=11170)
Train acc: 100.00, loss: 0.001 
Epoch time: 1m 20s
------------------------------
Epoch 118/199 (max_len=inf, data=11170)
Train acc: 100.00, loss: 0.001 
Epoch time: 1m 20s
------------------------------
Epoch 119/199 (max_len=inf, data=11170)
Train acc: 100.00, loss: 0.001 
result accuracy by length:
1 ( 2%) 100.00
3 ( 2%) 94.00
5 ( 2%) 51.16
7 ( 4%) 44.98
9 ( 4%) 48.24
11 ( 3%) 43.18
13 ( 4%) 41.67
15 ( 4%) 43.07
17 ( 4%) 41.75
19 ( 4%) 48.53
21 ( 4%) 42.93
23 ( 4%) 41.95
25 ( 4%) 43.00
27 ( 4%) 42.36
29 ( 3%) 42.93
31 ( 3%) 38.10
33 ( 2%) 18.57
35 ( 2%) 21.23
37 ( 2%) 23.93
39 ( 3%) 17.76
41 ( 3%) 26.17
43 ( 2%) 23.19
45 ( 2%) 15.18
47 ( 2%) 25.76
49 ( 2%) 19.01
51 ( 2%) 25.76
53 ( 2%) 17.91
55 ( 2%) 16.81
57 ( 2%) 20.98
59 ( 2%) 16.82
61 ( 1%) 18.75
63 ( 0%) 25.71
65 ( 0%) 22.22
67 ( 0%) 33.33
result accuracy by symbol:
( (91%) 33.33
) (91%) 33.33
* (87%) 31.27
+ (84%) 32.03
- (77%) 35.83
/ (76%) 34.89
0 (52%) 35.43
1 (60%) 33.63
2 (61%) 32.72
3 (62%) 32.33
4 (61%) 31.11
5 (62%) 31.90
6 (62%) 31.07
7 (63%) 31.35
8 (64%) 29.11
9 (63%) 29.95
result accuracy by digit:
0 ( 0%) 100.00
1 ( 0%) 100.00
2 ( 0%) 100.00
3 ( 0%) 100.00
4 ( 0%) 100.00
5 ( 0%) 100.00
6 ( 0%) 100.00
7 ( 0%) 100.00
8 ( 0%) 100.00
9 ( 0%) 100.00
result accuracy by result:
0 (21%) 84.76
1 (10%) 50.75
2 ( 4%) 33.33
3 ( 2%) 46.67
4 ( 2%) 30.83
5 ( 2%) 47.00
6 ( 2%) 40.87
7 ( 2%) 47.79
8 ( 2%) 42.74
9 ( 1%) 41.86
result accuracy by generalization:
1 (22.45%) 91.45
2 (22.96%) 38.04
3 (22.53%)  3.35
4 (15.82%) 38.06
5 (16.24%)  3.89
error cases:
6*4 [1, -1, 1] 24 42
3*5 [1, -1, 1] 15 25
3+3 [1, -1, 1] 6 8
6+3 [1, -1, 1] 9 8
3*3 [1, -1, 1] 9 10
4*5 [1, -1, 1] 20 25
4+8+6 [1, 3, 1, -1, 3] 18 28
9/(9-2) [1, -1, 4, 4, 1, 4, 4] 2 3
4*(3+5) [1, -1, 4, 4, 1, 4, 4] 32 72
8+1/9 [1, -1, 3, 1, 3] 9 7
val (Perception Acc=0.00, Head Acc=0.00, Result Acc=36.67)
Epoch time: 1m 33s
------------------------------
Epoch 120/199 (max_len=inf, data=11170)
Train acc: 100.00, loss: 0.001 
Epoch time: 1m 19s
------------------------------
Epoch 121/199 (max_len=inf, data=11170)
Train acc: 100.00, loss: 0.001 
Epoch time: 1m 20s
------------------------------
Epoch 122/199 (max_len=inf, data=11170)
Train acc: 100.00, loss: 0.001 
Epoch time: 1m 20s
------------------------------
Epoch 123/199 (max_len=inf, data=11170)
Train acc: 98.33, loss: 0.021 
Epoch time: 1m 20s
------------------------------
Epoch 124/199 (max_len=inf, data=11170)
Train acc: 68.97, loss: 0.399 
result accuracy by length:
1 ( 2%) 99.00
3 ( 2%) 79.00
5 ( 2%) 47.29
7 ( 4%) 38.43
9 ( 4%) 38.19
11 ( 3%) 36.93
13 ( 4%) 31.48
15 ( 4%) 33.66
17 ( 4%) 31.07
19 ( 4%) 36.76
21 ( 4%) 33.84
23 ( 4%) 30.73
25 ( 4%) 29.50
27 ( 4%) 33.00
29 ( 3%) 35.60
31 ( 3%) 29.76
33 ( 2%) 13.57
35 ( 2%) 15.07
37 ( 2%) 17.95
39 ( 3%) 18.42
41 ( 3%) 20.13
43 ( 2%) 15.94
45 ( 2%) 15.18
47 ( 2%) 25.00
49 ( 2%) 17.61
51 ( 2%) 21.97
53 ( 2%) 16.42
55 ( 2%) 15.13
57 ( 2%) 17.48
59 ( 2%) 16.82
61 ( 1%) 20.31
63 ( 0%) 20.00
65 ( 0%) 22.22
67 ( 0%)  0.00
result accuracy by symbol:
( (91%) 26.77
) (91%) 26.77
* (87%) 24.67
+ (84%) 25.39
- (77%) 29.32
/ (76%) 28.31
0 (52%) 29.65
1 (60%) 26.51
2 (61%) 25.95
3 (62%) 26.82
4 (61%) 24.81
5 (62%) 25.98
6 (62%) 24.83
7 (63%) 25.02
8 (64%) 23.63
9 (63%) 24.04
result accuracy by digit:
0 ( 0%) 100.00
1 ( 0%) 90.00
2 ( 0%) 100.00
3 ( 0%) 100.00
4 ( 0%) 100.00
5 ( 0%) 100.00
6 ( 0%) 100.00
7 ( 0%) 100.00
8 ( 0%) 100.00
9 ( 0%) 100.00
result accuracy by result:
0 (21%) 71.14
1 (10%) 50.56
2 ( 4%) 24.24
3 ( 2%) 37.04
4 ( 2%) 29.32
5 ( 2%) 38.00
6 ( 2%) 27.83
7 ( 2%) 44.25
8 ( 2%) 32.48
9 ( 1%) 34.88
result accuracy by generalization:
1 (22.45%) 70.36
2 (22.96%) 33.07
3 (22.53%)  2.99
4 (15.82%) 32.90
5 (16.24%)  4.27
error cases:
1 [-1] 1 2
5*9 [1, -1, 1] 45 57
9*1 [1, -1, 1] 9 63
4*6 [1, -1, 1] 24 42
6*4 [1, -1, 1] 24 42
3*5 [1, -1, 1] 15 25
2*4 [1, -1, 1] 8 16
5*3 [1, -1, 1] 15 25
1+3 [1, -1, 1] 4 5
3+3 [1, -1, 1] 6 8
val (Perception Acc=0.00, Head Acc=0.00, Result Acc=29.96)
Epoch time: 1m 33s
------------------------------
Epoch 125/199 (max_len=inf, data=11170)
Train acc: 81.40, loss: 0.204 
Epoch time: 1m 20s
------------------------------
Epoch 126/199 (max_len=inf, data=11170)
Train acc: 90.87, loss: 0.104 
Epoch time: 1m 20s
------------------------------
Epoch 127/199 (max_len=inf, data=11170)
Train acc: 95.57, loss: 0.058 
Epoch time: 1m 20s
------------------------------
Epoch 128/199 (max_len=inf, data=11170)
Train acc: 98.82, loss: 0.026 
Epoch time: 1m 19s
------------------------------
Epoch 129/199 (max_len=inf, data=11170)
Train acc: 99.56, loss: 0.013 
result accuracy by length:
1 ( 2%) 100.00
3 ( 2%) 93.00
5 ( 2%) 51.16
7 ( 4%) 45.41
9 ( 4%) 48.74
11 ( 3%) 44.89
13 ( 4%) 41.67
15 ( 4%) 42.08
17 ( 4%) 42.72
19 ( 4%) 50.00
21 ( 4%) 42.42
23 ( 4%) 42.93
25 ( 4%) 41.00
27 ( 4%) 43.35
29 ( 3%) 40.84
31 ( 3%) 38.10
33 ( 2%) 20.00
35 ( 2%) 19.18
37 ( 2%) 21.37
39 ( 3%) 22.37
41 ( 3%) 23.49
43 ( 2%) 20.29
45 ( 2%) 14.29
47 ( 2%) 23.48
49 ( 2%) 21.13
51 ( 2%) 28.03
53 ( 2%) 17.16
55 ( 2%) 17.65
57 ( 2%) 20.98
59 ( 2%) 17.76
61 ( 1%) 21.88
63 ( 0%) 20.00
65 ( 0%) 22.22
67 ( 0%) 33.33
result accuracy by symbol:
( (91%) 33.38
) (91%) 33.38
* (87%) 31.41
+ (84%) 31.98
- (77%) 35.72
/ (76%) 34.94
0 (52%) 35.31
1 (60%) 33.20
2 (61%) 32.39
3 (62%) 32.92
4 (61%) 30.75
5 (62%) 31.90
6 (62%) 31.04
7 (63%) 31.35
8 (64%) 29.39
9 (63%) 29.60
result accuracy by digit:
0 ( 0%) 100.00
1 ( 0%) 100.00
2 ( 0%) 100.00
3 ( 0%) 100.00
4 ( 0%) 100.00
5 ( 0%) 100.00
6 ( 0%) 100.00
7 ( 0%) 100.00
8 ( 0%) 100.00
9 ( 0%) 100.00
result accuracy by result:
0 (21%) 83.43
1 (10%) 49.81
2 ( 4%) 40.91
3 ( 2%) 48.15
4 ( 2%) 33.08
5 ( 2%) 45.00
6 ( 2%) 41.74
7 ( 2%) 47.79
8 ( 2%) 42.74
9 ( 1%) 41.86
result accuracy by generalization:
1 (22.45%) 91.18
2 (22.96%) 38.22
3 (22.53%)  3.26
4 (15.82%) 38.32
5 (16.24%)  3.89
error cases:
4*6 [1, -1, 1] 24 42
3+3 [1, -1, 1] 6 8
6+3 [1, -1, 1] 9 8
3*3 [1, -1, 1] 9 10
2/4 [1, -1, 1] 1 2
2+7 [1, -1, 1] 9 16
4*5 [1, -1, 1] 20 35
2*3*2 [1, 3, 1, -1, 3] 12 16
4+8+6 [1, 3, 1, -1, 3] 18 20
2*9-7 [1, 3, 1, -1, 3] 11 7
val (Perception Acc=0.00, Head Acc=0.00, Result Acc=36.67)
Epoch time: 1m 33s
------------------------------
Epoch 130/199 (max_len=inf, data=11170)
Train acc: 99.93, loss: 0.007 
Epoch time: 1m 20s
------------------------------
Epoch 131/199 (max_len=inf, data=11170)
Train acc: 99.97, loss: 0.004 
Epoch time: 1m 20s
------------------------------
Epoch 132/199 (max_len=inf, data=11170)
Train acc: 100.00, loss: 0.003 
Epoch time: 1m 20s
------------------------------
Epoch 133/199 (max_len=inf, data=11170)
Train acc: 100.00, loss: 0.002 
Epoch time: 1m 20s
------------------------------
Epoch 134/199 (max_len=inf, data=11170)
Train acc: 100.00, loss: 0.002 
result accuracy by length:
1 ( 2%) 100.00
3 ( 2%) 91.00
5 ( 2%) 51.94
7 ( 4%) 45.41
9 ( 4%) 48.24
11 ( 3%) 44.89
13 ( 4%) 42.13
15 ( 4%) 43.07
17 ( 4%) 42.23
19 ( 4%) 50.49
21 ( 4%) 42.42
23 ( 4%) 43.90
25 ( 4%) 43.50
27 ( 4%) 43.84
29 ( 3%) 42.41
31 ( 3%) 38.10
33 ( 2%) 18.57
35 ( 2%) 18.49
37 ( 2%) 24.79
39 ( 3%) 20.39
41 ( 3%) 26.17
43 ( 2%) 21.01
45 ( 2%) 15.18
47 ( 2%) 24.24
49 ( 2%) 22.54
51 ( 2%) 27.27
53 ( 2%) 19.40
55 ( 2%) 15.97
57 ( 2%) 21.68
59 ( 2%) 16.82
61 ( 1%) 23.44
63 ( 0%) 28.57
65 ( 0%) 22.22
67 ( 0%) 33.33
result accuracy by symbol:
( (91%) 33.94
) (91%) 33.94
* (87%) 31.88
+ (84%) 32.58
- (77%) 36.35
/ (76%) 35.50
0 (52%) 36.21
1 (60%) 33.70
2 (61%) 33.12
3 (62%) 33.48
4 (61%) 31.41
5 (62%) 32.62
6 (62%) 31.43
7 (63%) 31.90
8 (64%) 29.90
9 (63%) 30.24
result accuracy by digit:
0 ( 0%) 100.00
1 ( 0%) 100.00
2 ( 0%) 100.00
3 ( 0%) 100.00
4 ( 0%) 100.00
5 ( 0%) 100.00
6 ( 0%) 100.00
7 ( 0%) 100.00
8 ( 0%) 100.00
9 ( 0%) 100.00
result accuracy by result:
0 (21%) 86.10
1 (10%) 48.88
2 ( 4%) 38.89
3 ( 2%) 48.15
4 ( 2%) 32.33
5 ( 2%) 46.00
6 ( 2%) 41.74
7 ( 2%) 48.67
8 ( 2%) 42.74
9 ( 1%) 41.86
result accuracy by generalization:
1 (22.45%) 91.55
2 (22.96%) 39.11
3 (22.53%)  3.17
4 (15.82%) 39.87
5 (16.24%)  3.64
error cases:
4*6 [1, -1, 1] 24 42
3+3 [1, -1, 1] 6 8
6+3 [1, -1, 1] 9 8
7+3 [1, -1, 1] 10 12
3*3 [1, -1, 1] 9 10
9+7 [1, -1, 1] 16 36
2/4 [1, -1, 1] 1 2
2+7 [1, -1, 1] 9 16
4*5 [1, -1, 1] 20 35
2*3*2 [1, 3, 1, -1, 3] 12 16
val (Perception Acc=0.00, Head Acc=0.00, Result Acc=37.14)
Epoch time: 1m 33s
------------------------------
Epoch 135/199 (max_len=inf, data=11170)
Train acc: 100.00, loss: 0.002 
Epoch time: 1m 20s
------------------------------
Epoch 136/199 (max_len=inf, data=11170)
Train acc: 100.00, loss: 0.002 
Epoch time: 1m 20s
------------------------------
Epoch 137/199 (max_len=inf, data=11170)
Train acc: 99.99, loss: 0.002 
Epoch time: 1m 20s
------------------------------
Epoch 138/199 (max_len=inf, data=11170)
Train acc: 100.00, loss: 0.001 
Epoch time: 1m 19s
------------------------------
Epoch 139/199 (max_len=inf, data=11170)
Train acc: 100.00, loss: 0.001 
result accuracy by length:
1 ( 2%) 100.00
3 ( 2%) 92.00
5 ( 2%) 51.94
7 ( 4%) 45.41
9 ( 4%) 48.24
11 ( 3%) 45.45
13 ( 4%) 41.67
15 ( 4%) 43.07
17 ( 4%) 42.72
19 ( 4%) 50.49
21 ( 4%) 42.93
23 ( 4%) 43.41
25 ( 4%) 42.50
27 ( 4%) 44.33
29 ( 3%) 43.46
31 ( 3%) 38.69
33 ( 2%) 17.14
35 ( 2%) 19.18
37 ( 2%) 23.93
39 ( 3%) 21.05
41 ( 3%) 25.50
43 ( 2%) 20.29
45 ( 2%) 16.07
47 ( 2%) 25.00
49 ( 2%) 23.24
51 ( 2%) 28.03
53 ( 2%) 18.66
55 ( 2%) 16.81
57 ( 2%) 23.08
59 ( 2%) 15.89
61 ( 1%) 21.88
63 ( 0%) 25.71
65 ( 0%) 22.22
67 ( 0%) 33.33
result accuracy by symbol:
( (91%) 34.00
) (91%) 34.00
* (87%) 31.97
+ (84%) 32.60
- (77%) 36.46
/ (76%) 35.69
0 (52%) 35.98
1 (60%) 33.90
2 (61%) 33.16
3 (62%) 33.44
4 (61%) 31.61
5 (62%) 32.65
6 (62%) 31.59
7 (63%) 32.03
8 (64%) 29.94
9 (63%) 30.14
result accuracy by digit:
0 ( 0%) 100.00
1 ( 0%) 100.00
2 ( 0%) 100.00
3 ( 0%) 100.00
4 ( 0%) 100.00
5 ( 0%) 100.00
6 ( 0%) 100.00
7 ( 0%) 100.00
8 ( 0%) 100.00
9 ( 0%) 100.00
result accuracy by result:
0 (21%) 86.48
1 (10%) 49.44
2 ( 4%) 39.39
3 ( 2%) 49.63
4 ( 2%) 32.33
5 ( 2%) 46.00
6 ( 2%) 40.87
7 ( 2%) 46.90
8 ( 2%) 43.59
9 ( 1%) 41.86
result accuracy by generalization:
1 (22.45%) 91.45
2 (22.96%) 39.20
3 (22.53%)  3.35
4 (15.82%) 40.00
5 (16.24%)  3.77
error cases:
4*6 [1, -1, 1] 24 42
3+3 [1, -1, 1] 6 8
1+8 [1, -1, 1] 9 10
6+3 [1, -1, 1] 9 8
7+3 [1, -1, 1] 10 12
3*3 [1, -1, 1] 9 10
9+7 [1, -1, 1] 16 36
2+7 [1, -1, 1] 9 16
2*3*2 [1, 3, 1, -1, 3] 12 16
2*9-7 [1, 3, 1, -1, 3] 11 7
val (Perception Acc=0.00, Head Acc=0.00, Result Acc=37.22)
Epoch time: 1m 33s
------------------------------
Epoch 140/199 (max_len=inf, data=11170)
Train acc: 100.00, loss: 0.001 
Epoch time: 1m 20s
------------------------------
Epoch 141/199 (max_len=inf, data=11170)
Train acc: 100.00, loss: 0.001 
Epoch time: 1m 20s
------------------------------
Epoch 142/199 (max_len=inf, data=11170)
Train acc: 100.00, loss: 0.001 
Epoch time: 1m 20s
------------------------------
Epoch 143/199 (max_len=inf, data=11170)
Train acc: 100.00, loss: 0.001 
Epoch time: 1m 19s
------------------------------
Epoch 144/199 (max_len=inf, data=11170)
Train acc: 100.00, loss: 0.001 
result accuracy by length:
1 ( 2%) 100.00
3 ( 2%) 92.00
5 ( 2%) 51.16
7 ( 4%) 45.41
9 ( 4%) 48.74
11 ( 3%) 44.89
13 ( 4%) 40.74
15 ( 4%) 42.57
17 ( 4%) 42.72
19 ( 4%) 50.49
21 ( 4%) 44.44
23 ( 4%) 41.95
25 ( 4%) 43.00
27 ( 4%) 45.32
29 ( 3%) 43.98
31 ( 3%) 38.69
33 ( 2%) 18.57
35 ( 2%) 18.49
37 ( 2%) 24.79
39 ( 3%) 21.05
41 ( 3%) 24.16
43 ( 2%) 19.57
45 ( 2%) 15.18
47 ( 2%) 25.00
49 ( 2%) 23.24
51 ( 2%) 27.27
53 ( 2%) 18.66
55 ( 2%) 15.97
57 ( 2%) 20.28
59 ( 2%) 15.89
61 ( 1%) 21.88
63 ( 0%) 22.86
65 ( 0%) 22.22
67 ( 0%) 33.33
result accuracy by symbol:
( (91%) 33.82
) (91%) 33.82
* (87%) 31.74
+ (84%) 32.46
- (77%) 36.38
/ (76%) 35.37
0 (52%) 35.70
1 (60%) 33.84
2 (61%) 32.86
3 (62%) 33.21
4 (61%) 31.21
5 (62%) 32.26
6 (62%) 31.39
7 (63%) 31.74
8 (64%) 29.84
9 (63%) 30.08
result accuracy by digit:
0 ( 0%) 100.00
1 ( 0%) 100.00
2 ( 0%) 100.00
3 ( 0%) 100.00
4 ( 0%) 100.00
5 ( 0%) 100.00
6 ( 0%) 100.00
7 ( 0%) 100.00
8 ( 0%) 100.00
9 ( 0%) 100.00
result accuracy by result:
0 (21%) 85.05
1 (10%) 50.94
2 ( 4%) 38.38
3 ( 2%) 49.63
4 ( 2%) 30.83
5 ( 2%) 47.00
6 ( 2%) 40.87
7 ( 2%) 47.79
8 ( 2%) 43.59
9 ( 1%) 43.02
result accuracy by generalization:
1 (22.45%) 91.82
2 (22.96%) 38.84
3 (22.53%)  3.53
4 (15.82%) 38.71
5 (16.24%)  3.64
error cases:
4*6 [1, -1, 1] 24 42
5*3 [1, -1, 1] 15 25
3+3 [1, -1, 1] 6 8
6+3 [1, -1, 1] 9 8
7+3 [1, -1, 1] 10 12
3*3 [1, -1, 1] 9 10
9+7 [1, -1, 1] 16 36
2+7 [1, -1, 1] 9 16
2*3*2 [1, 3, 1, -1, 3] 12 16
2*9-7 [1, 3, 1, -1, 3] 11 7
val (Perception Acc=0.00, Head Acc=0.00, Result Acc=37.04)
Epoch time: 1m 32s
------------------------------
Epoch 145/199 (max_len=inf, data=11170)
Train acc: 100.00, loss: 0.001 
Epoch time: 1m 20s
------------------------------
Epoch 146/199 (max_len=inf, data=11170)
Train acc: 100.00, loss: 0.001 
Epoch time: 1m 20s
------------------------------
Epoch 147/199 (max_len=inf, data=11170)
Train acc: 100.00, loss: 0.001 
Epoch time: 1m 20s
------------------------------
Epoch 148/199 (max_len=inf, data=11170)
Train acc: 100.00, loss: 0.000 
Epoch time: 1m 20s
------------------------------
Epoch 149/199 (max_len=inf, data=11170)
Train acc: 87.40, loss: 0.176 
result accuracy by length:
1 ( 2%) 98.00
3 ( 2%) 78.00
5 ( 2%) 47.29
7 ( 4%) 33.62
9 ( 4%) 33.17
11 ( 3%) 35.80
13 ( 4%) 29.17
15 ( 4%) 31.68
17 ( 4%) 28.64
19 ( 4%) 31.86
21 ( 4%) 30.30
23 ( 4%) 32.20
25 ( 4%) 25.50
27 ( 4%) 31.03
29 ( 3%) 25.65
31 ( 3%) 25.00
33 ( 2%) 17.86
35 ( 2%) 15.75
37 ( 2%) 18.80
39 ( 3%) 19.08
41 ( 3%) 18.79
43 ( 2%) 20.29
45 ( 2%) 16.96
47 ( 2%) 24.24
49 ( 2%) 16.20
51 ( 2%) 21.21
53 ( 2%) 14.93
55 ( 2%) 18.49
57 ( 2%) 16.78
59 ( 2%) 14.95
61 ( 1%) 18.75
63 ( 0%) 14.29
65 ( 0%) 22.22
67 ( 0%) 33.33
result accuracy by symbol:
( (91%) 24.94
) (91%) 24.94
* (87%) 23.48
+ (84%) 23.52
- (77%) 27.51
/ (76%) 26.55
0 (52%) 27.77
1 (60%) 25.60
2 (61%) 25.42
3 (62%) 24.39
4 (61%) 23.22
5 (62%) 24.12
6 (62%) 23.59
7 (63%) 24.12
8 (64%) 21.94
9 (63%) 23.08
result accuracy by digit:
0 ( 0%) 100.00
1 ( 0%) 100.00
2 ( 0%) 100.00
3 ( 0%) 100.00
4 ( 0%) 90.00
5 ( 0%) 100.00
6 ( 0%) 100.00
7 ( 0%) 90.00
8 ( 0%) 100.00
9 ( 0%) 100.00
result accuracy by result:
0 (21%) 75.71
1 (10%) 38.58
2 ( 4%) 26.77
3 ( 2%) 37.78
4 ( 2%) 19.55
5 ( 2%) 32.00
6 ( 2%) 25.22
7 ( 2%) 25.66
8 ( 2%) 27.35
9 ( 1%) 36.05
result accuracy by generalization:
1 (22.45%) 61.64
2 (22.96%) 34.22
3 (22.53%)  2.90
4 (15.82%) 34.06
5 (16.24%)  3.14
error cases:
7 [-1] 7 3
4 [-1] 4 8
8+3 [1, -1, 1] 11 10
6*4 [1, -1, 1] 24 72
3*5 [1, -1, 1] 15 25
0+1 [1, -1, 1] 1 2
5*3 [1, -1, 1] 15 25
3+3 [1, -1, 1] 6 8
1*4 [1, -1, 1] 4 8
6+9 [1, -1, 1] 15 25
val (Perception Acc=0.00, Head Acc=0.00, Result Acc=28.24)
Epoch time: 1m 32s
------------------------------
Epoch 150/199 (max_len=inf, data=11170)
Train acc: 72.56, loss: 0.334 
Epoch time: 1m 20s
------------------------------
Epoch 151/199 (max_len=inf, data=11170)
Train acc: 85.26, loss: 0.163 
Epoch time: 1m 20s
------------------------------
Epoch 152/199 (max_len=inf, data=11170)
Train acc: 92.24, loss: 0.087 
Epoch time: 1m 20s
------------------------------
Epoch 153/199 (max_len=inf, data=11170)
Train acc: 97.13, loss: 0.041 
Epoch time: 1m 19s
------------------------------
Epoch 154/199 (max_len=inf, data=11170)
Train acc: 98.97, loss: 0.021 
result accuracy by length:
1 ( 2%) 100.00
3 ( 2%) 94.00
5 ( 2%) 52.71
7 ( 4%) 46.72
9 ( 4%) 46.23
11 ( 3%) 46.59
13 ( 4%) 40.74
15 ( 4%) 44.06
17 ( 4%) 39.81
19 ( 4%) 48.04
21 ( 4%) 41.41
23 ( 4%) 42.44
25 ( 4%) 42.50
27 ( 4%) 44.33
29 ( 3%) 40.84
31 ( 3%) 37.50
33 ( 2%) 19.29
35 ( 2%) 19.18
37 ( 2%) 24.79
39 ( 3%) 21.05
41 ( 3%) 22.82
43 ( 2%) 21.01
45 ( 2%) 15.18
47 ( 2%) 26.52
49 ( 2%) 21.83
51 ( 2%) 23.48
53 ( 2%) 18.66
55 ( 2%) 15.13
57 ( 2%) 20.28
59 ( 2%) 18.69
61 ( 1%) 18.75
63 ( 0%) 20.00
65 ( 0%) 22.22
67 ( 0%) 33.33
result accuracy by symbol:
( (91%) 33.13
) (91%) 33.13
* (87%) 31.18
+ (84%) 31.95
- (77%) 35.67
/ (76%) 34.70
0 (52%) 35.27
1 (60%) 32.76
2 (61%) 32.43
3 (62%) 32.36
4 (61%) 31.04
5 (62%) 31.58
6 (62%) 31.23
7 (63%) 31.16
8 (64%) 28.95
9 (63%) 29.79
result accuracy by digit:
0 ( 0%) 100.00
1 ( 0%) 100.00
2 ( 0%) 100.00
3 ( 0%) 100.00
4 ( 0%) 100.00
5 ( 0%) 100.00
6 ( 0%) 100.00
7 ( 0%) 100.00
8 ( 0%) 100.00
9 ( 0%) 100.00
result accuracy by result:
0 (21%) 81.81
1 (10%) 51.31
2 ( 4%) 39.39
3 ( 2%) 42.96
4 ( 2%) 37.59
5 ( 2%) 45.00
6 ( 2%) 42.61
7 ( 2%) 48.67
8 ( 2%) 41.88
9 ( 1%) 48.84
result accuracy by generalization:
1 (22.45%) 91.36
2 (22.96%) 37.60
3 (22.53%)  3.71
4 (15.82%) 37.16
5 (16.24%)  4.40
error cases:
3*5 [1, -1, 1] 15 10
0+1 [1, -1, 1] 1 2
6+3 [1, -1, 1] 9 8
3*3 [1, -1, 1] 9 10
4+9 [1, -1, 1] 13 16
9+6 [1, -1, 1] 15 25
2*3*2 [1, 3, 1, -1, 3] 12 16
4+8+6 [1, 3, 1, -1, 3] 18 20
9/(9-2) [1, -1, 4, 4, 1, 4, 4] 2 3
7-(6-2) [1, -1, 4, 4, 1, 4, 4] 3 0
val (Perception Acc=0.00, Head Acc=0.00, Result Acc=36.57)
Epoch time: 1m 32s
------------------------------
Epoch 155/199 (max_len=inf, data=11170)
Train acc: 99.59, loss: 0.013 
Epoch time: 1m 20s
------------------------------
Epoch 156/199 (max_len=inf, data=11170)
Train acc: 99.82, loss: 0.008 
Epoch time: 1m 19s
------------------------------
Epoch 157/199 (max_len=inf, data=11170)
Train acc: 99.90, loss: 0.004 
Epoch time: 1m 20s
------------------------------
Epoch 158/199 (max_len=inf, data=11170)
Train acc: 99.95, loss: 0.003 
Epoch time: 1m 20s
------------------------------
Epoch 159/199 (max_len=inf, data=11170)
Train acc: 99.96, loss: 0.002 
result accuracy by length:
1 ( 2%) 100.00
3 ( 2%) 94.00
5 ( 2%) 51.94
7 ( 4%) 48.91
9 ( 4%) 51.26
11 ( 3%) 47.16
13 ( 4%) 41.20
15 ( 4%) 43.07
17 ( 4%) 41.75
19 ( 4%) 50.00
21 ( 4%) 44.44
23 ( 4%) 42.93
25 ( 4%) 44.00
27 ( 4%) 44.83
29 ( 3%) 39.79
31 ( 3%) 38.10
33 ( 2%) 20.71
35 ( 2%) 21.92
37 ( 2%) 26.50
39 ( 3%) 22.37
41 ( 3%) 24.16
43 ( 2%) 22.46
45 ( 2%) 15.18
47 ( 2%) 27.27
49 ( 2%) 21.83
51 ( 2%) 21.21
53 ( 2%) 20.15
55 ( 2%) 15.97
57 ( 2%) 20.98
59 ( 2%) 18.69
61 ( 1%) 20.31
63 ( 0%) 20.00
65 ( 0%) 22.22
67 ( 0%) 33.33
result accuracy by symbol:
( (91%) 34.20
) (91%) 34.20
* (87%) 32.06
+ (84%) 32.94
- (77%) 36.82
/ (76%) 35.66
0 (52%) 36.21
1 (60%) 33.87
2 (61%) 33.55
3 (62%) 33.28
4 (61%) 31.71
5 (62%) 32.88
6 (62%) 31.82
7 (63%) 32.10
8 (64%) 30.25
9 (63%) 30.43
result accuracy by digit:
0 ( 0%) 100.00
1 ( 0%) 100.00
2 ( 0%) 100.00
3 ( 0%) 100.00
4 ( 0%) 100.00
5 ( 0%) 100.00
6 ( 0%) 100.00
7 ( 0%) 100.00
8 ( 0%) 100.00
9 ( 0%) 100.00
result accuracy by result:
0 (21%) 86.19
1 (10%) 50.19
2 ( 4%) 39.90
3 ( 2%) 48.15
4 ( 2%) 31.58
5 ( 2%) 47.00
6 ( 2%) 44.35
7 ( 2%) 51.33
8 ( 2%) 41.03
9 ( 1%) 48.84
result accuracy by generalization:
1 (22.45%) 93.27
2 (22.96%) 39.64
3 (22.53%)  3.35
4 (15.82%) 38.58
5 (16.24%)  4.15
error cases:
3*5 [1, -1, 1] 15 10
6+3 [1, -1, 1] 9 8
3*3 [1, -1, 1] 9 11
4+9 [1, -1, 1] 13 16
9+6 [1, -1, 1] 15 25
2/4 [1, -1, 1] 1 2
2*3*2 [1, 3, 1, -1, 3] 12 16
4+8+6 [1, 3, 1, -1, 3] 18 20
9/(9-2) [1, -1, 4, 4, 1, 4, 4] 2 3
(1-1)*1 [2, 2, 5, 2, 2, -1, 5] 0 1
val (Perception Acc=0.00, Head Acc=0.00, Result Acc=37.57)
Epoch time: 1m 33s
------------------------------
Epoch 160/199 (max_len=inf, data=11170)
Train acc: 99.97, loss: 0.002 
Epoch time: 1m 20s
------------------------------
Epoch 161/199 (max_len=inf, data=11170)
Train acc: 99.96, loss: 0.002 
Epoch time: 1m 20s
------------------------------
Epoch 162/199 (max_len=inf, data=11170)
Train acc: 99.98, loss: 0.002 
Epoch time: 1m 20s
------------------------------
Epoch 163/199 (max_len=inf, data=11170)
Train acc: 99.96, loss: 0.001 
Epoch time: 1m 20s
------------------------------
Epoch 164/199 (max_len=inf, data=11170)
Train acc: 99.99, loss: 0.001 
result accuracy by length:
1 ( 2%) 100.00
3 ( 2%) 95.00
5 ( 2%) 51.16
7 ( 4%) 48.91
9 ( 4%) 50.25
11 ( 3%) 47.16
13 ( 4%) 39.81
15 ( 4%) 42.57
17 ( 4%) 41.75
19 ( 4%) 50.49
21 ( 4%) 43.94
23 ( 4%) 43.41
25 ( 4%) 44.50
27 ( 4%) 43.84
29 ( 3%) 41.88
31 ( 3%) 38.69
33 ( 2%) 21.43
35 ( 2%) 20.55
37 ( 2%) 27.35
39 ( 3%) 23.03
41 ( 3%) 26.17
43 ( 2%) 23.19
45 ( 2%) 16.07
47 ( 2%) 25.00
49 ( 2%) 21.83
51 ( 2%) 21.97
53 ( 2%) 22.39
55 ( 2%) 16.81
57 ( 2%) 20.98
59 ( 2%) 17.76
61 ( 1%) 18.75
63 ( 0%) 22.86
65 ( 0%) 22.22
67 ( 0%) 33.33
result accuracy by symbol:
( (91%) 34.34
) (91%) 34.34
* (87%) 32.34
+ (84%) 33.13
- (77%) 37.06
/ (76%) 35.82
0 (52%) 36.37
1 (60%) 34.17
2 (61%) 33.82
3 (62%) 33.34
4 (61%) 31.94
5 (62%) 32.94
6 (62%) 32.18
7 (63%) 32.16
8 (64%) 30.45
9 (63%) 30.81
result accuracy by digit:
0 ( 0%) 100.00
1 ( 0%) 100.00
2 ( 0%) 100.00
3 ( 0%) 100.00
4 ( 0%) 100.00
5 ( 0%) 100.00
6 ( 0%) 100.00
7 ( 0%) 100.00
8 ( 0%) 100.00
9 ( 0%) 100.00
result accuracy by result:
0 (21%) 86.29
1 (10%) 50.56
2 ( 4%) 39.39
3 ( 2%) 46.67
4 ( 2%) 33.08
5 ( 2%) 46.00
6 ( 2%) 44.35
7 ( 2%) 53.10
8 ( 2%) 40.17
9 ( 1%) 48.84
result accuracy by generalization:
1 (22.45%) 93.36
2 (22.96%) 39.29
3 (22.53%)  3.53
4 (15.82%) 39.35
5 (16.24%)  4.27
error cases:
5*3 [1, -1, 1] 15 25
6+3 [1, -1, 1] 9 8
3*3 [1, -1, 1] 9 11
9+6 [1, -1, 1] 15 25
2/4 [1, -1, 1] 1 2
2*3*2 [1, 3, 1, -1, 3] 12 16
4+8+6 [1, 3, 1, -1, 3] 18 20
9/(9-2) [1, -1, 4, 4, 1, 4, 4] 2 3
(1-1)*1 [2, 2, 5, 2, 2, -1, 5] 0 1
7+4*4 [1, -1, 3, 1, 3] 23 25
val (Perception Acc=0.00, Head Acc=0.00, Result Acc=37.69)
Epoch time: 1m 32s
------------------------------
Epoch 165/199 (max_len=inf, data=11170)
Train acc: 99.97, loss: 0.001 
Epoch time: 1m 20s
------------------------------
Epoch 166/199 (max_len=inf, data=11170)
Train acc: 99.98, loss: 0.001 
Epoch time: 1m 20s
------------------------------
Epoch 167/199 (max_len=inf, data=11170)
Train acc: 99.99, loss: 0.001 
Epoch time: 1m 20s
------------------------------
Epoch 168/199 (max_len=inf, data=11170)
Train acc: 100.00, loss: 0.001 
Epoch time: 1m 20s
------------------------------
Epoch 169/199 (max_len=inf, data=11170)
Train acc: 99.97, loss: 0.001 
result accuracy by length:
1 ( 2%) 100.00
3 ( 2%) 92.00
5 ( 2%) 49.61
7 ( 4%) 48.03
9 ( 4%) 50.25
11 ( 3%) 46.59
13 ( 4%) 40.74
15 ( 4%) 43.56
17 ( 4%) 41.26
19 ( 4%) 49.02
21 ( 4%) 42.42
23 ( 4%) 42.93
25 ( 4%) 44.50
27 ( 4%) 46.31
29 ( 3%) 42.41
31 ( 3%) 38.69
33 ( 2%) 17.86
35 ( 2%) 20.55
37 ( 2%) 25.64
39 ( 3%) 23.03
41 ( 3%) 24.16
43 ( 2%) 20.29
45 ( 2%) 16.07
47 ( 2%) 28.03
49 ( 2%) 21.13
51 ( 2%) 21.97
53 ( 2%) 22.39
55 ( 2%) 15.13
57 ( 2%) 22.38
59 ( 2%) 17.76
61 ( 1%) 18.75
63 ( 0%) 25.71
65 ( 0%) 22.22
67 ( 0%) 33.33
result accuracy by symbol:
( (91%) 34.14
) (91%) 34.14
* (87%) 32.20
+ (84%) 32.77
- (77%) 36.69
/ (76%) 35.58
0 (52%) 36.17
1 (60%) 33.73
2 (61%) 33.46
3 (62%) 33.25
4 (61%) 31.61
5 (62%) 32.52
6 (62%) 32.05
7 (63%) 32.10
8 (64%) 30.25
9 (63%) 30.36
result accuracy by digit:
0 ( 0%) 100.00
1 ( 0%) 100.00
2 ( 0%) 100.00
3 ( 0%) 100.00
4 ( 0%) 100.00
5 ( 0%) 100.00
6 ( 0%) 100.00
7 ( 0%) 100.00
8 ( 0%) 100.00
9 ( 0%) 100.00
result accuracy by result:
0 (21%) 86.00
1 (10%) 50.19
2 ( 4%) 40.40
3 ( 2%) 47.41
4 ( 2%) 32.33
5 ( 2%) 48.00
6 ( 2%) 45.22
7 ( 2%) 50.44
8 ( 2%) 37.61
9 ( 1%) 46.51
result accuracy by generalization:
1 (22.45%) 92.55
2 (22.96%) 39.02
3 (22.53%)  3.44
4 (15.82%) 38.97
5 (16.24%)  4.27
error cases:
3*5 [1, -1, 1] 15 10
0+1 [1, -1, 1] 1 2
5*3 [1, -1, 1] 15 25
6+3 [1, -1, 1] 9 8
3*3 [1, -1, 1] 9 21
9+7 [1, -1, 1] 16 36
9+6 [1, -1, 1] 15 25
2/4 [1, -1, 1] 1 2
2*3*2 [1, 3, 1, -1, 3] 12 16
4+8+6 [1, 3, 1, -1, 3] 18 20
val (Perception Acc=0.00, Head Acc=0.00, Result Acc=37.37)
Epoch time: 1m 33s
------------------------------
Epoch 170/199 (max_len=inf, data=11170)
Train acc: 85.07, loss: 0.181 
Epoch time: 1m 20s
------------------------------
Epoch 171/199 (max_len=inf, data=11170)
Train acc: 82.98, loss: 0.188 
Epoch time: 1m 20s
------------------------------
Epoch 172/199 (max_len=inf, data=11170)
Train acc: 91.90, loss: 0.088 
Epoch time: 1m 19s
------------------------------
Epoch 173/199 (max_len=inf, data=11170)
Train acc: 96.55, loss: 0.044 
Epoch time: 1m 20s
------------------------------
Epoch 174/199 (max_len=inf, data=11170)
Train acc: 98.99, loss: 0.019 
result accuracy by length:
1 ( 2%) 100.00
3 ( 2%) 96.00
5 ( 2%) 49.61
7 ( 4%) 46.29
9 ( 4%) 46.73
11 ( 3%) 46.02
13 ( 4%) 40.28
15 ( 4%) 44.06
17 ( 4%) 39.32
19 ( 4%) 48.04
21 ( 4%) 44.44
23 ( 4%) 44.39
25 ( 4%) 42.50
27 ( 4%) 45.32
29 ( 3%) 40.84
31 ( 3%) 38.10
33 ( 2%) 18.57
35 ( 2%) 18.49
37 ( 2%) 27.35
39 ( 3%) 21.05
41 ( 3%) 23.49
43 ( 2%) 20.29
45 ( 2%) 17.86
47 ( 2%) 25.00
49 ( 2%) 18.31
51 ( 2%) 21.97
53 ( 2%) 18.66
55 ( 2%) 13.45
57 ( 2%) 20.28
59 ( 2%) 18.69
61 ( 1%) 21.88
63 ( 0%) 25.71
65 ( 0%) 22.22
67 ( 0%)  0.00
result accuracy by symbol:
( (91%) 33.31
) (91%) 33.31
* (87%) 31.39
+ (84%) 31.95
- (77%) 35.77
/ (76%) 34.99
0 (52%) 35.43
1 (60%) 32.86
2 (61%) 32.43
3 (62%) 32.79
4 (61%) 31.08
5 (62%) 31.61
6 (62%) 30.81
7 (63%) 31.45
8 (64%) 29.33
9 (63%) 29.98
result accuracy by digit:
0 ( 0%) 100.00
1 ( 0%) 100.00
2 ( 0%) 100.00
3 ( 0%) 100.00
4 ( 0%) 100.00
5 ( 0%) 100.00
6 ( 0%) 100.00
7 ( 0%) 100.00
8 ( 0%) 100.00
9 ( 0%) 100.00
result accuracy by result:
0 (21%) 84.86
1 (10%) 48.69
2 ( 4%) 38.89
3 ( 2%) 48.15
4 ( 2%) 30.83
5 ( 2%) 44.00
6 ( 2%) 38.26
7 ( 2%) 48.67
8 ( 2%) 42.74
9 ( 1%) 50.00
result accuracy by generalization:
1 (22.45%) 92.55
2 (22.96%) 37.07
3 (22.53%)  3.89
4 (15.82%) 36.90
5 (16.24%)  4.02
error cases:
6+3 [1, -1, 1] 9 8
9+7 [1, -1, 1] 16 36
0+6 [1, -1, 1] 6 0
4*5 [1, -1, 1] 20 32
2*3*2 [1, 3, 1, -1, 3] 12 14
9/(9-2) [1, -1, 4, 4, 1, 4, 4] 2 3
(9+0)*3 [2, 2, 5, 2, 2, -1, 5] 27 12
8+1/9 [1, -1, 3, 1, 3] 9 7
1*(9+9) [1, -1, 4, 4, 1, 4, 4] 18 19
1+4+0 [1, 3, 1, -1, 3] 5 -1
val (Perception Acc=0.00, Head Acc=0.00, Result Acc=36.65)
Epoch time: 1m 32s
------------------------------
Epoch 175/199 (max_len=inf, data=11170)
Train acc: 99.73, loss: 0.008 
Epoch time: 1m 20s
------------------------------
Epoch 176/199 (max_len=inf, data=11170)
Train acc: 99.92, loss: 0.004 
Epoch time: 1m 19s
------------------------------
Epoch 177/199 (max_len=inf, data=11170)
Train acc: 99.98, loss: 0.003 
Epoch time: 1m 19s
------------------------------
Epoch 178/199 (max_len=inf, data=11170)
Train acc: 99.98, loss: 0.002 
Epoch time: 1m 20s
------------------------------
Epoch 179/199 (max_len=inf, data=11170)
Train acc: 99.98, loss: 0.002 
result accuracy by length:
1 ( 2%) 100.00
3 ( 2%) 97.00
5 ( 2%) 50.39
7 ( 4%) 46.72
9 ( 4%) 48.74
11 ( 3%) 46.02
13 ( 4%) 40.28
15 ( 4%) 44.06
17 ( 4%) 40.29
19 ( 4%) 50.98
21 ( 4%) 43.94
23 ( 4%) 44.88
25 ( 4%) 44.50
27 ( 4%) 48.28
29 ( 3%) 40.31
31 ( 3%) 39.88
33 ( 2%) 18.57
35 ( 2%) 19.86
37 ( 2%) 27.35
39 ( 3%) 21.71
41 ( 3%) 23.49
43 ( 2%) 18.84
45 ( 2%) 19.64
47 ( 2%) 26.52
49 ( 2%) 17.61
51 ( 2%) 22.73
53 ( 2%) 20.90
55 ( 2%) 16.81
57 ( 2%) 22.38
59 ( 2%) 17.76
61 ( 1%) 23.44
63 ( 0%) 20.00
65 ( 0%) 22.22
67 ( 0%) 33.33
result accuracy by symbol:
( (91%) 34.16
) (91%) 34.16
* (87%) 32.09
+ (84%) 32.84
- (77%) 36.72
/ (76%) 35.82
0 (52%) 36.52
1 (60%) 34.14
2 (61%) 33.46
3 (62%) 33.51
4 (61%) 31.77
5 (62%) 32.45
6 (62%) 31.59
7 (63%) 32.39
8 (64%) 30.22
9 (63%) 30.33
result accuracy by digit:
0 ( 0%) 100.00
1 ( 0%) 100.00
2 ( 0%) 100.00
3 ( 0%) 100.00
4 ( 0%) 100.00
5 ( 0%) 100.00
6 ( 0%) 100.00
7 ( 0%) 100.00
8 ( 0%) 100.00
9 ( 0%) 100.00
result accuracy by result:
0 (21%) 85.52
1 (10%) 50.94
2 ( 4%) 40.40
3 ( 2%) 48.15
4 ( 2%) 32.33
5 ( 2%) 46.00
6 ( 2%) 40.87
7 ( 2%) 50.44
8 ( 2%) 42.74
9 ( 1%) 47.67
result accuracy by generalization:
1 (22.45%) 93.64
2 (22.96%) 38.84
3 (22.53%)  3.62
4 (15.82%) 38.19
5 (16.24%)  4.27
error cases:
6+3 [1, -1, 1] 9 8
9+7 [1, -1, 1] 16 36
0+6 [1, -1, 1] 6 0
2*3*2 [1, 3, 1, -1, 3] 12 14
4+8+6 [1, 3, 1, -1, 3] 18 26
9/(9-2) [1, -1, 4, 4, 1, 4, 4] 2 3
8+1/9 [1, -1, 3, 1, 3] 9 7
1*(9+9) [1, -1, 4, 4, 1, 4, 4] 18 19
7+4*4 [1, -1, 3, 1, 3] 23 35
3*5/9 [1, 3, 1, -1, 3] 2 3
val (Perception Acc=0.00, Head Acc=0.00, Result Acc=37.49)
Epoch time: 1m 33s
------------------------------
Epoch 180/199 (max_len=inf, data=11170)
Train acc: 99.99, loss: 0.002 
Epoch time: 1m 20s
------------------------------
Epoch 181/199 (max_len=inf, data=11170)
Train acc: 99.87, loss: 0.004 
Epoch time: 1m 19s
------------------------------
Epoch 182/199 (max_len=inf, data=11170)
Train acc: 96.01, loss: 0.048 
Epoch time: 1m 20s
------------------------------
Epoch 183/199 (max_len=inf, data=11170)
Train acc: 93.22, loss: 0.078 
Epoch time: 1m 20s
------------------------------
Epoch 184/199 (max_len=inf, data=11170)
Train acc: 95.72, loss: 0.052 
result accuracy by length:
1 ( 2%) 100.00
3 ( 2%) 95.00
5 ( 2%) 50.39
7 ( 4%) 46.29
9 ( 4%) 48.24
11 ( 3%) 43.75
13 ( 4%) 36.57
15 ( 4%) 43.07
17 ( 4%) 41.75
19 ( 4%) 48.04
21 ( 4%) 41.41
23 ( 4%) 41.95
25 ( 4%) 40.50
27 ( 4%) 46.31
29 ( 3%) 39.79
31 ( 3%) 36.31
33 ( 2%) 18.57
35 ( 2%) 19.18
37 ( 2%) 25.64
39 ( 3%) 23.03
41 ( 3%) 21.48
43 ( 2%) 18.84
45 ( 2%) 13.39
47 ( 2%) 22.73
49 ( 2%) 19.01
51 ( 2%) 24.24
53 ( 2%) 20.15
55 ( 2%) 15.13
57 ( 2%) 19.58
59 ( 2%) 16.82
61 ( 1%) 18.75
63 ( 0%) 20.00
65 ( 0%) 22.22
67 ( 0%) 33.33
result accuracy by symbol:
( (91%) 32.64
) (91%) 32.64
* (87%) 30.57
+ (84%) 31.55
- (77%) 34.83
/ (76%) 34.14
0 (52%) 35.00
1 (60%) 32.40
2 (61%) 31.83
3 (62%) 31.57
4 (61%) 29.72
5 (62%) 30.79
6 (62%) 30.55
7 (63%) 30.55
8 (64%) 28.47
9 (63%) 29.57
result accuracy by digit:
0 ( 0%) 100.00
1 ( 0%) 100.00
2 ( 0%) 100.00
3 ( 0%) 100.00
4 ( 0%) 100.00
5 ( 0%) 100.00
6 ( 0%) 100.00
7 ( 0%) 100.00
8 ( 0%) 100.00
9 ( 0%) 100.00
result accuracy by result:
0 (21%) 82.57
1 (10%) 45.13
2 ( 4%) 41.41
3 ( 2%) 42.96
4 ( 2%) 32.33
5 ( 2%) 47.00
6 ( 2%) 43.48
7 ( 2%) 48.67
8 ( 2%) 43.59
9 ( 1%) 52.33
result accuracy by generalization:
1 (22.45%) 91.00
2 (22.96%) 36.80
3 (22.53%)  3.44
4 (15.82%) 36.39
5 (16.24%)  3.52
error cases:
5-0 [1, -1, 1] 5 0
6+3 [1, -1, 1] 9 8
4+3 [1, -1, 1] 7 9
4*5 [1, -1, 1] 20 32
3*1 [1, -1, 1] 3 6
2*3*2 [1, 3, 1, -1, 3] 12 36
4*9+7 [1, 3, 1, -1, 3] 43 36
3/(4/2) [1, -1, 4, 4, 1, 4, 4] 2 1
5*3-8 [1, 3, 1, -1, 3] 7 3
4/(9/5) [1, -1, 4, 4, 1, 4, 4] 2 4
val (Perception Acc=0.00, Head Acc=0.00, Result Acc=35.98)
Epoch time: 1m 32s
------------------------------
Epoch 185/199 (max_len=inf, data=11170)
Train acc: 98.48, loss: 0.022 
Epoch time: 1m 20s
------------------------------
Epoch 186/199 (max_len=inf, data=11170)
Train acc: 99.31, loss: 0.014 
Epoch time: 1m 20s
------------------------------
Epoch 187/199 (max_len=inf, data=11170)
Train acc: 99.65, loss: 0.008 
Epoch time: 1m 20s
------------------------------
Epoch 188/199 (max_len=inf, data=11170)
Train acc: 99.80, loss: 0.005 
Epoch time: 1m 19s
------------------------------
Epoch 189/199 (max_len=inf, data=11170)
Train acc: 99.95, loss: 0.003 
result accuracy by length:
1 ( 2%) 100.00
3 ( 2%) 95.00
5 ( 2%) 51.16
7 ( 4%) 46.29
9 ( 4%) 48.74
11 ( 3%) 44.89
13 ( 4%) 41.20
15 ( 4%) 45.54
17 ( 4%) 42.23
19 ( 4%) 50.00
21 ( 4%) 43.43
23 ( 4%) 43.41
25 ( 4%) 42.50
27 ( 4%) 47.29
29 ( 3%) 44.50
31 ( 3%) 39.88
33 ( 2%) 18.57
35 ( 2%) 19.18
37 ( 2%) 23.93
39 ( 3%) 21.71
41 ( 3%) 22.82
43 ( 2%) 21.01
45 ( 2%) 16.07
47 ( 2%) 26.52
49 ( 2%) 23.24
51 ( 2%) 24.24
53 ( 2%) 20.15
55 ( 2%) 15.13
57 ( 2%) 20.98
59 ( 2%) 18.69
61 ( 1%) 20.31
63 ( 0%) 22.86
65 ( 0%) 22.22
67 ( 0%)  0.00
result accuracy by symbol:
( (91%) 34.18
) (91%) 34.18
* (87%) 31.95
+ (84%) 32.87
- (77%) 36.51
/ (76%) 35.90
0 (52%) 36.33
1 (60%) 33.94
2 (61%) 33.75
3 (62%) 33.18
4 (61%) 31.67
5 (62%) 32.23
6 (62%) 32.11
7 (63%) 32.06
8 (64%) 30.00
9 (63%) 30.68
result accuracy by digit:
0 ( 0%) 100.00
1 ( 0%) 100.00
2 ( 0%) 100.00
3 ( 0%) 100.00
4 ( 0%) 100.00
5 ( 0%) 100.00
6 ( 0%) 100.00
7 ( 0%) 100.00
8 ( 0%) 100.00
9 ( 0%) 100.00
result accuracy by result:
0 (21%) 84.95
1 (10%) 50.75
2 ( 4%) 41.92
3 ( 2%) 45.19
4 ( 2%) 32.33
5 ( 2%) 47.00
6 ( 2%) 40.00
7 ( 2%) 51.33
8 ( 2%) 40.17
9 ( 1%) 53.49
result accuracy by generalization:
1 (22.45%) 93.91
2 (22.96%) 38.22
3 (22.53%)  3.62
4 (15.82%) 38.45
5 (16.24%)  4.27
error cases:
3*5 [1, -1, 1] 15 10
6+9 [1, -1, 1] 15 35
6+3 [1, -1, 1] 9 8
4*5 [1, -1, 1] 20 32
3*1 [1, -1, 1] 3 6
2*3*2 [1, 3, 1, -1, 3] 12 16
4*9+7 [1, 3, 1, -1, 3] 43 21
9/(9-2) [1, -1, 4, 4, 1, 4, 4] 2 3
7+4*4 [1, -1, 3, 1, 3] 23 35
3*5/9 [1, 3, 1, -1, 3] 2 3
val (Perception Acc=0.00, Head Acc=0.00, Result Acc=37.45)
Epoch time: 1m 33s
------------------------------
Epoch 190/199 (max_len=inf, data=11170)
Train acc: 99.79, loss: 0.007 
Epoch time: 1m 20s
------------------------------
Epoch 191/199 (max_len=inf, data=11170)
Train acc: 99.73, loss: 0.010 
Epoch time: 1m 20s
------------------------------
Epoch 192/199 (max_len=inf, data=11170)
Train acc: 99.31, loss: 0.012 
Epoch time: 1m 20s
------------------------------
Epoch 193/199 (max_len=inf, data=11170)
Train acc: 99.15, loss: 0.013 
Epoch time: 1m 19s
------------------------------
Epoch 194/199 (max_len=inf, data=11170)
Train acc: 99.15, loss: 0.014 
result accuracy by length:
1 ( 2%) 97.00
3 ( 2%) 92.00
5 ( 2%) 50.39
7 ( 4%) 44.98
9 ( 4%) 46.73
11 ( 3%) 44.32
13 ( 4%) 40.74
15 ( 4%) 41.09
17 ( 4%) 39.81
19 ( 4%) 49.02
21 ( 4%) 42.93
23 ( 4%) 42.44
25 ( 4%) 42.00
27 ( 4%) 42.36
29 ( 3%) 42.41
31 ( 3%) 37.50
33 ( 2%) 17.86
35 ( 2%) 17.81
37 ( 2%) 24.79
39 ( 3%) 22.37
41 ( 3%) 25.50
43 ( 2%) 20.29
45 ( 2%) 13.39
47 ( 2%) 26.52
49 ( 2%) 21.13
51 ( 2%) 23.48
53 ( 2%) 23.13
55 ( 2%) 15.97
57 ( 2%) 21.68
59 ( 2%) 19.63
61 ( 1%) 20.31
63 ( 0%) 20.00
65 ( 0%) 22.22
67 ( 0%)  0.00
result accuracy by symbol:
( (91%) 33.18
) (91%) 33.18
* (87%) 31.06
+ (84%) 31.79
- (77%) 35.88
/ (76%) 34.62
0 (52%) 35.16
1 (60%) 33.17
2 (61%) 32.43
3 (62%) 32.33
4 (61%) 30.71
5 (62%) 31.58
6 (62%) 30.71
7 (63%) 30.97
8 (64%) 29.36
9 (63%) 30.30
result accuracy by digit:
0 ( 0%) 100.00
1 ( 0%) 100.00
2 ( 0%) 100.00
3 ( 0%) 100.00
4 ( 0%) 100.00
5 ( 0%) 100.00
6 ( 0%) 70.00
7 ( 0%) 100.00
8 ( 0%) 100.00
9 ( 0%) 100.00
result accuracy by result:
0 (21%) 84.29
1 (10%) 50.37
2 ( 4%) 36.36
3 ( 2%) 43.70
4 ( 2%) 30.08
5 ( 2%) 48.00
6 ( 2%) 35.65
7 ( 2%) 44.25
8 ( 2%) 40.17
9 ( 1%) 52.33
result accuracy by generalization:
1 (22.45%) 89.91
2 (22.96%) 37.42
3 (22.53%)  3.35
4 (15.82%) 38.19
5 (16.24%)  4.90
error cases:
6 [-1] 6 0
6 [-1] 6 0
6 [-1] 6 0
5*3 [1, -1, 1] 15 25
6+9 [1, -1, 1] 15 35
6+3 [1, -1, 1] 9 8
9+7 [1, -1, 1] 16 36
4+9 [1, -1, 1] 13 16
9+6 [1, -1, 1] 15 25
0+6 [1, -1, 1] 6 0
val (Perception Acc=0.00, Head Acc=0.00, Result Acc=36.37)
Epoch time: 1m 33s
------------------------------
Epoch 195/199 (max_len=inf, data=11170)
Train acc: 96.94, loss: 0.038 
Epoch time: 1m 20s
------------------------------
Epoch 196/199 (max_len=inf, data=11170)
Train acc: 95.76, loss: 0.046 
Epoch time: 1m 20s
------------------------------
Epoch 197/199 (max_len=inf, data=11170)
Train acc: 97.12, loss: 0.034 
Epoch time: 1m 20s
------------------------------
Epoch 198/199 (max_len=inf, data=11170)
Train acc: 99.28, loss: 0.012 
Epoch time: 1m 20s
------------------------------
Epoch 199/199 (max_len=inf, data=11170)
Train acc: 99.06, loss: 0.018 
result accuracy by length:
1 ( 2%) 100.00
3 ( 2%) 89.00
5 ( 2%) 49.61
7 ( 4%) 47.60
9 ( 4%) 47.74
11 ( 3%) 45.45
13 ( 4%) 40.74
15 ( 4%) 42.57
17 ( 4%) 40.78
19 ( 4%) 48.04
21 ( 4%) 42.93
23 ( 4%) 41.46
25 ( 4%) 40.50
27 ( 4%) 44.83
29 ( 3%) 39.79
31 ( 3%) 36.90
33 ( 2%) 17.14
35 ( 2%) 20.55
37 ( 2%) 24.79
39 ( 3%) 22.37
41 ( 3%) 26.17
43 ( 2%) 21.01
45 ( 2%) 15.18
47 ( 2%) 24.24
49 ( 2%) 22.54
51 ( 2%) 24.24
53 ( 2%) 17.91
55 ( 2%) 12.61
57 ( 2%) 20.98
59 ( 2%) 18.69
61 ( 1%) 25.00
63 ( 0%) 17.14
65 ( 0%) 33.33
67 ( 0%) 33.33
result accuracy by symbol:
( (91%) 33.18
) (91%) 33.18
* (87%) 31.18
+ (84%) 31.86
- (77%) 35.56
/ (76%) 34.67
0 (52%) 35.16
1 (60%) 33.13
2 (61%) 32.33
3 (62%) 32.46
4 (61%) 30.75
5 (62%) 31.64
6 (62%) 30.74
7 (63%) 31.32
8 (64%) 28.92
9 (63%) 29.63
result accuracy by digit:
0 ( 0%) 100.00
1 ( 0%) 100.00
2 ( 0%) 100.00
3 ( 0%) 100.00
4 ( 0%) 100.00
5 ( 0%) 100.00
6 ( 0%) 100.00
7 ( 0%) 100.00
8 ( 0%) 100.00
9 ( 0%) 100.00
result accuracy by result:
0 (21%) 85.81
1 (10%) 46.25
2 ( 4%) 38.89
3 ( 2%) 43.70
4 ( 2%) 30.83
5 ( 2%) 43.00
6 ( 2%) 40.87
7 ( 2%) 47.79
8 ( 2%) 38.46
9 ( 1%) 46.51
result accuracy by generalization:
1 (22.45%) 90.64
2 (22.96%) 37.78
3 (22.53%)  3.08
4 (15.82%) 37.94
5 (16.24%)  4.52
error cases:
4*6 [1, -1, 1] 24 42
6*4 [1, -1, 1] 24 42
5*3 [1, -1, 1] 15 25
5-1 [1, -1, 1] 4 5
6+3 [1, -1, 1] 9 8
7+3 [1, -1, 1] 10 12
3*3 [1, -1, 1] 9 8
3-2 [1, -1, 1] 1 0
0+6 [1, -1, 1] 6 0
4*5 [1, -1, 1] 20 32
val (Perception Acc=0.00, Head Acc=0.00, Result Acc=36.45)
Epoch time: 1m 33s
------------------------------
Evaluate on test set...
result accuracy by length:
1 ( 2%) 98.90
3 ( 2%) 90.60
5 ( 2%) 52.50
7 ( 4%) 49.32
9 ( 4%) 46.44
11 ( 4%) 45.41
13 ( 4%) 44.29
15 ( 4%) 46.50
17 ( 4%) 44.16
19 ( 4%) 44.95
21 ( 4%) 44.55
23 ( 4%) 43.67
25 ( 4%) 43.45
27 ( 4%) 43.55
29 ( 3%) 40.54
31 ( 3%) 36.77
33 ( 2%) 26.89
35 ( 2%) 21.56
37 ( 2%) 21.79
39 ( 2%) 22.17
41 ( 2%) 18.98
43 ( 2%) 20.58
45 ( 2%) 19.60
47 ( 2%) 18.76
49 ( 2%) 20.24
51 ( 2%) 21.46
53 ( 2%) 18.71
55 ( 2%) 18.07
57 ( 2%) 19.33
59 ( 2%) 20.51
61 ( 1%) 21.34
63 ( 0%) 21.13
65 ( 0%) 28.10
67 ( 0%) 27.59
69 ( 0%) 36.36
71 ( 0%) 50.00
result accuracy by symbol:
( (91%) 33.80
) (91%) 33.80
* (87%) 31.54
+ (84%) 32.46
- (78%) 35.89
/ (77%) 35.26
0 (51%) 35.72
1 (60%) 33.12
2 (61%) 32.86
3 (62%) 32.40
4 (62%) 31.72
5 (62%) 31.80
6 (62%) 31.25
7 (63%) 31.03
8 (63%) 30.64
9 (63%) 30.49
result accuracy by digit:
0 ( 0%) 100.00
1 ( 0%) 97.00
2 ( 0%) 99.00
3 ( 0%) 99.00
4 ( 0%) 99.00
5 ( 0%) 100.00
6 ( 0%) 98.00
7 ( 0%) 99.00
8 ( 0%) 100.00
9 ( 0%) 98.00
result accuracy by result:
0 (21%) 86.54
1 (11%) 46.05
2 ( 3%) 40.96
3 ( 3%) 36.55
4 ( 2%) 39.94
5 ( 2%) 42.20
6 ( 2%) 40.75
7 ( 2%) 41.03
8 ( 2%) 41.10
9 ( 2%) 42.44
result accuracy by generalization:
1 (22.84%) 91.53
2 (23.00%) 39.07
3 (22.36%)  4.20
4 (15.84%) 37.35
5 (15.95%)  2.88
error cases:
7 [-1] 7 1
1 [-1] 1 2
1 [-1] 1 2
1 [-1] 1 7
6 [-1] 6 8
6 [-1] 6 0
4 [-1] 4 3
3 [-1] 3 9
9 [-1] 9 3
9 [-1] 9 7
test (Perception Acc=0.00, Head Acc=0.00, Result Acc=37.21)
