train: 11170 val: 4900 test: 48910
Namespace(curriculum=True, dec_layers=1, enc_layers=3, epochs=200, epochs_eval=5, output_dir='outputs/', perception=False, perception_pretrain='data/perception-pretrain/model.pth.tar_78.2_match', resume=None, seed=0, semantics=False, syntax=False)
Seq2Seq(
  (encoder): Encoder(
    (image_encoder): ClusteringModel(
      (backbone): ResNet(
        (conv1): Conv2d(1, 64, kernel_size=(3, 3), stride=(1, 1), padding=(1, 1), bias=False)
        (bn1): BatchNorm2d(64, eps=1e-05, momentum=0.1, affine=True, track_running_stats=True)
        (layer1): Sequential(
          (0): BasicBlock(
            (conv1): Conv2d(64, 64, kernel_size=(3, 3), stride=(1, 1), padding=(1, 1), bias=False)
            (bn1): BatchNorm2d(64, eps=1e-05, momentum=0.1, affine=True, track_running_stats=True)
            (conv2): Conv2d(64, 64, kernel_size=(3, 3), stride=(1, 1), padding=(1, 1), bias=False)
            (bn2): BatchNorm2d(64, eps=1e-05, momentum=0.1, affine=True, track_running_stats=True)
            (shortcut): Sequential()
          )
          (1): BasicBlock(
            (conv1): Conv2d(64, 64, kernel_size=(3, 3), stride=(1, 1), padding=(1, 1), bias=False)
            (bn1): BatchNorm2d(64, eps=1e-05, momentum=0.1, affine=True, track_running_stats=True)
            (conv2): Conv2d(64, 64, kernel_size=(3, 3), stride=(1, 1), padding=(1, 1), bias=False)
            (bn2): BatchNorm2d(64, eps=1e-05, momentum=0.1, affine=True, track_running_stats=True)
            (shortcut): Sequential()
          )
        )
        (layer2): Sequential(
          (0): BasicBlock(
            (conv1): Conv2d(64, 128, kernel_size=(3, 3), stride=(2, 2), padding=(1, 1), bias=False)
            (bn1): BatchNorm2d(128, eps=1e-05, momentum=0.1, affine=True, track_running_stats=True)
            (conv2): Conv2d(128, 128, kernel_size=(3, 3), stride=(1, 1), padding=(1, 1), bias=False)
            (bn2): BatchNorm2d(128, eps=1e-05, momentum=0.1, affine=True, track_running_stats=True)
            (shortcut): Sequential(
              (0): Conv2d(64, 128, kernel_size=(1, 1), stride=(2, 2), bias=False)
              (1): BatchNorm2d(128, eps=1e-05, momentum=0.1, affine=True, track_running_stats=True)
            )
          )
          (1): BasicBlock(
            (conv1): Conv2d(128, 128, kernel_size=(3, 3), stride=(1, 1), padding=(1, 1), bias=False)
            (bn1): BatchNorm2d(128, eps=1e-05, momentum=0.1, affine=True, track_running_stats=True)
            (conv2): Conv2d(128, 128, kernel_size=(3, 3), stride=(1, 1), padding=(1, 1), bias=False)
            (bn2): BatchNorm2d(128, eps=1e-05, momentum=0.1, affine=True, track_running_stats=True)
            (shortcut): Sequential()
          )
        )
        (layer3): Sequential(
          (0): BasicBlock(
            (conv1): Conv2d(128, 256, kernel_size=(3, 3), stride=(2, 2), padding=(1, 1), bias=False)
            (bn1): BatchNorm2d(256, eps=1e-05, momentum=0.1, affine=True, track_running_stats=True)
            (conv2): Conv2d(256, 256, kernel_size=(3, 3), stride=(1, 1), padding=(1, 1), bias=False)
            (bn2): BatchNorm2d(256, eps=1e-05, momentum=0.1, affine=True, track_running_stats=True)
            (shortcut): Sequential(
              (0): Conv2d(128, 256, kernel_size=(1, 1), stride=(2, 2), bias=False)
              (1): BatchNorm2d(256, eps=1e-05, momentum=0.1, affine=True, track_running_stats=True)
            )
          )
          (1): BasicBlock(
            (conv1): Conv2d(256, 256, kernel_size=(3, 3), stride=(1, 1), padding=(1, 1), bias=False)
            (bn1): BatchNorm2d(256, eps=1e-05, momentum=0.1, affine=True, track_running_stats=True)
            (conv2): Conv2d(256, 256, kernel_size=(3, 3), stride=(1, 1), padding=(1, 1), bias=False)
            (bn2): BatchNorm2d(256, eps=1e-05, momentum=0.1, affine=True, track_running_stats=True)
            (shortcut): Sequential()
          )
        )
        (layer4): Sequential(
          (0): BasicBlock(
            (conv1): Conv2d(256, 512, kernel_size=(3, 3), stride=(2, 2), padding=(1, 1), bias=False)
            (bn1): BatchNorm2d(512, eps=1e-05, momentum=0.1, affine=True, track_running_stats=True)
            (conv2): Conv2d(512, 512, kernel_size=(3, 3), stride=(1, 1), padding=(1, 1), bias=False)
            (bn2): BatchNorm2d(512, eps=1e-05, momentum=0.1, affine=True, track_running_stats=True)
            (shortcut): Sequential(
              (0): Conv2d(256, 512, kernel_size=(1, 1), stride=(2, 2), bias=False)
              (1): BatchNorm2d(512, eps=1e-05, momentum=0.1, affine=True, track_running_stats=True)
            )
          )
          (1): BasicBlock(
            (conv1): Conv2d(512, 512, kernel_size=(3, 3), stride=(1, 1), padding=(1, 1), bias=False)
            (bn1): BatchNorm2d(512, eps=1e-05, momentum=0.1, affine=True, track_running_stats=True)
            (conv2): Conv2d(512, 512, kernel_size=(3, 3), stride=(1, 1), padding=(1, 1), bias=False)
            (bn2): BatchNorm2d(512, eps=1e-05, momentum=0.1, affine=True, track_running_stats=True)
            (shortcut): Sequential()
          )
        )
        (avgpool): AdaptiveAvgPool2d(output_size=(1, 1))
      )
      (cluster_head): ModuleList(
        (0): Linear(in_features=512, out_features=16, bias=True)
      )
    )
    (symbol_embeding): Embedding(16, 128)
    (aux_embeding): Embedding(3, 128)
    (rnn): GRU(128, 128, num_layers=3, dropout=0.5, bidirectional=True)
  )
  (decoder): Decoder(
    (embedding): Embedding(13, 128)
    (rnn): GRU(128, 256, dropout=0.5)
    (fc_out): Linear(in_features=256, out_features=13, bias=True)
    (dropout): Dropout(p=0.5, inplace=False)
  )
)
Curriculum: [(0, 1), (1, 3), (20, 7), (40, 11), (60, 15), (80, inf)]
------------------------------
Epoch 0/199 (max_len=1, data=1000)
Train acc: 0.39, loss: 1.867 
Epoch time: 0m 1s
------------------------------
Epoch 1/199 (max_len=3, data=2170)
Train acc: 26.23, loss: 1.421 
Epoch time: 0m 3s
------------------------------
Epoch 2/199 (max_len=3, data=2170)
Train acc: 40.02, loss: 0.762 
Epoch time: 0m 3s
------------------------------
Epoch 3/199 (max_len=3, data=2170)
Train acc: 42.17, loss: 0.643 
Epoch time: 0m 3s
------------------------------
Epoch 4/199 (max_len=3, data=2170)
Train acc: 43.08, loss: 0.580 
result accuracy by length:
1 ( 2%) 24.00
3 ( 2%) 25.00
5 ( 2%) 17.05
7 ( 4%) 14.85
9 ( 4%) 18.09
11 ( 3%) 18.75
13 ( 4%) 14.81
15 ( 4%) 16.34
17 ( 4%) 15.53
19 ( 4%) 18.14
21 ( 4%) 15.66
23 ( 4%) 14.63
25 ( 4%) 14.50
27 ( 4%) 13.30
29 ( 3%) 15.71
31 ( 3%) 10.12
33 ( 2%) 17.14
35 ( 2%) 13.70
37 ( 2%) 15.38
39 ( 3%) 11.18
41 ( 3%) 14.09
43 ( 2%) 10.14
45 ( 2%) 12.50
47 ( 2%) 18.94
49 ( 2%) 11.27
51 ( 2%) 21.21
53 ( 2%) 17.91
55 ( 2%) 14.29
57 ( 2%) 13.99
59 ( 2%) 16.82
61 ( 1%) 23.44
63 ( 0%) 14.29
65 ( 0%) 22.22
67 ( 0%) 33.33
result accuracy by symbol:
( (91%) 15.34
) (91%) 15.34
* (87%) 14.42
+ (84%) 14.38
- (77%) 15.91
/ (76%) 17.23
0 (52%) 17.62
1 (60%) 15.23
2 (61%) 15.12
3 (62%) 15.44
4 (61%) 14.53
5 (62%) 14.62
6 (62%) 15.09
7 (63%) 14.76
8 (64%) 14.75
9 (63%) 14.24
result accuracy by digit:
0 ( 0%) 90.00
1 ( 0%) 60.00
2 ( 0%)  0.00
3 ( 0%) 90.00
4 ( 0%)  0.00
5 ( 0%)  0.00
6 ( 0%)  0.00
7 ( 0%)  0.00
8 ( 0%)  0.00
9 ( 0%)  0.00
result accuracy by result:
0 (21%) 27.71
1 (10%) 85.77
2 ( 4%)  2.02
3 ( 2%)  9.63
4 ( 2%)  0.75
5 ( 2%)  1.00
6 ( 2%)  0.00
7 ( 2%)  0.00
8 ( 2%)  0.00
9 ( 1%)  1.16
result accuracy by generalization:
1 (22.45%) 21.91
2 (22.96%) 20.36
3 (22.53%)  5.80
4 (15.82%) 17.42
5 (16.24%) 12.81
error cases:
7 [-1] 7 12
7 [-1] 7 12
7 [-1] 7 12
7 [-1] 7 12
7 [-1] 7 12
7 [-1] 7 12
7 [-1] 7 12
7 [-1] 7 12
7 [-1] 7 12
7 [-1] 7 12
val (Perception Acc=0.00, Head Acc=0.00, Result Acc=15.73)
Epoch time: 0m 17s
------------------------------
Epoch 5/199 (max_len=3, data=2170)
Train acc: 44.30, loss: 0.545 
Epoch time: 0m 3s
------------------------------
Epoch 6/199 (max_len=3, data=2170)
Train acc: 44.84, loss: 0.538 
Epoch time: 0m 3s
------------------------------
Epoch 7/199 (max_len=3, data=2170)
Train acc: 48.38, loss: 0.495 
Epoch time: 0m 3s
------------------------------
Epoch 8/199 (max_len=3, data=2170)
Train acc: 50.58, loss: 0.453 
Epoch time: 0m 3s
------------------------------
Epoch 9/199 (max_len=3, data=2170)
Train acc: 56.33, loss: 0.414 
result accuracy by length:
1 ( 2%) 38.00
3 ( 2%) 34.00
5 ( 2%) 13.18
7 ( 4%) 12.23
9 ( 4%) 11.06
11 ( 3%) 11.93
13 ( 4%) 12.50
15 ( 4%) 12.87
17 ( 4%) 13.59
19 ( 4%) 14.71
21 ( 4%) 10.61
23 ( 4%) 11.22
25 ( 4%) 12.00
27 ( 4%)  9.36
29 ( 3%)  9.42
31 ( 3%)  6.55
33 ( 2%) 10.00
35 ( 2%)  6.85
37 ( 2%) 11.97
39 ( 3%)  8.55
41 ( 3%)  8.72
43 ( 2%)  2.90
45 ( 2%)  9.82
47 ( 2%) 12.88
49 ( 2%)  9.86
51 ( 2%) 12.88
53 ( 2%) 11.94
55 ( 2%) 12.61
57 ( 2%)  9.09
59 ( 2%) 11.21
61 ( 1%) 20.31
63 ( 0%)  5.71
65 ( 0%)  0.00
67 ( 0%) 33.33
result accuracy by symbol:
( (91%) 10.90
) (91%) 10.90
* (87%) 10.14
+ (84%) 10.51
- (77%) 11.26
/ (76%) 12.54
0 (52%) 13.55
1 (60%) 11.38
2 (61%) 10.76
3 (62%) 11.25
4 (61%) 10.12
5 (62%) 10.38
6 (62%) 10.65
7 (63%)  9.95
8 (64%) 10.57
9 (63%)  9.71
result accuracy by digit:
0 ( 0%) 100.00
1 ( 0%) 100.00
2 ( 0%) 50.00
3 ( 0%) 90.00
4 ( 0%)  0.00
5 ( 0%)  0.00
6 ( 0%)  0.00
7 ( 0%)  0.00
8 ( 0%) 40.00
9 ( 0%)  0.00
result accuracy by result:
0 (21%) 12.76
1 (10%) 58.99
2 ( 4%) 39.90
3 ( 2%) 14.81
4 ( 2%)  3.76
5 ( 2%)  7.00
6 ( 2%)  8.70
7 ( 2%)  0.00
8 ( 2%)  6.84
9 ( 1%)  2.33
result accuracy by generalization:
1 (22.45%) 19.73
2 (22.96%) 15.20
3 (22.53%)  3.35
4 (15.82%) 10.58
5 (16.24%)  9.92
error cases:
7 [-1] 7 12
7 [-1] 7 12
7 [-1] 7 12
7 [-1] 7 12
7 [-1] 7 12
7 [-1] 7 12
7 [-1] 7 12
7 [-1] 7 12
7 [-1] 7 12
7 [-1] 7 12
val (Perception Acc=0.00, Head Acc=0.00, Result Acc=11.96)
Epoch time: 0m 16s
------------------------------
Epoch 10/199 (max_len=3, data=2170)
Train acc: 59.53, loss: 0.363 
Epoch time: 0m 3s
------------------------------
Epoch 11/199 (max_len=3, data=2170)
Train acc: 62.34, loss: 0.336 
Epoch time: 0m 3s
------------------------------
Epoch 12/199 (max_len=3, data=2170)
Train acc: 62.05, loss: 0.337 
Epoch time: 0m 3s
------------------------------
Epoch 13/199 (max_len=3, data=2170)
Train acc: 63.85, loss: 0.307 
Epoch time: 0m 3s
------------------------------
Epoch 14/199 (max_len=3, data=2170)
Train acc: 63.27, loss: 0.313 
result accuracy by length:
1 ( 2%) 43.00
3 ( 2%) 40.00
5 ( 2%) 17.05
7 ( 4%) 13.10
9 ( 4%) 10.55
11 ( 3%) 12.50
13 ( 4%) 12.04
15 ( 4%) 12.38
17 ( 4%) 16.99
19 ( 4%) 13.24
21 ( 4%) 11.62
23 ( 4%) 11.22
25 ( 4%) 12.50
27 ( 4%)  7.88
29 ( 3%)  9.42
31 ( 3%)  6.55
33 ( 2%)  9.29
35 ( 2%) 10.27
37 ( 2%)  9.40
39 ( 3%)  8.55
41 ( 3%)  9.40
43 ( 2%)  4.35
45 ( 2%)  8.93
47 ( 2%)  9.09
49 ( 2%)  7.04
51 ( 2%) 12.12
53 ( 2%) 13.43
55 ( 2%) 12.61
57 ( 2%)  6.99
59 ( 2%) 12.15
61 ( 1%) 14.06
63 ( 0%)  2.86
65 ( 0%)  0.00
67 ( 0%)  0.00
result accuracy by symbol:
( (91%) 10.67
) (91%) 10.67
* (87%) 10.02
+ (84%) 10.27
- (77%) 11.10
/ (76%) 12.44
0 (52%) 12.93
1 (60%) 11.18
2 (61%) 10.73
3 (62%) 10.85
4 (61%)  9.98
5 (62%) 10.09
6 (62%) 10.49
7 (63%)  9.72
8 (64%) 10.25
9 (63%)  9.71
result accuracy by digit:
0 ( 0%) 100.00
1 ( 0%) 100.00
2 ( 0%) 100.00
3 ( 0%) 90.00
4 ( 0%)  0.00
5 ( 0%)  0.00
6 ( 0%)  0.00
7 ( 0%)  0.00
8 ( 0%) 40.00
9 ( 0%)  0.00
result accuracy by result:
0 (21%) 13.81
1 (10%) 52.06
2 ( 4%) 48.48
3 ( 2%) 13.33
4 ( 2%)  9.77
5 ( 2%)  6.00
6 ( 2%)  6.96
7 ( 2%)  5.31
8 ( 2%) 11.97
9 ( 1%)  1.16
result accuracy by generalization:
1 (22.45%) 21.91
2 (22.96%) 14.22
3 (22.53%)  4.08
4 (15.82%)  9.68
5 (16.24%)  9.05
error cases:
7 [-1] 7 17
7 [-1] 7 14
7 [-1] 7 17
7 [-1] 7 14
7 [-1] 7 17
7 [-1] 7 17
7 [-1] 7 17
7 [-1] 7 17
7 [-1] 7 17
7 [-1] 7 17
val (Perception Acc=0.00, Head Acc=0.00, Result Acc=12.10)
Epoch time: 0m 16s
------------------------------
Epoch 15/199 (max_len=3, data=2170)
Train acc: 64.74, loss: 0.287 
Epoch time: 0m 3s
------------------------------
Epoch 16/199 (max_len=3, data=2170)
Train acc: 64.91, loss: 0.286 
Epoch time: 0m 3s
------------------------------
Epoch 17/199 (max_len=3, data=2170)
Train acc: 66.83, loss: 0.279 
Epoch time: 0m 3s
------------------------------
Epoch 18/199 (max_len=3, data=2170)
Train acc: 70.45, loss: 0.258 
Epoch time: 0m 3s
------------------------------
Epoch 19/199 (max_len=3, data=2170)
Train acc: 74.62, loss: 0.223 
result accuracy by length:
1 ( 2%) 42.00
3 ( 2%) 54.00
5 ( 2%) 15.50
7 ( 4%) 15.72
9 ( 4%) 10.55
11 ( 3%) 13.07
13 ( 4%) 12.96
15 ( 4%) 11.39
17 ( 4%) 13.11
19 ( 4%) 14.71
21 ( 4%) 12.12
23 ( 4%) 11.71
25 ( 4%) 13.00
27 ( 4%)  9.85
29 ( 3%) 10.47
31 ( 3%)  6.55
33 ( 2%)  9.29
35 ( 2%)  8.22
37 ( 2%)  8.55
39 ( 3%)  9.21
41 ( 3%)  8.72
43 ( 2%)  5.80
45 ( 2%) 10.71
47 ( 2%) 12.12
49 ( 2%)  8.45
51 ( 2%) 14.39
53 ( 2%) 11.94
55 ( 2%) 10.08
57 ( 2%)  8.39
59 ( 2%) 14.02
61 ( 1%) 17.19
63 ( 0%)  2.86
65 ( 0%)  0.00
67 ( 0%) 33.33
result accuracy by symbol:
( (91%) 11.14
) (91%) 11.14
* (87%) 10.46
+ (84%) 10.80
- (77%) 11.71
/ (76%) 12.78
0 (52%) 13.75
1 (60%) 11.68
2 (61%) 11.69
3 (62%) 11.38
4 (61%) 10.48
5 (62%) 10.87
6 (62%) 10.72
7 (63%) 10.75
8 (64%) 10.57
9 (63%) 10.06
result accuracy by digit:
0 ( 0%) 100.00
1 ( 0%) 100.00
2 ( 0%) 90.00
3 ( 0%) 90.00
4 ( 0%)  0.00
5 ( 0%)  0.00
6 ( 0%)  0.00
7 ( 0%)  0.00
8 ( 0%) 40.00
9 ( 0%)  0.00
result accuracy by result:
0 (21%) 15.71
1 (10%) 53.56
2 ( 4%) 46.46
3 ( 2%) 15.56
4 ( 2%)  8.27
5 ( 2%)  3.00
6 ( 2%)  7.83
7 ( 2%)  9.73
8 ( 2%)  9.40
9 ( 1%)  5.81
result accuracy by generalization:
1 (22.45%) 22.64
2 (22.96%) 15.11
3 (22.53%)  4.08
4 (15.82%) 11.61
5 (16.24%)  9.05
error cases:
7 [-1] 7 14
7 [-1] 7 14
7 [-1] 7 14
7 [-1] 7 14
7 [-1] 7 14
7 [-1] 7 14
7 [-1] 7 14
7 [-1] 7 14
7 [-1] 7 14
7 [-1] 7 14
val (Perception Acc=0.00, Head Acc=0.00, Result Acc=12.78)
Epoch time: 0m 16s
------------------------------
Epoch 20/199 (max_len=7, data=3387)
Train acc: 52.62, loss: 0.561 
Epoch time: 0m 7s
------------------------------
Epoch 21/199 (max_len=7, data=3387)
Train acc: 58.41, loss: 0.446 
Epoch time: 0m 7s
------------------------------
Epoch 22/199 (max_len=7, data=3387)
Train acc: 62.30, loss: 0.399 
Epoch time: 0m 7s
------------------------------
Epoch 23/199 (max_len=7, data=3387)
Train acc: 63.51, loss: 0.382 
Epoch time: 0m 7s
------------------------------
Epoch 24/199 (max_len=7, data=3387)
Train acc: 66.04, loss: 0.358 
result accuracy by length:
1 ( 2%) 91.00
3 ( 2%) 61.00
5 ( 2%) 31.78
7 ( 4%) 30.13
9 ( 4%) 23.62
11 ( 3%) 19.89
13 ( 4%) 18.06
15 ( 4%) 18.32
17 ( 4%) 19.90
19 ( 4%) 20.10
21 ( 4%) 17.68
23 ( 4%) 19.51
25 ( 4%) 19.50
27 ( 4%) 23.15
29 ( 3%) 22.51
31 ( 3%) 14.88
33 ( 2%) 12.86
35 ( 2%) 19.18
37 ( 2%) 13.68
39 ( 3%) 13.82
41 ( 3%) 22.82
43 ( 2%) 15.94
45 ( 2%) 15.18
47 ( 2%) 19.70
49 ( 2%) 16.90
51 ( 2%) 15.15
53 ( 2%) 21.64
55 ( 2%) 11.76
57 ( 2%) 13.99
59 ( 2%) 17.76
61 ( 1%) 23.44
63 ( 0%) 11.43
65 ( 0%) 22.22
67 ( 0%) 66.67
result accuracy by symbol:
( (91%) 18.93
) (91%) 18.93
* (87%) 18.14
+ (84%) 17.89
- (77%) 21.63
/ (76%) 20.03
0 (52%) 23.28
1 (60%) 19.91
2 (61%) 18.90
3 (62%) 19.21
4 (61%) 18.64
5 (62%) 18.65
6 (62%) 18.33
7 (63%) 18.15
8 (64%) 17.45
9 (63%) 17.40
result accuracy by digit:
0 ( 0%) 100.00
1 ( 0%) 100.00
2 ( 0%) 100.00
3 ( 0%) 90.00
4 ( 0%) 100.00
5 ( 0%) 100.00
6 ( 0%) 90.00
7 ( 0%) 100.00
8 ( 0%) 40.00
9 ( 0%) 90.00
result accuracy by result:
0 (21%) 66.10
1 (10%) 19.66
2 ( 4%) 34.85
3 ( 2%) 19.26
4 ( 2%) 20.30
5 ( 2%) 26.00
6 ( 2%) 21.74
7 ( 2%) 22.12
8 ( 2%) 11.11
9 ( 1%) 24.42
result accuracy by generalization:
1 (22.45%) 39.09
2 (22.96%) 30.93
3 (22.53%)  1.36
4 (15.82%) 30.97
5 (16.24%)  3.64
error cases:
6 [-1] 6 36
3 [-1] 3 2
9 [-1] 9 4
8 [-1] 8 48
8 [-1] 8 48
8 [-1] 8 48
8 [-1] 8 48
8 [-1] 8 48
8 [-1] 8 48
1/5 [1, -1, 1] 1 0
val (Perception Acc=0.00, Head Acc=0.00, Result Acc=21.67)
Epoch time: 0m 21s
------------------------------
Epoch 25/199 (max_len=7, data=3387)
Train acc: 67.24, loss: 0.327 
Epoch time: 0m 7s
------------------------------
Epoch 26/199 (max_len=7, data=3387)
Train acc: 69.79, loss: 0.312 
Epoch time: 0m 7s
------------------------------
Epoch 27/199 (max_len=7, data=3387)
Train acc: 71.94, loss: 0.287 
Epoch time: 0m 7s
------------------------------
Epoch 28/199 (max_len=7, data=3387)
Train acc: 72.84, loss: 0.272 
Epoch time: 0m 7s
------------------------------
Epoch 29/199 (max_len=7, data=3387)
Train acc: 74.78, loss: 0.256 
result accuracy by length:
1 ( 2%) 97.00
3 ( 2%) 54.00
5 ( 2%) 40.31
7 ( 4%) 33.19
9 ( 4%) 21.11
11 ( 3%) 19.32
13 ( 4%) 17.59
15 ( 4%) 16.34
17 ( 4%) 16.99
19 ( 4%) 19.12
21 ( 4%) 14.65
23 ( 4%) 20.00
25 ( 4%) 14.00
27 ( 4%) 17.24
29 ( 3%) 19.37
31 ( 3%) 14.88
33 ( 2%) 12.86
35 ( 2%) 17.12
37 ( 2%) 10.26
39 ( 3%) 13.16
41 ( 3%) 16.78
43 ( 2%) 14.49
45 ( 2%)  7.14
47 ( 2%) 18.18
49 ( 2%) 14.08
51 ( 2%) 15.91
53 ( 2%) 12.69
55 ( 2%)  9.24
57 ( 2%) 12.59
59 ( 2%) 13.08
61 ( 1%) 14.06
63 ( 0%)  8.57
65 ( 0%) 33.33
67 ( 0%)  0.00
result accuracy by symbol:
( (91%) 16.52
) (91%) 16.52
* (87%) 16.00
+ (84%) 15.41
- (77%) 18.48
/ (76%) 17.84
0 (52%) 20.82
1 (60%) 17.24
2 (61%) 16.18
3 (62%) 16.20
4 (61%) 16.02
5 (62%) 16.11
6 (62%) 15.68
7 (63%) 15.66
8 (64%) 15.51
9 (63%) 15.17
result accuracy by digit:
0 ( 0%) 100.00
1 ( 0%) 100.00
2 ( 0%) 100.00
3 ( 0%) 90.00
4 ( 0%) 100.00
5 ( 0%) 100.00
6 ( 0%) 90.00
7 ( 0%) 100.00
8 ( 0%) 100.00
9 ( 0%) 90.00
result accuracy by result:
0 (21%) 54.57
1 (10%) 19.85
2 ( 4%) 30.30
3 ( 2%) 36.30
4 ( 2%) 14.29
5 ( 2%) 26.00
6 ( 2%) 20.87
7 ( 2%) 16.81
8 ( 2%) 14.53
9 ( 1%) 22.09
result accuracy by generalization:
1 (22.45%) 37.36
2 (22.96%) 28.71
3 (22.53%)  1.45
4 (15.82%) 24.26
5 (16.24%)  3.14
error cases:
6 [-1] 6 0
3 [-1] 3 6
9 [-1] 9 8
1/5 [1, -1, 1] 1 0
3/6 [1, -1, 1] 1 0
9*1 [1, -1, 1] 9 8
3+2 [1, -1, 1] 5 10
3*5 [1, -1, 1] 15 25
6/3 [1, -1, 1] 2 3
9+3 [1, -1, 1] 12 21
val (Perception Acc=0.00, Head Acc=0.00, Result Acc=19.65)
Epoch time: 0m 20s
------------------------------
Epoch 30/199 (max_len=7, data=3387)
Train acc: 75.13, loss: 0.242 
Epoch time: 0m 7s
------------------------------
Epoch 31/199 (max_len=7, data=3387)
Train acc: 77.70, loss: 0.222 
Epoch time: 0m 7s
------------------------------
Epoch 32/199 (max_len=7, data=3387)
Train acc: 75.68, loss: 0.246 
Epoch time: 0m 7s
------------------------------
Epoch 33/199 (max_len=7, data=3387)
Train acc: 74.48, loss: 0.268 
Epoch time: 0m 7s
------------------------------
Epoch 34/199 (max_len=7, data=3387)
Train acc: 77.74, loss: 0.225 
result accuracy by length:
1 ( 2%) 99.00
3 ( 2%) 62.00
5 ( 2%) 41.86
7 ( 4%) 38.43
9 ( 4%) 24.62
11 ( 3%) 20.45
13 ( 4%) 18.06
15 ( 4%) 18.32
17 ( 4%) 18.45
19 ( 4%) 22.06
21 ( 4%) 17.68
23 ( 4%) 18.54
25 ( 4%) 19.00
27 ( 4%) 23.15
29 ( 3%) 19.37
31 ( 3%) 16.07
33 ( 2%) 14.29
35 ( 2%) 19.86
37 ( 2%) 11.97
39 ( 3%) 15.13
41 ( 3%) 18.79
43 ( 2%) 15.22
45 ( 2%)  8.93
47 ( 2%) 18.18
49 ( 2%) 14.79
51 ( 2%) 16.67
53 ( 2%) 20.15
55 ( 2%) 14.29
57 ( 2%) 16.78
59 ( 2%) 17.76
61 ( 1%) 18.75
63 ( 0%)  8.57
65 ( 0%) 33.33
67 ( 0%) 66.67
result accuracy by symbol:
( (91%) 18.91
) (91%) 18.91
* (87%) 18.21
+ (84%) 17.74
- (77%) 21.44
/ (76%) 20.24
0 (52%) 23.05
1 (60%) 19.88
2 (61%) 18.70
3 (62%) 19.02
4 (61%) 18.47
5 (62%) 18.59
6 (62%) 18.36
7 (63%) 17.99
8 (64%) 17.26
9 (63%) 17.75
result accuracy by digit:
0 ( 0%) 100.00
1 ( 0%) 100.00
2 ( 0%) 100.00
3 ( 0%) 100.00
4 ( 0%) 100.00
5 ( 0%) 90.00
6 ( 0%) 100.00
7 ( 0%) 100.00
8 ( 0%) 100.00
9 ( 0%) 100.00
result accuracy by result:
0 (21%) 60.38
1 (10%) 26.03
2 ( 4%) 34.85
3 ( 2%) 28.89
4 ( 2%) 19.55
5 ( 2%) 29.00
6 ( 2%) 27.83
7 ( 2%) 23.89
8 ( 2%) 13.68
9 ( 1%) 23.26
result accuracy by generalization:
1 (22.45%) 42.55
2 (22.96%) 30.93
3 (22.53%)  1.45
4 (15.82%) 27.10
5 (16.24%)  5.78
error cases:
5 [-1] 5 3
1/5 [1, -1, 1] 1 0
3/5 [1, -1, 1] 1 0
5-0 [1, -1, 1] 5 3
3/6 [1, -1, 1] 1 0
9*1 [1, -1, 1] 9 3
3*5 [1, -1, 1] 15 45
9+3 [1, -1, 1] 12 11
8-1 [1, -1, 1] 7 8
7*9 [1, -1, 1] 63 96
val (Perception Acc=0.00, Head Acc=0.00, Result Acc=22.20)
Epoch time: 0m 21s
------------------------------
Epoch 35/199 (max_len=7, data=3387)
Train acc: 79.73, loss: 0.197 
Epoch time: 0m 7s
------------------------------
Epoch 36/199 (max_len=7, data=3387)
Train acc: 80.09, loss: 0.188 
Epoch time: 0m 7s
------------------------------
Epoch 37/199 (max_len=7, data=3387)
Train acc: 82.31, loss: 0.174 
Epoch time: 0m 7s
------------------------------
Epoch 38/199 (max_len=7, data=3387)
Train acc: 81.02, loss: 0.180 
Epoch time: 0m 7s
------------------------------
Epoch 39/199 (max_len=7, data=3387)
Train acc: 82.28, loss: 0.170 
result accuracy by length:
1 ( 2%) 100.00
3 ( 2%) 75.00
5 ( 2%) 41.09
7 ( 4%) 39.30
9 ( 4%) 22.11
11 ( 3%) 22.73
13 ( 4%) 20.37
15 ( 4%) 14.36
17 ( 4%) 20.39
19 ( 4%) 17.16
21 ( 4%) 17.68
23 ( 4%) 18.54
25 ( 4%) 14.50
27 ( 4%) 20.20
29 ( 3%) 16.75
31 ( 3%) 17.26
33 ( 2%) 11.43
35 ( 2%) 15.07
37 ( 2%) 11.11
39 ( 3%) 11.18
41 ( 3%) 19.46
43 ( 2%) 15.22
45 ( 2%)  7.14
47 ( 2%) 20.45
49 ( 2%) 14.08
51 ( 2%) 18.94
53 ( 2%) 20.90
55 ( 2%)  8.40
57 ( 2%) 17.48
59 ( 2%) 15.89
61 ( 1%) 18.75
63 ( 0%)  8.57
65 ( 0%) 22.22
67 ( 0%) 66.67
result accuracy by symbol:
( (91%) 17.79
) (91%) 17.79
* (87%) 17.32
+ (84%) 17.17
- (77%) 20.16
/ (76%) 18.91
0 (52%) 22.07
1 (60%) 18.78
2 (61%) 18.11
3 (62%) 17.87
4 (61%) 17.41
5 (62%) 17.45
6 (62%) 16.82
7 (63%) 16.63
8 (64%) 16.50
9 (63%) 16.00
result accuracy by digit:
0 ( 0%) 100.00
1 ( 0%) 100.00
2 ( 0%) 100.00
3 ( 0%) 100.00
4 ( 0%) 100.00
5 ( 0%) 100.00
6 ( 0%) 100.00
7 ( 0%) 100.00
8 ( 0%) 100.00
9 ( 0%) 100.00
result accuracy by result:
0 (21%) 52.29
1 (10%) 34.27
2 ( 4%) 23.74
3 ( 2%) 30.37
4 ( 2%) 21.05
5 ( 2%) 33.00
6 ( 2%) 25.22
7 ( 2%) 24.78
8 ( 2%) 17.09
9 ( 1%) 26.74
result accuracy by generalization:
1 (22.45%) 42.91
2 (22.96%) 28.27
3 (22.53%)  1.54
4 (15.82%) 25.94
5 (16.24%)  5.65
error cases:
9*1 [1, -1, 1] 9 8
3*5 [1, -1, 1] 15 45
6/3 [1, -1, 1] 2 3
9+3 [1, -1, 1] 12 11
3-7 [1, -1, 1] 0 1
8-1 [1, -1, 1] 7 8
3-9 [1, -1, 1] 0 1
9/5 [1, -1, 1] 2 4
5-1 [1, -1, 1] 4 5
8/8 [1, -1, 1] 1 0
val (Perception Acc=0.00, Head Acc=0.00, Result Acc=21.49)
Epoch time: 0m 21s
------------------------------
Epoch 40/199 (max_len=11, data=4683)
Train acc: 64.48, loss: 0.421 
Epoch time: 0m 14s
------------------------------
Epoch 41/199 (max_len=11, data=4683)
Train acc: 67.61, loss: 0.352 
Epoch time: 0m 14s
------------------------------
Epoch 42/199 (max_len=11, data=4683)
Train acc: 69.91, loss: 0.321 
Epoch time: 0m 14s
------------------------------
Epoch 43/199 (max_len=11, data=4683)
Train acc: 71.37, loss: 0.302 
Epoch time: 0m 14s
------------------------------
Epoch 44/199 (max_len=11, data=4683)
Train acc: 72.65, loss: 0.280 
result accuracy by length:
1 ( 2%) 99.00
3 ( 2%) 69.00
5 ( 2%) 39.53
7 ( 4%) 38.43
9 ( 4%) 33.67
11 ( 3%) 28.98
13 ( 4%) 21.30
15 ( 4%) 18.81
17 ( 4%) 19.90
19 ( 4%) 23.53
21 ( 4%) 19.70
23 ( 4%) 20.49
25 ( 4%) 14.00
27 ( 4%) 25.62
29 ( 3%) 18.32
31 ( 3%) 17.86
33 ( 2%) 14.29
35 ( 2%) 16.44
37 ( 2%) 18.80
39 ( 3%) 13.16
41 ( 3%) 16.11
43 ( 2%) 16.67
45 ( 2%)  9.82
47 ( 2%) 24.24
49 ( 2%) 13.38
51 ( 2%) 21.21
53 ( 2%) 17.91
55 ( 2%) 11.76
57 ( 2%) 20.98
59 ( 2%) 17.76
61 ( 1%) 17.19
63 ( 0%) 17.14
65 ( 0%) 33.33
67 ( 0%)  0.00
result accuracy by symbol:
( (91%) 20.18
) (91%) 20.18
* (87%) 19.44
+ (84%) 18.97
- (77%) 22.26
/ (76%) 21.60
0 (52%) 23.95
1 (60%) 21.08
2 (61%) 19.90
3 (62%) 20.30
4 (61%) 19.17
5 (62%) 19.53
6 (62%) 19.37
7 (63%) 18.66
8 (64%) 18.79
9 (63%) 18.55
result accuracy by digit:
0 ( 0%) 90.00
1 ( 0%) 100.00
2 ( 0%) 100.00
3 ( 0%) 100.00
4 ( 0%) 100.00
5 ( 0%) 100.00
6 ( 0%) 100.00
7 ( 0%) 100.00
8 ( 0%) 100.00
9 ( 0%) 100.00
result accuracy by result:
0 (21%) 58.76
1 (10%) 41.01
2 ( 4%) 22.22
3 ( 2%) 23.70
4 ( 2%) 19.55
5 ( 2%) 27.00
6 ( 2%) 24.35
7 ( 2%) 30.09
8 ( 2%) 17.95
9 ( 1%) 26.74
result accuracy by generalization:
1 (22.45%) 47.36
2 (22.96%) 30.67
3 (22.53%)  2.17
4 (15.82%) 28.13
5 (16.24%)  5.78
error cases:
0 [-1] 0 2
3/5 [1, -1, 1] 1 0
9*1 [1, -1, 1] 9 8
9-3 [1, -1, 1] 6 9
0+3 [1, -1, 1] 3 6
6/3 [1, -1, 1] 2 3
5*5 [1, -1, 1] 25 45
0/2 [1, -1, 1] 0 2
2-5 [1, -1, 1] 0 1
2*4 [1, -1, 1] 8 16
val (Perception Acc=0.00, Head Acc=0.00, Result Acc=23.55)
Epoch time: 0m 27s
------------------------------
Epoch 45/199 (max_len=11, data=4683)
Train acc: 73.70, loss: 0.267 
Epoch time: 0m 14s
------------------------------
Epoch 46/199 (max_len=11, data=4683)
Train acc: 74.95, loss: 0.248 
Epoch time: 0m 14s
------------------------------
Epoch 47/199 (max_len=11, data=4683)
Train acc: 75.69, loss: 0.235 
Epoch time: 0m 14s
------------------------------
Epoch 48/199 (max_len=11, data=4683)
Train acc: 76.54, loss: 0.227 
Epoch time: 0m 14s
------------------------------
Epoch 49/199 (max_len=11, data=4683)
Train acc: 78.79, loss: 0.209 
result accuracy by length:
1 ( 2%) 98.00
3 ( 2%) 72.00
5 ( 2%) 37.98
7 ( 4%) 37.99
9 ( 4%) 33.17
11 ( 3%) 35.80
13 ( 4%) 20.83
15 ( 4%) 19.80
17 ( 4%) 20.87
19 ( 4%) 22.06
21 ( 4%) 16.16
23 ( 4%) 19.51
25 ( 4%) 17.00
27 ( 4%) 21.18
29 ( 3%) 17.80
31 ( 3%) 16.67
33 ( 2%) 15.00
35 ( 2%) 19.86
37 ( 2%) 14.53
39 ( 3%) 10.53
41 ( 3%) 18.12
43 ( 2%) 15.22
45 ( 2%) 10.71
47 ( 2%) 21.97
49 ( 2%) 12.68
51 ( 2%) 17.42
53 ( 2%) 19.40
55 ( 2%) 10.08
57 ( 2%) 18.18
59 ( 2%) 19.63
61 ( 1%) 23.44
63 ( 0%) 11.43
65 ( 0%) 22.22
67 ( 0%) 33.33
result accuracy by symbol:
( (91%) 19.87
) (91%) 19.87
* (87%) 18.93
+ (84%) 18.78
- (77%) 21.84
/ (76%) 20.93
0 (52%) 22.81
1 (60%) 20.52
2 (61%) 19.47
3 (62%) 19.18
4 (61%) 19.14
5 (62%) 19.21
6 (62%) 19.05
7 (63%) 18.70
8 (64%) 17.77
9 (63%) 17.69
result accuracy by digit:
0 ( 0%) 90.00
1 ( 0%) 100.00
2 ( 0%) 100.00
3 ( 0%) 90.00
4 ( 0%) 100.00
5 ( 0%) 100.00
6 ( 0%) 100.00
7 ( 0%) 100.00
8 ( 0%) 100.00
9 ( 0%) 100.00
result accuracy by result:
0 (21%) 52.67
1 (10%) 44.76
2 ( 4%) 27.78
3 ( 2%) 24.44
4 ( 2%) 19.55
5 ( 2%) 25.00
6 ( 2%) 28.70
7 ( 2%) 32.74
8 ( 2%) 22.22
9 ( 1%) 29.07
result accuracy by generalization:
1 (22.45%) 48.18
2 (22.96%) 28.36
3 (22.53%)  3.35
4 (15.82%) 26.45
5 (16.24%)  6.03
error cases:
0 [-1] 0 1
3 [-1] 3 6
1/5 [1, -1, 1] 1 0
3/5 [1, -1, 1] 1 0
3/6 [1, -1, 1] 1 0
9*1 [1, -1, 1] 9 8
3*5 [1, -1, 1] 15 45
6/3 [1, -1, 1] 2 3
9+3 [1, -1, 1] 12 11
8-1 [1, -1, 1] 7 8
val (Perception Acc=0.00, Head Acc=0.00, Result Acc=23.24)
Epoch time: 0m 27s
------------------------------
Epoch 50/199 (max_len=11, data=4683)
Train acc: 79.41, loss: 0.203 
Epoch time: 0m 14s
------------------------------
Epoch 51/199 (max_len=11, data=4683)
Train acc: 78.96, loss: 0.209 
Epoch time: 0m 14s
------------------------------
Epoch 52/199 (max_len=11, data=4683)
Train acc: 81.47, loss: 0.186 
Epoch time: 0m 14s
------------------------------
Epoch 53/199 (max_len=11, data=4683)
Train acc: 83.89, loss: 0.176 
Epoch time: 0m 14s
------------------------------
Epoch 54/199 (max_len=11, data=4683)
Train acc: 86.07, loss: 0.149 
result accuracy by length:
1 ( 2%) 98.00
3 ( 2%) 79.00
5 ( 2%) 46.51
7 ( 4%) 44.10
9 ( 4%) 45.23
11 ( 3%) 35.80
13 ( 4%) 24.07
15 ( 4%) 23.76
17 ( 4%) 20.87
19 ( 4%) 24.02
21 ( 4%) 21.72
23 ( 4%) 25.37
25 ( 4%) 17.50
27 ( 4%) 23.65
29 ( 3%) 20.94
31 ( 3%) 17.86
33 ( 2%) 15.71
35 ( 2%) 18.49
37 ( 2%) 11.97
39 ( 3%) 12.50
41 ( 3%) 18.79
43 ( 2%) 13.77
45 ( 2%) 12.50
47 ( 2%) 22.73
49 ( 2%) 11.97
51 ( 2%) 19.70
53 ( 2%) 17.16
55 ( 2%) 15.13
57 ( 2%) 19.58
59 ( 2%) 19.63
61 ( 1%) 20.31
63 ( 0%) 11.43
65 ( 0%) 22.22
67 ( 0%) 33.33
result accuracy by symbol:
( (91%) 21.92
) (91%) 21.92
* (87%) 20.67
+ (84%) 20.87
- (77%) 23.88
/ (76%) 23.12
0 (52%) 24.73
1 (60%) 22.09
2 (61%) 21.23
3 (62%) 21.57
4 (61%) 20.70
5 (62%) 20.93
6 (62%) 20.22
7 (63%) 20.89
8 (64%) 19.49
9 (63%) 19.67
result accuracy by digit:
0 ( 0%) 90.00
1 ( 0%) 100.00
2 ( 0%) 100.00
3 ( 0%) 100.00
4 ( 0%) 100.00
5 ( 0%) 100.00
6 ( 0%) 90.00
7 ( 0%) 100.00
8 ( 0%) 100.00
9 ( 0%) 100.00
result accuracy by result:
0 (21%) 54.86
1 (10%) 55.24
2 ( 4%) 33.33
3 ( 2%) 33.33
4 ( 2%) 22.56
5 ( 2%) 30.00
6 ( 2%) 31.30
7 ( 2%) 36.28
8 ( 2%) 19.66
9 ( 1%) 30.23
result accuracy by generalization:
1 (22.45%) 52.91
2 (22.96%) 32.00
3 (22.53%)  4.71
4 (15.82%) 26.71
5 (16.24%)  7.04
error cases:
0 [-1] 0 1
6 [-1] 6 8
3/6 [1, -1, 1] 1 0
9*1 [1, -1, 1] 9 8
4*6 [1, -1, 1] 24 32
3*5 [1, -1, 1] 15 45
8-1 [1, -1, 1] 7 8
9/5 [1, -1, 1] 2 4
5-1 [1, -1, 1] 4 5
7/2 [1, -1, 1] 4 5
val (Perception Acc=0.00, Head Acc=0.00, Result Acc=25.65)
Epoch time: 0m 27s
------------------------------
Epoch 55/199 (max_len=11, data=4683)
Train acc: 86.79, loss: 0.148 
Epoch time: 0m 14s
------------------------------
Epoch 56/199 (max_len=11, data=4683)
Train acc: 87.00, loss: 0.143 
Epoch time: 0m 14s
------------------------------
Epoch 57/199 (max_len=11, data=4683)
Train acc: 88.98, loss: 0.128 
Epoch time: 0m 14s
------------------------------
Epoch 58/199 (max_len=11, data=4683)
Train acc: 89.51, loss: 0.122 
Epoch time: 0m 14s
------------------------------
Epoch 59/199 (max_len=11, data=4683)
Train acc: 89.48, loss: 0.123 
result accuracy by length:
1 ( 2%) 99.00
3 ( 2%) 77.00
5 ( 2%) 48.06
7 ( 4%) 44.98
9 ( 4%) 45.23
11 ( 3%) 41.48
13 ( 4%) 26.85
15 ( 4%) 22.77
17 ( 4%) 22.33
19 ( 4%) 26.47
21 ( 4%) 24.75
23 ( 4%) 24.88
25 ( 4%) 18.00
27 ( 4%) 28.57
29 ( 3%) 21.47
31 ( 3%) 17.86
33 ( 2%) 14.29
35 ( 2%) 23.29
37 ( 2%) 20.51
39 ( 3%) 12.50
41 ( 3%) 19.46
43 ( 2%) 13.77
45 ( 2%) 12.50
47 ( 2%) 25.00
49 ( 2%) 14.08
51 ( 2%) 18.18
53 ( 2%) 22.39
55 ( 2%) 15.97
57 ( 2%) 20.98
59 ( 2%) 19.63
61 ( 1%) 23.44
63 ( 0%) 20.00
65 ( 0%) 22.22
67 ( 0%) 66.67
result accuracy by symbol:
( (91%) 23.64
) (91%) 23.64
* (87%) 21.99
+ (84%) 22.58
- (77%) 25.98
/ (76%) 24.74
0 (52%) 26.25
1 (60%) 24.46
2 (61%) 23.02
3 (62%) 23.61
4 (61%) 22.12
5 (62%) 22.59
6 (62%) 22.77
7 (63%) 21.76
8 (64%) 21.18
9 (63%) 21.17
result accuracy by digit:
0 ( 0%) 100.00
1 ( 0%) 100.00
2 ( 0%) 100.00
3 ( 0%) 100.00
4 ( 0%) 100.00
5 ( 0%) 90.00
6 ( 0%) 100.00
7 ( 0%) 100.00
8 ( 0%) 100.00
9 ( 0%) 100.00
result accuracy by result:
0 (21%) 65.71
1 (10%) 47.19
2 ( 4%) 26.26
3 ( 2%) 39.26
4 ( 2%) 17.29
5 ( 2%) 30.00
6 ( 2%) 31.30
7 ( 2%) 40.71
8 ( 2%) 23.08
9 ( 1%) 27.91
result accuracy by generalization:
1 (22.45%) 55.55
2 (22.96%) 35.47
3 (22.53%)  3.71
4 (15.82%) 30.71
5 (16.24%)  5.78
error cases:
5 [-1] 5 3
3/6 [1, -1, 1] 1 0
9*1 [1, -1, 1] 9 8
3*5 [1, -1, 1] 15 45
6/3 [1, -1, 1] 2 3
5*5 [1, -1, 1] 25 45
9/5 [1, -1, 1] 2 4
7*9 [1, -1, 1] 63 96
7/2 [1, -1, 1] 4 5
3+3 [1, -1, 1] 6 7
val (Perception Acc=0.00, Head Acc=0.00, Result Acc=27.24)
Epoch time: 0m 27s
------------------------------
Epoch 60/199 (max_len=15, data=6058)
Train acc: 75.51, loss: 0.333 
Epoch time: 0m 23s
------------------------------
Epoch 61/199 (max_len=15, data=6058)
Train acc: 78.29, loss: 0.273 
Epoch time: 0m 23s
------------------------------
Epoch 62/199 (max_len=15, data=6058)
Train acc: 79.96, loss: 0.245 
Epoch time: 0m 23s
------------------------------
Epoch 63/199 (max_len=15, data=6058)
Train acc: 81.13, loss: 0.224 
Epoch time: 0m 23s
------------------------------
Epoch 64/199 (max_len=15, data=6058)
Train acc: 81.88, loss: 0.208 
result accuracy by length:
1 ( 2%) 100.00
3 ( 2%) 78.00
5 ( 2%) 46.51
7 ( 4%) 40.17
9 ( 4%) 42.21
11 ( 3%) 40.91
13 ( 4%) 38.89
15 ( 4%) 32.67
17 ( 4%) 25.73
19 ( 4%) 29.90
21 ( 4%) 26.77
23 ( 4%) 25.37
25 ( 4%) 20.50
27 ( 4%) 29.56
29 ( 3%) 27.23
31 ( 3%) 22.02
33 ( 2%) 18.57
35 ( 2%) 22.60
37 ( 2%) 23.93
39 ( 3%) 16.45
41 ( 3%) 20.81
43 ( 2%) 18.12
45 ( 2%) 18.75
47 ( 2%) 27.27
49 ( 2%) 18.31
51 ( 2%) 25.76
53 ( 2%) 23.13
55 ( 2%) 15.97
57 ( 2%) 21.68
59 ( 2%) 19.63
61 ( 1%) 25.00
63 ( 0%) 20.00
65 ( 0%) 22.22
67 ( 0%) 33.33
result accuracy by symbol:
( (91%) 26.26
) (91%) 26.26
* (87%) 24.74
+ (84%) 25.13
- (77%) 29.08
/ (76%) 27.51
0 (52%) 29.26
1 (60%) 26.97
2 (61%) 26.15
3 (62%) 26.16
4 (61%) 25.01
5 (62%) 25.20
6 (62%) 25.12
7 (63%) 25.15
8 (64%) 23.89
9 (63%) 23.82
result accuracy by digit:
0 ( 0%) 100.00
1 ( 0%) 100.00
2 ( 0%) 100.00
3 ( 0%) 100.00
4 ( 0%) 100.00
5 ( 0%) 100.00
6 ( 0%) 100.00
7 ( 0%) 100.00
8 ( 0%) 100.00
9 ( 0%) 100.00
result accuracy by result:
0 (21%) 79.90
1 (10%) 48.88
2 ( 4%) 19.70
3 ( 2%) 25.19
4 ( 2%) 27.82
5 ( 2%) 33.00
6 ( 2%) 27.83
7 ( 2%) 30.09
8 ( 2%) 17.95
9 ( 1%) 32.56
result accuracy by generalization:
1 (22.45%) 58.18
2 (22.96%) 40.44
3 (22.53%)  3.35
4 (15.82%) 37.68
5 (16.24%)  4.27
error cases:
5*9 [1, -1, 1] 45 95
9*1 [1, -1, 1] 9 72
9-7 [1, -1, 1] 2 3
6/3 [1, -1, 1] 2 3
9+3 [1, -1, 1] 12 11
5*5 [1, -1, 1] 25 45
2*4 [1, -1, 1] 8 16
8-1 [1, -1, 1] 7 8
9/5 [1, -1, 1] 2 4
1+8 [1, -1, 1] 9 11
val (Perception Acc=0.00, Head Acc=0.00, Result Acc=29.76)
Epoch time: 0m 36s
------------------------------
Epoch 65/199 (max_len=15, data=6058)
Train acc: 82.94, loss: 0.199 
Epoch time: 0m 23s
------------------------------
Epoch 66/199 (max_len=15, data=6058)
Train acc: 83.71, loss: 0.184 
Epoch time: 0m 23s
------------------------------
Epoch 67/199 (max_len=15, data=6058)
Train acc: 84.85, loss: 0.173 
Epoch time: 0m 23s
------------------------------
Epoch 68/199 (max_len=15, data=6058)
Train acc: 85.62, loss: 0.168 
Epoch time: 0m 23s
------------------------------
Epoch 69/199 (max_len=15, data=6058)
Train acc: 85.89, loss: 0.161 
result accuracy by length:
1 ( 2%) 100.00
3 ( 2%) 78.00
5 ( 2%) 49.61
7 ( 4%) 40.17
9 ( 4%) 46.73
11 ( 3%) 45.45
13 ( 4%) 37.50
15 ( 4%) 39.60
17 ( 4%) 25.24
19 ( 4%) 27.94
21 ( 4%) 26.26
23 ( 4%) 23.90
25 ( 4%) 16.50
27 ( 4%) 26.60
29 ( 3%) 21.47
31 ( 3%) 18.45
33 ( 2%) 14.29
35 ( 2%) 21.92
37 ( 2%) 19.66
39 ( 3%) 15.79
41 ( 3%) 18.12
43 ( 2%) 18.12
45 ( 2%) 18.75
47 ( 2%) 26.52
49 ( 2%) 16.20
51 ( 2%) 18.94
53 ( 2%) 22.39
55 ( 2%) 13.45
57 ( 2%) 16.08
59 ( 2%) 18.69
61 ( 1%) 20.31
63 ( 0%) 20.00
65 ( 0%) 22.22
67 ( 0%) 33.33
result accuracy by symbol:
( (91%) 25.05
) (91%) 25.05
* (87%) 23.39
+ (84%) 23.61
- (77%) 27.53
/ (76%) 25.65
0 (52%) 27.58
1 (60%) 25.60
2 (61%) 24.29
3 (62%) 24.39
4 (61%) 23.38
5 (62%) 23.89
6 (62%) 23.69
7 (63%) 23.54
8 (64%) 22.01
9 (63%) 22.13
result accuracy by digit:
0 ( 0%) 100.00
1 ( 0%) 100.00
2 ( 0%) 100.00
3 ( 0%) 100.00
4 ( 0%) 100.00
5 ( 0%) 100.00
6 ( 0%) 100.00
7 ( 0%) 100.00
8 ( 0%) 100.00
9 ( 0%) 100.00
result accuracy by result:
0 (21%) 70.48
1 (10%) 43.26
2 ( 4%) 40.40
3 ( 2%) 28.15
4 ( 2%) 22.56
5 ( 2%) 36.00
6 ( 2%) 33.91
7 ( 2%) 35.40
8 ( 2%) 23.93
9 ( 1%) 32.56
result accuracy by generalization:
1 (22.45%) 60.82
2 (22.96%) 36.62
3 (22.53%)  2.81
4 (15.82%) 33.42
5 (16.24%)  4.15
error cases:
9*1 [1, -1, 1] 9 3
6/3 [1, -1, 1] 2 3
9+3 [1, -1, 1] 12 11
2*4 [1, -1, 1] 8 16
9/5 [1, -1, 1] 2 4
7*9 [1, -1, 1] 63 46
7/2 [1, -1, 1] 4 5
1+8 [1, -1, 1] 9 13
7-1 [1, -1, 1] 6 7
3-1 [1, -1, 1] 2 3
val (Perception Acc=0.00, Head Acc=0.00, Result Acc=28.65)
Epoch time: 0m 36s
------------------------------
Epoch 70/199 (max_len=15, data=6058)
Train acc: 86.90, loss: 0.150 
Epoch time: 0m 23s
------------------------------
Epoch 71/199 (max_len=15, data=6058)
Train acc: 87.25, loss: 0.143 
Epoch time: 0m 23s
------------------------------
Epoch 72/199 (max_len=15, data=6058)
Train acc: 87.98, loss: 0.135 
Epoch time: 0m 23s
------------------------------
Epoch 73/199 (max_len=15, data=6058)
Train acc: 88.63, loss: 0.129 
Epoch time: 0m 23s
------------------------------
Epoch 74/199 (max_len=15, data=6058)
Train acc: 90.22, loss: 0.113 
result accuracy by length:
1 ( 2%) 100.00
3 ( 2%) 75.00
5 ( 2%) 44.96
7 ( 4%) 42.36
9 ( 4%) 47.24
11 ( 3%) 46.59
13 ( 4%) 42.13
15 ( 4%) 42.08
17 ( 4%) 26.70
19 ( 4%) 28.43
21 ( 4%) 26.26
23 ( 4%) 23.90
25 ( 4%) 19.50
27 ( 4%) 29.06
29 ( 3%) 24.08
31 ( 3%) 16.67
33 ( 2%) 14.29
35 ( 2%) 21.23
37 ( 2%) 16.24
39 ( 3%) 14.47
41 ( 3%) 18.12
43 ( 2%) 13.77
45 ( 2%) 15.18
47 ( 2%) 27.27
49 ( 2%) 17.61
51 ( 2%) 17.42
53 ( 2%) 20.90
55 ( 2%) 16.81
57 ( 2%) 19.58
59 ( 2%) 18.69
61 ( 1%) 23.44
63 ( 0%) 22.86
65 ( 0%) 22.22
67 ( 0%)  0.00
result accuracy by symbol:
( (91%) 25.70
) (91%) 25.70
* (87%) 23.88
+ (84%) 24.14
- (77%) 28.16
/ (76%) 26.39
0 (52%) 27.27
1 (60%) 25.74
2 (61%) 24.68
3 (62%) 24.52
4 (61%) 23.68
5 (62%) 24.48
6 (62%) 23.98
7 (63%) 23.70
8 (64%) 22.77
9 (63%) 22.51
result accuracy by digit:
0 ( 0%) 100.00
1 ( 0%) 100.00
2 ( 0%) 100.00
3 ( 0%) 100.00
4 ( 0%) 100.00
5 ( 0%) 100.00
6 ( 0%) 100.00
7 ( 0%) 100.00
8 ( 0%) 100.00
9 ( 0%) 100.00
result accuracy by result:
0 (21%) 69.62
1 (10%) 48.31
2 ( 4%) 32.32
3 ( 2%) 30.37
4 ( 2%) 26.32
5 ( 2%) 37.00
6 ( 2%) 30.43
7 ( 2%) 38.05
8 ( 2%) 26.50
9 ( 1%) 37.21
result accuracy by generalization:
1 (22.45%) 60.82
2 (22.96%) 38.04
3 (22.53%)  3.71
4 (15.82%) 32.77
5 (16.24%)  4.52
error cases:
5*9 [1, -1, 1] 45 95
3/6 [1, -1, 1] 1 0
9*1 [1, -1, 1] 9 8
4*6 [1, -1, 1] 24 32
9-3 [1, -1, 1] 6 5
6/3 [1, -1, 1] 2 3
9+3 [1, -1, 1] 12 11
2*4 [1, -1, 1] 8 16
9/5 [1, -1, 1] 2 4
8*1 [1, -1, 1] 8 48
val (Perception Acc=0.00, Head Acc=0.00, Result Acc=29.14)
Epoch time: 0m 36s
------------------------------
Epoch 75/199 (max_len=15, data=6058)
Train acc: 89.62, loss: 0.120 
Epoch time: 0m 23s
------------------------------
Epoch 76/199 (max_len=15, data=6058)
Train acc: 89.61, loss: 0.117 
Epoch time: 0m 23s
------------------------------
Epoch 77/199 (max_len=15, data=6058)
Train acc: 90.81, loss: 0.105 
Epoch time: 0m 23s
------------------------------
Epoch 78/199 (max_len=15, data=6058)
Train acc: 90.59, loss: 0.109 
Epoch time: 0m 23s
------------------------------
Epoch 79/199 (max_len=15, data=6058)
Train acc: 91.39, loss: 0.096 
result accuracy by length:
1 ( 2%) 89.00
3 ( 2%) 80.00
5 ( 2%) 51.16
7 ( 4%) 43.67
9 ( 4%) 47.24
11 ( 3%) 44.89
13 ( 4%) 43.06
15 ( 4%) 39.60
17 ( 4%) 29.13
19 ( 4%) 31.37
21 ( 4%) 28.79
23 ( 4%) 22.44
25 ( 4%) 19.00
27 ( 4%) 29.06
29 ( 3%) 21.99
31 ( 3%) 18.45
33 ( 2%) 14.29
35 ( 2%) 22.60
37 ( 2%) 22.22
39 ( 3%) 14.47
41 ( 3%) 18.79
43 ( 2%) 19.57
45 ( 2%) 14.29
47 ( 2%) 29.55
49 ( 2%) 19.01
51 ( 2%) 20.45
53 ( 2%) 18.66
55 ( 2%) 15.13
57 ( 2%) 18.18
59 ( 2%) 16.82
61 ( 1%) 18.75
63 ( 0%) 25.71
65 ( 0%) 33.33
67 ( 0%) 33.33
result accuracy by symbol:
( (91%) 26.14
) (91%) 26.14
* (87%) 24.62
+ (84%) 24.91
- (77%) 28.61
/ (76%) 26.98
0 (52%) 28.20
1 (60%) 26.61
2 (61%) 25.25
3 (62%) 25.77
4 (61%) 24.41
5 (62%) 24.84
6 (62%) 24.70
7 (63%) 24.51
8 (64%) 23.38
9 (63%) 22.77
result accuracy by digit:
0 ( 0%) 90.00
1 ( 0%) 100.00
2 ( 0%) 100.00
3 ( 0%) 100.00
4 ( 0%) 100.00
5 ( 0%) 90.00
6 ( 0%) 100.00
7 ( 0%) 100.00
8 ( 0%) 100.00
9 ( 0%) 10.00
result accuracy by result:
0 (21%) 69.81
1 (10%) 52.25
2 ( 4%) 31.82
3 ( 2%) 33.33
4 ( 2%) 25.56
5 ( 2%) 36.00
6 ( 2%) 33.04
7 ( 2%) 38.94
8 ( 2%) 25.64
9 ( 1%) 29.07
result accuracy by generalization:
1 (22.45%) 62.36
2 (22.96%) 37.87
3 (22.53%)  4.08
4 (15.82%) 32.65
5 (16.24%)  5.65
error cases:
0 [-1] 0 1
9 [-1] 9 18
9 [-1] 9 18
9 [-1] 9 18
9 [-1] 9 18
9 [-1] 9 18
9 [-1] 9 18
9 [-1] 9 18
9 [-1] 9 18
9 [-1] 9 18
val (Perception Acc=0.00, Head Acc=0.00, Result Acc=29.69)
Epoch time: 0m 37s
------------------------------
Epoch 80/199 (max_len=inf, data=11170)
Train acc: 62.61, loss: 0.535 
Epoch time: 1m 22s
------------------------------
Epoch 81/199 (max_len=inf, data=11170)
Train acc: 65.79, loss: 0.459 
Epoch time: 1m 22s
------------------------------
Epoch 82/199 (max_len=inf, data=11170)
Train acc: 66.76, loss: 0.434 
Epoch time: 1m 22s
------------------------------
Epoch 83/199 (max_len=inf, data=11170)
Train acc: 68.10, loss: 0.405 
Epoch time: 1m 22s
------------------------------
Epoch 84/199 (max_len=inf, data=11170)
Train acc: 68.54, loss: 0.398 
result accuracy by length:
1 ( 2%) 98.00
3 ( 2%) 73.00
5 ( 2%) 43.41
7 ( 4%) 37.99
9 ( 4%) 47.24
11 ( 3%) 43.18
13 ( 4%) 41.67
15 ( 4%) 38.61
17 ( 4%) 33.01
19 ( 4%) 38.73
21 ( 4%) 32.32
23 ( 4%) 32.20
25 ( 4%) 26.00
27 ( 4%) 37.44
29 ( 3%) 36.13
31 ( 3%) 30.36
33 ( 2%) 21.43
35 ( 2%) 28.08
37 ( 2%) 28.21
39 ( 3%) 24.34
41 ( 3%) 29.53
43 ( 2%) 23.91
45 ( 2%) 20.54
47 ( 2%) 31.82
49 ( 2%) 23.94
51 ( 2%) 29.55
53 ( 2%) 24.63
55 ( 2%) 17.65
57 ( 2%) 24.48
59 ( 2%) 23.36
61 ( 1%) 32.81
63 ( 0%) 31.43
65 ( 0%) 44.44
67 ( 0%) 66.67
result accuracy by symbol:
( (91%) 31.57
) (91%) 31.57
* (87%) 29.71
+ (84%) 30.25
- (77%) 34.72
/ (76%) 33.32
0 (52%) 34.65
1 (60%) 32.76
2 (61%) 31.33
3 (62%) 31.34
4 (61%) 30.28
5 (62%) 30.89
6 (62%) 30.22
7 (63%) 30.16
8 (64%) 29.20
9 (63%) 28.48
result accuracy by digit:
0 ( 0%) 100.00
1 ( 0%) 100.00
2 ( 0%) 100.00
3 ( 0%) 100.00
4 ( 0%) 100.00
5 ( 0%) 100.00
6 ( 0%) 90.00
7 ( 0%) 100.00
8 ( 0%) 100.00
9 ( 0%) 90.00
result accuracy by result:
0 (21%) 94.86
1 (10%) 52.43
2 ( 4%) 26.77
3 ( 2%) 30.37
4 ( 2%) 24.06
5 ( 2%) 37.00
6 ( 2%) 35.65
7 ( 2%) 34.51
8 ( 2%) 28.21
9 ( 1%) 45.35
result accuracy by generalization:
1 (22.45%) 64.82
2 (22.96%) 46.13
3 (22.53%)  4.44
4 (15.82%) 46.97
5 (16.24%)  5.03
error cases:
6 [-1] 6 5
9 [-1] 9 7
9*1 [1, -1, 1] 9 8
4*6 [1, -1, 1] 24 32
6*4 [1, -1, 1] 24 20
9-3 [1, -1, 1] 6 9
9+3 [1, -1, 1] 12 11
5*5 [1, -1, 1] 25 30
9/5 [1, -1, 1] 2 4
7*9 [1, -1, 1] 63 57
val (Perception Acc=0.00, Head Acc=0.00, Result Acc=34.39)
Epoch time: 1m 35s
------------------------------
Epoch 85/199 (max_len=inf, data=11170)
Train acc: 69.50, loss: 0.385 
Epoch time: 1m 21s
------------------------------
Epoch 86/199 (max_len=inf, data=11170)
Train acc: 70.45, loss: 0.367 
Epoch time: 1m 21s
------------------------------
Epoch 87/199 (max_len=inf, data=11170)
Train acc: 71.45, loss: 0.351 
Epoch time: 1m 21s
------------------------------
Epoch 88/199 (max_len=inf, data=11170)
Train acc: 72.43, loss: 0.335 
Epoch time: 1m 22s
------------------------------
Epoch 89/199 (max_len=inf, data=11170)
Train acc: 73.67, loss: 0.323 
result accuracy by length:
1 ( 2%) 100.00
3 ( 2%) 75.00
5 ( 2%) 44.19
7 ( 4%) 33.19
9 ( 4%) 43.22
11 ( 3%) 42.61
13 ( 4%) 40.74
15 ( 4%) 38.12
17 ( 4%) 35.44
19 ( 4%) 39.71
21 ( 4%) 32.83
23 ( 4%) 32.68
25 ( 4%) 29.00
27 ( 4%) 37.44
29 ( 3%) 37.70
31 ( 3%) 32.14
33 ( 2%) 21.43
35 ( 2%) 26.71
37 ( 2%) 28.21
39 ( 3%) 23.03
41 ( 3%) 28.86
43 ( 2%) 20.29
45 ( 2%) 19.64
47 ( 2%) 30.30
49 ( 2%) 25.35
51 ( 2%) 28.79
53 ( 2%) 25.37
55 ( 2%) 15.97
57 ( 2%) 26.57
59 ( 2%) 14.02
61 ( 1%) 23.44
63 ( 0%) 31.43
65 ( 0%) 33.33
67 ( 0%) 66.67
result accuracy by symbol:
( (91%) 31.01
) (91%) 31.01
* (87%) 29.41
+ (84%) 29.74
- (77%) 34.23
/ (76%) 32.54
0 (52%) 34.49
1 (60%) 32.03
2 (61%) 30.50
3 (62%) 30.46
4 (61%) 29.95
5 (62%) 29.95
6 (62%) 29.99
7 (63%) 29.93
8 (64%) 28.31
9 (63%) 27.71
result accuracy by digit:
0 ( 0%) 100.00
1 ( 0%) 100.00
2 ( 0%) 100.00
3 ( 0%) 100.00
4 ( 0%) 100.00
5 ( 0%) 100.00
6 ( 0%) 100.00
7 ( 0%) 100.00
8 ( 0%) 100.00
9 ( 0%) 100.00
result accuracy by result:
0 (21%) 94.38
1 (10%) 46.63
2 ( 4%) 20.71
3 ( 2%) 26.67
4 ( 2%) 28.57
5 ( 2%) 39.00
6 ( 2%) 40.00
7 ( 2%) 37.17
8 ( 2%) 25.64
9 ( 1%) 53.49
result accuracy by generalization:
1 (22.45%) 66.55
2 (22.96%) 44.44
3 (22.53%)  4.53
4 (15.82%) 44.90
5 (16.24%)  3.89
error cases:
9*1 [1, -1, 1] 9 8
9-7 [1, -1, 1] 2 3
9-3 [1, -1, 1] 6 9
9+3 [1, -1, 1] 12 11
5*5 [1, -1, 1] 25 30
9/5 [1, -1, 1] 2 4
5-1 [1, -1, 1] 4 5
7/2 [1, -1, 1] 4 5
6+9 [1, -1, 1] 15 14
1+8 [1, -1, 1] 9 11
val (Perception Acc=0.00, Head Acc=0.00, Result Acc=33.90)
Epoch time: 1m 35s
------------------------------
Epoch 90/199 (max_len=inf, data=11170)
Train acc: 73.66, loss: 0.317 
Epoch time: 1m 21s
------------------------------
Epoch 91/199 (max_len=inf, data=11170)
Train acc: 74.57, loss: 0.303 
Epoch time: 1m 21s
------------------------------
Epoch 92/199 (max_len=inf, data=11170)
Train acc: 74.94, loss: 0.292 
Epoch time: 1m 21s
------------------------------
Epoch 93/199 (max_len=inf, data=11170)
Train acc: 75.80, loss: 0.284 
Epoch time: 1m 22s
------------------------------
Epoch 94/199 (max_len=inf, data=11170)
Train acc: 76.89, loss: 0.274 
result accuracy by length:
1 ( 2%) 100.00
3 ( 2%) 75.00
5 ( 2%) 46.51
7 ( 4%) 39.74
9 ( 4%) 46.73
11 ( 3%) 43.18
13 ( 4%) 40.74
15 ( 4%) 42.08
17 ( 4%) 39.81
19 ( 4%) 44.12
21 ( 4%) 36.87
23 ( 4%) 37.56
25 ( 4%) 31.00
27 ( 4%) 41.87
29 ( 3%) 36.13
31 ( 3%) 33.93
33 ( 2%) 25.00
35 ( 2%) 28.77
37 ( 2%) 27.35
39 ( 3%) 25.66
41 ( 3%) 27.52
43 ( 2%) 21.74
45 ( 2%) 18.75
47 ( 2%) 31.82
49 ( 2%) 25.35
51 ( 2%) 34.09
53 ( 2%) 27.61
55 ( 2%) 20.17
57 ( 2%) 22.38
59 ( 2%) 22.43
61 ( 1%) 29.69
63 ( 0%) 25.71
65 ( 0%) 44.44
67 ( 0%) 33.33
result accuracy by symbol:
( (91%) 33.40
) (91%) 33.40
* (87%) 31.62
+ (84%) 32.05
- (77%) 36.27
/ (76%) 35.23
0 (52%) 36.41
1 (60%) 34.10
2 (61%) 33.19
3 (62%) 32.89
4 (61%) 32.31
5 (62%) 32.32
6 (62%) 31.66
7 (63%) 32.10
8 (64%) 30.48
9 (63%) 29.92
result accuracy by digit:
0 ( 0%) 100.00
1 ( 0%) 100.00
2 ( 0%) 100.00
3 ( 0%) 100.00
4 ( 0%) 100.00
5 ( 0%) 100.00
6 ( 0%) 100.00
7 ( 0%) 100.00
8 ( 0%) 100.00
9 ( 0%) 100.00
result accuracy by result:
0 (21%) 89.81
1 (10%) 57.68
2 ( 4%) 30.81
3 ( 2%) 31.11
4 ( 2%) 36.09
5 ( 2%) 43.00
6 ( 2%) 41.74
7 ( 2%) 45.13
8 ( 2%) 36.75
9 ( 1%) 54.65
result accuracy by generalization:
1 (22.45%) 74.64
2 (22.96%) 43.56
3 (22.53%)  5.53
4 (15.82%) 45.42
5 (16.24%)  6.53
error cases:
5*9 [1, -1, 1] 45 95
9*1 [1, -1, 1] 9 8
9-3 [1, -1, 1] 6 9
6/3 [1, -1, 1] 2 4
9+3 [1, -1, 1] 12 11
9/5 [1, -1, 1] 2 4
7*9 [1, -1, 1] 63 57
6+9 [1, -1, 1] 15 21
1+8 [1, -1, 1] 9 11
7-1 [1, -1, 1] 6 7
val (Perception Acc=0.00, Head Acc=0.00, Result Acc=36.24)
Epoch time: 1m 35s
------------------------------
Epoch 95/199 (max_len=inf, data=11170)
Train acc: 77.30, loss: 0.264 
Epoch time: 1m 21s
------------------------------
Epoch 96/199 (max_len=inf, data=11170)
Train acc: 77.85, loss: 0.255 
Epoch time: 1m 21s
------------------------------
Epoch 97/199 (max_len=inf, data=11170)
Train acc: 79.32, loss: 0.240 
Epoch time: 1m 22s
------------------------------
Epoch 98/199 (max_len=inf, data=11170)
Train acc: 78.88, loss: 0.242 
Epoch time: 1m 21s
------------------------------
Epoch 99/199 (max_len=inf, data=11170)
Train acc: 78.94, loss: 0.237 
result accuracy by length:
1 ( 2%) 100.00
3 ( 2%) 78.00
5 ( 2%) 48.84
7 ( 4%) 41.92
9 ( 4%) 48.24
11 ( 3%) 43.75
13 ( 4%) 40.28
15 ( 4%) 43.56
17 ( 4%) 40.78
19 ( 4%) 44.12
21 ( 4%) 42.42
23 ( 4%) 40.49
25 ( 4%) 34.00
27 ( 4%) 41.87
29 ( 3%) 38.74
31 ( 3%) 34.52
33 ( 2%) 24.29
35 ( 2%) 27.40
37 ( 2%) 29.91
39 ( 3%) 23.03
41 ( 3%) 29.53
43 ( 2%) 23.19
45 ( 2%) 17.86
47 ( 2%) 37.88
49 ( 2%) 25.35
51 ( 2%) 32.58
53 ( 2%) 30.60
55 ( 2%) 20.17
57 ( 2%) 23.78
59 ( 2%) 23.36
61 ( 1%) 31.25
63 ( 0%) 25.71
65 ( 0%) 33.33
67 ( 0%) 66.67
result accuracy by symbol:
( (91%) 34.61
) (91%) 34.61
* (87%) 32.67
+ (84%) 33.52
- (77%) 37.48
/ (76%) 36.59
0 (52%) 37.85
1 (60%) 35.74
2 (61%) 34.05
3 (62%) 34.30
4 (61%) 33.43
5 (62%) 33.85
6 (62%) 32.87
7 (63%) 33.06
8 (64%) 31.24
9 (63%) 31.23
result accuracy by digit:
0 ( 0%) 100.00
1 ( 0%) 100.00
2 ( 0%) 100.00
3 ( 0%) 100.00
4 ( 0%) 100.00
5 ( 0%) 100.00
6 ( 0%) 100.00
7 ( 0%) 100.00
8 ( 0%) 100.00
9 ( 0%) 100.00
result accuracy by result:
0 (21%) 89.43
1 (10%) 64.42
2 ( 4%) 36.36
3 ( 2%) 34.81
4 ( 2%) 37.59
5 ( 2%) 46.00
6 ( 2%) 38.26
7 ( 2%) 53.10
8 ( 2%) 36.75
9 ( 1%) 54.65
result accuracy by generalization:
1 (22.45%) 77.18
2 (22.96%) 45.07
3 (22.53%)  5.80
4 (15.82%) 45.16
5 (16.24%)  8.54
error cases:
9*1 [1, -1, 1] 9 8
9-3 [1, -1, 1] 6 5
5*5 [1, -1, 1] 25 30
9/5 [1, -1, 1] 2 4
7*9 [1, -1, 1] 63 96
6+9 [1, -1, 1] 15 14
1+8 [1, -1, 1] 9 11
7-1 [1, -1, 1] 6 7
3-1 [1, -1, 1] 2 3
3*2 [1, -1, 1] 6 12
val (Perception Acc=0.00, Head Acc=0.00, Result Acc=37.51)
Epoch time: 1m 35s
------------------------------
Epoch 100/199 (max_len=inf, data=11170)
Train acc: 79.85, loss: 0.228 
Epoch time: 1m 21s
------------------------------
Epoch 101/199 (max_len=inf, data=11170)
Train acc: 80.84, loss: 0.217 
Epoch time: 1m 21s
------------------------------
Epoch 102/199 (max_len=inf, data=11170)
Train acc: 81.56, loss: 0.209 
Epoch time: 1m 21s
------------------------------
Epoch 103/199 (max_len=inf, data=11170)
Train acc: 81.76, loss: 0.203 
Epoch time: 1m 21s
------------------------------
Epoch 104/199 (max_len=inf, data=11170)
Train acc: 80.84, loss: 0.213 
result accuracy by length:
1 ( 2%) 99.00
3 ( 2%) 82.00
5 ( 2%) 46.51
7 ( 4%) 40.61
9 ( 4%) 47.24
11 ( 3%) 47.16
13 ( 4%) 41.67
15 ( 4%) 44.06
17 ( 4%) 42.23
19 ( 4%) 48.04
21 ( 4%) 41.41
23 ( 4%) 40.00
25 ( 4%) 33.00
27 ( 4%) 41.38
29 ( 3%) 38.22
31 ( 3%) 34.52
33 ( 2%) 24.29
35 ( 2%) 26.71
37 ( 2%) 25.64
39 ( 3%) 23.68
41 ( 3%) 28.19
43 ( 2%) 21.01
45 ( 2%) 19.64
47 ( 2%) 33.33
49 ( 2%) 23.24
51 ( 2%) 30.30
53 ( 2%) 25.37
55 ( 2%) 18.49
57 ( 2%) 22.38
59 ( 2%) 23.36
61 ( 1%) 28.12
63 ( 0%) 25.71
65 ( 0%) 22.22
67 ( 0%) 33.33
result accuracy by symbol:
( (91%) 34.09
) (91%) 34.09
* (87%) 32.04
+ (84%) 32.77
- (77%) 36.88
/ (76%) 35.90
0 (52%) 37.30
1 (60%) 34.71
2 (61%) 33.36
3 (62%) 33.18
4 (61%) 32.90
5 (62%) 32.91
6 (62%) 32.47
7 (63%) 32.48
8 (64%) 30.73
9 (63%) 30.33
result accuracy by digit:
0 ( 0%) 90.00
1 ( 0%) 100.00
2 ( 0%) 100.00
3 ( 0%) 100.00
4 ( 0%) 100.00
5 ( 0%) 100.00
6 ( 0%) 100.00
7 ( 0%) 100.00
8 ( 0%) 100.00
9 ( 0%) 100.00
result accuracy by result:
0 (21%) 87.62
1 (10%) 60.11
2 ( 4%) 36.87
3 ( 2%) 37.78
4 ( 2%) 26.32
5 ( 2%) 44.00
6 ( 2%) 40.00
7 ( 2%) 45.13
8 ( 2%) 37.61
9 ( 1%) 60.47
result accuracy by generalization:
1 (22.45%) 79.55
2 (22.96%) 43.91
3 (22.53%)  4.89
4 (15.82%) 41.94
5 (16.24%)  8.04
error cases:
0 [-1] 0 8
9*1 [1, -1, 1] 9 8
9-3 [1, -1, 1] 6 9
9/5 [1, -1, 1] 2 4
7*9 [1, -1, 1] 63 96
5-1 [1, -1, 1] 4 5
7/2 [1, -1, 1] 4 5
6+9 [1, -1, 1] 15 16
3*2 [1, -1, 1] 6 12
7+3 [1, -1, 1] 10 11
val (Perception Acc=0.00, Head Acc=0.00, Result Acc=36.98)
Epoch time: 1m 35s
------------------------------
Epoch 105/199 (max_len=inf, data=11170)
Train acc: 81.78, loss: 0.199 
Epoch time: 1m 21s
------------------------------
Epoch 106/199 (max_len=inf, data=11170)
Train acc: 82.93, loss: 0.190 
Epoch time: 1m 21s
------------------------------
Epoch 107/199 (max_len=inf, data=11170)
Train acc: 83.03, loss: 0.187 
Epoch time: 1m 21s
------------------------------
Epoch 108/199 (max_len=inf, data=11170)
Train acc: 83.36, loss: 0.182 
Epoch time: 1m 22s
------------------------------
Epoch 109/199 (max_len=inf, data=11170)
Train acc: 83.83, loss: 0.175 
result accuracy by length:
1 ( 2%) 90.00
3 ( 2%) 77.00
5 ( 2%) 48.06
7 ( 4%) 39.74
9 ( 4%) 48.24
11 ( 3%) 46.02
13 ( 4%) 44.91
15 ( 4%) 45.54
17 ( 4%) 42.23
19 ( 4%) 50.00
21 ( 4%) 42.42
23 ( 4%) 40.49
25 ( 4%) 38.00
27 ( 4%) 45.32
29 ( 3%) 37.70
31 ( 3%) 37.50
33 ( 2%) 22.86
35 ( 2%) 26.71
37 ( 2%) 26.50
39 ( 3%) 25.66
41 ( 3%) 23.49
43 ( 2%) 23.19
45 ( 2%) 18.75
47 ( 2%) 29.55
49 ( 2%) 21.83
51 ( 2%) 28.03
53 ( 2%) 25.37
55 ( 2%) 16.81
57 ( 2%) 20.98
59 ( 2%) 23.36
61 ( 1%) 31.25
63 ( 0%) 28.57
65 ( 0%) 33.33
67 ( 0%) 33.33
result accuracy by symbol:
( (91%) 34.61
) (91%) 34.61
* (87%) 32.50
+ (84%) 33.30
- (77%) 37.27
/ (76%) 36.62
0 (52%) 37.77
1 (60%) 34.91
2 (61%) 33.89
3 (62%) 33.80
4 (61%) 33.13
5 (62%) 33.33
6 (62%) 32.73
7 (63%) 32.71
8 (64%) 31.11
9 (63%) 30.40
result accuracy by digit:
0 ( 0%) 100.00
1 ( 0%) 100.00
2 ( 0%) 100.00
3 ( 0%) 100.00
4 ( 0%) 100.00
5 ( 0%) 100.00
6 ( 0%) 100.00
7 ( 0%) 100.00
8 ( 0%) 100.00
9 ( 0%)  0.00
result accuracy by result:
0 (21%) 86.29
1 (10%) 57.49
2 ( 4%) 42.93
3 ( 2%) 40.00
4 ( 2%) 36.09
5 ( 2%) 53.00
6 ( 2%) 44.35
7 ( 2%) 52.21
8 ( 2%) 40.17
9 ( 1%) 48.84
result accuracy by generalization:
1 (22.45%) 80.36
2 (22.96%) 44.44
3 (22.53%)  5.71
4 (15.82%) 41.16
5 (16.24%)  7.29
error cases:
9 [-1] 9 18
9 [-1] 9 18
9 [-1] 9 18
9 [-1] 9 18
9 [-1] 9 18
9 [-1] 9 18
9 [-1] 9 18
9 [-1] 9 18
9 [-1] 9 18
9 [-1] 9 18
val (Perception Acc=0.00, Head Acc=0.00, Result Acc=37.22)
Epoch time: 1m 35s
------------------------------
Epoch 110/199 (max_len=inf, data=11170)
Train acc: 84.67, loss: 0.171 
Epoch time: 1m 21s
------------------------------
Epoch 111/199 (max_len=inf, data=11170)
Train acc: 85.23, loss: 0.164 
Epoch time: 1m 22s
------------------------------
Epoch 112/199 (max_len=inf, data=11170)
Train acc: 85.10, loss: 0.162 
Epoch time: 1m 21s
------------------------------
Epoch 113/199 (max_len=inf, data=11170)
Train acc: 85.13, loss: 0.159 
Epoch time: 1m 22s
------------------------------
Epoch 114/199 (max_len=inf, data=11170)
Train acc: 84.85, loss: 0.164 
result accuracy by length:
1 ( 2%) 92.00
3 ( 2%) 82.00
5 ( 2%) 47.29
7 ( 4%) 40.17
9 ( 4%) 46.23
11 ( 3%) 44.89
13 ( 4%) 43.98
15 ( 4%) 44.55
17 ( 4%) 44.66
19 ( 4%) 47.06
21 ( 4%) 41.92
23 ( 4%) 40.98
25 ( 4%) 39.00
27 ( 4%) 45.32
29 ( 3%) 40.31
31 ( 3%) 39.88
33 ( 2%) 24.29
35 ( 2%) 28.08
37 ( 2%) 28.21
39 ( 3%) 22.37
41 ( 3%) 25.50
43 ( 2%) 19.57
45 ( 2%) 17.86
47 ( 2%) 28.03
49 ( 2%) 22.54
51 ( 2%) 27.27
53 ( 2%) 23.88
55 ( 2%) 21.85
57 ( 2%) 22.38
59 ( 2%) 22.43
61 ( 1%) 26.56
63 ( 0%) 28.57
65 ( 0%) 33.33
67 ( 0%) 33.33
result accuracy by symbol:
( (91%) 34.63
) (91%) 34.63
* (87%) 32.60
+ (84%) 33.33
- (77%) 37.40
/ (76%) 36.30
0 (52%) 37.23
1 (60%) 34.97
2 (61%) 33.75
3 (62%) 33.97
4 (61%) 33.17
5 (62%) 33.11
6 (62%) 32.93
7 (63%) 32.61
8 (64%) 30.73
9 (63%) 30.75
result accuracy by digit:
0 ( 0%) 100.00
1 ( 0%) 100.00
2 ( 0%) 100.00
3 ( 0%) 100.00
4 ( 0%) 100.00
5 ( 0%) 100.00
6 ( 0%) 100.00
7 ( 0%) 100.00
8 ( 0%) 100.00
9 ( 0%) 20.00
result accuracy by result:
0 (21%) 88.76
1 (10%) 58.80
2 ( 4%) 39.39
3 ( 2%) 37.04
4 ( 2%) 39.10
5 ( 2%) 46.00
6 ( 2%) 43.48
7 ( 2%) 41.59
8 ( 2%) 37.61
9 ( 1%) 43.02
result accuracy by generalization:
1 (22.45%) 82.00
2 (22.96%) 44.62
3 (22.53%)  5.07
4 (15.82%) 41.03
5 (16.24%)  6.41
error cases:
9 [-1] 9 18
9 [-1] 9 18
9 [-1] 9 8
9 [-1] 9 18
9 [-1] 9 18
9 [-1] 9 18
9 [-1] 9 8
9 [-1] 9 8
5*9 [1, -1, 1] 45 95
9*1 [1, -1, 1] 9 8
val (Perception Acc=0.00, Head Acc=0.00, Result Acc=37.33)
Epoch time: 1m 35s
------------------------------
Epoch 115/199 (max_len=inf, data=11170)
Train acc: 85.74, loss: 0.153 
Epoch time: 1m 21s
------------------------------
Epoch 116/199 (max_len=inf, data=11170)
Train acc: 86.35, loss: 0.147 
Epoch time: 1m 21s
------------------------------
Epoch 117/199 (max_len=inf, data=11170)
Train acc: 86.85, loss: 0.144 
Epoch time: 1m 21s
------------------------------
Epoch 118/199 (max_len=inf, data=11170)
Train acc: 86.36, loss: 0.149 
Epoch time: 1m 22s
------------------------------
Epoch 119/199 (max_len=inf, data=11170)
Train acc: 86.97, loss: 0.144 
result accuracy by length:
1 ( 2%) 100.00
3 ( 2%) 86.00
5 ( 2%) 48.06
7 ( 4%) 41.05
9 ( 4%) 44.72
11 ( 3%) 44.89
13 ( 4%) 46.76
15 ( 4%) 44.06
17 ( 4%) 48.54
19 ( 4%) 49.02
21 ( 4%) 42.42
23 ( 4%) 40.00
25 ( 4%) 37.00
27 ( 4%) 44.33
29 ( 3%) 40.84
31 ( 3%) 41.07
33 ( 2%) 27.14
35 ( 2%) 28.08
37 ( 2%) 25.64
39 ( 3%) 19.74
41 ( 3%) 26.85
43 ( 2%) 23.91
45 ( 2%) 22.32
47 ( 2%) 31.06
49 ( 2%) 24.65
51 ( 2%) 28.03
53 ( 2%) 25.37
55 ( 2%) 17.65
57 ( 2%) 24.48
59 ( 2%) 26.17
61 ( 1%) 32.81
63 ( 0%) 25.71
65 ( 0%) 33.33
67 ( 0%) 66.67
result accuracy by symbol:
( (91%) 35.41
) (91%) 35.41
* (87%) 33.29
+ (84%) 34.34
- (77%) 38.40
/ (76%) 37.39
0 (52%) 38.09
1 (60%) 36.18
2 (61%) 34.98
3 (62%) 35.02
4 (61%) 33.96
5 (62%) 34.31
6 (62%) 33.42
7 (63%) 33.97
8 (64%) 31.91
9 (63%) 32.06
result accuracy by digit:
0 ( 0%) 100.00
1 ( 0%) 100.00
2 ( 0%) 100.00
3 ( 0%) 100.00
4 ( 0%) 100.00
5 ( 0%) 100.00
6 ( 0%) 100.00
7 ( 0%) 100.00
8 ( 0%) 100.00
9 ( 0%) 100.00
result accuracy by result:
0 (21%) 87.81
1 (10%) 61.05
2 ( 4%) 38.89
3 ( 2%) 42.96
4 ( 2%) 37.59
5 ( 2%) 48.00
6 ( 2%) 45.22
7 ( 2%) 54.87
8 ( 2%) 35.04
9 ( 1%) 65.12
result accuracy by generalization:
1 (22.45%) 84.00
2 (22.96%) 44.89
3 (22.53%)  5.16
4 (15.82%) 42.32
5 (16.24%)  8.29
error cases:
9*1 [1, -1, 1] 9 8
4*6 [1, -1, 1] 24 32
9+3 [1, -1, 1] 12 11
9/5 [1, -1, 1] 2 4
5-1 [1, -1, 1] 4 5
6+9 [1, -1, 1] 15 21
7-1 [1, -1, 1] 6 7
7+3 [1, -1, 1] 10 11
8*2 [1, -1, 1] 16 64
9+9 [1, -1, 1] 18 17
val (Perception Acc=0.00, Head Acc=0.00, Result Acc=38.37)
Epoch time: 1m 35s
------------------------------
Epoch 120/199 (max_len=inf, data=11170)
Train acc: 87.60, loss: 0.134 
Epoch time: 1m 21s
------------------------------
Epoch 121/199 (max_len=inf, data=11170)
Train acc: 87.41, loss: 0.139 
Epoch time: 1m 21s
------------------------------
Epoch 122/199 (max_len=inf, data=11170)
Train acc: 87.78, loss: 0.134 
Epoch time: 1m 21s
------------------------------
Epoch 123/199 (max_len=inf, data=11170)
Train acc: 87.51, loss: 0.134 
Epoch time: 1m 22s
------------------------------
Epoch 124/199 (max_len=inf, data=11170)
Train acc: 88.15, loss: 0.126 
result accuracy by length:
1 ( 2%) 100.00
3 ( 2%) 81.00
5 ( 2%) 48.06
7 ( 4%) 41.05
9 ( 4%) 47.74
11 ( 3%) 44.32
13 ( 4%) 44.44
15 ( 4%) 50.00
17 ( 4%) 48.06
19 ( 4%) 50.00
21 ( 4%) 43.94
23 ( 4%) 45.37
25 ( 4%) 42.50
27 ( 4%) 44.33
29 ( 3%) 43.98
31 ( 3%) 39.29
33 ( 2%) 27.86
35 ( 2%) 26.71
37 ( 2%) 28.21
39 ( 3%) 22.37
41 ( 3%) 24.16
43 ( 2%) 21.01
45 ( 2%) 25.89
47 ( 2%) 34.85
49 ( 2%) 24.65
51 ( 2%) 28.03
53 ( 2%) 29.10
55 ( 2%) 16.81
57 ( 2%) 19.58
59 ( 2%) 23.36
61 ( 1%) 25.00
63 ( 0%) 28.57
65 ( 0%) 33.33
67 ( 0%) 66.67
result accuracy by symbol:
( (91%) 36.24
) (91%) 36.24
* (87%) 33.99
+ (84%) 34.86
- (77%) 39.32
/ (76%) 38.32
0 (52%) 38.28
1 (60%) 36.35
2 (61%) 35.91
3 (62%) 35.11
4 (61%) 34.83
5 (62%) 34.96
6 (62%) 34.14
7 (63%) 34.61
8 (64%) 32.26
9 (63%) 32.73
result accuracy by digit:
0 ( 0%) 100.00
1 ( 0%) 100.00
2 ( 0%) 100.00
3 ( 0%) 100.00
4 ( 0%) 100.00
5 ( 0%) 100.00
6 ( 0%) 100.00
7 ( 0%) 100.00
8 ( 0%) 100.00
9 ( 0%) 100.00
result accuracy by result:
0 (21%) 88.48
1 (10%) 61.24
2 ( 4%) 42.93
3 ( 2%) 45.19
4 ( 2%) 40.60
5 ( 2%) 50.00
6 ( 2%) 48.70
7 ( 2%) 50.44
8 ( 2%) 36.75
9 ( 1%) 56.98
result accuracy by generalization:
1 (22.45%) 86.27
2 (22.96%) 45.24
3 (22.53%)  5.98
4 (15.82%) 41.68
5 (16.24%)  8.29
error cases:
4*6 [1, -1, 1] 24 32
3*5 [1, -1, 1] 15 45
5*5 [1, -1, 1] 25 35
4+2 [1, -1, 1] 6 5
8-1 [1, -1, 1] 7 8
9/5 [1, -1, 1] 2 4
6+9 [1, -1, 1] 15 21
1+8 [1, -1, 1] 9 15
3*2 [1, -1, 1] 6 8
7+3 [1, -1, 1] 10 11
val (Perception Acc=0.00, Head Acc=0.00, Result Acc=39.04)
Epoch time: 1m 35s
------------------------------
Epoch 125/199 (max_len=inf, data=11170)
Train acc: 88.30, loss: 0.127 
Epoch time: 1m 21s
------------------------------
Epoch 126/199 (max_len=inf, data=11170)
Train acc: 88.27, loss: 0.123 
Epoch time: 1m 22s
------------------------------
Epoch 127/199 (max_len=inf, data=11170)
Train acc: 89.04, loss: 0.122 
Epoch time: 1m 21s
------------------------------
Epoch 128/199 (max_len=inf, data=11170)
Train acc: 89.00, loss: 0.121 
Epoch time: 1m 22s
------------------------------
Epoch 129/199 (max_len=inf, data=11170)
Train acc: 88.92, loss: 0.116 
result accuracy by length:
1 ( 2%) 91.00
3 ( 2%) 85.00
5 ( 2%) 47.29
7 ( 4%) 38.43
9 ( 4%) 45.23
11 ( 3%) 45.45
13 ( 4%) 44.44
15 ( 4%) 48.02
17 ( 4%) 45.15
19 ( 4%) 47.55
21 ( 4%) 40.40
23 ( 4%) 44.39
25 ( 4%) 39.50
27 ( 4%) 46.31
29 ( 3%) 42.93
31 ( 3%) 41.67
33 ( 2%) 29.29
35 ( 2%) 26.03
37 ( 2%) 26.50
39 ( 3%) 22.37
41 ( 3%) 27.52
43 ( 2%) 25.36
45 ( 2%) 20.54
47 ( 2%) 31.06
49 ( 2%) 18.31
51 ( 2%) 29.55
53 ( 2%) 26.12
55 ( 2%) 16.81
57 ( 2%) 23.08
59 ( 2%) 18.69
61 ( 1%) 25.00
63 ( 0%) 25.71
65 ( 0%) 33.33
67 ( 0%) 66.67
result accuracy by symbol:
( (91%) 35.28
) (91%) 35.28
* (87%) 33.25
+ (84%) 34.12
- (77%) 38.22
/ (76%) 37.18
0 (52%) 38.20
1 (60%) 35.98
2 (61%) 34.39
3 (62%) 34.59
4 (61%) 33.63
5 (62%) 34.11
6 (62%) 33.42
7 (63%) 33.48
8 (64%) 31.88
9 (63%) 31.39
result accuracy by digit:
0 ( 0%) 100.00
1 ( 0%) 100.00
2 ( 0%) 100.00
3 ( 0%) 100.00
4 ( 0%) 100.00
5 ( 0%) 100.00
6 ( 0%) 100.00
7 ( 0%) 100.00
8 ( 0%) 100.00
9 ( 0%) 10.00
result accuracy by result:
0 (21%) 88.57
1 (10%) 53.75
2 ( 4%) 49.49
3 ( 2%) 41.48
4 ( 2%) 36.84
5 ( 2%) 45.00
6 ( 2%) 50.43
7 ( 2%) 54.87
8 ( 2%) 40.17
9 ( 1%) 53.49
result accuracy by generalization:
1 (22.45%) 82.82
2 (22.96%) 44.98
3 (22.53%)  6.07
4 (15.82%) 41.16
5 (16.24%)  7.29
error cases:
9 [-1] 9 18
9 [-1] 9 16
9 [-1] 9 16
9 [-1] 9 16
9 [-1] 9 16
9 [-1] 9 16
9 [-1] 9 16
9 [-1] 9 16
9 [-1] 9 16
9*1 [1, -1, 1] 9 8
val (Perception Acc=0.00, Head Acc=0.00, Result Acc=37.98)
Epoch time: 1m 35s
------------------------------
Epoch 130/199 (max_len=inf, data=11170)
Train acc: 89.49, loss: 0.113 
Epoch time: 1m 21s
------------------------------
Epoch 131/199 (max_len=inf, data=11170)
Train acc: 89.00, loss: 0.111 
Epoch time: 1m 22s
------------------------------
Epoch 132/199 (max_len=inf, data=11170)
Train acc: 88.96, loss: 0.118 
Epoch time: 1m 22s
------------------------------
Epoch 133/199 (max_len=inf, data=11170)
Train acc: 89.44, loss: 0.112 
Epoch time: 1m 21s
------------------------------
Epoch 134/199 (max_len=inf, data=11170)
Train acc: 89.98, loss: 0.109 
result accuracy by length:
1 ( 2%) 99.00
3 ( 2%) 88.00
5 ( 2%) 51.16
7 ( 4%) 41.05
9 ( 4%) 49.25
11 ( 3%) 46.02
13 ( 4%) 43.52
15 ( 4%) 48.02
17 ( 4%) 47.57
19 ( 4%) 48.53
21 ( 4%) 43.94
23 ( 4%) 45.85
25 ( 4%) 43.50
27 ( 4%) 48.28
29 ( 3%) 43.46
31 ( 3%) 42.26
33 ( 2%) 28.57
35 ( 2%) 26.03
37 ( 2%) 27.35
39 ( 3%) 25.00
41 ( 3%) 28.86
43 ( 2%) 23.91
45 ( 2%) 21.43
47 ( 2%) 29.55
49 ( 2%) 24.65
51 ( 2%) 28.79
53 ( 2%) 27.61
55 ( 2%) 22.69
57 ( 2%) 24.48
59 ( 2%) 19.63
61 ( 1%) 31.25
63 ( 0%) 22.86
65 ( 0%) 33.33
67 ( 0%) 66.67
result accuracy by symbol:
( (91%) 36.68
) (91%) 36.68
* (87%) 34.78
+ (84%) 35.71
- (77%) 39.97
/ (76%) 38.88
0 (52%) 39.22
1 (60%) 37.12
2 (61%) 36.11
3 (62%) 36.16
4 (61%) 35.02
5 (62%) 35.71
6 (62%) 34.63
7 (63%) 35.07
8 (64%) 32.99
9 (63%) 33.40
result accuracy by digit:
0 ( 0%) 100.00
1 ( 0%) 100.00
2 ( 0%) 90.00
3 ( 0%) 100.00
4 ( 0%) 100.00
5 ( 0%) 100.00
6 ( 0%) 100.00
7 ( 0%) 100.00
8 ( 0%) 100.00
9 ( 0%) 100.00
result accuracy by result:
0 (21%) 87.05
1 (10%) 62.92
2 ( 4%) 43.94
3 ( 2%) 42.22
4 ( 2%) 45.86
5 ( 2%) 47.00
6 ( 2%) 50.43
7 ( 2%) 50.44
8 ( 2%) 45.30
9 ( 1%) 60.47
result accuracy by generalization:
1 (22.45%) 88.18
2 (22.96%) 44.71
3 (22.53%)  6.43
4 (15.82%) 43.48
5 (16.24%)  8.29
error cases:
2 [-1] 2 4
9*1 [1, -1, 1] 9 6
6/3 [1, -1, 1] 2 4
9/5 [1, -1, 1] 2 4
6+9 [1, -1, 1] 15 21
3-1 [1, -1, 1] 2 3
7+3 [1, -1, 1] 10 11
6*3 [1, -1, 1] 18 24
8*2 [1, -1, 1] 16 32
2-1 [1, -1, 1] 1 2
val (Perception Acc=0.00, Head Acc=0.00, Result Acc=39.73)
Epoch time: 1m 35s
------------------------------
Epoch 135/199 (max_len=inf, data=11170)
Train acc: 89.85, loss: 0.111 
Epoch time: 1m 22s
------------------------------
Epoch 136/199 (max_len=inf, data=11170)
Train acc: 90.18, loss: 0.103 
Epoch time: 1m 21s
------------------------------
Epoch 137/199 (max_len=inf, data=11170)
Train acc: 90.07, loss: 0.107 
Epoch time: 1m 21s
------------------------------
Epoch 138/199 (max_len=inf, data=11170)
Train acc: 90.30, loss: 0.107 
Epoch time: 1m 22s
------------------------------
Epoch 139/199 (max_len=inf, data=11170)
Train acc: 90.59, loss: 0.103 
result accuracy by length:
1 ( 2%) 100.00
3 ( 2%) 85.00
5 ( 2%) 48.84
7 ( 4%) 40.17
9 ( 4%) 46.73
11 ( 3%) 44.89
13 ( 4%) 45.83
15 ( 4%) 47.52
17 ( 4%) 47.09
19 ( 4%) 50.00
21 ( 4%) 42.93
23 ( 4%) 41.46
25 ( 4%) 42.00
27 ( 4%) 46.31
29 ( 3%) 43.46
31 ( 3%) 39.88
33 ( 2%) 23.57
35 ( 2%) 26.03
37 ( 2%) 25.64
39 ( 3%) 21.71
41 ( 3%) 23.49
43 ( 2%) 21.74
45 ( 2%) 24.11
47 ( 2%) 30.30
49 ( 2%) 23.94
51 ( 2%) 28.03
53 ( 2%) 28.36
55 ( 2%) 15.97
57 ( 2%) 21.68
59 ( 2%) 22.43
61 ( 1%) 23.44
63 ( 0%) 22.86
65 ( 0%) 33.33
67 ( 0%) 33.33
result accuracy by symbol:
( (91%) 35.34
) (91%) 35.34
* (87%) 33.41
+ (84%) 34.24
- (77%) 38.19
/ (76%) 37.28
0 (52%) 37.46
1 (60%) 35.74
2 (61%) 34.68
3 (62%) 34.56
4 (61%) 34.03
5 (62%) 34.11
6 (62%) 33.39
7 (63%) 33.81
8 (64%) 31.75
9 (63%) 31.83
result accuracy by digit:
0 ( 0%) 100.00
1 ( 0%) 100.00
2 ( 0%) 100.00
3 ( 0%) 100.00
4 ( 0%) 100.00
5 ( 0%) 100.00
6 ( 0%) 100.00
7 ( 0%) 100.00
8 ( 0%) 100.00
9 ( 0%) 100.00
result accuracy by result:
0 (21%) 87.05
1 (10%) 56.37
2 ( 4%) 43.43
3 ( 2%) 46.67
4 ( 2%) 32.33
5 ( 2%) 50.00
6 ( 2%) 47.83
7 ( 2%) 51.33
8 ( 2%) 40.17
9 ( 1%) 59.30
result accuracy by generalization:
1 (22.45%) 86.91
2 (22.96%) 43.29
3 (22.53%)  5.62
4 (15.82%) 41.16
5 (16.24%)  7.04
error cases:
5*9 [1, -1, 1] 45 95
9+3 [1, -1, 1] 12 21
5*5 [1, -1, 1] 25 35
9/5 [1, -1, 1] 2 4
6+9 [1, -1, 1] 15 21
1+8 [1, -1, 1] 9 14
3-1 [1, -1, 1] 2 3
3*2 [1, -1, 1] 6 15
7+3 [1, -1, 1] 10 11
8*2 [1, -1, 1] 16 24
val (Perception Acc=0.00, Head Acc=0.00, Result Acc=38.37)
Epoch time: 1m 35s
------------------------------
Epoch 140/199 (max_len=inf, data=11170)
Train acc: 90.89, loss: 0.098 
Epoch time: 1m 22s
------------------------------
Epoch 141/199 (max_len=inf, data=11170)
Train acc: 90.91, loss: 0.099 
Epoch time: 1m 21s
------------------------------
Epoch 142/199 (max_len=inf, data=11170)
Train acc: 90.71, loss: 0.097 
Epoch time: 1m 22s
------------------------------
Epoch 143/199 (max_len=inf, data=11170)
Train acc: 91.11, loss: 0.094 
Epoch time: 1m 21s
------------------------------
Epoch 144/199 (max_len=inf, data=11170)
Train acc: 91.23, loss: 0.091 
result accuracy by length:
1 ( 2%) 100.00
3 ( 2%) 80.00
5 ( 2%) 51.94
7 ( 4%) 39.74
9 ( 4%) 46.23
11 ( 3%) 44.89
13 ( 4%) 46.76
15 ( 4%) 48.02
17 ( 4%) 48.54
19 ( 4%) 51.47
21 ( 4%) 43.43
23 ( 4%) 44.39
25 ( 4%) 44.50
27 ( 4%) 46.31
29 ( 3%) 41.36
31 ( 3%) 39.88
33 ( 2%) 24.29
35 ( 2%) 26.03
37 ( 2%) 24.79
39 ( 3%) 26.97
41 ( 3%) 25.50
43 ( 2%) 20.29
45 ( 2%) 20.54
47 ( 2%) 31.82
49 ( 2%) 20.42
51 ( 2%) 25.76
53 ( 2%) 26.87
55 ( 2%) 15.13
57 ( 2%) 20.28
59 ( 2%) 21.50
61 ( 1%) 23.44
63 ( 0%) 22.86
65 ( 0%) 33.33
67 ( 0%) 66.67
result accuracy by symbol:
( (91%) 35.57
) (91%) 35.57
* (87%) 33.60
+ (84%) 34.31
- (77%) 38.40
/ (76%) 37.90
0 (52%) 37.30
1 (60%) 36.08
2 (61%) 35.28
3 (62%) 35.08
4 (61%) 33.60
5 (62%) 33.82
6 (62%) 33.55
7 (63%) 33.87
8 (64%) 31.91
9 (63%) 31.96
result accuracy by digit:
0 ( 0%) 100.00
1 ( 0%) 100.00
2 ( 0%) 100.00
3 ( 0%) 100.00
4 ( 0%) 100.00
5 ( 0%) 100.00
6 ( 0%) 100.00
7 ( 0%) 100.00
8 ( 0%) 100.00
9 ( 0%) 100.00
result accuracy by result:
0 (21%) 85.71
1 (10%) 60.30
2 ( 4%) 41.92
3 ( 2%) 42.22
4 ( 2%) 39.85
5 ( 2%) 48.00
6 ( 2%) 40.87
7 ( 2%) 50.44
8 ( 2%) 42.74
9 ( 1%) 61.63
result accuracy by generalization:
1 (22.45%) 86.09
2 (22.96%) 44.80
3 (22.53%)  6.16
4 (15.82%) 40.77
5 (16.24%)  6.66
error cases:
5*9 [1, -1, 1] 45 95
9*1 [1, -1, 1] 9 8
9-7 [1, -1, 1] 2 3
9-3 [1, -1, 1] 6 9
3*5 [1, -1, 1] 15 45
9+3 [1, -1, 1] 12 11
5*5 [1, -1, 1] 25 35
4+2 [1, -1, 1] 6 9
9/5 [1, -1, 1] 2 4
5-1 [1, -1, 1] 4 5
val (Perception Acc=0.00, Head Acc=0.00, Result Acc=38.53)
Epoch time: 1m 34s
------------------------------
Epoch 145/199 (max_len=inf, data=11170)
Train acc: 90.72, loss: 0.098 
Epoch time: 1m 22s
------------------------------
Epoch 146/199 (max_len=inf, data=11170)
Train acc: 91.12, loss: 0.097 
Epoch time: 1m 21s
------------------------------
Epoch 147/199 (max_len=inf, data=11170)
Train acc: 91.24, loss: 0.093 
Epoch time: 1m 21s
------------------------------
Epoch 148/199 (max_len=inf, data=11170)
Train acc: 91.24, loss: 0.093 
Epoch time: 1m 21s
------------------------------
Epoch 149/199 (max_len=inf, data=11170)
Train acc: 91.09, loss: 0.095 
result accuracy by length:
1 ( 2%) 100.00
3 ( 2%) 75.00
5 ( 2%) 51.16
7 ( 4%) 38.86
9 ( 4%) 47.24
11 ( 3%) 44.32
13 ( 4%) 44.44
15 ( 4%) 49.01
17 ( 4%) 49.03
19 ( 4%) 49.02
21 ( 4%) 42.42
23 ( 4%) 42.93
25 ( 4%) 41.50
27 ( 4%) 47.29
29 ( 3%) 43.98
31 ( 3%) 38.10
33 ( 2%) 25.00
35 ( 2%) 25.34
37 ( 2%) 27.35
39 ( 3%) 23.68
41 ( 3%) 28.86
43 ( 2%) 20.29
45 ( 2%) 20.54
47 ( 2%) 27.27
49 ( 2%) 21.13
51 ( 2%) 28.03
53 ( 2%) 28.36
55 ( 2%) 18.49
57 ( 2%) 23.78
59 ( 2%) 21.50
61 ( 1%) 23.44
63 ( 0%) 22.86
65 ( 0%) 33.33
67 ( 0%) 33.33
result accuracy by symbol:
( (91%) 35.43
) (91%) 35.43
* (87%) 33.36
+ (84%) 34.26
- (77%) 38.43
/ (76%) 37.42
0 (52%) 37.62
1 (60%) 36.01
2 (61%) 34.45
3 (62%) 34.82
4 (61%) 33.83
5 (62%) 34.15
6 (62%) 33.39
7 (63%) 33.35
8 (64%) 32.01
9 (63%) 32.38
result accuracy by digit:
0 ( 0%) 100.00
1 ( 0%) 100.00
2 ( 0%) 100.00
3 ( 0%) 100.00
4 ( 0%) 100.00
5 ( 0%) 100.00
6 ( 0%) 100.00
7 ( 0%) 100.00
8 ( 0%) 100.00
9 ( 0%) 100.00
result accuracy by result:
0 (21%) 88.19
1 (10%) 57.30
2 ( 4%) 40.40
3 ( 2%) 44.44
4 ( 2%) 40.60
5 ( 2%) 46.00
6 ( 2%) 42.61
7 ( 2%) 48.67
8 ( 2%) 39.32
9 ( 1%) 61.63
result accuracy by generalization:
1 (22.45%) 85.36
2 (22.96%) 44.27
3 (22.53%)  5.80
4 (15.82%) 41.42
5 (16.24%)  7.04
error cases:
5*9 [1, -1, 1] 45 95
8+3 [1, -1, 1] 11 14
9*1 [1, -1, 1] 9 6
9-7 [1, -1, 1] 2 1
9+3 [1, -1, 1] 12 14
5*5 [1, -1, 1] 25 35
4+2 [1, -1, 1] 6 5
9/5 [1, -1, 1] 2 4
7*9 [1, -1, 1] 63 56
2+5 [1, -1, 1] 7 9
val (Perception Acc=0.00, Head Acc=0.00, Result Acc=38.33)
Epoch time: 1m 35s
------------------------------
Epoch 150/199 (max_len=inf, data=11170)
Train acc: 90.97, loss: 0.093 
Epoch time: 1m 22s
------------------------------
Epoch 151/199 (max_len=inf, data=11170)
Train acc: 91.76, loss: 0.086 
Epoch time: 1m 22s
------------------------------
Epoch 152/199 (max_len=inf, data=11170)
Train acc: 91.37, loss: 0.091 
Epoch time: 1m 21s
------------------------------
Epoch 153/199 (max_len=inf, data=11170)
Train acc: 91.68, loss: 0.088 
Epoch time: 1m 21s
------------------------------
Epoch 154/199 (max_len=inf, data=11170)
Train acc: 91.66, loss: 0.089 
result accuracy by length:
1 ( 2%) 99.00
3 ( 2%) 78.00
5 ( 2%) 50.39
7 ( 4%) 37.99
9 ( 4%) 49.25
11 ( 3%) 46.59
13 ( 4%) 46.30
15 ( 4%) 50.00
17 ( 4%) 48.06
19 ( 4%) 51.47
21 ( 4%) 42.93
23 ( 4%) 39.51
25 ( 4%) 40.50
27 ( 4%) 46.31
29 ( 3%) 44.50
31 ( 3%) 41.07
33 ( 2%) 28.57
35 ( 2%) 27.40
37 ( 2%) 28.21
39 ( 3%) 26.32
41 ( 3%) 24.83
43 ( 2%) 22.46
45 ( 2%) 20.54
47 ( 2%) 28.79
49 ( 2%) 23.94
51 ( 2%) 30.30
53 ( 2%) 27.61
55 ( 2%) 18.49
57 ( 2%) 20.28
59 ( 2%) 21.50
61 ( 1%) 26.56
63 ( 0%) 22.86
65 ( 0%) 33.33
67 ( 0%) 33.33
result accuracy by symbol:
( (91%) 36.10
) (91%) 36.10
* (87%) 33.95
+ (84%) 34.82
- (77%) 38.95
/ (76%) 38.19
0 (52%) 38.12
1 (60%) 36.51
2 (61%) 35.55
3 (62%) 35.51
4 (61%) 34.39
5 (62%) 34.38
6 (62%) 34.11
7 (63%) 34.36
8 (64%) 32.32
9 (63%) 31.96
result accuracy by digit:
0 ( 0%) 100.00
1 ( 0%) 100.00
2 ( 0%) 100.00
3 ( 0%) 100.00
4 ( 0%) 100.00
5 ( 0%) 100.00
6 ( 0%) 100.00
7 ( 0%) 100.00
8 ( 0%) 100.00
9 ( 0%) 90.00
result accuracy by result:
0 (21%) 84.67
1 (10%) 64.23
2 ( 4%) 43.94
3 ( 2%) 45.19
4 ( 2%) 37.59
5 ( 2%) 46.00
6 ( 2%) 48.70
7 ( 2%) 51.33
8 ( 2%) 43.59
9 ( 1%) 54.65
result accuracy by generalization:
1 (22.45%) 87.27
2 (22.96%) 44.53
3 (22.53%)  5.53
4 (15.82%) 41.03
5 (16.24%)  8.17
error cases:
9 [-1] 9 7
9*1 [1, -1, 1] 9 8
9-7 [1, -1, 1] 2 3
9+3 [1, -1, 1] 12 11
5*5 [1, -1, 1] 25 35
4+2 [1, -1, 1] 6 9
2*4 [1, -1, 1] 8 16
9/5 [1, -1, 1] 2 4
7*9 [1, -1, 1] 63 56
5-1 [1, -1, 1] 4 5
val (Perception Acc=0.00, Head Acc=0.00, Result Acc=38.88)
Epoch time: 1m 35s
------------------------------
Epoch 155/199 (max_len=inf, data=11170)
Train acc: 91.37, loss: 0.094 
Epoch time: 1m 21s
------------------------------
Epoch 156/199 (max_len=inf, data=11170)
Train acc: 91.22, loss: 0.090 
Epoch time: 1m 21s
------------------------------
Epoch 157/199 (max_len=inf, data=11170)
Train acc: 91.48, loss: 0.093 
Epoch time: 1m 22s
------------------------------
Epoch 158/199 (max_len=inf, data=11170)
Train acc: 91.93, loss: 0.085 
Epoch time: 1m 22s
------------------------------
Epoch 159/199 (max_len=inf, data=11170)
Train acc: 91.73, loss: 0.086 
result accuracy by length:
1 ( 2%) 100.00
3 ( 2%) 82.00
5 ( 2%) 51.16
7 ( 4%) 41.05
9 ( 4%) 44.72
11 ( 3%) 44.89
13 ( 4%) 43.98
15 ( 4%) 47.03
17 ( 4%) 48.54
19 ( 4%) 47.55
21 ( 4%) 45.45
23 ( 4%) 41.46
25 ( 4%) 43.50
27 ( 4%) 48.28
29 ( 3%) 41.36
31 ( 3%) 39.29
33 ( 2%) 25.00
35 ( 2%) 28.08
37 ( 2%) 24.79
39 ( 3%) 23.68
41 ( 3%) 28.86
43 ( 2%) 21.01
45 ( 2%) 19.64
47 ( 2%) 29.55
49 ( 2%) 21.83
51 ( 2%) 27.27
53 ( 2%) 27.61
55 ( 2%) 20.17
57 ( 2%) 22.38
59 ( 2%) 20.56
61 ( 1%) 21.88
63 ( 0%) 28.57
65 ( 0%) 33.33
67 ( 0%) 33.33
result accuracy by symbol:
( (91%) 35.54
) (91%) 35.54
* (87%) 33.55
+ (84%) 34.26
- (77%) 38.79
/ (76%) 37.55
0 (52%) 37.89
1 (60%) 35.98
2 (61%) 35.08
3 (62%) 34.46
4 (61%) 34.16
5 (62%) 34.21
6 (62%) 33.68
7 (63%) 33.55
8 (64%) 32.07
9 (63%) 32.22
result accuracy by digit:
0 ( 0%) 100.00
1 ( 0%) 100.00
2 ( 0%) 100.00
3 ( 0%) 100.00
4 ( 0%) 100.00
5 ( 0%) 100.00
6 ( 0%) 100.00
7 ( 0%) 100.00
8 ( 0%) 100.00
9 ( 0%) 100.00
result accuracy by result:
0 (21%) 87.90
1 (10%) 56.55
2 ( 4%) 43.43
3 ( 2%) 42.22
4 ( 2%) 34.59
5 ( 2%) 51.00
6 ( 2%) 40.87
7 ( 2%) 48.67
8 ( 2%) 41.03
9 ( 1%) 62.79
result accuracy by generalization:
1 (22.45%) 87.18
2 (22.96%) 43.64
3 (22.53%)  5.16
4 (15.82%) 41.16
5 (16.24%)  7.54
error cases:
8+3 [1, -1, 1] 11 14
9-7 [1, -1, 1] 2 3
5*5 [1, -1, 1] 25 35
4+2 [1, -1, 1] 6 9
9/5 [1, -1, 1] 2 4
5-1 [1, -1, 1] 4 5
6+9 [1, -1, 1] 15 24
1+8 [1, -1, 1] 9 14
3-1 [1, -1, 1] 2 3
3*2 [1, -1, 1] 6 9
val (Perception Acc=0.00, Head Acc=0.00, Result Acc=38.49)
Epoch time: 1m 35s
------------------------------
Epoch 160/199 (max_len=inf, data=11170)
Train acc: 92.15, loss: 0.086 
Epoch time: 1m 21s
------------------------------
Epoch 161/199 (max_len=inf, data=11170)
Train acc: 91.65, loss: 0.088 
Epoch time: 1m 22s
------------------------------
Epoch 162/199 (max_len=inf, data=11170)
Train acc: 91.95, loss: 0.089 
Epoch time: 1m 22s
------------------------------
Epoch 163/199 (max_len=inf, data=11170)
Train acc: 92.00, loss: 0.086 
Epoch time: 1m 22s
------------------------------
Epoch 164/199 (max_len=inf, data=11170)
Train acc: 91.99, loss: 0.083 
result accuracy by length:
1 ( 2%) 98.00
3 ( 2%) 79.00
5 ( 2%) 50.39
7 ( 4%) 39.30
9 ( 4%) 48.24
11 ( 3%) 46.02
13 ( 4%) 44.91
15 ( 4%) 48.51
17 ( 4%) 49.03
19 ( 4%) 50.49
21 ( 4%) 45.96
23 ( 4%) 41.95
25 ( 4%) 42.00
27 ( 4%) 46.31
29 ( 3%) 44.50
31 ( 3%) 38.10
33 ( 2%) 25.71
35 ( 2%) 27.40
37 ( 2%) 25.64
39 ( 3%) 24.34
41 ( 3%) 24.83
43 ( 2%) 23.91
45 ( 2%) 16.96
47 ( 2%) 31.06
49 ( 2%) 20.42
51 ( 2%) 26.52
53 ( 2%) 26.12
55 ( 2%) 20.17
57 ( 2%) 24.48
59 ( 2%) 20.56
61 ( 1%) 21.88
63 ( 0%) 22.86
65 ( 0%) 22.22
67 ( 0%) 33.33
result accuracy by symbol:
( (91%) 35.72
) (91%) 35.72
* (87%) 33.76
+ (84%) 34.50
- (77%) 38.64
/ (76%) 37.63
0 (52%) 37.81
1 (60%) 36.18
2 (61%) 34.88
3 (62%) 34.92
4 (61%) 34.00
5 (62%) 34.34
6 (62%) 33.81
7 (63%) 33.84
8 (64%) 32.20
9 (63%) 31.90
result accuracy by digit:
0 ( 0%) 100.00
1 ( 0%) 100.00
2 ( 0%) 90.00
3 ( 0%) 100.00
4 ( 0%) 100.00
5 ( 0%) 100.00
6 ( 0%) 100.00
7 ( 0%) 100.00
8 ( 0%) 100.00
9 ( 0%) 90.00
result accuracy by result:
0 (21%) 85.43
1 (10%) 60.30
2 ( 4%) 47.47
3 ( 2%) 40.00
4 ( 2%) 33.08
5 ( 2%) 46.00
6 ( 2%) 43.48
7 ( 2%) 53.98
8 ( 2%) 45.30
9 ( 1%) 59.30
result accuracy by generalization:
1 (22.45%) 86.64
2 (22.96%) 44.80
3 (22.53%)  5.53
4 (15.82%) 40.77
5 (16.24%)  7.04
error cases:
9 [-1] 9 7
2 [-1] 2 0
9-7 [1, -1, 1] 2 3
9+3 [1, -1, 1] 12 14
5*5 [1, -1, 1] 25 35
2*4 [1, -1, 1] 8 16
9/5 [1, -1, 1] 2 4
7*9 [1, -1, 1] 63 56
5-1 [1, -1, 1] 4 5
7/2 [1, -1, 1] 4 9
val (Perception Acc=0.00, Head Acc=0.00, Result Acc=38.57)
Epoch time: 1m 34s
------------------------------
Epoch 165/199 (max_len=inf, data=11170)
Train acc: 92.07, loss: 0.085 
Epoch time: 1m 21s
------------------------------
Epoch 166/199 (max_len=inf, data=11170)
Train acc: 92.02, loss: 0.084 
Epoch time: 1m 21s
------------------------------
Epoch 167/199 (max_len=inf, data=11170)
Train acc: 92.06, loss: 0.080 
Epoch time: 1m 21s
------------------------------
Epoch 168/199 (max_len=inf, data=11170)
Train acc: 92.45, loss: 0.077 
Epoch time: 1m 21s
------------------------------
Epoch 169/199 (max_len=inf, data=11170)
Train acc: 92.24, loss: 0.082 
result accuracy by length:
1 ( 2%) 100.00
3 ( 2%) 77.00
5 ( 2%) 51.16
7 ( 4%) 41.05
9 ( 4%) 44.72
11 ( 3%) 44.89
13 ( 4%) 43.52
15 ( 4%) 47.03
17 ( 4%) 45.15
19 ( 4%) 52.94
21 ( 4%) 46.97
23 ( 4%) 44.88
25 ( 4%) 44.50
27 ( 4%) 45.32
29 ( 3%) 46.60
31 ( 3%) 40.48
33 ( 2%) 24.29
35 ( 2%) 26.71
37 ( 2%) 27.35
39 ( 3%) 24.34
41 ( 3%) 26.17
43 ( 2%) 22.46
45 ( 2%) 21.43
47 ( 2%) 31.06
49 ( 2%) 21.83
51 ( 2%) 28.79
53 ( 2%) 29.85
55 ( 2%) 20.17
57 ( 2%) 23.78
59 ( 2%) 20.56
61 ( 1%) 25.00
63 ( 0%) 28.57
65 ( 0%) 33.33
67 ( 0%) 66.67
result accuracy by symbol:
( (91%) 36.37
) (91%) 36.37
* (87%) 34.27
+ (84%) 34.84
- (77%) 39.13
/ (76%) 38.43
0 (52%) 38.55
1 (60%) 36.71
2 (61%) 35.78
3 (62%) 35.54
4 (61%) 34.36
5 (62%) 35.19
6 (62%) 34.66
7 (63%) 34.84
8 (64%) 32.58
9 (63%) 32.66
result accuracy by digit:
0 ( 0%) 100.00
1 ( 0%) 100.00
2 ( 0%) 100.00
3 ( 0%) 100.00
4 ( 0%) 100.00
5 ( 0%) 100.00
6 ( 0%) 100.00
7 ( 0%) 100.00
8 ( 0%) 100.00
9 ( 0%) 100.00
result accuracy by result:
0 (21%) 88.10
1 (10%) 63.30
2 ( 4%) 42.93
3 ( 2%) 41.48
4 ( 2%) 36.84
5 ( 2%) 46.00
6 ( 2%) 44.35
7 ( 2%) 51.33
8 ( 2%) 40.17
9 ( 1%) 59.30
result accuracy by generalization:
1 (22.45%) 87.36
2 (22.96%) 44.09
3 (22.53%)  5.98
4 (15.82%) 43.10
5 (16.24%)  7.29
error cases:
8+3 [1, -1, 1] 11 14
9*1 [1, -1, 1] 9 8
3+2 [1, -1, 1] 5 7
9+3 [1, -1, 1] 12 14
5*5 [1, -1, 1] 25 35
4+2 [1, -1, 1] 6 9
2*4 [1, -1, 1] 8 16
6+9 [1, -1, 1] 15 24
1+8 [1, -1, 1] 9 14
3-1 [1, -1, 1] 2 3
val (Perception Acc=0.00, Head Acc=0.00, Result Acc=39.08)
Epoch time: 1m 35s
------------------------------
Epoch 170/199 (max_len=inf, data=11170)
Train acc: 92.13, loss: 0.080 
Epoch time: 1m 22s
------------------------------
Epoch 171/199 (max_len=inf, data=11170)
Train acc: 92.88, loss: 0.076 
Epoch time: 1m 21s
------------------------------
Epoch 172/199 (max_len=inf, data=11170)
Train acc: 93.09, loss: 0.074 
Epoch time: 1m 22s
------------------------------
Epoch 173/199 (max_len=inf, data=11170)
Train acc: 91.84, loss: 0.082 
Epoch time: 1m 21s
------------------------------
Epoch 174/199 (max_len=inf, data=11170)
Train acc: 92.01, loss: 0.083 
result accuracy by length:
1 ( 2%) 100.00
3 ( 2%) 78.00
5 ( 2%) 48.06
7 ( 4%) 41.92
9 ( 4%) 47.24
11 ( 3%) 43.75
13 ( 4%) 46.76
15 ( 4%) 44.06
17 ( 4%) 47.09
19 ( 4%) 51.47
21 ( 4%) 42.93
23 ( 4%) 43.90
25 ( 4%) 46.00
27 ( 4%) 42.36
29 ( 3%) 43.46
31 ( 3%) 36.31
33 ( 2%) 25.00
35 ( 2%) 27.40
37 ( 2%) 25.64
39 ( 3%) 24.34
41 ( 3%) 25.50
43 ( 2%) 22.46
45 ( 2%) 18.75
47 ( 2%) 28.03
49 ( 2%) 21.13
51 ( 2%) 22.73
53 ( 2%) 28.36
55 ( 2%) 17.65
57 ( 2%) 23.08
59 ( 2%) 18.69
61 ( 1%) 25.00
63 ( 0%) 22.86
65 ( 0%) 33.33
67 ( 0%) 33.33
result accuracy by symbol:
( (91%) 35.32
) (91%) 35.32
* (87%) 33.18
+ (84%) 33.59
- (77%) 38.14
/ (76%) 36.86
0 (52%) 36.99
1 (60%) 35.24
2 (61%) 34.45
3 (62%) 34.16
4 (61%) 33.27
5 (62%) 33.95
6 (62%) 33.26
7 (63%) 33.29
8 (64%) 31.37
9 (63%) 31.55
result accuracy by digit:
0 ( 0%) 100.00
1 ( 0%) 100.00
2 ( 0%) 100.00
3 ( 0%) 100.00
4 ( 0%) 100.00
5 ( 0%) 100.00
6 ( 0%) 100.00
7 ( 0%) 100.00
8 ( 0%) 100.00
9 ( 0%) 100.00
result accuracy by result:
0 (21%) 86.29
1 (10%) 56.93
2 ( 4%) 45.45
3 ( 2%) 40.74
4 ( 2%) 33.08
5 ( 2%) 45.00
6 ( 2%) 50.43
7 ( 2%) 49.56
8 ( 2%) 44.44
9 ( 1%) 60.47
result accuracy by generalization:
1 (22.45%) 86.55
2 (22.96%) 43.11
3 (22.53%)  5.80
4 (15.82%) 40.39
5 (16.24%)  6.41
error cases:
8+3 [1, -1, 1] 11 14
3+2 [1, -1, 1] 5 7
9+3 [1, -1, 1] 12 14
4+2 [1, -1, 1] 6 9
2*4 [1, -1, 1] 8 16
9/5 [1, -1, 1] 2 4
1+3 [1, -1, 1] 4 5
7/2 [1, -1, 1] 4 9
6+9 [1, -1, 1] 15 21
1+8 [1, -1, 1] 9 14
val (Perception Acc=0.00, Head Acc=0.00, Result Acc=38.06)
Epoch time: 1m 34s
------------------------------
Epoch 175/199 (max_len=inf, data=11170)
Train acc: 91.75, loss: 0.088 
Epoch time: 1m 21s
------------------------------
Epoch 176/199 (max_len=inf, data=11170)
Train acc: 92.17, loss: 0.082 
Epoch time: 1m 22s
------------------------------
Epoch 177/199 (max_len=inf, data=11170)
Train acc: 92.03, loss: 0.085 
Epoch time: 1m 22s
------------------------------
Epoch 178/199 (max_len=inf, data=11170)
Train acc: 92.18, loss: 0.083 
Epoch time: 1m 21s
------------------------------
Epoch 179/199 (max_len=inf, data=11170)
Train acc: 91.89, loss: 0.084 
result accuracy by length:
1 ( 2%) 100.00
3 ( 2%) 81.00
5 ( 2%) 51.16
7 ( 4%) 40.17
9 ( 4%) 43.72
11 ( 3%) 46.02
13 ( 4%) 46.30
15 ( 4%) 46.04
17 ( 4%) 49.03
19 ( 4%) 50.49
21 ( 4%) 45.96
23 ( 4%) 41.46
25 ( 4%) 42.00
27 ( 4%) 43.84
29 ( 3%) 40.84
31 ( 3%) 41.07
33 ( 2%) 27.14
35 ( 2%) 26.71
37 ( 2%) 25.64
39 ( 3%) 21.71
41 ( 3%) 26.85
43 ( 2%) 23.91
45 ( 2%) 23.21
47 ( 2%) 28.79
49 ( 2%) 21.13
51 ( 2%) 25.00
53 ( 2%) 26.12
55 ( 2%) 18.49
57 ( 2%) 24.48
59 ( 2%) 20.56
61 ( 1%) 21.88
63 ( 0%) 20.00
65 ( 0%) 33.33
67 ( 0%) 33.33
result accuracy by symbol:
( (91%) 35.54
) (91%) 35.54
* (87%) 33.39
+ (84%) 33.97
- (77%) 38.69
/ (76%) 37.23
0 (52%) 37.46
1 (60%) 36.18
2 (61%) 34.68
3 (62%) 34.16
4 (61%) 33.43
5 (62%) 33.95
6 (62%) 33.29
7 (63%) 33.45
8 (64%) 31.85
9 (63%) 31.67
result accuracy by digit:
0 ( 0%) 100.00
1 ( 0%) 100.00
2 ( 0%) 100.00
3 ( 0%) 100.00
4 ( 0%) 100.00
5 ( 0%) 100.00
6 ( 0%) 100.00
7 ( 0%) 100.00
8 ( 0%) 100.00
9 ( 0%) 100.00
result accuracy by result:
0 (21%) 85.52
1 (10%) 58.61
2 ( 4%) 44.95
3 ( 2%) 45.19
4 ( 2%) 37.59
5 ( 2%) 47.00
6 ( 2%) 46.09
7 ( 2%) 55.75
8 ( 2%) 41.88
9 ( 1%) 59.30
result accuracy by generalization:
1 (22.45%) 85.27
2 (22.96%) 44.53
3 (22.53%)  6.16
4 (15.82%) 41.16
5 (16.24%)  6.66
error cases:
8+3 [1, -1, 1] 11 14
9*1 [1, -1, 1] 9 8
4*6 [1, -1, 1] 24 64
9+3 [1, -1, 1] 12 14
5*5 [1, -1, 1] 25 35
4+2 [1, -1, 1] 6 5
1+3 [1, -1, 1] 4 5
7/2 [1, -1, 1] 4 7
6+9 [1, -1, 1] 15 14
1+8 [1, -1, 1] 9 11
val (Perception Acc=0.00, Head Acc=0.00, Result Acc=38.35)
Epoch time: 1m 35s
------------------------------
Epoch 180/199 (max_len=inf, data=11170)
Train acc: 91.98, loss: 0.082 
Epoch time: 1m 22s
------------------------------
Epoch 181/199 (max_len=inf, data=11170)
Train acc: 92.49, loss: 0.077 
Epoch time: 1m 22s
------------------------------
Epoch 182/199 (max_len=inf, data=11170)
Train acc: 92.40, loss: 0.080 
Epoch time: 1m 21s
------------------------------
Epoch 183/199 (max_len=inf, data=11170)
Train acc: 92.47, loss: 0.077 
Epoch time: 1m 21s
------------------------------
Epoch 184/199 (max_len=inf, data=11170)
Train acc: 91.84, loss: 0.084 
result accuracy by length:
1 ( 2%) 91.00
3 ( 2%) 75.00
5 ( 2%) 49.61
7 ( 4%) 40.61
9 ( 4%) 50.25
11 ( 3%) 42.05
13 ( 4%) 45.83
15 ( 4%) 46.53
17 ( 4%) 48.54
19 ( 4%) 50.49
21 ( 4%) 45.45
23 ( 4%) 42.44
25 ( 4%) 43.00
27 ( 4%) 45.32
29 ( 3%) 44.50
31 ( 3%) 39.88
33 ( 2%) 25.71
35 ( 2%) 28.08
37 ( 2%) 28.21
39 ( 3%) 23.03
41 ( 3%) 27.52
43 ( 2%) 23.91
45 ( 2%) 19.64
47 ( 2%) 31.06
49 ( 2%) 20.42
51 ( 2%) 29.55
53 ( 2%) 31.34
55 ( 2%) 19.33
57 ( 2%) 21.68
59 ( 2%) 25.23
61 ( 1%) 23.44
63 ( 0%) 22.86
65 ( 0%) 33.33
67 ( 0%) 33.33
result accuracy by symbol:
( (91%) 36.28
) (91%) 36.28
* (87%) 34.25
+ (84%) 34.91
- (77%) 38.90
/ (76%) 38.24
0 (52%) 38.63
1 (60%) 36.55
2 (61%) 35.35
3 (62%) 35.05
4 (61%) 34.59
5 (62%) 35.03
6 (62%) 34.53
7 (63%) 34.32
8 (64%) 32.61
9 (63%) 32.38
result accuracy by digit:
0 ( 0%) 100.00
1 ( 0%) 100.00
2 ( 0%) 100.00
3 ( 0%) 100.00
4 ( 0%) 100.00
5 ( 0%) 100.00
6 ( 0%) 100.00
7 ( 0%) 100.00
8 ( 0%) 100.00
9 ( 0%) 10.00
result accuracy by result:
0 (21%) 86.57
1 (10%) 62.36
2 ( 4%) 44.44
3 ( 2%) 39.26
4 ( 2%) 39.10
5 ( 2%) 46.00
6 ( 2%) 46.09
7 ( 2%) 50.44
8 ( 2%) 45.30
9 ( 1%) 51.16
result accuracy by generalization:
1 (22.45%) 85.00
2 (22.96%) 45.42
3 (22.53%)  5.80
4 (15.82%) 42.71
5 (16.24%)  7.41
error cases:
9 [-1] 9 18
9 [-1] 9 18
9 [-1] 9 18
9 [-1] 9 18
9 [-1] 9 18
9 [-1] 9 18
9 [-1] 9 18
9 [-1] 9 18
9 [-1] 9 18
9*1 [1, -1, 1] 9 6
val (Perception Acc=0.00, Head Acc=0.00, Result Acc=38.78)
Epoch time: 1m 35s
------------------------------
Epoch 185/199 (max_len=inf, data=11170)
Train acc: 92.25, loss: 0.081 
Epoch time: 1m 22s
------------------------------
Epoch 186/199 (max_len=inf, data=11170)
Train acc: 92.65, loss: 0.077 
Epoch time: 1m 22s
------------------------------
Epoch 187/199 (max_len=inf, data=11170)
Train acc: 92.74, loss: 0.075 
Epoch time: 1m 22s
------------------------------
Epoch 188/199 (max_len=inf, data=11170)
Train acc: 92.78, loss: 0.075 
Epoch time: 1m 22s
------------------------------
Epoch 189/199 (max_len=inf, data=11170)
Train acc: 92.32, loss: 0.079 
result accuracy by length:
1 ( 2%) 99.00
3 ( 2%) 81.00
5 ( 2%) 49.61
7 ( 4%) 42.36
9 ( 4%) 51.26
11 ( 3%) 44.89
13 ( 4%) 44.91
15 ( 4%) 47.03
17 ( 4%) 46.60
19 ( 4%) 50.98
21 ( 4%) 45.45
23 ( 4%) 44.88
25 ( 4%) 42.00
27 ( 4%) 47.78
29 ( 3%) 47.12
31 ( 3%) 41.07
33 ( 2%) 28.57
35 ( 2%) 28.77
37 ( 2%) 23.93
39 ( 3%) 23.68
41 ( 3%) 26.85
43 ( 2%) 21.74
45 ( 2%) 16.96
47 ( 2%) 32.58
49 ( 2%) 21.83
51 ( 2%) 27.27
53 ( 2%) 25.37
55 ( 2%) 21.01
57 ( 2%) 22.38
59 ( 2%) 21.50
61 ( 1%) 26.56
63 ( 0%) 25.71
65 ( 0%) 33.33
67 ( 0%) 33.33
result accuracy by symbol:
( (91%) 36.44
) (91%) 36.44
* (87%) 34.36
+ (84%) 35.27
- (77%) 39.27
/ (76%) 38.32
0 (52%) 38.95
1 (60%) 36.95
2 (61%) 35.28
3 (62%) 35.67
4 (61%) 34.83
5 (62%) 34.90
6 (62%) 34.27
7 (63%) 34.36
8 (64%) 32.58
9 (63%) 33.14
result accuracy by digit:
0 ( 0%) 100.00
1 ( 0%) 100.00
2 ( 0%) 100.00
3 ( 0%) 100.00
4 ( 0%) 100.00
5 ( 0%) 100.00
6 ( 0%) 100.00
7 ( 0%) 100.00
8 ( 0%) 100.00
9 ( 0%) 90.00
result accuracy by result:
0 (21%) 89.05
1 (10%) 58.80
2 ( 4%) 45.96
3 ( 2%) 42.22
4 ( 2%) 37.59
5 ( 2%) 47.00
6 ( 2%) 42.61
7 ( 2%) 53.98
8 ( 2%) 41.88
9 ( 1%) 61.63
result accuracy by generalization:
1 (22.45%) 87.09
2 (22.96%) 46.49
3 (22.53%)  5.89
4 (15.82%) 41.94
5 (16.24%)  6.78
error cases:
9 [-1] 9 7
9*1 [1, -1, 1] 9 8
3+2 [1, -1, 1] 5 9
9+3 [1, -1, 1] 12 11
4+2 [1, -1, 1] 6 5
8-1 [1, -1, 1] 7 8
9/5 [1, -1, 1] 2 4
7*9 [1, -1, 1] 63 96
5-1 [1, -1, 1] 4 5
3-1 [1, -1, 1] 2 3
val (Perception Acc=0.00, Head Acc=0.00, Result Acc=39.29)
Epoch time: 1m 35s
------------------------------
Epoch 190/199 (max_len=inf, data=11170)
Train acc: 93.22, loss: 0.072 
Epoch time: 1m 22s
------------------------------
Epoch 191/199 (max_len=inf, data=11170)
Train acc: 92.30, loss: 0.081 
Epoch time: 1m 22s
------------------------------
Epoch 192/199 (max_len=inf, data=11170)
Train acc: 92.71, loss: 0.079 
Epoch time: 1m 21s
------------------------------
Epoch 193/199 (max_len=inf, data=11170)
Train acc: 92.56, loss: 0.079 
Epoch time: 1m 21s
------------------------------
Epoch 194/199 (max_len=inf, data=11170)
Train acc: 92.25, loss: 0.079 
result accuracy by length:
1 ( 2%) 100.00
3 ( 2%) 73.00
5 ( 2%) 51.16
7 ( 4%) 41.48
9 ( 4%) 49.75
11 ( 3%) 48.30
13 ( 4%) 47.22
15 ( 4%) 47.52
17 ( 4%) 50.00
19 ( 4%) 51.96
21 ( 4%) 44.95
23 ( 4%) 44.39
25 ( 4%) 40.50
27 ( 4%) 44.83
29 ( 3%) 45.55
31 ( 3%) 41.07
33 ( 2%) 30.00
35 ( 2%) 26.03
37 ( 2%) 26.50
39 ( 3%) 23.03
41 ( 3%) 24.83
43 ( 2%) 24.64
45 ( 2%) 20.54
47 ( 2%) 31.82
49 ( 2%) 23.94
51 ( 2%) 28.03
53 ( 2%) 25.37
55 ( 2%) 17.65
57 ( 2%) 25.17
59 ( 2%) 20.56
61 ( 1%) 28.12
63 ( 0%) 22.86
65 ( 0%) 33.33
67 ( 0%) 33.33
result accuracy by symbol:
( (91%) 36.70
) (91%) 36.70
* (87%) 34.46
+ (84%) 35.42
- (77%) 39.34
/ (76%) 38.56
0 (52%) 38.83
1 (60%) 36.58
2 (61%) 35.75
3 (62%) 35.87
4 (61%) 35.16
5 (62%) 35.32
6 (62%) 34.30
7 (63%) 34.94
8 (64%) 32.80
9 (63%) 32.50
result accuracy by digit:
0 ( 0%) 100.00
1 ( 0%) 100.00
2 ( 0%) 100.00
3 ( 0%) 100.00
4 ( 0%) 100.00
5 ( 0%) 100.00
6 ( 0%) 100.00
7 ( 0%) 100.00
8 ( 0%) 100.00
9 ( 0%) 100.00
result accuracy by result:
0 (21%) 88.95
1 (10%) 59.36
2 ( 4%) 44.95
3 ( 2%) 42.96
4 ( 2%) 42.11
5 ( 2%) 47.00
6 ( 2%) 43.48
7 ( 2%) 50.44
8 ( 2%) 45.30
9 ( 1%) 60.47
result accuracy by generalization:
1 (22.45%) 87.45
2 (22.96%) 45.60
3 (22.53%)  6.25
4 (15.82%) 42.19
5 (16.24%)  7.29
error cases:
8+3 [1, -1, 1] 11 14
9*1 [1, -1, 1] 9 8
9-7 [1, -1, 1] 2 1
9-3 [1, -1, 1] 6 9
3+2 [1, -1, 1] 5 7
9+3 [1, -1, 1] 12 14
5*5 [1, -1, 1] 25 35
4+2 [1, -1, 1] 6 5
8-1 [1, -1, 1] 7 8
7*9 [1, -1, 1] 63 56
val (Perception Acc=0.00, Head Acc=0.00, Result Acc=39.37)
Epoch time: 1m 35s
------------------------------
Epoch 195/199 (max_len=inf, data=11170)
Train acc: 92.71, loss: 0.076 
Epoch time: 1m 22s
------------------------------
Epoch 196/199 (max_len=inf, data=11170)
Train acc: 92.24, loss: 0.078 
Epoch time: 1m 21s
------------------------------
Epoch 197/199 (max_len=inf, data=11170)
Train acc: 92.96, loss: 0.073 
Epoch time: 1m 21s
------------------------------
Epoch 198/199 (max_len=inf, data=11170)
Train acc: 92.58, loss: 0.079 
Epoch time: 1m 21s
------------------------------
Epoch 199/199 (max_len=inf, data=11170)
Train acc: 92.42, loss: 0.076 
result accuracy by length:
1 ( 2%) 100.00
3 ( 2%) 80.00
5 ( 2%) 50.39
7 ( 4%) 40.61
9 ( 4%) 48.74
11 ( 3%) 44.32
13 ( 4%) 48.61
15 ( 4%) 45.54
17 ( 4%) 47.57
19 ( 4%) 51.96
21 ( 4%) 42.93
23 ( 4%) 44.88
25 ( 4%) 42.50
27 ( 4%) 45.32
29 ( 3%) 43.46
31 ( 3%) 42.86
33 ( 2%) 29.29
35 ( 2%) 27.40
37 ( 2%) 25.64
39 ( 3%) 20.39
41 ( 3%) 26.85
43 ( 2%) 21.74
45 ( 2%) 22.32
47 ( 2%) 31.06
49 ( 2%) 20.42
51 ( 2%) 28.03
53 ( 2%) 26.12
55 ( 2%) 15.97
57 ( 2%) 27.27
59 ( 2%) 19.63
61 ( 1%) 25.00
63 ( 0%) 22.86
65 ( 0%) 33.33
67 ( 0%) 33.33
result accuracy by symbol:
( (91%) 36.12
) (91%) 36.12
* (87%) 33.92
+ (84%) 34.60
- (77%) 39.13
/ (76%) 37.90
0 (52%) 37.97
1 (60%) 36.55
2 (61%) 35.25
3 (62%) 35.21
4 (61%) 34.46
5 (62%) 34.64
6 (62%) 33.81
7 (63%) 34.45
8 (64%) 32.20
9 (63%) 32.54
result accuracy by digit:
0 ( 0%) 100.00
1 ( 0%) 100.00
2 ( 0%) 100.00
3 ( 0%) 100.00
4 ( 0%) 100.00
5 ( 0%) 100.00
6 ( 0%) 100.00
7 ( 0%) 100.00
8 ( 0%) 100.00
9 ( 0%) 100.00
result accuracy by result:
0 (21%) 87.71
1 (10%) 59.55
2 ( 4%) 46.97
3 ( 2%) 40.00
4 ( 2%) 37.59
5 ( 2%) 46.00
6 ( 2%) 42.61
7 ( 2%) 51.33
8 ( 2%) 43.59
9 ( 1%) 58.14
result accuracy by generalization:
1 (22.45%) 87.09
2 (22.96%) 45.78
3 (22.53%)  5.53
4 (15.82%) 41.55
5 (16.24%)  6.66
error cases:
9*1 [1, -1, 1] 9 8
4*6 [1, -1, 1] 24 56
9-7 [1, -1, 1] 2 0
9-3 [1, -1, 1] 6 7
3+2 [1, -1, 1] 5 9
9+3 [1, -1, 1] 12 14
5*5 [1, -1, 1] 25 35
4+2 [1, -1, 1] 6 9
5-1 [1, -1, 1] 4 5
7/2 [1, -1, 1] 4 9
val (Perception Acc=0.00, Head Acc=0.00, Result Acc=38.96)
Epoch time: 1m 35s
------------------------------
Evaluate on test set...
result accuracy by length:
1 ( 2%) 99.30
3 ( 2%) 75.64
5 ( 2%) 52.27
7 ( 4%) 48.72
9 ( 4%) 47.41
11 ( 4%) 47.04
13 ( 4%) 47.87
15 ( 4%) 49.38
17 ( 4%) 46.33
19 ( 4%) 47.25
21 ( 4%) 48.10
23 ( 4%) 47.17
25 ( 4%) 46.32
27 ( 4%) 45.39
29 ( 3%) 43.16
31 ( 3%) 38.69
33 ( 2%) 30.92
35 ( 2%) 24.88
37 ( 2%) 24.54
39 ( 2%) 24.77
41 ( 2%) 22.27
43 ( 2%) 24.07
45 ( 2%) 22.75
47 ( 2%) 22.28
49 ( 2%) 23.33
51 ( 2%) 25.13
53 ( 2%) 22.00
55 ( 2%) 22.82
57 ( 2%) 22.68
59 ( 2%) 24.57
61 ( 1%) 22.64
63 ( 0%) 25.31
65 ( 0%) 27.27
67 ( 0%) 31.03
69 ( 0%) 36.36
71 ( 0%) 50.00
result accuracy by symbol:
( (91%) 36.55
) (91%) 36.55
* (87%) 34.13
+ (84%) 35.02
- (78%) 38.72
/ (77%) 38.37
0 (51%) 38.97
1 (60%) 36.29
2 (61%) 35.42
3 (62%) 34.99
4 (62%) 34.58
5 (62%) 34.29
6 (62%) 33.80
7 (63%) 33.60
8 (63%) 33.43
9 (63%) 32.93
result accuracy by digit:
0 ( 0%) 100.00
1 ( 0%) 97.00
2 ( 0%) 100.00
3 ( 0%) 99.00
4 ( 0%) 100.00
5 ( 0%) 100.00
6 ( 0%) 98.00
7 ( 0%) 99.00
8 ( 0%) 100.00
9 ( 0%) 100.00
result accuracy by result:
0 (21%) 88.02
1 (11%) 56.94
2 ( 3%) 44.03
3 ( 3%) 39.35
4 ( 2%) 44.18
5 ( 2%) 48.87
6 ( 2%) 45.20
7 ( 2%) 49.65
8 ( 2%) 44.60
9 ( 2%) 54.94
result accuracy by generalization:
1 (22.84%) 87.02
2 (23.00%) 46.17
3 (22.36%)  6.51
4 (15.84%) 40.44
5 (15.95%)  6.47
error cases:
7 [-1] 7 1
1 [-1] 1 2
1 [-1] 1 2
1 [-1] 1 4
6 [-1] 6 8
6 [-1] 6 8
3 [-1] 3 9
4*6 [1, -1, 1] 24 56
4*6 [1, -1, 1] 24 56
4*6 [1, -1, 1] 24 56
test (Perception Acc=0.00, Head Acc=0.00, Result Acc=39.39)
