train: 11170 val: 4900 test: 48910
Namespace(curriculum=True, dec_layers=1, enc_layers=9, epochs=200, epochs_eval=5, output_dir='outputs/', perception=False, perception_pretrain='data/perception-pretrain/model.pth.tar_78.2_match', resume=None, seed=0, semantics=False, syntax=False)
Seq2Seq(
  (encoder): Encoder(
    (image_encoder): ClusteringModel(
      (backbone): ResNet(
        (conv1): Conv2d(1, 64, kernel_size=(3, 3), stride=(1, 1), padding=(1, 1), bias=False)
        (bn1): BatchNorm2d(64, eps=1e-05, momentum=0.1, affine=True, track_running_stats=True)
        (layer1): Sequential(
          (0): BasicBlock(
            (conv1): Conv2d(64, 64, kernel_size=(3, 3), stride=(1, 1), padding=(1, 1), bias=False)
            (bn1): BatchNorm2d(64, eps=1e-05, momentum=0.1, affine=True, track_running_stats=True)
            (conv2): Conv2d(64, 64, kernel_size=(3, 3), stride=(1, 1), padding=(1, 1), bias=False)
            (bn2): BatchNorm2d(64, eps=1e-05, momentum=0.1, affine=True, track_running_stats=True)
            (shortcut): Sequential()
          )
          (1): BasicBlock(
            (conv1): Conv2d(64, 64, kernel_size=(3, 3), stride=(1, 1), padding=(1, 1), bias=False)
            (bn1): BatchNorm2d(64, eps=1e-05, momentum=0.1, affine=True, track_running_stats=True)
            (conv2): Conv2d(64, 64, kernel_size=(3, 3), stride=(1, 1), padding=(1, 1), bias=False)
            (bn2): BatchNorm2d(64, eps=1e-05, momentum=0.1, affine=True, track_running_stats=True)
            (shortcut): Sequential()
          )
        )
        (layer2): Sequential(
          (0): BasicBlock(
            (conv1): Conv2d(64, 128, kernel_size=(3, 3), stride=(2, 2), padding=(1, 1), bias=False)
            (bn1): BatchNorm2d(128, eps=1e-05, momentum=0.1, affine=True, track_running_stats=True)
            (conv2): Conv2d(128, 128, kernel_size=(3, 3), stride=(1, 1), padding=(1, 1), bias=False)
            (bn2): BatchNorm2d(128, eps=1e-05, momentum=0.1, affine=True, track_running_stats=True)
            (shortcut): Sequential(
              (0): Conv2d(64, 128, kernel_size=(1, 1), stride=(2, 2), bias=False)
              (1): BatchNorm2d(128, eps=1e-05, momentum=0.1, affine=True, track_running_stats=True)
            )
          )
          (1): BasicBlock(
            (conv1): Conv2d(128, 128, kernel_size=(3, 3), stride=(1, 1), padding=(1, 1), bias=False)
            (bn1): BatchNorm2d(128, eps=1e-05, momentum=0.1, affine=True, track_running_stats=True)
            (conv2): Conv2d(128, 128, kernel_size=(3, 3), stride=(1, 1), padding=(1, 1), bias=False)
            (bn2): BatchNorm2d(128, eps=1e-05, momentum=0.1, affine=True, track_running_stats=True)
            (shortcut): Sequential()
          )
        )
        (layer3): Sequential(
          (0): BasicBlock(
            (conv1): Conv2d(128, 256, kernel_size=(3, 3), stride=(2, 2), padding=(1, 1), bias=False)
            (bn1): BatchNorm2d(256, eps=1e-05, momentum=0.1, affine=True, track_running_stats=True)
            (conv2): Conv2d(256, 256, kernel_size=(3, 3), stride=(1, 1), padding=(1, 1), bias=False)
            (bn2): BatchNorm2d(256, eps=1e-05, momentum=0.1, affine=True, track_running_stats=True)
            (shortcut): Sequential(
              (0): Conv2d(128, 256, kernel_size=(1, 1), stride=(2, 2), bias=False)
              (1): BatchNorm2d(256, eps=1e-05, momentum=0.1, affine=True, track_running_stats=True)
            )
          )
          (1): BasicBlock(
            (conv1): Conv2d(256, 256, kernel_size=(3, 3), stride=(1, 1), padding=(1, 1), bias=False)
            (bn1): BatchNorm2d(256, eps=1e-05, momentum=0.1, affine=True, track_running_stats=True)
            (conv2): Conv2d(256, 256, kernel_size=(3, 3), stride=(1, 1), padding=(1, 1), bias=False)
            (bn2): BatchNorm2d(256, eps=1e-05, momentum=0.1, affine=True, track_running_stats=True)
            (shortcut): Sequential()
          )
        )
        (layer4): Sequential(
          (0): BasicBlock(
            (conv1): Conv2d(256, 512, kernel_size=(3, 3), stride=(2, 2), padding=(1, 1), bias=False)
            (bn1): BatchNorm2d(512, eps=1e-05, momentum=0.1, affine=True, track_running_stats=True)
            (conv2): Conv2d(512, 512, kernel_size=(3, 3), stride=(1, 1), padding=(1, 1), bias=False)
            (bn2): BatchNorm2d(512, eps=1e-05, momentum=0.1, affine=True, track_running_stats=True)
            (shortcut): Sequential(
              (0): Conv2d(256, 512, kernel_size=(1, 1), stride=(2, 2), bias=False)
              (1): BatchNorm2d(512, eps=1e-05, momentum=0.1, affine=True, track_running_stats=True)
            )
          )
          (1): BasicBlock(
            (conv1): Conv2d(512, 512, kernel_size=(3, 3), stride=(1, 1), padding=(1, 1), bias=False)
            (bn1): BatchNorm2d(512, eps=1e-05, momentum=0.1, affine=True, track_running_stats=True)
            (conv2): Conv2d(512, 512, kernel_size=(3, 3), stride=(1, 1), padding=(1, 1), bias=False)
            (bn2): BatchNorm2d(512, eps=1e-05, momentum=0.1, affine=True, track_running_stats=True)
            (shortcut): Sequential()
          )
        )
        (avgpool): AdaptiveAvgPool2d(output_size=(1, 1))
      )
      (cluster_head): ModuleList(
        (0): Linear(in_features=512, out_features=16, bias=True)
      )
    )
    (symbol_embeding): Embedding(16, 128)
    (aux_embeding): Embedding(3, 128)
    (rnn): GRU(128, 128, num_layers=9, dropout=0.5, bidirectional=True)
  )
  (decoder): Decoder(
    (embedding): Embedding(13, 128)
    (rnn): GRU(128, 256, dropout=0.5)
    (fc_out): Linear(in_features=256, out_features=13, bias=True)
    (dropout): Dropout(p=0.5, inplace=False)
  )
)
Curriculum: [(0, 1), (1, 3), (20, 7), (40, 11), (60, 15), (80, inf)]
------------------------------
Epoch 0/199 (max_len=1, data=1000)
Train acc: 1.27, loss: 1.906 
Epoch time: 0m 2s
------------------------------
Epoch 1/199 (max_len=3, data=2170)
Train acc: 12.65, loss: 1.400 
Epoch time: 0m 4s
------------------------------
Epoch 2/199 (max_len=3, data=2170)
Train acc: 16.18, loss: 0.985 
Epoch time: 0m 4s
------------------------------
Epoch 3/199 (max_len=3, data=2170)
Train acc: 16.23, loss: 0.965 
Epoch time: 0m 4s
------------------------------
Epoch 4/199 (max_len=3, data=2170)
Train acc: 16.20, loss: 0.956 
result accuracy by length:
1 ( 2%) 10.00
3 ( 2%) 21.00
5 ( 2%) 16.28
7 ( 4%) 19.21
9 ( 4%) 22.11
11 ( 3%) 23.86
13 ( 4%) 17.13
15 ( 4%) 19.80
17 ( 4%) 18.93
19 ( 4%) 23.04
21 ( 4%) 22.73
23 ( 4%) 25.37
25 ( 4%) 17.00
27 ( 4%) 30.05
29 ( 3%) 27.75
31 ( 3%) 22.62
33 ( 2%) 16.43
35 ( 2%) 21.92
37 ( 2%) 23.93
39 ( 3%) 17.76
41 ( 3%) 24.16
43 ( 2%) 20.29
45 ( 2%) 18.75
47 ( 2%) 25.76
49 ( 2%) 23.24
51 ( 2%) 24.24
53 ( 2%) 22.39
55 ( 2%) 15.97
57 ( 2%) 21.68
59 ( 2%) 16.82
61 ( 1%) 25.00
63 ( 0%) 28.57
65 ( 0%) 33.33
67 ( 0%) 33.33
result accuracy by symbol:
( (91%) 21.81
) (91%) 21.81
* (87%) 21.11
+ (84%) 20.17
- (77%) 26.06
/ (76%) 22.16
0 (52%) 26.88
1 (60%) 22.72
2 (61%) 22.33
3 (62%) 21.51
4 (61%) 21.56
5 (62%) 20.77
6 (62%) 21.46
7 (63%) 21.21
8 (64%) 20.48
9 (63%) 20.15
result accuracy by digit:
0 ( 0%) 100.00
1 ( 0%)  0.00
2 ( 0%)  0.00
3 ( 0%)  0.00
4 ( 0%)  0.00
5 ( 0%)  0.00
6 ( 0%)  0.00
7 ( 0%)  0.00
8 ( 0%)  0.00
9 ( 0%)  0.00
result accuracy by result:
0 (21%) 100.00
1 (10%)  0.00
2 ( 4%)  0.00
3 ( 2%)  0.00
4 ( 2%)  0.00
5 ( 2%)  0.00
6 ( 2%)  0.00
7 ( 2%)  0.00
8 ( 2%)  0.00
9 ( 1%)  0.00
result accuracy by generalization:
1 (22.45%) 29.73
2 (22.96%) 34.13
3 (22.53%)  0.00
4 (15.82%) 43.74
5 (16.24%)  0.00
error cases:
7 [-1] 7 0
7 [-1] 7 0
7 [-1] 7 0
7 [-1] 7 0
7 [-1] 7 0
7 [-1] 7 0
7 [-1] 7 0
7 [-1] 7 0
7 [-1] 7 0
7 [-1] 7 0
val (Perception Acc=0.00, Head Acc=0.00, Result Acc=21.43)
Epoch time: 0m 18s
------------------------------
Epoch 5/199 (max_len=3, data=2170)
Train acc: 16.27, loss: 0.952 
Epoch time: 0m 4s
------------------------------
Epoch 6/199 (max_len=3, data=2170)
Train acc: 16.22, loss: 0.951 
Epoch time: 0m 4s
------------------------------
Epoch 7/199 (max_len=3, data=2170)
Train acc: 16.22, loss: 0.949 
Epoch time: 0m 4s
------------------------------
Epoch 8/199 (max_len=3, data=2170)
Train acc: 15.80, loss: 0.946 
Epoch time: 0m 4s
------------------------------
Epoch 9/199 (max_len=3, data=2170)
Train acc: 16.23, loss: 0.945 
result accuracy by length:
1 ( 2%) 10.00
3 ( 2%) 21.00
5 ( 2%) 16.28
7 ( 4%) 19.21
9 ( 4%) 22.11
11 ( 3%) 23.86
13 ( 4%) 17.13
15 ( 4%) 19.80
17 ( 4%) 18.93
19 ( 4%) 23.04
21 ( 4%) 22.73
23 ( 4%) 25.37
25 ( 4%) 17.00
27 ( 4%) 30.05
29 ( 3%) 27.75
31 ( 3%) 22.62
33 ( 2%) 16.43
35 ( 2%) 21.92
37 ( 2%) 23.93
39 ( 3%) 17.76
41 ( 3%) 24.16
43 ( 2%) 20.29
45 ( 2%) 18.75
47 ( 2%) 25.76
49 ( 2%) 23.24
51 ( 2%) 24.24
53 ( 2%) 22.39
55 ( 2%) 15.97
57 ( 2%) 21.68
59 ( 2%) 16.82
61 ( 1%) 25.00
63 ( 0%) 28.57
65 ( 0%) 33.33
67 ( 0%) 33.33
result accuracy by symbol:
( (91%) 21.81
) (91%) 21.81
* (87%) 21.11
+ (84%) 20.17
- (77%) 26.06
/ (76%) 22.16
0 (52%) 26.88
1 (60%) 22.72
2 (61%) 22.33
3 (62%) 21.51
4 (61%) 21.56
5 (62%) 20.77
6 (62%) 21.46
7 (63%) 21.21
8 (64%) 20.48
9 (63%) 20.15
result accuracy by digit:
0 ( 0%) 100.00
1 ( 0%)  0.00
2 ( 0%)  0.00
3 ( 0%)  0.00
4 ( 0%)  0.00
5 ( 0%)  0.00
6 ( 0%)  0.00
7 ( 0%)  0.00
8 ( 0%)  0.00
9 ( 0%)  0.00
result accuracy by result:
0 (21%) 100.00
1 (10%)  0.00
2 ( 4%)  0.00
3 ( 2%)  0.00
4 ( 2%)  0.00
5 ( 2%)  0.00
6 ( 2%)  0.00
7 ( 2%)  0.00
8 ( 2%)  0.00
9 ( 1%)  0.00
result accuracy by generalization:
1 (22.45%) 29.73
2 (22.96%) 34.13
3 (22.53%)  0.00
4 (15.82%) 43.74
5 (16.24%)  0.00
error cases:
7 [-1] 7 0
7 [-1] 7 0
7 [-1] 7 0
7 [-1] 7 0
7 [-1] 7 0
7 [-1] 7 0
7 [-1] 7 0
7 [-1] 7 0
7 [-1] 7 0
7 [-1] 7 0
val (Perception Acc=0.00, Head Acc=0.00, Result Acc=21.43)
Epoch time: 0m 18s
------------------------------
Epoch 10/199 (max_len=3, data=2170)
Train acc: 16.26, loss: 0.946 
Epoch time: 0m 4s
------------------------------
Epoch 11/199 (max_len=3, data=2170)
Train acc: 16.25, loss: 0.943 
Epoch time: 0m 4s
------------------------------
Epoch 12/199 (max_len=3, data=2170)
Train acc: 16.22, loss: 0.944 
Epoch time: 0m 4s
------------------------------
Epoch 13/199 (max_len=3, data=2170)
Train acc: 16.21, loss: 0.941 
Epoch time: 0m 4s
------------------------------
Epoch 14/199 (max_len=3, data=2170)
Train acc: 16.27, loss: 0.942 
result accuracy by length:
1 ( 2%) 10.00
3 ( 2%) 21.00
5 ( 2%) 16.28
7 ( 4%) 19.21
9 ( 4%) 22.11
11 ( 3%) 23.86
13 ( 4%) 17.13
15 ( 4%) 19.80
17 ( 4%) 18.93
19 ( 4%) 23.04
21 ( 4%) 22.73
23 ( 4%) 25.37
25 ( 4%) 17.00
27 ( 4%) 30.05
29 ( 3%) 27.75
31 ( 3%) 22.62
33 ( 2%) 16.43
35 ( 2%) 21.92
37 ( 2%) 23.93
39 ( 3%) 17.76
41 ( 3%) 24.16
43 ( 2%) 20.29
45 ( 2%) 18.75
47 ( 2%) 25.76
49 ( 2%) 23.24
51 ( 2%) 24.24
53 ( 2%) 22.39
55 ( 2%) 15.97
57 ( 2%) 21.68
59 ( 2%) 16.82
61 ( 1%) 25.00
63 ( 0%) 28.57
65 ( 0%) 33.33
67 ( 0%) 33.33
result accuracy by symbol:
( (91%) 21.81
) (91%) 21.81
* (87%) 21.11
+ (84%) 20.17
- (77%) 26.06
/ (76%) 22.16
0 (52%) 26.88
1 (60%) 22.72
2 (61%) 22.33
3 (62%) 21.51
4 (61%) 21.56
5 (62%) 20.77
6 (62%) 21.46
7 (63%) 21.21
8 (64%) 20.48
9 (63%) 20.15
result accuracy by digit:
0 ( 0%) 100.00
1 ( 0%)  0.00
2 ( 0%)  0.00
3 ( 0%)  0.00
4 ( 0%)  0.00
5 ( 0%)  0.00
6 ( 0%)  0.00
7 ( 0%)  0.00
8 ( 0%)  0.00
9 ( 0%)  0.00
result accuracy by result:
0 (21%) 100.00
1 (10%)  0.00
2 ( 4%)  0.00
3 ( 2%)  0.00
4 ( 2%)  0.00
5 ( 2%)  0.00
6 ( 2%)  0.00
7 ( 2%)  0.00
8 ( 2%)  0.00
9 ( 1%)  0.00
result accuracy by generalization:
1 (22.45%) 29.73
2 (22.96%) 34.13
3 (22.53%)  0.00
4 (15.82%) 43.74
5 (16.24%)  0.00
error cases:
7 [-1] 7 0
7 [-1] 7 0
7 [-1] 7 0
7 [-1] 7 0
7 [-1] 7 0
7 [-1] 7 0
7 [-1] 7 0
7 [-1] 7 0
7 [-1] 7 0
7 [-1] 7 0
val (Perception Acc=0.00, Head Acc=0.00, Result Acc=21.43)
Epoch time: 0m 18s
------------------------------
Epoch 15/199 (max_len=3, data=2170)
Train acc: 16.23, loss: 0.940 
Epoch time: 0m 4s
------------------------------
Epoch 16/199 (max_len=3, data=2170)
Train acc: 16.29, loss: 0.940 
Epoch time: 0m 4s
------------------------------
Epoch 17/199 (max_len=3, data=2170)
Train acc: 15.54, loss: 0.939 
Epoch time: 0m 4s
------------------------------
Epoch 18/199 (max_len=3, data=2170)
Train acc: 16.21, loss: 0.939 
Epoch time: 0m 4s
------------------------------
Epoch 19/199 (max_len=3, data=2170)
Train acc: 16.20, loss: 0.938 
result accuracy by length:
1 ( 2%) 10.00
3 ( 2%) 21.00
5 ( 2%) 16.28
7 ( 4%) 19.21
9 ( 4%) 22.11
11 ( 3%) 23.86
13 ( 4%) 17.13
15 ( 4%) 19.80
17 ( 4%) 18.93
19 ( 4%) 23.04
21 ( 4%) 22.73
23 ( 4%) 25.37
25 ( 4%) 17.00
27 ( 4%) 30.05
29 ( 3%) 27.75
31 ( 3%) 22.62
33 ( 2%) 16.43
35 ( 2%) 21.92
37 ( 2%) 23.93
39 ( 3%) 17.76
41 ( 3%) 24.16
43 ( 2%) 20.29
45 ( 2%) 18.75
47 ( 2%) 25.76
49 ( 2%) 23.24
51 ( 2%) 24.24
53 ( 2%) 22.39
55 ( 2%) 15.97
57 ( 2%) 21.68
59 ( 2%) 16.82
61 ( 1%) 25.00
63 ( 0%) 28.57
65 ( 0%) 33.33
67 ( 0%) 33.33
result accuracy by symbol:
( (91%) 21.81
) (91%) 21.81
* (87%) 21.11
+ (84%) 20.17
- (77%) 26.06
/ (76%) 22.16
0 (52%) 26.88
1 (60%) 22.72
2 (61%) 22.33
3 (62%) 21.51
4 (61%) 21.56
5 (62%) 20.77
6 (62%) 21.46
7 (63%) 21.21
8 (64%) 20.48
9 (63%) 20.15
result accuracy by digit:
0 ( 0%) 100.00
1 ( 0%)  0.00
2 ( 0%)  0.00
3 ( 0%)  0.00
4 ( 0%)  0.00
5 ( 0%)  0.00
6 ( 0%)  0.00
7 ( 0%)  0.00
8 ( 0%)  0.00
9 ( 0%)  0.00
result accuracy by result:
0 (21%) 100.00
1 (10%)  0.00
2 ( 4%)  0.00
3 ( 2%)  0.00
4 ( 2%)  0.00
5 ( 2%)  0.00
6 ( 2%)  0.00
7 ( 2%)  0.00
8 ( 2%)  0.00
9 ( 1%)  0.00
result accuracy by generalization:
1 (22.45%) 29.73
2 (22.96%) 34.13
3 (22.53%)  0.00
4 (15.82%) 43.74
5 (16.24%)  0.00
error cases:
7 [-1] 7 0
7 [-1] 7 0
7 [-1] 7 0
7 [-1] 7 0
7 [-1] 7 0
7 [-1] 7 0
7 [-1] 7 0
7 [-1] 7 0
7 [-1] 7 0
7 [-1] 7 0
val (Perception Acc=0.00, Head Acc=0.00, Result Acc=21.43)
Epoch time: 0m 18s
------------------------------
Epoch 20/199 (max_len=7, data=3387)
Train acc: 19.99, loss: 0.991 
Epoch time: 0m 8s
------------------------------
Epoch 21/199 (max_len=7, data=3387)
Train acc: 20.00, loss: 0.989 
Epoch time: 0m 8s
------------------------------
Epoch 22/199 (max_len=7, data=3387)
Train acc: 19.99, loss: 0.989 
Epoch time: 0m 8s
------------------------------
Epoch 23/199 (max_len=7, data=3387)
Train acc: 20.00, loss: 0.988 
Epoch time: 0m 8s
------------------------------
Epoch 24/199 (max_len=7, data=3387)
Train acc: 19.98, loss: 0.987 
result accuracy by length:
1 ( 2%) 10.00
3 ( 2%) 21.00
5 ( 2%) 16.28
7 ( 4%) 19.21
9 ( 4%) 22.11
11 ( 3%) 23.86
13 ( 4%) 17.13
15 ( 4%) 19.80
17 ( 4%) 18.93
19 ( 4%) 23.04
21 ( 4%) 22.73
23 ( 4%) 25.37
25 ( 4%) 17.00
27 ( 4%) 30.05
29 ( 3%) 27.75
31 ( 3%) 22.62
33 ( 2%) 16.43
35 ( 2%) 21.92
37 ( 2%) 23.93
39 ( 3%) 17.76
41 ( 3%) 24.16
43 ( 2%) 20.29
45 ( 2%) 18.75
47 ( 2%) 25.76
49 ( 2%) 23.24
51 ( 2%) 24.24
53 ( 2%) 22.39
55 ( 2%) 15.97
57 ( 2%) 21.68
59 ( 2%) 16.82
61 ( 1%) 25.00
63 ( 0%) 28.57
65 ( 0%) 33.33
67 ( 0%) 33.33
result accuracy by symbol:
( (91%) 21.81
) (91%) 21.81
* (87%) 21.11
+ (84%) 20.17
- (77%) 26.06
/ (76%) 22.16
0 (52%) 26.88
1 (60%) 22.72
2 (61%) 22.33
3 (62%) 21.51
4 (61%) 21.56
5 (62%) 20.77
6 (62%) 21.46
7 (63%) 21.21
8 (64%) 20.48
9 (63%) 20.15
result accuracy by digit:
0 ( 0%) 100.00
1 ( 0%)  0.00
2 ( 0%)  0.00
3 ( 0%)  0.00
4 ( 0%)  0.00
5 ( 0%)  0.00
6 ( 0%)  0.00
7 ( 0%)  0.00
8 ( 0%)  0.00
9 ( 0%)  0.00
result accuracy by result:
0 (21%) 100.00
1 (10%)  0.00
2 ( 4%)  0.00
3 ( 2%)  0.00
4 ( 2%)  0.00
5 ( 2%)  0.00
6 ( 2%)  0.00
7 ( 2%)  0.00
8 ( 2%)  0.00
9 ( 1%)  0.00
result accuracy by generalization:
1 (22.45%) 29.73
2 (22.96%) 34.13
3 (22.53%)  0.00
4 (15.82%) 43.74
5 (16.24%)  0.00
error cases:
7 [-1] 7 0
7 [-1] 7 0
7 [-1] 7 0
7 [-1] 7 0
7 [-1] 7 0
7 [-1] 7 0
7 [-1] 7 0
7 [-1] 7 0
7 [-1] 7 0
7 [-1] 7 0
val (Perception Acc=0.00, Head Acc=0.00, Result Acc=21.43)
Epoch time: 0m 22s
------------------------------
Epoch 25/199 (max_len=7, data=3387)
Train acc: 19.99, loss: 0.988 
Epoch time: 0m 8s
------------------------------
Epoch 26/199 (max_len=7, data=3387)
Train acc: 19.99, loss: 0.988 
Epoch time: 0m 8s
------------------------------
Epoch 27/199 (max_len=7, data=3387)
Train acc: 19.98, loss: 0.986 
Epoch time: 0m 8s
------------------------------
Epoch 28/199 (max_len=7, data=3387)
Train acc: 20.00, loss: 0.985 
Epoch time: 0m 8s
------------------------------
Epoch 29/199 (max_len=7, data=3387)
Train acc: 19.99, loss: 0.986 
result accuracy by length:
1 ( 2%) 10.00
3 ( 2%) 21.00
5 ( 2%) 16.28
7 ( 4%) 19.21
9 ( 4%) 22.11
11 ( 3%) 23.86
13 ( 4%) 17.13
15 ( 4%) 19.80
17 ( 4%) 18.93
19 ( 4%) 23.04
21 ( 4%) 22.73
23 ( 4%) 25.37
25 ( 4%) 17.00
27 ( 4%) 30.05
29 ( 3%) 27.75
31 ( 3%) 22.62
33 ( 2%) 16.43
35 ( 2%) 21.92
37 ( 2%) 23.93
39 ( 3%) 17.76
41 ( 3%) 24.16
43 ( 2%) 20.29
45 ( 2%) 18.75
47 ( 2%) 25.76
49 ( 2%) 23.24
51 ( 2%) 24.24
53 ( 2%) 22.39
55 ( 2%) 15.97
57 ( 2%) 21.68
59 ( 2%) 16.82
61 ( 1%) 25.00
63 ( 0%) 28.57
65 ( 0%) 33.33
67 ( 0%) 33.33
result accuracy by symbol:
( (91%) 21.81
) (91%) 21.81
* (87%) 21.11
+ (84%) 20.17
- (77%) 26.06
/ (76%) 22.16
0 (52%) 26.88
1 (60%) 22.72
2 (61%) 22.33
3 (62%) 21.51
4 (61%) 21.56
5 (62%) 20.77
6 (62%) 21.46
7 (63%) 21.21
8 (64%) 20.48
9 (63%) 20.15
result accuracy by digit:
0 ( 0%) 100.00
1 ( 0%)  0.00
2 ( 0%)  0.00
3 ( 0%)  0.00
4 ( 0%)  0.00
5 ( 0%)  0.00
6 ( 0%)  0.00
7 ( 0%)  0.00
8 ( 0%)  0.00
9 ( 0%)  0.00
result accuracy by result:
0 (21%) 100.00
1 (10%)  0.00
2 ( 4%)  0.00
3 ( 2%)  0.00
4 ( 2%)  0.00
5 ( 2%)  0.00
6 ( 2%)  0.00
7 ( 2%)  0.00
8 ( 2%)  0.00
9 ( 1%)  0.00
result accuracy by generalization:
1 (22.45%) 29.73
2 (22.96%) 34.13
3 (22.53%)  0.00
4 (15.82%) 43.74
5 (16.24%)  0.00
error cases:
7 [-1] 7 0
7 [-1] 7 0
7 [-1] 7 0
7 [-1] 7 0
7 [-1] 7 0
7 [-1] 7 0
7 [-1] 7 0
7 [-1] 7 0
7 [-1] 7 0
7 [-1] 7 0
val (Perception Acc=0.00, Head Acc=0.00, Result Acc=21.43)
Epoch time: 0m 22s
------------------------------
Epoch 30/199 (max_len=7, data=3387)
Train acc: 19.98, loss: 0.987 
Epoch time: 0m 8s
------------------------------
Epoch 31/199 (max_len=7, data=3387)
Train acc: 20.00, loss: 0.986 
Epoch time: 0m 8s
------------------------------
Epoch 32/199 (max_len=7, data=3387)
Train acc: 19.99, loss: 0.985 
Epoch time: 0m 8s
------------------------------
Epoch 33/199 (max_len=7, data=3387)
Train acc: 19.98, loss: 0.985 
Epoch time: 0m 8s
------------------------------
Epoch 34/199 (max_len=7, data=3387)
Train acc: 19.98, loss: 0.988 
result accuracy by length:
1 ( 2%) 10.00
3 ( 2%) 21.00
5 ( 2%) 16.28
7 ( 4%) 19.21
9 ( 4%) 22.11
11 ( 3%) 23.86
13 ( 4%) 17.13
15 ( 4%) 19.80
17 ( 4%) 18.93
19 ( 4%) 23.04
21 ( 4%) 22.73
23 ( 4%) 25.37
25 ( 4%) 17.00
27 ( 4%) 30.05
29 ( 3%) 27.75
31 ( 3%) 22.62
33 ( 2%) 16.43
35 ( 2%) 21.92
37 ( 2%) 23.93
39 ( 3%) 17.76
41 ( 3%) 24.16
43 ( 2%) 20.29
45 ( 2%) 18.75
47 ( 2%) 25.76
49 ( 2%) 23.24
51 ( 2%) 24.24
53 ( 2%) 22.39
55 ( 2%) 15.97
57 ( 2%) 21.68
59 ( 2%) 16.82
61 ( 1%) 25.00
63 ( 0%) 28.57
65 ( 0%) 33.33
67 ( 0%) 33.33
result accuracy by symbol:
( (91%) 21.81
) (91%) 21.81
* (87%) 21.11
+ (84%) 20.17
- (77%) 26.06
/ (76%) 22.16
0 (52%) 26.88
1 (60%) 22.72
2 (61%) 22.33
3 (62%) 21.51
4 (61%) 21.56
5 (62%) 20.77
6 (62%) 21.46
7 (63%) 21.21
8 (64%) 20.48
9 (63%) 20.15
result accuracy by digit:
0 ( 0%) 100.00
1 ( 0%)  0.00
2 ( 0%)  0.00
3 ( 0%)  0.00
4 ( 0%)  0.00
5 ( 0%)  0.00
6 ( 0%)  0.00
7 ( 0%)  0.00
8 ( 0%)  0.00
9 ( 0%)  0.00
result accuracy by result:
0 (21%) 100.00
1 (10%)  0.00
2 ( 4%)  0.00
3 ( 2%)  0.00
4 ( 2%)  0.00
5 ( 2%)  0.00
6 ( 2%)  0.00
7 ( 2%)  0.00
8 ( 2%)  0.00
9 ( 1%)  0.00
result accuracy by generalization:
1 (22.45%) 29.73
2 (22.96%) 34.13
3 (22.53%)  0.00
4 (15.82%) 43.74
5 (16.24%)  0.00
error cases:
7 [-1] 7 0
7 [-1] 7 0
7 [-1] 7 0
7 [-1] 7 0
7 [-1] 7 0
7 [-1] 7 0
7 [-1] 7 0
7 [-1] 7 0
7 [-1] 7 0
7 [-1] 7 0
val (Perception Acc=0.00, Head Acc=0.00, Result Acc=21.43)
Epoch time: 0m 22s
------------------------------
Epoch 35/199 (max_len=7, data=3387)
Train acc: 19.99, loss: 0.986 
Epoch time: 0m 8s
------------------------------
Epoch 36/199 (max_len=7, data=3387)
Train acc: 20.00, loss: 0.988 
Epoch time: 0m 8s
------------------------------
Epoch 37/199 (max_len=7, data=3387)
Train acc: 19.99, loss: 0.985 
Epoch time: 0m 8s
------------------------------
Epoch 38/199 (max_len=7, data=3387)
Train acc: 19.84, loss: 0.986 
Epoch time: 0m 8s
------------------------------
Epoch 39/199 (max_len=7, data=3387)
Train acc: 19.98, loss: 0.987 
result accuracy by length:
1 ( 2%) 10.00
3 ( 2%) 21.00
5 ( 2%) 16.28
7 ( 4%) 19.21
9 ( 4%) 22.11
11 ( 3%) 23.86
13 ( 4%) 17.13
15 ( 4%) 19.80
17 ( 4%) 18.93
19 ( 4%) 23.04
21 ( 4%) 22.73
23 ( 4%) 25.37
25 ( 4%) 17.00
27 ( 4%) 30.05
29 ( 3%) 27.75
31 ( 3%) 22.62
33 ( 2%) 16.43
35 ( 2%) 21.92
37 ( 2%) 23.93
39 ( 3%) 17.76
41 ( 3%) 24.16
43 ( 2%) 20.29
45 ( 2%) 18.75
47 ( 2%) 25.76
49 ( 2%) 23.24
51 ( 2%) 24.24
53 ( 2%) 22.39
55 ( 2%) 15.97
57 ( 2%) 21.68
59 ( 2%) 16.82
61 ( 1%) 25.00
63 ( 0%) 28.57
65 ( 0%) 33.33
67 ( 0%) 33.33
result accuracy by symbol:
( (91%) 21.81
) (91%) 21.81
* (87%) 21.11
+ (84%) 20.17
- (77%) 26.06
/ (76%) 22.16
0 (52%) 26.88
1 (60%) 22.72
2 (61%) 22.33
3 (62%) 21.51
4 (61%) 21.56
5 (62%) 20.77
6 (62%) 21.46
7 (63%) 21.21
8 (64%) 20.48
9 (63%) 20.15
result accuracy by digit:
0 ( 0%) 100.00
1 ( 0%)  0.00
2 ( 0%)  0.00
3 ( 0%)  0.00
4 ( 0%)  0.00
5 ( 0%)  0.00
6 ( 0%)  0.00
7 ( 0%)  0.00
8 ( 0%)  0.00
9 ( 0%)  0.00
result accuracy by result:
0 (21%) 100.00
1 (10%)  0.00
2 ( 4%)  0.00
3 ( 2%)  0.00
4 ( 2%)  0.00
5 ( 2%)  0.00
6 ( 2%)  0.00
7 ( 2%)  0.00
8 ( 2%)  0.00
9 ( 1%)  0.00
result accuracy by generalization:
1 (22.45%) 29.73
2 (22.96%) 34.13
3 (22.53%)  0.00
4 (15.82%) 43.74
5 (16.24%)  0.00
error cases:
7 [-1] 7 0
7 [-1] 7 0
7 [-1] 7 0
7 [-1] 7 0
7 [-1] 7 0
7 [-1] 7 0
7 [-1] 7 0
7 [-1] 7 0
7 [-1] 7 0
7 [-1] 7 0
val (Perception Acc=0.00, Head Acc=0.00, Result Acc=21.43)
Epoch time: 0m 22s
------------------------------
Epoch 40/199 (max_len=11, data=4683)
Train acc: 21.99, loss: 1.005 
Epoch time: 0m 15s
------------------------------
Epoch 41/199 (max_len=11, data=4683)
Train acc: 21.99, loss: 0.998 
Epoch time: 0m 15s
------------------------------
Epoch 42/199 (max_len=11, data=4683)
Train acc: 21.79, loss: 1.000 
Epoch time: 0m 15s
------------------------------
Epoch 43/199 (max_len=11, data=4683)
Train acc: 21.79, loss: 1.003 
Epoch time: 0m 15s
------------------------------
Epoch 44/199 (max_len=11, data=4683)
Train acc: 21.79, loss: 1.002 
result accuracy by length:
1 ( 2%) 10.00
3 ( 2%) 21.00
5 ( 2%) 16.28
7 ( 4%) 19.21
9 ( 4%) 22.11
11 ( 3%) 23.86
13 ( 4%) 17.13
15 ( 4%) 19.80
17 ( 4%) 18.93
19 ( 4%) 23.04
21 ( 4%) 22.73
23 ( 4%) 25.37
25 ( 4%) 17.00
27 ( 4%) 30.05
29 ( 3%) 27.75
31 ( 3%) 22.62
33 ( 2%) 16.43
35 ( 2%) 21.92
37 ( 2%) 23.93
39 ( 3%) 17.76
41 ( 3%) 24.16
43 ( 2%) 20.29
45 ( 2%) 18.75
47 ( 2%) 25.76
49 ( 2%) 23.24
51 ( 2%) 24.24
53 ( 2%) 22.39
55 ( 2%) 15.97
57 ( 2%) 21.68
59 ( 2%) 16.82
61 ( 1%) 25.00
63 ( 0%) 28.57
65 ( 0%) 33.33
67 ( 0%) 33.33
result accuracy by symbol:
( (91%) 21.81
) (91%) 21.81
* (87%) 21.11
+ (84%) 20.17
- (77%) 26.06
/ (76%) 22.16
0 (52%) 26.88
1 (60%) 22.72
2 (61%) 22.33
3 (62%) 21.51
4 (61%) 21.56
5 (62%) 20.77
6 (62%) 21.46
7 (63%) 21.21
8 (64%) 20.48
9 (63%) 20.15
result accuracy by digit:
0 ( 0%) 100.00
1 ( 0%)  0.00
2 ( 0%)  0.00
3 ( 0%)  0.00
4 ( 0%)  0.00
5 ( 0%)  0.00
6 ( 0%)  0.00
7 ( 0%)  0.00
8 ( 0%)  0.00
9 ( 0%)  0.00
result accuracy by result:
0 (21%) 100.00
1 (10%)  0.00
2 ( 4%)  0.00
3 ( 2%)  0.00
4 ( 2%)  0.00
5 ( 2%)  0.00
6 ( 2%)  0.00
7 ( 2%)  0.00
8 ( 2%)  0.00
9 ( 1%)  0.00
result accuracy by generalization:
1 (22.45%) 29.73
2 (22.96%) 34.13
3 (22.53%)  0.00
4 (15.82%) 43.74
5 (16.24%)  0.00
error cases:
7 [-1] 7 0
7 [-1] 7 0
7 [-1] 7 0
7 [-1] 7 0
7 [-1] 7 0
7 [-1] 7 0
7 [-1] 7 0
7 [-1] 7 0
7 [-1] 7 0
7 [-1] 7 0
val (Perception Acc=0.00, Head Acc=0.00, Result Acc=21.43)
Epoch time: 0m 29s
------------------------------
Epoch 45/199 (max_len=11, data=4683)
Train acc: 21.89, loss: 0.999 
Epoch time: 0m 15s
------------------------------
Epoch 46/199 (max_len=11, data=4683)
Train acc: 21.89, loss: 1.000 
Epoch time: 0m 15s
------------------------------
Epoch 47/199 (max_len=11, data=4683)
Train acc: 22.19, loss: 0.997 
Epoch time: 0m 15s
------------------------------
Epoch 48/199 (max_len=11, data=4683)
Train acc: 21.99, loss: 0.998 
Epoch time: 0m 15s
------------------------------
Epoch 49/199 (max_len=11, data=4683)
Train acc: 22.40, loss: 0.997 
result accuracy by length:
1 ( 2%) 10.00
3 ( 2%) 21.00
5 ( 2%) 16.28
7 ( 4%) 19.21
9 ( 4%) 22.11
11 ( 3%) 23.86
13 ( 4%) 17.13
15 ( 4%) 19.80
17 ( 4%) 18.93
19 ( 4%) 23.04
21 ( 4%) 22.73
23 ( 4%) 25.37
25 ( 4%) 17.00
27 ( 4%) 30.05
29 ( 3%) 27.75
31 ( 3%) 22.62
33 ( 2%) 16.43
35 ( 2%) 21.92
37 ( 2%) 23.93
39 ( 3%) 17.76
41 ( 3%) 24.16
43 ( 2%) 20.29
45 ( 2%) 18.75
47 ( 2%) 25.76
49 ( 2%) 23.24
51 ( 2%) 24.24
53 ( 2%) 22.39
55 ( 2%) 15.97
57 ( 2%) 21.68
59 ( 2%) 16.82
61 ( 1%) 25.00
63 ( 0%) 28.57
65 ( 0%) 33.33
67 ( 0%) 33.33
result accuracy by symbol:
( (91%) 21.81
) (91%) 21.81
* (87%) 21.11
+ (84%) 20.17
- (77%) 26.06
/ (76%) 22.16
0 (52%) 26.88
1 (60%) 22.72
2 (61%) 22.33
3 (62%) 21.51
4 (61%) 21.56
5 (62%) 20.77
6 (62%) 21.46
7 (63%) 21.21
8 (64%) 20.48
9 (63%) 20.15
result accuracy by digit:
0 ( 0%) 100.00
1 ( 0%)  0.00
2 ( 0%)  0.00
3 ( 0%)  0.00
4 ( 0%)  0.00
5 ( 0%)  0.00
6 ( 0%)  0.00
7 ( 0%)  0.00
8 ( 0%)  0.00
9 ( 0%)  0.00
result accuracy by result:
0 (21%) 100.00
1 (10%)  0.00
2 ( 4%)  0.00
3 ( 2%)  0.00
4 ( 2%)  0.00
5 ( 2%)  0.00
6 ( 2%)  0.00
7 ( 2%)  0.00
8 ( 2%)  0.00
9 ( 1%)  0.00
result accuracy by generalization:
1 (22.45%) 29.73
2 (22.96%) 34.13
3 (22.53%)  0.00
4 (15.82%) 43.74
5 (16.24%)  0.00
error cases:
7 [-1] 7 0
7 [-1] 7 0
7 [-1] 7 0
7 [-1] 7 0
7 [-1] 7 0
7 [-1] 7 0
7 [-1] 7 0
7 [-1] 7 0
7 [-1] 7 0
7 [-1] 7 0
val (Perception Acc=0.00, Head Acc=0.00, Result Acc=21.43)
Epoch time: 0m 29s
------------------------------
Epoch 50/199 (max_len=11, data=4683)
Train acc: 22.09, loss: 0.997 
Epoch time: 0m 15s
------------------------------
Epoch 51/199 (max_len=11, data=4683)
Train acc: 21.35, loss: 1.002 
Epoch time: 0m 15s
------------------------------
Epoch 52/199 (max_len=11, data=4683)
Train acc: 21.99, loss: 1.001 
Epoch time: 0m 15s
------------------------------
Epoch 53/199 (max_len=11, data=4683)
Train acc: 22.09, loss: 0.997 
Epoch time: 0m 15s
------------------------------
Epoch 54/199 (max_len=11, data=4683)
Train acc: 21.79, loss: 0.999 
result accuracy by length:
1 ( 2%) 10.00
3 ( 2%) 21.00
5 ( 2%) 16.28
7 ( 4%) 19.21
9 ( 4%) 22.11
11 ( 3%) 23.86
13 ( 4%) 17.13
15 ( 4%) 19.80
17 ( 4%) 18.93
19 ( 4%) 23.04
21 ( 4%) 22.73
23 ( 4%) 25.37
25 ( 4%) 17.00
27 ( 4%) 30.05
29 ( 3%) 27.75
31 ( 3%) 22.62
33 ( 2%) 16.43
35 ( 2%) 21.92
37 ( 2%) 23.93
39 ( 3%) 17.76
41 ( 3%) 24.16
43 ( 2%) 20.29
45 ( 2%) 18.75
47 ( 2%) 25.76
49 ( 2%) 23.24
51 ( 2%) 24.24
53 ( 2%) 22.39
55 ( 2%) 15.97
57 ( 2%) 21.68
59 ( 2%) 16.82
61 ( 1%) 25.00
63 ( 0%) 28.57
65 ( 0%) 33.33
67 ( 0%) 33.33
result accuracy by symbol:
( (91%) 21.81
) (91%) 21.81
* (87%) 21.11
+ (84%) 20.17
- (77%) 26.06
/ (76%) 22.16
0 (52%) 26.88
1 (60%) 22.72
2 (61%) 22.33
3 (62%) 21.51
4 (61%) 21.56
5 (62%) 20.77
6 (62%) 21.46
7 (63%) 21.21
8 (64%) 20.48
9 (63%) 20.15
result accuracy by digit:
0 ( 0%) 100.00
1 ( 0%)  0.00
2 ( 0%)  0.00
3 ( 0%)  0.00
4 ( 0%)  0.00
5 ( 0%)  0.00
6 ( 0%)  0.00
7 ( 0%)  0.00
8 ( 0%)  0.00
9 ( 0%)  0.00
result accuracy by result:
0 (21%) 100.00
1 (10%)  0.00
2 ( 4%)  0.00
3 ( 2%)  0.00
4 ( 2%)  0.00
5 ( 2%)  0.00
6 ( 2%)  0.00
7 ( 2%)  0.00
8 ( 2%)  0.00
9 ( 1%)  0.00
result accuracy by generalization:
1 (22.45%) 29.73
2 (22.96%) 34.13
3 (22.53%)  0.00
4 (15.82%) 43.74
5 (16.24%)  0.00
error cases:
7 [-1] 7 0
7 [-1] 7 0
7 [-1] 7 0
7 [-1] 7 0
7 [-1] 7 0
7 [-1] 7 0
7 [-1] 7 0
7 [-1] 7 0
7 [-1] 7 0
7 [-1] 7 0
val (Perception Acc=0.00, Head Acc=0.00, Result Acc=21.43)
Epoch time: 0m 29s
------------------------------
Epoch 55/199 (max_len=11, data=4683)
Train acc: 21.89, loss: 1.002 
Epoch time: 0m 15s
------------------------------
Epoch 56/199 (max_len=11, data=4683)
Train acc: 22.09, loss: 0.997 
Epoch time: 0m 15s
------------------------------
Epoch 57/199 (max_len=11, data=4683)
Train acc: 21.99, loss: 1.001 
Epoch time: 0m 15s
------------------------------
Epoch 58/199 (max_len=11, data=4683)
Train acc: 21.79, loss: 1.001 
Epoch time: 0m 15s
------------------------------
Epoch 59/199 (max_len=11, data=4683)
Train acc: 21.89, loss: 1.001 
result accuracy by length:
1 ( 2%) 10.00
3 ( 2%) 21.00
5 ( 2%) 16.28
7 ( 4%) 19.21
9 ( 4%) 22.11
11 ( 3%) 23.86
13 ( 4%) 17.13
15 ( 4%) 19.80
17 ( 4%) 18.93
19 ( 4%) 23.04
21 ( 4%) 22.73
23 ( 4%) 25.37
25 ( 4%) 17.00
27 ( 4%) 30.05
29 ( 3%) 27.75
31 ( 3%) 22.62
33 ( 2%) 16.43
35 ( 2%) 21.92
37 ( 2%) 23.93
39 ( 3%) 17.76
41 ( 3%) 24.16
43 ( 2%) 20.29
45 ( 2%) 18.75
47 ( 2%) 25.76
49 ( 2%) 23.24
51 ( 2%) 24.24
53 ( 2%) 22.39
55 ( 2%) 15.97
57 ( 2%) 21.68
59 ( 2%) 16.82
61 ( 1%) 25.00
63 ( 0%) 28.57
65 ( 0%) 33.33
67 ( 0%) 33.33
result accuracy by symbol:
( (91%) 21.81
) (91%) 21.81
* (87%) 21.11
+ (84%) 20.17
- (77%) 26.06
/ (76%) 22.16
0 (52%) 26.88
1 (60%) 22.72
2 (61%) 22.33
3 (62%) 21.51
4 (61%) 21.56
5 (62%) 20.77
6 (62%) 21.46
7 (63%) 21.21
8 (64%) 20.48
9 (63%) 20.15
result accuracy by digit:
0 ( 0%) 100.00
1 ( 0%)  0.00
2 ( 0%)  0.00
3 ( 0%)  0.00
4 ( 0%)  0.00
5 ( 0%)  0.00
6 ( 0%)  0.00
7 ( 0%)  0.00
8 ( 0%)  0.00
9 ( 0%)  0.00
result accuracy by result:
0 (21%) 100.00
1 (10%)  0.00
2 ( 4%)  0.00
3 ( 2%)  0.00
4 ( 2%)  0.00
5 ( 2%)  0.00
6 ( 2%)  0.00
7 ( 2%)  0.00
8 ( 2%)  0.00
9 ( 1%)  0.00
result accuracy by generalization:
1 (22.45%) 29.73
2 (22.96%) 34.13
3 (22.53%)  0.00
4 (15.82%) 43.74
5 (16.24%)  0.00
error cases:
7 [-1] 7 0
7 [-1] 7 0
7 [-1] 7 0
7 [-1] 7 0
7 [-1] 7 0
7 [-1] 7 0
7 [-1] 7 0
7 [-1] 7 0
7 [-1] 7 0
7 [-1] 7 0
val (Perception Acc=0.00, Head Acc=0.00, Result Acc=21.43)
Epoch time: 0m 29s
------------------------------
Epoch 60/199 (max_len=15, data=6058)
Train acc: 24.37, loss: 1.000 
Epoch time: 0m 25s
------------------------------
Epoch 61/199 (max_len=15, data=6058)
Train acc: 24.35, loss: 1.000 
Epoch time: 0m 25s
------------------------------
Epoch 62/199 (max_len=15, data=6058)
Train acc: 24.37, loss: 0.997 
Epoch time: 0m 25s
------------------------------
Epoch 63/199 (max_len=15, data=6058)
Train acc: 24.35, loss: 0.999 
Epoch time: 0m 25s
------------------------------
Epoch 64/199 (max_len=15, data=6058)
Train acc: 24.34, loss: 0.998 
result accuracy by length:
1 ( 2%) 10.00
3 ( 2%) 21.00
5 ( 2%) 16.28
7 ( 4%) 19.21
9 ( 4%) 22.11
11 ( 3%) 23.86
13 ( 4%) 17.13
15 ( 4%) 19.80
17 ( 4%) 18.93
19 ( 4%) 23.04
21 ( 4%) 22.73
23 ( 4%) 25.37
25 ( 4%) 17.00
27 ( 4%) 30.05
29 ( 3%) 27.75
31 ( 3%) 22.62
33 ( 2%) 16.43
35 ( 2%) 21.92
37 ( 2%) 23.93
39 ( 3%) 17.76
41 ( 3%) 24.16
43 ( 2%) 20.29
45 ( 2%) 18.75
47 ( 2%) 25.76
49 ( 2%) 23.24
51 ( 2%) 24.24
53 ( 2%) 22.39
55 ( 2%) 15.97
57 ( 2%) 21.68
59 ( 2%) 16.82
61 ( 1%) 25.00
63 ( 0%) 28.57
65 ( 0%) 33.33
67 ( 0%) 33.33
result accuracy by symbol:
( (91%) 21.81
) (91%) 21.81
* (87%) 21.11
+ (84%) 20.17
- (77%) 26.06
/ (76%) 22.16
0 (52%) 26.88
1 (60%) 22.72
2 (61%) 22.33
3 (62%) 21.51
4 (61%) 21.56
5 (62%) 20.77
6 (62%) 21.46
7 (63%) 21.21
8 (64%) 20.48
9 (63%) 20.15
result accuracy by digit:
0 ( 0%) 100.00
1 ( 0%)  0.00
2 ( 0%)  0.00
3 ( 0%)  0.00
4 ( 0%)  0.00
5 ( 0%)  0.00
6 ( 0%)  0.00
7 ( 0%)  0.00
8 ( 0%)  0.00
9 ( 0%)  0.00
result accuracy by result:
0 (21%) 100.00
1 (10%)  0.00
2 ( 4%)  0.00
3 ( 2%)  0.00
4 ( 2%)  0.00
5 ( 2%)  0.00
6 ( 2%)  0.00
7 ( 2%)  0.00
8 ( 2%)  0.00
9 ( 1%)  0.00
result accuracy by generalization:
1 (22.45%) 29.73
2 (22.96%) 34.13
3 (22.53%)  0.00
4 (15.82%) 43.74
5 (16.24%)  0.00
error cases:
7 [-1] 7 0
7 [-1] 7 0
7 [-1] 7 0
7 [-1] 7 0
7 [-1] 7 0
7 [-1] 7 0
7 [-1] 7 0
7 [-1] 7 0
7 [-1] 7 0
7 [-1] 7 0
val (Perception Acc=0.00, Head Acc=0.00, Result Acc=21.43)
Epoch time: 0m 39s
------------------------------
Epoch 65/199 (max_len=15, data=6058)
Train acc: 24.35, loss: 0.998 
Epoch time: 0m 25s
------------------------------
Epoch 66/199 (max_len=15, data=6058)
Train acc: 24.38, loss: 0.997 
Epoch time: 0m 25s
------------------------------
Epoch 67/199 (max_len=15, data=6058)
Train acc: 24.38, loss: 0.998 
Epoch time: 0m 25s
------------------------------
Epoch 68/199 (max_len=15, data=6058)
Train acc: 24.35, loss: 0.997 
Epoch time: 0m 24s
------------------------------
Epoch 69/199 (max_len=15, data=6058)
Train acc: 24.35, loss: 0.998 
result accuracy by length:
1 ( 2%) 10.00
3 ( 2%) 21.00
5 ( 2%) 16.28
7 ( 4%) 19.21
9 ( 4%) 22.11
11 ( 3%) 23.86
13 ( 4%) 17.13
15 ( 4%) 19.80
17 ( 4%) 18.93
19 ( 4%) 23.04
21 ( 4%) 22.73
23 ( 4%) 25.37
25 ( 4%) 17.00
27 ( 4%) 30.05
29 ( 3%) 27.75
31 ( 3%) 22.62
33 ( 2%) 16.43
35 ( 2%) 21.92
37 ( 2%) 23.93
39 ( 3%) 17.76
41 ( 3%) 24.16
43 ( 2%) 20.29
45 ( 2%) 18.75
47 ( 2%) 25.76
49 ( 2%) 23.24
51 ( 2%) 24.24
53 ( 2%) 22.39
55 ( 2%) 15.97
57 ( 2%) 21.68
59 ( 2%) 16.82
61 ( 1%) 25.00
63 ( 0%) 28.57
65 ( 0%) 33.33
67 ( 0%) 33.33
result accuracy by symbol:
( (91%) 21.81
) (91%) 21.81
* (87%) 21.11
+ (84%) 20.17
- (77%) 26.06
/ (76%) 22.16
0 (52%) 26.88
1 (60%) 22.72
2 (61%) 22.33
3 (62%) 21.51
4 (61%) 21.56
5 (62%) 20.77
6 (62%) 21.46
7 (63%) 21.21
8 (64%) 20.48
9 (63%) 20.15
result accuracy by digit:
0 ( 0%) 100.00
1 ( 0%)  0.00
2 ( 0%)  0.00
3 ( 0%)  0.00
4 ( 0%)  0.00
5 ( 0%)  0.00
6 ( 0%)  0.00
7 ( 0%)  0.00
8 ( 0%)  0.00
9 ( 0%)  0.00
result accuracy by result:
0 (21%) 100.00
1 (10%)  0.00
2 ( 4%)  0.00
3 ( 2%)  0.00
4 ( 2%)  0.00
5 ( 2%)  0.00
6 ( 2%)  0.00
7 ( 2%)  0.00
8 ( 2%)  0.00
9 ( 1%)  0.00
result accuracy by generalization:
1 (22.45%) 29.73
2 (22.96%) 34.13
3 (22.53%)  0.00
4 (15.82%) 43.74
5 (16.24%)  0.00
error cases:
7 [-1] 7 0
7 [-1] 7 0
7 [-1] 7 0
7 [-1] 7 0
7 [-1] 7 0
7 [-1] 7 0
7 [-1] 7 0
7 [-1] 7 0
7 [-1] 7 0
7 [-1] 7 0
val (Perception Acc=0.00, Head Acc=0.00, Result Acc=21.43)
Epoch time: 0m 39s
------------------------------
Epoch 70/199 (max_len=15, data=6058)
Train acc: 24.35, loss: 0.998 
Epoch time: 0m 25s
------------------------------
Epoch 71/199 (max_len=15, data=6058)
Train acc: 24.35, loss: 0.998 
Epoch time: 0m 25s
------------------------------
Epoch 72/199 (max_len=15, data=6058)
Train acc: 24.36, loss: 0.997 
Epoch time: 0m 25s
------------------------------
Epoch 73/199 (max_len=15, data=6058)
Train acc: 24.35, loss: 0.997 
Epoch time: 0m 24s
------------------------------
Epoch 74/199 (max_len=15, data=6058)
Train acc: 24.35, loss: 0.998 
result accuracy by length:
1 ( 2%) 10.00
3 ( 2%) 21.00
5 ( 2%) 16.28
7 ( 4%) 19.21
9 ( 4%) 22.11
11 ( 3%) 23.86
13 ( 4%) 17.13
15 ( 4%) 19.80
17 ( 4%) 18.93
19 ( 4%) 23.04
21 ( 4%) 22.73
23 ( 4%) 25.37
25 ( 4%) 17.00
27 ( 4%) 30.05
29 ( 3%) 27.75
31 ( 3%) 22.62
33 ( 2%) 16.43
35 ( 2%) 21.92
37 ( 2%) 23.93
39 ( 3%) 17.76
41 ( 3%) 24.16
43 ( 2%) 20.29
45 ( 2%) 18.75
47 ( 2%) 25.76
49 ( 2%) 23.24
51 ( 2%) 24.24
53 ( 2%) 22.39
55 ( 2%) 15.97
57 ( 2%) 21.68
59 ( 2%) 16.82
61 ( 1%) 25.00
63 ( 0%) 28.57
65 ( 0%) 33.33
67 ( 0%) 33.33
result accuracy by symbol:
( (91%) 21.81
) (91%) 21.81
* (87%) 21.11
+ (84%) 20.17
- (77%) 26.06
/ (76%) 22.16
0 (52%) 26.88
1 (60%) 22.72
2 (61%) 22.33
3 (62%) 21.51
4 (61%) 21.56
5 (62%) 20.77
6 (62%) 21.46
7 (63%) 21.21
8 (64%) 20.48
9 (63%) 20.15
result accuracy by digit:
0 ( 0%) 100.00
1 ( 0%)  0.00
2 ( 0%)  0.00
3 ( 0%)  0.00
4 ( 0%)  0.00
5 ( 0%)  0.00
6 ( 0%)  0.00
7 ( 0%)  0.00
8 ( 0%)  0.00
9 ( 0%)  0.00
result accuracy by result:
0 (21%) 100.00
1 (10%)  0.00
2 ( 4%)  0.00
3 ( 2%)  0.00
4 ( 2%)  0.00
5 ( 2%)  0.00
6 ( 2%)  0.00
7 ( 2%)  0.00
8 ( 2%)  0.00
9 ( 1%)  0.00
result accuracy by generalization:
1 (22.45%) 29.73
2 (22.96%) 34.13
3 (22.53%)  0.00
4 (15.82%) 43.74
5 (16.24%)  0.00
error cases:
7 [-1] 7 0
7 [-1] 7 0
7 [-1] 7 0
7 [-1] 7 0
7 [-1] 7 0
7 [-1] 7 0
7 [-1] 7 0
7 [-1] 7 0
7 [-1] 7 0
7 [-1] 7 0
val (Perception Acc=0.00, Head Acc=0.00, Result Acc=21.43)
Epoch time: 0m 39s
------------------------------
Epoch 75/199 (max_len=15, data=6058)
Train acc: 24.37, loss: 0.998 
Epoch time: 0m 24s
------------------------------
Epoch 76/199 (max_len=15, data=6058)
Train acc: 24.32, loss: 0.999 
Epoch time: 0m 25s
------------------------------
Epoch 77/199 (max_len=15, data=6058)
Train acc: 24.41, loss: 0.998 
Epoch time: 0m 25s
------------------------------
Epoch 78/199 (max_len=15, data=6058)
Train acc: 24.38, loss: 0.997 
Epoch time: 0m 25s
------------------------------
Epoch 79/199 (max_len=15, data=6058)
Train acc: 24.33, loss: 0.999 
result accuracy by length:
1 ( 2%) 10.00
3 ( 2%) 21.00
5 ( 2%) 16.28
7 ( 4%) 19.21
9 ( 4%) 22.11
11 ( 3%) 23.86
13 ( 4%) 17.13
15 ( 4%) 19.80
17 ( 4%) 18.93
19 ( 4%) 23.04
21 ( 4%) 22.73
23 ( 4%) 25.37
25 ( 4%) 17.00
27 ( 4%) 30.05
29 ( 3%) 27.75
31 ( 3%) 22.62
33 ( 2%) 16.43
35 ( 2%) 21.92
37 ( 2%) 23.93
39 ( 3%) 17.76
41 ( 3%) 24.16
43 ( 2%) 20.29
45 ( 2%) 18.75
47 ( 2%) 25.76
49 ( 2%) 23.24
51 ( 2%) 24.24
53 ( 2%) 22.39
55 ( 2%) 15.97
57 ( 2%) 21.68
59 ( 2%) 16.82
61 ( 1%) 25.00
63 ( 0%) 28.57
65 ( 0%) 33.33
67 ( 0%) 33.33
result accuracy by symbol:
( (91%) 21.81
) (91%) 21.81
* (87%) 21.11
+ (84%) 20.17
- (77%) 26.06
/ (76%) 22.16
0 (52%) 26.88
1 (60%) 22.72
2 (61%) 22.33
3 (62%) 21.51
4 (61%) 21.56
5 (62%) 20.77
6 (62%) 21.46
7 (63%) 21.21
8 (64%) 20.48
9 (63%) 20.15
result accuracy by digit:
0 ( 0%) 100.00
1 ( 0%)  0.00
2 ( 0%)  0.00
3 ( 0%)  0.00
4 ( 0%)  0.00
5 ( 0%)  0.00
6 ( 0%)  0.00
7 ( 0%)  0.00
8 ( 0%)  0.00
9 ( 0%)  0.00
result accuracy by result:
0 (21%) 100.00
1 (10%)  0.00
2 ( 4%)  0.00
3 ( 2%)  0.00
4 ( 2%)  0.00
5 ( 2%)  0.00
6 ( 2%)  0.00
7 ( 2%)  0.00
8 ( 2%)  0.00
9 ( 1%)  0.00
result accuracy by generalization:
1 (22.45%) 29.73
2 (22.96%) 34.13
3 (22.53%)  0.00
4 (15.82%) 43.74
5 (16.24%)  0.00
error cases:
7 [-1] 7 0
7 [-1] 7 0
7 [-1] 7 0
7 [-1] 7 0
7 [-1] 7 0
7 [-1] 7 0
7 [-1] 7 0
7 [-1] 7 0
7 [-1] 7 0
7 [-1] 7 0
val (Perception Acc=0.00, Head Acc=0.00, Result Acc=21.43)
Epoch time: 0m 38s
------------------------------
Epoch 80/199 (max_len=inf, data=11170)
Train acc: 30.39, loss: 0.986 
Epoch time: 1m 26s
------------------------------
Epoch 81/199 (max_len=inf, data=11170)
Train acc: 30.38, loss: 0.985 
Epoch time: 1m 26s
------------------------------
Epoch 82/199 (max_len=inf, data=11170)
Train acc: 30.35, loss: 0.986 
Epoch time: 1m 26s
------------------------------
Epoch 83/199 (max_len=inf, data=11170)
Train acc: 30.41, loss: 0.986 
Epoch time: 1m 26s
------------------------------
Epoch 84/199 (max_len=inf, data=11170)
Train acc: 30.35, loss: 0.986 
result accuracy by length:
1 ( 2%) 10.00
3 ( 2%) 21.00
5 ( 2%) 16.28
7 ( 4%) 19.21
9 ( 4%) 22.11
11 ( 3%) 23.86
13 ( 4%) 17.13
15 ( 4%) 19.80
17 ( 4%) 18.93
19 ( 4%) 23.04
21 ( 4%) 22.73
23 ( 4%) 25.37
25 ( 4%) 17.00
27 ( 4%) 30.05
29 ( 3%) 27.75
31 ( 3%) 22.62
33 ( 2%) 16.43
35 ( 2%) 21.92
37 ( 2%) 23.93
39 ( 3%) 17.76
41 ( 3%) 24.16
43 ( 2%) 20.29
45 ( 2%) 18.75
47 ( 2%) 25.76
49 ( 2%) 23.24
51 ( 2%) 24.24
53 ( 2%) 22.39
55 ( 2%) 15.97
57 ( 2%) 21.68
59 ( 2%) 16.82
61 ( 1%) 25.00
63 ( 0%) 28.57
65 ( 0%) 33.33
67 ( 0%) 33.33
result accuracy by symbol:
( (91%) 21.81
) (91%) 21.81
* (87%) 21.11
+ (84%) 20.17
- (77%) 26.06
/ (76%) 22.16
0 (52%) 26.88
1 (60%) 22.72
2 (61%) 22.33
3 (62%) 21.51
4 (61%) 21.56
5 (62%) 20.77
6 (62%) 21.46
7 (63%) 21.21
8 (64%) 20.48
9 (63%) 20.15
result accuracy by digit:
0 ( 0%) 100.00
1 ( 0%)  0.00
2 ( 0%)  0.00
3 ( 0%)  0.00
4 ( 0%)  0.00
5 ( 0%)  0.00
6 ( 0%)  0.00
7 ( 0%)  0.00
8 ( 0%)  0.00
9 ( 0%)  0.00
result accuracy by result:
0 (21%) 100.00
1 (10%)  0.00
2 ( 4%)  0.00
3 ( 2%)  0.00
4 ( 2%)  0.00
5 ( 2%)  0.00
6 ( 2%)  0.00
7 ( 2%)  0.00
8 ( 2%)  0.00
9 ( 1%)  0.00
result accuracy by generalization:
1 (22.45%) 29.73
2 (22.96%) 34.13
3 (22.53%)  0.00
4 (15.82%) 43.74
5 (16.24%)  0.00
error cases:
7 [-1] 7 0
7 [-1] 7 0
7 [-1] 7 0
7 [-1] 7 0
7 [-1] 7 0
7 [-1] 7 0
7 [-1] 7 0
7 [-1] 7 0
7 [-1] 7 0
7 [-1] 7 0
val (Perception Acc=0.00, Head Acc=0.00, Result Acc=21.43)
Epoch time: 1m 40s
------------------------------
Epoch 85/199 (max_len=inf, data=11170)
Train acc: 30.37, loss: 0.985 
Epoch time: 1m 26s
------------------------------
Epoch 86/199 (max_len=inf, data=11170)
Train acc: 30.37, loss: 0.986 
Epoch time: 1m 26s
------------------------------
Epoch 87/199 (max_len=inf, data=11170)
Train acc: 30.36, loss: 0.988 
Epoch time: 1m 26s
------------------------------
Epoch 88/199 (max_len=inf, data=11170)
Train acc: 30.39, loss: 0.985 
Epoch time: 1m 25s
------------------------------
Epoch 89/199 (max_len=inf, data=11170)
Train acc: 30.40, loss: 0.985 
result accuracy by length:
1 ( 2%) 10.00
3 ( 2%) 21.00
5 ( 2%) 16.28
7 ( 4%) 19.21
9 ( 4%) 22.11
11 ( 3%) 23.86
13 ( 4%) 17.13
15 ( 4%) 19.80
17 ( 4%) 18.93
19 ( 4%) 23.04
21 ( 4%) 22.73
23 ( 4%) 25.37
25 ( 4%) 17.00
27 ( 4%) 30.05
29 ( 3%) 27.75
31 ( 3%) 22.62
33 ( 2%) 16.43
35 ( 2%) 21.92
37 ( 2%) 23.93
39 ( 3%) 17.76
41 ( 3%) 24.16
43 ( 2%) 20.29
45 ( 2%) 18.75
47 ( 2%) 25.76
49 ( 2%) 23.24
51 ( 2%) 24.24
53 ( 2%) 22.39
55 ( 2%) 15.97
57 ( 2%) 21.68
59 ( 2%) 16.82
61 ( 1%) 25.00
63 ( 0%) 28.57
65 ( 0%) 33.33
67 ( 0%) 33.33
result accuracy by symbol:
( (91%) 21.81
) (91%) 21.81
* (87%) 21.11
+ (84%) 20.17
- (77%) 26.06
/ (76%) 22.16
0 (52%) 26.88
1 (60%) 22.72
2 (61%) 22.33
3 (62%) 21.51
4 (61%) 21.56
5 (62%) 20.77
6 (62%) 21.46
7 (63%) 21.21
8 (64%) 20.48
9 (63%) 20.15
result accuracy by digit:
0 ( 0%) 100.00
1 ( 0%)  0.00
2 ( 0%)  0.00
3 ( 0%)  0.00
4 ( 0%)  0.00
5 ( 0%)  0.00
6 ( 0%)  0.00
7 ( 0%)  0.00
8 ( 0%)  0.00
9 ( 0%)  0.00
result accuracy by result:
0 (21%) 100.00
1 (10%)  0.00
2 ( 4%)  0.00
3 ( 2%)  0.00
4 ( 2%)  0.00
5 ( 2%)  0.00
6 ( 2%)  0.00
7 ( 2%)  0.00
8 ( 2%)  0.00
9 ( 1%)  0.00
result accuracy by generalization:
1 (22.45%) 29.73
2 (22.96%) 34.13
3 (22.53%)  0.00
4 (15.82%) 43.74
5 (16.24%)  0.00
error cases:
7 [-1] 7 0
7 [-1] 7 0
7 [-1] 7 0
7 [-1] 7 0
7 [-1] 7 0
7 [-1] 7 0
7 [-1] 7 0
7 [-1] 7 0
7 [-1] 7 0
7 [-1] 7 0
val (Perception Acc=0.00, Head Acc=0.00, Result Acc=21.43)
Epoch time: 1m 40s
------------------------------
Epoch 90/199 (max_len=inf, data=11170)
Train acc: 30.40, loss: 0.985 
Epoch time: 1m 26s
------------------------------
Epoch 91/199 (max_len=inf, data=11170)
Train acc: 30.40, loss: 0.985 
Epoch time: 1m 26s
------------------------------
Epoch 92/199 (max_len=inf, data=11170)
Train acc: 30.35, loss: 0.986 
Epoch time: 1m 26s
------------------------------
Epoch 93/199 (max_len=inf, data=11170)
Train acc: 30.38, loss: 0.985 
Epoch time: 1m 26s
------------------------------
Epoch 94/199 (max_len=inf, data=11170)
Train acc: 30.33, loss: 0.986 
result accuracy by length:
1 ( 2%) 10.00
3 ( 2%) 21.00
5 ( 2%) 16.28
7 ( 4%) 19.21
9 ( 4%) 22.11
11 ( 3%) 23.86
13 ( 4%) 17.13
15 ( 4%) 19.80
17 ( 4%) 18.93
19 ( 4%) 23.04
21 ( 4%) 22.73
23 ( 4%) 25.37
25 ( 4%) 17.00
27 ( 4%) 30.05
29 ( 3%) 27.75
31 ( 3%) 22.62
33 ( 2%) 16.43
35 ( 2%) 21.92
37 ( 2%) 23.93
39 ( 3%) 17.76
41 ( 3%) 24.16
43 ( 2%) 20.29
45 ( 2%) 18.75
47 ( 2%) 25.76
49 ( 2%) 23.24
51 ( 2%) 24.24
53 ( 2%) 22.39
55 ( 2%) 15.97
57 ( 2%) 21.68
59 ( 2%) 16.82
61 ( 1%) 25.00
63 ( 0%) 28.57
65 ( 0%) 33.33
67 ( 0%) 33.33
result accuracy by symbol:
( (91%) 21.81
) (91%) 21.81
* (87%) 21.11
+ (84%) 20.17
- (77%) 26.06
/ (76%) 22.16
0 (52%) 26.88
1 (60%) 22.72
2 (61%) 22.33
3 (62%) 21.51
4 (61%) 21.56
5 (62%) 20.77
6 (62%) 21.46
7 (63%) 21.21
8 (64%) 20.48
9 (63%) 20.15
result accuracy by digit:
0 ( 0%) 100.00
1 ( 0%)  0.00
2 ( 0%)  0.00
3 ( 0%)  0.00
4 ( 0%)  0.00
5 ( 0%)  0.00
6 ( 0%)  0.00
7 ( 0%)  0.00
8 ( 0%)  0.00
9 ( 0%)  0.00
result accuracy by result:
0 (21%) 100.00
1 (10%)  0.00
2 ( 4%)  0.00
3 ( 2%)  0.00
4 ( 2%)  0.00
5 ( 2%)  0.00
6 ( 2%)  0.00
7 ( 2%)  0.00
8 ( 2%)  0.00
9 ( 1%)  0.00
result accuracy by generalization:
1 (22.45%) 29.73
2 (22.96%) 34.13
3 (22.53%)  0.00
4 (15.82%) 43.74
5 (16.24%)  0.00
error cases:
7 [-1] 7 0
7 [-1] 7 0
7 [-1] 7 0
7 [-1] 7 0
7 [-1] 7 0
7 [-1] 7 0
7 [-1] 7 0
7 [-1] 7 0
7 [-1] 7 0
7 [-1] 7 0
val (Perception Acc=0.00, Head Acc=0.00, Result Acc=21.43)
Epoch time: 1m 40s
------------------------------
Epoch 95/199 (max_len=inf, data=11170)
Train acc: 30.40, loss: 0.985 
Epoch time: 1m 26s
------------------------------
Epoch 96/199 (max_len=inf, data=11170)
Train acc: 30.38, loss: 0.985 
Epoch time: 1m 26s
------------------------------
Epoch 97/199 (max_len=inf, data=11170)
Train acc: 30.38, loss: 0.986 
Epoch time: 1m 26s
------------------------------
Epoch 98/199 (max_len=inf, data=11170)
Train acc: 30.38, loss: 0.985 
Epoch time: 1m 26s
------------------------------
Epoch 99/199 (max_len=inf, data=11170)
Train acc: 30.40, loss: 0.985 
result accuracy by length:
1 ( 2%) 10.00
3 ( 2%) 21.00
5 ( 2%) 16.28
7 ( 4%) 19.21
9 ( 4%) 22.11
11 ( 3%) 23.86
13 ( 4%) 17.13
15 ( 4%) 19.80
17 ( 4%) 18.93
19 ( 4%) 23.04
21 ( 4%) 22.73
23 ( 4%) 25.37
25 ( 4%) 17.00
27 ( 4%) 30.05
29 ( 3%) 27.75
31 ( 3%) 22.62
33 ( 2%) 16.43
35 ( 2%) 21.92
37 ( 2%) 23.93
39 ( 3%) 17.76
41 ( 3%) 24.16
43 ( 2%) 20.29
45 ( 2%) 18.75
47 ( 2%) 25.76
49 ( 2%) 23.24
51 ( 2%) 24.24
53 ( 2%) 22.39
55 ( 2%) 15.97
57 ( 2%) 21.68
59 ( 2%) 16.82
61 ( 1%) 25.00
63 ( 0%) 28.57
65 ( 0%) 33.33
67 ( 0%) 33.33
result accuracy by symbol:
( (91%) 21.81
) (91%) 21.81
* (87%) 21.11
+ (84%) 20.17
- (77%) 26.06
/ (76%) 22.16
0 (52%) 26.88
1 (60%) 22.72
2 (61%) 22.33
3 (62%) 21.51
4 (61%) 21.56
5 (62%) 20.77
6 (62%) 21.46
7 (63%) 21.21
8 (64%) 20.48
9 (63%) 20.15
result accuracy by digit:
0 ( 0%) 100.00
1 ( 0%)  0.00
2 ( 0%)  0.00
3 ( 0%)  0.00
4 ( 0%)  0.00
5 ( 0%)  0.00
6 ( 0%)  0.00
7 ( 0%)  0.00
8 ( 0%)  0.00
9 ( 0%)  0.00
result accuracy by result:
0 (21%) 100.00
1 (10%)  0.00
2 ( 4%)  0.00
3 ( 2%)  0.00
4 ( 2%)  0.00
5 ( 2%)  0.00
6 ( 2%)  0.00
7 ( 2%)  0.00
8 ( 2%)  0.00
9 ( 1%)  0.00
result accuracy by generalization:
1 (22.45%) 29.73
2 (22.96%) 34.13
3 (22.53%)  0.00
4 (15.82%) 43.74
5 (16.24%)  0.00
error cases:
7 [-1] 7 0
7 [-1] 7 0
7 [-1] 7 0
7 [-1] 7 0
7 [-1] 7 0
7 [-1] 7 0
7 [-1] 7 0
7 [-1] 7 0
7 [-1] 7 0
7 [-1] 7 0
val (Perception Acc=0.00, Head Acc=0.00, Result Acc=21.43)
Epoch time: 1m 40s
------------------------------
Epoch 100/199 (max_len=inf, data=11170)
Train acc: 30.37, loss: 0.986 
Epoch time: 1m 26s
------------------------------
Epoch 101/199 (max_len=inf, data=11170)
Train acc: 30.39, loss: 0.985 
Epoch time: 1m 26s
------------------------------
Epoch 102/199 (max_len=inf, data=11170)
Train acc: 30.35, loss: 0.985 
Epoch time: 1m 26s
------------------------------
Epoch 103/199 (max_len=inf, data=11170)
Train acc: 30.37, loss: 0.985 
Epoch time: 1m 25s
------------------------------
Epoch 104/199 (max_len=inf, data=11170)
Train acc: 30.37, loss: 0.985 
result accuracy by length:
1 ( 2%) 10.00
3 ( 2%) 21.00
5 ( 2%) 16.28
7 ( 4%) 19.21
9 ( 4%) 22.11
11 ( 3%) 23.86
13 ( 4%) 17.13
15 ( 4%) 19.80
17 ( 4%) 18.93
19 ( 4%) 23.04
21 ( 4%) 22.73
23 ( 4%) 25.37
25 ( 4%) 17.00
27 ( 4%) 30.05
29 ( 3%) 27.75
31 ( 3%) 22.62
33 ( 2%) 16.43
35 ( 2%) 21.92
37 ( 2%) 23.93
39 ( 3%) 17.76
41 ( 3%) 24.16
43 ( 2%) 20.29
45 ( 2%) 18.75
47 ( 2%) 25.76
49 ( 2%) 23.24
51 ( 2%) 24.24
53 ( 2%) 22.39
55 ( 2%) 15.97
57 ( 2%) 21.68
59 ( 2%) 16.82
61 ( 1%) 25.00
63 ( 0%) 28.57
65 ( 0%) 33.33
67 ( 0%) 33.33
result accuracy by symbol:
( (91%) 21.81
) (91%) 21.81
* (87%) 21.11
+ (84%) 20.17
- (77%) 26.06
/ (76%) 22.16
0 (52%) 26.88
1 (60%) 22.72
2 (61%) 22.33
3 (62%) 21.51
4 (61%) 21.56
5 (62%) 20.77
6 (62%) 21.46
7 (63%) 21.21
8 (64%) 20.48
9 (63%) 20.15
result accuracy by digit:
0 ( 0%) 100.00
1 ( 0%)  0.00
2 ( 0%)  0.00
3 ( 0%)  0.00
4 ( 0%)  0.00
5 ( 0%)  0.00
6 ( 0%)  0.00
7 ( 0%)  0.00
8 ( 0%)  0.00
9 ( 0%)  0.00
result accuracy by result:
0 (21%) 100.00
1 (10%)  0.00
2 ( 4%)  0.00
3 ( 2%)  0.00
4 ( 2%)  0.00
5 ( 2%)  0.00
6 ( 2%)  0.00
7 ( 2%)  0.00
8 ( 2%)  0.00
9 ( 1%)  0.00
result accuracy by generalization:
1 (22.45%) 29.73
2 (22.96%) 34.13
3 (22.53%)  0.00
4 (15.82%) 43.74
5 (16.24%)  0.00
error cases:
7 [-1] 7 0
7 [-1] 7 0
7 [-1] 7 0
7 [-1] 7 0
7 [-1] 7 0
7 [-1] 7 0
7 [-1] 7 0
7 [-1] 7 0
7 [-1] 7 0
7 [-1] 7 0
val (Perception Acc=0.00, Head Acc=0.00, Result Acc=21.43)
Epoch time: 1m 40s
------------------------------
Epoch 105/199 (max_len=inf, data=11170)
Train acc: 30.41, loss: 0.986 
Epoch time: 1m 26s
------------------------------
Epoch 106/199 (max_len=inf, data=11170)
Train acc: 30.37, loss: 0.985 
Epoch time: 1m 26s
------------------------------
Epoch 107/199 (max_len=inf, data=11170)
Train acc: 30.42, loss: 0.983 
Epoch time: 1m 26s
------------------------------
Epoch 108/199 (max_len=inf, data=11170)
Train acc: 30.39, loss: 0.985 
Epoch time: 1m 26s
------------------------------
Epoch 109/199 (max_len=inf, data=11170)
Train acc: 30.37, loss: 0.984 
result accuracy by length:
1 ( 2%) 10.00
3 ( 2%) 21.00
5 ( 2%) 16.28
7 ( 4%) 19.21
9 ( 4%) 22.11
11 ( 3%) 23.86
13 ( 4%) 17.13
15 ( 4%) 19.80
17 ( 4%) 18.93
19 ( 4%) 23.04
21 ( 4%) 22.73
23 ( 4%) 25.37
25 ( 4%) 17.00
27 ( 4%) 30.05
29 ( 3%) 27.75
31 ( 3%) 22.62
33 ( 2%) 16.43
35 ( 2%) 21.92
37 ( 2%) 23.93
39 ( 3%) 17.76
41 ( 3%) 24.16
43 ( 2%) 20.29
45 ( 2%) 18.75
47 ( 2%) 25.76
49 ( 2%) 23.24
51 ( 2%) 24.24
53 ( 2%) 22.39
55 ( 2%) 15.97
57 ( 2%) 21.68
59 ( 2%) 16.82
61 ( 1%) 25.00
63 ( 0%) 28.57
65 ( 0%) 33.33
67 ( 0%) 33.33
result accuracy by symbol:
( (91%) 21.81
) (91%) 21.81
* (87%) 21.11
+ (84%) 20.17
- (77%) 26.06
/ (76%) 22.16
0 (52%) 26.88
1 (60%) 22.72
2 (61%) 22.33
3 (62%) 21.51
4 (61%) 21.56
5 (62%) 20.77
6 (62%) 21.46
7 (63%) 21.21
8 (64%) 20.48
9 (63%) 20.15
result accuracy by digit:
0 ( 0%) 100.00
1 ( 0%)  0.00
2 ( 0%)  0.00
3 ( 0%)  0.00
4 ( 0%)  0.00
5 ( 0%)  0.00
6 ( 0%)  0.00
7 ( 0%)  0.00
8 ( 0%)  0.00
9 ( 0%)  0.00
result accuracy by result:
0 (21%) 100.00
1 (10%)  0.00
2 ( 4%)  0.00
3 ( 2%)  0.00
4 ( 2%)  0.00
5 ( 2%)  0.00
6 ( 2%)  0.00
7 ( 2%)  0.00
8 ( 2%)  0.00
9 ( 1%)  0.00
result accuracy by generalization:
1 (22.45%) 29.73
2 (22.96%) 34.13
3 (22.53%)  0.00
4 (15.82%) 43.74
5 (16.24%)  0.00
error cases:
7 [-1] 7 0
7 [-1] 7 0
7 [-1] 7 0
7 [-1] 7 0
7 [-1] 7 0
7 [-1] 7 0
7 [-1] 7 0
7 [-1] 7 0
7 [-1] 7 0
7 [-1] 7 0
val (Perception Acc=0.00, Head Acc=0.00, Result Acc=21.43)
Epoch time: 1m 41s
------------------------------
Epoch 110/199 (max_len=inf, data=11170)
Train acc: 30.37, loss: 0.985 
Epoch time: 1m 26s
------------------------------
Epoch 111/199 (max_len=inf, data=11170)
Train acc: 30.38, loss: 0.986 
Epoch time: 1m 26s
------------------------------
Epoch 112/199 (max_len=inf, data=11170)
Train acc: 30.36, loss: 0.985 
Epoch time: 1m 26s
------------------------------
Epoch 113/199 (max_len=inf, data=11170)
Train acc: 30.39, loss: 0.985 
Epoch time: 1m 26s
------------------------------
Epoch 114/199 (max_len=inf, data=11170)
Train acc: 30.39, loss: 0.985 
result accuracy by length:
1 ( 2%) 10.00
3 ( 2%) 21.00
5 ( 2%) 16.28
7 ( 4%) 19.21
9 ( 4%) 22.11
11 ( 3%) 23.86
13 ( 4%) 17.13
15 ( 4%) 19.80
17 ( 4%) 18.93
19 ( 4%) 23.04
21 ( 4%) 22.73
23 ( 4%) 25.37
25 ( 4%) 17.00
27 ( 4%) 30.05
29 ( 3%) 27.75
31 ( 3%) 22.62
33 ( 2%) 16.43
35 ( 2%) 21.92
37 ( 2%) 23.93
39 ( 3%) 17.76
41 ( 3%) 24.16
43 ( 2%) 20.29
45 ( 2%) 18.75
47 ( 2%) 25.76
49 ( 2%) 23.24
51 ( 2%) 24.24
53 ( 2%) 22.39
55 ( 2%) 15.97
57 ( 2%) 21.68
59 ( 2%) 16.82
61 ( 1%) 25.00
63 ( 0%) 28.57
65 ( 0%) 33.33
67 ( 0%) 33.33
result accuracy by symbol:
( (91%) 21.81
) (91%) 21.81
* (87%) 21.11
+ (84%) 20.17
- (77%) 26.06
/ (76%) 22.16
0 (52%) 26.88
1 (60%) 22.72
2 (61%) 22.33
3 (62%) 21.51
4 (61%) 21.56
5 (62%) 20.77
6 (62%) 21.46
7 (63%) 21.21
8 (64%) 20.48
9 (63%) 20.15
result accuracy by digit:
0 ( 0%) 100.00
1 ( 0%)  0.00
2 ( 0%)  0.00
3 ( 0%)  0.00
4 ( 0%)  0.00
5 ( 0%)  0.00
6 ( 0%)  0.00
7 ( 0%)  0.00
8 ( 0%)  0.00
9 ( 0%)  0.00
result accuracy by result:
0 (21%) 100.00
1 (10%)  0.00
2 ( 4%)  0.00
3 ( 2%)  0.00
4 ( 2%)  0.00
5 ( 2%)  0.00
6 ( 2%)  0.00
7 ( 2%)  0.00
8 ( 2%)  0.00
9 ( 1%)  0.00
result accuracy by generalization:
1 (22.45%) 29.73
2 (22.96%) 34.13
3 (22.53%)  0.00
4 (15.82%) 43.74
5 (16.24%)  0.00
error cases:
7 [-1] 7 0
7 [-1] 7 0
7 [-1] 7 0
7 [-1] 7 0
7 [-1] 7 0
7 [-1] 7 0
7 [-1] 7 0
7 [-1] 7 0
7 [-1] 7 0
7 [-1] 7 0
val (Perception Acc=0.00, Head Acc=0.00, Result Acc=21.43)
Epoch time: 1m 40s
------------------------------
Epoch 115/199 (max_len=inf, data=11170)
Train acc: 30.36, loss: 0.984 
Epoch time: 1m 26s
------------------------------
Epoch 116/199 (max_len=inf, data=11170)
Train acc: 30.35, loss: 0.985 
Epoch time: 1m 26s
------------------------------
Epoch 117/199 (max_len=inf, data=11170)
Train acc: 30.37, loss: 0.986 
Epoch time: 1m 26s
------------------------------
Epoch 118/199 (max_len=inf, data=11170)
Train acc: 30.36, loss: 0.986 
Epoch time: 1m 26s
------------------------------
Epoch 119/199 (max_len=inf, data=11170)
Train acc: 30.36, loss: 0.986 
result accuracy by length:
1 ( 2%) 10.00
3 ( 2%) 21.00
5 ( 2%) 16.28
7 ( 4%) 19.21
9 ( 4%) 22.11
11 ( 3%) 23.86
13 ( 4%) 17.13
15 ( 4%) 19.80
17 ( 4%) 18.93
19 ( 4%) 23.04
21 ( 4%) 22.73
23 ( 4%) 25.37
25 ( 4%) 17.00
27 ( 4%) 30.05
29 ( 3%) 27.75
31 ( 3%) 22.62
33 ( 2%) 16.43
35 ( 2%) 21.92
37 ( 2%) 23.93
39 ( 3%) 17.76
41 ( 3%) 24.16
43 ( 2%) 20.29
45 ( 2%) 18.75
47 ( 2%) 25.76
49 ( 2%) 23.24
51 ( 2%) 24.24
53 ( 2%) 22.39
55 ( 2%) 15.97
57 ( 2%) 21.68
59 ( 2%) 16.82
61 ( 1%) 25.00
63 ( 0%) 28.57
65 ( 0%) 33.33
67 ( 0%) 33.33
result accuracy by symbol:
( (91%) 21.81
) (91%) 21.81
* (87%) 21.11
+ (84%) 20.17
- (77%) 26.06
/ (76%) 22.16
0 (52%) 26.88
1 (60%) 22.72
2 (61%) 22.33
3 (62%) 21.51
4 (61%) 21.56
5 (62%) 20.77
6 (62%) 21.46
7 (63%) 21.21
8 (64%) 20.48
9 (63%) 20.15
result accuracy by digit:
0 ( 0%) 100.00
1 ( 0%)  0.00
2 ( 0%)  0.00
3 ( 0%)  0.00
4 ( 0%)  0.00
5 ( 0%)  0.00
6 ( 0%)  0.00
7 ( 0%)  0.00
8 ( 0%)  0.00
9 ( 0%)  0.00
result accuracy by result:
0 (21%) 100.00
1 (10%)  0.00
2 ( 4%)  0.00
3 ( 2%)  0.00
4 ( 2%)  0.00
5 ( 2%)  0.00
6 ( 2%)  0.00
7 ( 2%)  0.00
8 ( 2%)  0.00
9 ( 1%)  0.00
result accuracy by generalization:
1 (22.45%) 29.73
2 (22.96%) 34.13
3 (22.53%)  0.00
4 (15.82%) 43.74
5 (16.24%)  0.00
error cases:
7 [-1] 7 0
7 [-1] 7 0
7 [-1] 7 0
7 [-1] 7 0
7 [-1] 7 0
7 [-1] 7 0
7 [-1] 7 0
7 [-1] 7 0
7 [-1] 7 0
7 [-1] 7 0
val (Perception Acc=0.00, Head Acc=0.00, Result Acc=21.43)
Epoch time: 1m 40s
------------------------------
Epoch 120/199 (max_len=inf, data=11170)
Train acc: 30.38, loss: 0.985 
Epoch time: 1m 26s
------------------------------
Epoch 121/199 (max_len=inf, data=11170)
Train acc: 30.38, loss: 0.985 
Epoch time: 1m 26s
------------------------------
Epoch 122/199 (max_len=inf, data=11170)
Train acc: 30.36, loss: 0.988 
Epoch time: 1m 26s
------------------------------
Epoch 123/199 (max_len=inf, data=11170)
Train acc: 30.37, loss: 0.984 
Epoch time: 1m 26s
------------------------------
Epoch 124/199 (max_len=inf, data=11170)
Train acc: 30.37, loss: 0.984 
result accuracy by length:
1 ( 2%) 10.00
3 ( 2%) 21.00
5 ( 2%) 16.28
7 ( 4%) 19.21
9 ( 4%) 22.11
11 ( 3%) 23.86
13 ( 4%) 17.13
15 ( 4%) 19.80
17 ( 4%) 18.93
19 ( 4%) 23.04
21 ( 4%) 22.73
23 ( 4%) 25.37
25 ( 4%) 17.00
27 ( 4%) 30.05
29 ( 3%) 27.75
31 ( 3%) 22.62
33 ( 2%) 16.43
35 ( 2%) 21.92
37 ( 2%) 23.93
39 ( 3%) 17.76
41 ( 3%) 24.16
43 ( 2%) 20.29
45 ( 2%) 18.75
47 ( 2%) 25.76
49 ( 2%) 23.24
51 ( 2%) 24.24
53 ( 2%) 22.39
55 ( 2%) 15.97
57 ( 2%) 21.68
59 ( 2%) 16.82
61 ( 1%) 25.00
63 ( 0%) 28.57
65 ( 0%) 33.33
67 ( 0%) 33.33
result accuracy by symbol:
( (91%) 21.81
) (91%) 21.81
* (87%) 21.11
+ (84%) 20.17
- (77%) 26.06
/ (76%) 22.16
0 (52%) 26.88
1 (60%) 22.72
2 (61%) 22.33
3 (62%) 21.51
4 (61%) 21.56
5 (62%) 20.77
6 (62%) 21.46
7 (63%) 21.21
8 (64%) 20.48
9 (63%) 20.15
result accuracy by digit:
0 ( 0%) 100.00
1 ( 0%)  0.00
2 ( 0%)  0.00
3 ( 0%)  0.00
4 ( 0%)  0.00
5 ( 0%)  0.00
6 ( 0%)  0.00
7 ( 0%)  0.00
8 ( 0%)  0.00
9 ( 0%)  0.00
result accuracy by result:
0 (21%) 100.00
1 (10%)  0.00
2 ( 4%)  0.00
3 ( 2%)  0.00
4 ( 2%)  0.00
5 ( 2%)  0.00
6 ( 2%)  0.00
7 ( 2%)  0.00
8 ( 2%)  0.00
9 ( 1%)  0.00
result accuracy by generalization:
1 (22.45%) 29.73
2 (22.96%) 34.13
3 (22.53%)  0.00
4 (15.82%) 43.74
5 (16.24%)  0.00
error cases:
7 [-1] 7 0
7 [-1] 7 0
7 [-1] 7 0
7 [-1] 7 0
7 [-1] 7 0
7 [-1] 7 0
7 [-1] 7 0
7 [-1] 7 0
7 [-1] 7 0
7 [-1] 7 0
val (Perception Acc=0.00, Head Acc=0.00, Result Acc=21.43)
Epoch time: 1m 40s
------------------------------
Epoch 125/199 (max_len=inf, data=11170)
Train acc: 30.36, loss: 0.985 
Epoch time: 1m 26s
------------------------------
Epoch 126/199 (max_len=inf, data=11170)
Train acc: 30.35, loss: 0.985 
Epoch time: 1m 26s
------------------------------
Epoch 127/199 (max_len=inf, data=11170)
Train acc: 30.36, loss: 0.985 
Epoch time: 1m 26s
------------------------------
Epoch 128/199 (max_len=inf, data=11170)
Train acc: 30.34, loss: 0.986 
Epoch time: 1m 26s
------------------------------
Epoch 129/199 (max_len=inf, data=11170)
Train acc: 30.37, loss: 0.986 
result accuracy by length:
1 ( 2%) 10.00
3 ( 2%) 21.00
5 ( 2%) 16.28
7 ( 4%) 19.21
9 ( 4%) 22.11
11 ( 3%) 23.86
13 ( 4%) 17.13
15 ( 4%) 19.80
17 ( 4%) 18.93
19 ( 4%) 23.04
21 ( 4%) 22.73
23 ( 4%) 25.37
25 ( 4%) 17.00
27 ( 4%) 30.05
29 ( 3%) 27.75
31 ( 3%) 22.62
33 ( 2%) 16.43
35 ( 2%) 21.92
37 ( 2%) 23.93
39 ( 3%) 17.76
41 ( 3%) 24.16
43 ( 2%) 20.29
45 ( 2%) 18.75
47 ( 2%) 25.76
49 ( 2%) 23.24
51 ( 2%) 24.24
53 ( 2%) 22.39
55 ( 2%) 15.97
57 ( 2%) 21.68
59 ( 2%) 16.82
61 ( 1%) 25.00
63 ( 0%) 28.57
65 ( 0%) 33.33
67 ( 0%) 33.33
result accuracy by symbol:
( (91%) 21.81
) (91%) 21.81
* (87%) 21.11
+ (84%) 20.17
- (77%) 26.06
/ (76%) 22.16
0 (52%) 26.88
1 (60%) 22.72
2 (61%) 22.33
3 (62%) 21.51
4 (61%) 21.56
5 (62%) 20.77
6 (62%) 21.46
7 (63%) 21.21
8 (64%) 20.48
9 (63%) 20.15
result accuracy by digit:
0 ( 0%) 100.00
1 ( 0%)  0.00
2 ( 0%)  0.00
3 ( 0%)  0.00
4 ( 0%)  0.00
5 ( 0%)  0.00
6 ( 0%)  0.00
7 ( 0%)  0.00
8 ( 0%)  0.00
9 ( 0%)  0.00
result accuracy by result:
0 (21%) 100.00
1 (10%)  0.00
2 ( 4%)  0.00
3 ( 2%)  0.00
4 ( 2%)  0.00
5 ( 2%)  0.00
6 ( 2%)  0.00
7 ( 2%)  0.00
8 ( 2%)  0.00
9 ( 1%)  0.00
result accuracy by generalization:
1 (22.45%) 29.73
2 (22.96%) 34.13
3 (22.53%)  0.00
4 (15.82%) 43.74
5 (16.24%)  0.00
error cases:
7 [-1] 7 0
7 [-1] 7 0
7 [-1] 7 0
7 [-1] 7 0
7 [-1] 7 0
7 [-1] 7 0
7 [-1] 7 0
7 [-1] 7 0
7 [-1] 7 0
7 [-1] 7 0
val (Perception Acc=0.00, Head Acc=0.00, Result Acc=21.43)
Epoch time: 1m 40s
------------------------------
Epoch 130/199 (max_len=inf, data=11170)
Train acc: 30.37, loss: 0.985 
Epoch time: 1m 26s
------------------------------
Epoch 131/199 (max_len=inf, data=11170)
Train acc: 30.42, loss: 0.985 
Epoch time: 1m 26s
------------------------------
Epoch 132/199 (max_len=inf, data=11170)
Train acc: 30.39, loss: 0.985 
Epoch time: 1m 26s
------------------------------
Epoch 133/199 (max_len=inf, data=11170)
Train acc: 30.36, loss: 0.985 
Epoch time: 1m 26s
------------------------------
Epoch 134/199 (max_len=inf, data=11170)
Train acc: 30.35, loss: 0.986 
result accuracy by length:
1 ( 2%) 10.00
3 ( 2%) 21.00
5 ( 2%) 16.28
7 ( 4%) 19.21
9 ( 4%) 22.11
11 ( 3%) 23.86
13 ( 4%) 17.13
15 ( 4%) 19.80
17 ( 4%) 18.93
19 ( 4%) 23.04
21 ( 4%) 22.73
23 ( 4%) 25.37
25 ( 4%) 17.00
27 ( 4%) 30.05
29 ( 3%) 27.75
31 ( 3%) 22.62
33 ( 2%) 16.43
35 ( 2%) 21.92
37 ( 2%) 23.93
39 ( 3%) 17.76
41 ( 3%) 24.16
43 ( 2%) 20.29
45 ( 2%) 18.75
47 ( 2%) 25.76
49 ( 2%) 23.24
51 ( 2%) 24.24
53 ( 2%) 22.39
55 ( 2%) 15.97
57 ( 2%) 21.68
59 ( 2%) 16.82
61 ( 1%) 25.00
63 ( 0%) 28.57
65 ( 0%) 33.33
67 ( 0%) 33.33
result accuracy by symbol:
( (91%) 21.81
) (91%) 21.81
* (87%) 21.11
+ (84%) 20.17
- (77%) 26.06
/ (76%) 22.16
0 (52%) 26.88
1 (60%) 22.72
2 (61%) 22.33
3 (62%) 21.51
4 (61%) 21.56
5 (62%) 20.77
6 (62%) 21.46
7 (63%) 21.21
8 (64%) 20.48
9 (63%) 20.15
result accuracy by digit:
0 ( 0%) 100.00
1 ( 0%)  0.00
2 ( 0%)  0.00
3 ( 0%)  0.00
4 ( 0%)  0.00
5 ( 0%)  0.00
6 ( 0%)  0.00
7 ( 0%)  0.00
8 ( 0%)  0.00
9 ( 0%)  0.00
result accuracy by result:
0 (21%) 100.00
1 (10%)  0.00
2 ( 4%)  0.00
3 ( 2%)  0.00
4 ( 2%)  0.00
5 ( 2%)  0.00
6 ( 2%)  0.00
7 ( 2%)  0.00
8 ( 2%)  0.00
9 ( 1%)  0.00
result accuracy by generalization:
1 (22.45%) 29.73
2 (22.96%) 34.13
3 (22.53%)  0.00
4 (15.82%) 43.74
5 (16.24%)  0.00
error cases:
7 [-1] 7 0
7 [-1] 7 0
7 [-1] 7 0
7 [-1] 7 0
7 [-1] 7 0
7 [-1] 7 0
7 [-1] 7 0
7 [-1] 7 0
7 [-1] 7 0
7 [-1] 7 0
val (Perception Acc=0.00, Head Acc=0.00, Result Acc=21.43)
Epoch time: 1m 40s
------------------------------
Epoch 135/199 (max_len=inf, data=11170)
Train acc: 30.36, loss: 0.985 
Epoch time: 1m 26s
------------------------------
Epoch 136/199 (max_len=inf, data=11170)
Train acc: 30.40, loss: 0.985 
Epoch time: 1m 26s
------------------------------
Epoch 137/199 (max_len=inf, data=11170)
Train acc: 30.38, loss: 0.985 
Epoch time: 1m 26s
------------------------------
Epoch 138/199 (max_len=inf, data=11170)
Train acc: 30.34, loss: 0.985 
Epoch time: 1m 26s
------------------------------
Epoch 139/199 (max_len=inf, data=11170)
Train acc: 30.37, loss: 0.985 
result accuracy by length:
1 ( 2%) 10.00
3 ( 2%) 21.00
5 ( 2%) 16.28
7 ( 4%) 19.21
9 ( 4%) 22.11
11 ( 3%) 23.86
13 ( 4%) 17.13
15 ( 4%) 19.80
17 ( 4%) 18.93
19 ( 4%) 23.04
21 ( 4%) 22.73
23 ( 4%) 25.37
25 ( 4%) 17.00
27 ( 4%) 30.05
29 ( 3%) 27.75
31 ( 3%) 22.62
33 ( 2%) 16.43
35 ( 2%) 21.92
37 ( 2%) 23.93
39 ( 3%) 17.76
41 ( 3%) 24.16
43 ( 2%) 20.29
45 ( 2%) 18.75
47 ( 2%) 25.76
49 ( 2%) 23.24
51 ( 2%) 24.24
53 ( 2%) 22.39
55 ( 2%) 15.97
57 ( 2%) 21.68
59 ( 2%) 16.82
61 ( 1%) 25.00
63 ( 0%) 28.57
65 ( 0%) 33.33
67 ( 0%) 33.33
result accuracy by symbol:
( (91%) 21.81
) (91%) 21.81
* (87%) 21.11
+ (84%) 20.17
- (77%) 26.06
/ (76%) 22.16
0 (52%) 26.88
1 (60%) 22.72
2 (61%) 22.33
3 (62%) 21.51
4 (61%) 21.56
5 (62%) 20.77
6 (62%) 21.46
7 (63%) 21.21
8 (64%) 20.48
9 (63%) 20.15
result accuracy by digit:
0 ( 0%) 100.00
1 ( 0%)  0.00
2 ( 0%)  0.00
3 ( 0%)  0.00
4 ( 0%)  0.00
5 ( 0%)  0.00
6 ( 0%)  0.00
7 ( 0%)  0.00
8 ( 0%)  0.00
9 ( 0%)  0.00
result accuracy by result:
0 (21%) 100.00
1 (10%)  0.00
2 ( 4%)  0.00
3 ( 2%)  0.00
4 ( 2%)  0.00
5 ( 2%)  0.00
6 ( 2%)  0.00
7 ( 2%)  0.00
8 ( 2%)  0.00
9 ( 1%)  0.00
result accuracy by generalization:
1 (22.45%) 29.73
2 (22.96%) 34.13
3 (22.53%)  0.00
4 (15.82%) 43.74
5 (16.24%)  0.00
error cases:
7 [-1] 7 0
7 [-1] 7 0
7 [-1] 7 0
7 [-1] 7 0
7 [-1] 7 0
7 [-1] 7 0
7 [-1] 7 0
7 [-1] 7 0
7 [-1] 7 0
7 [-1] 7 0
val (Perception Acc=0.00, Head Acc=0.00, Result Acc=21.43)
Epoch time: 1m 40s
------------------------------
Epoch 140/199 (max_len=inf, data=11170)
Train acc: 30.40, loss: 0.985 
Epoch time: 1m 26s
------------------------------
Epoch 141/199 (max_len=inf, data=11170)
Train acc: 30.38, loss: 0.984 
Epoch time: 1m 26s
------------------------------
Epoch 142/199 (max_len=inf, data=11170)
Train acc: 30.38, loss: 0.985 
Epoch time: 1m 26s
------------------------------
Epoch 143/199 (max_len=inf, data=11170)
Train acc: 30.39, loss: 0.985 
Epoch time: 1m 26s
------------------------------
Epoch 144/199 (max_len=inf, data=11170)
Train acc: 30.37, loss: 0.985 
result accuracy by length:
1 ( 2%) 10.00
3 ( 2%) 21.00
5 ( 2%) 16.28
7 ( 4%) 19.21
9 ( 4%) 22.11
11 ( 3%) 23.86
13 ( 4%) 17.13
15 ( 4%) 19.80
17 ( 4%) 18.93
19 ( 4%) 23.04
21 ( 4%) 22.73
23 ( 4%) 25.37
25 ( 4%) 17.00
27 ( 4%) 30.05
29 ( 3%) 27.75
31 ( 3%) 22.62
33 ( 2%) 16.43
35 ( 2%) 21.92
37 ( 2%) 23.93
39 ( 3%) 17.76
41 ( 3%) 24.16
43 ( 2%) 20.29
45 ( 2%) 18.75
47 ( 2%) 25.76
49 ( 2%) 23.24
51 ( 2%) 24.24
53 ( 2%) 22.39
55 ( 2%) 15.97
57 ( 2%) 21.68
59 ( 2%) 16.82
61 ( 1%) 25.00
63 ( 0%) 28.57
65 ( 0%) 33.33
67 ( 0%) 33.33
result accuracy by symbol:
( (91%) 21.81
) (91%) 21.81
* (87%) 21.11
+ (84%) 20.17
- (77%) 26.06
/ (76%) 22.16
0 (52%) 26.88
1 (60%) 22.72
2 (61%) 22.33
3 (62%) 21.51
4 (61%) 21.56
5 (62%) 20.77
6 (62%) 21.46
7 (63%) 21.21
8 (64%) 20.48
9 (63%) 20.15
result accuracy by digit:
0 ( 0%) 100.00
1 ( 0%)  0.00
2 ( 0%)  0.00
3 ( 0%)  0.00
4 ( 0%)  0.00
5 ( 0%)  0.00
6 ( 0%)  0.00
7 ( 0%)  0.00
8 ( 0%)  0.00
9 ( 0%)  0.00
result accuracy by result:
0 (21%) 100.00
1 (10%)  0.00
2 ( 4%)  0.00
3 ( 2%)  0.00
4 ( 2%)  0.00
5 ( 2%)  0.00
6 ( 2%)  0.00
7 ( 2%)  0.00
8 ( 2%)  0.00
9 ( 1%)  0.00
result accuracy by generalization:
1 (22.45%) 29.73
2 (22.96%) 34.13
3 (22.53%)  0.00
4 (15.82%) 43.74
5 (16.24%)  0.00
error cases:
7 [-1] 7 0
7 [-1] 7 0
7 [-1] 7 0
7 [-1] 7 0
7 [-1] 7 0
7 [-1] 7 0
7 [-1] 7 0
7 [-1] 7 0
7 [-1] 7 0
7 [-1] 7 0
val (Perception Acc=0.00, Head Acc=0.00, Result Acc=21.43)
Epoch time: 1m 40s
------------------------------
Epoch 145/199 (max_len=inf, data=11170)
Train acc: 30.40, loss: 0.984 
Epoch time: 1m 26s
------------------------------
Epoch 146/199 (max_len=inf, data=11170)
Train acc: 30.34, loss: 0.985 
Epoch time: 1m 26s
------------------------------
Epoch 147/199 (max_len=inf, data=11170)
Train acc: 30.40, loss: 0.984 
Epoch time: 1m 26s
------------------------------
Epoch 148/199 (max_len=inf, data=11170)
Train acc: 30.32, loss: 0.987 
Epoch time: 1m 26s
------------------------------
Epoch 149/199 (max_len=inf, data=11170)
Train acc: 30.44, loss: 0.984 
result accuracy by length:
1 ( 2%) 10.00
3 ( 2%) 21.00
5 ( 2%) 16.28
7 ( 4%) 19.21
9 ( 4%) 22.11
11 ( 3%) 23.86
13 ( 4%) 17.13
15 ( 4%) 19.80
17 ( 4%) 18.93
19 ( 4%) 23.04
21 ( 4%) 22.73
23 ( 4%) 25.37
25 ( 4%) 17.00
27 ( 4%) 30.05
29 ( 3%) 27.75
31 ( 3%) 22.62
33 ( 2%) 16.43
35 ( 2%) 21.92
37 ( 2%) 23.93
39 ( 3%) 17.76
41 ( 3%) 24.16
43 ( 2%) 20.29
45 ( 2%) 18.75
47 ( 2%) 25.76
49 ( 2%) 23.24
51 ( 2%) 24.24
53 ( 2%) 22.39
55 ( 2%) 15.97
57 ( 2%) 21.68
59 ( 2%) 16.82
61 ( 1%) 25.00
63 ( 0%) 28.57
65 ( 0%) 33.33
67 ( 0%) 33.33
result accuracy by symbol:
( (91%) 21.81
) (91%) 21.81
* (87%) 21.11
+ (84%) 20.17
- (77%) 26.06
/ (76%) 22.16
0 (52%) 26.88
1 (60%) 22.72
2 (61%) 22.33
3 (62%) 21.51
4 (61%) 21.56
5 (62%) 20.77
6 (62%) 21.46
7 (63%) 21.21
8 (64%) 20.48
9 (63%) 20.15
result accuracy by digit:
0 ( 0%) 100.00
1 ( 0%)  0.00
2 ( 0%)  0.00
3 ( 0%)  0.00
4 ( 0%)  0.00
5 ( 0%)  0.00
6 ( 0%)  0.00
7 ( 0%)  0.00
8 ( 0%)  0.00
9 ( 0%)  0.00
result accuracy by result:
0 (21%) 100.00
1 (10%)  0.00
2 ( 4%)  0.00
3 ( 2%)  0.00
4 ( 2%)  0.00
5 ( 2%)  0.00
6 ( 2%)  0.00
7 ( 2%)  0.00
8 ( 2%)  0.00
9 ( 1%)  0.00
result accuracy by generalization:
1 (22.45%) 29.73
2 (22.96%) 34.13
3 (22.53%)  0.00
4 (15.82%) 43.74
5 (16.24%)  0.00
error cases:
7 [-1] 7 0
7 [-1] 7 0
7 [-1] 7 0
7 [-1] 7 0
7 [-1] 7 0
7 [-1] 7 0
7 [-1] 7 0
7 [-1] 7 0
7 [-1] 7 0
7 [-1] 7 0
val (Perception Acc=0.00, Head Acc=0.00, Result Acc=21.43)
Epoch time: 1m 40s
------------------------------
Epoch 150/199 (max_len=inf, data=11170)
Train acc: 30.34, loss: 0.985 
Epoch time: 1m 26s
------------------------------
Epoch 151/199 (max_len=inf, data=11170)
Train acc: 30.41, loss: 0.984 
Epoch time: 1m 26s
------------------------------
Epoch 152/199 (max_len=inf, data=11170)
Train acc: 30.36, loss: 0.984 
Epoch time: 1m 26s
------------------------------
Epoch 153/199 (max_len=inf, data=11170)
Train acc: 30.40, loss: 0.986 
Epoch time: 1m 26s
------------------------------
Epoch 154/199 (max_len=inf, data=11170)
Train acc: 30.37, loss: 0.985 
result accuracy by length:
1 ( 2%) 10.00
3 ( 2%) 21.00
5 ( 2%) 16.28
7 ( 4%) 19.21
9 ( 4%) 22.11
11 ( 3%) 23.86
13 ( 4%) 17.13
15 ( 4%) 19.80
17 ( 4%) 18.93
19 ( 4%) 23.04
21 ( 4%) 22.73
23 ( 4%) 25.37
25 ( 4%) 17.00
27 ( 4%) 30.05
29 ( 3%) 27.75
31 ( 3%) 22.62
33 ( 2%) 16.43
35 ( 2%) 21.92
37 ( 2%) 23.93
39 ( 3%) 17.76
41 ( 3%) 24.16
43 ( 2%) 20.29
45 ( 2%) 18.75
47 ( 2%) 25.76
49 ( 2%) 23.24
51 ( 2%) 24.24
53 ( 2%) 22.39
55 ( 2%) 15.97
57 ( 2%) 21.68
59 ( 2%) 16.82
61 ( 1%) 25.00
63 ( 0%) 28.57
65 ( 0%) 33.33
67 ( 0%) 33.33
result accuracy by symbol:
( (91%) 21.81
) (91%) 21.81
* (87%) 21.11
+ (84%) 20.17
- (77%) 26.06
/ (76%) 22.16
0 (52%) 26.88
1 (60%) 22.72
2 (61%) 22.33
3 (62%) 21.51
4 (61%) 21.56
5 (62%) 20.77
6 (62%) 21.46
7 (63%) 21.21
8 (64%) 20.48
9 (63%) 20.15
result accuracy by digit:
0 ( 0%) 100.00
1 ( 0%)  0.00
2 ( 0%)  0.00
3 ( 0%)  0.00
4 ( 0%)  0.00
5 ( 0%)  0.00
6 ( 0%)  0.00
7 ( 0%)  0.00
8 ( 0%)  0.00
9 ( 0%)  0.00
result accuracy by result:
0 (21%) 100.00
1 (10%)  0.00
2 ( 4%)  0.00
3 ( 2%)  0.00
4 ( 2%)  0.00
5 ( 2%)  0.00
6 ( 2%)  0.00
7 ( 2%)  0.00
8 ( 2%)  0.00
9 ( 1%)  0.00
result accuracy by generalization:
1 (22.45%) 29.73
2 (22.96%) 34.13
3 (22.53%)  0.00
4 (15.82%) 43.74
5 (16.24%)  0.00
error cases:
7 [-1] 7 0
7 [-1] 7 0
7 [-1] 7 0
7 [-1] 7 0
7 [-1] 7 0
7 [-1] 7 0
7 [-1] 7 0
7 [-1] 7 0
7 [-1] 7 0
7 [-1] 7 0
val (Perception Acc=0.00, Head Acc=0.00, Result Acc=21.43)
Epoch time: 1m 40s
------------------------------
Epoch 155/199 (max_len=inf, data=11170)
Train acc: 30.37, loss: 0.986 
Epoch time: 1m 26s
------------------------------
Epoch 156/199 (max_len=inf, data=11170)
Train acc: 30.37, loss: 0.985 
Epoch time: 1m 26s
------------------------------
Epoch 157/199 (max_len=inf, data=11170)
Train acc: 30.40, loss: 0.985 
Epoch time: 1m 26s
------------------------------
Epoch 158/199 (max_len=inf, data=11170)
Train acc: 30.35, loss: 0.985 
Epoch time: 1m 26s
------------------------------
Epoch 159/199 (max_len=inf, data=11170)
Train acc: 30.40, loss: 0.984 
result accuracy by length:
1 ( 2%) 10.00
3 ( 2%) 21.00
5 ( 2%) 16.28
7 ( 4%) 19.21
9 ( 4%) 22.11
11 ( 3%) 23.86
13 ( 4%) 17.13
15 ( 4%) 19.80
17 ( 4%) 18.93
19 ( 4%) 23.04
21 ( 4%) 22.73
23 ( 4%) 25.37
25 ( 4%) 17.00
27 ( 4%) 30.05
29 ( 3%) 27.75
31 ( 3%) 22.62
33 ( 2%) 16.43
35 ( 2%) 21.92
37 ( 2%) 23.93
39 ( 3%) 17.76
41 ( 3%) 24.16
43 ( 2%) 20.29
45 ( 2%) 18.75
47 ( 2%) 25.76
49 ( 2%) 23.24
51 ( 2%) 24.24
53 ( 2%) 22.39
55 ( 2%) 15.97
57 ( 2%) 21.68
59 ( 2%) 16.82
61 ( 1%) 25.00
63 ( 0%) 28.57
65 ( 0%) 33.33
67 ( 0%) 33.33
result accuracy by symbol:
( (91%) 21.81
) (91%) 21.81
* (87%) 21.11
+ (84%) 20.17
- (77%) 26.06
/ (76%) 22.16
0 (52%) 26.88
1 (60%) 22.72
2 (61%) 22.33
3 (62%) 21.51
4 (61%) 21.56
5 (62%) 20.77
6 (62%) 21.46
7 (63%) 21.21
8 (64%) 20.48
9 (63%) 20.15
result accuracy by digit:
0 ( 0%) 100.00
1 ( 0%)  0.00
2 ( 0%)  0.00
3 ( 0%)  0.00
4 ( 0%)  0.00
5 ( 0%)  0.00
6 ( 0%)  0.00
7 ( 0%)  0.00
8 ( 0%)  0.00
9 ( 0%)  0.00
result accuracy by result:
0 (21%) 100.00
1 (10%)  0.00
2 ( 4%)  0.00
3 ( 2%)  0.00
4 ( 2%)  0.00
5 ( 2%)  0.00
6 ( 2%)  0.00
7 ( 2%)  0.00
8 ( 2%)  0.00
9 ( 1%)  0.00
result accuracy by generalization:
1 (22.45%) 29.73
2 (22.96%) 34.13
3 (22.53%)  0.00
4 (15.82%) 43.74
5 (16.24%)  0.00
error cases:
7 [-1] 7 0
7 [-1] 7 0
7 [-1] 7 0
7 [-1] 7 0
7 [-1] 7 0
7 [-1] 7 0
7 [-1] 7 0
7 [-1] 7 0
7 [-1] 7 0
7 [-1] 7 0
val (Perception Acc=0.00, Head Acc=0.00, Result Acc=21.43)
Epoch time: 1m 40s
------------------------------
Epoch 160/199 (max_len=inf, data=11170)
Train acc: 30.10, loss: 0.989 
Epoch time: 1m 26s
------------------------------
Epoch 161/199 (max_len=inf, data=11170)
Train acc: 30.37, loss: 0.986 
Epoch time: 1m 26s
------------------------------
Epoch 162/199 (max_len=inf, data=11170)
Train acc: 30.37, loss: 0.985 
Epoch time: 1m 25s
------------------------------
Epoch 163/199 (max_len=inf, data=11170)
Train acc: 30.38, loss: 0.984 
Epoch time: 1m 26s
------------------------------
Epoch 164/199 (max_len=inf, data=11170)
Train acc: 30.39, loss: 0.986 
result accuracy by length:
1 ( 2%) 10.00
3 ( 2%) 21.00
5 ( 2%) 16.28
7 ( 4%) 19.21
9 ( 4%) 22.11
11 ( 3%) 23.86
13 ( 4%) 17.13
15 ( 4%) 19.80
17 ( 4%) 18.93
19 ( 4%) 23.04
21 ( 4%) 22.73
23 ( 4%) 25.37
25 ( 4%) 17.00
27 ( 4%) 30.05
29 ( 3%) 27.75
31 ( 3%) 22.62
33 ( 2%) 16.43
35 ( 2%) 21.92
37 ( 2%) 23.93
39 ( 3%) 17.76
41 ( 3%) 24.16
43 ( 2%) 20.29
45 ( 2%) 18.75
47 ( 2%) 25.76
49 ( 2%) 23.24
51 ( 2%) 24.24
53 ( 2%) 22.39
55 ( 2%) 15.97
57 ( 2%) 21.68
59 ( 2%) 16.82
61 ( 1%) 25.00
63 ( 0%) 28.57
65 ( 0%) 33.33
67 ( 0%) 33.33
result accuracy by symbol:
( (91%) 21.81
) (91%) 21.81
* (87%) 21.11
+ (84%) 20.17
- (77%) 26.06
/ (76%) 22.16
0 (52%) 26.88
1 (60%) 22.72
2 (61%) 22.33
3 (62%) 21.51
4 (61%) 21.56
5 (62%) 20.77
6 (62%) 21.46
7 (63%) 21.21
8 (64%) 20.48
9 (63%) 20.15
result accuracy by digit:
0 ( 0%) 100.00
1 ( 0%)  0.00
2 ( 0%)  0.00
3 ( 0%)  0.00
4 ( 0%)  0.00
5 ( 0%)  0.00
6 ( 0%)  0.00
7 ( 0%)  0.00
8 ( 0%)  0.00
9 ( 0%)  0.00
result accuracy by result:
0 (21%) 100.00
1 (10%)  0.00
2 ( 4%)  0.00
3 ( 2%)  0.00
4 ( 2%)  0.00
5 ( 2%)  0.00
6 ( 2%)  0.00
7 ( 2%)  0.00
8 ( 2%)  0.00
9 ( 1%)  0.00
result accuracy by generalization:
1 (22.45%) 29.73
2 (22.96%) 34.13
3 (22.53%)  0.00
4 (15.82%) 43.74
5 (16.24%)  0.00
error cases:
7 [-1] 7 0
7 [-1] 7 0
7 [-1] 7 0
7 [-1] 7 0
7 [-1] 7 0
7 [-1] 7 0
7 [-1] 7 0
7 [-1] 7 0
7 [-1] 7 0
7 [-1] 7 0
val (Perception Acc=0.00, Head Acc=0.00, Result Acc=21.43)
Epoch time: 1m 40s
------------------------------
Epoch 165/199 (max_len=inf, data=11170)
Train acc: 30.38, loss: 0.984 
Epoch time: 1m 26s
------------------------------
Epoch 166/199 (max_len=inf, data=11170)
Train acc: 30.38, loss: 0.985 
Epoch time: 1m 26s
------------------------------
Epoch 167/199 (max_len=inf, data=11170)
Train acc: 30.40, loss: 0.986 
Epoch time: 1m 26s
------------------------------
Epoch 168/199 (max_len=inf, data=11170)
Train acc: 30.37, loss: 0.986 
Epoch time: 1m 26s
------------------------------
Epoch 169/199 (max_len=inf, data=11170)
Train acc: 30.37, loss: 0.985 
result accuracy by length:
1 ( 2%) 10.00
3 ( 2%) 21.00
5 ( 2%) 16.28
7 ( 4%) 19.21
9 ( 4%) 22.11
11 ( 3%) 23.86
13 ( 4%) 17.13
15 ( 4%) 19.80
17 ( 4%) 18.93
19 ( 4%) 23.04
21 ( 4%) 22.73
23 ( 4%) 25.37
25 ( 4%) 17.00
27 ( 4%) 30.05
29 ( 3%) 27.75
31 ( 3%) 22.62
33 ( 2%) 16.43
35 ( 2%) 21.92
37 ( 2%) 23.93
39 ( 3%) 17.76
41 ( 3%) 24.16
43 ( 2%) 20.29
45 ( 2%) 18.75
47 ( 2%) 25.76
49 ( 2%) 23.24
51 ( 2%) 24.24
53 ( 2%) 22.39
55 ( 2%) 15.97
57 ( 2%) 21.68
59 ( 2%) 16.82
61 ( 1%) 25.00
63 ( 0%) 28.57
65 ( 0%) 33.33
67 ( 0%) 33.33
result accuracy by symbol:
( (91%) 21.81
) (91%) 21.81
* (87%) 21.11
+ (84%) 20.17
- (77%) 26.06
/ (76%) 22.16
0 (52%) 26.88
1 (60%) 22.72
2 (61%) 22.33
3 (62%) 21.51
4 (61%) 21.56
5 (62%) 20.77
6 (62%) 21.46
7 (63%) 21.21
8 (64%) 20.48
9 (63%) 20.15
result accuracy by digit:
0 ( 0%) 100.00
1 ( 0%)  0.00
2 ( 0%)  0.00
3 ( 0%)  0.00
4 ( 0%)  0.00
5 ( 0%)  0.00
6 ( 0%)  0.00
7 ( 0%)  0.00
8 ( 0%)  0.00
9 ( 0%)  0.00
result accuracy by result:
0 (21%) 100.00
1 (10%)  0.00
2 ( 4%)  0.00
3 ( 2%)  0.00
4 ( 2%)  0.00
5 ( 2%)  0.00
6 ( 2%)  0.00
7 ( 2%)  0.00
8 ( 2%)  0.00
9 ( 1%)  0.00
result accuracy by generalization:
1 (22.45%) 29.73
2 (22.96%) 34.13
3 (22.53%)  0.00
4 (15.82%) 43.74
5 (16.24%)  0.00
error cases:
7 [-1] 7 0
7 [-1] 7 0
7 [-1] 7 0
7 [-1] 7 0
7 [-1] 7 0
7 [-1] 7 0
7 [-1] 7 0
7 [-1] 7 0
7 [-1] 7 0
7 [-1] 7 0
val (Perception Acc=0.00, Head Acc=0.00, Result Acc=21.43)
Epoch time: 1m 40s
------------------------------
Epoch 170/199 (max_len=inf, data=11170)
Train acc: 30.39, loss: 0.985 
Epoch time: 1m 26s
------------------------------
Epoch 171/199 (max_len=inf, data=11170)
Train acc: 30.37, loss: 0.984 
Epoch time: 1m 26s
------------------------------
Epoch 172/199 (max_len=inf, data=11170)
Train acc: 30.37, loss: 0.985 
Epoch time: 1m 26s
------------------------------
Epoch 173/199 (max_len=inf, data=11170)
Train acc: 30.37, loss: 0.984 
Epoch time: 1m 26s
------------------------------
Epoch 174/199 (max_len=inf, data=11170)
Train acc: 30.34, loss: 0.986 
result accuracy by length:
1 ( 2%) 10.00
3 ( 2%) 21.00
5 ( 2%) 16.28
7 ( 4%) 19.21
9 ( 4%) 22.11
11 ( 3%) 23.86
13 ( 4%) 17.13
15 ( 4%) 19.80
17 ( 4%) 18.93
19 ( 4%) 23.04
21 ( 4%) 22.73
23 ( 4%) 25.37
25 ( 4%) 17.00
27 ( 4%) 30.05
29 ( 3%) 27.75
31 ( 3%) 22.62
33 ( 2%) 16.43
35 ( 2%) 21.92
37 ( 2%) 23.93
39 ( 3%) 17.76
41 ( 3%) 24.16
43 ( 2%) 20.29
45 ( 2%) 18.75
47 ( 2%) 25.76
49 ( 2%) 23.24
51 ( 2%) 24.24
53 ( 2%) 22.39
55 ( 2%) 15.97
57 ( 2%) 21.68
59 ( 2%) 16.82
61 ( 1%) 25.00
63 ( 0%) 28.57
65 ( 0%) 33.33
67 ( 0%) 33.33
result accuracy by symbol:
( (91%) 21.81
) (91%) 21.81
* (87%) 21.11
+ (84%) 20.17
- (77%) 26.06
/ (76%) 22.16
0 (52%) 26.88
1 (60%) 22.72
2 (61%) 22.33
3 (62%) 21.51
4 (61%) 21.56
5 (62%) 20.77
6 (62%) 21.46
7 (63%) 21.21
8 (64%) 20.48
9 (63%) 20.15
result accuracy by digit:
0 ( 0%) 100.00
1 ( 0%)  0.00
2 ( 0%)  0.00
3 ( 0%)  0.00
4 ( 0%)  0.00
5 ( 0%)  0.00
6 ( 0%)  0.00
7 ( 0%)  0.00
8 ( 0%)  0.00
9 ( 0%)  0.00
result accuracy by result:
0 (21%) 100.00
1 (10%)  0.00
2 ( 4%)  0.00
3 ( 2%)  0.00
4 ( 2%)  0.00
5 ( 2%)  0.00
6 ( 2%)  0.00
7 ( 2%)  0.00
8 ( 2%)  0.00
9 ( 1%)  0.00
result accuracy by generalization:
1 (22.45%) 29.73
2 (22.96%) 34.13
3 (22.53%)  0.00
4 (15.82%) 43.74
5 (16.24%)  0.00
error cases:
7 [-1] 7 0
7 [-1] 7 0
7 [-1] 7 0
7 [-1] 7 0
7 [-1] 7 0
7 [-1] 7 0
7 [-1] 7 0
7 [-1] 7 0
7 [-1] 7 0
7 [-1] 7 0
val (Perception Acc=0.00, Head Acc=0.00, Result Acc=21.43)
Epoch time: 1m 40s
------------------------------
Epoch 175/199 (max_len=inf, data=11170)
Train acc: 30.34, loss: 0.987 
Epoch time: 1m 26s
------------------------------
Epoch 176/199 (max_len=inf, data=11170)
Train acc: 30.37, loss: 0.985 
Epoch time: 1m 25s
------------------------------
Epoch 177/199 (max_len=inf, data=11170)
Train acc: 30.40, loss: 0.985 
Epoch time: 1m 26s
------------------------------
Epoch 178/199 (max_len=inf, data=11170)
Train acc: 30.39, loss: 0.984 
Epoch time: 1m 26s
------------------------------
Epoch 179/199 (max_len=inf, data=11170)
Train acc: 30.39, loss: 0.985 
result accuracy by length:
1 ( 2%) 10.00
3 ( 2%) 21.00
5 ( 2%) 16.28
7 ( 4%) 19.21
9 ( 4%) 22.11
11 ( 3%) 23.86
13 ( 4%) 17.13
15 ( 4%) 19.80
17 ( 4%) 18.93
19 ( 4%) 23.04
21 ( 4%) 22.73
23 ( 4%) 25.37
25 ( 4%) 17.00
27 ( 4%) 30.05
29 ( 3%) 27.75
31 ( 3%) 22.62
33 ( 2%) 16.43
35 ( 2%) 21.92
37 ( 2%) 23.93
39 ( 3%) 17.76
41 ( 3%) 24.16
43 ( 2%) 20.29
45 ( 2%) 18.75
47 ( 2%) 25.76
49 ( 2%) 23.24
51 ( 2%) 24.24
53 ( 2%) 22.39
55 ( 2%) 15.97
57 ( 2%) 21.68
59 ( 2%) 16.82
61 ( 1%) 25.00
63 ( 0%) 28.57
65 ( 0%) 33.33
67 ( 0%) 33.33
result accuracy by symbol:
( (91%) 21.81
) (91%) 21.81
* (87%) 21.11
+ (84%) 20.17
- (77%) 26.06
/ (76%) 22.16
0 (52%) 26.88
1 (60%) 22.72
2 (61%) 22.33
3 (62%) 21.51
4 (61%) 21.56
5 (62%) 20.77
6 (62%) 21.46
7 (63%) 21.21
8 (64%) 20.48
9 (63%) 20.15
result accuracy by digit:
0 ( 0%) 100.00
1 ( 0%)  0.00
2 ( 0%)  0.00
3 ( 0%)  0.00
4 ( 0%)  0.00
5 ( 0%)  0.00
6 ( 0%)  0.00
7 ( 0%)  0.00
8 ( 0%)  0.00
9 ( 0%)  0.00
result accuracy by result:
0 (21%) 100.00
1 (10%)  0.00
2 ( 4%)  0.00
3 ( 2%)  0.00
4 ( 2%)  0.00
5 ( 2%)  0.00
6 ( 2%)  0.00
7 ( 2%)  0.00
8 ( 2%)  0.00
9 ( 1%)  0.00
result accuracy by generalization:
1 (22.45%) 29.73
2 (22.96%) 34.13
3 (22.53%)  0.00
4 (15.82%) 43.74
5 (16.24%)  0.00
error cases:
7 [-1] 7 0
7 [-1] 7 0
7 [-1] 7 0
7 [-1] 7 0
7 [-1] 7 0
7 [-1] 7 0
7 [-1] 7 0
7 [-1] 7 0
7 [-1] 7 0
7 [-1] 7 0
val (Perception Acc=0.00, Head Acc=0.00, Result Acc=21.43)
Epoch time: 1m 40s
------------------------------
Epoch 180/199 (max_len=inf, data=11170)
Train acc: 30.39, loss: 0.984 
Epoch time: 1m 26s
------------------------------
Epoch 181/199 (max_len=inf, data=11170)
Train acc: 30.37, loss: 0.984 
Epoch time: 1m 26s
------------------------------
Epoch 182/199 (max_len=inf, data=11170)
Train acc: 30.40, loss: 0.985 
Epoch time: 1m 26s
------------------------------
Epoch 183/199 (max_len=inf, data=11170)
Train acc: 30.35, loss: 0.985 
Epoch time: 1m 25s
------------------------------
Epoch 184/199 (max_len=inf, data=11170)
Train acc: 30.38, loss: 0.985 
result accuracy by length:
1 ( 2%) 10.00
3 ( 2%) 21.00
5 ( 2%) 16.28
7 ( 4%) 19.21
9 ( 4%) 22.11
11 ( 3%) 23.86
13 ( 4%) 17.13
15 ( 4%) 19.80
17 ( 4%) 18.93
19 ( 4%) 23.04
21 ( 4%) 22.73
23 ( 4%) 25.37
25 ( 4%) 17.00
27 ( 4%) 30.05
29 ( 3%) 27.75
31 ( 3%) 22.62
33 ( 2%) 16.43
35 ( 2%) 21.92
37 ( 2%) 23.93
39 ( 3%) 17.76
41 ( 3%) 24.16
43 ( 2%) 20.29
45 ( 2%) 18.75
47 ( 2%) 25.76
49 ( 2%) 23.24
51 ( 2%) 24.24
53 ( 2%) 22.39
55 ( 2%) 15.97
57 ( 2%) 21.68
59 ( 2%) 16.82
61 ( 1%) 25.00
63 ( 0%) 28.57
65 ( 0%) 33.33
67 ( 0%) 33.33
result accuracy by symbol:
( (91%) 21.81
) (91%) 21.81
* (87%) 21.11
+ (84%) 20.17
- (77%) 26.06
/ (76%) 22.16
0 (52%) 26.88
1 (60%) 22.72
2 (61%) 22.33
3 (62%) 21.51
4 (61%) 21.56
5 (62%) 20.77
6 (62%) 21.46
7 (63%) 21.21
8 (64%) 20.48
9 (63%) 20.15
result accuracy by digit:
0 ( 0%) 100.00
1 ( 0%)  0.00
2 ( 0%)  0.00
3 ( 0%)  0.00
4 ( 0%)  0.00
5 ( 0%)  0.00
6 ( 0%)  0.00
7 ( 0%)  0.00
8 ( 0%)  0.00
9 ( 0%)  0.00
result accuracy by result:
0 (21%) 100.00
1 (10%)  0.00
2 ( 4%)  0.00
3 ( 2%)  0.00
4 ( 2%)  0.00
5 ( 2%)  0.00
6 ( 2%)  0.00
7 ( 2%)  0.00
8 ( 2%)  0.00
9 ( 1%)  0.00
result accuracy by generalization:
1 (22.45%) 29.73
2 (22.96%) 34.13
3 (22.53%)  0.00
4 (15.82%) 43.74
5 (16.24%)  0.00
error cases:
7 [-1] 7 0
7 [-1] 7 0
7 [-1] 7 0
7 [-1] 7 0
7 [-1] 7 0
7 [-1] 7 0
7 [-1] 7 0
7 [-1] 7 0
7 [-1] 7 0
7 [-1] 7 0
val (Perception Acc=0.00, Head Acc=0.00, Result Acc=21.43)
Epoch time: 1m 39s
------------------------------
Epoch 185/199 (max_len=inf, data=11170)
Train acc: 30.37, loss: 0.984 
Epoch time: 1m 26s
------------------------------
Epoch 186/199 (max_len=inf, data=11170)
Train acc: 30.38, loss: 0.985 
Epoch time: 1m 26s
------------------------------
Epoch 187/199 (max_len=inf, data=11170)
Train acc: 30.36, loss: 0.985 
Epoch time: 1m 26s
------------------------------
Epoch 188/199 (max_len=inf, data=11170)
Train acc: 30.41, loss: 0.985 
Epoch time: 1m 26s
------------------------------
Epoch 189/199 (max_len=inf, data=11170)
Train acc: 30.36, loss: 0.985 
result accuracy by length:
1 ( 2%) 10.00
3 ( 2%) 21.00
5 ( 2%) 16.28
7 ( 4%) 19.21
9 ( 4%) 22.11
11 ( 3%) 23.86
13 ( 4%) 17.13
15 ( 4%) 19.80
17 ( 4%) 18.93
19 ( 4%) 23.04
21 ( 4%) 22.73
23 ( 4%) 25.37
25 ( 4%) 17.00
27 ( 4%) 30.05
29 ( 3%) 27.75
31 ( 3%) 22.62
33 ( 2%) 16.43
35 ( 2%) 21.92
37 ( 2%) 23.93
39 ( 3%) 17.76
41 ( 3%) 24.16
43 ( 2%) 20.29
45 ( 2%) 18.75
47 ( 2%) 25.76
49 ( 2%) 23.24
51 ( 2%) 24.24
53 ( 2%) 22.39
55 ( 2%) 15.97
57 ( 2%) 21.68
59 ( 2%) 16.82
61 ( 1%) 25.00
63 ( 0%) 28.57
65 ( 0%) 33.33
67 ( 0%) 33.33
result accuracy by symbol:
( (91%) 21.81
) (91%) 21.81
* (87%) 21.11
+ (84%) 20.17
- (77%) 26.06
/ (76%) 22.16
0 (52%) 26.88
1 (60%) 22.72
2 (61%) 22.33
3 (62%) 21.51
4 (61%) 21.56
5 (62%) 20.77
6 (62%) 21.46
7 (63%) 21.21
8 (64%) 20.48
9 (63%) 20.15
result accuracy by digit:
0 ( 0%) 100.00
1 ( 0%)  0.00
2 ( 0%)  0.00
3 ( 0%)  0.00
4 ( 0%)  0.00
5 ( 0%)  0.00
6 ( 0%)  0.00
7 ( 0%)  0.00
8 ( 0%)  0.00
9 ( 0%)  0.00
result accuracy by result:
0 (21%) 100.00
1 (10%)  0.00
2 ( 4%)  0.00
3 ( 2%)  0.00
4 ( 2%)  0.00
5 ( 2%)  0.00
6 ( 2%)  0.00
7 ( 2%)  0.00
8 ( 2%)  0.00
9 ( 1%)  0.00
result accuracy by generalization:
1 (22.45%) 29.73
2 (22.96%) 34.13
3 (22.53%)  0.00
4 (15.82%) 43.74
5 (16.24%)  0.00
error cases:
7 [-1] 7 0
7 [-1] 7 0
7 [-1] 7 0
7 [-1] 7 0
7 [-1] 7 0
7 [-1] 7 0
7 [-1] 7 0
7 [-1] 7 0
7 [-1] 7 0
7 [-1] 7 0
val (Perception Acc=0.00, Head Acc=0.00, Result Acc=21.43)
Epoch time: 1m 40s
------------------------------
Epoch 190/199 (max_len=inf, data=11170)
Train acc: 30.37, loss: 0.985 
Epoch time: 1m 26s
------------------------------
Epoch 191/199 (max_len=inf, data=11170)
Train acc: 30.41, loss: 0.984 
Epoch time: 1m 26s
------------------------------
Epoch 192/199 (max_len=inf, data=11170)
Train acc: 30.38, loss: 0.984 
Epoch time: 1m 26s
------------------------------
Epoch 193/199 (max_len=inf, data=11170)
Train acc: 30.38, loss: 0.984 
Epoch time: 1m 26s
------------------------------
Epoch 194/199 (max_len=inf, data=11170)
Train acc: 30.37, loss: 0.984 
result accuracy by length:
1 ( 2%) 10.00
3 ( 2%) 21.00
5 ( 2%) 16.28
7 ( 4%) 19.21
9 ( 4%) 22.11
11 ( 3%) 23.86
13 ( 4%) 17.13
15 ( 4%) 19.80
17 ( 4%) 18.93
19 ( 4%) 23.04
21 ( 4%) 22.73
23 ( 4%) 25.37
25 ( 4%) 17.00
27 ( 4%) 30.05
29 ( 3%) 27.75
31 ( 3%) 22.62
33 ( 2%) 16.43
35 ( 2%) 21.92
37 ( 2%) 23.93
39 ( 3%) 17.76
41 ( 3%) 24.16
43 ( 2%) 20.29
45 ( 2%) 18.75
47 ( 2%) 25.76
49 ( 2%) 23.24
51 ( 2%) 24.24
53 ( 2%) 22.39
55 ( 2%) 15.97
57 ( 2%) 21.68
59 ( 2%) 16.82
61 ( 1%) 25.00
63 ( 0%) 28.57
65 ( 0%) 33.33
67 ( 0%) 33.33
result accuracy by symbol:
( (91%) 21.81
) (91%) 21.81
* (87%) 21.11
+ (84%) 20.17
- (77%) 26.06
/ (76%) 22.16
0 (52%) 26.88
1 (60%) 22.72
2 (61%) 22.33
3 (62%) 21.51
4 (61%) 21.56
5 (62%) 20.77
6 (62%) 21.46
7 (63%) 21.21
8 (64%) 20.48
9 (63%) 20.15
result accuracy by digit:
0 ( 0%) 100.00
1 ( 0%)  0.00
2 ( 0%)  0.00
3 ( 0%)  0.00
4 ( 0%)  0.00
5 ( 0%)  0.00
6 ( 0%)  0.00
7 ( 0%)  0.00
8 ( 0%)  0.00
9 ( 0%)  0.00
result accuracy by result:
0 (21%) 100.00
1 (10%)  0.00
2 ( 4%)  0.00
3 ( 2%)  0.00
4 ( 2%)  0.00
5 ( 2%)  0.00
6 ( 2%)  0.00
7 ( 2%)  0.00
8 ( 2%)  0.00
9 ( 1%)  0.00
result accuracy by generalization:
1 (22.45%) 29.73
2 (22.96%) 34.13
3 (22.53%)  0.00
4 (15.82%) 43.74
5 (16.24%)  0.00
error cases:
7 [-1] 7 0
7 [-1] 7 0
7 [-1] 7 0
7 [-1] 7 0
7 [-1] 7 0
7 [-1] 7 0
7 [-1] 7 0
7 [-1] 7 0
7 [-1] 7 0
7 [-1] 7 0
val (Perception Acc=0.00, Head Acc=0.00, Result Acc=21.43)
Epoch time: 1m 40s
------------------------------
Epoch 195/199 (max_len=inf, data=11170)
Train acc: 30.37, loss: 0.985 
Epoch time: 1m 26s
------------------------------
Epoch 196/199 (max_len=inf, data=11170)
Train acc: 30.40, loss: 0.985 
Epoch time: 1m 26s
------------------------------
Epoch 197/199 (max_len=inf, data=11170)
Train acc: 30.39, loss: 0.985 
Epoch time: 1m 26s
------------------------------
Epoch 198/199 (max_len=inf, data=11170)
Train acc: 30.37, loss: 0.985 
Epoch time: 1m 26s
------------------------------
Epoch 199/199 (max_len=inf, data=11170)
Train acc: 30.39, loss: 0.986 
result accuracy by length:
1 ( 2%) 10.00
3 ( 2%) 21.00
5 ( 2%) 16.28
7 ( 4%) 19.21
9 ( 4%) 22.11
11 ( 3%) 23.86
13 ( 4%) 17.13
15 ( 4%) 19.80
17 ( 4%) 18.93
19 ( 4%) 23.04
21 ( 4%) 22.73
23 ( 4%) 25.37
25 ( 4%) 17.00
27 ( 4%) 30.05
29 ( 3%) 27.75
31 ( 3%) 22.62
33 ( 2%) 16.43
35 ( 2%) 21.92
37 ( 2%) 23.93
39 ( 3%) 17.76
41 ( 3%) 24.16
43 ( 2%) 20.29
45 ( 2%) 18.75
47 ( 2%) 25.76
49 ( 2%) 23.24
51 ( 2%) 24.24
53 ( 2%) 22.39
55 ( 2%) 15.97
57 ( 2%) 21.68
59 ( 2%) 16.82
61 ( 1%) 25.00
63 ( 0%) 28.57
65 ( 0%) 33.33
67 ( 0%) 33.33
result accuracy by symbol:
( (91%) 21.81
) (91%) 21.81
* (87%) 21.11
+ (84%) 20.17
- (77%) 26.06
/ (76%) 22.16
0 (52%) 26.88
1 (60%) 22.72
2 (61%) 22.33
3 (62%) 21.51
4 (61%) 21.56
5 (62%) 20.77
6 (62%) 21.46
7 (63%) 21.21
8 (64%) 20.48
9 (63%) 20.15
result accuracy by digit:
0 ( 0%) 100.00
1 ( 0%)  0.00
2 ( 0%)  0.00
3 ( 0%)  0.00
4 ( 0%)  0.00
5 ( 0%)  0.00
6 ( 0%)  0.00
7 ( 0%)  0.00
8 ( 0%)  0.00
9 ( 0%)  0.00
result accuracy by result:
0 (21%) 100.00
1 (10%)  0.00
2 ( 4%)  0.00
3 ( 2%)  0.00
4 ( 2%)  0.00
5 ( 2%)  0.00
6 ( 2%)  0.00
7 ( 2%)  0.00
8 ( 2%)  0.00
9 ( 1%)  0.00
result accuracy by generalization:
1 (22.45%) 29.73
2 (22.96%) 34.13
3 (22.53%)  0.00
4 (15.82%) 43.74
5 (16.24%)  0.00
error cases:
7 [-1] 7 0
7 [-1] 7 0
7 [-1] 7 0
7 [-1] 7 0
7 [-1] 7 0
7 [-1] 7 0
7 [-1] 7 0
7 [-1] 7 0
7 [-1] 7 0
7 [-1] 7 0
val (Perception Acc=0.00, Head Acc=0.00, Result Acc=21.43)
Epoch time: 1m 40s
------------------------------
Evaluate on test set...
result accuracy by length:
1 ( 2%) 10.00
3 ( 2%) 21.54
5 ( 2%) 20.68
7 ( 4%) 18.38
9 ( 4%) 18.97
11 ( 4%) 19.16
13 ( 4%) 20.35
15 ( 4%) 22.34
17 ( 4%) 22.10
19 ( 4%) 22.65
21 ( 4%) 23.46
23 ( 4%) 24.60
25 ( 4%) 23.73
27 ( 4%) 25.61
29 ( 3%) 25.34
31 ( 3%) 24.55
33 ( 2%) 21.64
35 ( 2%) 20.16
37 ( 2%) 20.80
39 ( 2%) 21.08
41 ( 2%) 19.69
43 ( 2%) 21.87
45 ( 2%) 19.37
47 ( 2%) 19.60
49 ( 2%) 21.82
51 ( 2%) 21.98
53 ( 2%) 19.83
55 ( 2%) 20.33
57 ( 2%) 19.00
59 ( 2%) 21.02
61 ( 1%) 22.35
63 ( 0%) 25.06
65 ( 0%) 27.27
67 ( 0%) 34.48
69 ( 0%) 45.45
71 ( 0%) 50.00
result accuracy by symbol:
( (91%) 21.73
) (91%) 21.73
* (87%) 21.15
+ (84%) 20.07
- (78%) 25.63
/ (77%) 22.18
0 (51%) 26.84
1 (60%) 22.58
2 (61%) 21.95
3 (62%) 21.86
4 (62%) 21.53
5 (62%) 21.10
6 (62%) 20.92
7 (63%) 20.83
8 (63%) 20.70
9 (63%) 20.20
result accuracy by digit:
0 ( 0%) 100.00
1 ( 0%)  0.00
2 ( 0%)  0.00
3 ( 0%)  0.00
4 ( 0%)  0.00
5 ( 0%)  0.00
6 ( 0%)  0.00
7 ( 0%)  0.00
8 ( 0%)  0.00
9 ( 0%)  0.00
result accuracy by result:
0 (21%) 100.00
1 (11%)  0.00
2 ( 3%)  0.00
3 ( 3%)  0.00
4 ( 2%)  0.00
5 ( 2%)  0.00
6 ( 2%)  0.00
7 ( 2%)  0.00
8 ( 2%)  0.00
9 ( 2%)  0.00
result accuracy by generalization:
1 (22.84%) 30.38
2 (23.00%) 34.25
3 (22.36%)  0.00
4 (15.84%) 41.80
5 (15.95%)  0.00
error cases:
7 [-1] 7 0
7 [-1] 7 0
7 [-1] 7 0
7 [-1] 7 0
7 [-1] 7 0
7 [-1] 7 0
7 [-1] 7 0
7 [-1] 7 0
7 [-1] 7 0
7 [-1] 7 0
test (Perception Acc=0.00, Head Acc=0.00, Result Acc=21.44)
