train: 11170 val: 4900 test: 48910
Namespace(curriculum=True, dec_layers=6, enc_layers=6, epochs=200, epochs_eval=5, output_dir='outputs/', perception=False, perception_pretrain='data/perception-pretrain/model.pth.tar_78.2_match', resume=None, seed=0, semantics=False, syntax=False)
Seq2Seq(
  (encoder): Encoder(
    (image_encoder): ClusteringModel(
      (backbone): ResNet(
        (conv1): Conv2d(1, 64, kernel_size=(3, 3), stride=(1, 1), padding=(1, 1), bias=False)
        (bn1): BatchNorm2d(64, eps=1e-05, momentum=0.1, affine=True, track_running_stats=True)
        (layer1): Sequential(
          (0): BasicBlock(
            (conv1): Conv2d(64, 64, kernel_size=(3, 3), stride=(1, 1), padding=(1, 1), bias=False)
            (bn1): BatchNorm2d(64, eps=1e-05, momentum=0.1, affine=True, track_running_stats=True)
            (conv2): Conv2d(64, 64, kernel_size=(3, 3), stride=(1, 1), padding=(1, 1), bias=False)
            (bn2): BatchNorm2d(64, eps=1e-05, momentum=0.1, affine=True, track_running_stats=True)
            (shortcut): Sequential()
          )
          (1): BasicBlock(
            (conv1): Conv2d(64, 64, kernel_size=(3, 3), stride=(1, 1), padding=(1, 1), bias=False)
            (bn1): BatchNorm2d(64, eps=1e-05, momentum=0.1, affine=True, track_running_stats=True)
            (conv2): Conv2d(64, 64, kernel_size=(3, 3), stride=(1, 1), padding=(1, 1), bias=False)
            (bn2): BatchNorm2d(64, eps=1e-05, momentum=0.1, affine=True, track_running_stats=True)
            (shortcut): Sequential()
          )
        )
        (layer2): Sequential(
          (0): BasicBlock(
            (conv1): Conv2d(64, 128, kernel_size=(3, 3), stride=(2, 2), padding=(1, 1), bias=False)
            (bn1): BatchNorm2d(128, eps=1e-05, momentum=0.1, affine=True, track_running_stats=True)
            (conv2): Conv2d(128, 128, kernel_size=(3, 3), stride=(1, 1), padding=(1, 1), bias=False)
            (bn2): BatchNorm2d(128, eps=1e-05, momentum=0.1, affine=True, track_running_stats=True)
            (shortcut): Sequential(
              (0): Conv2d(64, 128, kernel_size=(1, 1), stride=(2, 2), bias=False)
              (1): BatchNorm2d(128, eps=1e-05, momentum=0.1, affine=True, track_running_stats=True)
            )
          )
          (1): BasicBlock(
            (conv1): Conv2d(128, 128, kernel_size=(3, 3), stride=(1, 1), padding=(1, 1), bias=False)
            (bn1): BatchNorm2d(128, eps=1e-05, momentum=0.1, affine=True, track_running_stats=True)
            (conv2): Conv2d(128, 128, kernel_size=(3, 3), stride=(1, 1), padding=(1, 1), bias=False)
            (bn2): BatchNorm2d(128, eps=1e-05, momentum=0.1, affine=True, track_running_stats=True)
            (shortcut): Sequential()
          )
        )
        (layer3): Sequential(
          (0): BasicBlock(
            (conv1): Conv2d(128, 256, kernel_size=(3, 3), stride=(2, 2), padding=(1, 1), bias=False)
            (bn1): BatchNorm2d(256, eps=1e-05, momentum=0.1, affine=True, track_running_stats=True)
            (conv2): Conv2d(256, 256, kernel_size=(3, 3), stride=(1, 1), padding=(1, 1), bias=False)
            (bn2): BatchNorm2d(256, eps=1e-05, momentum=0.1, affine=True, track_running_stats=True)
            (shortcut): Sequential(
              (0): Conv2d(128, 256, kernel_size=(1, 1), stride=(2, 2), bias=False)
              (1): BatchNorm2d(256, eps=1e-05, momentum=0.1, affine=True, track_running_stats=True)
            )
          )
          (1): BasicBlock(
            (conv1): Conv2d(256, 256, kernel_size=(3, 3), stride=(1, 1), padding=(1, 1), bias=False)
            (bn1): BatchNorm2d(256, eps=1e-05, momentum=0.1, affine=True, track_running_stats=True)
            (conv2): Conv2d(256, 256, kernel_size=(3, 3), stride=(1, 1), padding=(1, 1), bias=False)
            (bn2): BatchNorm2d(256, eps=1e-05, momentum=0.1, affine=True, track_running_stats=True)
            (shortcut): Sequential()
          )
        )
        (layer4): Sequential(
          (0): BasicBlock(
            (conv1): Conv2d(256, 512, kernel_size=(3, 3), stride=(2, 2), padding=(1, 1), bias=False)
            (bn1): BatchNorm2d(512, eps=1e-05, momentum=0.1, affine=True, track_running_stats=True)
            (conv2): Conv2d(512, 512, kernel_size=(3, 3), stride=(1, 1), padding=(1, 1), bias=False)
            (bn2): BatchNorm2d(512, eps=1e-05, momentum=0.1, affine=True, track_running_stats=True)
            (shortcut): Sequential(
              (0): Conv2d(256, 512, kernel_size=(1, 1), stride=(2, 2), bias=False)
              (1): BatchNorm2d(512, eps=1e-05, momentum=0.1, affine=True, track_running_stats=True)
            )
          )
          (1): BasicBlock(
            (conv1): Conv2d(512, 512, kernel_size=(3, 3), stride=(1, 1), padding=(1, 1), bias=False)
            (bn1): BatchNorm2d(512, eps=1e-05, momentum=0.1, affine=True, track_running_stats=True)
            (conv2): Conv2d(512, 512, kernel_size=(3, 3), stride=(1, 1), padding=(1, 1), bias=False)
            (bn2): BatchNorm2d(512, eps=1e-05, momentum=0.1, affine=True, track_running_stats=True)
            (shortcut): Sequential()
          )
        )
        (avgpool): AdaptiveAvgPool2d(output_size=(1, 1))
      )
      (cluster_head): ModuleList(
        (0): Linear(in_features=512, out_features=16, bias=True)
      )
    )
    (symbol_embeding): Embedding(16, 128)
    (aux_embeding): Embedding(3, 128)
    (rnn): GRU(128, 128, num_layers=6, dropout=0.5, bidirectional=True)
  )
  (decoder): Decoder(
    (embedding): Embedding(13, 128)
    (rnn): GRU(128, 256, num_layers=6, dropout=0.5)
    (fc_out): Linear(in_features=256, out_features=13, bias=True)
    (dropout): Dropout(p=0.5, inplace=False)
  )
)
Curriculum: [(0, 1), (1, 3), (20, 7), (40, 11), (60, 15), (80, inf)]
------------------------------
Epoch 0/199 (max_len=1, data=1000)
Train acc: 0.20, loss: 1.850 
Epoch time: 0m 2s
------------------------------
Epoch 1/199 (max_len=3, data=2170)
Train acc: 12.21, loss: 1.908 
Epoch time: 0m 4s
------------------------------
Epoch 2/199 (max_len=3, data=2170)
Train acc: 15.56, loss: 1.164 
Epoch time: 0m 4s
------------------------------
Epoch 3/199 (max_len=3, data=2170)
Train acc: 15.61, loss: 1.109 
Epoch time: 0m 4s
------------------------------
Epoch 4/199 (max_len=3, data=2170)
Train acc: 16.21, loss: 1.100 
result accuracy by length:
1 ( 2%) 10.00
3 ( 2%) 21.00
5 ( 2%) 16.28
7 ( 4%) 19.21
9 ( 4%) 22.11
11 ( 3%) 23.86
13 ( 4%) 17.13
15 ( 4%) 19.80
17 ( 4%) 18.93
19 ( 4%) 23.04
21 ( 4%) 22.73
23 ( 4%) 25.37
25 ( 4%) 17.00
27 ( 4%) 30.05
29 ( 3%) 27.75
31 ( 3%) 22.62
33 ( 2%) 16.43
35 ( 2%) 21.92
37 ( 2%) 23.93
39 ( 3%) 17.76
41 ( 3%) 24.16
43 ( 2%) 20.29
45 ( 2%) 18.75
47 ( 2%) 25.76
49 ( 2%) 23.24
51 ( 2%) 24.24
53 ( 2%) 22.39
55 ( 2%) 15.97
57 ( 2%) 21.68
59 ( 2%) 16.82
61 ( 1%) 25.00
63 ( 0%) 28.57
65 ( 0%) 33.33
67 ( 0%) 33.33
result accuracy by symbol:
( (91%) 21.81
) (91%) 21.81
* (87%) 21.11
+ (84%) 20.17
- (77%) 26.06
/ (76%) 22.16
0 (52%) 26.88
1 (60%) 22.72
2 (61%) 22.33
3 (62%) 21.51
4 (61%) 21.56
5 (62%) 20.77
6 (62%) 21.46
7 (63%) 21.21
8 (64%) 20.48
9 (63%) 20.15
result accuracy by digit:
0 ( 0%) 100.00
1 ( 0%)  0.00
2 ( 0%)  0.00
3 ( 0%)  0.00
4 ( 0%)  0.00
5 ( 0%)  0.00
6 ( 0%)  0.00
7 ( 0%)  0.00
8 ( 0%)  0.00
9 ( 0%)  0.00
result accuracy by result:
0 (21%) 100.00
1 (10%)  0.00
2 ( 4%)  0.00
3 ( 2%)  0.00
4 ( 2%)  0.00
5 ( 2%)  0.00
6 ( 2%)  0.00
7 ( 2%)  0.00
8 ( 2%)  0.00
9 ( 1%)  0.00
result accuracy by generalization:
1 (22.45%) 29.73
2 (22.96%) 34.13
3 (22.53%)  0.00
4 (15.82%) 43.74
5 (16.24%)  0.00
error cases:
7 [-1] 7 0
7 [-1] 7 0
7 [-1] 7 0
7 [-1] 7 0
7 [-1] 7 0
7 [-1] 7 0
7 [-1] 7 0
7 [-1] 7 0
7 [-1] 7 0
7 [-1] 7 0
val (Perception Acc=0.00, Head Acc=0.00, Result Acc=21.43)
Epoch time: 0m 18s
------------------------------
Epoch 5/199 (max_len=3, data=2170)
Train acc: 14.82, loss: 1.098 
Epoch time: 0m 4s
------------------------------
Epoch 6/199 (max_len=3, data=2170)
Train acc: 15.80, loss: 1.070 
Epoch time: 0m 4s
------------------------------
Epoch 7/199 (max_len=3, data=2170)
Train acc: 15.10, loss: 1.036 
Epoch time: 0m 4s
------------------------------
Epoch 8/199 (max_len=3, data=2170)
Train acc: 15.99, loss: 1.026 
Epoch time: 0m 4s
------------------------------
Epoch 9/199 (max_len=3, data=2170)
Train acc: 15.39, loss: 1.023 
result accuracy by length:
1 ( 2%) 10.00
3 ( 2%) 19.00
5 ( 2%)  3.10
7 ( 4%) 13.10
9 ( 4%)  2.51
11 ( 3%)  8.52
13 ( 4%)  3.70
15 ( 4%)  4.46
17 ( 4%)  4.85
19 ( 4%)  5.88
21 ( 4%)  4.55
23 ( 4%)  6.83
25 ( 4%)  2.50
27 ( 4%)  4.93
29 ( 3%)  5.24
31 ( 3%)  4.17
33 ( 2%)  7.14
35 ( 2%)  2.74
37 ( 2%)  4.27
39 ( 3%)  2.63
41 ( 3%)  2.68
43 ( 2%)  3.62
45 ( 2%)  4.46
47 ( 2%)  3.79
49 ( 2%)  3.52
51 ( 2%)  2.27
53 ( 2%)  2.99
55 ( 2%)  2.52
57 ( 2%)  2.80
59 ( 2%)  1.87
61 ( 1%)  6.25
63 ( 0%) 11.43
65 ( 0%) 22.22
67 ( 0%) 33.33
result accuracy by symbol:
( (91%)  4.76
) (91%)  4.76
* (87%)  4.39
+ (84%)  4.21
- (77%)  5.41
/ (76%)  4.66
0 (52%)  5.59
1 (60%)  4.28
2 (61%)  4.45
3 (62%)  4.36
4 (61%)  4.08
5 (62%)  4.17
6 (62%)  4.57
7 (63%)  4.46
8 (64%)  4.08
9 (63%)  4.02
result accuracy by digit:
0 ( 0%) 100.00
1 ( 0%)  0.00
2 ( 0%)  0.00
3 ( 0%)  0.00
4 ( 0%)  0.00
5 ( 0%)  0.00
6 ( 0%)  0.00
7 ( 0%)  0.00
8 ( 0%)  0.00
9 ( 0%)  0.00
result accuracy by result:
0 (21%) 15.24
1 (10%)  0.00
2 ( 4%)  0.00
3 ( 2%)  0.00
4 ( 2%)  0.00
5 ( 2%)  0.00
6 ( 2%) 78.26
7 ( 2%)  0.00
8 ( 2%)  0.85
9 ( 1%)  0.00
result accuracy by generalization:
1 (22.45%)  9.55
2 (22.96%)  7.38
3 (22.53%)  0.72
4 (15.82%)  5.68
5 (16.24%)  1.38
error cases:
7 [-1] 7 0
7 [-1] 7 0
7 [-1] 7 0
7 [-1] 7 0
7 [-1] 7 0
7 [-1] 7 0
7 [-1] 7 0
7 [-1] 7 0
7 [-1] 7 0
7 [-1] 7 0
val (Perception Acc=0.00, Head Acc=0.00, Result Acc=5.12)
Epoch time: 0m 17s
------------------------------
Epoch 10/199 (max_len=3, data=2170)
Train acc: 15.81, loss: 1.018 
Epoch time: 0m 4s
------------------------------
Epoch 11/199 (max_len=3, data=2170)
Train acc: 16.36, loss: 1.019 
Epoch time: 0m 4s
------------------------------
Epoch 12/199 (max_len=3, data=2170)
Train acc: 15.63, loss: 1.016 
Epoch time: 0m 4s
------------------------------
Epoch 13/199 (max_len=3, data=2170)
Train acc: 15.57, loss: 1.016 
Epoch time: 0m 4s
------------------------------
Epoch 14/199 (max_len=3, data=2170)
Train acc: 16.98, loss: 1.011 
result accuracy by length:
1 ( 2%) 10.00
3 ( 2%) 20.00
5 ( 2%)  8.53
7 ( 4%) 13.10
9 ( 4%) 11.56
11 ( 3%) 11.93
13 ( 4%)  8.80
15 ( 4%) 11.39
17 ( 4%) 13.59
19 ( 4%) 10.29
21 ( 4%) 13.13
23 ( 4%) 10.73
25 ( 4%)  8.00
27 ( 4%)  6.90
29 ( 3%) 12.04
31 ( 3%)  8.93
33 ( 2%) 15.71
35 ( 2%)  7.53
37 ( 2%) 11.11
39 ( 3%)  7.24
41 ( 3%) 11.41
43 ( 2%)  7.25
45 ( 2%)  9.82
47 ( 2%) 14.39
49 ( 2%)  2.11
51 ( 2%)  6.82
53 ( 2%) 11.19
55 ( 2%)  9.24
57 ( 2%)  8.39
59 ( 2%) 13.08
61 ( 1%) 21.88
63 ( 0%) 14.29
65 ( 0%) 22.22
67 ( 0%) 33.33
result accuracy by symbol:
( (91%) 10.65
) (91%) 10.65
* (87%)  9.32
+ (84%)  9.79
- (77%) 10.71
/ (76%) 11.77
0 (52%)  9.96
1 (60%) 10.64
2 (61%) 10.20
3 (62%) 10.62
4 (61%)  9.62
5 (62%) 10.03
6 (62%) 10.00
7 (63%) 10.36
8 (64%)  9.78
9 (63%)  9.64
result accuracy by digit:
0 ( 0%) 100.00
1 ( 0%)  0.00
2 ( 0%)  0.00
3 ( 0%)  0.00
4 ( 0%)  0.00
5 ( 0%)  0.00
6 ( 0%)  0.00
7 ( 0%)  0.00
8 ( 0%)  0.00
9 ( 0%)  0.00
result accuracy by result:
0 (21%) 15.24
1 (10%) 62.17
2 ( 4%)  0.00
3 ( 2%) 22.22
4 ( 2%)  0.00
5 ( 2%)  0.00
6 ( 2%)  0.00
7 ( 2%)  0.00
8 ( 2%)  0.00
9 ( 1%)  0.00
result accuracy by generalization:
1 (22.45%) 15.27
2 (22.96%) 13.60
3 (22.53%)  4.26
4 (15.82%) 10.32
5 (16.24%)  9.30
error cases:
7 [-1] 7 0
7 [-1] 7 0
7 [-1] 7 0
7 [-1] 7 0
7 [-1] 7 0
7 [-1] 7 0
7 [-1] 7 0
7 [-1] 7 0
7 [-1] 7 0
7 [-1] 7 0
val (Perception Acc=0.00, Head Acc=0.00, Result Acc=10.65)
Epoch time: 0m 17s
------------------------------
Epoch 15/199 (max_len=3, data=2170)
Train acc: 18.18, loss: 0.925 
Epoch time: 0m 4s
------------------------------
Epoch 16/199 (max_len=3, data=2170)
Train acc: 18.51, loss: 0.896 
Epoch time: 0m 4s
------------------------------
Epoch 17/199 (max_len=3, data=2170)
Train acc: 18.14, loss: 0.903 
Epoch time: 0m 4s
------------------------------
Epoch 18/199 (max_len=3, data=2170)
Train acc: 18.84, loss: 0.888 
Epoch time: 0m 4s
------------------------------
Epoch 19/199 (max_len=3, data=2170)
Train acc: 18.60, loss: 0.874 
result accuracy by length:
1 ( 2%) 10.00
3 ( 2%) 19.00
5 ( 2%)  3.10
7 ( 4%) 12.23
9 ( 4%)  4.52
11 ( 3%)  7.95
13 ( 4%)  1.85
15 ( 4%)  4.95
17 ( 4%)  5.83
19 ( 4%)  4.90
21 ( 4%)  3.54
23 ( 4%)  9.27
25 ( 4%)  1.50
27 ( 4%)  4.43
29 ( 3%)  4.71
31 ( 3%)  4.76
33 ( 2%) 10.00
35 ( 2%)  3.42
37 ( 2%)  2.56
39 ( 3%)  2.63
41 ( 3%)  2.68
43 ( 2%)  3.62
45 ( 2%)  1.79
47 ( 2%)  5.30
49 ( 2%)  1.41
51 ( 2%)  3.03
53 ( 2%)  2.99
55 ( 2%)  0.84
57 ( 2%)  2.80
59 ( 2%)  3.74
61 ( 1%)  4.69
63 ( 0%) 14.29
65 ( 0%) 22.22
67 ( 0%) 33.33
result accuracy by symbol:
( (91%)  4.80
) (91%)  4.80
* (87%)  4.30
+ (84%)  3.99
- (77%)  5.54
/ (76%)  4.53
0 (52%)  5.82
1 (60%)  4.22
2 (61%)  4.19
3 (62%)  4.46
4 (61%)  4.28
5 (62%)  3.87
6 (62%)  4.38
7 (63%)  4.84
8 (64%)  4.04
9 (63%)  3.77
result accuracy by digit:
0 ( 0%) 100.00
1 ( 0%)  0.00
2 ( 0%)  0.00
3 ( 0%)  0.00
4 ( 0%)  0.00
5 ( 0%)  0.00
6 ( 0%)  0.00
7 ( 0%)  0.00
8 ( 0%)  0.00
9 ( 0%)  0.00
result accuracy by result:
0 (21%) 15.24
1 (10%)  0.00
2 ( 4%)  0.00
3 ( 2%)  0.00
4 ( 2%)  0.00
5 ( 2%)  0.00
6 ( 2%)  0.00
7 ( 2%) 78.76
8 ( 2%)  0.00
9 ( 1%)  0.00
result accuracy by generalization:
1 (22.45%)  9.82
2 (22.96%)  7.20
3 (22.53%)  0.72
4 (15.82%)  5.29
5 (16.24%)  1.38
error cases:
7 [-1] 7 0
7 [-1] 7 0
7 [-1] 7 0
7 [-1] 7 0
7 [-1] 7 0
7 [-1] 7 0
7 [-1] 7 0
7 [-1] 7 0
7 [-1] 7 0
7 [-1] 7 0
val (Perception Acc=0.00, Head Acc=0.00, Result Acc=5.08)
Epoch time: 0m 17s
------------------------------
Epoch 20/199 (max_len=7, data=3387)
Train acc: 19.30, loss: 1.000 
Epoch time: 0m 8s
------------------------------
Epoch 21/199 (max_len=7, data=3387)
Train acc: 21.94, loss: 0.946 
Epoch time: 0m 8s
------------------------------
Epoch 22/199 (max_len=7, data=3387)
Train acc: 21.51, loss: 0.939 
Epoch time: 0m 8s
------------------------------
Epoch 23/199 (max_len=7, data=3387)
Train acc: 24.79, loss: 0.918 
Epoch time: 0m 8s
------------------------------
Epoch 24/199 (max_len=7, data=3387)
Train acc: 23.82, loss: 0.913 
result accuracy by length:
1 ( 2%) 19.00
3 ( 2%) 19.00
5 ( 2%) 17.05
7 ( 4%) 15.28
9 ( 4%) 19.60
11 ( 3%) 19.32
13 ( 4%) 19.44
15 ( 4%) 17.33
17 ( 4%) 18.93
19 ( 4%) 21.57
21 ( 4%) 20.71
23 ( 4%) 19.02
25 ( 4%) 17.00
27 ( 4%) 19.70
29 ( 3%) 21.99
31 ( 3%) 19.05
33 ( 2%) 15.71
35 ( 2%) 15.75
37 ( 2%) 23.93
39 ( 3%) 17.11
41 ( 3%) 19.46
43 ( 2%) 15.94
45 ( 2%) 19.64
47 ( 2%) 25.00
49 ( 2%) 18.31
51 ( 2%) 21.21
53 ( 2%) 22.39
55 ( 2%) 13.45
57 ( 2%) 20.28
59 ( 2%) 26.17
61 ( 1%) 31.25
63 ( 0%) 14.29
65 ( 0%) 22.22
67 ( 0%) 33.33
result accuracy by symbol:
( (91%) 19.45
) (91%) 19.45
* (87%) 17.90
+ (84%) 18.37
- (77%) 21.08
/ (76%) 21.07
0 (52%) 21.41
1 (60%) 20.38
2 (61%) 18.94
3 (62%) 19.31
4 (61%) 19.20
5 (62%) 19.30
6 (62%) 18.85
7 (63%) 19.24
8 (64%) 18.54
9 (63%) 18.01
result accuracy by digit:
0 ( 0%) 90.00
1 ( 0%) 100.00
2 ( 0%)  0.00
3 ( 0%)  0.00
4 ( 0%)  0.00
5 ( 0%)  0.00
6 ( 0%)  0.00
7 ( 0%)  0.00
8 ( 0%)  0.00
9 ( 0%)  0.00
result accuracy by result:
0 (21%) 54.95
1 (10%) 69.10
2 ( 4%)  0.00
3 ( 2%)  0.00
4 ( 2%)  0.00
5 ( 2%)  0.00
6 ( 2%)  0.00
7 ( 2%)  0.00
8 ( 2%)  0.00
9 ( 1%)  0.00
result accuracy by generalization:
1 (22.45%) 25.45
2 (22.96%) 26.22
3 (22.53%)  4.89
4 (15.82%) 30.45
5 (16.24%) 10.18
error cases:
7 [-1] 7 1
7 [-1] 7 1
7 [-1] 7 1
7 [-1] 7 1
7 [-1] 7 1
7 [-1] 7 1
7 [-1] 7 1
7 [-1] 7 1
7 [-1] 7 1
7 [-1] 7 1
val (Perception Acc=0.00, Head Acc=0.00, Result Acc=19.31)
Epoch time: 0m 22s
------------------------------
Epoch 25/199 (max_len=7, data=3387)
Train acc: 23.97, loss: 0.924 
Epoch time: 0m 8s
------------------------------
Epoch 26/199 (max_len=7, data=3387)
Train acc: 25.72, loss: 0.918 
Epoch time: 0m 8s
------------------------------
Epoch 27/199 (max_len=7, data=3387)
Train acc: 24.00, loss: 0.923 
Epoch time: 0m 8s
------------------------------
Epoch 28/199 (max_len=7, data=3387)
Train acc: 22.85, loss: 0.932 
Epoch time: 0m 8s
------------------------------
Epoch 29/199 (max_len=7, data=3387)
Train acc: 23.12, loss: 0.927 
result accuracy by length:
1 ( 2%) 13.00
3 ( 2%) 19.00
5 ( 2%) 16.28
7 ( 4%) 19.21
9 ( 4%) 22.11
11 ( 3%) 23.86
13 ( 4%) 17.13
15 ( 4%) 19.80
17 ( 4%) 18.93
19 ( 4%) 23.04
21 ( 4%) 22.73
23 ( 4%) 25.37
25 ( 4%) 17.00
27 ( 4%) 30.05
29 ( 3%) 27.75
31 ( 3%) 22.62
33 ( 2%) 16.43
35 ( 2%) 21.92
37 ( 2%) 23.93
39 ( 3%) 17.76
41 ( 3%) 24.16
43 ( 2%) 20.29
45 ( 2%) 18.75
47 ( 2%) 25.76
49 ( 2%) 23.24
51 ( 2%) 24.24
53 ( 2%) 22.39
55 ( 2%) 15.97
57 ( 2%) 21.68
59 ( 2%) 16.82
61 ( 1%) 25.00
63 ( 0%) 28.57
65 ( 0%) 33.33
67 ( 0%) 33.33
result accuracy by symbol:
( (91%) 21.81
) (91%) 21.81
* (87%) 21.11
+ (84%) 20.17
- (77%) 26.01
/ (76%) 22.16
0 (52%) 26.84
1 (60%) 22.69
2 (61%) 22.33
3 (62%) 21.51
4 (61%) 21.56
5 (62%) 20.77
6 (62%) 21.46
7 (63%) 21.21
8 (64%) 20.54
9 (63%) 20.15
result accuracy by digit:
0 ( 0%) 100.00
1 ( 0%)  0.00
2 ( 0%)  0.00
3 ( 0%)  0.00
4 ( 0%)  0.00
5 ( 0%)  0.00
6 ( 0%)  0.00
7 ( 0%)  0.00
8 ( 0%) 30.00
9 ( 0%)  0.00
result accuracy by result:
0 (21%) 99.81
1 (10%)  0.00
2 ( 4%)  0.00
3 ( 2%)  0.00
4 ( 2%)  0.00
5 ( 2%)  0.00
6 ( 2%)  0.00
7 ( 2%)  0.00
8 ( 2%)  2.56
9 ( 1%)  0.00
result accuracy by generalization:
1 (22.45%) 29.82
2 (22.96%) 34.13
3 (22.53%)  0.00
4 (15.82%) 43.74
5 (16.24%)  0.00
error cases:
7 [-1] 7 0
7 [-1] 7 0
7 [-1] 7 0
7 [-1] 7 0
7 [-1] 7 0
7 [-1] 7 0
7 [-1] 7 0
7 [-1] 7 0
7 [-1] 7 0
7 [-1] 7 0
val (Perception Acc=0.00, Head Acc=0.00, Result Acc=21.45)
Epoch time: 0m 22s
------------------------------
Epoch 30/199 (max_len=7, data=3387)
Train acc: 22.69, loss: 0.923 
Epoch time: 0m 8s
------------------------------
Epoch 31/199 (max_len=7, data=3387)
Train acc: 24.18, loss: 0.914 
Epoch time: 0m 8s
------------------------------
Epoch 32/199 (max_len=7, data=3387)
Train acc: 24.49, loss: 0.903 
Epoch time: 0m 8s
------------------------------
Epoch 33/199 (max_len=7, data=3387)
Train acc: 25.32, loss: 0.894 
Epoch time: 0m 8s
------------------------------
Epoch 34/199 (max_len=7, data=3387)
Train acc: 26.64, loss: 0.881 
result accuracy by length:
1 ( 2%) 13.00
3 ( 2%) 25.00
5 ( 2%) 20.16
7 ( 4%) 19.21
9 ( 4%) 23.62
11 ( 3%) 21.59
13 ( 4%) 21.76
15 ( 4%) 20.79
17 ( 4%) 18.93
19 ( 4%) 25.00
21 ( 4%) 26.26
23 ( 4%) 24.88
25 ( 4%) 17.00
27 ( 4%) 28.08
29 ( 3%) 26.18
31 ( 3%) 23.21
33 ( 2%) 17.14
35 ( 2%) 21.92
37 ( 2%) 26.50
39 ( 3%) 19.08
41 ( 3%) 27.52
43 ( 2%) 19.57
45 ( 2%) 23.21
47 ( 2%) 25.76
49 ( 2%) 21.83
51 ( 2%) 22.73
53 ( 2%) 22.39
55 ( 2%) 14.29
57 ( 2%) 20.98
59 ( 2%) 21.50
61 ( 1%) 29.69
63 ( 0%) 17.14
65 ( 0%) 33.33
67 ( 0%) 33.33
result accuracy by symbol:
( (91%) 22.48
) (91%) 22.48
* (87%) 21.30
+ (84%) 20.99
- (77%) 25.09
/ (76%) 23.73
0 (52%) 25.39
1 (60%) 23.46
2 (61%) 22.62
3 (62%) 22.10
4 (61%) 22.29
5 (62%) 21.71
6 (62%) 21.82
7 (63%) 22.41
8 (64%) 21.37
9 (63%) 20.37
result accuracy by digit:
0 ( 0%) 80.00
1 ( 0%) 50.00
2 ( 0%)  0.00
3 ( 0%)  0.00
4 ( 0%)  0.00
5 ( 0%)  0.00
6 ( 0%)  0.00
7 ( 0%)  0.00
8 ( 0%)  0.00
9 ( 0%)  0.00
result accuracy by result:
0 (21%) 84.95
1 (10%) 36.89
2 ( 4%)  0.00
3 ( 2%)  0.00
4 ( 2%)  0.00
5 ( 2%)  0.00
6 ( 2%)  0.00
7 ( 2%)  0.00
8 ( 2%)  0.00
9 ( 1%)  0.00
result accuracy by generalization:
1 (22.45%) 29.64
2 (22.96%) 33.78
3 (22.53%)  3.26
4 (15.82%) 41.03
5 (16.24%)  3.64
error cases:
7 [-1] 7 1
7 [-1] 7 1
7 [-1] 7 1
7 [-1] 7 1
7 [-1] 7 1
7 [-1] 7 1
7 [-1] 7 1
7 [-1] 7 1
7 [-1] 7 1
7 [-1] 7 1
val (Perception Acc=0.00, Head Acc=0.00, Result Acc=22.22)
Epoch time: 0m 22s
------------------------------
Epoch 35/199 (max_len=7, data=3387)
Train acc: 28.13, loss: 0.863 
Epoch time: 0m 8s
------------------------------
Epoch 36/199 (max_len=7, data=3387)
Train acc: 26.41, loss: 0.834 
Epoch time: 0m 8s
------------------------------
Epoch 37/199 (max_len=7, data=3387)
Train acc: 24.59, loss: 0.831 
Epoch time: 0m 8s
------------------------------
Epoch 38/199 (max_len=7, data=3387)
Train acc: 24.80, loss: 0.811 
Epoch time: 0m 8s
------------------------------
Epoch 39/199 (max_len=7, data=3387)
Train acc: 25.03, loss: 0.807 
result accuracy by length:
1 ( 2%) 13.00
3 ( 2%) 20.00
5 ( 2%) 12.40
7 ( 4%) 17.90
9 ( 4%) 18.59
11 ( 3%) 18.75
13 ( 4%) 16.20
15 ( 4%) 16.34
17 ( 4%) 17.96
19 ( 4%) 20.10
21 ( 4%) 19.70
23 ( 4%) 20.98
25 ( 4%) 17.50
27 ( 4%) 26.60
29 ( 3%) 24.61
31 ( 3%) 20.24
33 ( 2%) 12.86
35 ( 2%) 15.75
37 ( 2%) 23.08
39 ( 3%) 17.11
41 ( 3%) 20.81
43 ( 2%) 18.12
45 ( 2%) 17.86
47 ( 2%) 25.00
49 ( 2%) 21.83
51 ( 2%) 20.45
53 ( 2%) 20.90
55 ( 2%) 15.13
57 ( 2%) 20.98
59 ( 2%) 16.82
61 ( 1%) 25.00
63 ( 0%) 22.86
65 ( 0%) 33.33
67 ( 0%) 33.33
result accuracy by symbol:
( (91%) 19.58
) (91%) 19.58
* (87%) 18.58
+ (84%) 18.42
- (77%) 23.02
/ (76%) 20.32
0 (52%) 23.87
1 (60%) 20.15
2 (61%) 20.20
3 (62%) 19.18
4 (61%) 19.47
5 (62%) 18.78
6 (62%) 19.50
7 (63%) 19.21
8 (64%) 18.38
9 (63%) 18.14
result accuracy by digit:
0 ( 0%) 90.00
1 ( 0%)  0.00
2 ( 0%)  0.00
3 ( 0%)  0.00
4 ( 0%)  0.00
5 ( 0%)  0.00
6 ( 0%)  0.00
7 ( 0%)  0.00
8 ( 0%) 40.00
9 ( 0%)  0.00
result accuracy by result:
0 (21%) 84.86
1 (10%)  6.55
2 ( 4%)  0.51
3 ( 2%)  0.00
4 ( 2%)  0.00
5 ( 2%)  0.00
6 ( 2%)  0.00
7 ( 2%)  0.00
8 ( 2%)  3.42
9 ( 1%)  0.00
result accuracy by generalization:
1 (22.45%) 26.45
2 (22.96%) 29.69
3 (22.53%)  0.09
4 (15.82%) 40.52
5 (16.24%)  0.13
error cases:
7 [-1] 7 16
7 [-1] 7 16
7 [-1] 7 16
7 [-1] 7 10
7 [-1] 7 10
7 [-1] 7 16
7 [-1] 7 16
7 [-1] 7 10
7 [-1] 7 16
7 [-1] 7 16
val (Perception Acc=0.00, Head Acc=0.00, Result Acc=19.20)
Epoch time: 0m 22s
------------------------------
Epoch 40/199 (max_len=11, data=4683)
Train acc: 25.94, loss: 0.840 
Epoch time: 0m 15s
------------------------------
Epoch 41/199 (max_len=11, data=4683)
Train acc: 26.66, loss: 0.821 
Epoch time: 0m 15s
------------------------------
Epoch 42/199 (max_len=11, data=4683)
Train acc: 28.09, loss: 0.808 
Epoch time: 0m 15s
------------------------------
Epoch 43/199 (max_len=11, data=4683)
Train acc: 30.94, loss: 0.791 
Epoch time: 0m 15s
------------------------------
Epoch 44/199 (max_len=11, data=4683)
Train acc: 34.55, loss: 0.774 
result accuracy by length:
1 ( 2%) 11.00
3 ( 2%) 27.00
5 ( 2%) 22.48
7 ( 4%) 21.83
9 ( 4%) 28.64
11 ( 3%) 27.27
13 ( 4%) 20.83
15 ( 4%) 23.27
17 ( 4%) 21.84
19 ( 4%) 27.94
21 ( 4%) 25.76
23 ( 4%) 23.41
25 ( 4%) 16.00
27 ( 4%) 29.06
29 ( 3%) 27.23
31 ( 3%) 22.62
33 ( 2%) 14.29
35 ( 2%) 20.55
37 ( 2%) 23.08
39 ( 3%) 15.13
41 ( 3%) 20.81
43 ( 2%) 18.84
45 ( 2%) 20.54
47 ( 2%) 21.21
49 ( 2%) 20.42
51 ( 2%) 24.24
53 ( 2%) 24.63
55 ( 2%) 15.97
57 ( 2%) 19.58
59 ( 2%) 15.89
61 ( 1%) 37.50
63 ( 0%) 22.86
65 ( 0%) 22.22
67 ( 0%) 66.67
result accuracy by symbol:
( (91%) 22.48
) (91%) 22.48
* (87%) 21.30
+ (84%) 20.68
- (77%) 25.38
/ (76%) 23.62
0 (52%) 25.31
1 (60%) 22.96
2 (61%) 22.46
3 (62%) 21.87
4 (61%) 22.02
5 (62%) 21.48
6 (62%) 21.79
7 (63%) 21.70
8 (64%) 20.92
9 (63%) 20.24
result accuracy by digit:
0 ( 0%) 80.00
1 ( 0%) 30.00
2 ( 0%)  0.00
3 ( 0%)  0.00
4 ( 0%)  0.00
5 ( 0%)  0.00
6 ( 0%)  0.00
7 ( 0%)  0.00
8 ( 0%)  0.00
9 ( 0%)  0.00
result accuracy by result:
0 (21%) 81.90
1 (10%) 40.64
2 ( 4%)  3.03
3 ( 2%)  5.93
4 ( 2%)  0.00
5 ( 2%)  0.00
6 ( 2%)  0.00
7 ( 2%)  0.00
8 ( 2%)  0.00
9 ( 1%)  0.00
result accuracy by generalization:
1 (22.45%) 31.82
2 (22.96%) 34.93
3 (22.53%)  2.72
4 (15.82%) 37.42
5 (16.24%)  4.40
error cases:
7 [-1] 7 16
7 [-1] 7 16
7 [-1] 7 16
7 [-1] 7 16
7 [-1] 7 16
7 [-1] 7 16
7 [-1] 7 16
7 [-1] 7 16
7 [-1] 7 16
7 [-1] 7 16
val (Perception Acc=0.00, Head Acc=0.00, Result Acc=22.41)
Epoch time: 0m 28s
------------------------------
Epoch 45/199 (max_len=11, data=4683)
Train acc: 35.67, loss: 0.752 
Epoch time: 0m 15s
------------------------------
Epoch 46/199 (max_len=11, data=4683)
Train acc: 36.73, loss: 0.747 
Epoch time: 0m 15s
------------------------------
Epoch 47/199 (max_len=11, data=4683)
Train acc: 36.90, loss: 0.734 
Epoch time: 0m 15s
------------------------------
Epoch 48/199 (max_len=11, data=4683)
Train acc: 38.08, loss: 0.725 
Epoch time: 0m 15s
------------------------------
Epoch 49/199 (max_len=11, data=4683)
Train acc: 38.82, loss: 0.705 
result accuracy by length:
1 ( 2%) 24.00
3 ( 2%) 27.00
5 ( 2%) 24.03
7 ( 4%) 23.58
9 ( 4%) 29.65
11 ( 3%) 29.55
13 ( 4%) 23.61
15 ( 4%) 25.25
17 ( 4%) 21.84
19 ( 4%) 28.43
21 ( 4%) 27.78
23 ( 4%) 23.41
25 ( 4%) 19.00
27 ( 4%) 33.50
29 ( 3%) 27.75
31 ( 3%) 22.62
33 ( 2%) 15.71
35 ( 2%) 21.92
37 ( 2%) 26.50
39 ( 3%) 19.08
41 ( 3%) 24.83
43 ( 2%) 20.29
45 ( 2%) 22.32
47 ( 2%) 28.03
49 ( 2%) 19.01
51 ( 2%) 24.24
53 ( 2%) 25.37
55 ( 2%) 16.81
57 ( 2%) 20.28
59 ( 2%) 20.56
61 ( 1%) 32.81
63 ( 0%) 25.71
65 ( 0%) 22.22
67 ( 0%) 33.33
result accuracy by symbol:
( (91%) 24.25
) (91%) 24.25
* (87%) 22.79
+ (84%) 22.22
- (77%) 26.88
/ (76%) 25.57
0 (52%) 27.07
1 (60%) 24.97
2 (61%) 24.32
3 (62%) 24.03
4 (61%) 23.38
5 (62%) 23.21
6 (62%) 23.03
7 (63%) 23.44
8 (64%) 22.29
9 (63%) 22.22
result accuracy by digit:
0 ( 0%) 80.00
1 ( 0%) 100.00
2 ( 0%) 60.00
3 ( 0%)  0.00
4 ( 0%)  0.00
5 ( 0%)  0.00
6 ( 0%)  0.00
7 ( 0%)  0.00
8 ( 0%)  0.00
9 ( 0%)  0.00
result accuracy by result:
0 (21%) 86.38
1 (10%) 47.75
2 ( 4%)  8.59
3 ( 2%)  4.44
4 ( 2%)  0.75
5 ( 2%)  0.00
6 ( 2%)  0.00
7 ( 2%)  0.00
8 ( 2%)  0.00
9 ( 1%)  0.00
result accuracy by generalization:
1 (22.45%) 35.73
2 (22.96%) 36.27
3 (22.53%)  3.26
4 (15.82%) 41.68
5 (16.24%)  3.77
error cases:
7 [-1] 7 12
7 [-1] 7 12
7 [-1] 7 12
7 [-1] 7 12
7 [-1] 7 12
7 [-1] 7 12
7 [-1] 7 12
7 [-1] 7 12
7 [-1] 7 12
7 [-1] 7 12
val (Perception Acc=0.00, Head Acc=0.00, Result Acc=24.29)
Epoch time: 0m 28s
------------------------------
Epoch 50/199 (max_len=11, data=4683)
Train acc: 40.63, loss: 0.690 
Epoch time: 0m 15s
------------------------------
Epoch 51/199 (max_len=11, data=4683)
Train acc: 41.55, loss: 0.672 
Epoch time: 0m 15s
------------------------------
Epoch 52/199 (max_len=11, data=4683)
Train acc: 44.83, loss: 0.638 
Epoch time: 0m 15s
------------------------------
Epoch 53/199 (max_len=11, data=4683)
Train acc: 45.19, loss: 0.622 
Epoch time: 0m 15s
------------------------------
Epoch 54/199 (max_len=11, data=4683)
Train acc: 45.49, loss: 0.613 
result accuracy by length:
1 ( 2%) 26.00
3 ( 2%) 31.00
5 ( 2%) 27.13
7 ( 4%) 23.58
9 ( 4%) 32.16
11 ( 3%) 32.95
13 ( 4%) 24.54
15 ( 4%) 27.23
17 ( 4%) 21.84
19 ( 4%) 26.96
21 ( 4%) 25.76
23 ( 4%) 22.44
25 ( 4%) 19.50
27 ( 4%) 31.03
29 ( 3%) 27.75
31 ( 3%) 20.24
33 ( 2%) 12.86
35 ( 2%) 19.18
37 ( 2%) 21.37
39 ( 3%) 15.79
41 ( 3%) 21.48
43 ( 2%) 23.19
45 ( 2%) 18.75
47 ( 2%) 25.00
49 ( 2%) 16.20
51 ( 2%) 17.42
53 ( 2%) 23.88
55 ( 2%) 11.76
57 ( 2%) 15.38
59 ( 2%) 18.69
61 ( 1%) 25.00
63 ( 0%) 14.29
65 ( 0%) 22.22
67 ( 0%) 66.67
result accuracy by symbol:
( (91%) 22.66
) (91%) 22.66
* (87%) 21.13
+ (84%) 20.63
- (77%) 25.28
/ (76%) 24.15
0 (52%) 25.20
1 (60%) 23.56
2 (61%) 22.82
3 (62%) 22.13
4 (61%) 21.29
5 (62%) 21.35
6 (62%) 21.01
7 (63%) 21.41
8 (64%) 20.80
9 (63%) 20.24
result accuracy by digit:
0 ( 0%) 80.00
1 ( 0%) 100.00
2 ( 0%) 80.00
3 ( 0%)  0.00
4 ( 0%)  0.00
5 ( 0%)  0.00
6 ( 0%)  0.00
7 ( 0%)  0.00
8 ( 0%)  0.00
9 ( 0%)  0.00
result accuracy by result:
0 (21%) 80.48
1 (10%) 38.39
2 ( 4%) 13.13
3 ( 2%) 27.41
4 ( 2%)  0.00
5 ( 2%)  4.00
6 ( 2%)  2.61
7 ( 2%)  0.00
8 ( 2%)  1.71
9 ( 1%)  0.00
result accuracy by generalization:
1 (22.45%) 36.36
2 (22.96%) 35.64
3 (22.53%)  2.90
4 (15.82%) 35.23
5 (16.24%)  3.52
error cases:
7 [-1] 7 36
7 [-1] 7 36
7 [-1] 7 36
7 [-1] 7 36
7 [-1] 7 36
7 [-1] 7 36
7 [-1] 7 36
7 [-1] 7 36
7 [-1] 7 36
7 [-1] 7 36
val (Perception Acc=0.00, Head Acc=0.00, Result Acc=23.14)
Epoch time: 0m 28s
------------------------------
Epoch 55/199 (max_len=11, data=4683)
Train acc: 49.57, loss: 0.571 
Epoch time: 0m 15s
------------------------------
Epoch 56/199 (max_len=11, data=4683)
Train acc: 50.04, loss: 0.562 
Epoch time: 0m 15s
------------------------------
Epoch 57/199 (max_len=11, data=4683)
Train acc: 49.77, loss: 0.563 
Epoch time: 0m 15s
------------------------------
Epoch 58/199 (max_len=11, data=4683)
Train acc: 51.33, loss: 0.540 
Epoch time: 0m 15s
------------------------------
Epoch 59/199 (max_len=11, data=4683)
Train acc: 51.56, loss: 0.527 
result accuracy by length:
1 ( 2%) 34.00
3 ( 2%) 32.00
5 ( 2%) 28.68
7 ( 4%) 27.07
9 ( 4%) 34.67
11 ( 3%) 30.11
13 ( 4%) 27.31
15 ( 4%) 24.75
17 ( 4%) 18.93
19 ( 4%) 25.49
21 ( 4%) 26.77
23 ( 4%) 22.93
25 ( 4%) 16.00
27 ( 4%) 29.06
29 ( 3%) 24.08
31 ( 3%) 17.26
33 ( 2%) 15.71
35 ( 2%) 15.07
37 ( 2%) 20.51
39 ( 3%) 13.82
41 ( 3%) 18.79
43 ( 2%) 20.29
45 ( 2%) 16.07
47 ( 2%) 21.21
49 ( 2%) 16.90
51 ( 2%) 17.42
53 ( 2%) 21.64
55 ( 2%) 15.97
57 ( 2%) 13.29
59 ( 2%) 14.95
61 ( 1%) 18.75
63 ( 0%) 11.43
65 ( 0%) 22.22
67 ( 0%)  0.00
result accuracy by symbol:
( (91%) 21.43
) (91%) 21.43
* (87%) 19.83
+ (84%) 19.28
- (77%) 24.04
/ (76%) 22.74
0 (52%) 23.36
1 (60%) 22.39
2 (61%) 21.76
3 (62%) 21.18
4 (61%) 20.30
5 (62%) 20.15
6 (62%) 19.63
7 (63%) 19.66
8 (64%) 19.27
9 (63%) 18.81
result accuracy by digit:
0 ( 0%) 80.00
1 ( 0%) 100.00
2 ( 0%) 100.00
3 ( 0%)  0.00
4 ( 0%)  0.00
5 ( 0%)  0.00
6 ( 0%)  0.00
7 ( 0%)  0.00
8 ( 0%) 60.00
9 ( 0%)  0.00
result accuracy by result:
0 (21%) 75.52
1 (10%) 30.90
2 ( 4%) 35.35
3 ( 2%) 14.81
4 ( 2%)  0.75
5 ( 2%)  2.00
6 ( 2%)  8.70
7 ( 2%)  2.65
8 ( 2%) 11.11
9 ( 1%)  0.00
result accuracy by generalization:
1 (22.45%) 36.91
2 (22.96%) 34.93
3 (22.53%)  1.99
4 (15.82%) 32.90
5 (16.24%)  2.01
error cases:
7 [-1] 7 8
7 [-1] 7 8
7 [-1] 7 8
7 [-1] 7 8
7 [-1] 7 8
7 [-1] 7 13
7 [-1] 7 8
7 [-1] 7 8
7 [-1] 7 8
7 [-1] 7 8
val (Perception Acc=0.00, Head Acc=0.00, Result Acc=22.29)
Epoch time: 0m 29s
------------------------------
Epoch 60/199 (max_len=15, data=6058)
Train acc: 49.62, loss: 0.597 
Epoch time: 0m 25s
------------------------------
Epoch 61/199 (max_len=15, data=6058)
Train acc: 51.55, loss: 0.572 
Epoch time: 0m 24s
------------------------------
Epoch 62/199 (max_len=15, data=6058)
Train acc: 52.63, loss: 0.553 
Epoch time: 0m 24s
------------------------------
Epoch 63/199 (max_len=15, data=6058)
Train acc: 52.99, loss: 0.538 
Epoch time: 0m 24s
------------------------------
Epoch 64/199 (max_len=15, data=6058)
Train acc: 54.02, loss: 0.523 
result accuracy by length:
1 ( 2%) 30.00
3 ( 2%) 32.00
5 ( 2%) 28.68
7 ( 4%) 28.38
9 ( 4%) 32.16
11 ( 3%) 30.68
13 ( 4%) 26.39
15 ( 4%) 28.71
17 ( 4%) 26.70
19 ( 4%) 27.94
21 ( 4%) 29.29
23 ( 4%) 28.78
25 ( 4%) 18.00
27 ( 4%) 29.06
29 ( 3%) 28.27
31 ( 3%) 23.81
33 ( 2%) 16.43
35 ( 2%) 20.55
37 ( 2%) 20.51
39 ( 3%) 16.45
41 ( 3%) 19.46
43 ( 2%) 18.84
45 ( 2%) 17.86
47 ( 2%) 27.27
49 ( 2%) 19.72
51 ( 2%) 21.21
53 ( 2%) 23.13
55 ( 2%) 17.65
57 ( 2%) 16.78
59 ( 2%) 15.89
61 ( 1%) 23.44
63 ( 0%) 20.00
65 ( 0%) 22.22
67 ( 0%) 33.33
result accuracy by symbol:
( (91%) 23.93
) (91%) 23.93
* (87%) 22.09
+ (84%) 21.81
- (77%) 26.56
/ (76%) 25.67
0 (52%) 26.68
1 (60%) 25.03
2 (61%) 23.69
3 (62%) 23.54
4 (61%) 22.55
5 (62%) 22.79
6 (62%) 22.44
7 (63%) 22.34
8 (64%) 21.82
9 (63%) 21.17
result accuracy by digit:
0 ( 0%) 80.00
1 ( 0%) 100.00
2 ( 0%)  0.00
3 ( 0%) 20.00
4 ( 0%)  0.00
5 ( 0%)  0.00
6 ( 0%)  0.00
7 ( 0%)  0.00
8 ( 0%) 100.00
9 ( 0%)  0.00
result accuracy by result:
0 (21%) 81.90
1 (10%) 42.70
2 ( 4%) 20.71
3 ( 2%) 16.30
4 ( 2%)  0.00
5 ( 2%) 11.00
6 ( 2%)  4.35
7 ( 2%) 11.50
8 ( 2%) 11.11
9 ( 1%)  0.00
result accuracy by generalization:
1 (22.45%) 39.18
2 (22.96%) 37.87
3 (22.53%)  3.17
4 (15.82%) 36.77
5 (16.24%)  3.14
error cases:
7 [-1] 7 8
7 [-1] 7 8
7 [-1] 7 8
7 [-1] 7 8
7 [-1] 7 8
7 [-1] 7 3
7 [-1] 7 8
7 [-1] 7 8
7 [-1] 7 8
7 [-1] 7 8
val (Perception Acc=0.00, Head Acc=0.00, Result Acc=24.53)
Epoch time: 0m 38s
------------------------------
Epoch 65/199 (max_len=15, data=6058)
Train acc: 54.65, loss: 0.516 
Epoch time: 0m 24s
------------------------------
Epoch 66/199 (max_len=15, data=6058)
Train acc: 55.17, loss: 0.508 
Epoch time: 0m 24s
------------------------------
Epoch 67/199 (max_len=15, data=6058)
Train acc: 55.77, loss: 0.501 
Epoch time: 0m 24s
------------------------------
Epoch 68/199 (max_len=15, data=6058)
Train acc: 56.24, loss: 0.489 
Epoch time: 0m 24s
------------------------------
Epoch 69/199 (max_len=15, data=6058)
Train acc: 57.58, loss: 0.475 
result accuracy by length:
1 ( 2%) 43.00
3 ( 2%) 32.00
5 ( 2%) 27.13
7 ( 4%) 26.20
9 ( 4%) 33.17
11 ( 3%) 32.95
13 ( 4%) 26.39
15 ( 4%) 28.22
17 ( 4%) 24.76
19 ( 4%) 26.96
21 ( 4%) 29.80
23 ( 4%) 23.90
25 ( 4%) 18.00
27 ( 4%) 26.11
29 ( 3%) 28.27
31 ( 3%) 20.24
33 ( 2%) 12.14
35 ( 2%) 15.75
37 ( 2%) 17.95
39 ( 3%) 13.16
41 ( 3%) 19.46
43 ( 2%) 19.57
45 ( 2%) 18.75
47 ( 2%) 20.45
49 ( 2%) 16.20
51 ( 2%) 21.21
53 ( 2%) 17.91
55 ( 2%) 15.13
57 ( 2%) 13.99
59 ( 2%) 15.89
61 ( 1%) 26.56
63 ( 0%) 17.14
65 ( 0%) 22.22
67 ( 0%) 33.33
result accuracy by symbol:
( (91%) 22.39
) (91%) 22.39
* (87%) 20.60
+ (84%) 20.22
- (77%) 24.46
/ (76%) 24.15
0 (52%) 24.14
1 (60%) 22.89
2 (61%) 21.76
3 (62%) 22.16
4 (61%) 20.43
5 (62%) 20.96
6 (62%) 20.52
7 (63%) 20.83
8 (64%) 20.32
9 (63%) 19.64
result accuracy by digit:
0 ( 0%) 80.00
1 ( 0%) 100.00
2 ( 0%) 60.00
3 ( 0%) 100.00
4 ( 0%)  0.00
5 ( 0%)  0.00
6 ( 0%)  0.00
7 ( 0%)  0.00
8 ( 0%) 90.00
9 ( 0%)  0.00
result accuracy by result:
0 (21%) 70.67
1 (10%) 49.63
2 ( 4%) 21.72
3 ( 2%) 22.96
4 ( 2%)  0.00
5 ( 2%)  6.00
6 ( 2%)  4.35
7 ( 2%)  2.65
8 ( 2%) 18.80
9 ( 1%)  2.33
result accuracy by generalization:
1 (22.45%) 39.36
2 (22.96%) 34.93
3 (22.53%)  3.08
4 (15.82%) 32.77
5 (16.24%)  3.27
error cases:
7 [-1] 7 8
7 [-1] 7 8
7 [-1] 7 8
7 [-1] 7 8
7 [-1] 7 8
7 [-1] 7 8
7 [-1] 7 8
7 [-1] 7 8
7 [-1] 7 8
7 [-1] 7 8
val (Perception Acc=0.00, Head Acc=0.00, Result Acc=23.27)
Epoch time: 0m 38s
------------------------------
Epoch 70/199 (max_len=15, data=6058)
Train acc: 57.47, loss: 0.468 
Epoch time: 0m 24s
------------------------------
Epoch 71/199 (max_len=15, data=6058)
Train acc: 58.05, loss: 0.469 
Epoch time: 0m 24s
------------------------------
Epoch 72/199 (max_len=15, data=6058)
Train acc: 58.07, loss: 0.457 
Epoch time: 0m 24s
------------------------------
Epoch 73/199 (max_len=15, data=6058)
Train acc: 58.19, loss: 0.450 
Epoch time: 0m 24s
------------------------------
Epoch 74/199 (max_len=15, data=6058)
Train acc: 60.08, loss: 0.434 
result accuracy by length:
1 ( 2%) 39.00
3 ( 2%) 34.00
5 ( 2%) 29.46
7 ( 4%) 26.64
9 ( 4%) 36.18
11 ( 3%) 32.39
13 ( 4%) 30.56
15 ( 4%) 30.69
17 ( 4%) 26.21
19 ( 4%) 29.41
21 ( 4%) 27.78
23 ( 4%) 27.32
25 ( 4%) 19.50
27 ( 4%) 31.03
29 ( 3%) 30.89
31 ( 3%) 23.21
33 ( 2%) 16.43
35 ( 2%) 20.55
37 ( 2%) 23.93
39 ( 3%) 17.76
41 ( 3%) 26.17
43 ( 2%) 22.46
45 ( 2%) 20.54
47 ( 2%) 27.27
49 ( 2%) 19.72
51 ( 2%) 21.21
53 ( 2%) 24.63
55 ( 2%) 18.49
57 ( 2%) 17.48
59 ( 2%) 18.69
61 ( 1%) 20.31
63 ( 0%) 20.00
65 ( 0%) 33.33
67 ( 0%) 33.33
result accuracy by symbol:
( (91%) 25.25
) (91%) 25.25
* (87%) 23.32
+ (84%) 23.01
- (77%) 27.77
/ (76%) 27.32
0 (52%) 27.77
1 (60%) 26.04
2 (61%) 25.45
3 (62%) 24.92
4 (61%) 24.05
5 (62%) 23.96
6 (62%) 23.36
7 (63%) 23.60
8 (64%) 23.38
9 (63%) 22.32
result accuracy by digit:
0 ( 0%) 80.00
1 ( 0%) 100.00
2 ( 0%)  0.00
3 ( 0%) 100.00
4 ( 0%) 10.00
5 ( 0%)  0.00
6 ( 0%)  0.00
7 ( 0%)  0.00
8 ( 0%) 100.00
9 ( 0%)  0.00
result accuracy by result:
0 (21%) 85.33
1 (10%) 42.32
2 ( 4%) 20.71
3 ( 2%) 31.85
4 ( 2%)  0.75
5 ( 2%)  9.00
6 ( 2%)  8.70
7 ( 2%)  7.08
8 ( 2%) 14.53
9 ( 1%)  5.81
result accuracy by generalization:
1 (22.45%) 42.00
2 (22.96%) 38.84
3 (22.53%)  3.26
4 (15.82%) 40.00
5 (16.24%)  3.27
error cases:
7 [-1] 7 8
7 [-1] 7 8
7 [-1] 7 8
7 [-1] 7 9
7 [-1] 7 8
7 [-1] 7 9
7 [-1] 7 9
7 [-1] 7 9
7 [-1] 7 9
7 [-1] 7 9
val (Perception Acc=0.00, Head Acc=0.00, Result Acc=25.94)
Epoch time: 0m 38s
------------------------------
Epoch 75/199 (max_len=15, data=6058)
Train acc: 60.40, loss: 0.423 
Epoch time: 0m 25s
------------------------------
Epoch 76/199 (max_len=15, data=6058)
Train acc: 60.99, loss: 0.421 
Epoch time: 0m 24s
------------------------------
Epoch 77/199 (max_len=15, data=6058)
Train acc: 60.03, loss: 0.418 
Epoch time: 0m 24s
------------------------------
Epoch 78/199 (max_len=15, data=6058)
Train acc: 61.56, loss: 0.411 
Epoch time: 0m 24s
------------------------------
Epoch 79/199 (max_len=15, data=6058)
Train acc: 61.53, loss: 0.405 
result accuracy by length:
1 ( 2%) 53.00
3 ( 2%) 42.00
5 ( 2%) 27.91
7 ( 4%) 29.69
9 ( 4%) 32.16
11 ( 3%) 34.66
13 ( 4%) 29.17
15 ( 4%) 30.20
17 ( 4%) 25.24
19 ( 4%) 28.92
21 ( 4%) 26.77
23 ( 4%) 28.78
25 ( 4%) 17.50
27 ( 4%) 28.08
29 ( 3%) 27.75
31 ( 3%) 20.24
33 ( 2%) 14.29
35 ( 2%) 17.81
37 ( 2%) 20.51
39 ( 3%) 17.11
41 ( 3%) 20.13
43 ( 2%) 20.29
45 ( 2%) 21.43
47 ( 2%) 22.73
49 ( 2%) 15.49
51 ( 2%) 19.70
53 ( 2%) 20.15
55 ( 2%) 12.61
57 ( 2%) 12.59
59 ( 2%) 15.89
61 ( 1%) 25.00
63 ( 0%) 17.14
65 ( 0%) 22.22
67 ( 0%)  0.00
result accuracy by symbol:
( (91%) 23.29
) (91%) 23.29
* (87%) 21.44
+ (84%) 21.04
- (77%) 25.62
/ (76%) 25.33
0 (52%) 25.39
1 (60%) 23.43
2 (61%) 22.96
3 (62%) 22.59
4 (61%) 22.02
5 (62%) 21.68
6 (62%) 21.37
7 (63%) 22.02
8 (64%) 21.53
9 (63%) 20.34
result accuracy by digit:
0 ( 0%) 100.00
1 ( 0%) 100.00
2 ( 0%) 100.00
3 ( 0%) 100.00
4 ( 0%) 30.00
5 ( 0%)  0.00
6 ( 0%)  0.00
7 ( 0%)  0.00
8 ( 0%) 100.00
9 ( 0%)  0.00
result accuracy by result:
0 (21%) 71.33
1 (10%) 46.44
2 ( 4%) 34.34
3 ( 2%) 25.19
4 ( 2%)  6.02
5 ( 2%) 13.00
6 ( 2%) 13.04
7 ( 2%)  9.73
8 ( 2%) 23.93
9 ( 1%)  3.49
result accuracy by generalization:
1 (22.45%) 42.55
2 (22.96%) 36.36
3 (22.53%)  3.89
4 (15.82%) 33.16
5 (16.24%)  3.77
error cases:
7 [-1] 7 8
7 [-1] 7 8
7 [-1] 7 8
7 [-1] 7 8
7 [-1] 7 8
7 [-1] 7 8
7 [-1] 7 8
7 [-1] 7 8
7 [-1] 7 8
7 [-1] 7 8
val (Perception Acc=0.00, Head Acc=0.00, Result Acc=24.63)
Epoch time: 0m 38s
------------------------------
Epoch 80/199 (max_len=inf, data=11170)
Train acc: 51.49, loss: 0.628 
Epoch time: 1m 25s
------------------------------
Epoch 81/199 (max_len=inf, data=11170)
Train acc: 52.88, loss: 0.593 
Epoch time: 1m 25s
------------------------------
Epoch 82/199 (max_len=inf, data=11170)
Train acc: 53.74, loss: 0.578 
Epoch time: 1m 25s
------------------------------
Epoch 83/199 (max_len=inf, data=11170)
Train acc: 54.66, loss: 0.554 
Epoch time: 1m 25s
------------------------------
Epoch 84/199 (max_len=inf, data=11170)
Train acc: 55.00, loss: 0.547 
result accuracy by length:
1 ( 2%) 45.00
3 ( 2%) 36.00
5 ( 2%) 32.56
7 ( 4%) 27.95
9 ( 4%) 34.67
11 ( 3%) 36.36
13 ( 4%) 30.56
15 ( 4%) 32.67
17 ( 4%) 28.64
19 ( 4%) 32.84
21 ( 4%) 32.32
23 ( 4%) 31.22
25 ( 4%) 23.00
27 ( 4%) 33.99
29 ( 3%) 33.51
31 ( 3%) 28.57
33 ( 2%) 22.14
35 ( 2%) 24.66
37 ( 2%) 30.77
39 ( 3%) 22.37
41 ( 3%) 24.16
43 ( 2%) 26.09
45 ( 2%) 23.21
47 ( 2%) 37.88
49 ( 2%) 24.65
51 ( 2%) 29.55
53 ( 2%) 30.60
55 ( 2%) 15.13
57 ( 2%) 27.27
59 ( 2%) 21.50
61 ( 1%) 31.25
63 ( 0%) 28.57
65 ( 0%) 44.44
67 ( 0%) 66.67
result accuracy by symbol:
( (91%) 29.00
) (91%) 29.00
* (87%) 26.97
+ (84%) 27.03
- (77%) 31.92
/ (76%) 31.40
0 (52%) 31.91
1 (60%) 29.99
2 (61%) 29.30
3 (62%) 29.11
4 (61%) 28.52
5 (62%) 27.67
6 (62%) 27.28
7 (63%) 27.87
8 (64%) 26.91
9 (63%) 25.93
result accuracy by digit:
0 ( 0%) 80.00
1 ( 0%) 100.00
2 ( 0%)  0.00
3 ( 0%) 100.00
4 ( 0%) 80.00
5 ( 0%)  0.00
6 ( 0%)  0.00
7 ( 0%)  0.00
8 ( 0%) 10.00
9 ( 0%) 80.00
result accuracy by result:
0 (21%) 91.33
1 (10%) 63.30
2 ( 4%) 18.18
3 ( 2%) 19.26
4 ( 2%) 20.30
5 ( 2%)  1.00
6 ( 2%)  0.87
7 ( 2%)  7.96
8 ( 2%) 11.11
9 ( 1%) 20.93
result accuracy by generalization:
1 (22.45%) 45.09
2 (22.96%) 43.20
3 (22.53%)  4.89
4 (15.82%) 45.81
5 (16.24%)  7.29
error cases:
7 [-1] 7 8
7 [-1] 7 8
7 [-1] 7 8
7 [-1] 7 8
7 [-1] 7 8
7 [-1] 7 8
7 [-1] 7 8
7 [-1] 7 8
7 [-1] 7 8
7 [-1] 7 8
val (Perception Acc=0.00, Head Acc=0.00, Result Acc=29.57)
Epoch time: 1m 38s
------------------------------
Epoch 85/199 (max_len=inf, data=11170)
Train acc: 55.10, loss: 0.541 
Epoch time: 1m 24s
------------------------------
Epoch 86/199 (max_len=inf, data=11170)
Train acc: 56.58, loss: 0.525 
Epoch time: 1m 25s
------------------------------
Epoch 87/199 (max_len=inf, data=11170)
Train acc: 56.85, loss: 0.514 
Epoch time: 1m 25s
------------------------------
Epoch 88/199 (max_len=inf, data=11170)
Train acc: 56.78, loss: 0.515 
Epoch time: 1m 24s
------------------------------
Epoch 89/199 (max_len=inf, data=11170)
Train acc: 57.68, loss: 0.511 
result accuracy by length:
1 ( 2%) 49.00
3 ( 2%) 44.00
5 ( 2%) 31.01
7 ( 4%) 32.75
9 ( 4%) 36.18
11 ( 3%) 32.95
13 ( 4%) 31.02
15 ( 4%) 32.18
17 ( 4%) 33.50
19 ( 4%) 34.31
21 ( 4%) 34.34
23 ( 4%) 31.71
25 ( 4%) 24.00
27 ( 4%) 35.96
29 ( 3%) 34.55
31 ( 3%) 26.19
33 ( 2%) 20.71
35 ( 2%) 23.29
37 ( 2%) 26.50
39 ( 3%) 20.39
41 ( 3%) 28.19
43 ( 2%) 21.01
45 ( 2%) 25.00
47 ( 2%) 34.09
49 ( 2%) 23.94
51 ( 2%) 27.27
53 ( 2%) 26.12
55 ( 2%) 15.97
57 ( 2%) 25.87
59 ( 2%) 20.56
61 ( 1%) 28.12
63 ( 0%) 25.71
65 ( 0%) 33.33
67 ( 0%) 66.67
result accuracy by symbol:
( (91%) 28.94
) (91%) 28.94
* (87%) 26.64
+ (84%) 26.69
- (77%) 31.73
/ (76%) 31.37
0 (52%) 31.60
1 (60%) 29.72
2 (61%) 29.27
3 (62%) 28.72
4 (61%) 27.69
5 (62%) 27.60
6 (62%) 26.79
7 (63%) 27.51
8 (64%) 26.18
9 (63%) 26.09
result accuracy by digit:
0 ( 0%) 100.00
1 ( 0%) 100.00
2 ( 0%) 90.00
3 ( 0%) 100.00
4 ( 0%)  0.00
5 ( 0%)  0.00
6 ( 0%)  0.00
7 ( 0%)  0.00
8 ( 0%) 10.00
9 ( 0%) 90.00
result accuracy by result:
0 (21%) 92.10
1 (10%) 55.43
2 ( 4%) 33.84
3 ( 2%) 39.26
4 ( 2%)  2.26
5 ( 2%)  4.00
6 ( 2%)  6.09
7 ( 2%)  4.42
8 ( 2%)  9.40
9 ( 1%) 30.23
result accuracy by generalization:
1 (22.45%) 48.64
2 (22.96%) 43.11
3 (22.53%)  4.26
4 (15.82%) 46.06
5 (16.24%)  4.15
error cases:
7 [-1] 7 8
7 [-1] 7 8
7 [-1] 7 8
7 [-1] 7 8
7 [-1] 7 8
7 [-1] 7 8
7 [-1] 7 8
7 [-1] 7 8
7 [-1] 7 8
7 [-1] 7 8
val (Perception Acc=0.00, Head Acc=0.00, Result Acc=29.73)
Epoch time: 1m 39s
------------------------------
Epoch 90/199 (max_len=inf, data=11170)
Train acc: 58.21, loss: 0.494 
Epoch time: 1m 25s
------------------------------
Epoch 91/199 (max_len=inf, data=11170)
Train acc: 58.88, loss: 0.480 
Epoch time: 1m 24s
------------------------------
Epoch 92/199 (max_len=inf, data=11170)
Train acc: 58.70, loss: 0.480 
Epoch time: 1m 25s
------------------------------
Epoch 93/199 (max_len=inf, data=11170)
Train acc: 59.17, loss: 0.479 
Epoch time: 1m 25s
------------------------------
Epoch 94/199 (max_len=inf, data=11170)
Train acc: 59.29, loss: 0.474 
result accuracy by length:
1 ( 2%) 50.00
3 ( 2%) 43.00
5 ( 2%) 31.78
7 ( 4%) 31.88
9 ( 4%) 33.17
11 ( 3%) 33.52
13 ( 4%) 31.94
15 ( 4%) 32.67
17 ( 4%) 32.04
19 ( 4%) 36.76
21 ( 4%) 33.84
23 ( 4%) 31.71
25 ( 4%) 25.00
27 ( 4%) 38.42
29 ( 3%) 34.55
31 ( 3%) 27.98
33 ( 2%) 22.14
35 ( 2%) 23.29
37 ( 2%) 29.06
39 ( 3%) 23.68
41 ( 3%) 31.54
43 ( 2%) 24.64
45 ( 2%) 20.54
47 ( 2%) 34.09
49 ( 2%) 27.46
51 ( 2%) 28.79
53 ( 2%) 26.12
55 ( 2%) 14.29
57 ( 2%) 23.78
59 ( 2%) 23.36
61 ( 1%) 28.12
63 ( 0%) 31.43
65 ( 0%) 33.33
67 ( 0%) 66.67
result accuracy by symbol:
( (91%) 29.63
) (91%) 29.63
* (87%) 27.60
+ (84%) 27.27
- (77%) 32.41
/ (76%) 32.01
0 (52%) 32.42
1 (60%) 30.52
2 (61%) 29.70
3 (62%) 29.18
4 (61%) 28.49
5 (62%) 28.12
6 (62%) 28.26
7 (63%) 28.51
8 (64%) 27.07
9 (63%) 26.69
result accuracy by digit:
0 ( 0%) 100.00
1 ( 0%) 100.00
2 ( 0%) 100.00
3 ( 0%) 100.00
4 ( 0%)  0.00
5 ( 0%)  0.00
6 ( 0%)  0.00
7 ( 0%)  0.00
8 ( 0%)  0.00
9 ( 0%) 100.00
result accuracy by result:
0 (21%) 90.48
1 (10%) 59.36
2 ( 4%) 30.81
3 ( 2%) 37.04
4 ( 2%) 11.28
5 ( 2%)  6.00
6 ( 2%)  3.48
7 ( 2%) 15.93
8 ( 2%) 14.53
9 ( 1%) 29.07
result accuracy by generalization:
1 (22.45%) 49.36
2 (22.96%) 42.76
3 (22.53%)  5.07
4 (15.82%) 46.58
5 (16.24%)  5.78
error cases:
7 [-1] 7 9
7 [-1] 7 9
7 [-1] 7 9
7 [-1] 7 9
7 [-1] 7 9
7 [-1] 7 9
7 [-1] 7 9
7 [-1] 7 9
7 [-1] 7 9
7 [-1] 7 9
val (Perception Acc=0.00, Head Acc=0.00, Result Acc=30.35)
Epoch time: 1m 39s
------------------------------
Epoch 95/199 (max_len=inf, data=11170)
Train acc: 60.96, loss: 0.456 
Epoch time: 1m 25s
------------------------------
Epoch 96/199 (max_len=inf, data=11170)
Train acc: 59.98, loss: 0.461 
Epoch time: 1m 25s
------------------------------
Epoch 97/199 (max_len=inf, data=11170)
Train acc: 60.73, loss: 0.447 
Epoch time: 1m 25s
------------------------------
Epoch 98/199 (max_len=inf, data=11170)
Train acc: 60.85, loss: 0.450 
Epoch time: 1m 24s
------------------------------
Epoch 99/199 (max_len=inf, data=11170)
Train acc: 61.22, loss: 0.445 
result accuracy by length:
1 ( 2%) 50.00
3 ( 2%) 49.00
5 ( 2%) 32.56
7 ( 4%) 31.44
9 ( 4%) 37.19
11 ( 3%) 35.23
13 ( 4%) 33.80
15 ( 4%) 32.18
17 ( 4%) 38.83
19 ( 4%) 39.22
21 ( 4%) 38.38
23 ( 4%) 34.15
25 ( 4%) 29.00
27 ( 4%) 37.93
29 ( 3%) 32.46
31 ( 3%) 29.76
33 ( 2%) 28.57
35 ( 2%) 27.40
37 ( 2%) 28.21
39 ( 3%) 25.00
41 ( 3%) 29.53
43 ( 2%) 23.19
45 ( 2%) 24.11
47 ( 2%) 38.64
49 ( 2%) 26.06
51 ( 2%) 33.33
53 ( 2%) 28.36
55 ( 2%) 18.49
57 ( 2%) 26.57
59 ( 2%) 23.36
61 ( 1%) 25.00
63 ( 0%) 25.71
65 ( 0%) 33.33
67 ( 0%) 66.67
result accuracy by symbol:
( (91%) 31.46
) (91%) 31.46
* (87%) 29.16
+ (84%) 29.48
- (77%) 34.38
/ (76%) 34.06
0 (52%) 34.06
1 (60%) 32.16
2 (61%) 31.66
3 (62%) 31.15
4 (61%) 30.05
5 (62%) 29.88
6 (62%) 29.79
7 (63%) 30.13
8 (64%) 28.69
9 (63%) 28.64
result accuracy by digit:
0 ( 0%) 100.00
1 ( 0%) 100.00
2 ( 0%) 100.00
3 ( 0%) 100.00
4 ( 0%)  0.00
5 ( 0%)  0.00
6 ( 0%)  0.00
7 ( 0%)  0.00
8 ( 0%)  0.00
9 ( 0%) 100.00
result accuracy by result:
0 (21%) 89.14
1 (10%) 69.66
2 ( 4%) 36.87
3 ( 2%) 45.93
4 ( 2%) 13.53
5 ( 2%) 19.00
6 ( 2%)  3.48
7 ( 2%) 12.39
8 ( 2%) 14.53
9 ( 1%) 31.40
result accuracy by generalization:
1 (22.45%) 52.73
2 (22.96%) 44.36
3 (22.53%)  6.70
4 (15.82%) 46.45
5 (16.24%)  8.29
error cases:
7 [-1] 7 9
7 [-1] 7 9
7 [-1] 7 9
7 [-1] 7 9
7 [-1] 7 9
7 [-1] 7 9
7 [-1] 7 9
7 [-1] 7 9
7 [-1] 7 9
7 [-1] 7 9
val (Perception Acc=0.00, Head Acc=0.00, Result Acc=32.22)
Epoch time: 1m 38s
------------------------------
Epoch 100/199 (max_len=inf, data=11170)
Train acc: 62.04, loss: 0.433 
Epoch time: 1m 25s
------------------------------
Epoch 101/199 (max_len=inf, data=11170)
Train acc: 61.90, loss: 0.435 
Epoch time: 1m 25s
------------------------------
Epoch 102/199 (max_len=inf, data=11170)
Train acc: 62.25, loss: 0.431 
Epoch time: 1m 25s
------------------------------
Epoch 103/199 (max_len=inf, data=11170)
Train acc: 62.69, loss: 0.424 
Epoch time: 1m 24s
------------------------------
Epoch 104/199 (max_len=inf, data=11170)
Train acc: 63.00, loss: 0.419 
result accuracy by length:
1 ( 2%) 50.00
3 ( 2%) 45.00
5 ( 2%) 33.33
7 ( 4%) 31.00
9 ( 4%) 38.19
11 ( 3%) 37.50
13 ( 4%) 31.48
15 ( 4%) 34.65
17 ( 4%) 30.58
19 ( 4%) 39.71
21 ( 4%) 35.86
23 ( 4%) 32.20
25 ( 4%) 31.00
27 ( 4%) 37.93
29 ( 3%) 35.60
31 ( 3%) 30.95
33 ( 2%) 25.71
35 ( 2%) 25.34
37 ( 2%) 29.91
39 ( 3%) 21.71
41 ( 3%) 27.52
43 ( 2%) 23.19
45 ( 2%) 24.11
47 ( 2%) 34.09
49 ( 2%) 28.17
51 ( 2%) 31.06
53 ( 2%) 28.36
55 ( 2%) 18.49
57 ( 2%) 25.17
59 ( 2%) 23.36
61 ( 1%) 26.56
63 ( 0%) 31.43
65 ( 0%) 33.33
67 ( 0%)  0.00
result accuracy by symbol:
( (91%) 30.81
) (91%) 30.81
* (87%) 28.32
+ (84%) 28.76
- (77%) 34.02
/ (76%) 33.32
0 (52%) 33.52
1 (60%) 31.89
2 (61%) 31.43
3 (62%) 30.20
4 (61%) 29.19
5 (62%) 29.33
6 (62%) 29.08
7 (63%) 29.38
8 (64%) 28.12
9 (63%) 27.71
result accuracy by digit:
0 ( 0%) 100.00
1 ( 0%) 100.00
2 ( 0%) 100.00
3 ( 0%) 100.00
4 ( 0%)  0.00
5 ( 0%)  0.00
6 ( 0%)  0.00
7 ( 0%)  0.00
8 ( 0%)  0.00
9 ( 0%) 100.00
result accuracy by result:
0 (21%) 90.67
1 (10%) 64.04
2 ( 4%) 39.39
3 ( 2%) 33.33
4 ( 2%)  9.02
5 ( 2%)  8.00
6 ( 2%) 16.52
7 ( 2%) 15.93
8 ( 2%)  8.55
9 ( 1%) 31.40
result accuracy by generalization:
1 (22.45%) 52.55
2 (22.96%) 44.09
3 (22.53%)  5.71
4 (15.82%) 46.06
5 (16.24%)  6.78
error cases:
7 [-1] 7 8
7 [-1] 7 8
7 [-1] 7 8
7 [-1] 7 8
7 [-1] 7 8
7 [-1] 7 8
7 [-1] 7 8
7 [-1] 7 8
7 [-1] 7 8
7 [-1] 7 8
val (Perception Acc=0.00, Head Acc=0.00, Result Acc=31.59)
Epoch time: 1m 38s
------------------------------
Epoch 105/199 (max_len=inf, data=11170)
Train acc: 63.54, loss: 0.411 
Epoch time: 1m 25s
------------------------------
Epoch 106/199 (max_len=inf, data=11170)
Train acc: 63.48, loss: 0.408 
Epoch time: 1m 24s
------------------------------
Epoch 107/199 (max_len=inf, data=11170)
Train acc: 63.88, loss: 0.404 
Epoch time: 1m 24s
------------------------------
Epoch 108/199 (max_len=inf, data=11170)
Train acc: 64.13, loss: 0.402 
Epoch time: 1m 25s
------------------------------
Epoch 109/199 (max_len=inf, data=11170)
Train acc: 64.18, loss: 0.396 
result accuracy by length:
1 ( 2%) 49.00
3 ( 2%) 45.00
5 ( 2%) 31.78
7 ( 4%) 33.19
9 ( 4%) 36.18
11 ( 3%) 35.80
13 ( 4%) 32.87
15 ( 4%) 35.15
17 ( 4%) 34.47
19 ( 4%) 39.22
21 ( 4%) 37.37
23 ( 4%) 38.54
25 ( 4%) 27.50
27 ( 4%) 38.92
29 ( 3%) 34.03
31 ( 3%) 31.55
33 ( 2%) 22.86
35 ( 2%) 24.66
37 ( 2%) 30.77
39 ( 3%) 25.66
41 ( 3%) 28.86
43 ( 2%) 21.74
45 ( 2%) 22.32
47 ( 2%) 38.64
49 ( 2%) 24.65
51 ( 2%) 30.30
53 ( 2%) 28.36
55 ( 2%) 18.49
57 ( 2%) 22.38
59 ( 2%) 23.36
61 ( 1%) 28.12
63 ( 0%) 22.86
65 ( 0%) 33.33
67 ( 0%) 33.33
result accuracy by symbol:
( (91%) 31.08
) (91%) 31.08
* (87%) 28.53
+ (84%) 28.93
- (77%) 34.23
/ (76%) 33.48
0 (52%) 34.10
1 (60%) 31.79
2 (61%) 31.26
3 (62%) 30.43
4 (61%) 29.62
5 (62%) 29.88
6 (62%) 28.78
7 (63%) 29.80
8 (64%) 28.34
9 (63%) 28.29
result accuracy by digit:
0 ( 0%) 100.00
1 ( 0%) 100.00
2 ( 0%) 100.00
3 ( 0%) 100.00
4 ( 0%)  0.00
5 ( 0%)  0.00
6 ( 0%)  0.00
7 ( 0%)  0.00
8 ( 0%)  0.00
9 ( 0%) 90.00
result accuracy by result:
0 (21%) 89.33
1 (10%) 63.67
2 ( 4%) 40.91
3 ( 2%) 45.93
4 ( 2%) 12.78
5 ( 2%) 17.00
6 ( 2%)  5.22
7 ( 2%) 12.39
8 ( 2%) 13.68
9 ( 1%) 37.21
result accuracy by generalization:
1 (22.45%) 52.91
2 (22.96%) 44.98
3 (22.53%)  5.43
4 (15.82%) 44.90
5 (16.24%)  7.79
error cases:
7 [-1] 7 8
7 [-1] 7 8
7 [-1] 7 8
7 [-1] 7 8
7 [-1] 7 8
7 [-1] 7 8
7 [-1] 7 8
7 [-1] 7 8
7 [-1] 7 8
7 [-1] 7 8
val (Perception Acc=0.00, Head Acc=0.00, Result Acc=31.80)
Epoch time: 1m 38s
------------------------------
Epoch 110/199 (max_len=inf, data=11170)
Train acc: 64.40, loss: 0.394 
Epoch time: 1m 25s
------------------------------
Epoch 111/199 (max_len=inf, data=11170)
Train acc: 63.87, loss: 0.408 
Epoch time: 1m 24s
------------------------------
Epoch 112/199 (max_len=inf, data=11170)
Train acc: 64.55, loss: 0.397 
Epoch time: 1m 25s
------------------------------
Epoch 113/199 (max_len=inf, data=11170)
Train acc: 64.55, loss: 0.389 
Epoch time: 1m 24s
------------------------------
Epoch 114/199 (max_len=inf, data=11170)
Train acc: 64.81, loss: 0.384 
result accuracy by length:
1 ( 2%) 49.00
3 ( 2%) 41.00
5 ( 2%) 32.56
7 ( 4%) 30.57
9 ( 4%) 36.18
11 ( 3%) 35.23
13 ( 4%) 33.33
15 ( 4%) 34.16
17 ( 4%) 33.50
19 ( 4%) 40.69
21 ( 4%) 37.37
23 ( 4%) 36.10
25 ( 4%) 29.50
27 ( 4%) 36.45
29 ( 3%) 32.98
31 ( 3%) 32.74
33 ( 2%) 23.57
35 ( 2%) 27.40
37 ( 2%) 30.77
39 ( 3%) 24.34
41 ( 3%) 30.87
43 ( 2%) 23.91
45 ( 2%) 24.11
47 ( 2%) 35.61
49 ( 2%) 28.17
51 ( 2%) 32.58
53 ( 2%) 28.36
55 ( 2%) 19.33
57 ( 2%) 23.78
59 ( 2%) 21.50
61 ( 1%) 31.25
63 ( 0%) 31.43
65 ( 0%) 33.33
67 ( 0%) 33.33
result accuracy by symbol:
( (91%) 31.30
) (91%) 31.30
* (87%) 28.99
+ (84%) 29.29
- (77%) 34.28
/ (76%) 33.87
0 (52%) 34.34
1 (60%) 32.43
2 (61%) 31.69
3 (62%) 30.82
4 (61%) 30.05
5 (62%) 29.88
6 (62%) 29.60
7 (63%) 29.87
8 (64%) 28.63
9 (63%) 28.48
result accuracy by digit:
0 ( 0%) 100.00
1 ( 0%) 100.00
2 ( 0%) 100.00
3 ( 0%) 100.00
4 ( 0%)  0.00
5 ( 0%)  0.00
6 ( 0%)  0.00
7 ( 0%)  0.00
8 ( 0%)  0.00
9 ( 0%) 90.00
result accuracy by result:
0 (21%) 90.95
1 (10%) 60.49
2 ( 4%) 40.40
3 ( 2%) 39.26
4 ( 2%)  5.26
5 ( 2%) 19.00
6 ( 2%) 15.65
7 ( 2%)  9.73
8 ( 2%) 25.64
9 ( 1%) 32.56
result accuracy by generalization:
1 (22.45%) 51.73
2 (22.96%) 44.62
3 (22.53%)  5.98
4 (15.82%) 46.84
5 (16.24%)  7.91
error cases:
7 [-1] 7 8
7 [-1] 7 8
7 [-1] 7 8
7 [-1] 7 8
7 [-1] 7 8
7 [-1] 7 8
7 [-1] 7 8
7 [-1] 7 8
7 [-1] 7 8
7 [-1] 7 8
val (Perception Acc=0.00, Head Acc=0.00, Result Acc=31.90)
Epoch time: 1m 38s
------------------------------
Epoch 115/199 (max_len=inf, data=11170)
Train acc: 65.32, loss: 0.386 
Epoch time: 1m 24s
------------------------------
Epoch 116/199 (max_len=inf, data=11170)
Train acc: 65.75, loss: 0.371 
Epoch time: 1m 24s
------------------------------
Epoch 117/199 (max_len=inf, data=11170)
Train acc: 65.81, loss: 0.374 
Epoch time: 1m 25s
------------------------------
Epoch 118/199 (max_len=inf, data=11170)
Train acc: 65.74, loss: 0.377 
Epoch time: 1m 25s
------------------------------
Epoch 119/199 (max_len=inf, data=11170)
Train acc: 66.25, loss: 0.372 
result accuracy by length:
1 ( 2%) 48.00
3 ( 2%) 45.00
5 ( 2%) 32.56
7 ( 4%) 32.31
9 ( 4%) 38.69
11 ( 3%) 32.95
13 ( 4%) 29.63
15 ( 4%) 33.66
17 ( 4%) 33.01
19 ( 4%) 40.20
21 ( 4%) 38.89
23 ( 4%) 35.61
25 ( 4%) 29.50
27 ( 4%) 39.90
29 ( 3%) 36.65
31 ( 3%) 28.57
33 ( 2%) 25.71
35 ( 2%) 26.71
37 ( 2%) 30.77
39 ( 3%) 23.68
41 ( 3%) 32.21
43 ( 2%) 23.19
45 ( 2%) 23.21
47 ( 2%) 32.58
49 ( 2%) 28.17
51 ( 2%) 28.79
53 ( 2%) 29.10
55 ( 2%) 17.65
57 ( 2%) 21.68
59 ( 2%) 21.50
61 ( 1%) 26.56
63 ( 0%) 28.57
65 ( 0%) 33.33
67 ( 0%) 33.33
result accuracy by symbol:
( (91%) 30.90
) (91%) 30.90
* (87%) 28.46
+ (84%) 28.88
- (77%) 34.23
/ (76%) 33.58
0 (52%) 33.83
1 (60%) 32.43
2 (61%) 31.03
3 (62%) 30.07
4 (61%) 29.72
5 (62%) 30.01
6 (62%) 28.91
7 (63%) 29.84
8 (64%) 28.76
9 (63%) 28.03
result accuracy by digit:
0 ( 0%) 90.00
1 ( 0%) 100.00
2 ( 0%) 100.00
3 ( 0%) 90.00
4 ( 0%)  0.00
5 ( 0%)  0.00
6 ( 0%)  0.00
7 ( 0%)  0.00
8 ( 0%)  0.00
9 ( 0%) 100.00
result accuracy by result:
0 (21%) 89.14
1 (10%) 61.05
2 ( 4%) 50.51
3 ( 2%) 36.30
4 ( 2%) 13.53
5 ( 2%) 17.00
6 ( 2%) 13.04
7 ( 2%)  8.85
8 ( 2%)  9.40
9 ( 1%) 40.70
result accuracy by generalization:
1 (22.45%) 53.09
2 (22.96%) 44.62
3 (22.53%)  5.34
4 (15.82%) 45.29
5 (16.24%)  7.16
error cases:
7 [-1] 7 9
7 [-1] 7 8
7 [-1] 7 8
7 [-1] 7 8
7 [-1] 7 8
7 [-1] 7 8
7 [-1] 7 8
7 [-1] 7 8
7 [-1] 7 8
7 [-1] 7 8
val (Perception Acc=0.00, Head Acc=0.00, Result Acc=31.69)
Epoch time: 1m 38s
------------------------------
Epoch 120/199 (max_len=inf, data=11170)
Train acc: 65.95, loss: 0.371 
Epoch time: 1m 25s
------------------------------
Epoch 121/199 (max_len=inf, data=11170)
Train acc: 66.19, loss: 0.364 
Epoch time: 1m 25s
------------------------------
Epoch 122/199 (max_len=inf, data=11170)
Train acc: 65.98, loss: 0.370 
Epoch time: 1m 24s
------------------------------
Epoch 123/199 (max_len=inf, data=11170)
Train acc: 66.63, loss: 0.361 
Epoch time: 1m 25s
------------------------------
Epoch 124/199 (max_len=inf, data=11170)
Train acc: 66.60, loss: 0.359 
result accuracy by length:
1 ( 2%) 49.00
3 ( 2%) 41.00
5 ( 2%) 31.78
7 ( 4%) 30.13
9 ( 4%) 36.68
11 ( 3%) 31.82
13 ( 4%) 31.48
15 ( 4%) 32.67
17 ( 4%) 33.98
19 ( 4%) 37.75
21 ( 4%) 35.35
23 ( 4%) 34.15
25 ( 4%) 27.50
27 ( 4%) 35.96
29 ( 3%) 34.55
31 ( 3%) 29.76
33 ( 2%) 26.43
35 ( 2%) 26.03
37 ( 2%) 32.48
39 ( 3%) 26.97
41 ( 3%) 28.86
43 ( 2%) 23.91
45 ( 2%) 22.32
47 ( 2%) 32.58
49 ( 2%) 24.65
51 ( 2%) 34.09
53 ( 2%) 26.12
55 ( 2%) 20.17
57 ( 2%) 25.17
59 ( 2%) 19.63
61 ( 1%) 26.56
63 ( 0%) 25.71
65 ( 0%) 33.33
67 ( 0%) 33.33
result accuracy by symbol:
( (91%) 30.34
) (91%) 30.34
* (87%) 28.16
+ (84%) 28.23
- (77%) 33.36
/ (76%) 32.94
0 (52%) 32.73
1 (60%) 31.39
2 (61%) 30.70
3 (62%) 29.64
4 (61%) 28.69
5 (62%) 29.17
6 (62%) 28.91
7 (63%) 29.51
8 (64%) 28.03
9 (63%) 27.55
result accuracy by digit:
0 ( 0%) 100.00
1 ( 0%) 100.00
2 ( 0%) 100.00
3 ( 0%) 100.00
4 ( 0%)  0.00
5 ( 0%)  0.00
6 ( 0%)  0.00
7 ( 0%)  0.00
8 ( 0%)  0.00
9 ( 0%) 90.00
result accuracy by result:
0 (21%) 87.24
1 (10%) 61.05
2 ( 4%) 48.48
3 ( 2%) 34.07
4 ( 2%) 11.28
5 ( 2%) 18.00
6 ( 2%) 13.91
7 ( 2%)  8.85
8 ( 2%) 17.09
9 ( 1%) 33.72
result accuracy by generalization:
1 (22.45%) 49.91
2 (22.96%) 43.56
3 (22.53%)  6.16
4 (15.82%) 45.16
5 (16.24%)  7.66
error cases:
7 [-1] 7 8
7 [-1] 7 8
7 [-1] 7 8
7 [-1] 7 8
7 [-1] 7 8
7 [-1] 7 8
7 [-1] 7 8
7 [-1] 7 8
7 [-1] 7 8
7 [-1] 7 8
val (Perception Acc=0.00, Head Acc=0.00, Result Acc=30.98)
Epoch time: 1m 39s
------------------------------
Epoch 125/199 (max_len=inf, data=11170)
Train acc: 66.70, loss: 0.361 
Epoch time: 1m 24s
------------------------------
Epoch 126/199 (max_len=inf, data=11170)
Train acc: 67.38, loss: 0.359 
Epoch time: 1m 25s
------------------------------
Epoch 127/199 (max_len=inf, data=11170)
Train acc: 67.47, loss: 0.351 
Epoch time: 1m 25s
------------------------------
Epoch 128/199 (max_len=inf, data=11170)
Train acc: 67.39, loss: 0.351 
Epoch time: 1m 24s
------------------------------
Epoch 129/199 (max_len=inf, data=11170)
Train acc: 67.66, loss: 0.346 
result accuracy by length:
1 ( 2%) 50.00
3 ( 2%) 46.00
5 ( 2%) 32.56
7 ( 4%) 33.62
9 ( 4%) 38.69
11 ( 3%) 34.66
13 ( 4%) 38.43
15 ( 4%) 35.15
17 ( 4%) 38.83
19 ( 4%) 42.65
21 ( 4%) 39.90
23 ( 4%) 36.10
25 ( 4%) 26.50
27 ( 4%) 41.87
29 ( 3%) 36.13
31 ( 3%) 35.71
33 ( 2%) 23.57
35 ( 2%) 24.66
37 ( 2%) 31.62
39 ( 3%) 26.32
41 ( 3%) 28.86
43 ( 2%) 23.19
45 ( 2%) 26.79
47 ( 2%) 36.36
49 ( 2%) 30.99
51 ( 2%) 30.30
53 ( 2%) 26.12
55 ( 2%) 16.81
57 ( 2%) 27.27
59 ( 2%) 21.50
61 ( 1%) 31.25
63 ( 0%) 25.71
65 ( 0%) 33.33
67 ( 0%) 33.33
result accuracy by symbol:
( (91%) 32.57
) (91%) 32.57
* (87%) 29.81
+ (84%) 30.56
- (77%) 35.62
/ (76%) 35.23
0 (52%) 35.39
1 (60%) 33.53
2 (61%) 32.72
3 (62%) 31.74
4 (61%) 30.95
5 (62%) 30.96
6 (62%) 30.81
7 (63%) 30.55
8 (64%) 29.55
9 (63%) 29.25
result accuracy by digit:
0 ( 0%) 100.00
1 ( 0%) 100.00
2 ( 0%) 100.00
3 ( 0%) 100.00
4 ( 0%)  0.00
5 ( 0%)  0.00
6 ( 0%)  0.00
7 ( 0%)  0.00
8 ( 0%)  0.00
9 ( 0%) 100.00
result accuracy by result:
0 (21%) 89.24
1 (10%) 63.67
2 ( 4%) 50.00
3 ( 2%) 43.70
4 ( 2%) 18.05
5 ( 2%) 28.00
6 ( 2%) 10.43
7 ( 2%) 15.93
8 ( 2%) 14.53
9 ( 1%) 46.51
result accuracy by generalization:
1 (22.45%) 55.91
2 (22.96%) 46.22
3 (22.53%)  5.89
4 (15.82%) 46.06
5 (16.24%)  8.79
error cases:
7 [-1] 7 9
7 [-1] 7 9
7 [-1] 7 9
7 [-1] 7 9
7 [-1] 7 9
7 [-1] 7 9
7 [-1] 7 9
7 [-1] 7 9
7 [-1] 7 9
7 [-1] 7 9
val (Perception Acc=0.00, Head Acc=0.00, Result Acc=33.20)
Epoch time: 1m 39s
------------------------------
Epoch 130/199 (max_len=inf, data=11170)
Train acc: 67.39, loss: 0.350 
Epoch time: 1m 25s
------------------------------
Epoch 131/199 (max_len=inf, data=11170)
Train acc: 67.76, loss: 0.348 
Epoch time: 1m 25s
------------------------------
Epoch 132/199 (max_len=inf, data=11170)
Train acc: 67.77, loss: 0.347 
Epoch time: 1m 25s
------------------------------
Epoch 133/199 (max_len=inf, data=11170)
Train acc: 68.13, loss: 0.344 
Epoch time: 1m 25s
------------------------------
Epoch 134/199 (max_len=inf, data=11170)
Train acc: 68.12, loss: 0.340 
result accuracy by length:
1 ( 2%) 50.00
3 ( 2%) 42.00
5 ( 2%) 31.78
7 ( 4%) 32.75
9 ( 4%) 41.71
11 ( 3%) 35.80
13 ( 4%) 36.11
15 ( 4%) 35.64
17 ( 4%) 33.50
19 ( 4%) 43.14
21 ( 4%) 41.41
23 ( 4%) 33.17
25 ( 4%) 26.50
27 ( 4%) 38.42
29 ( 3%) 38.74
31 ( 3%) 29.17
33 ( 2%) 22.14
35 ( 2%) 23.97
37 ( 2%) 25.64
39 ( 3%) 24.34
41 ( 3%) 29.53
43 ( 2%) 18.84
45 ( 2%) 19.64
47 ( 2%) 35.61
49 ( 2%) 20.42
51 ( 2%) 28.03
53 ( 2%) 24.63
55 ( 2%) 19.33
57 ( 2%) 23.78
59 ( 2%) 21.50
61 ( 1%) 25.00
63 ( 0%) 22.86
65 ( 0%) 33.33
67 ( 0%) 66.67
result accuracy by symbol:
( (91%) 30.83
) (91%) 30.83
* (87%) 28.06
+ (84%) 28.71
- (77%) 33.60
/ (76%) 33.24
0 (52%) 33.16
1 (60%) 30.82
2 (61%) 30.60
3 (62%) 29.57
4 (61%) 29.09
5 (62%) 29.13
6 (62%) 28.91
7 (63%) 29.22
8 (64%) 28.06
9 (63%) 27.55
result accuracy by digit:
0 ( 0%) 100.00
1 ( 0%) 100.00
2 ( 0%) 100.00
3 ( 0%) 100.00
4 ( 0%)  0.00
5 ( 0%)  0.00
6 ( 0%)  0.00
7 ( 0%)  0.00
8 ( 0%)  0.00
9 ( 0%) 100.00
result accuracy by result:
0 (21%) 85.62
1 (10%) 60.11
2 ( 4%) 47.47
3 ( 2%) 45.93
4 ( 2%) 11.28
5 ( 2%) 17.00
6 ( 2%) 17.39
7 ( 2%) 18.58
8 ( 2%) 17.09
9 ( 1%) 36.05
result accuracy by generalization:
1 (22.45%) 55.55
2 (22.96%) 43.29
3 (22.53%)  5.71
4 (15.82%) 42.06
5 (16.24%)  7.29
error cases:
7 [-1] 7 9
7 [-1] 7 9
7 [-1] 7 9
7 [-1] 7 9
7 [-1] 7 9
7 [-1] 7 9
7 [-1] 7 9
7 [-1] 7 9
7 [-1] 7 9
7 [-1] 7 9
val (Perception Acc=0.00, Head Acc=0.00, Result Acc=31.53)
Epoch time: 1m 39s
------------------------------
Epoch 135/199 (max_len=inf, data=11170)
Train acc: 68.04, loss: 0.347 
Epoch time: 1m 25s
------------------------------
Epoch 136/199 (max_len=inf, data=11170)
Train acc: 68.76, loss: 0.341 
Epoch time: 1m 25s
------------------------------
Epoch 137/199 (max_len=inf, data=11170)
Train acc: 68.69, loss: 0.336 
Epoch time: 1m 25s
------------------------------
Epoch 138/199 (max_len=inf, data=11170)
Train acc: 68.39, loss: 0.338 
Epoch time: 1m 25s
------------------------------
Epoch 139/199 (max_len=inf, data=11170)
Train acc: 68.36, loss: 0.348 
result accuracy by length:
1 ( 2%) 49.00
3 ( 2%) 43.00
5 ( 2%) 33.33
7 ( 4%) 32.75
9 ( 4%) 41.71
11 ( 3%) 34.09
13 ( 4%) 33.80
15 ( 4%) 34.65
17 ( 4%) 32.52
19 ( 4%) 40.20
21 ( 4%) 36.87
23 ( 4%) 35.12
25 ( 4%) 29.50
27 ( 4%) 37.44
29 ( 3%) 36.65
31 ( 3%) 29.76
33 ( 2%) 25.71
35 ( 2%) 27.40
37 ( 2%) 28.21
39 ( 3%) 25.00
41 ( 3%) 29.53
43 ( 2%) 24.64
45 ( 2%) 21.43
47 ( 2%) 33.33
49 ( 2%) 26.06
51 ( 2%) 29.55
53 ( 2%) 24.63
55 ( 2%) 16.81
57 ( 2%) 23.78
59 ( 2%) 20.56
61 ( 1%) 26.56
63 ( 0%) 22.86
65 ( 0%) 33.33
67 ( 0%) 33.33
result accuracy by symbol:
( (91%) 31.01
) (91%) 31.01
* (87%) 28.41
+ (84%) 28.76
- (77%) 33.94
/ (76%) 33.61
0 (52%) 33.32
1 (60%) 32.23
2 (61%) 31.06
3 (62%) 30.20
4 (61%) 29.09
5 (62%) 29.59
6 (62%) 29.27
7 (63%) 29.22
8 (64%) 28.31
9 (63%) 27.68
result accuracy by digit:
0 ( 0%) 100.00
1 ( 0%) 100.00
2 ( 0%) 100.00
3 ( 0%) 100.00
4 ( 0%)  0.00
5 ( 0%)  0.00
6 ( 0%)  0.00
7 ( 0%)  0.00
8 ( 0%)  0.00
9 ( 0%) 90.00
result accuracy by result:
0 (21%) 86.19
1 (10%) 60.49
2 ( 4%) 50.51
3 ( 2%) 39.26
4 ( 2%) 21.80
5 ( 2%) 19.00
6 ( 2%) 13.04
7 ( 2%) 22.12
8 ( 2%) 19.66
9 ( 1%) 30.23
result accuracy by generalization:
1 (22.45%) 54.73
2 (22.96%) 43.47
3 (22.53%)  5.71
4 (15.82%) 43.35
5 (16.24%)  7.79
error cases:
7 [-1] 7 9
7 [-1] 7 8
7 [-1] 7 8
7 [-1] 7 8
7 [-1] 7 8
7 [-1] 7 3
7 [-1] 7 8
7 [-1] 7 9
7 [-1] 7 8
7 [-1] 7 8
val (Perception Acc=0.00, Head Acc=0.00, Result Acc=31.67)
Epoch time: 1m 38s
------------------------------
Epoch 140/199 (max_len=inf, data=11170)
Train acc: 68.39, loss: 0.341 
Epoch time: 1m 24s
------------------------------
Epoch 141/199 (max_len=inf, data=11170)
Train acc: 69.80, loss: 0.327 
Epoch time: 1m 25s
------------------------------
Epoch 142/199 (max_len=inf, data=11170)
Train acc: 68.70, loss: 0.336 
Epoch time: 1m 25s
------------------------------
Epoch 143/199 (max_len=inf, data=11170)
Train acc: 69.32, loss: 0.329 
Epoch time: 1m 25s
------------------------------
Epoch 144/199 (max_len=inf, data=11170)
Train acc: 69.28, loss: 0.329 
result accuracy by length:
1 ( 2%) 54.00
3 ( 2%) 47.00
5 ( 2%) 31.78
7 ( 4%) 34.50
9 ( 4%) 37.19
11 ( 3%) 35.80
13 ( 4%) 37.04
15 ( 4%) 34.16
17 ( 4%) 38.83
19 ( 4%) 38.73
21 ( 4%) 38.38
23 ( 4%) 34.15
25 ( 4%) 28.50
27 ( 4%) 37.44
29 ( 3%) 37.17
31 ( 3%) 30.36
33 ( 2%) 27.86
35 ( 2%) 23.97
37 ( 2%) 26.50
39 ( 3%) 25.00
41 ( 3%) 27.52
43 ( 2%) 24.64
45 ( 2%) 25.89
47 ( 2%) 34.85
49 ( 2%) 27.46
51 ( 2%) 33.33
53 ( 2%) 26.87
55 ( 2%) 16.81
57 ( 2%) 24.48
59 ( 2%) 17.76
61 ( 1%) 26.56
63 ( 0%) 28.57
65 ( 0%) 33.33
67 ( 0%) 33.33
result accuracy by symbol:
( (91%) 31.46
) (91%) 31.46
* (87%) 28.95
+ (84%) 29.26
- (77%) 34.65
/ (76%) 33.66
0 (52%) 33.95
1 (60%) 31.93
2 (61%) 31.26
3 (62%) 30.69
4 (61%) 30.22
5 (62%) 30.11
6 (62%) 29.63
7 (63%) 29.64
8 (64%) 28.89
9 (63%) 28.54
result accuracy by digit:
0 ( 0%) 90.00
1 ( 0%) 100.00
2 ( 0%) 100.00
3 ( 0%) 90.00
4 ( 0%) 70.00
5 ( 0%)  0.00
6 ( 0%)  0.00
7 ( 0%)  0.00
8 ( 0%)  0.00
9 ( 0%) 90.00
result accuracy by result:
0 (21%) 86.76
1 (10%) 64.98
2 ( 4%) 37.37
3 ( 2%) 41.48
4 ( 2%) 16.54
5 ( 2%) 22.00
6 ( 2%) 22.61
7 ( 2%) 19.47
8 ( 2%) 19.66
9 ( 1%) 44.19
result accuracy by generalization:
1 (22.45%) 55.91
2 (22.96%) 43.64
3 (22.53%)  5.98
4 (15.82%) 44.90
5 (16.24%)  8.04
error cases:
7 [-1] 7 8
7 [-1] 7 8
7 [-1] 7 8
7 [-1] 7 8
7 [-1] 7 8
7 [-1] 7 3
7 [-1] 7 8
7 [-1] 7 8
7 [-1] 7 8
7 [-1] 7 8
val (Perception Acc=0.00, Head Acc=0.00, Result Acc=32.33)
Epoch time: 1m 38s
------------------------------
Epoch 145/199 (max_len=inf, data=11170)
Train acc: 69.72, loss: 0.329 
Epoch time: 1m 24s
------------------------------
Epoch 146/199 (max_len=inf, data=11170)
Train acc: 70.01, loss: 0.322 
Epoch time: 1m 25s
------------------------------
Epoch 147/199 (max_len=inf, data=11170)
Train acc: 69.69, loss: 0.322 
Epoch time: 1m 25s
------------------------------
Epoch 148/199 (max_len=inf, data=11170)
Train acc: 70.18, loss: 0.322 
Epoch time: 1m 24s
------------------------------
Epoch 149/199 (max_len=inf, data=11170)
Train acc: 70.27, loss: 0.318 
result accuracy by length:
1 ( 2%) 49.00
3 ( 2%) 41.00
5 ( 2%) 32.56
7 ( 4%) 35.37
9 ( 4%) 41.21
11 ( 3%) 36.93
13 ( 4%) 39.35
15 ( 4%) 33.66
17 ( 4%) 37.86
19 ( 4%) 43.63
21 ( 4%) 40.40
23 ( 4%) 36.10
25 ( 4%) 30.00
27 ( 4%) 42.36
29 ( 3%) 37.70
31 ( 3%) 33.33
33 ( 2%) 28.57
35 ( 2%) 24.66
37 ( 2%) 29.91
39 ( 3%) 23.03
41 ( 3%) 29.53
43 ( 2%) 22.46
45 ( 2%) 27.68
47 ( 2%) 31.82
49 ( 2%) 28.87
51 ( 2%) 34.09
53 ( 2%) 28.36
55 ( 2%) 16.81
57 ( 2%) 25.17
59 ( 2%) 19.63
61 ( 1%) 28.12
63 ( 0%) 22.86
65 ( 0%) 33.33
67 ( 0%) 33.33
result accuracy by symbol:
( (91%) 32.78
) (91%) 32.78
* (87%) 30.16
+ (84%) 30.58
- (77%) 35.64
/ (76%) 35.10
0 (52%) 35.74
1 (60%) 33.07
2 (61%) 32.82
3 (62%) 31.84
4 (61%) 30.75
5 (62%) 31.05
6 (62%) 30.87
7 (63%) 30.74
8 (64%) 29.65
9 (63%) 29.50
result accuracy by digit:
0 ( 0%) 100.00
1 ( 0%) 100.00
2 ( 0%) 100.00
3 ( 0%) 100.00
4 ( 0%)  0.00
5 ( 0%)  0.00
6 ( 0%)  0.00
7 ( 0%)  0.00
8 ( 0%)  0.00
9 ( 0%) 90.00
result accuracy by result:
0 (21%) 87.43
1 (10%) 61.61
2 ( 4%) 52.53
3 ( 2%) 46.67
4 ( 2%) 15.79
5 ( 2%) 31.00
6 ( 2%) 16.52
7 ( 2%) 21.24
8 ( 2%) 27.35
9 ( 1%) 36.05
result accuracy by generalization:
1 (22.45%) 57.00
2 (22.96%) 46.58
3 (22.53%)  6.16
4 (15.82%) 45.16
5 (16.24%)  8.04
error cases:
7 [-1] 7 8
7 [-1] 7 8
7 [-1] 7 8
7 [-1] 7 8
7 [-1] 7 8
7 [-1] 7 8
7 [-1] 7 8
7 [-1] 7 8
7 [-1] 7 8
7 [-1] 7 8
val (Perception Acc=0.00, Head Acc=0.00, Result Acc=33.33)
Epoch time: 1m 38s
------------------------------
Epoch 150/199 (max_len=inf, data=11170)
Train acc: 70.43, loss: 0.316 
Epoch time: 1m 25s
------------------------------
Epoch 151/199 (max_len=inf, data=11170)
Train acc: 69.98, loss: 0.316 
Epoch time: 1m 25s
------------------------------
Epoch 152/199 (max_len=inf, data=11170)
Train acc: 70.02, loss: 0.313 
Epoch time: 1m 25s
------------------------------
Epoch 153/199 (max_len=inf, data=11170)
Train acc: 70.16, loss: 0.312 
Epoch time: 1m 25s
------------------------------
Epoch 154/199 (max_len=inf, data=11170)
Train acc: 70.54, loss: 0.317 
result accuracy by length:
1 ( 2%) 41.00
3 ( 2%) 40.00
5 ( 2%) 32.56
7 ( 4%) 31.88
9 ( 4%) 36.68
11 ( 3%) 35.23
13 ( 4%) 37.04
15 ( 4%) 35.15
17 ( 4%) 37.38
19 ( 4%) 40.69
21 ( 4%) 40.40
23 ( 4%) 35.61
25 ( 4%) 27.00
27 ( 4%) 41.87
29 ( 3%) 36.13
31 ( 3%) 35.12
33 ( 2%) 29.29
35 ( 2%) 23.97
37 ( 2%) 31.62
39 ( 3%) 25.00
41 ( 3%) 29.53
43 ( 2%) 22.46
45 ( 2%) 24.11
47 ( 2%) 31.82
49 ( 2%) 27.46
51 ( 2%) 28.79
53 ( 2%) 25.37
55 ( 2%) 15.97
57 ( 2%) 24.48
59 ( 2%) 19.63
61 ( 1%) 26.56
63 ( 0%) 20.00
65 ( 0%) 33.33
67 ( 0%) 33.33
result accuracy by symbol:
( (91%) 31.70
) (91%) 31.70
* (87%) 28.99
+ (84%) 29.36
- (77%) 34.80
/ (76%) 34.22
0 (52%) 34.41
1 (60%) 32.43
2 (61%) 31.53
3 (62%) 30.16
4 (61%) 30.15
5 (62%) 30.21
6 (62%) 29.79
7 (63%) 29.93
8 (64%) 28.47
9 (63%) 28.80
result accuracy by digit:
0 ( 0%) 100.00
1 ( 0%) 100.00
2 ( 0%) 100.00
3 ( 0%)  0.00
4 ( 0%)  0.00
5 ( 0%) 10.00
6 ( 0%)  0.00
7 ( 0%)  0.00
8 ( 0%)  0.00
9 ( 0%) 100.00
result accuracy by result:
0 (21%) 88.00
1 (10%) 63.48
2 ( 4%) 46.46
3 ( 2%) 21.48
4 ( 2%) 21.80
5 ( 2%) 28.00
6 ( 2%) 22.61
7 ( 2%) 10.62
8 ( 2%) 10.26
9 ( 1%) 43.02
result accuracy by generalization:
1 (22.45%) 53.27
2 (22.96%) 46.04
3 (22.53%)  6.43
4 (15.82%) 42.97
5 (16.24%)  7.91
error cases:
7 [-1] 7 9
7 [-1] 7 9
7 [-1] 7 9
7 [-1] 7 9
7 [-1] 7 9
7 [-1] 7 9
7 [-1] 7 9
7 [-1] 7 9
7 [-1] 7 9
7 [-1] 7 9
val (Perception Acc=0.00, Head Acc=0.00, Result Acc=32.06)
Epoch time: 1m 38s
------------------------------
Epoch 155/199 (max_len=inf, data=11170)
Train acc: 70.63, loss: 0.316 
Epoch time: 1m 24s
------------------------------
Epoch 156/199 (max_len=inf, data=11170)
Train acc: 70.60, loss: 0.317 
Epoch time: 1m 24s
------------------------------
Epoch 157/199 (max_len=inf, data=11170)
Train acc: 70.05, loss: 0.318 
Epoch time: 1m 24s
------------------------------
Epoch 158/199 (max_len=inf, data=11170)
Train acc: 70.69, loss: 0.311 
Epoch time: 1m 25s
------------------------------
Epoch 159/199 (max_len=inf, data=11170)
Train acc: 70.55, loss: 0.315 
result accuracy by length:
1 ( 2%) 40.00
3 ( 2%) 43.00
5 ( 2%) 33.33
7 ( 4%) 32.75
9 ( 4%) 38.69
11 ( 3%) 36.93
13 ( 4%) 35.19
15 ( 4%) 34.65
17 ( 4%) 35.44
19 ( 4%) 39.22
21 ( 4%) 40.91
23 ( 4%) 37.07
25 ( 4%) 29.50
27 ( 4%) 37.93
29 ( 3%) 38.74
31 ( 3%) 32.14
33 ( 2%) 26.43
35 ( 2%) 25.34
37 ( 2%) 31.62
39 ( 3%) 23.03
41 ( 3%) 28.86
43 ( 2%) 23.19
45 ( 2%) 22.32
47 ( 2%) 30.30
49 ( 2%) 25.35
51 ( 2%) 31.82
53 ( 2%) 23.88
55 ( 2%) 16.81
57 ( 2%) 22.38
59 ( 2%) 24.30
61 ( 1%) 26.56
63 ( 0%) 20.00
65 ( 0%) 33.33
67 ( 0%) 66.67
result accuracy by symbol:
( (91%) 31.44
) (91%) 31.44
* (87%) 28.90
+ (84%) 29.29
- (77%) 34.49
/ (76%) 33.87
0 (52%) 33.75
1 (60%) 32.66
2 (61%) 31.33
3 (62%) 29.77
4 (61%) 29.92
5 (62%) 29.95
6 (62%) 29.47
7 (63%) 29.77
8 (64%) 28.73
9 (63%) 28.58
result accuracy by digit:
0 ( 0%) 100.00
1 ( 0%) 100.00
2 ( 0%) 100.00
3 ( 0%)  0.00
4 ( 0%)  0.00
5 ( 0%)  0.00
6 ( 0%)  0.00
7 ( 0%)  0.00
8 ( 0%)  0.00
9 ( 0%) 100.00
result accuracy by result:
0 (21%) 88.86
1 (10%) 61.61
2 ( 4%) 45.45
3 ( 2%) 34.81
4 ( 2%) 14.29
5 ( 2%) 19.00
6 ( 2%) 10.43
7 ( 2%) 12.39
8 ( 2%) 16.24
9 ( 1%) 38.37
result accuracy by generalization:
1 (22.45%) 54.82
2 (22.96%) 45.24
3 (22.53%)  5.62
4 (15.82%) 43.10
5 (16.24%)  7.29
error cases:
7 [-1] 7 9
7 [-1] 7 9
7 [-1] 7 9
7 [-1] 7 9
7 [-1] 7 9
7 [-1] 7 9
7 [-1] 7 9
7 [-1] 7 9
7 [-1] 7 9
7 [-1] 7 9
val (Perception Acc=0.00, Head Acc=0.00, Result Acc=31.96)
Epoch time: 1m 38s
------------------------------
Epoch 160/199 (max_len=inf, data=11170)
Train acc: 70.05, loss: 0.318 
Epoch time: 1m 25s
------------------------------
Epoch 161/199 (max_len=inf, data=11170)
Train acc: 70.62, loss: 0.320 
Epoch time: 1m 25s
------------------------------
Epoch 162/199 (max_len=inf, data=11170)
Train acc: 71.08, loss: 0.312 
Epoch time: 1m 25s
------------------------------
Epoch 163/199 (max_len=inf, data=11170)
Train acc: 70.26, loss: 0.318 
Epoch time: 1m 24s
------------------------------
Epoch 164/199 (max_len=inf, data=11170)
Train acc: 71.07, loss: 0.309 
result accuracy by length:
1 ( 2%) 40.00
3 ( 2%) 36.00
5 ( 2%) 33.33
7 ( 4%) 31.44
9 ( 4%) 39.20
11 ( 3%) 34.66
13 ( 4%) 35.19
15 ( 4%) 34.16
17 ( 4%) 38.35
19 ( 4%) 38.24
21 ( 4%) 40.91
23 ( 4%) 38.05
25 ( 4%) 29.50
27 ( 4%) 40.89
29 ( 3%) 40.31
31 ( 3%) 34.52
33 ( 2%) 25.71
35 ( 2%) 26.71
37 ( 2%) 29.91
39 ( 3%) 19.74
41 ( 3%) 30.87
43 ( 2%) 20.29
45 ( 2%) 22.32
47 ( 2%) 32.58
49 ( 2%) 23.94
51 ( 2%) 34.09
53 ( 2%) 25.37
55 ( 2%) 18.49
57 ( 2%) 24.48
59 ( 2%) 20.56
61 ( 1%) 26.56
63 ( 0%) 22.86
65 ( 0%) 33.33
67 ( 0%) 33.33
result accuracy by symbol:
( (91%) 31.75
) (91%) 31.75
* (87%) 29.16
+ (84%) 29.53
- (77%) 34.80
/ (76%) 34.09
0 (52%) 34.38
1 (60%) 32.40
2 (61%) 31.73
3 (62%) 30.49
4 (61%) 29.92
5 (62%) 29.95
6 (62%) 29.70
7 (63%) 30.29
8 (64%) 29.20
9 (63%) 28.74
result accuracy by digit:
0 ( 0%) 100.00
1 ( 0%) 100.00
2 ( 0%) 100.00
3 ( 0%)  0.00
4 ( 0%)  0.00
5 ( 0%)  0.00
6 ( 0%)  0.00
7 ( 0%)  0.00
8 ( 0%)  0.00
9 ( 0%) 100.00
result accuracy by result:
0 (21%) 88.86
1 (10%) 61.05
2 ( 4%) 42.93
3 ( 2%) 36.30
4 ( 2%) 20.30
5 ( 2%) 17.00
6 ( 2%) 14.78
7 ( 2%) 21.24
8 ( 2%)  8.55
9 ( 1%) 39.53
result accuracy by generalization:
1 (22.45%) 53.73
2 (22.96%) 46.67
3 (22.53%)  5.62
4 (15.82%) 44.13
5 (16.24%)  6.41
error cases:
7 [-1] 7 9
7 [-1] 7 9
7 [-1] 7 9
7 [-1] 7 9
7 [-1] 7 9
7 [-1] 7 9
7 [-1] 7 9
7 [-1] 7 9
7 [-1] 7 9
7 [-1] 7 9
val (Perception Acc=0.00, Head Acc=0.00, Result Acc=32.06)
Epoch time: 1m 38s
------------------------------
Epoch 165/199 (max_len=inf, data=11170)
Train acc: 71.30, loss: 0.313 
Epoch time: 1m 25s
------------------------------
Epoch 166/199 (max_len=inf, data=11170)
Train acc: 71.27, loss: 0.310 
Epoch time: 1m 25s
------------------------------
Epoch 167/199 (max_len=inf, data=11170)
Train acc: 71.35, loss: 0.307 
Epoch time: 1m 25s
------------------------------
Epoch 168/199 (max_len=inf, data=11170)
Train acc: 71.33, loss: 0.305 
Epoch time: 1m 25s
------------------------------
Epoch 169/199 (max_len=inf, data=11170)
Train acc: 71.19, loss: 0.309 
result accuracy by length:
1 ( 2%) 41.00
3 ( 2%) 42.00
5 ( 2%) 33.33
7 ( 4%) 29.69
9 ( 4%) 38.69
11 ( 3%) 36.93
13 ( 4%) 35.19
15 ( 4%) 36.14
17 ( 4%) 34.95
19 ( 4%) 37.75
21 ( 4%) 35.86
23 ( 4%) 34.15
25 ( 4%) 28.50
27 ( 4%) 39.90
29 ( 3%) 34.03
31 ( 3%) 31.55
33 ( 2%) 21.43
35 ( 2%) 25.34
37 ( 2%) 28.21
39 ( 3%) 23.03
41 ( 3%) 26.17
43 ( 2%) 21.01
45 ( 2%) 26.79
47 ( 2%) 31.82
49 ( 2%) 21.83
51 ( 2%) 31.82
53 ( 2%) 22.39
55 ( 2%) 15.13
57 ( 2%) 22.38
59 ( 2%) 23.36
61 ( 1%) 31.25
63 ( 0%) 25.71
65 ( 0%) 44.44
67 ( 0%) 33.33
result accuracy by symbol:
( (91%) 30.48
) (91%) 30.48
* (87%) 28.09
+ (84%) 28.23
- (77%) 33.33
/ (76%) 32.76
0 (52%) 32.81
1 (60%) 31.22
2 (61%) 30.80
3 (62%) 28.95
4 (61%) 29.05
5 (62%) 28.87
6 (62%) 28.39
7 (63%) 28.71
8 (64%) 27.58
9 (63%) 27.81
result accuracy by digit:
0 ( 0%) 100.00
1 ( 0%) 100.00
2 ( 0%) 100.00
3 ( 0%) 10.00
4 ( 0%)  0.00
5 ( 0%)  0.00
6 ( 0%)  0.00
7 ( 0%)  0.00
8 ( 0%)  0.00
9 ( 0%) 100.00
result accuracy by result:
0 (21%) 86.95
1 (10%) 58.80
2 ( 4%) 44.44
3 ( 2%) 38.52
4 ( 2%)  9.02
5 ( 2%) 13.00
6 ( 2%) 21.74
7 ( 2%)  9.73
8 ( 2%)  9.40
9 ( 1%) 38.37
result accuracy by generalization:
1 (22.45%) 52.09
2 (22.96%) 44.44
3 (22.53%)  5.25
4 (15.82%) 42.19
5 (16.24%)  7.54
error cases:
7 [-1] 7 9
7 [-1] 7 9
7 [-1] 7 9
7 [-1] 7 9
7 [-1] 7 9
7 [-1] 7 9
7 [-1] 7 9
7 [-1] 7 9
7 [-1] 7 9
7 [-1] 7 9
val (Perception Acc=0.00, Head Acc=0.00, Result Acc=30.98)
Epoch time: 1m 38s
------------------------------
Epoch 170/199 (max_len=inf, data=11170)
Train acc: 71.14, loss: 0.309 
Epoch time: 1m 24s
------------------------------
Epoch 171/199 (max_len=inf, data=11170)
Train acc: 70.84, loss: 0.307 
Epoch time: 1m 25s
------------------------------
Epoch 172/199 (max_len=inf, data=11170)
Train acc: 71.36, loss: 0.303 
Epoch time: 1m 25s
------------------------------
Epoch 173/199 (max_len=inf, data=11170)
Train acc: 71.56, loss: 0.302 
Epoch time: 1m 24s
------------------------------
Epoch 174/199 (max_len=inf, data=11170)
Train acc: 71.15, loss: 0.308 
result accuracy by length:
1 ( 2%) 40.00
3 ( 2%) 43.00
5 ( 2%) 34.88
7 ( 4%) 34.50
9 ( 4%) 40.70
11 ( 3%) 39.20
13 ( 4%) 34.26
15 ( 4%) 39.11
17 ( 4%) 34.47
19 ( 4%) 42.16
21 ( 4%) 37.37
23 ( 4%) 36.10
25 ( 4%) 29.00
27 ( 4%) 38.42
29 ( 3%) 42.41
31 ( 3%) 31.55
33 ( 2%) 27.14
35 ( 2%) 24.66
37 ( 2%) 29.06
39 ( 3%) 19.08
41 ( 3%) 27.52
43 ( 2%) 23.19
45 ( 2%) 22.32
47 ( 2%) 34.85
49 ( 2%) 24.65
51 ( 2%) 32.58
53 ( 2%) 23.13
55 ( 2%) 18.49
57 ( 2%) 26.57
59 ( 2%) 24.30
61 ( 1%) 25.00
63 ( 0%) 22.86
65 ( 0%) 22.22
67 ( 0%) 33.33
result accuracy by symbol:
( (91%) 31.79
) (91%) 31.79
* (87%) 29.23
+ (84%) 29.69
- (77%) 34.78
/ (76%) 34.30
0 (52%) 34.73
1 (60%) 32.63
2 (61%) 31.63
3 (62%) 30.59
4 (61%) 29.65
5 (62%) 30.53
6 (62%) 29.76
7 (63%) 30.42
8 (64%) 28.60
9 (63%) 28.48
result accuracy by digit:
0 ( 0%) 100.00
1 ( 0%) 100.00
2 ( 0%) 100.00
3 ( 0%)  0.00
4 ( 0%)  0.00
5 ( 0%)  0.00
6 ( 0%)  0.00
7 ( 0%)  0.00
8 ( 0%)  0.00
9 ( 0%) 100.00
result accuracy by result:
0 (21%) 86.38
1 (10%) 60.67
2 ( 4%) 44.95
3 ( 2%) 35.56
4 ( 2%) 18.05
5 ( 2%) 30.00
6 ( 2%) 22.61
7 ( 2%) 20.35
8 ( 2%) 11.97
9 ( 1%) 36.05
result accuracy by generalization:
1 (22.45%) 55.55
2 (22.96%) 45.69
3 (22.53%)  6.16
4 (15.82%) 43.10
5 (16.24%)  7.66
error cases:
7 [-1] 7 9
7 [-1] 7 9
7 [-1] 7 9
7 [-1] 7 9
7 [-1] 7 9
7 [-1] 7 9
7 [-1] 7 9
7 [-1] 7 9
7 [-1] 7 9
7 [-1] 7 9
val (Perception Acc=0.00, Head Acc=0.00, Result Acc=32.41)
Epoch time: 1m 38s
------------------------------
Epoch 175/199 (max_len=inf, data=11170)
Train acc: 71.45, loss: 0.305 
Epoch time: 1m 24s
------------------------------
Epoch 176/199 (max_len=inf, data=11170)
Train acc: 71.22, loss: 0.307 
Epoch time: 1m 25s
------------------------------
Epoch 177/199 (max_len=inf, data=11170)
Train acc: 71.64, loss: 0.296 
Epoch time: 1m 25s
------------------------------
Epoch 178/199 (max_len=inf, data=11170)
Train acc: 71.59, loss: 0.297 
Epoch time: 1m 25s
------------------------------
Epoch 179/199 (max_len=inf, data=11170)
Train acc: 72.39, loss: 0.292 
result accuracy by length:
1 ( 2%) 40.00
3 ( 2%) 37.00
5 ( 2%) 31.78
7 ( 4%) 31.00
9 ( 4%) 40.70
11 ( 3%) 34.09
13 ( 4%) 35.65
15 ( 4%) 40.10
17 ( 4%) 38.35
19 ( 4%) 42.65
21 ( 4%) 39.90
23 ( 4%) 36.59
25 ( 4%) 30.00
27 ( 4%) 40.39
29 ( 3%) 36.13
31 ( 3%) 34.52
33 ( 2%) 25.71
35 ( 2%) 24.66
37 ( 2%) 30.77
39 ( 3%) 22.37
41 ( 3%) 28.86
43 ( 2%) 19.57
45 ( 2%) 25.89
47 ( 2%) 35.61
49 ( 2%) 23.94
51 ( 2%) 30.30
53 ( 2%) 22.39
55 ( 2%) 17.65
57 ( 2%) 23.08
59 ( 2%) 21.50
61 ( 1%) 29.69
63 ( 0%) 25.71
65 ( 0%) 33.33
67 ( 0%)  0.00
result accuracy by symbol:
( (91%) 31.95
) (91%) 31.95
* (87%) 29.37
+ (84%) 29.65
- (77%) 34.96
/ (76%) 34.09
0 (52%) 33.79
1 (60%) 32.66
2 (61%) 31.66
3 (62%) 30.46
4 (61%) 30.32
5 (62%) 30.70
6 (62%) 29.70
7 (63%) 29.93
8 (64%) 28.85
9 (63%) 28.93
result accuracy by digit:
0 ( 0%) 100.00
1 ( 0%) 100.00
2 ( 0%) 100.00
3 ( 0%)  0.00
4 ( 0%)  0.00
5 ( 0%)  0.00
6 ( 0%)  0.00
7 ( 0%)  0.00
8 ( 0%)  0.00
9 ( 0%) 100.00
result accuracy by result:
0 (21%) 85.90
1 (10%) 63.67
2 ( 4%) 50.00
3 ( 2%) 32.59
4 ( 2%) 18.05
5 ( 2%) 30.00
6 ( 2%) 15.65
7 ( 2%) 14.16
8 ( 2%) 14.53
9 ( 1%) 38.37
result accuracy by generalization:
1 (22.45%) 55.27
2 (22.96%) 45.07
3 (22.53%)  6.34
4 (15.82%) 42.19
5 (16.24%)  8.17
error cases:
7 [-1] 7 9
7 [-1] 7 9
7 [-1] 7 9
7 [-1] 7 9
7 [-1] 7 9
7 [-1] 7 9
7 [-1] 7 9
7 [-1] 7 9
7 [-1] 7 9
7 [-1] 7 9
val (Perception Acc=0.00, Head Acc=0.00, Result Acc=32.18)
Epoch time: 1m 38s
------------------------------
Epoch 180/199 (max_len=inf, data=11170)
Train acc: 72.20, loss: 0.299 
Epoch time: 1m 25s
------------------------------
Epoch 181/199 (max_len=inf, data=11170)
Train acc: 72.48, loss: 0.295 
Epoch time: 1m 25s
------------------------------
Epoch 182/199 (max_len=inf, data=11170)
Train acc: 71.32, loss: 0.303 
Epoch time: 1m 24s
------------------------------
Epoch 183/199 (max_len=inf, data=11170)
Train acc: 71.52, loss: 0.304 
Epoch time: 1m 24s
------------------------------
Epoch 184/199 (max_len=inf, data=11170)
Train acc: 72.29, loss: 0.296 
result accuracy by length:
1 ( 2%) 40.00
3 ( 2%) 40.00
5 ( 2%) 32.56
7 ( 4%) 34.06
9 ( 4%) 38.69
11 ( 3%) 37.50
13 ( 4%) 35.19
15 ( 4%) 37.62
17 ( 4%) 33.98
19 ( 4%) 41.18
21 ( 4%) 37.88
23 ( 4%) 35.61
25 ( 4%) 29.50
27 ( 4%) 41.87
29 ( 3%) 37.17
31 ( 3%) 33.93
33 ( 2%) 23.57
35 ( 2%) 23.97
37 ( 2%) 29.06
39 ( 3%) 17.76
41 ( 3%) 27.52
43 ( 2%) 21.01
45 ( 2%) 24.11
47 ( 2%) 35.61
49 ( 2%) 26.06
51 ( 2%) 32.58
53 ( 2%) 23.13
55 ( 2%) 16.81
57 ( 2%) 23.78
59 ( 2%) 20.56
61 ( 1%) 32.81
63 ( 0%) 25.71
65 ( 0%) 33.33
67 ( 0%) 33.33
result accuracy by symbol:
( (91%) 31.50
) (91%) 31.50
* (87%) 28.69
+ (84%) 29.26
- (77%) 34.46
/ (76%) 33.82
0 (52%) 34.22
1 (60%) 32.16
2 (61%) 31.36
3 (62%) 30.23
4 (61%) 29.88
5 (62%) 30.08
6 (62%) 29.34
7 (63%) 29.48
8 (64%) 28.34
9 (63%) 28.38
result accuracy by digit:
0 ( 0%) 100.00
1 ( 0%) 100.00
2 ( 0%) 100.00
3 ( 0%)  0.00
4 ( 0%)  0.00
5 ( 0%)  0.00
6 ( 0%)  0.00
7 ( 0%)  0.00
8 ( 0%)  0.00
9 ( 0%) 100.00
result accuracy by result:
0 (21%) 87.90
1 (10%) 60.67
2 ( 4%) 42.93
3 ( 2%) 36.30
4 ( 2%) 16.54
5 ( 2%) 28.00
6 ( 2%) 13.91
7 ( 2%) 14.16
8 ( 2%) 17.09
9 ( 1%) 40.70
result accuracy by generalization:
1 (22.45%) 54.82
2 (22.96%) 44.98
3 (22.53%)  5.62
4 (15.82%) 43.23
5 (16.24%)  7.16
error cases:
7 [-1] 7 9
7 [-1] 7 9
7 [-1] 7 9
7 [-1] 7 9
7 [-1] 7 9
7 [-1] 7 9
7 [-1] 7 9
7 [-1] 7 9
7 [-1] 7 9
7 [-1] 7 9
val (Perception Acc=0.00, Head Acc=0.00, Result Acc=31.90)
Epoch time: 1m 38s
------------------------------
Epoch 185/199 (max_len=inf, data=11170)
Train acc: 72.72, loss: 0.294 
Epoch time: 1m 24s
------------------------------
Epoch 186/199 (max_len=inf, data=11170)
Train acc: 72.02, loss: 0.295 
Epoch time: 1m 24s
------------------------------
Epoch 187/199 (max_len=inf, data=11170)
Train acc: 72.32, loss: 0.296 
Epoch time: 1m 25s
------------------------------
Epoch 188/199 (max_len=inf, data=11170)
Train acc: 71.82, loss: 0.301 
Epoch time: 1m 25s
------------------------------
Epoch 189/199 (max_len=inf, data=11170)
Train acc: 72.09, loss: 0.296 
result accuracy by length:
1 ( 2%) 40.00
3 ( 2%) 41.00
5 ( 2%) 31.01
7 ( 4%) 34.50
9 ( 4%) 40.20
11 ( 3%) 36.93
13 ( 4%) 37.50
15 ( 4%) 33.17
17 ( 4%) 37.38
19 ( 4%) 44.61
21 ( 4%) 40.91
23 ( 4%) 35.61
25 ( 4%) 28.50
27 ( 4%) 40.39
29 ( 3%) 36.65
31 ( 3%) 32.14
33 ( 2%) 26.43
35 ( 2%) 27.40
37 ( 2%) 29.91
39 ( 3%) 20.39
41 ( 3%) 25.50
43 ( 2%) 21.01
45 ( 2%) 22.32
47 ( 2%) 34.09
49 ( 2%) 20.42
51 ( 2%) 30.30
53 ( 2%) 22.39
55 ( 2%) 18.49
57 ( 2%) 27.97
59 ( 2%) 22.43
61 ( 1%) 29.69
63 ( 0%) 22.86
65 ( 0%) 33.33
67 ( 0%) 33.33
result accuracy by symbol:
( (91%) 31.73
) (91%) 31.73
* (87%) 28.90
+ (84%) 29.50
- (77%) 34.65
/ (76%) 34.14
0 (52%) 34.88
1 (60%) 32.36
2 (61%) 31.13
3 (62%) 30.20
4 (61%) 29.75
5 (62%) 30.21
6 (62%) 29.50
7 (63%) 29.71
8 (64%) 28.41
9 (63%) 28.61
result accuracy by digit:
0 ( 0%) 100.00
1 ( 0%) 100.00
2 ( 0%) 100.00
3 ( 0%)  0.00
4 ( 0%)  0.00
5 ( 0%)  0.00
6 ( 0%)  0.00
7 ( 0%)  0.00
8 ( 0%)  0.00
9 ( 0%) 100.00
result accuracy by result:
0 (21%) 86.00
1 (10%) 61.42
2 ( 4%) 50.51
3 ( 2%) 28.15
4 ( 2%) 16.54
5 ( 2%) 30.00
6 ( 2%) 13.04
7 ( 2%) 22.12
8 ( 2%) 16.24
9 ( 1%) 40.70
result accuracy by generalization:
1 (22.45%) 55.91
2 (22.96%) 45.24
3 (22.53%)  5.98
4 (15.82%) 42.19
5 (16.24%)  7.16
error cases:
7 [-1] 7 9
7 [-1] 7 9
7 [-1] 7 9
7 [-1] 7 9
7 [-1] 7 9
7 [-1] 7 9
7 [-1] 7 9
7 [-1] 7 9
7 [-1] 7 9
7 [-1] 7 9
val (Perception Acc=0.00, Head Acc=0.00, Result Acc=32.12)
Epoch time: 1m 38s
------------------------------
Epoch 190/199 (max_len=inf, data=11170)
Train acc: 72.90, loss: 0.291 
Epoch time: 1m 25s
------------------------------
Epoch 191/199 (max_len=inf, data=11170)
Train acc: 72.93, loss: 0.293 
Epoch time: 1m 25s
------------------------------
Epoch 192/199 (max_len=inf, data=11170)
Train acc: 72.54, loss: 0.291 
Epoch time: 1m 25s
------------------------------
Epoch 193/199 (max_len=inf, data=11170)
Train acc: 72.36, loss: 0.294 
Epoch time: 1m 25s
------------------------------
Epoch 194/199 (max_len=inf, data=11170)
Train acc: 72.74, loss: 0.292 
result accuracy by length:
1 ( 2%) 40.00
3 ( 2%) 42.00
5 ( 2%) 34.11
7 ( 4%) 34.06
9 ( 4%) 40.70
11 ( 3%) 36.36
13 ( 4%) 38.43
15 ( 4%) 34.16
17 ( 4%) 37.86
19 ( 4%) 41.18
21 ( 4%) 38.89
23 ( 4%) 37.07
25 ( 4%) 29.50
27 ( 4%) 41.87
29 ( 3%) 36.13
31 ( 3%) 33.33
33 ( 2%) 22.86
35 ( 2%) 23.29
37 ( 2%) 30.77
39 ( 3%) 24.34
41 ( 3%) 26.85
43 ( 2%) 21.01
45 ( 2%) 24.11
47 ( 2%) 35.61
49 ( 2%) 22.54
51 ( 2%) 31.82
53 ( 2%) 23.88
55 ( 2%) 14.29
57 ( 2%) 20.98
59 ( 2%) 19.63
61 ( 1%) 29.69
63 ( 0%) 31.43
65 ( 0%) 33.33
67 ( 0%)  0.00
result accuracy by symbol:
( (91%) 31.59
) (91%) 31.59
* (87%) 28.95
+ (84%) 29.33
- (77%) 34.59
/ (76%) 34.06
0 (52%) 34.45
1 (60%) 32.40
2 (61%) 31.30
3 (62%) 30.16
4 (61%) 29.52
5 (62%) 30.01
6 (62%) 29.14
7 (63%) 29.84
8 (64%) 28.76
9 (63%) 28.64
result accuracy by digit:
0 ( 0%) 100.00
1 ( 0%) 100.00
2 ( 0%) 100.00
3 ( 0%)  0.00
4 ( 0%)  0.00
5 ( 0%)  0.00
6 ( 0%)  0.00
7 ( 0%)  0.00
8 ( 0%)  0.00
9 ( 0%) 100.00
result accuracy by result:
0 (21%) 87.33
1 (10%) 61.05
2 ( 4%) 46.46
3 ( 2%) 40.00
4 ( 2%) 18.80
5 ( 2%) 22.00
6 ( 2%) 20.87
7 ( 2%) 11.50
8 ( 2%) 16.24
9 ( 1%) 40.70
result accuracy by generalization:
1 (22.45%) 55.91
2 (22.96%) 45.33
3 (22.53%)  5.62
4 (15.82%) 42.19
5 (16.24%)  7.54
error cases:
7 [-1] 7 9
7 [-1] 7 9
7 [-1] 7 9
7 [-1] 7 9
7 [-1] 7 9
7 [-1] 7 9
7 [-1] 7 9
7 [-1] 7 9
7 [-1] 7 9
7 [-1] 7 9
val (Perception Acc=0.00, Head Acc=0.00, Result Acc=32.12)
Epoch time: 1m 38s
------------------------------
Epoch 195/199 (max_len=inf, data=11170)
Train acc: 71.86, loss: 0.297 
Epoch time: 1m 24s
------------------------------
Epoch 196/199 (max_len=inf, data=11170)
Train acc: 72.29, loss: 0.293 
Epoch time: 1m 24s
------------------------------
Epoch 197/199 (max_len=inf, data=11170)
Train acc: 72.56, loss: 0.285 
Epoch time: 1m 24s
------------------------------
Epoch 198/199 (max_len=inf, data=11170)
Train acc: 72.72, loss: 0.291 
Epoch time: 1m 24s
------------------------------
Epoch 199/199 (max_len=inf, data=11170)
Train acc: 72.70, loss: 0.290 
result accuracy by length:
1 ( 2%) 41.00
3 ( 2%) 42.00
5 ( 2%) 34.11
7 ( 4%) 35.81
9 ( 4%) 42.21
11 ( 3%) 33.52
13 ( 4%) 36.57
15 ( 4%) 35.64
17 ( 4%) 39.32
19 ( 4%) 45.10
21 ( 4%) 38.89
23 ( 4%) 36.59
25 ( 4%) 31.00
27 ( 4%) 38.42
29 ( 3%) 38.74
31 ( 3%) 33.93
33 ( 2%) 22.86
35 ( 2%) 25.34
37 ( 2%) 28.21
39 ( 3%) 19.74
41 ( 3%) 29.53
43 ( 2%) 21.01
45 ( 2%) 23.21
47 ( 2%) 38.64
49 ( 2%) 24.65
51 ( 2%) 32.58
53 ( 2%) 25.37
55 ( 2%) 16.81
57 ( 2%) 21.68
59 ( 2%) 26.17
61 ( 1%) 31.25
63 ( 0%) 25.71
65 ( 0%) 33.33
67 ( 0%)  0.00
result accuracy by symbol:
( (91%) 32.22
) (91%) 32.22
* (87%) 29.37
+ (84%) 30.18
- (77%) 35.07
/ (76%) 34.83
0 (52%) 34.49
1 (60%) 32.93
2 (61%) 31.79
3 (62%) 30.69
4 (61%) 30.18
5 (62%) 30.73
6 (62%) 30.09
7 (63%) 30.38
8 (64%) 29.49
9 (63%) 29.12
result accuracy by digit:
0 ( 0%) 100.00
1 ( 0%) 100.00
2 ( 0%) 100.00
3 ( 0%) 20.00
4 ( 0%)  0.00
5 ( 0%)  0.00
6 ( 0%)  0.00
7 ( 0%)  0.00
8 ( 0%)  0.00
9 ( 0%) 90.00
result accuracy by result:
0 (21%) 86.38
1 (10%) 66.29
2 ( 4%) 51.01
3 ( 2%) 37.04
4 ( 2%) 12.03
5 ( 2%) 26.00
6 ( 2%) 17.39
7 ( 2%) 20.35
8 ( 2%) 15.38
9 ( 1%) 34.88
result accuracy by generalization:
1 (22.45%) 57.27
2 (22.96%) 44.53
3 (22.53%)  6.34
4 (15.82%) 43.23
5 (16.24%)  8.54
error cases:
7 [-1] 7 8
7 [-1] 7 8
7 [-1] 7 8
7 [-1] 7 8
7 [-1] 7 8
7 [-1] 7 8
7 [-1] 7 8
7 [-1] 7 8
7 [-1] 7 8
7 [-1] 7 8
val (Perception Acc=0.00, Head Acc=0.00, Result Acc=32.73)
Epoch time: 1m 38s
------------------------------
Evaluate on test set...
result accuracy by length:
1 ( 2%) 40.90
3 ( 2%) 48.46
5 ( 2%) 35.43
7 ( 4%) 37.31
9 ( 4%) 37.64
11 ( 4%) 38.53
13 ( 4%) 38.06
15 ( 4%) 40.75
17 ( 4%) 38.29
19 ( 4%) 38.80
21 ( 4%) 40.91
23 ( 4%) 39.32
25 ( 4%) 37.91
27 ( 4%) 40.86
29 ( 3%) 36.73
31 ( 3%) 34.79
33 ( 2%) 31.19
35 ( 2%) 28.75
37 ( 2%) 27.68
39 ( 2%) 26.71
41 ( 2%) 24.38
43 ( 2%) 27.92
45 ( 2%) 25.83
47 ( 2%) 25.88
49 ( 2%) 25.48
51 ( 2%) 27.31
53 ( 2%) 24.39
55 ( 2%) 24.22
57 ( 2%) 22.93
59 ( 2%) 26.70
61 ( 1%) 25.98
63 ( 0%) 25.55
65 ( 0%) 31.40
67 ( 0%) 24.14
69 ( 0%) 36.36
71 ( 0%) 50.00
result accuracy by symbol:
( (91%) 33.25
) (91%) 33.25
* (87%) 30.58
+ (84%) 31.20
- (78%) 35.88
/ (77%) 35.75
0 (51%) 36.60
1 (60%) 33.44
2 (61%) 32.73
3 (62%) 32.24
4 (62%) 31.63
5 (62%) 31.23
6 (62%) 31.17
7 (63%) 30.82
8 (63%) 30.67
9 (63%) 30.65
result accuracy by digit:
0 ( 0%) 99.00
1 ( 0%) 99.00
2 ( 0%) 94.00
3 ( 0%) 16.00
4 ( 0%)  0.00
5 ( 0%)  0.00
6 ( 0%)  0.00
7 ( 0%)  0.00
8 ( 0%)  2.00
9 ( 0%) 99.00
result accuracy by result:
0 (21%) 89.52
1 (11%) 64.57
2 ( 3%) 49.56
3 ( 3%) 32.42
4 ( 2%) 19.81
5 ( 2%) 25.52
6 ( 2%) 22.51
7 ( 2%) 20.52
8 ( 2%) 17.90
9 ( 2%) 35.48
result accuracy by generalization:
1 (22.84%) 56.28
2 (23.00%) 48.03
3 (22.36%)  7.94
4 (15.84%) 43.22
5 (15.95%)  8.29
error cases:
7 [-1] 7 8
7 [-1] 7 8
7 [-1] 7 8
7 [-1] 7 8
7 [-1] 7 8
7 [-1] 7 8
7 [-1] 7 8
7 [-1] 7 8
7 [-1] 7 1
7 [-1] 7 8
test (Perception Acc=0.00, Head Acc=0.00, Result Acc=33.85)
