train: 11170 val: 4900 test: 48910
Namespace(curriculum=True, dec_layers=1, enc_layers=6, epochs=200, epochs_eval=5, output_dir='outputs/', perception=False, perception_pretrain='data/perception-pretrain/model.pth.tar_78.2_match', resume=None, seed=0, semantics=False, syntax=False)
Seq2Seq(
  (encoder): Encoder(
    (image_encoder): ClusteringModel(
      (backbone): ResNet(
        (conv1): Conv2d(1, 64, kernel_size=(3, 3), stride=(1, 1), padding=(1, 1), bias=False)
        (bn1): BatchNorm2d(64, eps=1e-05, momentum=0.1, affine=True, track_running_stats=True)
        (layer1): Sequential(
          (0): BasicBlock(
            (conv1): Conv2d(64, 64, kernel_size=(3, 3), stride=(1, 1), padding=(1, 1), bias=False)
            (bn1): BatchNorm2d(64, eps=1e-05, momentum=0.1, affine=True, track_running_stats=True)
            (conv2): Conv2d(64, 64, kernel_size=(3, 3), stride=(1, 1), padding=(1, 1), bias=False)
            (bn2): BatchNorm2d(64, eps=1e-05, momentum=0.1, affine=True, track_running_stats=True)
            (shortcut): Sequential()
          )
          (1): BasicBlock(
            (conv1): Conv2d(64, 64, kernel_size=(3, 3), stride=(1, 1), padding=(1, 1), bias=False)
            (bn1): BatchNorm2d(64, eps=1e-05, momentum=0.1, affine=True, track_running_stats=True)
            (conv2): Conv2d(64, 64, kernel_size=(3, 3), stride=(1, 1), padding=(1, 1), bias=False)
            (bn2): BatchNorm2d(64, eps=1e-05, momentum=0.1, affine=True, track_running_stats=True)
            (shortcut): Sequential()
          )
        )
        (layer2): Sequential(
          (0): BasicBlock(
            (conv1): Conv2d(64, 128, kernel_size=(3, 3), stride=(2, 2), padding=(1, 1), bias=False)
            (bn1): BatchNorm2d(128, eps=1e-05, momentum=0.1, affine=True, track_running_stats=True)
            (conv2): Conv2d(128, 128, kernel_size=(3, 3), stride=(1, 1), padding=(1, 1), bias=False)
            (bn2): BatchNorm2d(128, eps=1e-05, momentum=0.1, affine=True, track_running_stats=True)
            (shortcut): Sequential(
              (0): Conv2d(64, 128, kernel_size=(1, 1), stride=(2, 2), bias=False)
              (1): BatchNorm2d(128, eps=1e-05, momentum=0.1, affine=True, track_running_stats=True)
            )
          )
          (1): BasicBlock(
            (conv1): Conv2d(128, 128, kernel_size=(3, 3), stride=(1, 1), padding=(1, 1), bias=False)
            (bn1): BatchNorm2d(128, eps=1e-05, momentum=0.1, affine=True, track_running_stats=True)
            (conv2): Conv2d(128, 128, kernel_size=(3, 3), stride=(1, 1), padding=(1, 1), bias=False)
            (bn2): BatchNorm2d(128, eps=1e-05, momentum=0.1, affine=True, track_running_stats=True)
            (shortcut): Sequential()
          )
        )
        (layer3): Sequential(
          (0): BasicBlock(
            (conv1): Conv2d(128, 256, kernel_size=(3, 3), stride=(2, 2), padding=(1, 1), bias=False)
            (bn1): BatchNorm2d(256, eps=1e-05, momentum=0.1, affine=True, track_running_stats=True)
            (conv2): Conv2d(256, 256, kernel_size=(3, 3), stride=(1, 1), padding=(1, 1), bias=False)
            (bn2): BatchNorm2d(256, eps=1e-05, momentum=0.1, affine=True, track_running_stats=True)
            (shortcut): Sequential(
              (0): Conv2d(128, 256, kernel_size=(1, 1), stride=(2, 2), bias=False)
              (1): BatchNorm2d(256, eps=1e-05, momentum=0.1, affine=True, track_running_stats=True)
            )
          )
          (1): BasicBlock(
            (conv1): Conv2d(256, 256, kernel_size=(3, 3), stride=(1, 1), padding=(1, 1), bias=False)
            (bn1): BatchNorm2d(256, eps=1e-05, momentum=0.1, affine=True, track_running_stats=True)
            (conv2): Conv2d(256, 256, kernel_size=(3, 3), stride=(1, 1), padding=(1, 1), bias=False)
            (bn2): BatchNorm2d(256, eps=1e-05, momentum=0.1, affine=True, track_running_stats=True)
            (shortcut): Sequential()
          )
        )
        (layer4): Sequential(
          (0): BasicBlock(
            (conv1): Conv2d(256, 512, kernel_size=(3, 3), stride=(2, 2), padding=(1, 1), bias=False)
            (bn1): BatchNorm2d(512, eps=1e-05, momentum=0.1, affine=True, track_running_stats=True)
            (conv2): Conv2d(512, 512, kernel_size=(3, 3), stride=(1, 1), padding=(1, 1), bias=False)
            (bn2): BatchNorm2d(512, eps=1e-05, momentum=0.1, affine=True, track_running_stats=True)
            (shortcut): Sequential(
              (0): Conv2d(256, 512, kernel_size=(1, 1), stride=(2, 2), bias=False)
              (1): BatchNorm2d(512, eps=1e-05, momentum=0.1, affine=True, track_running_stats=True)
            )
          )
          (1): BasicBlock(
            (conv1): Conv2d(512, 512, kernel_size=(3, 3), stride=(1, 1), padding=(1, 1), bias=False)
            (bn1): BatchNorm2d(512, eps=1e-05, momentum=0.1, affine=True, track_running_stats=True)
            (conv2): Conv2d(512, 512, kernel_size=(3, 3), stride=(1, 1), padding=(1, 1), bias=False)
            (bn2): BatchNorm2d(512, eps=1e-05, momentum=0.1, affine=True, track_running_stats=True)
            (shortcut): Sequential()
          )
        )
        (avgpool): AdaptiveAvgPool2d(output_size=(1, 1))
      )
      (cluster_head): ModuleList(
        (0): Linear(in_features=512, out_features=16, bias=True)
      )
    )
    (symbol_embeding): Embedding(16, 128)
    (aux_embeding): Embedding(3, 128)
    (rnn): GRU(128, 128, num_layers=6, dropout=0.5, bidirectional=True)
  )
  (decoder): Decoder(
    (embedding): Embedding(13, 128)
    (rnn): GRU(128, 256, dropout=0.5)
    (fc_out): Linear(in_features=256, out_features=13, bias=True)
    (dropout): Dropout(p=0.5, inplace=False)
  )
)
Curriculum: [(0, 1), (1, 3), (20, 7), (40, 11), (60, 15), (80, inf)]
------------------------------
Epoch 0/199 (max_len=1, data=1000)
Train acc: 1.07, loss: 1.889 
Epoch time: 0m 2s
------------------------------
Epoch 1/199 (max_len=3, data=2170)
Train acc: 13.74, loss: 1.454 
Epoch time: 0m 4s
------------------------------
Epoch 2/199 (max_len=3, data=2170)
Train acc: 24.19, loss: 0.902 
Epoch time: 0m 4s
------------------------------
Epoch 3/199 (max_len=3, data=2170)
Train acc: 22.25, loss: 0.870 
Epoch time: 0m 4s
------------------------------
Epoch 4/199 (max_len=3, data=2170)
Train acc: 25.13, loss: 0.823 
result accuracy by length:
1 ( 2%) 16.00
3 ( 2%) 19.00
5 ( 2%)  6.20
7 ( 4%) 10.92
9 ( 4%) 11.56
11 ( 3%) 10.80
13 ( 4%)  9.72
15 ( 4%)  8.42
17 ( 4%) 10.68
19 ( 4%) 11.76
21 ( 4%) 12.12
23 ( 4%) 11.22
25 ( 4%) 11.50
27 ( 4%)  7.39
29 ( 3%) 10.47
31 ( 3%)  5.95
33 ( 2%) 15.00
35 ( 2%)  8.90
37 ( 2%) 11.97
39 ( 3%)  7.89
41 ( 3%) 12.08
43 ( 2%)  5.07
45 ( 2%) 10.71
47 ( 2%) 12.12
49 ( 2%)  7.04
51 ( 2%) 16.67
53 ( 2%) 14.18
55 ( 2%) 10.92
57 ( 2%)  8.39
59 ( 2%) 14.95
61 ( 1%) 14.06
63 ( 0%)  8.57
65 ( 0%) 22.22
67 ( 0%) 33.33
result accuracy by symbol:
( (91%) 10.76
) (91%) 10.76
* (87%)  9.77
+ (84%) 10.22
- (77%) 10.81
/ (76%) 12.25
0 (52%) 10.23
1 (60%) 11.14
2 (61%) 10.43
3 (62%) 10.56
4 (61%) 10.05
5 (62%) 10.81
6 (62%) 10.29
7 (63%) 10.49
8 (64%) 10.32
9 (63%) 10.15
result accuracy by digit:
0 ( 0%) 30.00
1 ( 0%) 100.00
2 ( 0%)  0.00
3 ( 0%)  0.00
4 ( 0%)  0.00
5 ( 0%)  0.00
6 ( 0%)  0.00
7 ( 0%)  0.00
8 ( 0%) 30.00
9 ( 0%)  0.00
result accuracy by result:
0 (21%)  8.76
1 (10%) 76.59
2 ( 4%)  6.06
3 ( 2%)  2.96
4 ( 2%)  0.00
5 ( 2%)  0.00
6 ( 2%)  0.00
7 ( 2%)  0.00
8 ( 2%) 10.26
9 ( 1%)  0.00
result accuracy by generalization:
1 (22.45%) 15.27
2 (22.96%) 11.82
3 (22.53%)  5.07
4 (15.82%) 11.10
5 (16.24%) 10.80
error cases:
7 [-1] 7 0
7 [-1] 7 0
7 [-1] 7 1
7 [-1] 7 1
7 [-1] 7 0
7 [-1] 7 1
7 [-1] 7 0
7 [-1] 7 0
7 [-1] 7 0
7 [-1] 7 0
val (Perception Acc=0.00, Head Acc=0.00, Result Acc=10.80)
Epoch time: 0m 18s
------------------------------
Epoch 5/199 (max_len=3, data=2170)
Train acc: 28.10, loss: 0.757 
Epoch time: 0m 4s
------------------------------
Epoch 6/199 (max_len=3, data=2170)
Train acc: 33.64, loss: 0.693 
Epoch time: 0m 4s
------------------------------
Epoch 7/199 (max_len=3, data=2170)
Train acc: 38.80, loss: 0.638 
Epoch time: 0m 3s
------------------------------
Epoch 8/199 (max_len=3, data=2170)
Train acc: 43.62, loss: 0.568 
Epoch time: 0m 3s
------------------------------
Epoch 9/199 (max_len=3, data=2170)
Train acc: 43.16, loss: 0.522 
result accuracy by length:
1 ( 2%) 23.00
3 ( 2%) 25.00
5 ( 2%)  7.75
7 ( 4%) 11.79
9 ( 4%)  9.55
11 ( 3%)  9.66
13 ( 4%)  9.72
15 ( 4%) 11.88
17 ( 4%) 11.65
19 ( 4%) 12.75
21 ( 4%) 12.63
23 ( 4%)  9.76
25 ( 4%)  8.00
27 ( 4%)  8.87
29 ( 3%)  8.90
31 ( 3%)  9.52
33 ( 2%) 14.29
35 ( 2%) 10.27
37 ( 2%) 11.97
39 ( 3%)  8.55
41 ( 3%) 12.08
43 ( 2%)  5.80
45 ( 2%) 11.61
47 ( 2%) 14.39
49 ( 2%)  7.04
51 ( 2%) 15.91
53 ( 2%) 14.93
55 ( 2%) 13.45
57 ( 2%) 11.89
59 ( 2%) 15.89
61 ( 1%) 20.31
63 ( 0%)  8.57
65 ( 0%) 22.22
67 ( 0%) 33.33
result accuracy by symbol:
( (91%) 11.30
) (91%) 11.30
* (87%) 10.39
+ (84%) 10.84
- (77%) 11.42
/ (76%) 12.76
0 (52%) 11.05
1 (60%) 12.12
2 (61%) 11.30
3 (62%) 11.11
4 (61%) 10.78
5 (62%) 11.20
6 (62%) 10.52
7 (63%) 11.17
8 (64%) 11.08
9 (63%) 10.70
result accuracy by digit:
0 ( 0%) 90.00
1 ( 0%) 100.00
2 ( 0%)  0.00
3 ( 0%)  0.00
4 ( 0%)  0.00
5 ( 0%)  0.00
6 ( 0%)  0.00
7 ( 0%)  0.00
8 ( 0%) 40.00
9 ( 0%)  0.00
result accuracy by result:
0 (21%) 10.00
1 (10%) 76.97
2 ( 4%) 17.17
3 ( 2%)  3.70
4 ( 2%)  1.50
5 ( 2%)  0.00
6 ( 2%)  0.00
7 ( 2%)  1.77
8 ( 2%)  5.13
9 ( 1%)  2.33
result accuracy by generalization:
1 (22.45%) 16.09
2 (22.96%) 12.18
3 (22.53%)  5.71
4 (15.82%) 11.61
5 (16.24%) 12.69
error cases:
7 [-1] 7 14
7 [-1] 7 14
7 [-1] 7 14
7 [-1] 7 14
7 [-1] 7 14
7 [-1] 7 14
7 [-1] 7 14
7 [-1] 7 14
7 [-1] 7 14
7 [-1] 7 14
val (Perception Acc=0.00, Head Acc=0.00, Result Acc=11.59)
Epoch time: 0m 17s
------------------------------
Epoch 10/199 (max_len=3, data=2170)
Train acc: 45.19, loss: 0.511 
Epoch time: 0m 4s
------------------------------
Epoch 11/199 (max_len=3, data=2170)
Train acc: 44.99, loss: 0.494 
Epoch time: 0m 4s
------------------------------
Epoch 12/199 (max_len=3, data=2170)
Train acc: 46.20, loss: 0.477 
Epoch time: 0m 4s
------------------------------
Epoch 13/199 (max_len=3, data=2170)
Train acc: 46.99, loss: 0.480 
Epoch time: 0m 4s
------------------------------
Epoch 14/199 (max_len=3, data=2170)
Train acc: 50.95, loss: 0.447 
result accuracy by length:
1 ( 2%) 37.00
3 ( 2%) 28.00
5 ( 2%) 10.08
7 ( 4%) 13.10
9 ( 4%) 15.08
11 ( 3%)  7.95
13 ( 4%)  9.72
15 ( 4%) 11.88
17 ( 4%)  9.71
19 ( 4%) 13.73
21 ( 4%) 12.12
23 ( 4%)  7.32
25 ( 4%) 10.00
27 ( 4%)  9.85
29 ( 3%)  9.42
31 ( 3%)  8.93
33 ( 2%) 12.86
35 ( 2%) 10.27
37 ( 2%) 15.38
39 ( 3%)  8.55
41 ( 3%) 10.74
43 ( 2%)  6.52
45 ( 2%) 10.71
47 ( 2%) 13.64
49 ( 2%)  7.75
51 ( 2%) 13.64
53 ( 2%) 14.93
55 ( 2%) 11.76
57 ( 2%) 11.89
59 ( 2%) 17.76
61 ( 1%) 15.62
63 ( 0%)  8.57
65 ( 0%) 11.11
67 ( 0%) 33.33
result accuracy by symbol:
( (91%) 11.19
) (91%) 11.19
* (87%) 10.42
+ (84%) 10.82
- (77%) 11.26
/ (76%) 13.21
0 (52%) 12.50
1 (60%) 11.98
2 (61%) 11.63
3 (62%) 11.11
4 (61%) 10.75
5 (62%) 10.94
6 (62%) 10.85
7 (63%) 10.69
8 (64%) 10.80
9 (63%) 10.44
result accuracy by digit:
0 ( 0%) 70.00
1 ( 0%) 80.00
2 ( 0%) 90.00
3 ( 0%)  0.00
4 ( 0%)  0.00
5 ( 0%)  0.00
6 ( 0%)  0.00
7 ( 0%)  0.00
8 ( 0%) 40.00
9 ( 0%) 90.00
result accuracy by result:
0 (21%)  9.24
1 (10%) 73.22
2 ( 4%) 35.86
3 ( 2%)  2.96
4 ( 2%)  2.26
5 ( 2%)  0.00
6 ( 2%)  3.48
7 ( 2%)  1.77
8 ( 2%)  5.13
9 ( 1%) 10.47
result accuracy by generalization:
1 (22.45%) 18.09
2 (22.96%) 13.33
3 (22.53%)  5.34
4 (15.82%) 11.23
5 (16.24%) 11.93
error cases:
7 [-1] 7 12
7 [-1] 7 14
7 [-1] 7 14
7 [-1] 7 14
7 [-1] 7 14
7 [-1] 7 14
7 [-1] 7 14
7 [-1] 7 14
7 [-1] 7 14
7 [-1] 7 14
val (Perception Acc=0.00, Head Acc=0.00, Result Acc=12.04)
Epoch time: 0m 17s
------------------------------
Epoch 15/199 (max_len=3, data=2170)
Train acc: 53.00, loss: 0.439 
Epoch time: 0m 4s
------------------------------
Epoch 16/199 (max_len=3, data=2170)
Train acc: 54.94, loss: 0.420 
Epoch time: 0m 4s
------------------------------
Epoch 17/199 (max_len=3, data=2170)
Train acc: 56.71, loss: 0.406 
Epoch time: 0m 4s
------------------------------
Epoch 18/199 (max_len=3, data=2170)
Train acc: 58.15, loss: 0.377 
Epoch time: 0m 4s
------------------------------
Epoch 19/199 (max_len=3, data=2170)
Train acc: 60.13, loss: 0.352 
result accuracy by length:
1 ( 2%) 43.00
3 ( 2%) 36.00
5 ( 2%) 14.73
7 ( 4%) 15.28
9 ( 4%) 15.58
11 ( 3%) 14.77
13 ( 4%) 10.19
15 ( 4%) 13.37
17 ( 4%) 15.05
19 ( 4%) 12.25
21 ( 4%) 12.63
23 ( 4%)  7.80
25 ( 4%) 11.00
27 ( 4%) 11.33
29 ( 3%) 10.99
31 ( 3%)  8.93
33 ( 2%) 12.14
35 ( 2%)  8.90
37 ( 2%) 13.68
39 ( 3%)  9.21
41 ( 3%) 13.42
43 ( 2%)  5.07
45 ( 2%) 12.50
47 ( 2%) 11.36
49 ( 2%)  8.45
51 ( 2%) 17.42
53 ( 2%) 17.16
55 ( 2%) 13.45
57 ( 2%)  9.79
59 ( 2%) 15.89
61 ( 1%) 15.62
63 ( 0%)  8.57
65 ( 0%) 11.11
67 ( 0%) 33.33
result accuracy by symbol:
( (91%) 12.15
) (91%) 12.15
* (87%) 11.35
+ (84%) 11.57
- (77%) 12.28
/ (76%) 13.93
0 (52%) 13.59
1 (60%) 12.72
2 (61%) 12.26
3 (62%) 12.07
4 (61%) 11.04
5 (62%) 12.04
6 (62%) 11.76
7 (63%) 11.79
8 (64%) 11.78
9 (63%) 10.92
result accuracy by digit:
0 ( 0%) 100.00
1 ( 0%) 100.00
2 ( 0%) 100.00
3 ( 0%) 10.00
4 ( 0%)  0.00
5 ( 0%)  0.00
6 ( 0%)  0.00
7 ( 0%)  0.00
8 ( 0%) 40.00
9 ( 0%) 80.00
result accuracy by result:
0 (21%) 12.86
1 (10%) 82.58
2 ( 4%) 12.63
3 ( 2%) 14.81
4 ( 2%)  1.50
5 ( 2%)  6.00
6 ( 2%)  0.87
7 ( 2%)  1.77
8 ( 2%)  5.98
9 ( 1%) 10.47
result accuracy by generalization:
1 (22.45%) 21.27
2 (22.96%) 14.84
3 (22.53%)  5.62
4 (15.82%) 11.48
5 (16.24%) 12.69
error cases:
7 [-1] 7 13
7 [-1] 7 13
7 [-1] 7 13
7 [-1] 7 13
7 [-1] 7 13
7 [-1] 7 13
7 [-1] 7 13
7 [-1] 7 13
7 [-1] 7 13
7 [-1] 7 13
val (Perception Acc=0.00, Head Acc=0.00, Result Acc=13.33)
Epoch time: 0m 17s
------------------------------
Epoch 20/199 (max_len=7, data=3387)
Train acc: 45.68, loss: 0.657 
Epoch time: 0m 8s
------------------------------
Epoch 21/199 (max_len=7, data=3387)
Train acc: 48.86, loss: 0.553 
Epoch time: 0m 8s
------------------------------
Epoch 22/199 (max_len=7, data=3387)
Train acc: 53.56, loss: 0.504 
Epoch time: 0m 8s
------------------------------
Epoch 23/199 (max_len=7, data=3387)
Train acc: 56.00, loss: 0.470 
Epoch time: 0m 8s
------------------------------
Epoch 24/199 (max_len=7, data=3387)
Train acc: 56.94, loss: 0.443 
result accuracy by length:
1 ( 2%) 37.00
3 ( 2%) 28.00
5 ( 2%) 32.56
7 ( 4%) 26.64
9 ( 4%) 22.61
11 ( 3%) 25.00
13 ( 4%) 21.30
15 ( 4%) 21.29
17 ( 4%) 18.93
19 ( 4%) 24.51
21 ( 4%) 19.70
23 ( 4%) 24.39
25 ( 4%) 20.00
27 ( 4%) 22.17
29 ( 3%) 23.04
31 ( 3%) 19.05
33 ( 2%) 20.71
35 ( 2%) 16.44
37 ( 2%) 18.80
39 ( 3%) 12.50
41 ( 3%) 13.42
43 ( 2%) 13.77
45 ( 2%) 15.18
47 ( 2%) 18.94
49 ( 2%) 14.08
51 ( 2%) 23.48
53 ( 2%) 19.40
55 ( 2%) 12.61
57 ( 2%) 16.08
59 ( 2%) 18.69
61 ( 1%) 26.56
63 ( 0%) 17.14
65 ( 0%) 33.33
67 ( 0%) 33.33
result accuracy by symbol:
( (91%) 19.87
) (91%) 19.87
* (87%) 18.95
+ (84%) 17.91
- (77%) 22.49
/ (76%) 21.15
0 (52%) 23.32
1 (60%) 20.48
2 (61%) 19.80
3 (62%) 19.61
4 (61%) 17.91
5 (62%) 19.14
6 (62%) 18.56
7 (63%) 18.86
8 (64%) 18.31
9 (63%) 18.01
result accuracy by digit:
0 ( 0%) 100.00
1 ( 0%) 100.00
2 ( 0%) 30.00
3 ( 0%) 100.00
4 ( 0%)  0.00
5 ( 0%)  0.00
6 ( 0%)  0.00
7 ( 0%)  0.00
8 ( 0%) 40.00
9 ( 0%)  0.00
result accuracy by result:
0 (21%) 64.10
1 (10%) 45.51
2 ( 4%)  4.55
3 ( 2%) 12.59
4 ( 2%)  5.26
5 ( 2%) 15.00
6 ( 2%)  8.70
7 ( 2%)  4.42
8 ( 2%) 15.38
9 ( 1%) 20.93
result accuracy by generalization:
1 (22.45%) 33.55
2 (22.96%) 32.00
3 (22.53%)  2.81
4 (15.82%) 26.84
5 (16.24%)  6.78
error cases:
7 [-1] 7 13
7 [-1] 7 13
7 [-1] 7 13
7 [-1] 7 13
7 [-1] 7 13
7 [-1] 7 13
7 [-1] 7 13
7 [-1] 7 13
7 [-1] 7 13
7 [-1] 7 13
val (Perception Acc=0.00, Head Acc=0.00, Result Acc=20.86)
Epoch time: 0m 21s
------------------------------
Epoch 25/199 (max_len=7, data=3387)
Train acc: 58.94, loss: 0.428 
Epoch time: 0m 8s
------------------------------
Epoch 26/199 (max_len=7, data=3387)
Train acc: 61.54, loss: 0.408 
Epoch time: 0m 8s
------------------------------
Epoch 27/199 (max_len=7, data=3387)
Train acc: 60.65, loss: 0.420 
Epoch time: 0m 8s
------------------------------
Epoch 28/199 (max_len=7, data=3387)
Train acc: 61.61, loss: 0.409 
Epoch time: 0m 8s
------------------------------
Epoch 29/199 (max_len=7, data=3387)
Train acc: 62.77, loss: 0.387 
result accuracy by length:
1 ( 2%) 58.00
3 ( 2%) 38.00
5 ( 2%) 34.11
7 ( 4%) 28.38
9 ( 4%) 25.13
11 ( 3%) 23.30
13 ( 4%) 13.43
15 ( 4%) 20.79
17 ( 4%) 17.96
19 ( 4%) 21.57
21 ( 4%) 17.68
23 ( 4%) 18.54
25 ( 4%) 16.00
27 ( 4%) 19.70
29 ( 3%) 17.28
31 ( 3%) 19.05
33 ( 2%) 17.86
35 ( 2%) 13.01
37 ( 2%) 16.24
39 ( 3%) 11.84
41 ( 3%) 12.75
43 ( 2%) 10.14
45 ( 2%) 13.39
47 ( 2%) 14.39
49 ( 2%)  9.15
51 ( 2%) 15.91
53 ( 2%) 16.42
55 ( 2%) 12.61
57 ( 2%) 11.89
59 ( 2%) 14.95
61 ( 1%) 21.88
63 ( 0%)  8.57
65 ( 0%) 22.22
67 ( 0%)  0.00
result accuracy by symbol:
( (91%) 17.06
) (91%) 17.06
* (87%) 16.09
+ (84%) 15.41
- (77%) 19.19
/ (76%) 18.35
0 (52%) 19.73
1 (60%) 17.30
2 (61%) 16.84
3 (62%) 16.79
4 (61%) 15.72
5 (62%) 16.70
6 (62%) 15.78
7 (63%) 16.02
8 (64%) 15.80
9 (63%) 15.20
result accuracy by digit:
0 ( 0%) 100.00
1 ( 0%) 100.00
2 ( 0%) 90.00
3 ( 0%) 100.00
4 ( 0%)  0.00
5 ( 0%) 80.00
6 ( 0%)  0.00
7 ( 0%)  0.00
8 ( 0%) 40.00
9 ( 0%) 70.00
result accuracy by result:
0 (21%) 46.19
1 (10%) 53.00
2 ( 4%) 18.69
3 ( 2%) 18.52
4 ( 2%) 10.53
5 ( 2%) 21.00
6 ( 2%)  7.83
7 ( 2%)  7.08
8 ( 2%) 13.68
9 ( 1%) 20.93
result accuracy by generalization:
1 (22.45%) 34.00
2 (22.96%) 27.29
3 (22.53%)  3.62
4 (15.82%) 19.10
5 (16.24%)  7.54
error cases:
7 [-1] 7 13
7 [-1] 7 13
7 [-1] 7 13
7 [-1] 7 13
7 [-1] 7 13
7 [-1] 7 13
7 [-1] 7 13
7 [-1] 7 13
7 [-1] 7 13
7 [-1] 7 13
val (Perception Acc=0.00, Head Acc=0.00, Result Acc=18.96)
Epoch time: 0m 21s
------------------------------
Epoch 30/199 (max_len=7, data=3387)
Train acc: 62.98, loss: 0.386 
Epoch time: 0m 8s
------------------------------
Epoch 31/199 (max_len=7, data=3387)
Train acc: 63.00, loss: 0.381 
Epoch time: 0m 8s
------------------------------
Epoch 32/199 (max_len=7, data=3387)
Train acc: 64.30, loss: 0.369 
Epoch time: 0m 8s
------------------------------
Epoch 33/199 (max_len=7, data=3387)
Train acc: 65.94, loss: 0.354 
Epoch time: 0m 8s
------------------------------
Epoch 34/199 (max_len=7, data=3387)
Train acc: 65.60, loss: 0.348 
result accuracy by length:
1 ( 2%) 53.00
3 ( 2%) 38.00
5 ( 2%) 39.53
7 ( 4%) 28.82
9 ( 4%) 28.64
11 ( 3%) 26.70
13 ( 4%) 22.69
15 ( 4%) 22.28
17 ( 4%) 18.45
19 ( 4%) 23.04
21 ( 4%) 17.68
23 ( 4%) 22.93
25 ( 4%) 19.00
27 ( 4%) 20.69
29 ( 3%) 21.47
31 ( 3%) 18.45
33 ( 2%) 18.57
35 ( 2%) 15.75
37 ( 2%) 16.24
39 ( 3%) 11.84
41 ( 3%) 13.42
43 ( 2%) 12.32
45 ( 2%) 15.18
47 ( 2%) 15.91
49 ( 2%) 11.27
51 ( 2%) 19.70
53 ( 2%) 17.91
55 ( 2%) 15.13
57 ( 2%) 11.89
59 ( 2%) 17.76
61 ( 1%) 25.00
63 ( 0%) 17.14
65 ( 0%) 22.22
67 ( 0%)  0.00
result accuracy by symbol:
( (91%) 19.22
) (91%) 19.22
* (87%) 17.88
+ (84%) 17.60
- (77%) 21.57
/ (76%) 20.80
0 (52%) 21.45
1 (60%) 19.95
2 (61%) 19.53
3 (62%) 18.85
4 (61%) 17.91
5 (62%) 17.84
6 (62%) 18.23
7 (63%) 17.76
8 (64%) 17.48
9 (63%) 17.08
result accuracy by digit:
0 ( 0%) 100.00
1 ( 0%) 100.00
2 ( 0%) 100.00
3 ( 0%) 100.00
4 ( 0%)  0.00
5 ( 0%)  0.00
6 ( 0%)  0.00
7 ( 0%)  0.00
8 ( 0%) 40.00
9 ( 0%) 90.00
result accuracy by result:
0 (21%) 52.19
1 (10%) 57.12
2 ( 4%) 11.11
3 ( 2%) 22.96
4 ( 2%)  9.77
5 ( 2%) 19.00
6 ( 2%) 12.17
7 ( 2%)  8.85
8 ( 2%) 23.08
9 ( 1%) 33.72
result accuracy by generalization:
1 (22.45%) 36.91
2 (22.96%) 31.02
3 (22.53%)  3.44
4 (15.82%) 21.29
5 (16.24%)  9.05
error cases:
7 [-1] 7 10
7 [-1] 7 10
7 [-1] 7 10
7 [-1] 7 10
7 [-1] 7 10
7 [-1] 7 10
7 [-1] 7 10
7 [-1] 7 10
7 [-1] 7 10
7 [-1] 7 10
val (Perception Acc=0.00, Head Acc=0.00, Result Acc=21.02)
Epoch time: 0m 21s
------------------------------
Epoch 35/199 (max_len=7, data=3387)
Train acc: 66.05, loss: 0.341 
Epoch time: 0m 8s
------------------------------
Epoch 36/199 (max_len=7, data=3387)
Train acc: 67.27, loss: 0.331 
Epoch time: 0m 8s
------------------------------
Epoch 37/199 (max_len=7, data=3387)
Train acc: 67.63, loss: 0.328 
Epoch time: 0m 8s
------------------------------
Epoch 38/199 (max_len=7, data=3387)
Train acc: 68.67, loss: 0.312 
Epoch time: 0m 8s
------------------------------
Epoch 39/199 (max_len=7, data=3387)
Train acc: 68.45, loss: 0.310 
result accuracy by length:
1 ( 2%) 54.00
3 ( 2%) 39.00
5 ( 2%) 42.64
7 ( 4%) 34.93
9 ( 4%) 29.15
11 ( 3%) 25.00
13 ( 4%) 20.37
15 ( 4%) 22.28
17 ( 4%) 20.39
19 ( 4%) 22.06
21 ( 4%) 17.17
23 ( 4%) 19.51
25 ( 4%) 17.00
27 ( 4%) 19.70
29 ( 3%) 19.37
31 ( 3%) 14.29
33 ( 2%) 13.57
35 ( 2%) 15.75
37 ( 2%) 18.80
39 ( 3%)  9.87
41 ( 3%) 12.75
43 ( 2%) 12.32
45 ( 2%) 14.29
47 ( 2%) 17.42
49 ( 2%) 13.38
51 ( 2%) 17.42
53 ( 2%) 16.42
55 ( 2%) 14.29
57 ( 2%) 16.08
59 ( 2%) 10.28
61 ( 1%) 28.12
63 ( 0%) 11.43
65 ( 0%) 11.11
67 ( 0%)  0.00
result accuracy by symbol:
( (91%) 18.51
) (91%) 18.51
* (87%) 17.51
+ (84%) 16.37
- (77%) 20.79
/ (76%) 20.19
0 (52%) 21.21
1 (60%) 19.04
2 (61%) 18.47
3 (62%) 18.56
4 (61%) 16.58
5 (62%) 17.77
6 (62%) 17.28
7 (63%) 16.92
8 (64%) 16.82
9 (63%) 15.90
result accuracy by digit:
0 ( 0%) 100.00
1 ( 0%) 100.00
2 ( 0%) 100.00
3 ( 0%) 100.00
4 ( 0%)  0.00
5 ( 0%) 100.00
6 ( 0%)  0.00
7 ( 0%)  0.00
8 ( 0%) 40.00
9 ( 0%)  0.00
result accuracy by result:
0 (21%) 51.24
1 (10%) 52.06
2 ( 4%) 14.65
3 ( 2%) 25.19
4 ( 2%) 11.28
5 ( 2%) 25.00
6 ( 2%) 15.65
7 ( 2%) 13.27
8 ( 2%) 23.08
9 ( 1%) 23.26
result accuracy by generalization:
1 (22.45%) 36.27
2 (22.96%) 30.22
3 (22.53%)  3.62
4 (15.82%) 21.81
5 (16.24%)  7.41
error cases:
7 [-1] 7 13
7 [-1] 7 13
7 [-1] 7 13
7 [-1] 7 13
7 [-1] 7 13
7 [-1] 7 13
7 [-1] 7 13
7 [-1] 7 13
7 [-1] 7 13
7 [-1] 7 13
val (Perception Acc=0.00, Head Acc=0.00, Result Acc=20.55)
Epoch time: 0m 21s
------------------------------
Epoch 40/199 (max_len=11, data=4683)
Train acc: 58.06, loss: 0.481 
Epoch time: 0m 14s
------------------------------
Epoch 41/199 (max_len=11, data=4683)
Train acc: 61.00, loss: 0.438 
Epoch time: 0m 14s
------------------------------
Epoch 42/199 (max_len=11, data=4683)
Train acc: 62.50, loss: 0.408 
Epoch time: 0m 14s
------------------------------
Epoch 43/199 (max_len=11, data=4683)
Train acc: 62.26, loss: 0.404 
Epoch time: 0m 14s
------------------------------
Epoch 44/199 (max_len=11, data=4683)
Train acc: 62.92, loss: 0.391 
result accuracy by length:
1 ( 2%) 69.00
3 ( 2%) 44.00
5 ( 2%) 42.64
7 ( 4%) 32.75
9 ( 4%) 37.69
11 ( 3%) 30.11
13 ( 4%) 25.46
15 ( 4%) 23.27
17 ( 4%) 23.30
19 ( 4%) 26.47
21 ( 4%) 24.75
23 ( 4%) 22.93
25 ( 4%) 20.50
27 ( 4%) 26.60
29 ( 3%) 26.18
31 ( 3%) 21.43
33 ( 2%) 20.71
35 ( 2%) 20.55
37 ( 2%) 21.37
39 ( 3%) 16.45
41 ( 3%) 18.12
43 ( 2%) 18.84
45 ( 2%) 18.75
47 ( 2%) 22.73
49 ( 2%) 20.42
51 ( 2%) 21.97
53 ( 2%) 18.66
55 ( 2%) 11.76
57 ( 2%) 21.68
59 ( 2%) 16.82
61 ( 1%) 20.31
63 ( 0%) 11.43
65 ( 0%) 44.44
67 ( 0%)  0.00
result accuracy by symbol:
( (91%) 23.06
) (91%) 23.06
* (87%) 21.58
+ (84%) 21.23
- (77%) 25.51
/ (76%) 24.90
0 (52%) 26.60
1 (60%) 24.10
2 (61%) 22.86
3 (62%) 22.89
4 (61%) 21.66
5 (62%) 21.88
6 (62%) 22.08
7 (63%) 21.31
8 (64%) 20.76
9 (63%) 20.66
result accuracy by digit:
0 ( 0%) 100.00
1 ( 0%) 100.00
2 ( 0%) 70.00
3 ( 0%) 100.00
4 ( 0%)  0.00
5 ( 0%) 100.00
6 ( 0%) 100.00
7 ( 0%)  0.00
8 ( 0%) 40.00
9 ( 0%) 80.00
result accuracy by result:
0 (21%) 78.48
1 (10%) 34.46
2 ( 4%) 27.27
3 ( 2%) 20.00
4 ( 2%)  6.02
5 ( 2%) 24.00
6 ( 2%) 25.22
7 ( 2%) 17.70
8 ( 2%) 11.97
9 ( 1%) 17.44
result accuracy by generalization:
1 (22.45%) 43.36
2 (22.96%) 37.60
3 (22.53%)  3.26
4 (15.82%) 33.29
5 (16.24%)  4.77
error cases:
7 [-1] 7 11
7 [-1] 7 11
7 [-1] 7 11
7 [-1] 7 11
7 [-1] 7 11
7 [-1] 7 11
7 [-1] 7 11
7 [-1] 7 11
7 [-1] 7 11
7 [-1] 7 11
val (Perception Acc=0.00, Head Acc=0.00, Result Acc=25.14)
Epoch time: 0m 28s
------------------------------
Epoch 45/199 (max_len=11, data=4683)
Train acc: 64.17, loss: 0.386 
Epoch time: 0m 14s
------------------------------
Epoch 46/199 (max_len=11, data=4683)
Train acc: 65.36, loss: 0.372 
Epoch time: 0m 14s
------------------------------
Epoch 47/199 (max_len=11, data=4683)
Train acc: 65.17, loss: 0.352 
Epoch time: 0m 14s
------------------------------
Epoch 48/199 (max_len=11, data=4683)
Train acc: 65.71, loss: 0.370 
Epoch time: 0m 14s
------------------------------
Epoch 49/199 (max_len=11, data=4683)
Train acc: 65.94, loss: 0.362 
result accuracy by length:
1 ( 2%) 74.00
3 ( 2%) 44.00
5 ( 2%) 40.31
7 ( 4%) 36.24
9 ( 4%) 38.19
11 ( 3%) 32.95
13 ( 4%) 28.24
15 ( 4%) 23.27
17 ( 4%) 25.24
19 ( 4%) 22.55
21 ( 4%) 26.77
23 ( 4%) 23.90
25 ( 4%) 21.50
27 ( 4%) 23.15
29 ( 3%) 24.08
31 ( 3%) 21.43
33 ( 2%) 16.43
35 ( 2%) 21.92
37 ( 2%) 23.93
39 ( 3%) 19.08
41 ( 3%) 14.09
43 ( 2%) 13.04
45 ( 2%) 14.29
47 ( 2%) 25.00
49 ( 2%) 14.08
51 ( 2%) 23.48
53 ( 2%) 19.40
55 ( 2%) 11.76
57 ( 2%) 19.58
59 ( 2%) 14.95
61 ( 1%) 29.69
63 ( 0%) 11.43
65 ( 0%) 22.22
67 ( 0%)  0.00
result accuracy by symbol:
( (91%) 22.88
) (91%) 22.88
* (87%) 21.09
+ (84%) 20.97
- (77%) 25.59
/ (76%) 24.26
0 (52%) 26.17
1 (60%) 23.33
2 (61%) 22.52
3 (62%) 22.23
4 (61%) 21.69
5 (62%) 21.71
6 (62%) 21.79
7 (63%) 21.15
8 (64%) 20.45
9 (63%) 19.41
result accuracy by digit:
0 ( 0%) 100.00
1 ( 0%) 100.00
2 ( 0%) 100.00
3 ( 0%) 100.00
4 ( 0%) 100.00
5 ( 0%) 100.00
6 ( 0%) 100.00
7 ( 0%)  0.00
8 ( 0%) 40.00
9 ( 0%)  0.00
result accuracy by result:
0 (21%) 68.10
1 (10%) 45.32
2 ( 4%) 29.29
3 ( 2%) 40.00
4 ( 2%) 16.54
5 ( 2%) 30.00
6 ( 2%) 28.70
7 ( 2%) 16.81
8 ( 2%) 16.24
9 ( 1%)  4.65
result accuracy by generalization:
1 (22.45%) 45.73
2 (22.96%) 36.09
3 (22.53%)  3.71
4 (15.82%) 29.42
5 (16.24%)  6.16
error cases:
7 [-1] 7 13
7 [-1] 7 13
7 [-1] 7 13
7 [-1] 7 13
7 [-1] 7 13
7 [-1] 7 13
7 [-1] 7 13
7 [-1] 7 13
7 [-1] 7 13
7 [-1] 7 13
val (Perception Acc=0.00, Head Acc=0.00, Result Acc=25.04)
Epoch time: 0m 28s
------------------------------
Epoch 50/199 (max_len=11, data=4683)
Train acc: 68.40, loss: 0.336 
Epoch time: 0m 14s
------------------------------
Epoch 51/199 (max_len=11, data=4683)
Train acc: 68.20, loss: 0.332 
Epoch time: 0m 14s
------------------------------
Epoch 52/199 (max_len=11, data=4683)
Train acc: 67.18, loss: 0.336 
Epoch time: 0m 14s
------------------------------
Epoch 53/199 (max_len=11, data=4683)
Train acc: 68.77, loss: 0.329 
Epoch time: 0m 14s
------------------------------
Epoch 54/199 (max_len=11, data=4683)
Train acc: 69.49, loss: 0.313 
result accuracy by length:
1 ( 2%) 74.00
3 ( 2%) 47.00
5 ( 2%) 39.53
7 ( 4%) 35.81
9 ( 4%) 43.22
11 ( 3%) 36.36
13 ( 4%) 28.24
15 ( 4%) 25.74
17 ( 4%) 24.76
19 ( 4%) 25.98
21 ( 4%) 26.77
23 ( 4%) 25.37
25 ( 4%) 20.50
27 ( 4%) 27.59
29 ( 3%) 27.75
31 ( 3%) 20.83
33 ( 2%) 17.14
35 ( 2%) 19.86
37 ( 2%) 23.08
39 ( 3%) 18.42
41 ( 3%) 21.48
43 ( 2%) 19.57
45 ( 2%) 17.86
47 ( 2%) 25.76
49 ( 2%) 19.72
51 ( 2%) 29.55
53 ( 2%) 23.88
55 ( 2%) 12.61
57 ( 2%) 18.18
59 ( 2%) 13.08
61 ( 1%) 29.69
63 ( 0%) 14.29
65 ( 0%) 22.22
67 ( 0%) 33.33
result accuracy by symbol:
( (91%) 24.63
) (91%) 24.63
* (87%) 22.83
+ (84%) 22.77
- (77%) 27.35
/ (76%) 26.60
0 (52%) 27.97
1 (60%) 25.80
2 (61%) 24.65
3 (62%) 24.07
4 (61%) 22.95
5 (62%) 23.24
6 (62%) 23.49
7 (63%) 22.67
8 (64%) 22.55
9 (63%) 21.68
result accuracy by digit:
0 ( 0%) 100.00
1 ( 0%) 100.00
2 ( 0%) 100.00
3 ( 0%) 100.00
4 ( 0%)  0.00
5 ( 0%) 100.00
6 ( 0%) 100.00
7 ( 0%)  0.00
8 ( 0%) 40.00
9 ( 0%) 100.00
result accuracy by result:
0 (21%) 80.10
1 (10%) 43.63
2 ( 4%) 21.72
3 ( 2%) 27.41
4 ( 2%)  8.27
5 ( 2%) 26.00
6 ( 2%) 24.35
7 ( 2%) 18.58
8 ( 2%) 22.22
9 ( 1%) 25.58
result accuracy by generalization:
1 (22.45%) 47.91
2 (22.96%) 37.96
3 (22.53%)  3.35
4 (15.82%) 36.52
5 (16.24%)  4.90
error cases:
7 [-1] 7 13
7 [-1] 7 13
7 [-1] 7 13
7 [-1] 7 11
7 [-1] 7 13
7 [-1] 7 13
7 [-1] 7 13
7 [-1] 7 13
7 [-1] 7 13
7 [-1] 7 13
val (Perception Acc=0.00, Head Acc=0.00, Result Acc=26.80)
Epoch time: 0m 28s
------------------------------
Epoch 55/199 (max_len=11, data=4683)
Train acc: 69.99, loss: 0.308 
Epoch time: 0m 14s
------------------------------
Epoch 56/199 (max_len=11, data=4683)
Train acc: 70.49, loss: 0.299 
Epoch time: 0m 14s
------------------------------
Epoch 57/199 (max_len=11, data=4683)
Train acc: 70.75, loss: 0.297 
Epoch time: 0m 14s
------------------------------
Epoch 58/199 (max_len=11, data=4683)
Train acc: 72.24, loss: 0.282 
Epoch time: 0m 14s
------------------------------
Epoch 59/199 (max_len=11, data=4683)
Train acc: 71.57, loss: 0.279 
result accuracy by length:
1 ( 2%) 74.00
3 ( 2%) 45.00
5 ( 2%) 40.31
7 ( 4%) 37.55
9 ( 4%) 45.23
11 ( 3%) 38.64
13 ( 4%) 28.24
15 ( 4%) 25.25
17 ( 4%) 24.27
19 ( 4%) 24.51
21 ( 4%) 22.22
23 ( 4%) 22.44
25 ( 4%) 20.50
27 ( 4%) 24.14
29 ( 3%) 21.99
31 ( 3%) 19.05
33 ( 2%) 15.71
35 ( 2%) 19.18
37 ( 2%) 19.66
39 ( 3%) 18.42
41 ( 3%) 15.44
43 ( 2%) 13.77
45 ( 2%) 15.18
47 ( 2%) 25.76
49 ( 2%) 16.20
51 ( 2%) 26.52
53 ( 2%) 22.39
55 ( 2%) 11.76
57 ( 2%) 20.28
59 ( 2%) 15.89
61 ( 1%) 20.31
63 ( 0%) 20.00
65 ( 0%) 22.22
67 ( 0%)  0.00
result accuracy by symbol:
( (91%) 23.15
) (91%) 23.15
* (87%) 21.27
+ (84%) 21.04
- (77%) 25.62
/ (76%) 25.01
0 (52%) 25.98
1 (60%) 24.00
2 (61%) 23.12
3 (62%) 22.39
4 (61%) 21.49
5 (62%) 21.84
6 (62%) 21.92
7 (63%) 21.25
8 (64%) 20.76
9 (63%) 19.54
result accuracy by digit:
0 ( 0%) 100.00
1 ( 0%) 100.00
2 ( 0%) 100.00
3 ( 0%) 100.00
4 ( 0%)  0.00
5 ( 0%) 100.00
6 ( 0%) 100.00
7 ( 0%)  0.00
8 ( 0%) 40.00
9 ( 0%) 100.00
result accuracy by result:
0 (21%) 68.19
1 (10%) 49.25
2 ( 4%) 26.26
3 ( 2%) 26.67
4 ( 2%) 11.28
5 ( 2%) 28.00
6 ( 2%) 26.96
7 ( 2%) 21.24
8 ( 2%) 27.35
9 ( 1%) 18.60
result accuracy by generalization:
1 (22.45%) 47.18
2 (22.96%) 34.93
3 (22.53%)  3.80
4 (15.82%) 31.10
5 (16.24%)  6.28
error cases:
7 [-1] 7 11
7 [-1] 7 11
7 [-1] 7 11
7 [-1] 7 11
7 [-1] 7 11
7 [-1] 7 11
7 [-1] 7 11
7 [-1] 7 11
7 [-1] 7 11
7 [-1] 7 11
val (Perception Acc=0.00, Head Acc=0.00, Result Acc=25.41)
Epoch time: 0m 28s
------------------------------
Epoch 60/199 (max_len=15, data=6058)
Train acc: 62.94, loss: 0.435 
Epoch time: 0m 24s
------------------------------
Epoch 61/199 (max_len=15, data=6058)
Train acc: 64.76, loss: 0.402 
Epoch time: 0m 24s
------------------------------
Epoch 62/199 (max_len=15, data=6058)
Train acc: 65.25, loss: 0.391 
Epoch time: 0m 24s
------------------------------
Epoch 63/199 (max_len=15, data=6058)
Train acc: 65.98, loss: 0.373 
Epoch time: 0m 24s
------------------------------
Epoch 64/199 (max_len=15, data=6058)
Train acc: 66.66, loss: 0.360 
result accuracy by length:
1 ( 2%) 72.00
3 ( 2%) 47.00
5 ( 2%) 41.09
7 ( 4%) 33.62
9 ( 4%) 42.21
11 ( 3%) 38.07
13 ( 4%) 32.87
15 ( 4%) 28.71
17 ( 4%) 26.21
19 ( 4%) 29.90
21 ( 4%) 29.80
23 ( 4%) 28.78
25 ( 4%) 22.50
27 ( 4%) 32.02
29 ( 3%) 29.84
31 ( 3%) 25.00
33 ( 2%) 22.14
35 ( 2%) 22.60
37 ( 2%) 23.08
39 ( 3%) 22.37
41 ( 3%) 25.50
43 ( 2%) 20.29
45 ( 2%) 19.64
47 ( 2%) 28.03
49 ( 2%) 20.42
51 ( 2%) 28.79
53 ( 2%) 27.61
55 ( 2%) 15.13
57 ( 2%) 22.38
59 ( 2%) 21.50
61 ( 1%) 31.25
63 ( 0%) 28.57
65 ( 0%) 33.33
67 ( 0%) 33.33
result accuracy by symbol:
( (91%) 27.35
) (91%) 27.35
* (87%) 25.41
+ (84%) 25.63
- (77%) 30.13
/ (76%) 29.29
0 (52%) 31.09
1 (60%) 28.08
2 (61%) 27.94
3 (62%) 27.28
4 (61%) 25.70
5 (62%) 25.94
6 (62%) 26.23
7 (63%) 25.31
8 (64%) 25.19
9 (63%) 24.07
result accuracy by digit:
0 ( 0%) 100.00
1 ( 0%) 100.00
2 ( 0%) 100.00
3 ( 0%) 100.00
4 ( 0%)  0.00
5 ( 0%) 100.00
6 ( 0%) 100.00
7 ( 0%)  0.00
8 ( 0%) 40.00
9 ( 0%) 80.00
result accuracy by result:
0 (21%) 89.81
1 (10%) 44.01
2 ( 4%) 29.29
3 ( 2%) 22.96
4 ( 2%)  8.27
5 ( 2%) 27.00
6 ( 2%) 30.43
7 ( 2%) 18.58
8 ( 2%) 20.51
9 ( 1%) 17.44
result accuracy by generalization:
1 (22.45%) 50.64
2 (22.96%) 41.96
3 (22.53%)  2.99
4 (15.82%) 41.81
5 (16.24%)  5.78
error cases:
7 [-1] 7 11
7 [-1] 7 11
7 [-1] 7 13
7 [-1] 7 11
7 [-1] 7 11
7 [-1] 7 11
7 [-1] 7 13
7 [-1] 7 11
7 [-1] 7 11
7 [-1] 7 11
val (Perception Acc=0.00, Head Acc=0.00, Result Acc=29.22)
Epoch time: 0m 38s
------------------------------
Epoch 65/199 (max_len=15, data=6058)
Train acc: 67.31, loss: 0.354 
Epoch time: 0m 24s
------------------------------
Epoch 66/199 (max_len=15, data=6058)
Train acc: 67.34, loss: 0.348 
Epoch time: 0m 24s
------------------------------
Epoch 67/199 (max_len=15, data=6058)
Train acc: 68.19, loss: 0.341 
Epoch time: 0m 24s
------------------------------
Epoch 68/199 (max_len=15, data=6058)
Train acc: 68.17, loss: 0.342 
Epoch time: 0m 24s
------------------------------
Epoch 69/199 (max_len=15, data=6058)
Train acc: 68.56, loss: 0.335 
result accuracy by length:
1 ( 2%) 67.00
3 ( 2%) 48.00
5 ( 2%) 41.09
7 ( 4%) 35.37
9 ( 4%) 44.22
11 ( 3%) 41.48
13 ( 4%) 31.48
15 ( 4%) 28.22
17 ( 4%) 27.67
19 ( 4%) 27.94
21 ( 4%) 30.81
23 ( 4%) 27.80
25 ( 4%) 23.50
27 ( 4%) 29.06
29 ( 3%) 25.13
31 ( 3%) 25.60
33 ( 2%) 19.29
35 ( 2%) 25.34
37 ( 2%) 28.21
39 ( 3%) 24.34
41 ( 3%) 30.20
43 ( 2%) 20.29
45 ( 2%) 17.86
47 ( 2%) 25.00
49 ( 2%) 23.24
51 ( 2%) 27.27
53 ( 2%) 24.63
55 ( 2%) 13.45
57 ( 2%) 20.98
59 ( 2%) 19.63
61 ( 1%) 29.69
63 ( 0%) 25.71
65 ( 0%) 33.33
67 ( 0%) 33.33
result accuracy by symbol:
( (91%) 27.22
) (91%) 27.22
* (87%) 25.30
+ (84%) 25.32
- (77%) 29.84
/ (76%) 29.43
0 (52%) 30.63
1 (60%) 27.68
2 (61%) 27.24
3 (62%) 27.02
4 (61%) 25.37
5 (62%) 26.07
6 (62%) 25.81
7 (63%) 25.48
8 (64%) 24.90
9 (63%) 24.11
result accuracy by digit:
0 ( 0%) 100.00
1 ( 0%) 100.00
2 ( 0%) 80.00
3 ( 0%) 100.00
4 ( 0%)  0.00
5 ( 0%) 90.00
6 ( 0%) 100.00
7 ( 0%)  0.00
8 ( 0%)  0.00
9 ( 0%) 100.00
result accuracy by result:
0 (21%) 84.86
1 (10%) 50.37
2 ( 4%) 23.23
3 ( 2%) 31.11
4 ( 2%)  6.02
5 ( 2%) 22.00
6 ( 2%) 31.30
7 ( 2%) 24.78
8 ( 2%) 17.09
9 ( 1%) 23.26
result accuracy by generalization:
1 (22.45%) 50.27
2 (22.96%) 41.16
3 (22.53%)  4.08
4 (15.82%) 40.90
5 (16.24%)  5.90
error cases:
7 [-1] 7 11
7 [-1] 7 11
7 [-1] 7 11
7 [-1] 7 11
7 [-1] 7 11
7 [-1] 7 11
7 [-1] 7 11
7 [-1] 7 11
7 [-1] 7 11
7 [-1] 7 11
val (Perception Acc=0.00, Head Acc=0.00, Result Acc=29.08)
Epoch time: 0m 37s
------------------------------
Epoch 70/199 (max_len=15, data=6058)
Train acc: 68.78, loss: 0.331 
Epoch time: 0m 24s
------------------------------
Epoch 71/199 (max_len=15, data=6058)
Train acc: 69.03, loss: 0.328 
Epoch time: 0m 24s
------------------------------
Epoch 72/199 (max_len=15, data=6058)
Train acc: 69.69, loss: 0.327 
Epoch time: 0m 24s
------------------------------
Epoch 73/199 (max_len=15, data=6058)
Train acc: 70.49, loss: 0.308 
Epoch time: 0m 24s
------------------------------
Epoch 74/199 (max_len=15, data=6058)
Train acc: 71.25, loss: 0.302 
result accuracy by length:
1 ( 2%) 73.00
3 ( 2%) 46.00
5 ( 2%) 41.86
7 ( 4%) 35.37
9 ( 4%) 44.72
11 ( 3%) 37.50
13 ( 4%) 31.94
15 ( 4%) 27.23
17 ( 4%) 24.27
19 ( 4%) 25.49
21 ( 4%) 29.29
23 ( 4%) 23.90
25 ( 4%) 22.00
27 ( 4%) 25.12
29 ( 3%) 26.70
31 ( 3%) 21.43
33 ( 2%) 19.29
35 ( 2%) 22.60
37 ( 2%) 22.22
39 ( 3%) 18.42
41 ( 3%) 20.13
43 ( 2%) 13.77
45 ( 2%) 15.18
47 ( 2%) 18.94
49 ( 2%) 17.61
51 ( 2%) 23.48
53 ( 2%) 20.90
55 ( 2%) 10.08
57 ( 2%) 19.58
59 ( 2%) 18.69
61 ( 1%) 26.56
63 ( 0%) 25.71
65 ( 0%) 22.22
67 ( 0%) 33.33
result accuracy by symbol:
( (91%) 24.36
) (91%) 24.36
* (87%) 22.79
+ (84%) 22.34
- (77%) 26.64
/ (76%) 26.15
0 (52%) 26.88
1 (60%) 24.73
2 (61%) 24.32
3 (62%) 24.03
4 (61%) 22.69
5 (62%) 23.05
6 (62%) 23.42
7 (63%) 22.86
8 (64%) 21.85
9 (63%) 20.72
result accuracy by digit:
0 ( 0%) 100.00
1 ( 0%) 100.00
2 ( 0%) 100.00
3 ( 0%) 100.00
4 ( 0%) 90.00
5 ( 0%) 100.00
6 ( 0%) 100.00
7 ( 0%)  0.00
8 ( 0%) 40.00
9 ( 0%)  0.00
result accuracy by result:
0 (21%) 68.19
1 (10%) 54.87
2 ( 4%) 35.86
3 ( 2%) 32.59
4 ( 2%) 16.54
5 ( 2%) 27.00
6 ( 2%) 36.52
7 ( 2%) 24.78
8 ( 2%) 12.82
9 ( 1%) 10.47
result accuracy by generalization:
1 (22.45%) 48.64
2 (22.96%) 37.69
3 (22.53%)  4.62
4 (15.82%) 28.77
5 (16.24%)  8.67
error cases:
7 [-1] 7 11
7 [-1] 7 11
7 [-1] 7 11
7 [-1] 7 11
7 [-1] 7 11
7 [-1] 7 11
7 [-1] 7 11
7 [-1] 7 11
7 [-1] 7 11
7 [-1] 7 11
val (Perception Acc=0.00, Head Acc=0.00, Result Acc=26.57)
Epoch time: 0m 38s
------------------------------
Epoch 75/199 (max_len=15, data=6058)
Train acc: 71.36, loss: 0.302 
Epoch time: 0m 24s
------------------------------
Epoch 76/199 (max_len=15, data=6058)
Train acc: 71.23, loss: 0.292 
Epoch time: 0m 24s
------------------------------
Epoch 77/199 (max_len=15, data=6058)
Train acc: 72.38, loss: 0.284 
Epoch time: 0m 24s
------------------------------
Epoch 78/199 (max_len=15, data=6058)
Train acc: 72.89, loss: 0.277 
Epoch time: 0m 24s
------------------------------
Epoch 79/199 (max_len=15, data=6058)
Train acc: 72.40, loss: 0.282 
result accuracy by length:
1 ( 2%) 58.00
3 ( 2%) 47.00
5 ( 2%) 38.76
7 ( 4%) 36.68
9 ( 4%) 42.21
11 ( 3%) 36.93
13 ( 4%) 37.96
15 ( 4%) 31.19
17 ( 4%) 25.73
19 ( 4%) 26.96
21 ( 4%) 29.29
23 ( 4%) 25.85
25 ( 4%) 22.00
27 ( 4%) 25.12
29 ( 3%) 24.08
31 ( 3%) 22.62
33 ( 2%) 20.00
35 ( 2%) 19.86
37 ( 2%) 26.50
39 ( 3%) 22.37
41 ( 3%) 22.82
43 ( 2%) 16.67
45 ( 2%) 14.29
47 ( 2%) 23.48
49 ( 2%) 17.61
51 ( 2%) 22.73
53 ( 2%) 25.37
55 ( 2%) 10.92
57 ( 2%) 16.08
59 ( 2%) 15.89
61 ( 1%) 28.12
63 ( 0%) 20.00
65 ( 0%) 22.22
67 ( 0%) 33.33
result accuracy by symbol:
( (91%) 25.32
) (91%) 25.32
* (87%) 23.41
+ (84%) 23.35
- (77%) 27.80
/ (76%) 27.11
0 (52%) 27.85
1 (60%) 25.84
2 (61%) 24.92
3 (62%) 24.07
4 (61%) 23.95
5 (62%) 23.73
6 (62%) 23.42
7 (63%) 23.35
8 (64%) 22.74
9 (63%) 21.68
result accuracy by digit:
0 ( 0%) 90.00
1 ( 0%) 100.00
2 ( 0%) 100.00
3 ( 0%) 90.00
4 ( 0%)  0.00
5 ( 0%) 100.00
6 ( 0%)  0.00
7 ( 0%)  0.00
8 ( 0%)  0.00
9 ( 0%) 100.00
result accuracy by result:
0 (21%) 72.10
1 (10%) 51.69
2 ( 4%) 34.85
3 ( 2%) 33.33
4 ( 2%) 11.28
5 ( 2%) 27.00
6 ( 2%) 26.09
7 ( 2%) 23.89
8 ( 2%) 14.53
9 ( 1%) 19.77
result accuracy by generalization:
1 (22.45%) 49.45
2 (22.96%) 38.22
3 (22.53%)  4.08
4 (15.82%) 33.16
5 (16.24%)  6.41
error cases:
7 [-1] 7 13
7 [-1] 7 13
7 [-1] 7 13
7 [-1] 7 13
7 [-1] 7 13
7 [-1] 7 13
7 [-1] 7 13
7 [-1] 7 13
7 [-1] 7 13
7 [-1] 7 13
val (Perception Acc=0.00, Head Acc=0.00, Result Acc=27.08)
Epoch time: 0m 37s
------------------------------
Epoch 80/199 (max_len=inf, data=11170)
Train acc: 55.24, loss: 0.594 
Epoch time: 1m 24s
------------------------------
Epoch 81/199 (max_len=inf, data=11170)
Train acc: 56.85, loss: 0.544 
Epoch time: 1m 24s
------------------------------
Epoch 82/199 (max_len=inf, data=11170)
Train acc: 58.30, loss: 0.518 
Epoch time: 1m 24s
------------------------------
Epoch 83/199 (max_len=inf, data=11170)
Train acc: 58.50, loss: 0.502 
Epoch time: 1m 23s
------------------------------
Epoch 84/199 (max_len=inf, data=11170)
Train acc: 59.21, loss: 0.497 
result accuracy by length:
1 ( 2%) 84.00
3 ( 2%) 52.00
5 ( 2%) 41.86
7 ( 4%) 34.06
9 ( 4%) 42.21
11 ( 3%) 35.80
13 ( 4%) 34.72
15 ( 4%) 33.17
17 ( 4%) 29.61
19 ( 4%) 34.31
21 ( 4%) 35.86
23 ( 4%) 33.17
25 ( 4%) 24.00
27 ( 4%) 33.50
29 ( 3%) 33.51
31 ( 3%) 27.98
33 ( 2%) 17.86
35 ( 2%) 25.34
37 ( 2%) 30.77
39 ( 3%) 23.03
41 ( 3%) 28.86
43 ( 2%) 21.74
45 ( 2%) 21.43
47 ( 2%) 33.33
49 ( 2%) 25.35
51 ( 2%) 33.33
53 ( 2%) 28.36
55 ( 2%) 18.49
57 ( 2%) 26.57
59 ( 2%) 22.43
61 ( 1%) 32.81
63 ( 0%) 25.71
65 ( 0%) 22.22
67 ( 0%) 33.33
result accuracy by symbol:
( (91%) 29.94
) (91%) 29.94
* (87%) 27.92
+ (84%) 28.11
- (77%) 32.89
/ (76%) 32.33
0 (52%) 33.75
1 (60%) 30.66
2 (61%) 30.86
3 (62%) 29.70
4 (61%) 28.79
5 (62%) 29.04
6 (62%) 28.59
7 (63%) 29.00
8 (64%) 27.61
9 (63%) 26.15
result accuracy by digit:
0 ( 0%) 100.00
1 ( 0%) 100.00
2 ( 0%) 100.00
3 ( 0%) 100.00
4 ( 0%) 100.00
5 ( 0%) 100.00
6 ( 0%) 100.00
7 ( 0%) 100.00
8 ( 0%) 40.00
9 ( 0%)  0.00
result accuracy by result:
0 (21%) 93.33
1 (10%) 51.69
2 ( 4%) 26.77
3 ( 2%) 31.11
4 ( 2%) 20.30
5 ( 2%) 33.00
6 ( 2%) 39.13
7 ( 2%) 37.17
8 ( 2%) 22.22
9 ( 1%)  4.65
result accuracy by generalization:
1 (22.45%) 57.09
2 (22.96%) 42.76
3 (22.53%)  3.89
4 (15.82%) 48.39
5 (16.24%)  4.52
error cases:
9 [-1] 9 4
9 [-1] 9 4
9 [-1] 9 4
9 [-1] 9 4
9 [-1] 9 4
9 [-1] 9 4
9 [-1] 9 4
9 [-1] 9 4
9 [-1] 9 4
9 [-1] 9 4
val (Perception Acc=0.00, Head Acc=0.00, Result Acc=31.90)
Epoch time: 1m 37s
------------------------------
Epoch 85/199 (max_len=inf, data=11170)
Train acc: 59.56, loss: 0.490 
Epoch time: 1m 23s
------------------------------
Epoch 86/199 (max_len=inf, data=11170)
Train acc: 60.76, loss: 0.474 
Epoch time: 1m 23s
------------------------------
Epoch 87/199 (max_len=inf, data=11170)
Train acc: 61.30, loss: 0.465 
Epoch time: 1m 24s
------------------------------
Epoch 88/199 (max_len=inf, data=11170)
Train acc: 61.55, loss: 0.458 
Epoch time: 1m 23s
------------------------------
Epoch 89/199 (max_len=inf, data=11170)
Train acc: 62.10, loss: 0.449 
result accuracy by length:
1 ( 2%) 79.00
3 ( 2%) 52.00
5 ( 2%) 43.41
7 ( 4%) 34.93
9 ( 4%) 42.21
11 ( 3%) 38.64
13 ( 4%) 33.33
15 ( 4%) 34.65
17 ( 4%) 33.01
19 ( 4%) 34.31
21 ( 4%) 36.87
23 ( 4%) 33.17
25 ( 4%) 27.00
27 ( 4%) 36.45
29 ( 3%) 34.03
31 ( 3%) 29.17
33 ( 2%) 22.86
35 ( 2%) 28.08
37 ( 2%) 29.91
39 ( 3%) 25.66
41 ( 3%) 30.20
43 ( 2%) 24.64
45 ( 2%) 21.43
47 ( 2%) 30.30
49 ( 2%) 25.35
51 ( 2%) 31.06
53 ( 2%) 27.61
55 ( 2%) 18.49
57 ( 2%) 25.87
59 ( 2%) 18.69
61 ( 1%) 37.50
63 ( 0%) 31.43
65 ( 0%) 33.33
67 ( 0%) 66.67
result accuracy by symbol:
( (91%) 30.88
) (91%) 30.88
* (87%) 28.83
+ (84%) 29.02
- (77%) 34.09
/ (76%) 33.37
0 (52%) 34.73
1 (60%) 32.13
2 (61%) 31.03
3 (62%) 30.36
4 (61%) 28.99
5 (62%) 30.11
6 (62%) 30.09
7 (63%) 29.74
8 (64%) 28.03
9 (63%) 27.78
result accuracy by digit:
0 ( 0%) 100.00
1 ( 0%) 100.00
2 ( 0%) 100.00
3 ( 0%) 100.00
4 ( 0%)  0.00
5 ( 0%) 100.00
6 ( 0%) 100.00
7 ( 0%) 100.00
8 ( 0%)  0.00
9 ( 0%) 90.00
result accuracy by result:
0 (21%) 96.95
1 (10%) 51.12
2 ( 4%) 20.20
3 ( 2%) 39.26
4 ( 2%) 15.79
5 ( 2%) 39.00
6 ( 2%) 27.83
7 ( 2%) 36.28
8 ( 2%) 18.80
9 ( 1%) 20.93
result accuracy by generalization:
1 (22.45%) 56.73
2 (22.96%) 46.22
3 (22.53%)  4.17
4 (15.82%) 48.39
5 (16.24%)  5.03
error cases:
4 [-1] 4 9
4 [-1] 4 9
4 [-1] 4 9
4 [-1] 4 9
4 [-1] 4 9
4 [-1] 4 9
4 [-1] 4 9
4 [-1] 4 9
4 [-1] 4 9
4 [-1] 4 9
val (Perception Acc=0.00, Head Acc=0.00, Result Acc=32.76)
Epoch time: 1m 37s
------------------------------
Epoch 90/199 (max_len=inf, data=11170)
Train acc: 62.31, loss: 0.439 
Epoch time: 1m 23s
------------------------------
Epoch 91/199 (max_len=inf, data=11170)
Train acc: 62.74, loss: 0.433 
Epoch time: 1m 23s
------------------------------
Epoch 92/199 (max_len=inf, data=11170)
Train acc: 63.34, loss: 0.427 
Epoch time: 1m 23s
------------------------------
Epoch 93/199 (max_len=inf, data=11170)
Train acc: 64.13, loss: 0.413 
Epoch time: 1m 23s
------------------------------
Epoch 94/199 (max_len=inf, data=11170)
Train acc: 64.15, loss: 0.416 
result accuracy by length:
1 ( 2%) 80.00
3 ( 2%) 53.00
5 ( 2%) 41.09
7 ( 4%) 33.19
9 ( 4%) 45.73
11 ( 3%) 35.80
13 ( 4%) 35.65
15 ( 4%) 32.18
17 ( 4%) 33.01
19 ( 4%) 39.22
21 ( 4%) 38.89
23 ( 4%) 35.12
25 ( 4%) 27.50
27 ( 4%) 36.45
29 ( 3%) 37.17
31 ( 3%) 29.17
33 ( 2%) 25.00
35 ( 2%) 26.03
37 ( 2%) 28.21
39 ( 3%) 25.66
41 ( 3%) 28.19
43 ( 2%) 22.46
45 ( 2%) 21.43
47 ( 2%) 33.33
49 ( 2%) 26.76
51 ( 2%) 36.36
53 ( 2%) 28.36
55 ( 2%) 17.65
57 ( 2%) 29.37
59 ( 2%) 27.10
61 ( 1%) 35.94
63 ( 0%) 28.57
65 ( 0%) 22.22
67 ( 0%) 66.67
result accuracy by symbol:
( (91%) 31.84
) (91%) 31.84
* (87%) 29.83
+ (84%) 30.01
- (77%) 34.67
/ (76%) 34.25
0 (52%) 35.59
1 (60%) 32.70
2 (61%) 31.96
3 (62%) 31.31
4 (61%) 29.65
5 (62%) 30.92
6 (62%) 30.19
7 (63%) 30.45
8 (64%) 29.62
9 (63%) 29.21
result accuracy by digit:
0 ( 0%) 100.00
1 ( 0%) 100.00
2 ( 0%) 100.00
3 ( 0%) 100.00
4 ( 0%)  0.00
5 ( 0%) 100.00
6 ( 0%) 100.00
7 ( 0%) 100.00
8 ( 0%)  0.00
9 ( 0%) 100.00
result accuracy by result:
0 (21%) 89.24
1 (10%) 65.54
2 ( 4%) 23.74
3 ( 2%) 40.74
4 ( 2%) 16.54
5 ( 2%) 33.00
6 ( 2%) 37.39
7 ( 2%) 45.13
8 ( 2%) 19.66
9 ( 1%) 31.40
result accuracy by generalization:
1 (22.45%) 60.00
2 (22.96%) 43.91
3 (22.53%)  5.07
4 (15.82%) 47.74
5 (16.24%)  7.91
error cases:
4 [-1] 4 9
4 [-1] 4 9
4 [-1] 4 9
4 [-1] 4 9
4 [-1] 4 9
4 [-1] 4 9
4 [-1] 4 9
4 [-1] 4 9
4 [-1] 4 9
4 [-1] 4 9
val (Perception Acc=0.00, Head Acc=0.00, Result Acc=33.53)
Epoch time: 1m 37s
------------------------------
Epoch 95/199 (max_len=inf, data=11170)
Train acc: 64.42, loss: 0.410 
Epoch time: 1m 24s
------------------------------
Epoch 96/199 (max_len=inf, data=11170)
Train acc: 64.43, loss: 0.414 
Epoch time: 1m 24s
------------------------------
Epoch 97/199 (max_len=inf, data=11170)
Train acc: 65.02, loss: 0.401 
Epoch time: 1m 24s
------------------------------
Epoch 98/199 (max_len=inf, data=11170)
Train acc: 65.34, loss: 0.393 
Epoch time: 1m 24s
------------------------------
Epoch 99/199 (max_len=inf, data=11170)
Train acc: 66.10, loss: 0.385 
result accuracy by length:
1 ( 2%) 70.00
3 ( 2%) 54.00
5 ( 2%) 42.64
7 ( 4%) 33.62
9 ( 4%) 42.71
11 ( 3%) 37.50
13 ( 4%) 33.80
15 ( 4%) 34.65
17 ( 4%) 33.50
19 ( 4%) 41.67
21 ( 4%) 40.40
23 ( 4%) 35.12
25 ( 4%) 33.00
27 ( 4%) 39.90
29 ( 3%) 35.08
31 ( 3%) 32.74
33 ( 2%) 25.71
35 ( 2%) 26.03
37 ( 2%) 30.77
39 ( 3%) 25.00
41 ( 3%) 27.52
43 ( 2%) 22.46
45 ( 2%) 25.00
47 ( 2%) 33.33
49 ( 2%) 21.83
51 ( 2%) 33.33
53 ( 2%) 32.84
55 ( 2%) 21.85
57 ( 2%) 28.67
59 ( 2%) 23.36
61 ( 1%) 42.19
63 ( 0%) 28.57
65 ( 0%) 44.44
67 ( 0%) 66.67
result accuracy by symbol:
( (91%) 32.48
) (91%) 32.48
* (87%) 30.48
+ (84%) 30.85
- (77%) 35.91
/ (76%) 35.18
0 (52%) 36.29
1 (60%) 33.87
2 (61%) 32.62
3 (62%) 32.49
4 (61%) 30.85
5 (62%) 31.67
6 (62%) 30.97
7 (63%) 31.19
8 (64%) 30.03
9 (63%) 29.37
result accuracy by digit:
0 ( 0%) 100.00
1 ( 0%) 100.00
2 ( 0%) 100.00
3 ( 0%) 100.00
4 ( 0%) 100.00
5 ( 0%) 100.00
6 ( 0%) 100.00
7 ( 0%)  0.00
8 ( 0%)  0.00
9 ( 0%)  0.00
result accuracy by result:
0 (21%) 93.05
1 (10%) 64.42
2 ( 4%) 28.28
3 ( 2%) 40.74
4 ( 2%) 21.05
5 ( 2%) 37.00
6 ( 2%) 40.87
7 ( 2%) 29.20
8 ( 2%) 21.37
9 ( 1%) 22.09
result accuracy by generalization:
1 (22.45%) 60.09
2 (22.96%) 45.24
3 (22.53%)  5.89
4 (15.82%) 47.23
5 (16.24%)  8.79
error cases:
7 [-1] 7 13
7 [-1] 7 13
7 [-1] 7 13
7 [-1] 7 13
7 [-1] 7 13
7 [-1] 7 13
7 [-1] 7 13
7 [-1] 7 13
7 [-1] 7 13
7 [-1] 7 13
val (Perception Acc=0.00, Head Acc=0.00, Result Acc=34.10)
Epoch time: 1m 37s
------------------------------
Epoch 100/199 (max_len=inf, data=11170)
Train acc: 66.33, loss: 0.381 
Epoch time: 1m 23s
------------------------------
Epoch 101/199 (max_len=inf, data=11170)
Train acc: 66.55, loss: 0.373 
Epoch time: 1m 23s
------------------------------
Epoch 102/199 (max_len=inf, data=11170)
Train acc: 66.50, loss: 0.371 
Epoch time: 1m 23s
------------------------------
Epoch 103/199 (max_len=inf, data=11170)
Train acc: 66.90, loss: 0.366 
Epoch time: 1m 23s
------------------------------
Epoch 104/199 (max_len=inf, data=11170)
Train acc: 67.48, loss: 0.360 
result accuracy by length:
1 ( 2%) 84.00
3 ( 2%) 54.00
5 ( 2%) 40.31
7 ( 4%) 33.19
9 ( 4%) 43.72
11 ( 3%) 38.07
13 ( 4%) 33.80
15 ( 4%) 32.67
17 ( 4%) 38.83
19 ( 4%) 40.69
21 ( 4%) 37.37
23 ( 4%) 36.59
25 ( 4%) 30.00
27 ( 4%) 38.42
29 ( 3%) 36.65
31 ( 3%) 30.95
33 ( 2%) 25.00
35 ( 2%) 27.40
37 ( 2%) 29.06
39 ( 3%) 28.29
41 ( 3%) 30.20
43 ( 2%) 23.19
45 ( 2%) 22.32
47 ( 2%) 31.82
49 ( 2%) 22.54
51 ( 2%) 31.82
53 ( 2%) 26.12
55 ( 2%) 15.97
57 ( 2%) 25.17
59 ( 2%) 23.36
61 ( 1%) 32.81
63 ( 0%) 25.71
65 ( 0%) 33.33
67 ( 0%) 33.33
result accuracy by symbol:
( (91%) 31.90
) (91%) 31.90
* (87%) 29.55
+ (84%) 30.10
- (77%) 34.91
/ (76%) 34.27
0 (52%) 35.35
1 (60%) 32.76
2 (61%) 31.96
3 (62%) 31.34
4 (61%) 30.05
5 (62%) 30.70
6 (62%) 30.32
7 (63%) 30.51
8 (64%) 29.11
9 (63%) 28.70
result accuracy by digit:
0 ( 0%) 100.00
1 ( 0%) 100.00
2 ( 0%) 100.00
3 ( 0%) 100.00
4 ( 0%)  0.00
5 ( 0%) 100.00
6 ( 0%) 100.00
7 ( 0%) 100.00
8 ( 0%) 40.00
9 ( 0%) 100.00
result accuracy by result:
0 (21%) 93.52
1 (10%) 55.06
2 ( 4%) 30.81
3 ( 2%) 45.19
4 ( 2%)  9.77
5 ( 2%) 44.00
6 ( 2%) 34.78
7 ( 2%) 43.36
8 ( 2%) 29.91
9 ( 1%) 25.58
result accuracy by generalization:
1 (22.45%) 61.82
2 (22.96%) 44.53
3 (22.53%)  5.34
4 (15.82%) 47.23
5 (16.24%)  5.53
error cases:
4 [-1] 4 9
4 [-1] 4 9
4 [-1] 4 9
4 [-1] 4 9
4 [-1] 4 9
4 [-1] 4 9
4 [-1] 4 9
4 [-1] 4 9
4 [-1] 4 9
4 [-1] 4 9
val (Perception Acc=0.00, Head Acc=0.00, Result Acc=33.67)
Epoch time: 1m 37s
------------------------------
Epoch 105/199 (max_len=inf, data=11170)
Train acc: 68.00, loss: 0.355 
Epoch time: 1m 24s
------------------------------
Epoch 106/199 (max_len=inf, data=11170)
Train acc: 67.92, loss: 0.353 
Epoch time: 1m 24s
------------------------------
Epoch 107/199 (max_len=inf, data=11170)
Train acc: 68.06, loss: 0.353 
Epoch time: 1m 24s
------------------------------
Epoch 108/199 (max_len=inf, data=11170)
Train acc: 67.90, loss: 0.350 
Epoch time: 1m 23s
------------------------------
Epoch 109/199 (max_len=inf, data=11170)
Train acc: 68.59, loss: 0.345 
result accuracy by length:
1 ( 2%) 83.00
3 ( 2%) 52.00
5 ( 2%) 41.86
7 ( 4%) 31.44
9 ( 4%) 41.21
11 ( 3%) 38.07
13 ( 4%) 37.50
15 ( 4%) 34.65
17 ( 4%) 36.41
19 ( 4%) 40.20
21 ( 4%) 40.91
23 ( 4%) 36.10
25 ( 4%) 29.00
27 ( 4%) 38.92
29 ( 3%) 37.70
31 ( 3%) 30.36
33 ( 2%) 24.29
35 ( 2%) 28.77
37 ( 2%) 29.91
39 ( 3%) 23.68
41 ( 3%) 30.20
43 ( 2%) 23.19
45 ( 2%) 22.32
47 ( 2%) 31.06
49 ( 2%) 24.65
51 ( 2%) 28.79
53 ( 2%) 26.87
55 ( 2%) 15.13
57 ( 2%) 26.57
59 ( 2%) 22.43
61 ( 1%) 37.50
63 ( 0%) 31.43
65 ( 0%) 33.33
67 ( 0%) 66.67
result accuracy by symbol:
( (91%) 31.97
) (91%) 31.97
* (87%) 29.71
+ (84%) 30.01
- (77%) 35.20
/ (76%) 34.33
0 (52%) 35.55
1 (60%) 32.97
2 (61%) 32.19
3 (62%) 31.74
4 (61%) 30.18
5 (62%) 30.37
6 (62%) 30.41
7 (63%) 30.64
8 (64%) 29.11
9 (63%) 28.32
result accuracy by digit:
0 ( 0%) 90.00
1 ( 0%) 100.00
2 ( 0%) 100.00
3 ( 0%) 100.00
4 ( 0%) 100.00
5 ( 0%) 100.00
6 ( 0%) 100.00
7 ( 0%) 100.00
8 ( 0%) 40.00
9 ( 0%)  0.00
result accuracy by result:
0 (21%) 93.52
1 (10%) 55.62
2 ( 4%) 31.31
3 ( 2%) 38.52
4 ( 2%) 24.06
5 ( 2%) 36.00
6 ( 2%) 37.39
7 ( 2%) 42.48
8 ( 2%) 21.37
9 ( 1%) 17.44
result accuracy by generalization:
1 (22.45%) 61.73
2 (22.96%) 45.16
3 (22.53%)  5.16
4 (15.82%) 46.84
5 (16.24%)  5.65
error cases:
0 [-1] 0 3
9 [-1] 9 4
9 [-1] 9 4
9 [-1] 9 4
9 [-1] 9 7
9 [-1] 9 4
9 [-1] 9 4
9 [-1] 9 4
9 [-1] 9 4
9 [-1] 9 4
val (Perception Acc=0.00, Head Acc=0.00, Result Acc=33.71)
Epoch time: 1m 37s
------------------------------
Epoch 110/199 (max_len=inf, data=11170)
Train acc: 68.54, loss: 0.345 
Epoch time: 1m 24s
------------------------------
Epoch 111/199 (max_len=inf, data=11170)
Train acc: 68.64, loss: 0.341 
Epoch time: 1m 23s
------------------------------
Epoch 112/199 (max_len=inf, data=11170)
Train acc: 69.66, loss: 0.329 
Epoch time: 1m 23s
------------------------------
Epoch 113/199 (max_len=inf, data=11170)
Train acc: 69.00, loss: 0.340 
Epoch time: 1m 23s
------------------------------
Epoch 114/199 (max_len=inf, data=11170)
Train acc: 68.69, loss: 0.338 
result accuracy by length:
1 ( 2%) 82.00
3 ( 2%) 53.00
5 ( 2%) 41.09
7 ( 4%) 34.50
9 ( 4%) 44.72
11 ( 3%) 36.36
13 ( 4%) 36.57
15 ( 4%) 31.68
17 ( 4%) 35.92
19 ( 4%) 37.75
21 ( 4%) 39.90
23 ( 4%) 37.56
25 ( 4%) 29.50
27 ( 4%) 37.93
29 ( 3%) 37.70
31 ( 3%) 29.76
33 ( 2%) 20.71
35 ( 2%) 26.03
37 ( 2%) 26.50
39 ( 3%) 22.37
41 ( 3%) 27.52
43 ( 2%) 24.64
45 ( 2%) 23.21
47 ( 2%) 31.82
49 ( 2%) 21.13
51 ( 2%) 30.30
53 ( 2%) 29.85
55 ( 2%) 18.49
57 ( 2%) 22.38
59 ( 2%) 22.43
61 ( 1%) 34.38
63 ( 0%) 25.71
65 ( 0%) 22.22
67 ( 0%) 66.67
result accuracy by symbol:
( (91%) 31.30
) (91%) 31.30
* (87%) 29.23
+ (84%) 29.55
- (77%) 34.09
/ (76%) 33.82
0 (52%) 34.73
1 (60%) 31.73
2 (61%) 31.36
3 (62%) 30.49
4 (61%) 28.99
5 (62%) 29.98
6 (62%) 29.92
7 (63%) 30.09
8 (64%) 28.34
9 (63%) 28.13
result accuracy by digit:
0 ( 0%) 100.00
1 ( 0%) 100.00
2 ( 0%) 100.00
3 ( 0%) 100.00
4 ( 0%)  0.00
5 ( 0%) 100.00
6 ( 0%) 100.00
7 ( 0%) 100.00
8 ( 0%) 40.00
9 ( 0%) 80.00
result accuracy by result:
0 (21%) 87.14
1 (10%) 59.55
2 ( 4%) 34.34
3 ( 2%) 44.44
4 ( 2%)  9.77
5 ( 2%) 42.00
6 ( 2%) 40.87
7 ( 2%) 32.74
8 ( 2%) 24.79
9 ( 1%) 36.05
result accuracy by generalization:
1 (22.45%) 63.18
2 (22.96%) 42.04
3 (22.53%)  5.25
4 (15.82%) 44.65
5 (16.24%)  6.78
error cases:
4 [-1] 4 9
4 [-1] 4 9
4 [-1] 4 9
4 [-1] 4 9
4 [-1] 4 9
4 [-1] 4 9
4 [-1] 4 9
4 [-1] 4 9
4 [-1] 4 9
4 [-1] 4 9
val (Perception Acc=0.00, Head Acc=0.00, Result Acc=33.18)
Epoch time: 1m 37s
------------------------------
Epoch 115/199 (max_len=inf, data=11170)
Train acc: 69.62, loss: 0.332 
Epoch time: 1m 24s
------------------------------
Epoch 116/199 (max_len=inf, data=11170)
Train acc: 69.13, loss: 0.332 
Epoch time: 1m 23s
------------------------------
Epoch 117/199 (max_len=inf, data=11170)
Train acc: 69.79, loss: 0.328 
Epoch time: 1m 24s
------------------------------
Epoch 118/199 (max_len=inf, data=11170)
Train acc: 70.79, loss: 0.317 
Epoch time: 1m 23s
------------------------------
Epoch 119/199 (max_len=inf, data=11170)
Train acc: 70.04, loss: 0.321 
result accuracy by length:
1 ( 2%) 79.00
3 ( 2%) 55.00
5 ( 2%) 41.09
7 ( 4%) 31.44
9 ( 4%) 44.72
11 ( 3%) 39.20
13 ( 4%) 39.35
15 ( 4%) 32.67
17 ( 4%) 37.38
19 ( 4%) 39.22
21 ( 4%) 42.42
23 ( 4%) 33.17
25 ( 4%) 33.00
27 ( 4%) 41.38
29 ( 3%) 39.79
31 ( 3%) 27.38
33 ( 2%) 22.14
35 ( 2%) 27.40
37 ( 2%) 26.50
39 ( 3%) 26.32
41 ( 3%) 24.83
43 ( 2%) 23.19
45 ( 2%) 24.11
47 ( 2%) 27.27
49 ( 2%) 23.24
51 ( 2%) 28.79
53 ( 2%) 29.85
55 ( 2%) 16.81
57 ( 2%) 23.08
59 ( 2%) 24.30
61 ( 1%) 29.69
63 ( 0%) 28.57
65 ( 0%) 33.33
67 ( 0%) 66.67
result accuracy by symbol:
( (91%) 31.90
) (91%) 31.90
* (87%) 29.53
+ (84%) 30.13
- (77%) 34.80
/ (76%) 33.90
0 (52%) 35.51
1 (60%) 32.36
2 (61%) 31.93
3 (62%) 31.44
4 (61%) 29.65
5 (62%) 30.44
6 (62%) 30.51
7 (63%) 30.03
8 (64%) 29.33
9 (63%) 28.07
result accuracy by digit:
0 ( 0%) 100.00
1 ( 0%) 100.00
2 ( 0%) 100.00
3 ( 0%) 100.00
4 ( 0%)  0.00
5 ( 0%) 100.00
6 ( 0%) 100.00
7 ( 0%)  0.00
8 ( 0%) 100.00
9 ( 0%) 90.00
result accuracy by result:
0 (21%) 87.90
1 (10%) 61.24
2 ( 4%) 30.81
3 ( 2%) 47.41
4 ( 2%) 18.80
5 ( 2%) 36.00
6 ( 2%) 40.00
7 ( 2%) 27.43
8 ( 2%) 39.32
9 ( 1%) 30.23
result accuracy by generalization:
1 (22.45%) 63.36
2 (22.96%) 44.18
3 (22.53%)  5.16
4 (15.82%) 44.26
5 (16.24%)  6.66
error cases:
7 [-1] 7 8
7 [-1] 7 8
7 [-1] 7 8
7 [-1] 7 8
7 [-1] 7 8
7 [-1] 7 8
7 [-1] 7 8
7 [-1] 7 8
7 [-1] 7 8
7 [-1] 7 8
val (Perception Acc=0.00, Head Acc=0.00, Result Acc=33.61)
Epoch time: 1m 37s
------------------------------
Epoch 120/199 (max_len=inf, data=11170)
Train acc: 70.56, loss: 0.315 
Epoch time: 1m 24s
------------------------------
Epoch 121/199 (max_len=inf, data=11170)
Train acc: 70.61, loss: 0.317 
Epoch time: 1m 23s
------------------------------
Epoch 122/199 (max_len=inf, data=11170)
Train acc: 71.71, loss: 0.307 
Epoch time: 1m 23s
------------------------------
Epoch 123/199 (max_len=inf, data=11170)
Train acc: 70.86, loss: 0.314 
Epoch time: 1m 23s
------------------------------
Epoch 124/199 (max_len=inf, data=11170)
Train acc: 71.64, loss: 0.305 
result accuracy by length:
1 ( 2%) 74.00
3 ( 2%) 52.00
5 ( 2%) 37.21
7 ( 4%) 35.37
9 ( 4%) 42.21
11 ( 3%) 38.64
13 ( 4%) 35.65
15 ( 4%) 32.67
17 ( 4%) 38.83
19 ( 4%) 40.69
21 ( 4%) 38.89
23 ( 4%) 33.17
25 ( 4%) 32.00
27 ( 4%) 35.96
29 ( 3%) 39.79
31 ( 3%) 32.74
33 ( 2%) 26.43
35 ( 2%) 27.40
37 ( 2%) 32.48
39 ( 3%) 27.63
41 ( 3%) 29.53
43 ( 2%) 22.46
45 ( 2%) 21.43
47 ( 2%) 31.82
49 ( 2%) 23.24
51 ( 2%) 31.06
53 ( 2%) 26.87
55 ( 2%) 17.65
57 ( 2%) 27.27
59 ( 2%) 29.91
61 ( 1%) 39.06
63 ( 0%) 28.57
65 ( 0%) 33.33
67 ( 0%) 66.67
result accuracy by symbol:
( (91%) 32.51
) (91%) 32.51
* (87%) 30.25
+ (84%) 30.66
- (77%) 35.59
/ (76%) 34.97
0 (52%) 36.48
1 (60%) 33.47
2 (61%) 32.16
3 (62%) 32.20
4 (61%) 30.68
5 (62%) 31.77
6 (62%) 31.23
7 (63%) 31.16
8 (64%) 29.84
9 (63%) 29.15
result accuracy by digit:
0 ( 0%) 100.00
1 ( 0%) 100.00
2 ( 0%) 100.00
3 ( 0%) 100.00
4 ( 0%)  0.00
5 ( 0%) 100.00
6 ( 0%) 100.00
7 ( 0%)  0.00
8 ( 0%) 40.00
9 ( 0%) 100.00
result accuracy by result:
0 (21%) 88.76
1 (10%) 65.92
2 ( 4%) 29.29
3 ( 2%) 42.96
4 ( 2%)  8.27
5 ( 2%) 42.00
6 ( 2%) 33.91
7 ( 2%) 38.05
8 ( 2%) 17.95
9 ( 1%) 36.05
result accuracy by generalization:
1 (22.45%) 62.18
2 (22.96%) 43.82
3 (22.53%)  5.80
4 (15.82%) 46.45
5 (16.24%)  8.17
error cases:
7 [-1] 7 8
7 [-1] 7 8
7 [-1] 7 8
7 [-1] 7 8
7 [-1] 7 8
7 [-1] 7 8
7 [-1] 7 8
7 [-1] 7 8
7 [-1] 7 8
7 [-1] 7 8
val (Perception Acc=0.00, Head Acc=0.00, Result Acc=34.00)
Epoch time: 1m 37s
------------------------------
Epoch 125/199 (max_len=inf, data=11170)
Train acc: 71.39, loss: 0.310 
Epoch time: 1m 24s
------------------------------
Epoch 126/199 (max_len=inf, data=11170)
Train acc: 71.58, loss: 0.304 
Epoch time: 1m 24s
------------------------------
Epoch 127/199 (max_len=inf, data=11170)
Train acc: 72.09, loss: 0.301 
Epoch time: 1m 23s
------------------------------
Epoch 128/199 (max_len=inf, data=11170)
Train acc: 72.41, loss: 0.299 
Epoch time: 1m 23s
------------------------------
Epoch 129/199 (max_len=inf, data=11170)
Train acc: 72.55, loss: 0.293 
result accuracy by length:
1 ( 2%) 89.00
3 ( 2%) 49.00
5 ( 2%) 43.41
7 ( 4%) 33.62
9 ( 4%) 42.71
11 ( 3%) 39.20
13 ( 4%) 36.11
15 ( 4%) 34.65
17 ( 4%) 38.83
19 ( 4%) 42.65
21 ( 4%) 37.88
23 ( 4%) 36.10
25 ( 4%) 32.50
27 ( 4%) 38.92
29 ( 3%) 39.79
31 ( 3%) 32.14
33 ( 2%) 24.29
35 ( 2%) 29.45
37 ( 2%) 29.06
39 ( 3%) 25.00
41 ( 3%) 28.19
43 ( 2%) 23.19
45 ( 2%) 23.21
47 ( 2%) 28.79
49 ( 2%) 24.65
51 ( 2%) 31.82
53 ( 2%) 29.85
55 ( 2%) 18.49
57 ( 2%) 26.57
59 ( 2%) 26.17
61 ( 1%) 31.25
63 ( 0%) 25.71
65 ( 0%) 22.22
67 ( 0%) 66.67
result accuracy by symbol:
( (91%) 32.55
) (91%) 32.55
* (87%) 30.46
+ (84%) 30.66
- (77%) 35.77
/ (76%) 35.42
0 (52%) 36.02
1 (60%) 33.20
2 (61%) 32.72
3 (62%) 32.13
4 (61%) 30.68
5 (62%) 31.45
6 (62%) 31.17
7 (63%) 31.26
8 (64%) 30.03
9 (63%) 29.09
result accuracy by digit:
0 ( 0%) 100.00
1 ( 0%) 100.00
2 ( 0%) 100.00
3 ( 0%) 100.00
4 ( 0%)  0.00
5 ( 0%) 100.00
6 ( 0%) 100.00
7 ( 0%) 100.00
8 ( 0%) 100.00
9 ( 0%) 90.00
result accuracy by result:
0 (21%) 88.76
1 (10%) 67.04
2 ( 4%) 25.25
3 ( 2%) 47.41
4 ( 2%) 13.53
5 ( 2%) 43.00
6 ( 2%) 37.39
7 ( 2%) 46.02
8 ( 2%) 29.06
9 ( 1%) 32.56
result accuracy by generalization:
1 (22.45%) 64.82
2 (22.96%) 44.44
3 (22.53%)  5.53
4 (15.82%) 45.94
5 (16.24%)  7.29
error cases:
4 [-1] 4 9
4 [-1] 4 9
4 [-1] 4 9
4 [-1] 4 9
4 [-1] 4 9
4 [-1] 4 9
4 [-1] 4 9
4 [-1] 4 9
4 [-1] 4 9
4 [-1] 4 9
val (Perception Acc=0.00, Head Acc=0.00, Result Acc=34.45)
Epoch time: 1m 37s
------------------------------
Epoch 130/199 (max_len=inf, data=11170)
Train acc: 72.95, loss: 0.296 
Epoch time: 1m 24s
------------------------------
Epoch 131/199 (max_len=inf, data=11170)
Train acc: 72.67, loss: 0.292 
Epoch time: 1m 24s
------------------------------
Epoch 132/199 (max_len=inf, data=11170)
Train acc: 73.07, loss: 0.285 
Epoch time: 1m 24s
------------------------------
Epoch 133/199 (max_len=inf, data=11170)
Train acc: 72.91, loss: 0.290 
Epoch time: 1m 24s
------------------------------
Epoch 134/199 (max_len=inf, data=11170)
Train acc: 72.48, loss: 0.292 
result accuracy by length:
1 ( 2%) 90.00
3 ( 2%) 50.00
5 ( 2%) 44.19
7 ( 4%) 35.37
9 ( 4%) 47.24
11 ( 3%) 42.05
13 ( 4%) 38.89
15 ( 4%) 36.14
17 ( 4%) 38.83
19 ( 4%) 40.20
21 ( 4%) 41.41
23 ( 4%) 34.63
25 ( 4%) 31.00
27 ( 4%) 42.86
29 ( 3%) 38.22
31 ( 3%) 35.12
33 ( 2%) 21.43
35 ( 2%) 26.71
37 ( 2%) 26.50
39 ( 3%) 25.66
41 ( 3%) 26.17
43 ( 2%) 20.29
45 ( 2%) 23.21
47 ( 2%) 30.30
49 ( 2%) 22.54
51 ( 2%) 31.06
53 ( 2%) 29.10
55 ( 2%) 18.49
57 ( 2%) 22.38
59 ( 2%) 22.43
61 ( 1%) 25.00
63 ( 0%) 25.71
65 ( 0%) 22.22
67 ( 0%) 66.67
result accuracy by symbol:
( (91%) 32.40
) (91%) 32.40
* (87%) 30.06
+ (84%) 30.54
- (77%) 35.41
/ (76%) 35.29
0 (52%) 34.92
1 (60%) 33.10
2 (61%) 31.99
3 (62%) 31.44
4 (61%) 29.78
5 (62%) 31.18
6 (62%) 30.71
7 (63%) 30.93
8 (64%) 29.71
9 (63%) 29.15
result accuracy by digit:
0 ( 0%) 100.00
1 ( 0%) 100.00
2 ( 0%) 100.00
3 ( 0%) 100.00
4 ( 0%)  0.00
5 ( 0%) 100.00
6 ( 0%) 100.00
7 ( 0%) 100.00
8 ( 0%) 100.00
9 ( 0%) 100.00
result accuracy by result:
0 (21%) 85.90
1 (10%) 68.35
2 ( 4%) 31.31
3 ( 2%) 50.37
4 ( 2%) 16.54
5 ( 2%) 42.00
6 ( 2%) 37.39
7 ( 2%) 41.59
8 ( 2%) 33.33
9 ( 1%) 38.37
result accuracy by generalization:
1 (22.45%) 67.18
2 (22.96%) 44.62
3 (22.53%)  5.25
4 (15.82%) 41.94
5 (16.24%)  8.29
error cases:
4 [-1] 4 9
4 [-1] 4 9
4 [-1] 4 9
4 [-1] 4 9
4 [-1] 4 9
4 [-1] 4 9
4 [-1] 4 9
4 [-1] 4 9
4 [-1] 4 9
4 [-1] 4 9
val (Perception Acc=0.00, Head Acc=0.00, Result Acc=34.49)
Epoch time: 1m 37s
------------------------------
Epoch 135/199 (max_len=inf, data=11170)
Train acc: 73.39, loss: 0.281 
Epoch time: 1m 23s
------------------------------
Epoch 136/199 (max_len=inf, data=11170)
Train acc: 73.30, loss: 0.280 
Epoch time: 1m 24s
------------------------------
Epoch 137/199 (max_len=inf, data=11170)
Train acc: 73.10, loss: 0.280 
Epoch time: 1m 23s
------------------------------
Epoch 138/199 (max_len=inf, data=11170)
Train acc: 73.31, loss: 0.281 
Epoch time: 1m 23s
------------------------------
Epoch 139/199 (max_len=inf, data=11170)
Train acc: 73.75, loss: 0.284 
result accuracy by length:
1 ( 2%) 88.00
3 ( 2%) 49.00
5 ( 2%) 44.96
7 ( 4%) 32.31
9 ( 4%) 44.72
11 ( 3%) 40.91
13 ( 4%) 37.04
15 ( 4%) 33.17
17 ( 4%) 38.83
19 ( 4%) 42.65
21 ( 4%) 37.88
23 ( 4%) 36.10
25 ( 4%) 33.50
27 ( 4%) 40.39
29 ( 3%) 37.70
31 ( 3%) 30.95
33 ( 2%) 20.00
35 ( 2%) 25.34
37 ( 2%) 29.91
39 ( 3%) 23.03
41 ( 3%) 29.53
43 ( 2%) 22.46
45 ( 2%) 23.21
47 ( 2%) 28.79
49 ( 2%) 22.54
51 ( 2%) 27.27
53 ( 2%) 26.87
55 ( 2%) 16.81
57 ( 2%) 23.08
59 ( 2%) 17.76
61 ( 1%) 23.44
63 ( 0%) 28.57
65 ( 0%) 33.33
67 ( 0%) 33.33
result accuracy by symbol:
( (91%) 31.57
) (91%) 31.57
* (87%) 29.13
+ (84%) 29.81
- (77%) 34.83
/ (76%) 34.06
0 (52%) 35.16
1 (60%) 32.03
2 (61%) 31.36
3 (62%) 31.08
4 (61%) 29.55
5 (62%) 30.24
6 (62%) 30.48
7 (63%) 29.93
8 (64%) 28.95
9 (63%) 27.97
result accuracy by digit:
0 ( 0%) 100.00
1 ( 0%) 100.00
2 ( 0%) 100.00
3 ( 0%) 100.00
4 ( 0%)  0.00
5 ( 0%) 90.00
6 ( 0%) 100.00
7 ( 0%) 100.00
8 ( 0%) 100.00
9 ( 0%) 90.00
result accuracy by result:
0 (21%) 89.33
1 (10%) 51.12
2 ( 4%) 32.83
3 ( 2%) 48.15
4 ( 2%) 17.29
5 ( 2%) 34.00
6 ( 2%) 44.35
7 ( 2%) 35.40
8 ( 2%) 36.75
9 ( 1%) 37.21
result accuracy by generalization:
1 (22.45%) 65.55
2 (22.96%) 43.91
3 (22.53%)  4.62
4 (15.82%) 42.45
5 (16.24%)  6.28
error cases:
4 [-1] 4 9
4 [-1] 4 9
4 [-1] 4 9
4 [-1] 4 9
4 [-1] 4 9
4 [-1] 4 9
4 [-1] 4 9
4 [-1] 4 9
4 [-1] 4 9
4 [-1] 4 9
val (Perception Acc=0.00, Head Acc=0.00, Result Acc=33.57)
Epoch time: 1m 37s
------------------------------
Epoch 140/199 (max_len=inf, data=11170)
Train acc: 73.85, loss: 0.278 
Epoch time: 1m 23s
------------------------------
Epoch 141/199 (max_len=inf, data=11170)
Train acc: 73.86, loss: 0.281 
Epoch time: 1m 23s
------------------------------
Epoch 142/199 (max_len=inf, data=11170)
Train acc: 74.28, loss: 0.271 
Epoch time: 1m 24s
------------------------------
Epoch 143/199 (max_len=inf, data=11170)
Train acc: 73.94, loss: 0.273 
Epoch time: 1m 23s
------------------------------
Epoch 144/199 (max_len=inf, data=11170)
Train acc: 74.23, loss: 0.272 
result accuracy by length:
1 ( 2%) 88.00
3 ( 2%) 53.00
5 ( 2%) 37.21
7 ( 4%) 34.93
9 ( 4%) 45.23
11 ( 3%) 39.77
13 ( 4%) 37.96
15 ( 4%) 33.66
17 ( 4%) 40.29
19 ( 4%) 40.69
21 ( 4%) 40.40
23 ( 4%) 35.12
25 ( 4%) 31.00
27 ( 4%) 40.89
29 ( 3%) 40.31
31 ( 3%) 33.93
33 ( 2%) 23.57
35 ( 2%) 26.71
37 ( 2%) 26.50
39 ( 3%) 23.68
41 ( 3%) 25.50
43 ( 2%) 19.57
45 ( 2%) 21.43
47 ( 2%) 32.58
49 ( 2%) 24.65
51 ( 2%) 32.58
53 ( 2%) 29.10
55 ( 2%) 15.97
57 ( 2%) 26.57
59 ( 2%) 19.63
61 ( 1%) 29.69
63 ( 0%) 20.00
65 ( 0%) 33.33
67 ( 0%) 66.67
result accuracy by symbol:
( (91%) 32.31
) (91%) 32.31
* (87%) 29.88
+ (84%) 30.25
- (77%) 35.43
/ (76%) 34.81
0 (52%) 36.05
1 (60%) 32.83
2 (61%) 32.03
3 (62%) 31.93
4 (61%) 30.08
5 (62%) 31.45
6 (62%) 30.61
7 (63%) 30.61
8 (64%) 29.33
9 (63%) 28.77
result accuracy by digit:
0 ( 0%) 100.00
1 ( 0%) 100.00
2 ( 0%) 90.00
3 ( 0%) 100.00
4 ( 0%)  0.00
5 ( 0%) 100.00
6 ( 0%) 100.00
7 ( 0%) 100.00
8 ( 0%) 100.00
9 ( 0%) 90.00
result accuracy by result:
0 (21%) 87.14
1 (10%) 62.73
2 ( 4%) 32.32
3 ( 2%) 45.19
4 ( 2%) 15.79
5 ( 2%) 42.00
6 ( 2%) 34.78
7 ( 2%) 44.25
8 ( 2%) 34.19
9 ( 1%) 33.72
result accuracy by generalization:
1 (22.45%) 66.64
2 (22.96%) 43.38
3 (22.53%)  5.25
4 (15.82%) 43.74
5 (16.24%)  6.91
error cases:
4 [-1] 4 9
4 [-1] 4 9
4 [-1] 4 9
4 [-1] 4 9
4 [-1] 4 9
4 [-1] 4 9
4 [-1] 4 9
4 [-1] 4 9
4 [-1] 4 9
4 [-1] 4 9
val (Perception Acc=0.00, Head Acc=0.00, Result Acc=34.14)
Epoch time: 1m 37s
------------------------------
Epoch 145/199 (max_len=inf, data=11170)
Train acc: 74.12, loss: 0.273 
Epoch time: 1m 24s
------------------------------
Epoch 146/199 (max_len=inf, data=11170)
Train acc: 73.90, loss: 0.276 
Epoch time: 1m 24s
------------------------------
Epoch 147/199 (max_len=inf, data=11170)
Train acc: 74.68, loss: 0.262 
Epoch time: 1m 23s
------------------------------
Epoch 148/199 (max_len=inf, data=11170)
Train acc: 74.89, loss: 0.269 
Epoch time: 1m 24s
------------------------------
Epoch 149/199 (max_len=inf, data=11170)
Train acc: 74.02, loss: 0.275 
result accuracy by length:
1 ( 2%) 89.00
3 ( 2%) 50.00
5 ( 2%) 41.86
7 ( 4%) 33.19
9 ( 4%) 46.73
11 ( 3%) 41.48
13 ( 4%) 38.89
15 ( 4%) 35.64
17 ( 4%) 38.35
19 ( 4%) 44.12
21 ( 4%) 42.93
23 ( 4%) 37.07
25 ( 4%) 29.50
27 ( 4%) 38.92
29 ( 3%) 41.36
31 ( 3%) 33.93
33 ( 2%) 24.29
35 ( 2%) 27.40
37 ( 2%) 28.21
39 ( 3%) 21.71
41 ( 3%) 29.53
43 ( 2%) 19.57
45 ( 2%) 24.11
47 ( 2%) 28.03
49 ( 2%) 23.94
51 ( 2%) 31.82
53 ( 2%) 29.85
55 ( 2%) 18.49
57 ( 2%) 21.68
59 ( 2%) 22.43
61 ( 1%) 29.69
63 ( 0%) 25.71
65 ( 0%) 22.22
67 ( 0%) 66.67
result accuracy by symbol:
( (91%) 32.66
) (91%) 32.66
* (87%) 30.46
+ (84%) 30.75
- (77%) 35.67
/ (76%) 35.29
0 (52%) 35.55
1 (60%) 32.86
2 (61%) 32.62
3 (62%) 32.10
4 (61%) 30.75
5 (62%) 31.61
6 (62%) 31.26
7 (63%) 31.13
8 (64%) 30.16
9 (63%) 28.58
result accuracy by digit:
0 ( 0%) 100.00
1 ( 0%) 100.00
2 ( 0%) 100.00
3 ( 0%) 100.00
4 ( 0%) 100.00
5 ( 0%) 90.00
6 ( 0%) 100.00
7 ( 0%) 100.00
8 ( 0%) 100.00
9 ( 0%)  0.00
result accuracy by result:
0 (21%) 90.10
1 (10%) 60.11
2 ( 4%) 36.87
3 ( 2%) 43.70
4 ( 2%) 21.05
5 ( 2%) 37.00
6 ( 2%) 42.61
7 ( 2%) 45.13
8 ( 2%) 33.33
9 ( 1%) 19.77
result accuracy by generalization:
1 (22.45%) 66.09
2 (22.96%) 46.22
3 (22.53%)  4.98
4 (15.82%) 44.26
5 (16.24%)  6.28
error cases:
9 [-1] 9 4
9 [-1] 9 4
9 [-1] 9 4
9 [-1] 9 7
9 [-1] 9 4
9 [-1] 9 4
9 [-1] 9 4
9 [-1] 9 4
9 [-1] 9 4
9 [-1] 9 4
val (Perception Acc=0.00, Head Acc=0.00, Result Acc=34.59)
Epoch time: 1m 37s
------------------------------
Epoch 150/199 (max_len=inf, data=11170)
Train acc: 74.28, loss: 0.271 
Epoch time: 1m 24s
------------------------------
Epoch 151/199 (max_len=inf, data=11170)
Train acc: 74.96, loss: 0.265 
Epoch time: 1m 24s
------------------------------
Epoch 152/199 (max_len=inf, data=11170)
Train acc: 74.72, loss: 0.266 
Epoch time: 1m 23s
------------------------------
Epoch 153/199 (max_len=inf, data=11170)
Train acc: 75.06, loss: 0.259 
Epoch time: 1m 24s
------------------------------
Epoch 154/199 (max_len=inf, data=11170)
Train acc: 74.84, loss: 0.264 
result accuracy by length:
1 ( 2%) 79.00
3 ( 2%) 50.00
5 ( 2%) 42.64
7 ( 4%) 33.19
9 ( 4%) 44.22
11 ( 3%) 38.64
13 ( 4%) 37.04
15 ( 4%) 35.64
17 ( 4%) 38.83
19 ( 4%) 46.57
21 ( 4%) 40.91
23 ( 4%) 36.59
25 ( 4%) 31.00
27 ( 4%) 40.89
29 ( 3%) 38.74
31 ( 3%) 36.31
33 ( 2%) 22.14
35 ( 2%) 25.34
37 ( 2%) 31.62
39 ( 3%) 26.97
41 ( 3%) 25.50
43 ( 2%) 23.91
45 ( 2%) 23.21
47 ( 2%) 24.24
49 ( 2%) 23.94
51 ( 2%) 26.52
53 ( 2%) 29.85
55 ( 2%) 15.13
57 ( 2%) 25.17
59 ( 2%) 26.17
61 ( 1%) 31.25
63 ( 0%) 28.57
65 ( 0%) 33.33
67 ( 0%) 66.67
result accuracy by symbol:
( (91%) 32.60
) (91%) 32.60
* (87%) 30.43
+ (84%) 30.85
- (77%) 35.49
/ (76%) 35.34
0 (52%) 35.98
1 (60%) 33.33
2 (61%) 32.49
3 (62%) 32.10
4 (61%) 30.51
5 (62%) 31.61
6 (62%) 31.04
7 (63%) 31.06
8 (64%) 29.78
9 (63%) 29.21
result accuracy by digit:
0 ( 0%) 100.00
1 ( 0%) 100.00
2 ( 0%) 100.00
3 ( 0%) 100.00
4 ( 0%)  0.00
5 ( 0%) 100.00
6 ( 0%) 100.00
7 ( 0%)  0.00
8 ( 0%) 100.00
9 ( 0%) 90.00
result accuracy by result:
0 (21%) 87.05
1 (10%) 59.36
2 ( 4%) 33.33
3 ( 2%) 45.19
4 ( 2%) 12.78
5 ( 2%) 42.00
6 ( 2%) 46.09
7 ( 2%) 38.05
8 ( 2%) 36.75
9 ( 1%) 36.05
result accuracy by generalization:
1 (22.45%) 67.00
2 (22.96%) 43.20
3 (22.53%)  5.53
4 (15.82%) 43.35
5 (16.24%)  7.54
error cases:
7 [-1] 7 13
7 [-1] 7 13
7 [-1] 7 13
7 [-1] 7 13
7 [-1] 7 13
7 [-1] 7 13
7 [-1] 7 13
7 [-1] 7 13
7 [-1] 7 13
7 [-1] 7 13
val (Perception Acc=0.00, Head Acc=0.00, Result Acc=34.29)
Epoch time: 1m 37s
------------------------------
Epoch 155/199 (max_len=inf, data=11170)
Train acc: 74.54, loss: 0.268 
Epoch time: 1m 24s
------------------------------
Epoch 156/199 (max_len=inf, data=11170)
Train acc: 75.23, loss: 0.262 
Epoch time: 1m 24s
------------------------------
Epoch 157/199 (max_len=inf, data=11170)
Train acc: 73.78, loss: 0.282 
Epoch time: 1m 24s
------------------------------
Epoch 158/199 (max_len=inf, data=11170)
Train acc: 75.30, loss: 0.265 
Epoch time: 1m 24s
------------------------------
Epoch 159/199 (max_len=inf, data=11170)
Train acc: 74.93, loss: 0.268 
result accuracy by length:
1 ( 2%) 89.00
3 ( 2%) 55.00
5 ( 2%) 41.86
7 ( 4%) 31.44
9 ( 4%) 43.72
11 ( 3%) 42.61
13 ( 4%) 37.04
15 ( 4%) 36.63
17 ( 4%) 39.81
19 ( 4%) 44.61
21 ( 4%) 39.90
23 ( 4%) 36.10
25 ( 4%) 29.00
27 ( 4%) 41.87
29 ( 3%) 42.93
31 ( 3%) 33.93
33 ( 2%) 25.71
35 ( 2%) 23.97
37 ( 2%) 27.35
39 ( 3%) 23.03
41 ( 3%) 25.50
43 ( 2%) 21.74
45 ( 2%) 22.32
47 ( 2%) 24.24
49 ( 2%) 20.42
51 ( 2%) 33.33
53 ( 2%) 29.10
55 ( 2%) 20.17
57 ( 2%) 22.38
59 ( 2%) 25.23
61 ( 1%) 31.25
63 ( 0%) 28.57
65 ( 0%) 33.33
67 ( 0%) 33.33
result accuracy by symbol:
( (91%) 32.48
) (91%) 32.48
* (87%) 30.16
+ (84%) 30.70
- (77%) 35.30
/ (76%) 34.91
0 (52%) 35.00
1 (60%) 33.03
2 (61%) 31.96
3 (62%) 32.20
4 (61%) 30.08
5 (62%) 31.22
6 (62%) 30.94
7 (63%) 30.80
8 (64%) 29.81
9 (63%) 28.99
result accuracy by digit:
0 ( 0%) 100.00
1 ( 0%) 100.00
2 ( 0%) 100.00
3 ( 0%) 100.00
4 ( 0%)  0.00
5 ( 0%) 100.00
6 ( 0%) 100.00
7 ( 0%) 100.00
8 ( 0%) 100.00
9 ( 0%) 90.00
result accuracy by result:
0 (21%) 87.14
1 (10%) 60.67
2 ( 4%) 34.34
3 ( 2%) 43.70
4 ( 2%) 23.31
5 ( 2%) 38.00
6 ( 2%) 39.13
7 ( 2%) 45.13
8 ( 2%) 33.33
9 ( 1%) 43.02
result accuracy by generalization:
1 (22.45%) 67.64
2 (22.96%) 44.00
3 (22.53%)  5.25
4 (15.82%) 43.10
5 (16.24%)  6.91
error cases:
4 [-1] 4 9
4 [-1] 4 9
4 [-1] 4 9
4 [-1] 4 9
4 [-1] 4 9
4 [-1] 4 9
4 [-1] 4 9
4 [-1] 4 9
4 [-1] 4 9
4 [-1] 4 9
val (Perception Acc=0.00, Head Acc=0.00, Result Acc=34.41)
Epoch time: 1m 37s
------------------------------
Epoch 160/199 (max_len=inf, data=11170)
Train acc: 75.50, loss: 0.261 
Epoch time: 1m 23s
------------------------------
Epoch 161/199 (max_len=inf, data=11170)
Train acc: 75.11, loss: 0.259 
Epoch time: 1m 24s
------------------------------
Epoch 162/199 (max_len=inf, data=11170)
Train acc: 75.27, loss: 0.260 
Epoch time: 1m 24s
------------------------------
Epoch 163/199 (max_len=inf, data=11170)
Train acc: 75.44, loss: 0.255 
Epoch time: 1m 24s
------------------------------
Epoch 164/199 (max_len=inf, data=11170)
Train acc: 75.91, loss: 0.256 
result accuracy by length:
1 ( 2%) 89.00
3 ( 2%) 53.00
5 ( 2%) 40.31
7 ( 4%) 37.12
9 ( 4%) 46.73
11 ( 3%) 42.05
13 ( 4%) 37.50
15 ( 4%) 32.67
17 ( 4%) 37.38
19 ( 4%) 38.24
21 ( 4%) 38.38
23 ( 4%) 35.12
25 ( 4%) 31.00
27 ( 4%) 39.90
29 ( 3%) 38.22
31 ( 3%) 35.71
33 ( 2%) 23.57
35 ( 2%) 26.03
37 ( 2%) 29.91
39 ( 3%) 23.68
41 ( 3%) 28.19
43 ( 2%) 22.46
45 ( 2%) 23.21
47 ( 2%) 25.00
49 ( 2%) 19.01
51 ( 2%) 28.79
53 ( 2%) 25.37
55 ( 2%) 15.13
57 ( 2%) 26.57
59 ( 2%) 21.50
61 ( 1%) 31.25
63 ( 0%) 25.71
65 ( 0%) 22.22
67 ( 0%) 66.67
result accuracy by symbol:
( (91%) 31.88
) (91%) 31.88
* (87%) 29.64
+ (84%) 29.77
- (77%) 34.83
/ (76%) 34.35
0 (52%) 34.88
1 (60%) 32.26
2 (61%) 31.36
3 (62%) 31.21
4 (61%) 29.72
5 (62%) 30.53
6 (62%) 30.28
7 (63%) 30.03
8 (64%) 28.82
9 (63%) 28.45
result accuracy by digit:
0 ( 0%) 100.00
1 ( 0%) 100.00
2 ( 0%) 100.00
3 ( 0%) 100.00
4 ( 0%)  0.00
5 ( 0%) 100.00
6 ( 0%) 100.00
7 ( 0%) 100.00
8 ( 0%) 100.00
9 ( 0%) 90.00
result accuracy by result:
0 (21%) 86.48
1 (10%) 56.93
2 ( 4%) 39.39
3 ( 2%) 44.44
4 ( 2%) 15.79
5 ( 2%) 45.00
6 ( 2%) 36.52
7 ( 2%) 46.90
8 ( 2%) 33.33
9 ( 1%) 38.37
result accuracy by generalization:
1 (22.45%) 67.00
2 (22.96%) 43.29
3 (22.53%)  4.89
4 (15.82%) 42.06
5 (16.24%)  6.66
error cases:
4 [-1] 4 9
4 [-1] 4 9
4 [-1] 4 9
4 [-1] 4 9
4 [-1] 4 9
4 [-1] 4 9
4 [-1] 4 9
4 [-1] 4 9
4 [-1] 4 9
4 [-1] 4 9
val (Perception Acc=0.00, Head Acc=0.00, Result Acc=33.82)
Epoch time: 1m 37s
------------------------------
Epoch 165/199 (max_len=inf, data=11170)
Train acc: 75.54, loss: 0.257 
Epoch time: 1m 24s
------------------------------
Epoch 166/199 (max_len=inf, data=11170)
Train acc: 75.69, loss: 0.258 
Epoch time: 1m 24s
------------------------------
Epoch 167/199 (max_len=inf, data=11170)
Train acc: 75.67, loss: 0.254 
Epoch time: 1m 24s
------------------------------
Epoch 168/199 (max_len=inf, data=11170)
Train acc: 75.78, loss: 0.252 
Epoch time: 1m 24s
------------------------------
Epoch 169/199 (max_len=inf, data=11170)
Train acc: 76.16, loss: 0.250 
result accuracy by length:
1 ( 2%) 90.00
3 ( 2%) 54.00
5 ( 2%) 42.64
7 ( 4%) 33.19
9 ( 4%) 42.71
11 ( 3%) 38.64
13 ( 4%) 35.65
15 ( 4%) 34.65
17 ( 4%) 36.89
19 ( 4%) 42.65
21 ( 4%) 40.40
23 ( 4%) 36.10
25 ( 4%) 34.50
27 ( 4%) 40.39
29 ( 3%) 39.27
31 ( 3%) 32.74
33 ( 2%) 25.00
35 ( 2%) 28.77
37 ( 2%) 26.50
39 ( 3%) 22.37
41 ( 3%) 26.17
43 ( 2%) 22.46
45 ( 2%) 23.21
47 ( 2%) 28.79
49 ( 2%) 21.13
51 ( 2%) 31.06
53 ( 2%) 25.37
55 ( 2%) 22.69
57 ( 2%) 24.48
59 ( 2%) 22.43
61 ( 1%) 26.56
63 ( 0%) 25.71
65 ( 0%) 33.33
67 ( 0%) 66.67
result accuracy by symbol:
( (91%) 32.17
) (91%) 32.17
* (87%) 29.90
+ (84%) 30.37
- (77%) 35.17
/ (76%) 34.41
0 (52%) 35.78
1 (60%) 32.33
2 (61%) 31.56
3 (62%) 31.11
4 (61%) 30.32
5 (62%) 31.09
6 (62%) 30.77
7 (63%) 30.64
8 (64%) 29.49
9 (63%) 28.93
result accuracy by digit:
0 ( 0%) 100.00
1 ( 0%) 100.00
2 ( 0%) 100.00
3 ( 0%) 100.00
4 ( 0%)  0.00
5 ( 0%) 100.00
6 ( 0%) 100.00
7 ( 0%) 100.00
8 ( 0%) 100.00
9 ( 0%) 100.00
result accuracy by result:
0 (21%) 88.38
1 (10%) 58.99
2 ( 4%) 31.31
3 ( 2%) 37.04
4 ( 2%) 24.06
5 ( 2%) 39.00
6 ( 2%) 36.52
7 ( 2%) 40.71
8 ( 2%) 27.35
9 ( 1%) 37.21
result accuracy by generalization:
1 (22.45%) 66.36
2 (22.96%) 43.91
3 (22.53%)  5.16
4 (15.82%) 43.10
5 (16.24%)  7.04
error cases:
4 [-1] 4 9
4 [-1] 4 9
4 [-1] 4 9
4 [-1] 4 9
4 [-1] 4 9
4 [-1] 4 9
4 [-1] 4 9
4 [-1] 4 9
4 [-1] 4 9
4 [-1] 4 9
val (Perception Acc=0.00, Head Acc=0.00, Result Acc=34.10)
Epoch time: 1m 37s
------------------------------
Epoch 170/199 (max_len=inf, data=11170)
Train acc: 76.04, loss: 0.250 
Epoch time: 1m 24s
------------------------------
Epoch 171/199 (max_len=inf, data=11170)
Train acc: 75.09, loss: 0.260 
Epoch time: 1m 23s
------------------------------
Epoch 172/199 (max_len=inf, data=11170)
Train acc: 75.35, loss: 0.255 
Epoch time: 1m 24s
------------------------------
Epoch 173/199 (max_len=inf, data=11170)
Train acc: 75.94, loss: 0.246 
Epoch time: 1m 23s
------------------------------
Epoch 174/199 (max_len=inf, data=11170)
Train acc: 75.68, loss: 0.255 
result accuracy by length:
1 ( 2%) 90.00
3 ( 2%) 54.00
5 ( 2%) 42.64
7 ( 4%) 33.19
9 ( 4%) 47.74
11 ( 3%) 38.64
13 ( 4%) 38.89
15 ( 4%) 36.14
17 ( 4%) 38.35
19 ( 4%) 41.67
21 ( 4%) 38.89
23 ( 4%) 36.59
25 ( 4%) 35.00
27 ( 4%) 41.38
29 ( 3%) 40.84
31 ( 3%) 33.93
33 ( 2%) 25.00
35 ( 2%) 28.08
37 ( 2%) 29.91
39 ( 3%) 21.71
41 ( 3%) 29.53
43 ( 2%) 20.29
45 ( 2%) 25.00
47 ( 2%) 28.03
49 ( 2%) 21.83
51 ( 2%) 27.27
53 ( 2%) 26.12
55 ( 2%) 17.65
57 ( 2%) 19.58
59 ( 2%) 24.30
61 ( 1%) 31.25
63 ( 0%) 22.86
65 ( 0%) 22.22
67 ( 0%) 66.67
result accuracy by symbol:
( (91%) 32.44
) (91%) 32.44
* (87%) 30.23
+ (84%) 30.63
- (77%) 35.54
/ (76%) 34.78
0 (52%) 35.31
1 (60%) 33.00
2 (61%) 32.46
3 (62%) 31.64
4 (61%) 30.55
5 (62%) 31.05
6 (62%) 30.87
7 (63%) 31.03
8 (64%) 30.03
9 (63%) 29.05
result accuracy by digit:
0 ( 0%) 100.00
1 ( 0%) 100.00
2 ( 0%) 100.00
3 ( 0%) 100.00
4 ( 0%)  0.00
5 ( 0%) 100.00
6 ( 0%) 100.00
7 ( 0%) 100.00
8 ( 0%) 100.00
9 ( 0%) 100.00
result accuracy by result:
0 (21%) 86.76
1 (10%) 60.86
2 ( 4%) 32.32
3 ( 2%) 46.67
4 ( 2%) 10.53
5 ( 2%) 44.00
6 ( 2%) 40.00
7 ( 2%) 48.67
8 ( 2%) 37.61
9 ( 1%) 41.86
result accuracy by generalization:
1 (22.45%) 68.09
2 (22.96%) 43.73
3 (22.53%)  6.34
4 (15.82%) 42.45
5 (16.24%)  6.28
error cases:
4 [-1] 4 9
4 [-1] 4 9
4 [-1] 4 9
4 [-1] 4 9
4 [-1] 4 9
4 [-1] 4 9
4 [-1] 4 9
4 [-1] 4 9
4 [-1] 4 9
4 [-1] 4 9
val (Perception Acc=0.00, Head Acc=0.00, Result Acc=34.49)
Epoch time: 1m 37s
------------------------------
Epoch 175/199 (max_len=inf, data=11170)
Train acc: 75.78, loss: 0.256 
Epoch time: 1m 24s
------------------------------
Epoch 176/199 (max_len=inf, data=11170)
Train acc: 76.13, loss: 0.247 
Epoch time: 1m 24s
------------------------------
Epoch 177/199 (max_len=inf, data=11170)
Train acc: 76.62, loss: 0.245 
Epoch time: 1m 24s
------------------------------
Epoch 178/199 (max_len=inf, data=11170)
Train acc: 76.33, loss: 0.245 
Epoch time: 1m 24s
------------------------------
Epoch 179/199 (max_len=inf, data=11170)
Train acc: 76.57, loss: 0.245 
result accuracy by length:
1 ( 2%) 80.00
3 ( 2%) 51.00
5 ( 2%) 39.53
7 ( 4%) 32.31
9 ( 4%) 44.22
11 ( 3%) 39.20
13 ( 4%) 38.89
15 ( 4%) 33.17
17 ( 4%) 38.83
19 ( 4%) 39.71
21 ( 4%) 39.90
23 ( 4%) 36.10
25 ( 4%) 33.00
27 ( 4%) 43.84
29 ( 3%) 39.79
31 ( 3%) 32.74
33 ( 2%) 24.29
35 ( 2%) 28.08
37 ( 2%) 26.50
39 ( 3%) 23.68
41 ( 3%) 26.17
43 ( 2%) 22.46
45 ( 2%) 25.89
47 ( 2%) 29.55
49 ( 2%) 24.65
51 ( 2%) 31.82
53 ( 2%) 28.36
55 ( 2%) 15.13
57 ( 2%) 23.78
59 ( 2%) 21.50
61 ( 1%) 28.12
63 ( 0%) 28.57
65 ( 0%) 33.33
67 ( 0%) 66.67
result accuracy by symbol:
( (91%) 32.37
) (91%) 32.37
* (87%) 30.11
+ (84%) 30.70
- (77%) 35.43
/ (76%) 35.02
0 (52%) 35.86
1 (60%) 32.86
2 (61%) 32.16
3 (62%) 31.51
4 (61%) 30.88
5 (62%) 30.99
6 (62%) 31.04
7 (63%) 30.67
8 (64%) 29.81
9 (63%) 28.70
result accuracy by digit:
0 ( 0%) 100.00
1 ( 0%) 100.00
2 ( 0%) 100.00
3 ( 0%) 100.00
4 ( 0%)  0.00
5 ( 0%) 100.00
6 ( 0%) 100.00
7 ( 0%) 100.00
8 ( 0%) 100.00
9 ( 0%)  0.00
result accuracy by result:
0 (21%) 87.33
1 (10%) 62.73
2 ( 4%) 32.32
3 ( 2%) 41.48
4 ( 2%) 16.54
5 ( 2%) 40.00
6 ( 2%) 38.26
7 ( 2%) 42.48
8 ( 2%) 30.77
9 ( 1%) 27.91
result accuracy by generalization:
1 (22.45%) 66.55
2 (22.96%) 42.84
3 (22.53%)  5.07
4 (15.82%) 44.13
5 (16.24%)  6.91
error cases:
4 [-1] 4 13
4 [-1] 4 13
4 [-1] 4 13
4 [-1] 4 13
4 [-1] 4 13
4 [-1] 4 13
4 [-1] 4 13
4 [-1] 4 13
4 [-1] 4 13
4 [-1] 4 13
val (Perception Acc=0.00, Head Acc=0.00, Result Acc=34.02)
Epoch time: 1m 37s
------------------------------
Epoch 180/199 (max_len=inf, data=11170)
Train acc: 76.12, loss: 0.253 
Epoch time: 1m 24s
------------------------------
Epoch 181/199 (max_len=inf, data=11170)
Train acc: 75.70, loss: 0.255 
Epoch time: 1m 24s
------------------------------
Epoch 182/199 (max_len=inf, data=11170)
Train acc: 75.52, loss: 0.257 
Epoch time: 1m 24s
------------------------------
Epoch 183/199 (max_len=inf, data=11170)
Train acc: 76.22, loss: 0.250 
Epoch time: 1m 24s
------------------------------
Epoch 184/199 (max_len=inf, data=11170)
Train acc: 75.92, loss: 0.251 
result accuracy by length:
1 ( 2%) 69.00
3 ( 2%) 50.00
5 ( 2%) 40.31
7 ( 4%) 31.88
9 ( 4%) 42.71
11 ( 3%) 40.34
13 ( 4%) 39.81
15 ( 4%) 35.15
17 ( 4%) 36.89
19 ( 4%) 38.24
21 ( 4%) 40.40
23 ( 4%) 35.61
25 ( 4%) 30.00
27 ( 4%) 45.32
29 ( 3%) 40.84
31 ( 3%) 37.50
33 ( 2%) 25.00
35 ( 2%) 24.66
37 ( 2%) 29.06
39 ( 3%) 23.68
41 ( 3%) 28.86
43 ( 2%) 20.29
45 ( 2%) 20.54
47 ( 2%) 28.79
49 ( 2%) 23.24
51 ( 2%) 29.55
53 ( 2%) 29.85
55 ( 2%) 15.97
57 ( 2%) 25.17
59 ( 2%) 23.36
61 ( 1%) 32.81
63 ( 0%) 34.29
65 ( 0%) 33.33
67 ( 0%) 66.67
result accuracy by symbol:
( (91%) 32.48
) (91%) 32.48
* (87%) 30.34
+ (84%) 30.66
- (77%) 35.33
/ (76%) 34.91
0 (52%) 35.82
1 (60%) 32.80
2 (61%) 32.43
3 (62%) 32.03
4 (61%) 30.51
5 (62%) 31.41
6 (62%) 30.87
7 (63%) 30.58
8 (64%) 29.81
9 (63%) 28.74
result accuracy by digit:
0 ( 0%) 100.00
1 ( 0%) 100.00
2 ( 0%) 100.00
3 ( 0%) 100.00
4 ( 0%)  0.00
5 ( 0%) 90.00
6 ( 0%) 100.00
7 ( 0%)  0.00
8 ( 0%) 100.00
9 ( 0%)  0.00
result accuracy by result:
0 (21%) 86.76
1 (10%) 60.67
2 ( 4%) 37.88
3 ( 2%) 42.96
4 ( 2%) 16.54
5 ( 2%) 38.00
6 ( 2%) 37.39
7 ( 2%) 36.28
8 ( 2%) 32.48
9 ( 1%) 27.91
result accuracy by generalization:
1 (22.45%) 64.82
2 (22.96%) 43.73
3 (22.53%)  5.16
4 (15.82%) 43.10
5 (16.24%)  8.04
error cases:
7 [-1] 7 10
7 [-1] 7 13
7 [-1] 7 13
7 [-1] 7 13
7 [-1] 7 13
7 [-1] 7 13
7 [-1] 7 13
7 [-1] 7 13
7 [-1] 7 13
7 [-1] 7 13
val (Perception Acc=0.00, Head Acc=0.00, Result Acc=33.88)
Epoch time: 1m 37s
------------------------------
Epoch 185/199 (max_len=inf, data=11170)
Train acc: 75.68, loss: 0.260 
Epoch time: 1m 24s
------------------------------
Epoch 186/199 (max_len=inf, data=11170)
Train acc: 76.10, loss: 0.256 
Epoch time: 1m 24s
------------------------------
Epoch 187/199 (max_len=inf, data=11170)
Train acc: 76.22, loss: 0.251 
Epoch time: 1m 24s
------------------------------
Epoch 188/199 (max_len=inf, data=11170)
Train acc: 76.37, loss: 0.250 
Epoch time: 1m 24s
------------------------------
Epoch 189/199 (max_len=inf, data=11170)
Train acc: 76.36, loss: 0.246 
result accuracy by length:
1 ( 2%) 83.00
3 ( 2%) 50.00
5 ( 2%) 40.31
7 ( 4%) 34.06
9 ( 4%) 44.72
11 ( 3%) 38.07
13 ( 4%) 35.65
15 ( 4%) 33.17
17 ( 4%) 38.35
19 ( 4%) 39.22
21 ( 4%) 44.44
23 ( 4%) 36.10
25 ( 4%) 32.00
27 ( 4%) 39.90
29 ( 3%) 40.84
31 ( 3%) 34.52
33 ( 2%) 22.86
35 ( 2%) 28.08
37 ( 2%) 28.21
39 ( 3%) 23.03
41 ( 3%) 28.19
43 ( 2%) 19.57
45 ( 2%) 22.32
47 ( 2%) 28.03
49 ( 2%) 23.24
51 ( 2%) 31.06
53 ( 2%) 26.12
55 ( 2%) 20.17
57 ( 2%) 21.68
59 ( 2%) 22.43
61 ( 1%) 25.00
63 ( 0%) 28.57
65 ( 0%) 33.33
67 ( 0%) 66.67
result accuracy by symbol:
( (91%) 32.11
) (91%) 32.11
* (87%) 29.92
+ (84%) 30.10
- (77%) 35.07
/ (76%) 34.33
0 (52%) 34.88
1 (60%) 32.40
2 (61%) 31.83
3 (62%) 31.67
4 (61%) 29.85
5 (62%) 30.96
6 (62%) 30.25
7 (63%) 30.58
8 (64%) 28.95
9 (63%) 28.90
result accuracy by digit:
0 ( 0%) 100.00
1 ( 0%) 100.00
2 ( 0%) 100.00
3 ( 0%) 100.00
4 ( 0%)  0.00
5 ( 0%) 100.00
6 ( 0%) 100.00
7 ( 0%) 100.00
8 ( 0%) 40.00
9 ( 0%) 90.00
result accuracy by result:
0 (21%) 86.29
1 (10%) 62.73
2 ( 4%) 32.32
3 ( 2%) 39.26
4 ( 2%) 21.05
5 ( 2%) 37.00
6 ( 2%) 39.13
7 ( 2%) 40.71
8 ( 2%) 29.06
9 ( 1%) 34.88
result accuracy by generalization:
1 (22.45%) 66.36
2 (22.96%) 43.02
3 (22.53%)  5.16
4 (15.82%) 42.32
5 (16.24%)  7.16
error cases:
4 [-1] 4 9
4 [-1] 4 9
4 [-1] 4 9
4 [-1] 4 9
4 [-1] 4 9
4 [-1] 4 9
4 [-1] 4 9
4 [-1] 4 9
4 [-1] 4 9
4 [-1] 4 9
val (Perception Acc=0.00, Head Acc=0.00, Result Acc=33.80)
Epoch time: 1m 37s
------------------------------
Epoch 190/199 (max_len=inf, data=11170)
Train acc: 76.44, loss: 0.246 
Epoch time: 1m 24s
------------------------------
Epoch 191/199 (max_len=inf, data=11170)
Train acc: 76.65, loss: 0.247 
Epoch time: 1m 24s
------------------------------
Epoch 192/199 (max_len=inf, data=11170)
Train acc: 76.78, loss: 0.250 
Epoch time: 1m 24s
------------------------------
Epoch 193/199 (max_len=inf, data=11170)
Train acc: 76.46, loss: 0.248 
Epoch time: 1m 24s
------------------------------
Epoch 194/199 (max_len=inf, data=11170)
Train acc: 76.53, loss: 0.246 
result accuracy by length:
1 ( 2%) 90.00
3 ( 2%) 52.00
5 ( 2%) 39.53
7 ( 4%) 31.00
9 ( 4%) 44.72
11 ( 3%) 40.34
13 ( 4%) 35.65
15 ( 4%) 35.64
17 ( 4%) 39.32
19 ( 4%) 43.14
21 ( 4%) 41.41
23 ( 4%) 37.07
25 ( 4%) 33.00
27 ( 4%) 40.89
29 ( 3%) 40.31
31 ( 3%) 35.71
33 ( 2%) 26.43
35 ( 2%) 28.77
37 ( 2%) 29.91
39 ( 3%) 23.03
41 ( 3%) 29.53
43 ( 2%) 22.46
45 ( 2%) 24.11
47 ( 2%) 31.06
49 ( 2%) 20.42
51 ( 2%) 32.58
53 ( 2%) 26.87
55 ( 2%) 16.81
57 ( 2%) 24.48
59 ( 2%) 20.56
61 ( 1%) 28.12
63 ( 0%) 31.43
65 ( 0%) 33.33
67 ( 0%) 66.67
result accuracy by symbol:
( (91%) 32.86
) (91%) 32.86
* (87%) 30.53
+ (84%) 31.11
- (77%) 35.88
/ (76%) 35.47
0 (52%) 36.21
1 (60%) 33.03
2 (61%) 32.52
3 (62%) 31.87
4 (61%) 31.11
5 (62%) 31.64
6 (62%) 30.81
7 (63%) 31.45
8 (64%) 30.70
9 (63%) 29.09
result accuracy by digit:
0 ( 0%) 100.00
1 ( 0%) 100.00
2 ( 0%) 100.00
3 ( 0%) 100.00
4 ( 0%) 100.00
5 ( 0%) 100.00
6 ( 0%) 100.00
7 ( 0%) 100.00
8 ( 0%) 100.00
9 ( 0%)  0.00
result accuracy by result:
0 (21%) 87.52
1 (10%) 59.74
2 ( 4%) 42.42
3 ( 2%) 45.93
4 ( 2%) 21.80
5 ( 2%) 43.00
6 ( 2%) 40.00
7 ( 2%) 50.44
8 ( 2%) 35.04
9 ( 1%) 26.74
result accuracy by generalization:
1 (22.45%) 67.36
2 (22.96%) 44.53
3 (22.53%)  5.25
4 (15.82%) 44.65
5 (16.24%)  6.41
error cases:
9 [-1] 9 4
9 [-1] 9 4
9 [-1] 9 4
9 [-1] 9 7
9 [-1] 9 4
9 [-1] 9 4
9 [-1] 9 4
9 [-1] 9 4
9 [-1] 9 4
9 [-1] 9 4
val (Perception Acc=0.00, Head Acc=0.00, Result Acc=34.63)
Epoch time: 1m 37s
------------------------------
Epoch 195/199 (max_len=inf, data=11170)
Train acc: 76.42, loss: 0.246 
Epoch time: 1m 24s
------------------------------
Epoch 196/199 (max_len=inf, data=11170)
Train acc: 76.26, loss: 0.247 
Epoch time: 1m 24s
------------------------------
Epoch 197/199 (max_len=inf, data=11170)
Train acc: 76.59, loss: 0.250 
Epoch time: 1m 24s
------------------------------
Epoch 198/199 (max_len=inf, data=11170)
Train acc: 76.06, loss: 0.249 
Epoch time: 1m 23s
------------------------------
Epoch 199/199 (max_len=inf, data=11170)
Train acc: 77.04, loss: 0.241 
result accuracy by length:
1 ( 2%) 88.00
3 ( 2%) 53.00
5 ( 2%) 38.76
7 ( 4%) 31.88
9 ( 4%) 43.22
11 ( 3%) 38.07
13 ( 4%) 36.11
15 ( 4%) 35.15
17 ( 4%) 39.81
19 ( 4%) 42.16
21 ( 4%) 39.90
23 ( 4%) 38.05
25 ( 4%) 29.00
27 ( 4%) 39.41
29 ( 3%) 38.22
31 ( 3%) 34.52
33 ( 2%) 24.29
35 ( 2%) 26.03
37 ( 2%) 28.21
39 ( 3%) 20.39
41 ( 3%) 25.50
43 ( 2%) 21.01
45 ( 2%) 20.54
47 ( 2%) 25.00
49 ( 2%) 21.83
51 ( 2%) 31.06
53 ( 2%) 25.37
55 ( 2%) 20.17
57 ( 2%) 21.68
59 ( 2%) 21.50
61 ( 1%) 21.88
63 ( 0%) 20.00
65 ( 0%) 22.22
67 ( 0%) 66.67
result accuracy by symbol:
( (91%) 31.37
) (91%) 31.37
* (87%) 28.97
+ (84%) 29.45
- (77%) 34.41
/ (76%) 33.32
0 (52%) 34.65
1 (60%) 31.29
2 (61%) 30.73
3 (62%) 30.16
4 (61%) 29.09
5 (62%) 30.08
6 (62%) 29.27
7 (63%) 30.13
8 (64%) 28.09
9 (63%) 27.94
result accuracy by digit:
0 ( 0%) 100.00
1 ( 0%) 100.00
2 ( 0%) 100.00
3 ( 0%) 100.00
4 ( 0%)  0.00
5 ( 0%) 90.00
6 ( 0%) 100.00
7 ( 0%) 100.00
8 ( 0%) 100.00
9 ( 0%) 90.00
result accuracy by result:
0 (21%) 83.81
1 (10%) 60.11
2 ( 4%) 27.78
3 ( 2%) 49.63
4 ( 2%) 14.29
5 ( 2%) 38.00
6 ( 2%) 41.74
7 ( 2%) 47.79
8 ( 2%) 28.21
9 ( 1%) 47.67
result accuracy by generalization:
1 (22.45%) 66.09
2 (22.96%) 42.76
3 (22.53%)  5.16
4 (15.82%) 40.39
5 (16.24%)  6.28
error cases:
4 [-1] 4 9
4 [-1] 4 9
4 [-1] 4 9
4 [-1] 4 9
4 [-1] 4 9
4 [-1] 4 9
4 [-1] 4 9
4 [-1] 4 9
4 [-1] 4 9
4 [-1] 4 9
val (Perception Acc=0.00, Head Acc=0.00, Result Acc=33.22)
Epoch time: 1m 37s
------------------------------
Evaluate on test set...
result accuracy by length:
1 ( 2%) 88.90
3 ( 2%) 52.91
5 ( 2%) 41.05
7 ( 4%) 38.71
9 ( 4%) 39.88
11 ( 4%) 38.74
13 ( 4%) 41.00
15 ( 4%) 42.19
17 ( 4%) 38.75
19 ( 4%) 40.10
21 ( 4%) 40.07
23 ( 4%) 40.03
25 ( 4%) 38.21
27 ( 4%) 39.21
29 ( 3%) 38.30
31 ( 3%) 34.73
33 ( 2%) 29.28
35 ( 2%) 25.65
37 ( 2%) 24.85
39 ( 2%) 24.69
41 ( 2%) 21.88
43 ( 2%) 24.00
45 ( 2%) 21.98
47 ( 2%) 19.98
49 ( 2%) 23.33
51 ( 2%) 24.68
53 ( 2%) 20.88
55 ( 2%) 20.64
57 ( 2%) 20.33
59 ( 2%) 22.94
61 ( 1%) 21.04
63 ( 0%) 23.10
65 ( 0%) 28.93
67 ( 0%) 41.38
69 ( 0%) 45.45
71 ( 0%) 50.00
result accuracy by symbol:
( (91%) 32.25
) (91%) 32.25
* (87%) 29.88
+ (84%) 30.35
- (78%) 34.54
/ (77%) 34.19
0 (51%) 35.74
1 (60%) 32.00
2 (61%) 31.35
3 (62%) 31.03
4 (62%) 29.58
5 (62%) 30.36
6 (62%) 30.33
7 (63%) 29.93
8 (63%) 29.65
9 (63%) 29.15
result accuracy by digit:
0 ( 0%) 100.00
1 ( 0%) 99.00
2 ( 0%) 96.00
3 ( 0%) 99.00
4 ( 0%)  0.00
5 ( 0%) 97.00
6 ( 0%) 99.00
7 ( 0%) 99.00
8 ( 0%) 100.00
9 ( 0%) 100.00
result accuracy by result:
0 (21%) 84.29
1 (11%) 60.08
2 ( 3%) 29.03
3 ( 3%) 49.20
4 ( 2%) 12.80
5 ( 2%) 39.68
6 ( 2%) 40.21
7 ( 2%) 43.71
8 ( 2%) 37.97
9 ( 2%) 41.03
result accuracy by generalization:
1 (22.84%) 67.24
2 (23.00%) 44.20
3 (22.36%)  7.05
4 (15.84%) 38.30
5 (15.95%)  6.61
error cases:
7 [-1] 7 1
1 [-1] 1 5
6 [-1] 6 8
4 [-1] 4 9
4 [-1] 4 9
4 [-1] 4 9
4 [-1] 4 9
4 [-1] 4 9
4 [-1] 4 9
4 [-1] 4 9
test (Perception Acc=0.00, Head Acc=0.00, Result Acc=34.22)
