train: 11170 val: 4900 test: 48910
Namespace(curriculum=True, dec_layers=3, enc_layers=3, epochs=200, epochs_eval=5, output_dir='outputs/', perception=False, perception_pretrain='data/perception-pretrain/model.pth.tar_78.2_match', resume=None, seed=0, semantics=False, syntax=False)
Seq2Seq(
  (encoder): Encoder(
    (image_encoder): ClusteringModel(
      (backbone): ResNet(
        (conv1): Conv2d(1, 64, kernel_size=(3, 3), stride=(1, 1), padding=(1, 1), bias=False)
        (bn1): BatchNorm2d(64, eps=1e-05, momentum=0.1, affine=True, track_running_stats=True)
        (layer1): Sequential(
          (0): BasicBlock(
            (conv1): Conv2d(64, 64, kernel_size=(3, 3), stride=(1, 1), padding=(1, 1), bias=False)
            (bn1): BatchNorm2d(64, eps=1e-05, momentum=0.1, affine=True, track_running_stats=True)
            (conv2): Conv2d(64, 64, kernel_size=(3, 3), stride=(1, 1), padding=(1, 1), bias=False)
            (bn2): BatchNorm2d(64, eps=1e-05, momentum=0.1, affine=True, track_running_stats=True)
            (shortcut): Sequential()
          )
          (1): BasicBlock(
            (conv1): Conv2d(64, 64, kernel_size=(3, 3), stride=(1, 1), padding=(1, 1), bias=False)
            (bn1): BatchNorm2d(64, eps=1e-05, momentum=0.1, affine=True, track_running_stats=True)
            (conv2): Conv2d(64, 64, kernel_size=(3, 3), stride=(1, 1), padding=(1, 1), bias=False)
            (bn2): BatchNorm2d(64, eps=1e-05, momentum=0.1, affine=True, track_running_stats=True)
            (shortcut): Sequential()
          )
        )
        (layer2): Sequential(
          (0): BasicBlock(
            (conv1): Conv2d(64, 128, kernel_size=(3, 3), stride=(2, 2), padding=(1, 1), bias=False)
            (bn1): BatchNorm2d(128, eps=1e-05, momentum=0.1, affine=True, track_running_stats=True)
            (conv2): Conv2d(128, 128, kernel_size=(3, 3), stride=(1, 1), padding=(1, 1), bias=False)
            (bn2): BatchNorm2d(128, eps=1e-05, momentum=0.1, affine=True, track_running_stats=True)
            (shortcut): Sequential(
              (0): Conv2d(64, 128, kernel_size=(1, 1), stride=(2, 2), bias=False)
              (1): BatchNorm2d(128, eps=1e-05, momentum=0.1, affine=True, track_running_stats=True)
            )
          )
          (1): BasicBlock(
            (conv1): Conv2d(128, 128, kernel_size=(3, 3), stride=(1, 1), padding=(1, 1), bias=False)
            (bn1): BatchNorm2d(128, eps=1e-05, momentum=0.1, affine=True, track_running_stats=True)
            (conv2): Conv2d(128, 128, kernel_size=(3, 3), stride=(1, 1), padding=(1, 1), bias=False)
            (bn2): BatchNorm2d(128, eps=1e-05, momentum=0.1, affine=True, track_running_stats=True)
            (shortcut): Sequential()
          )
        )
        (layer3): Sequential(
          (0): BasicBlock(
            (conv1): Conv2d(128, 256, kernel_size=(3, 3), stride=(2, 2), padding=(1, 1), bias=False)
            (bn1): BatchNorm2d(256, eps=1e-05, momentum=0.1, affine=True, track_running_stats=True)
            (conv2): Conv2d(256, 256, kernel_size=(3, 3), stride=(1, 1), padding=(1, 1), bias=False)
            (bn2): BatchNorm2d(256, eps=1e-05, momentum=0.1, affine=True, track_running_stats=True)
            (shortcut): Sequential(
              (0): Conv2d(128, 256, kernel_size=(1, 1), stride=(2, 2), bias=False)
              (1): BatchNorm2d(256, eps=1e-05, momentum=0.1, affine=True, track_running_stats=True)
            )
          )
          (1): BasicBlock(
            (conv1): Conv2d(256, 256, kernel_size=(3, 3), stride=(1, 1), padding=(1, 1), bias=False)
            (bn1): BatchNorm2d(256, eps=1e-05, momentum=0.1, affine=True, track_running_stats=True)
            (conv2): Conv2d(256, 256, kernel_size=(3, 3), stride=(1, 1), padding=(1, 1), bias=False)
            (bn2): BatchNorm2d(256, eps=1e-05, momentum=0.1, affine=True, track_running_stats=True)
            (shortcut): Sequential()
          )
        )
        (layer4): Sequential(
          (0): BasicBlock(
            (conv1): Conv2d(256, 512, kernel_size=(3, 3), stride=(2, 2), padding=(1, 1), bias=False)
            (bn1): BatchNorm2d(512, eps=1e-05, momentum=0.1, affine=True, track_running_stats=True)
            (conv2): Conv2d(512, 512, kernel_size=(3, 3), stride=(1, 1), padding=(1, 1), bias=False)
            (bn2): BatchNorm2d(512, eps=1e-05, momentum=0.1, affine=True, track_running_stats=True)
            (shortcut): Sequential(
              (0): Conv2d(256, 512, kernel_size=(1, 1), stride=(2, 2), bias=False)
              (1): BatchNorm2d(512, eps=1e-05, momentum=0.1, affine=True, track_running_stats=True)
            )
          )
          (1): BasicBlock(
            (conv1): Conv2d(512, 512, kernel_size=(3, 3), stride=(1, 1), padding=(1, 1), bias=False)
            (bn1): BatchNorm2d(512, eps=1e-05, momentum=0.1, affine=True, track_running_stats=True)
            (conv2): Conv2d(512, 512, kernel_size=(3, 3), stride=(1, 1), padding=(1, 1), bias=False)
            (bn2): BatchNorm2d(512, eps=1e-05, momentum=0.1, affine=True, track_running_stats=True)
            (shortcut): Sequential()
          )
        )
        (avgpool): AdaptiveAvgPool2d(output_size=(1, 1))
      )
      (cluster_head): ModuleList(
        (0): Linear(in_features=512, out_features=16, bias=True)
      )
    )
    (symbol_embeding): Embedding(16, 128)
    (aux_embeding): Embedding(3, 128)
    (rnn): GRU(128, 128, num_layers=3, dropout=0.5, bidirectional=True)
  )
  (decoder): Decoder(
    (embedding): Embedding(13, 128)
    (rnn): GRU(128, 256, num_layers=3, dropout=0.5)
    (fc_out): Linear(in_features=256, out_features=13, bias=True)
    (dropout): Dropout(p=0.5, inplace=False)
  )
)
Curriculum: [(0, 1), (1, 3), (20, 7), (40, 11), (60, 15), (80, inf)]
------------------------------
Epoch 0/199 (max_len=1, data=1000)
Train acc: 0.00, loss: 1.821 
Epoch time: 0m 1s
------------------------------
Epoch 1/199 (max_len=3, data=2170)
Train acc: 20.02, loss: 1.919 
Epoch time: 0m 3s
------------------------------
Epoch 2/199 (max_len=3, data=2170)
Train acc: 49.86, loss: 0.919 
Epoch time: 0m 3s
------------------------------
Epoch 3/199 (max_len=3, data=2170)
Train acc: 55.40, loss: 0.625 
Epoch time: 0m 3s
------------------------------
Epoch 4/199 (max_len=3, data=2170)
Train acc: 57.56, loss: 0.507 
result accuracy by length:
1 ( 2%) 58.00
3 ( 2%) 34.00
5 ( 2%) 16.28
7 ( 4%) 15.72
9 ( 4%) 16.08
11 ( 3%) 17.05
13 ( 4%) 14.81
15 ( 4%) 14.36
17 ( 4%) 15.53
19 ( 4%) 19.12
21 ( 4%) 15.15
23 ( 4%) 12.20
25 ( 4%) 13.00
27 ( 4%) 11.82
29 ( 3%) 13.09
31 ( 3%) 11.90
33 ( 2%) 12.14
35 ( 2%) 13.01
37 ( 2%) 10.26
39 ( 3%) 11.84
41 ( 3%) 11.41
43 ( 2%)  6.52
45 ( 2%)  8.93
47 ( 2%) 12.12
49 ( 2%)  7.75
51 ( 2%) 13.64
53 ( 2%) 14.18
55 ( 2%) 10.92
57 ( 2%)  9.79
59 ( 2%) 13.08
61 ( 1%) 15.62
63 ( 0%)  5.71
65 ( 0%) 22.22
67 ( 0%) 33.33
result accuracy by symbol:
( (91%) 13.24
) (91%) 13.24
* (87%) 11.86
+ (84%) 11.97
- (77%) 14.36
/ (76%) 14.09
0 (52%) 15.59
1 (60%) 13.55
2 (61%) 12.56
3 (62%) 12.92
4 (61%) 11.81
5 (62%) 12.60
6 (62%) 12.51
7 (63%) 11.88
8 (64%) 12.17
9 (63%) 11.62
result accuracy by digit:
0 ( 0%) 90.00
1 ( 0%) 100.00
2 ( 0%) 40.00
3 ( 0%) 80.00
4 ( 0%)  0.00
5 ( 0%) 90.00
6 ( 0%) 90.00
7 ( 0%)  0.00
8 ( 0%) 40.00
9 ( 0%) 50.00
result accuracy by result:
0 (21%) 27.52
1 (10%) 55.62
2 ( 4%)  4.04
3 ( 2%)  7.41
4 ( 2%)  6.02
5 ( 2%) 14.00
6 ( 2%) 11.30
7 ( 2%) 34.51
8 ( 2%)  5.13
9 ( 1%) 31.40
result accuracy by generalization:
1 (22.45%) 26.09
2 (22.96%) 17.96
3 (22.53%)  4.71
4 (15.82%) 13.29
5 (16.24%)  8.92
error cases:
7 [-1] 7 14
7 [-1] 7 14
7 [-1] 7 14
7 [-1] 7 14
7 [-1] 7 14
7 [-1] 7 14
7 [-1] 7 14
7 [-1] 7 14
7 [-1] 7 14
7 [-1] 7 14
val (Perception Acc=0.00, Head Acc=0.00, Result Acc=14.59)
Epoch time: 0m 17s
------------------------------
Epoch 5/199 (max_len=3, data=2170)
Train acc: 59.75, loss: 0.466 
Epoch time: 0m 3s
------------------------------
Epoch 6/199 (max_len=3, data=2170)
Train acc: 61.96, loss: 0.427 
Epoch time: 0m 3s
------------------------------
Epoch 7/199 (max_len=3, data=2170)
Train acc: 63.02, loss: 0.417 
Epoch time: 0m 3s
------------------------------
Epoch 8/199 (max_len=3, data=2170)
Train acc: 64.33, loss: 0.396 
Epoch time: 0m 3s
------------------------------
Epoch 9/199 (max_len=3, data=2170)
Train acc: 64.86, loss: 0.366 
result accuracy by length:
1 ( 2%) 76.00
3 ( 2%) 46.00
5 ( 2%) 16.28
7 ( 4%) 14.41
9 ( 4%) 12.06
11 ( 3%) 14.20
13 ( 4%) 13.43
15 ( 4%) 18.81
17 ( 4%) 16.99
19 ( 4%) 18.63
21 ( 4%) 15.66
23 ( 4%) 11.22
25 ( 4%) 15.00
27 ( 4%) 10.84
29 ( 3%) 14.66
31 ( 3%) 13.10
33 ( 2%) 13.57
35 ( 2%) 10.27
37 ( 2%) 13.68
39 ( 3%) 11.84
41 ( 3%)  9.40
43 ( 2%)  7.97
45 ( 2%) 12.50
47 ( 2%) 14.39
49 ( 2%)  9.15
51 ( 2%) 17.42
53 ( 2%) 17.91
55 ( 2%) 10.08
57 ( 2%) 13.29
59 ( 2%) 17.76
61 ( 1%) 15.62
63 ( 0%)  2.86
65 ( 0%) 11.11
67 ( 0%)  0.00
result accuracy by symbol:
( (91%) 13.75
) (91%) 13.75
* (87%) 12.30
+ (84%) 12.94
- (77%) 15.17
/ (76%) 15.13
0 (52%) 15.98
1 (60%) 14.49
2 (61%) 13.95
3 (62%) 14.33
4 (61%) 12.70
5 (62%) 13.22
6 (62%) 13.10
7 (63%) 13.11
8 (64%) 12.71
9 (63%) 12.55
result accuracy by digit:
0 ( 0%) 100.00
1 ( 0%) 90.00
2 ( 0%) 100.00
3 ( 0%) 100.00
4 ( 0%)  0.00
5 ( 0%) 100.00
6 ( 0%) 100.00
7 ( 0%)  0.00
8 ( 0%) 100.00
9 ( 0%) 70.00
result accuracy by result:
0 (21%) 26.19
1 (10%) 62.17
2 ( 4%)  9.60
3 ( 2%) 11.85
4 ( 2%) 21.05
5 ( 2%) 19.00
6 ( 2%) 14.78
7 ( 2%)  6.19
8 ( 2%) 15.38
9 ( 1%) 38.37
result accuracy by generalization:
1 (22.45%) 28.82
2 (22.96%) 18.40
3 (22.53%)  4.26
4 (15.82%) 15.35
5 (16.24%)  9.92
error cases:
7 [-1] 7 8
7 [-1] 7 8
7 [-1] 7 8
7 [-1] 7 8
7 [-1] 7 8
7 [-1] 7 8
7 [-1] 7 8
7 [-1] 7 8
7 [-1] 7 8
7 [-1] 7 8
val (Perception Acc=0.00, Head Acc=0.00, Result Acc=15.69)
Epoch time: 0m 17s
------------------------------
Epoch 10/199 (max_len=3, data=2170)
Train acc: 65.46, loss: 0.356 
Epoch time: 0m 3s
------------------------------
Epoch 11/199 (max_len=3, data=2170)
Train acc: 66.97, loss: 0.347 
Epoch time: 0m 3s
------------------------------
Epoch 12/199 (max_len=3, data=2170)
Train acc: 66.05, loss: 0.342 
Epoch time: 0m 3s
------------------------------
Epoch 13/199 (max_len=3, data=2170)
Train acc: 67.70, loss: 0.339 
Epoch time: 0m 3s
------------------------------
Epoch 14/199 (max_len=3, data=2170)
Train acc: 71.19, loss: 0.312 
result accuracy by length:
1 ( 2%) 77.00
3 ( 2%) 48.00
5 ( 2%) 18.60
7 ( 4%) 13.97
9 ( 4%) 14.07
11 ( 3%) 13.07
13 ( 4%) 15.74
15 ( 4%) 14.85
17 ( 4%) 12.14
19 ( 4%) 16.18
21 ( 4%) 10.61
23 ( 4%) 10.24
25 ( 4%)  9.00
27 ( 4%)  8.87
29 ( 3%) 15.71
31 ( 3%)  8.93
33 ( 2%) 15.00
35 ( 2%)  6.16
37 ( 2%) 11.97
39 ( 3%) 10.53
41 ( 3%) 10.74
43 ( 2%)  7.25
45 ( 2%) 10.71
47 ( 2%) 12.12
49 ( 2%)  6.34
51 ( 2%) 12.88
53 ( 2%) 17.16
55 ( 2%) 11.76
57 ( 2%)  9.09
59 ( 2%) 12.15
61 ( 1%) 12.50
63 ( 0%)  5.71
65 ( 0%)  0.00
67 ( 0%)  0.00
result accuracy by symbol:
( (91%) 11.86
) (91%) 11.86
* (87%) 10.63
+ (84%) 11.18
- (77%) 12.91
/ (76%) 13.50
0 (52%) 13.52
1 (60%) 12.88
2 (61%) 12.19
3 (62%) 12.00
4 (61%) 10.95
5 (62%) 11.65
6 (62%) 11.53
7 (63%) 11.33
8 (64%) 11.11
9 (63%) 11.33
result accuracy by digit:
0 ( 0%) 100.00
1 ( 0%) 100.00
2 ( 0%) 100.00
3 ( 0%) 90.00
4 ( 0%)  0.00
5 ( 0%) 90.00
6 ( 0%) 100.00
7 ( 0%)  0.00
8 ( 0%) 100.00
9 ( 0%) 90.00
result accuracy by result:
0 (21%) 16.48
1 (10%) 61.80
2 ( 4%) 11.11
3 ( 2%) 20.74
4 ( 2%) 17.29
5 ( 2%) 19.00
6 ( 2%) 22.61
7 ( 2%) 15.93
8 ( 2%) 18.80
9 ( 1%) 31.40
result accuracy by generalization:
1 (22.45%) 25.73
2 (22.96%) 16.71
3 (22.53%)  4.53
4 (15.82%) 12.52
5 (16.24%)  9.05
error cases:
7 [-1] 7 16
7 [-1] 7 8
7 [-1] 7 18
7 [-1] 7 18
7 [-1] 7 18
7 [-1] 7 18
7 [-1] 7 16
7 [-1] 7 16
7 [-1] 7 18
7 [-1] 7 16
val (Perception Acc=0.00, Head Acc=0.00, Result Acc=14.08)
Epoch time: 0m 17s
------------------------------
Epoch 15/199 (max_len=3, data=2170)
Train acc: 74.19, loss: 0.281 
Epoch time: 0m 3s
------------------------------
Epoch 16/199 (max_len=3, data=2170)
Train acc: 75.40, loss: 0.262 
Epoch time: 0m 3s
------------------------------
Epoch 17/199 (max_len=3, data=2170)
Train acc: 75.48, loss: 0.254 
Epoch time: 0m 3s
------------------------------
Epoch 18/199 (max_len=3, data=2170)
Train acc: 77.42, loss: 0.249 
Epoch time: 0m 3s
------------------------------
Epoch 19/199 (max_len=3, data=2170)
Train acc: 79.44, loss: 0.217 
result accuracy by length:
1 ( 2%) 58.00
3 ( 2%) 61.00
5 ( 2%) 18.60
7 ( 4%) 12.66
9 ( 4%) 15.08
11 ( 3%) 13.07
13 ( 4%) 13.43
15 ( 4%) 16.34
17 ( 4%) 13.11
19 ( 4%) 16.18
21 ( 4%) 12.63
23 ( 4%) 12.20
25 ( 4%) 13.00
27 ( 4%) 10.34
29 ( 3%) 13.09
31 ( 3%) 10.71
33 ( 2%) 15.00
35 ( 2%) 10.96
37 ( 2%) 14.53
39 ( 3%)  7.89
41 ( 3%) 10.07
43 ( 2%)  7.25
45 ( 2%) 12.50
47 ( 2%) 12.12
49 ( 2%)  9.86
51 ( 2%) 15.15
53 ( 2%) 15.67
55 ( 2%) 11.76
57 ( 2%) 11.19
59 ( 2%) 16.82
61 ( 1%) 14.06
63 ( 0%)  8.57
65 ( 0%)  0.00
67 ( 0%)  0.00
result accuracy by symbol:
( (91%) 12.75
) (91%) 12.75
* (87%) 11.93
+ (84%) 12.21
- (77%) 14.07
/ (76%) 14.65
0 (52%) 14.73
1 (60%) 13.62
2 (61%) 13.06
3 (62%) 13.54
4 (61%) 11.64
5 (62%) 12.27
6 (62%) 12.22
7 (63%) 12.33
8 (64%) 12.32
9 (63%) 12.61
result accuracy by digit:
0 ( 0%) 100.00
1 ( 0%) 100.00
2 ( 0%) 100.00
3 ( 0%) 90.00
4 ( 0%)  0.00
5 ( 0%)  0.00
6 ( 0%)  0.00
7 ( 0%)  0.00
8 ( 0%) 100.00
9 ( 0%) 90.00
result accuracy by result:
0 (21%) 19.52
1 (10%) 62.17
2 ( 4%)  9.60
3 ( 2%) 21.48
4 ( 2%) 12.03
5 ( 2%)  6.00
6 ( 2%) 16.52
7 ( 2%) 36.28
8 ( 2%) 21.37
9 ( 1%) 27.91
result accuracy by generalization:
1 (22.45%) 26.27
2 (22.96%) 17.87
3 (22.53%)  4.62
4 (15.82%) 13.68
5 (16.24%)  9.55
error cases:
7 [-1] 7 16
7 [-1] 7 16
7 [-1] 7 16
7 [-1] 7 16
7 [-1] 7 16
7 [-1] 7 16
7 [-1] 7 16
7 [-1] 7 16
7 [-1] 7 16
7 [-1] 7 16
val (Perception Acc=0.00, Head Acc=0.00, Result Acc=14.76)
Epoch time: 0m 17s
------------------------------
Epoch 20/199 (max_len=7, data=3387)
Train acc: 58.27, loss: 0.555 
Epoch time: 0m 8s
------------------------------
Epoch 21/199 (max_len=7, data=3387)
Train acc: 64.81, loss: 0.440 
Epoch time: 0m 8s
------------------------------
Epoch 22/199 (max_len=7, data=3387)
Train acc: 69.06, loss: 0.381 
Epoch time: 0m 7s
------------------------------
Epoch 23/199 (max_len=7, data=3387)
Train acc: 70.63, loss: 0.353 
Epoch time: 0m 7s
------------------------------
Epoch 24/199 (max_len=7, data=3387)
Train acc: 72.55, loss: 0.330 
result accuracy by length:
1 ( 2%) 85.00
3 ( 2%) 55.00
5 ( 2%) 35.66
7 ( 4%) 31.88
9 ( 4%) 23.62
11 ( 3%) 22.73
13 ( 4%) 25.00
15 ( 4%) 20.30
17 ( 4%) 17.96
19 ( 4%) 25.00
21 ( 4%) 19.70
23 ( 4%) 22.93
25 ( 4%) 18.00
27 ( 4%) 21.18
29 ( 3%) 20.94
31 ( 3%) 17.86
33 ( 2%) 17.86
35 ( 2%) 17.81
37 ( 2%) 16.24
39 ( 3%) 14.47
41 ( 3%) 17.45
43 ( 2%) 15.94
45 ( 2%) 16.07
47 ( 2%) 21.97
49 ( 2%) 13.38
51 ( 2%) 18.94
53 ( 2%) 20.15
55 ( 2%) 14.29
57 ( 2%) 18.18
59 ( 2%) 16.82
61 ( 1%) 21.88
63 ( 0%) 20.00
65 ( 0%) 11.11
67 ( 0%)  0.00
result accuracy by symbol:
( (91%) 19.96
) (91%) 19.96
* (87%) 18.67
+ (84%) 18.32
- (77%) 22.68
/ (76%) 21.41
0 (52%) 24.22
1 (60%) 20.55
2 (61%) 20.50
3 (62%) 20.30
4 (61%) 18.47
5 (62%) 19.60
6 (62%) 18.56
7 (63%) 19.47
8 (64%) 18.54
9 (63%) 17.62
result accuracy by digit:
0 ( 0%) 100.00
1 ( 0%)  0.00
2 ( 0%) 100.00
3 ( 0%) 90.00
4 ( 0%) 100.00
5 ( 0%) 100.00
6 ( 0%) 100.00
7 ( 0%) 80.00
8 ( 0%) 100.00
9 ( 0%) 80.00
result accuracy by result:
0 (21%) 65.62
1 (10%) 32.02
2 ( 4%) 19.19
3 ( 2%) 20.00
4 ( 2%) 18.80
5 ( 2%) 24.00
6 ( 2%) 26.09
7 ( 2%) 20.35
8 ( 2%) 19.66
9 ( 1%) 23.26
result accuracy by generalization:
1 (22.45%) 39.82
2 (22.96%) 33.16
3 (22.53%)  2.08
4 (15.82%) 30.32
5 (16.24%)  4.52
error cases:
7 [-1] 7 17
7 [-1] 7 17
1 [-1] 1 2
1 [-1] 1 2
1 [-1] 1 2
1 [-1] 1 2
1 [-1] 1 2
1 [-1] 1 2
1 [-1] 1 2
1 [-1] 1 2
val (Perception Acc=0.00, Head Acc=0.00, Result Acc=22.55)
Epoch time: 0m 21s
------------------------------
Epoch 25/199 (max_len=7, data=3387)
Train acc: 74.34, loss: 0.306 
Epoch time: 0m 7s
------------------------------
Epoch 26/199 (max_len=7, data=3387)
Train acc: 76.38, loss: 0.288 
Epoch time: 0m 7s
------------------------------
Epoch 27/199 (max_len=7, data=3387)
Train acc: 77.48, loss: 0.261 
Epoch time: 0m 7s
------------------------------
Epoch 28/199 (max_len=7, data=3387)
Train acc: 79.24, loss: 0.244 
Epoch time: 0m 7s
------------------------------
Epoch 29/199 (max_len=7, data=3387)
Train acc: 80.71, loss: 0.226 
result accuracy by length:
1 ( 2%) 70.00
3 ( 2%) 59.00
5 ( 2%) 40.31
7 ( 4%) 34.93
9 ( 4%) 20.10
11 ( 3%) 21.59
13 ( 4%) 25.00
15 ( 4%) 12.87
17 ( 4%) 14.56
19 ( 4%) 18.63
21 ( 4%) 17.68
23 ( 4%) 19.02
25 ( 4%) 13.00
27 ( 4%) 17.73
29 ( 3%) 15.71
31 ( 3%) 15.48
33 ( 2%) 16.43
35 ( 2%) 16.44
37 ( 2%) 14.53
39 ( 3%) 10.53
41 ( 3%) 18.12
43 ( 2%) 15.94
45 ( 2%) 10.71
47 ( 2%) 13.64
49 ( 2%) 12.68
51 ( 2%) 14.39
53 ( 2%) 16.42
55 ( 2%)  8.40
57 ( 2%) 13.99
59 ( 2%) 14.02
61 ( 1%) 18.75
63 ( 0%) 14.29
65 ( 0%) 22.22
67 ( 0%)  0.00
result accuracy by symbol:
( (91%) 16.81
) (91%) 16.81
* (87%) 15.95
+ (84%) 15.36
- (77%) 19.69
/ (76%) 18.03
0 (52%) 20.70
1 (60%) 17.20
2 (61%) 17.41
3 (62%) 16.98
4 (61%) 15.32
5 (62%) 16.63
6 (62%) 15.06
7 (63%) 16.34
8 (64%) 15.86
9 (63%) 15.04
result accuracy by digit:
0 ( 0%) 100.00
1 ( 0%)  0.00
2 ( 0%) 100.00
3 ( 0%) 100.00
4 ( 0%) 100.00
5 ( 0%) 100.00
6 ( 0%)  0.00
7 ( 0%)  0.00
8 ( 0%) 100.00
9 ( 0%) 100.00
result accuracy by result:
0 (21%) 56.10
1 (10%) 21.16
2 ( 4%) 19.19
3 ( 2%) 28.89
4 ( 2%) 23.31
5 ( 2%) 29.00
6 ( 2%) 16.52
7 ( 2%) 13.27
8 ( 2%) 21.37
9 ( 1%) 29.07
result accuracy by generalization:
1 (22.45%) 35.91
2 (22.96%) 29.69
3 (22.53%)  1.27
4 (15.82%) 24.77
5 (16.24%)  3.27
error cases:
7 [-1] 7 27
7 [-1] 7 27
7 [-1] 7 27
7 [-1] 7 27
7 [-1] 7 27
7 [-1] 7 27
7 [-1] 7 27
7 [-1] 7 27
7 [-1] 7 27
7 [-1] 7 27
val (Perception Acc=0.00, Head Acc=0.00, Result Acc=19.61)
Epoch time: 0m 21s
------------------------------
Epoch 30/199 (max_len=7, data=3387)
Train acc: 81.66, loss: 0.219 
Epoch time: 0m 8s
------------------------------
Epoch 31/199 (max_len=7, data=3387)
Train acc: 82.10, loss: 0.211 
Epoch time: 0m 7s
------------------------------
Epoch 32/199 (max_len=7, data=3387)
Train acc: 84.35, loss: 0.186 
Epoch time: 0m 7s
------------------------------
Epoch 33/199 (max_len=7, data=3387)
Train acc: 85.75, loss: 0.176 
Epoch time: 0m 7s
------------------------------
Epoch 34/199 (max_len=7, data=3387)
Train acc: 86.21, loss: 0.164 
result accuracy by length:
1 ( 2%) 87.00
3 ( 2%) 59.00
5 ( 2%) 46.51
7 ( 4%) 38.86
9 ( 4%) 25.13
11 ( 3%) 24.43
13 ( 4%) 25.93
15 ( 4%) 18.81
17 ( 4%) 14.08
19 ( 4%) 19.61
21 ( 4%) 19.19
23 ( 4%) 17.07
25 ( 4%) 11.50
27 ( 4%) 15.27
29 ( 3%) 18.32
31 ( 3%) 14.29
33 ( 2%) 10.71
35 ( 2%) 14.38
37 ( 2%) 17.09
39 ( 3%)  9.87
41 ( 3%) 15.44
43 ( 2%) 13.77
45 ( 2%) 12.50
47 ( 2%) 15.15
49 ( 2%) 13.38
51 ( 2%) 20.45
53 ( 2%) 19.40
55 ( 2%) 10.92
57 ( 2%) 11.89
59 ( 2%) 14.02
61 ( 1%) 23.44
63 ( 0%) 17.14
65 ( 0%) 22.22
67 ( 0%)  0.00
result accuracy by symbol:
( (91%) 17.55
) (91%) 17.55
* (87%) 16.53
+ (84%) 15.94
- (77%) 19.63
/ (76%) 19.55
0 (52%) 20.47
1 (60%) 18.81
2 (61%) 18.04
3 (62%) 17.28
4 (61%) 16.45
5 (62%) 17.71
6 (62%) 15.81
7 (63%) 16.89
8 (64%) 16.56
9 (63%) 15.52
result accuracy by digit:
0 ( 0%) 90.00
1 ( 0%) 100.00
2 ( 0%) 100.00
3 ( 0%) 100.00
4 ( 0%) 100.00
5 ( 0%) 100.00
6 ( 0%)  0.00
7 ( 0%) 90.00
8 ( 0%) 100.00
9 ( 0%) 90.00
result accuracy by result:
0 (21%) 47.62
1 (10%) 45.69
2 ( 4%) 19.19
3 ( 2%) 34.81
4 ( 2%) 19.55
5 ( 2%) 29.00
6 ( 2%) 23.48
7 ( 2%) 18.58
8 ( 2%) 18.80
9 ( 1%) 24.42
result accuracy by generalization:
1 (22.45%) 40.18
2 (22.96%) 28.62
3 (22.53%)  2.63
4 (15.82%) 22.97
5 (16.24%)  6.66
error cases:
7 [-1] 7 4
0 [-1] 0 2
6 [-1] 6 36
6 [-1] 6 36
6 [-1] 6 36
6 [-1] 6 36
6 [-1] 6 36
6 [-1] 6 36
6 [-1] 6 8
6 [-1] 6 36
val (Perception Acc=0.00, Head Acc=0.00, Result Acc=20.90)
Epoch time: 0m 21s
------------------------------
Epoch 35/199 (max_len=7, data=3387)
Train acc: 86.33, loss: 0.170 
Epoch time: 0m 7s
------------------------------
Epoch 36/199 (max_len=7, data=3387)
Train acc: 86.28, loss: 0.171 
Epoch time: 0m 7s
------------------------------
Epoch 37/199 (max_len=7, data=3387)
Train acc: 87.22, loss: 0.160 
Epoch time: 0m 7s
------------------------------
Epoch 38/199 (max_len=7, data=3387)
Train acc: 88.84, loss: 0.135 
Epoch time: 0m 7s
------------------------------
Epoch 39/199 (max_len=7, data=3387)
Train acc: 88.90, loss: 0.136 
result accuracy by length:
1 ( 2%) 91.00
3 ( 2%) 59.00
5 ( 2%) 49.61
7 ( 4%) 41.48
9 ( 4%) 25.63
11 ( 3%) 25.57
13 ( 4%) 23.15
15 ( 4%) 17.33
17 ( 4%) 16.50
19 ( 4%) 19.61
21 ( 4%) 20.20
23 ( 4%) 19.02
25 ( 4%) 12.00
27 ( 4%) 15.76
29 ( 3%) 17.28
31 ( 3%) 14.29
33 ( 2%) 10.71
35 ( 2%) 16.44
37 ( 2%) 15.38
39 ( 3%) 11.84
41 ( 3%) 17.45
43 ( 2%) 16.67
45 ( 2%) 12.50
47 ( 2%) 13.64
49 ( 2%) 11.27
51 ( 2%) 20.45
53 ( 2%) 19.40
55 ( 2%)  9.24
57 ( 2%) 17.48
59 ( 2%) 14.95
61 ( 1%) 20.31
63 ( 0%) 11.43
65 ( 0%) 22.22
67 ( 0%)  0.00
result accuracy by symbol:
( (91%) 18.06
) (91%) 18.06
* (87%) 17.23
+ (84%) 16.45
- (77%) 20.47
/ (76%) 19.68
0 (52%) 20.86
1 (60%) 19.01
2 (61%) 17.84
3 (62%) 18.03
4 (61%) 16.42
5 (62%) 17.97
6 (62%) 16.24
7 (63%) 17.15
8 (64%) 17.04
9 (63%) 16.32
result accuracy by digit:
0 ( 0%) 100.00
1 ( 0%) 100.00
2 ( 0%) 100.00
3 ( 0%) 100.00
4 ( 0%) 100.00
5 ( 0%) 100.00
6 ( 0%) 10.00
7 ( 0%) 100.00
8 ( 0%) 100.00
9 ( 0%) 100.00
result accuracy by result:
0 (21%) 57.05
1 (10%) 32.77
2 ( 4%) 14.65
3 ( 2%) 24.44
4 ( 2%) 16.54
5 ( 2%) 29.00
6 ( 2%) 28.70
7 ( 2%) 28.32
8 ( 2%) 16.24
9 ( 1%) 24.42
result accuracy by generalization:
1 (22.45%) 41.27
2 (22.96%) 30.04
3 (22.53%)  1.90
4 (15.82%) 26.32
5 (16.24%)  4.40
error cases:
6 [-1] 6 36
6 [-1] 6 36
6 [-1] 6 36
6 [-1] 6 36
6 [-1] 6 36
6 [-1] 6 36
6 [-1] 6 36
6 [-1] 6 36
6 [-1] 6 36
8+3 [1, -1, 1] 11 12
val (Perception Acc=0.00, Head Acc=0.00, Result Acc=21.47)
Epoch time: 0m 21s
------------------------------
Epoch 40/199 (max_len=11, data=4683)
Train acc: 72.19, loss: 0.385 
Epoch time: 0m 14s
------------------------------
Epoch 41/199 (max_len=11, data=4683)
Train acc: 74.40, loss: 0.313 
Epoch time: 0m 14s
------------------------------
Epoch 42/199 (max_len=11, data=4683)
Train acc: 78.05, loss: 0.270 
Epoch time: 0m 14s
------------------------------
Epoch 43/199 (max_len=11, data=4683)
Train acc: 78.67, loss: 0.255 
Epoch time: 0m 14s
------------------------------
Epoch 44/199 (max_len=11, data=4683)
Train acc: 80.43, loss: 0.234 
result accuracy by length:
1 ( 2%) 68.00
3 ( 2%) 54.00
5 ( 2%) 46.51
7 ( 4%) 44.10
9 ( 4%) 36.18
11 ( 3%) 32.95
13 ( 4%) 28.70
15 ( 4%) 22.28
17 ( 4%) 22.33
19 ( 4%) 25.00
21 ( 4%) 23.74
23 ( 4%) 25.37
25 ( 4%) 18.00
27 ( 4%) 28.08
29 ( 3%) 23.56
31 ( 3%) 18.45
33 ( 2%) 13.57
35 ( 2%) 19.18
37 ( 2%) 21.37
39 ( 3%) 19.08
41 ( 3%) 24.16
43 ( 2%) 16.67
45 ( 2%) 16.96
47 ( 2%) 25.76
49 ( 2%) 18.31
51 ( 2%) 24.24
53 ( 2%) 20.15
55 ( 2%) 13.45
57 ( 2%) 18.18
59 ( 2%) 18.69
61 ( 1%) 25.00
63 ( 0%) 17.14
65 ( 0%) 22.22
67 ( 0%) 33.33
result accuracy by symbol:
( (91%) 23.33
) (91%) 23.33
* (87%) 22.25
+ (84%) 21.69
- (77%) 26.51
/ (76%) 24.93
0 (52%) 26.84
1 (60%) 24.60
2 (61%) 23.65
3 (62%) 23.38
4 (61%) 21.82
5 (62%) 22.56
6 (62%) 22.12
7 (63%) 21.99
8 (64%) 21.31
9 (63%) 21.10
result accuracy by digit:
0 ( 0%) 100.00
1 ( 0%) 100.00
2 ( 0%) 90.00
3 ( 0%) 100.00
4 ( 0%)  0.00
5 ( 0%)  0.00
6 ( 0%) 100.00
7 ( 0%)  0.00
8 ( 0%) 100.00
9 ( 0%) 90.00
result accuracy by result:
0 (21%) 78.57
1 (10%) 31.09
2 ( 4%) 23.23
3 ( 2%) 30.37
4 ( 2%)  9.77
5 ( 2%) 16.00
6 ( 2%) 34.78
7 ( 2%) 10.62
8 ( 2%) 26.50
9 ( 1%) 23.26
result accuracy by generalization:
1 (22.45%) 48.18
2 (22.96%) 35.11
3 (22.53%)  2.90
4 (15.82%) 36.39
5 (16.24%)  3.89
error cases:
7 [-1] 7 8
7 [-1] 7 8
7 [-1] 7 8
7 [-1] 7 8
7 [-1] 7 8
7 [-1] 7 8
7 [-1] 7 8
7 [-1] 7 8
7 [-1] 7 8
7 [-1] 7 8
val (Perception Acc=0.00, Head Acc=0.00, Result Acc=25.92)
Epoch time: 0m 27s
------------------------------
Epoch 45/199 (max_len=11, data=4683)
Train acc: 81.11, loss: 0.222 
Epoch time: 0m 14s
------------------------------
Epoch 46/199 (max_len=11, data=4683)
Train acc: 83.34, loss: 0.196 
Epoch time: 0m 14s
------------------------------
Epoch 47/199 (max_len=11, data=4683)
Train acc: 85.14, loss: 0.176 
Epoch time: 0m 14s
------------------------------
Epoch 48/199 (max_len=11, data=4683)
Train acc: 85.16, loss: 0.172 
Epoch time: 0m 14s
------------------------------
Epoch 49/199 (max_len=11, data=4683)
Train acc: 85.01, loss: 0.172 
result accuracy by length:
1 ( 2%) 88.00
3 ( 2%) 63.00
5 ( 2%) 49.61
7 ( 4%) 42.36
9 ( 4%) 41.21
11 ( 3%) 34.09
13 ( 4%) 28.70
15 ( 4%) 21.29
17 ( 4%) 21.36
19 ( 4%) 24.51
21 ( 4%) 24.75
23 ( 4%) 21.46
25 ( 4%) 17.00
27 ( 4%) 27.09
29 ( 3%) 22.51
31 ( 3%) 19.05
33 ( 2%) 14.29
35 ( 2%) 17.12
37 ( 2%) 21.37
39 ( 3%) 15.79
41 ( 3%) 22.82
43 ( 2%) 16.67
45 ( 2%) 16.96
47 ( 2%) 24.24
49 ( 2%) 15.49
51 ( 2%) 19.70
53 ( 2%) 17.16
55 ( 2%) 11.76
57 ( 2%) 14.69
59 ( 2%) 13.08
61 ( 1%) 17.19
63 ( 0%) 11.43
65 ( 0%) 22.22
67 ( 0%)  0.00
result accuracy by symbol:
( (91%) 22.15
) (91%) 22.15
* (87%) 21.30
+ (84%) 20.37
- (77%) 24.96
/ (76%) 23.65
0 (52%) 25.51
1 (60%) 22.93
2 (61%) 22.62
3 (62%) 22.33
4 (61%) 20.17
5 (62%) 21.26
6 (62%) 20.39
7 (63%) 21.18
8 (64%) 20.35
9 (63%) 19.64
result accuracy by digit:
0 ( 0%) 100.00
1 ( 0%) 100.00
2 ( 0%) 90.00
3 ( 0%) 100.00
4 ( 0%)  0.00
5 ( 0%) 100.00
6 ( 0%) 100.00
7 ( 0%) 100.00
8 ( 0%) 100.00
9 ( 0%) 90.00
result accuracy by result:
0 (21%) 70.57
1 (10%) 31.46
2 ( 4%) 24.75
3 ( 2%) 34.81
4 ( 2%) 13.53
5 ( 2%) 26.00
6 ( 2%) 31.30
7 ( 2%) 29.20
8 ( 2%) 29.06
9 ( 1%) 25.58
result accuracy by generalization:
1 (22.45%) 50.27
2 (22.96%) 35.56
3 (22.53%)  2.45
4 (15.82%) 30.45
5 (16.24%)  4.15
error cases:
4 [-1] 4 8
4 [-1] 4 8
4 [-1] 4 8
4 [-1] 4 8
4 [-1] 4 8
4 [-1] 4 8
4 [-1] 4 8
4 [-1] 4 8
4 [-1] 4 8
4 [-1] 4 8
val (Perception Acc=0.00, Head Acc=0.00, Result Acc=25.49)
Epoch time: 0m 27s
------------------------------
Epoch 50/199 (max_len=11, data=4683)
Train acc: 85.52, loss: 0.178 
Epoch time: 0m 14s
------------------------------
Epoch 51/199 (max_len=11, data=4683)
Train acc: 87.51, loss: 0.155 
Epoch time: 0m 14s
------------------------------
Epoch 52/199 (max_len=11, data=4683)
Train acc: 87.76, loss: 0.148 
Epoch time: 0m 14s
------------------------------
Epoch 53/199 (max_len=11, data=4683)
Train acc: 87.65, loss: 0.143 
Epoch time: 0m 14s
------------------------------
Epoch 54/199 (max_len=11, data=4683)
Train acc: 89.47, loss: 0.125 
result accuracy by length:
1 ( 2%) 88.00
3 ( 2%) 67.00
5 ( 2%) 48.06
7 ( 4%) 45.85
9 ( 4%) 44.72
11 ( 3%) 39.20
13 ( 4%) 30.56
15 ( 4%) 25.25
17 ( 4%) 26.70
19 ( 4%) 27.94
21 ( 4%) 24.75
23 ( 4%) 23.90
25 ( 4%) 20.00
27 ( 4%) 25.62
29 ( 3%) 22.51
31 ( 3%) 20.24
33 ( 2%) 15.00
35 ( 2%) 16.44
37 ( 2%) 20.51
39 ( 3%) 19.08
41 ( 3%) 26.17
43 ( 2%) 18.84
45 ( 2%) 16.96
47 ( 2%) 28.79
49 ( 2%) 17.61
51 ( 2%) 25.00
53 ( 2%) 19.40
55 ( 2%) 10.08
57 ( 2%) 19.58
59 ( 2%) 21.50
61 ( 1%) 21.88
63 ( 0%) 17.14
65 ( 0%) 22.22
67 ( 0%)  0.00
result accuracy by symbol:
( (91%) 24.63
) (91%) 24.63
* (87%) 23.27
+ (84%) 23.06
- (77%) 27.14
/ (76%) 26.34
0 (52%) 27.50
1 (60%) 25.47
2 (61%) 24.58
3 (62%) 24.07
4 (61%) 22.59
5 (62%) 23.83
6 (62%) 23.06
7 (63%) 23.12
8 (64%) 22.52
9 (63%) 22.03
result accuracy by digit:
0 ( 0%) 100.00
1 ( 0%) 100.00
2 ( 0%) 100.00
3 ( 0%) 100.00
4 ( 0%)  0.00
5 ( 0%) 100.00
6 ( 0%) 100.00
7 ( 0%) 90.00
8 ( 0%) 100.00
9 ( 0%) 90.00
result accuracy by result:
0 (21%) 73.81
1 (10%) 45.51
2 ( 4%) 25.25
3 ( 2%) 32.59
4 ( 2%) 11.28
5 ( 2%) 29.00
6 ( 2%) 33.91
7 ( 2%) 28.32
8 ( 2%) 35.04
9 ( 1%) 26.74
result accuracy by generalization:
1 (22.45%) 54.36
2 (22.96%) 36.62
3 (22.53%)  3.17
4 (15.82%) 35.23
5 (16.24%)  5.90
error cases:
7 [-1] 7 9
4 [-1] 4 8
4 [-1] 4 8
4 [-1] 4 8
4 [-1] 4 8
4 [-1] 4 8
4 [-1] 4 8
4 [-1] 4 8
4 [-1] 4 8
4 [-1] 4 8
val (Perception Acc=0.00, Head Acc=0.00, Result Acc=27.86)
Epoch time: 0m 27s
------------------------------
Epoch 55/199 (max_len=11, data=4683)
Train acc: 89.96, loss: 0.119 
Epoch time: 0m 14s
------------------------------
Epoch 56/199 (max_len=11, data=4683)
Train acc: 90.92, loss: 0.109 
Epoch time: 0m 14s
------------------------------
Epoch 57/199 (max_len=11, data=4683)
Train acc: 90.92, loss: 0.108 
Epoch time: 0m 14s
------------------------------
Epoch 58/199 (max_len=11, data=4683)
Train acc: 91.30, loss: 0.112 
Epoch time: 0m 14s
------------------------------
Epoch 59/199 (max_len=11, data=4683)
Train acc: 91.87, loss: 0.095 
result accuracy by length:
1 ( 2%) 90.00
3 ( 2%) 58.00
5 ( 2%) 48.84
7 ( 4%) 42.79
9 ( 4%) 49.75
11 ( 3%) 41.48
13 ( 4%) 29.63
15 ( 4%) 25.74
17 ( 4%) 24.27
19 ( 4%) 26.47
21 ( 4%) 26.26
23 ( 4%) 22.44
25 ( 4%) 18.00
27 ( 4%) 25.12
29 ( 3%) 21.99
31 ( 3%) 19.05
33 ( 2%) 13.57
35 ( 2%) 19.18
37 ( 2%) 19.66
39 ( 3%) 19.08
41 ( 3%) 27.52
43 ( 2%) 20.29
45 ( 2%) 16.96
47 ( 2%) 28.03
49 ( 2%) 19.01
51 ( 2%) 23.48
53 ( 2%) 20.15
55 ( 2%) 13.45
57 ( 2%) 18.18
59 ( 2%) 17.76
61 ( 1%) 23.44
63 ( 0%) 28.57
65 ( 0%) 22.22
67 ( 0%)  0.00
result accuracy by symbol:
( (91%) 24.67
) (91%) 24.67
* (87%) 23.34
+ (84%) 22.84
- (77%) 27.56
/ (76%) 25.99
0 (52%) 27.66
1 (60%) 25.30
2 (61%) 25.02
3 (62%) 23.77
4 (61%) 22.62
5 (62%) 23.86
6 (62%) 23.06
7 (63%) 23.15
8 (64%) 22.64
9 (63%) 22.03
result accuracy by digit:
0 ( 0%) 100.00
1 ( 0%) 100.00
2 ( 0%) 100.00
3 ( 0%) 100.00
4 ( 0%)  0.00
5 ( 0%) 100.00
6 ( 0%) 100.00
7 ( 0%) 100.00
8 ( 0%) 100.00
9 ( 0%) 100.00
result accuracy by result:
0 (21%) 76.38
1 (10%) 37.45
2 ( 4%) 26.26
3 ( 2%) 34.81
4 ( 2%)  9.77
5 ( 2%) 29.00
6 ( 2%) 28.70
7 ( 2%) 32.74
8 ( 2%) 35.04
9 ( 1%) 26.74
result accuracy by generalization:
1 (22.45%) 53.18
2 (22.96%) 36.98
3 (22.53%)  2.63
4 (15.82%) 36.26
5 (16.24%)  5.78
error cases:
4 [-1] 4 8
4 [-1] 4 8
4 [-1] 4 8
4 [-1] 4 8
4 [-1] 4 8
4 [-1] 4 8
4 [-1] 4 8
4 [-1] 4 8
4 [-1] 4 8
4 [-1] 4 8
val (Perception Acc=0.00, Head Acc=0.00, Result Acc=27.69)
Epoch time: 0m 27s
------------------------------
Epoch 60/199 (max_len=15, data=6058)
Train acc: 77.52, loss: 0.329 
Epoch time: 0m 23s
------------------------------
Epoch 61/199 (max_len=15, data=6058)
Train acc: 79.13, loss: 0.270 
Epoch time: 0m 23s
------------------------------
Epoch 62/199 (max_len=15, data=6058)
Train acc: 81.52, loss: 0.241 
Epoch time: 0m 23s
------------------------------
Epoch 63/199 (max_len=15, data=6058)
Train acc: 82.52, loss: 0.220 
Epoch time: 0m 23s
------------------------------
Epoch 64/199 (max_len=15, data=6058)
Train acc: 83.39, loss: 0.200 
result accuracy by length:
1 ( 2%) 74.00
3 ( 2%) 57.00
5 ( 2%) 48.84
7 ( 4%) 41.92
9 ( 4%) 49.25
11 ( 3%) 42.05
13 ( 4%) 38.43
15 ( 4%) 37.13
17 ( 4%) 26.21
19 ( 4%) 28.92
21 ( 4%) 29.80
23 ( 4%) 27.32
25 ( 4%) 19.50
27 ( 4%) 25.62
29 ( 3%) 24.08
31 ( 3%) 22.62
33 ( 2%) 12.14
35 ( 2%) 19.86
37 ( 2%) 21.37
39 ( 3%) 18.42
41 ( 3%) 24.83
43 ( 2%) 18.84
45 ( 2%) 16.96
47 ( 2%) 25.76
49 ( 2%) 16.20
51 ( 2%) 24.24
53 ( 2%) 21.64
55 ( 2%) 15.13
57 ( 2%) 17.48
59 ( 2%) 20.56
61 ( 1%) 25.00
63 ( 0%) 25.71
65 ( 0%) 22.22
67 ( 0%) 33.33
result accuracy by symbol:
( (91%) 26.23
) (91%) 26.23
* (87%) 24.39
+ (84%) 24.38
- (77%) 28.69
/ (76%) 27.78
0 (52%) 28.83
1 (60%) 26.77
2 (61%) 25.58
3 (62%) 25.38
4 (61%) 24.15
5 (62%) 25.13
6 (62%) 24.27
7 (63%) 24.31
8 (64%) 23.63
9 (63%) 22.35
result accuracy by digit:
0 ( 0%) 100.00
1 ( 0%) 100.00
2 ( 0%) 100.00
3 ( 0%) 100.00
4 ( 0%)  0.00
5 ( 0%) 100.00
6 ( 0%) 100.00
7 ( 0%) 100.00
8 ( 0%) 40.00
9 ( 0%)  0.00
result accuracy by result:
0 (21%) 77.71
1 (10%) 44.94
2 ( 4%) 22.22
3 ( 2%) 41.48
4 ( 2%) 16.54
5 ( 2%) 34.00
6 ( 2%) 34.78
7 ( 2%) 37.17
8 ( 2%) 20.51
9 ( 1%) 15.12
result accuracy by generalization:
1 (22.45%) 56.09
2 (22.96%) 39.82
3 (22.53%)  2.63
4 (15.82%) 35.48
5 (16.24%)  5.78
error cases:
4 [-1] 4 8
4 [-1] 4 8
4 [-1] 4 8
4 [-1] 4 8
4 [-1] 4 8
4 [-1] 4 8
4 [-1] 4 8
4 [-1] 4 8
4 [-1] 4 8
4 [-1] 4 8
val (Perception Acc=0.00, Head Acc=0.00, Result Acc=28.88)
Epoch time: 0m 37s
------------------------------
Epoch 65/199 (max_len=15, data=6058)
Train acc: 84.21, loss: 0.187 
Epoch time: 0m 23s
------------------------------
Epoch 66/199 (max_len=15, data=6058)
Train acc: 84.84, loss: 0.179 
Epoch time: 0m 23s
------------------------------
Epoch 67/199 (max_len=15, data=6058)
Train acc: 85.39, loss: 0.169 
Epoch time: 0m 23s
------------------------------
Epoch 68/199 (max_len=15, data=6058)
Train acc: 85.95, loss: 0.163 
Epoch time: 0m 23s
------------------------------
Epoch 69/199 (max_len=15, data=6058)
Train acc: 85.47, loss: 0.189 
result accuracy by length:
1 ( 2%) 60.00
3 ( 2%) 54.00
5 ( 2%) 40.31
7 ( 4%) 38.43
9 ( 4%) 38.69
11 ( 3%) 39.77
13 ( 4%) 34.72
15 ( 4%) 30.69
17 ( 4%) 22.82
19 ( 4%) 25.98
21 ( 4%) 29.29
23 ( 4%) 23.41
25 ( 4%) 18.00
27 ( 4%) 23.65
29 ( 3%) 25.13
31 ( 3%) 21.43
33 ( 2%) 15.71
35 ( 2%) 18.49
37 ( 2%) 18.80
39 ( 3%) 15.79
41 ( 3%) 19.46
43 ( 2%) 18.84
45 ( 2%) 16.96
47 ( 2%) 25.00
49 ( 2%) 18.31
51 ( 2%) 21.21
53 ( 2%) 16.42
55 ( 2%) 11.76
57 ( 2%) 16.78
59 ( 2%) 16.82
61 ( 1%) 23.44
63 ( 0%) 20.00
65 ( 0%) 22.22
67 ( 0%) 33.33
result accuracy by symbol:
( (91%) 23.89
) (91%) 23.89
* (87%) 22.46
+ (84%) 21.95
- (77%) 26.98
/ (76%) 24.23
0 (52%) 26.84
1 (60%) 24.06
2 (61%) 23.65
3 (62%) 22.75
4 (61%) 22.09
5 (62%) 22.59
6 (62%) 22.02
7 (63%) 22.09
8 (64%) 21.37
9 (63%) 21.04
result accuracy by digit:
0 ( 0%) 100.00
1 ( 0%) 100.00
2 ( 0%) 80.00
3 ( 0%) 100.00
4 ( 0%)  0.00
5 ( 0%) 80.00
6 ( 0%) 100.00
7 ( 0%)  0.00
8 ( 0%) 40.00
9 ( 0%)  0.00
result accuracy by result:
0 (21%) 78.29
1 (10%) 28.84
2 ( 4%) 24.24
3 ( 2%) 29.63
4 ( 2%) 11.28
5 ( 2%) 25.00
6 ( 2%) 24.35
7 ( 2%) 17.70
8 ( 2%) 12.82
9 ( 1%) 16.28
result accuracy by generalization:
1 (22.45%) 49.55
2 (22.96%) 37.16
3 (22.53%)  1.81
4 (15.82%) 34.19
5 (16.24%)  2.89
error cases:
7 [-1] 7 8
7 [-1] 7 8
7 [-1] 7 8
7 [-1] 7 8
7 [-1] 7 8
7 [-1] 7 8
7 [-1] 7 8
7 [-1] 7 8
7 [-1] 7 8
7 [-1] 7 8
val (Perception Acc=0.00, Head Acc=0.00, Result Acc=25.94)
Epoch time: 0m 37s
------------------------------
Epoch 70/199 (max_len=15, data=6058)
Train acc: 85.20, loss: 0.180 
Epoch time: 0m 23s
------------------------------
Epoch 71/199 (max_len=15, data=6058)
Train acc: 86.67, loss: 0.160 
Epoch time: 0m 23s
------------------------------
Epoch 72/199 (max_len=15, data=6058)
Train acc: 87.70, loss: 0.139 
Epoch time: 0m 23s
------------------------------
Epoch 73/199 (max_len=15, data=6058)
Train acc: 88.46, loss: 0.134 
Epoch time: 0m 23s
------------------------------
Epoch 74/199 (max_len=15, data=6058)
Train acc: 88.61, loss: 0.124 
result accuracy by length:
1 ( 2%) 68.00
3 ( 2%) 62.00
5 ( 2%) 48.84
7 ( 4%) 41.92
9 ( 4%) 49.25
11 ( 3%) 44.32
13 ( 4%) 42.59
15 ( 4%) 37.62
17 ( 4%) 26.70
19 ( 4%) 27.94
21 ( 4%) 29.80
23 ( 4%) 23.41
25 ( 4%) 16.00
27 ( 4%) 25.12
29 ( 3%) 20.94
31 ( 3%) 20.83
33 ( 2%) 15.71
35 ( 2%) 18.49
37 ( 2%) 23.93
39 ( 3%) 17.11
41 ( 3%) 20.81
43 ( 2%) 15.94
45 ( 2%) 16.07
47 ( 2%) 23.48
49 ( 2%) 14.79
51 ( 2%) 22.73
53 ( 2%) 16.42
55 ( 2%) 14.29
57 ( 2%) 16.78
59 ( 2%) 17.76
61 ( 1%) 20.31
63 ( 0%) 17.14
65 ( 0%) 22.22
67 ( 0%) 66.67
result accuracy by symbol:
( (91%) 25.30
) (91%) 25.30
* (87%) 23.67
+ (84%) 23.37
- (77%) 27.77
/ (76%) 26.23
0 (52%) 27.27
1 (60%) 25.50
2 (61%) 24.09
3 (62%) 24.23
4 (61%) 22.65
5 (62%) 23.99
6 (62%) 23.13
7 (63%) 22.96
8 (64%) 22.36
9 (63%) 21.97
result accuracy by digit:
0 ( 0%) 90.00
1 ( 0%) 100.00
2 ( 0%) 100.00
3 ( 0%) 100.00
4 ( 0%)  0.00
5 ( 0%) 100.00
6 ( 0%) 90.00
7 ( 0%)  0.00
8 ( 0%) 100.00
9 ( 0%)  0.00
result accuracy by result:
0 (21%) 75.05
1 (10%) 43.45
2 ( 4%) 21.72
3 ( 2%) 36.30
4 ( 2%) 10.53
5 ( 2%) 35.00
6 ( 2%) 25.22
7 ( 2%) 25.66
8 ( 2%) 27.35
9 ( 1%) 23.26
result accuracy by generalization:
1 (22.45%) 56.73
2 (22.96%) 38.13
3 (22.53%)  3.08
4 (15.82%) 32.65
5 (16.24%)  3.89
error cases:
7 [-1] 7 8
7 [-1] 7 8
7 [-1] 7 8
7 [-1] 7 8
7 [-1] 7 8
7 [-1] 7 8
7 [-1] 7 8
7 [-1] 7 8
7 [-1] 7 8
7 [-1] 7 8
val (Perception Acc=0.00, Head Acc=0.00, Result Acc=27.98)
Epoch time: 0m 36s
------------------------------
Epoch 75/199 (max_len=15, data=6058)
Train acc: 90.20, loss: 0.112 
Epoch time: 0m 23s
------------------------------
Epoch 76/199 (max_len=15, data=6058)
Train acc: 90.03, loss: 0.124 
Epoch time: 0m 23s
------------------------------
Epoch 77/199 (max_len=15, data=6058)
Train acc: 90.94, loss: 0.102 
Epoch time: 0m 23s
------------------------------
Epoch 78/199 (max_len=15, data=6058)
Train acc: 91.22, loss: 0.102 
Epoch time: 0m 23s
------------------------------
Epoch 79/199 (max_len=15, data=6058)
Train acc: 91.31, loss: 0.099 
result accuracy by length:
1 ( 2%) 81.00
3 ( 2%) 61.00
5 ( 2%) 51.16
7 ( 4%) 41.92
9 ( 4%) 47.74
11 ( 3%) 44.89
13 ( 4%) 43.98
15 ( 4%) 40.59
17 ( 4%) 28.64
19 ( 4%) 29.90
21 ( 4%) 30.30
23 ( 4%) 24.88
25 ( 4%) 17.50
27 ( 4%) 26.60
29 ( 3%) 25.65
31 ( 3%) 21.43
33 ( 2%) 15.71
35 ( 2%) 21.92
37 ( 2%) 20.51
39 ( 3%) 20.39
41 ( 3%) 22.15
43 ( 2%) 21.01
45 ( 2%) 16.07
47 ( 2%) 26.52
49 ( 2%) 18.31
51 ( 2%) 21.21
53 ( 2%) 19.40
55 ( 2%) 15.97
57 ( 2%) 20.98
59 ( 2%) 19.63
61 ( 1%) 21.88
63 ( 0%) 11.43
65 ( 0%) 22.22
67 ( 0%) 33.33
result accuracy by symbol:
( (91%) 26.84
) (91%) 26.84
* (87%) 25.09
+ (84%) 24.96
- (77%) 29.42
/ (76%) 27.94
0 (52%) 29.34
1 (60%) 27.01
2 (61%) 25.91
3 (62%) 25.87
4 (61%) 24.78
5 (62%) 25.68
6 (62%) 25.19
7 (63%) 24.90
8 (64%) 23.89
9 (63%) 23.72
result accuracy by digit:
0 ( 0%) 100.00
1 ( 0%) 100.00
2 ( 0%) 40.00
3 ( 0%) 100.00
4 ( 0%) 100.00
5 ( 0%) 100.00
6 ( 0%) 100.00
7 ( 0%) 70.00
8 ( 0%) 100.00
9 ( 0%)  0.00
result accuracy by result:
0 (21%) 79.05
1 (10%) 43.63
2 ( 4%) 20.20
3 ( 2%) 38.52
4 ( 2%) 19.55
5 ( 2%) 35.00
6 ( 2%) 30.43
7 ( 2%) 33.63
8 ( 2%) 27.35
9 ( 1%) 24.42
result accuracy by generalization:
1 (22.45%) 59.91
2 (22.96%) 39.47
3 (22.53%)  3.17
4 (15.82%) 35.74
5 (16.24%)  5.03
error cases:
7 [-1] 7 27
7 [-1] 7 27
7 [-1] 7 27
9 [-1] 9 17
9 [-1] 9 18
9 [-1] 9 18
9 [-1] 9 7
9 [-1] 9 18
9 [-1] 9 18
9 [-1] 9 18
val (Perception Acc=0.00, Head Acc=0.00, Result Acc=29.69)
Epoch time: 0m 36s
------------------------------
Epoch 80/199 (max_len=inf, data=11170)
Train acc: 64.17, loss: 0.525 
Epoch time: 1m 22s
------------------------------
Epoch 81/199 (max_len=inf, data=11170)
Train acc: 66.32, loss: 0.454 
Epoch time: 1m 22s
------------------------------
Epoch 82/199 (max_len=inf, data=11170)
Train acc: 68.34, loss: 0.419 
Epoch time: 1m 21s
------------------------------
Epoch 83/199 (max_len=inf, data=11170)
Train acc: 68.45, loss: 0.411 
Epoch time: 1m 22s
------------------------------
Epoch 84/199 (max_len=inf, data=11170)
Train acc: 70.25, loss: 0.386 
result accuracy by length:
1 ( 2%) 64.00
3 ( 2%) 62.00
5 ( 2%) 42.64
7 ( 4%) 38.43
9 ( 4%) 42.21
11 ( 3%) 40.34
13 ( 4%) 41.20
15 ( 4%) 40.59
17 ( 4%) 33.50
19 ( 4%) 35.29
21 ( 4%) 36.36
23 ( 4%) 34.15
25 ( 4%) 26.50
27 ( 4%) 35.47
29 ( 3%) 33.51
31 ( 3%) 33.33
33 ( 2%) 18.57
35 ( 2%) 23.97
37 ( 2%) 25.64
39 ( 3%) 25.66
41 ( 3%) 26.85
43 ( 2%) 22.46
45 ( 2%) 18.75
47 ( 2%) 28.79
49 ( 2%) 23.94
51 ( 2%) 29.55
53 ( 2%) 26.12
55 ( 2%) 18.49
57 ( 2%) 23.08
59 ( 2%) 17.76
61 ( 1%) 25.00
63 ( 0%) 28.57
65 ( 0%) 33.33
67 ( 0%) 33.33
result accuracy by symbol:
( (91%) 30.70
) (91%) 30.70
* (87%) 28.41
+ (84%) 28.76
- (77%) 33.86
/ (76%) 32.60
0 (52%) 33.98
1 (60%) 30.76
2 (61%) 30.33
3 (62%) 30.07
4 (61%) 28.99
5 (62%) 29.30
6 (62%) 28.94
7 (63%) 29.09
8 (64%) 28.06
9 (63%) 27.65
result accuracy by digit:
0 ( 0%) 100.00
1 ( 0%)  0.00
2 ( 0%) 10.00
3 ( 0%) 100.00
4 ( 0%) 100.00
5 ( 0%) 90.00
6 ( 0%) 100.00
7 ( 0%) 100.00
8 ( 0%) 40.00
9 ( 0%)  0.00
result accuracy by result:
0 (21%) 93.33
1 (10%) 41.95
2 ( 4%) 21.72
3 ( 2%) 41.48
4 ( 2%) 25.56
5 ( 2%) 34.00
6 ( 2%) 29.57
7 ( 2%) 34.51
8 ( 2%) 22.22
9 ( 1%) 34.88
result accuracy by generalization:
1 (22.45%) 62.36
2 (22.96%) 42.76
3 (22.53%)  4.26
4 (15.82%) 45.16
5 (16.24%)  3.89
error cases:
1 [-1] 1 2
1 [-1] 1 2
1 [-1] 1 2
1 [-1] 1 2
1 [-1] 1 2
1 [-1] 1 2
1 [-1] 1 2
1 [-1] 1 2
1 [-1] 1 2
1 [-1] 1 2
val (Perception Acc=0.00, Head Acc=0.00, Result Acc=32.55)
Epoch time: 1m 35s
------------------------------
Epoch 85/199 (max_len=inf, data=11170)
Train acc: 71.05, loss: 0.370 
Epoch time: 1m 22s
------------------------------
Epoch 86/199 (max_len=inf, data=11170)
Train acc: 70.82, loss: 0.379 
Epoch time: 1m 22s
------------------------------
Epoch 87/199 (max_len=inf, data=11170)
Train acc: 71.65, loss: 0.356 
Epoch time: 1m 22s
------------------------------
Epoch 88/199 (max_len=inf, data=11170)
Train acc: 72.67, loss: 0.343 
Epoch time: 1m 22s
------------------------------
Epoch 89/199 (max_len=inf, data=11170)
Train acc: 73.87, loss: 0.329 
result accuracy by length:
1 ( 2%) 75.00
3 ( 2%) 62.00
5 ( 2%) 44.96
7 ( 4%) 41.92
9 ( 4%) 44.22
11 ( 3%) 44.89
13 ( 4%) 44.44
15 ( 4%) 40.10
17 ( 4%) 32.04
19 ( 4%) 38.73
21 ( 4%) 38.89
23 ( 4%) 34.63
25 ( 4%) 28.50
27 ( 4%) 38.42
29 ( 3%) 33.51
31 ( 3%) 32.74
33 ( 2%) 22.14
35 ( 2%) 23.97
37 ( 2%) 26.50
39 ( 3%) 25.66
41 ( 3%) 30.87
43 ( 2%) 22.46
45 ( 2%) 23.21
47 ( 2%) 30.30
49 ( 2%) 25.35
51 ( 2%) 31.06
53 ( 2%) 25.37
55 ( 2%) 19.33
57 ( 2%) 26.57
59 ( 2%) 23.36
61 ( 1%) 28.12
63 ( 0%) 28.57
65 ( 0%) 33.33
67 ( 0%) 33.33
result accuracy by symbol:
( (91%) 32.40
) (91%) 32.40
* (87%) 30.34
+ (84%) 30.49
- (77%) 35.59
/ (76%) 34.33
0 (52%) 35.08
1 (60%) 32.70
2 (61%) 31.76
3 (62%) 31.84
4 (61%) 30.55
5 (62%) 31.71
6 (62%) 30.84
7 (63%) 30.58
8 (64%) 29.75
9 (63%) 29.05
result accuracy by digit:
0 ( 0%) 100.00
1 ( 0%) 100.00
2 ( 0%) 100.00
3 ( 0%) 100.00
4 ( 0%) 100.00
5 ( 0%) 100.00
6 ( 0%) 100.00
7 ( 0%) 10.00
8 ( 0%) 40.00
9 ( 0%)  0.00
result accuracy by result:
0 (21%) 91.33
1 (10%) 55.24
2 ( 4%) 27.78
3 ( 2%) 46.67
4 ( 2%) 25.56
5 ( 2%) 46.00
6 ( 2%) 39.13
7 ( 2%) 34.51
8 ( 2%) 27.35
9 ( 1%) 34.88
result accuracy by generalization:
1 (22.45%) 65.73
2 (22.96%) 44.44
3 (22.53%)  5.07
4 (15.82%) 46.71
5 (16.24%)  6.16
error cases:
7 [-1] 7 8
7 [-1] 7 8
7 [-1] 7 8
7 [-1] 7 8
7 [-1] 7 8
7 [-1] 7 8
7 [-1] 7 8
7 [-1] 7 8
7 [-1] 7 8
9 [-1] 9 18
val (Perception Acc=0.00, Head Acc=0.00, Result Acc=34.49)
Epoch time: 1m 35s
------------------------------
Epoch 90/199 (max_len=inf, data=11170)
Train acc: 73.61, loss: 0.323 
Epoch time: 1m 22s
------------------------------
Epoch 91/199 (max_len=inf, data=11170)
Train acc: 74.61, loss: 0.308 
Epoch time: 1m 22s
------------------------------
Epoch 92/199 (max_len=inf, data=11170)
Train acc: 76.16, loss: 0.293 
Epoch time: 1m 22s
------------------------------
Epoch 93/199 (max_len=inf, data=11170)
Train acc: 76.28, loss: 0.286 
Epoch time: 1m 22s
------------------------------
Epoch 94/199 (max_len=inf, data=11170)
Train acc: 76.53, loss: 0.287 
result accuracy by length:
1 ( 2%) 89.00
3 ( 2%) 64.00
5 ( 2%) 46.51
7 ( 4%) 41.05
9 ( 4%) 47.74
11 ( 3%) 44.89
13 ( 4%) 44.44
15 ( 4%) 45.05
17 ( 4%) 34.95
19 ( 4%) 40.20
21 ( 4%) 41.41
23 ( 4%) 35.61
25 ( 4%) 31.50
27 ( 4%) 36.95
29 ( 3%) 34.55
31 ( 3%) 36.90
33 ( 2%) 29.29
35 ( 2%) 26.03
37 ( 2%) 26.50
39 ( 3%) 25.66
41 ( 3%) 28.19
43 ( 2%) 23.19
45 ( 2%) 22.32
47 ( 2%) 31.06
49 ( 2%) 24.65
51 ( 2%) 31.06
53 ( 2%) 28.36
55 ( 2%) 17.65
57 ( 2%) 29.37
59 ( 2%) 22.43
61 ( 1%) 25.00
63 ( 0%) 25.71
65 ( 0%) 33.33
67 ( 0%) 33.33
result accuracy by symbol:
( (91%) 33.58
) (91%) 33.58
* (87%) 31.30
+ (84%) 31.81
- (77%) 36.56
/ (76%) 35.50
0 (52%) 36.29
1 (60%) 34.10
2 (61%) 32.82
3 (62%) 33.08
4 (61%) 31.67
5 (62%) 32.42
6 (62%) 32.05
7 (63%) 32.03
8 (64%) 30.80
9 (63%) 29.98
result accuracy by digit:
0 ( 0%) 100.00
1 ( 0%) 100.00
2 ( 0%) 90.00
3 ( 0%) 100.00
4 ( 0%) 100.00
5 ( 0%) 100.00
6 ( 0%) 100.00
7 ( 0%) 100.00
8 ( 0%) 100.00
9 ( 0%)  0.00
result accuracy by result:
0 (21%) 91.33
1 (10%) 55.62
2 ( 4%) 35.86
3 ( 2%) 45.19
4 ( 2%) 24.06
5 ( 2%) 43.00
6 ( 2%) 42.61
7 ( 2%) 41.59
8 ( 2%) 40.17
9 ( 1%) 38.37
result accuracy by generalization:
1 (22.45%) 69.64
2 (22.96%) 46.67
3 (22.53%)  5.62
4 (15.82%) 46.71
5 (16.24%)  5.90
error cases:
9 [-1] 9 18
9 [-1] 9 18
9 [-1] 9 18
9 [-1] 9 18
9 [-1] 9 18
9 [-1] 9 18
9 [-1] 9 18
9 [-1] 9 18
9 [-1] 9 18
9 [-1] 9 18
val (Perception Acc=0.00, Head Acc=0.00, Result Acc=35.96)
Epoch time: 1m 35s
------------------------------
Epoch 95/199 (max_len=inf, data=11170)
Train acc: 77.11, loss: 0.273 
Epoch time: 1m 22s
------------------------------
Epoch 96/199 (max_len=inf, data=11170)
Train acc: 77.35, loss: 0.268 
Epoch time: 1m 22s
------------------------------
Epoch 97/199 (max_len=inf, data=11170)
Train acc: 77.96, loss: 0.258 
Epoch time: 1m 22s
------------------------------
Epoch 98/199 (max_len=inf, data=11170)
Train acc: 78.69, loss: 0.252 
Epoch time: 1m 21s
------------------------------
Epoch 99/199 (max_len=inf, data=11170)
Train acc: 78.88, loss: 0.242 
result accuracy by length:
1 ( 2%) 80.00
3 ( 2%) 59.00
5 ( 2%) 45.74
7 ( 4%) 40.17
9 ( 4%) 48.74
11 ( 3%) 41.48
13 ( 4%) 43.06
15 ( 4%) 44.55
17 ( 4%) 42.23
19 ( 4%) 47.06
21 ( 4%) 41.41
23 ( 4%) 39.51
25 ( 4%) 33.00
27 ( 4%) 38.42
29 ( 3%) 34.55
31 ( 3%) 33.93
33 ( 2%) 25.71
35 ( 2%) 25.34
37 ( 2%) 22.22
39 ( 3%) 26.32
41 ( 3%) 27.52
43 ( 2%) 21.01
45 ( 2%) 20.54
47 ( 2%) 29.55
49 ( 2%) 24.65
51 ( 2%) 28.79
53 ( 2%) 27.61
55 ( 2%) 21.85
57 ( 2%) 24.48
59 ( 2%) 22.43
61 ( 1%) 31.25
63 ( 0%) 22.86
65 ( 0%) 33.33
67 ( 0%) 33.33
result accuracy by symbol:
( (91%) 33.71
) (91%) 33.71
* (87%) 31.23
+ (84%) 31.83
- (77%) 36.82
/ (76%) 35.77
0 (52%) 36.52
1 (60%) 33.73
2 (61%) 32.92
3 (62%) 32.89
4 (61%) 31.41
5 (62%) 32.78
6 (62%) 31.82
7 (63%) 31.87
8 (64%) 30.70
9 (63%) 29.79
result accuracy by digit:
0 ( 0%) 100.00
1 ( 0%) 100.00
2 ( 0%) 100.00
3 ( 0%) 100.00
4 ( 0%)  0.00
5 ( 0%) 100.00
6 ( 0%) 100.00
7 ( 0%) 100.00
8 ( 0%) 100.00
9 ( 0%)  0.00
result accuracy by result:
0 (21%) 88.38
1 (10%) 58.43
2 ( 4%) 36.87
3 ( 2%) 47.41
4 ( 2%) 27.82
5 ( 2%) 42.00
6 ( 2%) 40.87
7 ( 2%) 41.59
8 ( 2%) 42.74
9 ( 1%) 36.05
result accuracy by generalization:
1 (22.45%) 72.09
2 (22.96%) 44.53
3 (22.53%)  5.53
4 (15.82%) 43.87
5 (16.24%)  7.41
error cases:
4 [-1] 4 8
4 [-1] 4 8
4 [-1] 4 8
4 [-1] 4 8
4 [-1] 4 8
4 [-1] 4 8
4 [-1] 4 8
4 [-1] 4 8
4 [-1] 4 8
4 [-1] 4 8
val (Perception Acc=0.00, Head Acc=0.00, Result Acc=35.80)
Epoch time: 1m 35s
------------------------------
Epoch 100/199 (max_len=inf, data=11170)
Train acc: 79.42, loss: 0.237 
Epoch time: 1m 22s
------------------------------
Epoch 101/199 (max_len=inf, data=11170)
Train acc: 80.21, loss: 0.231 
Epoch time: 1m 22s
------------------------------
Epoch 102/199 (max_len=inf, data=11170)
Train acc: 80.11, loss: 0.231 
Epoch time: 1m 22s
------------------------------
Epoch 103/199 (max_len=inf, data=11170)
Train acc: 80.88, loss: 0.219 
Epoch time: 1m 22s
------------------------------
Epoch 104/199 (max_len=inf, data=11170)
Train acc: 81.27, loss: 0.217 
result accuracy by length:
1 ( 2%) 90.00
3 ( 2%) 67.00
5 ( 2%) 46.51
7 ( 4%) 37.55
9 ( 4%) 48.24
11 ( 3%) 47.16
13 ( 4%) 46.30
15 ( 4%) 44.06
17 ( 4%) 39.81
19 ( 4%) 42.65
21 ( 4%) 43.94
23 ( 4%) 41.46
25 ( 4%) 36.50
27 ( 4%) 39.90
29 ( 3%) 37.17
31 ( 3%) 35.12
33 ( 2%) 25.00
35 ( 2%) 25.34
37 ( 2%) 29.06
39 ( 3%) 25.00
41 ( 3%) 28.86
43 ( 2%) 22.46
45 ( 2%) 19.64
47 ( 2%) 31.82
49 ( 2%) 26.06
51 ( 2%) 31.06
53 ( 2%) 27.61
55 ( 2%) 19.33
57 ( 2%) 28.67
59 ( 2%) 16.82
61 ( 1%) 26.56
63 ( 0%) 34.29
65 ( 0%) 33.33
67 ( 0%) 33.33
result accuracy by symbol:
( (91%) 34.49
) (91%) 34.49
* (87%) 32.16
+ (84%) 32.82
- (77%) 37.80
/ (76%) 36.46
0 (52%) 37.93
1 (60%) 35.11
2 (61%) 34.02
3 (62%) 33.80
4 (61%) 32.50
5 (62%) 33.07
6 (62%) 32.64
7 (63%) 32.74
8 (64%) 31.66
9 (63%) 30.78
result accuracy by digit:
0 ( 0%) 100.00
1 ( 0%) 100.00
2 ( 0%) 100.00
3 ( 0%) 100.00
4 ( 0%) 100.00
5 ( 0%) 100.00
6 ( 0%) 100.00
7 ( 0%) 100.00
8 ( 0%) 100.00
9 ( 0%)  0.00
result accuracy by result:
0 (21%) 91.05
1 (10%) 56.74
2 ( 4%) 36.36
3 ( 2%) 50.37
4 ( 2%) 33.83
5 ( 2%) 44.00
6 ( 2%) 41.74
7 ( 2%) 44.25
8 ( 2%) 47.01
9 ( 1%) 33.72
result accuracy by generalization:
1 (22.45%) 75.45
2 (22.96%) 45.60
3 (22.53%)  5.34
4 (15.82%) 45.16
5 (16.24%)  7.04
error cases:
9 [-1] 9 18
9 [-1] 9 18
9 [-1] 9 18
9 [-1] 9 18
9 [-1] 9 18
9 [-1] 9 18
9 [-1] 9 18
9 [-1] 9 18
9 [-1] 9 18
9 [-1] 9 18
val (Perception Acc=0.00, Head Acc=0.00, Result Acc=36.90)
Epoch time: 1m 35s
------------------------------
Epoch 105/199 (max_len=inf, data=11170)
Train acc: 81.28, loss: 0.216 
Epoch time: 1m 22s
------------------------------
Epoch 106/199 (max_len=inf, data=11170)
Train acc: 81.42, loss: 0.216 
Epoch time: 1m 22s
------------------------------
Epoch 107/199 (max_len=inf, data=11170)
Train acc: 82.25, loss: 0.202 
Epoch time: 1m 22s
------------------------------
Epoch 108/199 (max_len=inf, data=11170)
Train acc: 82.67, loss: 0.193 
Epoch time: 1m 22s
------------------------------
Epoch 109/199 (max_len=inf, data=11170)
Train acc: 83.29, loss: 0.187 
result accuracy by length:
1 ( 2%) 90.00
3 ( 2%) 62.00
5 ( 2%) 49.61
7 ( 4%) 41.48
9 ( 4%) 43.72
11 ( 3%) 42.61
13 ( 4%) 46.30
15 ( 4%) 42.57
17 ( 4%) 41.26
19 ( 4%) 44.12
21 ( 4%) 43.94
23 ( 4%) 40.00
25 ( 4%) 35.00
27 ( 4%) 40.89
29 ( 3%) 35.08
31 ( 3%) 36.31
33 ( 2%) 26.43
35 ( 2%) 25.34
37 ( 2%) 25.64
39 ( 3%) 23.68
41 ( 3%) 30.20
43 ( 2%) 24.64
45 ( 2%) 18.75
47 ( 2%) 31.82
49 ( 2%) 23.94
51 ( 2%) 29.55
53 ( 2%) 28.36
55 ( 2%) 18.49
57 ( 2%) 27.27
59 ( 2%) 21.50
61 ( 1%) 32.81
63 ( 0%) 31.43
65 ( 0%) 33.33
67 ( 0%) 33.33
result accuracy by symbol:
( (91%) 34.29
) (91%) 34.29
* (87%) 32.09
+ (84%) 32.58
- (77%) 37.38
/ (76%) 36.25
0 (52%) 37.77
1 (60%) 34.54
2 (61%) 33.65
3 (62%) 33.51
4 (61%) 32.60
5 (62%) 33.14
6 (62%) 32.47
7 (63%) 32.61
8 (64%) 31.21
9 (63%) 30.62
result accuracy by digit:
0 ( 0%) 100.00
1 ( 0%) 100.00
2 ( 0%) 100.00
3 ( 0%) 100.00
4 ( 0%) 100.00
5 ( 0%) 100.00
6 ( 0%) 100.00
7 ( 0%) 100.00
8 ( 0%) 100.00
9 ( 0%)  0.00
result accuracy by result:
0 (21%) 88.57
1 (10%) 59.55
2 ( 4%) 34.85
3 ( 2%) 48.89
4 ( 2%) 36.09
5 ( 2%) 43.00
6 ( 2%) 40.00
7 ( 2%) 38.94
8 ( 2%) 52.14
9 ( 1%) 34.88
result accuracy by generalization:
1 (22.45%) 74.82
2 (22.96%) 44.36
3 (22.53%)  5.98
4 (15.82%) 45.42
5 (16.24%)  7.16
error cases:
9 [-1] 9 18
9 [-1] 9 18
9 [-1] 9 18
9 [-1] 9 18
9 [-1] 9 18
9 [-1] 9 18
9 [-1] 9 18
9 [-1] 9 18
9 [-1] 9 18
9 [-1] 9 18
val (Perception Acc=0.00, Head Acc=0.00, Result Acc=36.67)
Epoch time: 1m 36s
------------------------------
Epoch 110/199 (max_len=inf, data=11170)
Train acc: 83.04, loss: 0.189 
Epoch time: 1m 22s
------------------------------
Epoch 111/199 (max_len=inf, data=11170)
Train acc: 83.83, loss: 0.181 
Epoch time: 1m 22s
------------------------------
Epoch 112/199 (max_len=inf, data=11170)
Train acc: 83.94, loss: 0.180 
Epoch time: 1m 22s
------------------------------
Epoch 113/199 (max_len=inf, data=11170)
Train acc: 84.07, loss: 0.178 
Epoch time: 1m 22s
------------------------------
Epoch 114/199 (max_len=inf, data=11170)
Train acc: 84.17, loss: 0.180 
result accuracy by length:
1 ( 2%) 80.00
3 ( 2%) 61.00
5 ( 2%) 42.64
7 ( 4%) 37.12
9 ( 4%) 44.72
11 ( 3%) 45.45
13 ( 4%) 43.52
15 ( 4%) 43.56
17 ( 4%) 41.75
19 ( 4%) 43.14
21 ( 4%) 44.44
23 ( 4%) 42.93
25 ( 4%) 38.50
27 ( 4%) 40.89
29 ( 3%) 38.74
31 ( 3%) 36.90
33 ( 2%) 32.14
35 ( 2%) 26.03
37 ( 2%) 26.50
39 ( 3%) 25.66
41 ( 3%) 26.85
43 ( 2%) 23.19
45 ( 2%) 17.86
47 ( 2%) 31.82
49 ( 2%) 25.35
51 ( 2%) 29.55
53 ( 2%) 27.61
55 ( 2%) 15.97
57 ( 2%) 26.57
59 ( 2%) 21.50
61 ( 1%) 29.69
63 ( 0%) 25.71
65 ( 0%) 33.33
67 ( 0%) 33.33
result accuracy by symbol:
( (91%) 34.74
) (91%) 34.74
* (87%) 32.34
+ (84%) 32.72
- (77%) 37.43
/ (76%) 36.72
0 (52%) 37.77
1 (60%) 34.91
2 (61%) 33.85
3 (62%) 33.51
4 (61%) 32.67
5 (62%) 33.37
6 (62%) 32.90
7 (63%) 32.94
8 (64%) 31.27
9 (63%) 31.00
result accuracy by digit:
0 ( 0%) 100.00
1 ( 0%) 100.00
2 ( 0%) 100.00
3 ( 0%) 100.00
4 ( 0%)  0.00
5 ( 0%) 100.00
6 ( 0%) 100.00
7 ( 0%) 100.00
8 ( 0%) 100.00
9 ( 0%)  0.00
result accuracy by result:
0 (21%) 88.00
1 (10%) 56.37
2 ( 4%) 43.94
3 ( 2%) 47.41
4 ( 2%) 27.82
5 ( 2%) 32.00
6 ( 2%) 40.00
7 ( 2%) 46.02
8 ( 2%) 49.57
9 ( 1%) 40.70
result accuracy by generalization:
1 (22.45%) 74.55
2 (22.96%) 44.98
3 (22.53%)  5.98
4 (15.82%) 44.13
5 (16.24%)  6.91
error cases:
4 [-1] 4 8
4 [-1] 4 8
4 [-1] 4 8
4 [-1] 4 8
4 [-1] 4 8
4 [-1] 4 8
4 [-1] 4 8
4 [-1] 4 8
4 [-1] 4 8
4 [-1] 4 8
val (Perception Acc=0.00, Head Acc=0.00, Result Acc=36.51)
Epoch time: 1m 35s
------------------------------
Epoch 115/199 (max_len=inf, data=11170)
Train acc: 85.00, loss: 0.171 
Epoch time: 1m 22s
------------------------------
Epoch 116/199 (max_len=inf, data=11170)
Train acc: 85.17, loss: 0.169 
Epoch time: 1m 22s
------------------------------
Epoch 117/199 (max_len=inf, data=11170)
Train acc: 84.98, loss: 0.167 
Epoch time: 1m 22s
------------------------------
Epoch 118/199 (max_len=inf, data=11170)
Train acc: 84.97, loss: 0.167 
Epoch time: 1m 22s
------------------------------
Epoch 119/199 (max_len=inf, data=11170)
Train acc: 85.45, loss: 0.160 
result accuracy by length:
1 ( 2%) 99.00
3 ( 2%) 66.00
5 ( 2%) 48.06
7 ( 4%) 38.43
9 ( 4%) 50.25
11 ( 3%) 45.45
13 ( 4%) 48.61
15 ( 4%) 44.55
17 ( 4%) 38.83
19 ( 4%) 44.12
21 ( 4%) 45.96
23 ( 4%) 40.98
25 ( 4%) 38.50
27 ( 4%) 43.35
29 ( 3%) 42.93
31 ( 3%) 38.69
33 ( 2%) 25.71
35 ( 2%) 26.03
37 ( 2%) 24.79
39 ( 3%) 26.97
41 ( 3%) 28.19
43 ( 2%) 24.64
45 ( 2%) 20.54
47 ( 2%) 32.58
49 ( 2%) 22.54
51 ( 2%) 26.52
53 ( 2%) 23.13
55 ( 2%) 14.29
57 ( 2%) 23.08
59 ( 2%) 19.63
61 ( 1%) 25.00
63 ( 0%) 34.29
65 ( 0%) 33.33
67 ( 0%) 33.33
result accuracy by symbol:
( (91%) 34.94
) (91%) 34.94
* (87%) 32.50
+ (84%) 33.04
- (77%) 37.85
/ (76%) 36.67
0 (52%) 37.50
1 (60%) 34.87
2 (61%) 34.19
3 (62%) 33.77
4 (61%) 32.80
5 (62%) 33.63
6 (62%) 32.60
7 (63%) 32.64
8 (64%) 31.75
9 (63%) 30.97
result accuracy by digit:
0 ( 0%) 100.00
1 ( 0%) 100.00
2 ( 0%) 100.00
3 ( 0%) 100.00
4 ( 0%) 100.00
5 ( 0%) 100.00
6 ( 0%) 90.00
7 ( 0%) 100.00
8 ( 0%) 100.00
9 ( 0%) 100.00
result accuracy by result:
0 (21%) 86.29
1 (10%) 57.87
2 ( 4%) 42.93
3 ( 2%) 49.63
4 ( 2%) 38.35
5 ( 2%) 49.00
6 ( 2%) 47.83
7 ( 2%) 46.02
8 ( 2%) 52.14
9 ( 1%) 54.65
result accuracy by generalization:
1 (22.45%) 79.18
2 (22.96%) 45.33
3 (22.53%)  6.25
4 (15.82%) 42.32
5 (16.24%)  7.04
error cases:
6 [-1] 6 5
8+3 [1, -1, 1] 11 13
4*6 [1, -1, 1] 24 32
6*4 [1, -1, 1] 24 44
9-3 [1, -1, 1] 6 9
3*5 [1, -1, 1] 15 45
9+3 [1, -1, 1] 12 21
5*5 [1, -1, 1] 25 35
4+2 [1, -1, 1] 6 8
5*3 [1, -1, 1] 15 35
val (Perception Acc=0.00, Head Acc=0.00, Result Acc=37.43)
Epoch time: 1m 35s
------------------------------
Epoch 120/199 (max_len=inf, data=11170)
Train acc: 86.06, loss: 0.151 
Epoch time: 1m 22s
------------------------------
Epoch 121/199 (max_len=inf, data=11170)
Train acc: 86.59, loss: 0.148 
Epoch time: 1m 22s
------------------------------
Epoch 122/199 (max_len=inf, data=11170)
Train acc: 86.48, loss: 0.152 
Epoch time: 1m 22s
------------------------------
Epoch 123/199 (max_len=inf, data=11170)
Train acc: 86.43, loss: 0.150 
Epoch time: 1m 22s
------------------------------
Epoch 124/199 (max_len=inf, data=11170)
Train acc: 87.13, loss: 0.146 
result accuracy by length:
1 ( 2%) 100.00
3 ( 2%) 69.00
5 ( 2%) 48.84
7 ( 4%) 42.36
9 ( 4%) 45.73
11 ( 3%) 47.16
13 ( 4%) 48.15
15 ( 4%) 43.07
17 ( 4%) 41.26
19 ( 4%) 44.61
21 ( 4%) 46.46
23 ( 4%) 41.95
25 ( 4%) 35.00
27 ( 4%) 43.35
29 ( 3%) 39.79
31 ( 3%) 38.10
33 ( 2%) 25.71
35 ( 2%) 25.34
37 ( 2%) 28.21
39 ( 3%) 23.03
41 ( 3%) 28.19
43 ( 2%) 22.46
45 ( 2%) 15.18
47 ( 2%) 32.58
49 ( 2%) 25.35
51 ( 2%) 27.27
53 ( 2%) 26.12
55 ( 2%) 15.13
57 ( 2%) 23.78
59 ( 2%) 21.50
61 ( 1%) 26.56
63 ( 0%) 22.86
65 ( 0%) 33.33
67 ( 0%) 33.33
result accuracy by symbol:
( (91%) 34.70
) (91%) 34.70
* (87%) 32.32
+ (84%) 33.04
- (77%) 37.32
/ (76%) 36.46
0 (52%) 37.62
1 (60%) 34.57
2 (61%) 34.15
3 (62%) 33.48
4 (61%) 32.77
5 (62%) 33.11
6 (62%) 32.51
7 (63%) 32.87
8 (64%) 31.37
9 (63%) 30.94
result accuracy by digit:
0 ( 0%) 100.00
1 ( 0%) 100.00
2 ( 0%) 100.00
3 ( 0%) 100.00
4 ( 0%) 100.00
5 ( 0%) 100.00
6 ( 0%) 100.00
7 ( 0%) 100.00
8 ( 0%) 100.00
9 ( 0%) 100.00
result accuracy by result:
0 (21%) 87.90
1 (10%) 53.75
2 ( 4%) 40.91
3 ( 2%) 44.44
4 ( 2%) 39.10
5 ( 2%) 50.00
6 ( 2%) 41.74
7 ( 2%) 46.02
8 ( 2%) 53.85
9 ( 1%) 48.84
result accuracy by generalization:
1 (22.45%) 80.18
2 (22.96%) 44.71
3 (22.53%)  6.07
4 (15.82%) 42.06
5 (16.24%)  6.66
error cases:
8+3 [1, -1, 1] 11 12
4*6 [1, -1, 1] 24 32
6*4 [1, -1, 1] 24 48
9+3 [1, -1, 1] 12 21
5*5 [1, -1, 1] 25 35
5*3 [1, -1, 1] 15 25
7*9 [1, -1, 1] 63 81
5-1 [1, -1, 1] 4 0
1+3 [1, -1, 1] 4 5
3+3 [1, -1, 1] 6 8
val (Perception Acc=0.00, Head Acc=0.00, Result Acc=37.37)
Epoch time: 1m 35s
------------------------------
Epoch 125/199 (max_len=inf, data=11170)
Train acc: 86.14, loss: 0.147 
Epoch time: 1m 22s
------------------------------
Epoch 126/199 (max_len=inf, data=11170)
Train acc: 87.53, loss: 0.140 
Epoch time: 1m 22s
------------------------------
Epoch 127/199 (max_len=inf, data=11170)
Train acc: 87.14, loss: 0.145 
Epoch time: 1m 22s
------------------------------
Epoch 128/199 (max_len=inf, data=11170)
Train acc: 87.05, loss: 0.141 
Epoch time: 1m 22s
------------------------------
Epoch 129/199 (max_len=inf, data=11170)
Train acc: 87.00, loss: 0.145 
result accuracy by length:
1 ( 2%) 90.00
3 ( 2%) 61.00
5 ( 2%) 45.74
7 ( 4%) 37.55
9 ( 4%) 45.23
11 ( 3%) 44.32
13 ( 4%) 44.44
15 ( 4%) 44.06
17 ( 4%) 43.69
19 ( 4%) 42.16
21 ( 4%) 44.95
23 ( 4%) 40.49
25 ( 4%) 41.00
27 ( 4%) 43.35
29 ( 3%) 40.31
31 ( 3%) 39.88
33 ( 2%) 24.29
35 ( 2%) 25.34
37 ( 2%) 24.79
39 ( 3%) 22.37
41 ( 3%) 28.86
43 ( 2%) 23.19
45 ( 2%) 16.07
47 ( 2%) 31.06
49 ( 2%) 26.06
51 ( 2%) 31.82
53 ( 2%) 26.87
55 ( 2%) 20.17
57 ( 2%) 21.68
59 ( 2%) 17.76
61 ( 1%) 31.25
63 ( 0%) 31.43
65 ( 0%) 33.33
67 ( 0%)  0.00
result accuracy by symbol:
( (91%) 34.63
) (91%) 34.63
* (87%) 32.39
+ (84%) 32.63
- (77%) 37.61
/ (76%) 36.83
0 (52%) 37.03
1 (60%) 35.21
2 (61%) 34.15
3 (62%) 33.34
4 (61%) 32.94
5 (62%) 32.88
6 (62%) 32.41
7 (63%) 32.87
8 (64%) 31.40
9 (63%) 30.91
result accuracy by digit:
0 ( 0%) 100.00
1 ( 0%) 100.00
2 ( 0%) 100.00
3 ( 0%) 100.00
4 ( 0%) 100.00
5 ( 0%) 100.00
6 ( 0%) 100.00
7 ( 0%) 100.00
8 ( 0%) 100.00
9 ( 0%)  0.00
result accuracy by result:
0 (21%) 85.62
1 (10%) 61.99
2 ( 4%) 31.82
3 ( 2%) 45.93
4 ( 2%) 39.10
5 ( 2%) 44.00
6 ( 2%) 36.52
7 ( 2%) 42.48
8 ( 2%) 49.57
9 ( 1%) 37.21
result accuracy by generalization:
1 (22.45%) 76.73
2 (22.96%) 44.27
3 (22.53%)  6.25
4 (15.82%) 43.10
5 (16.24%)  7.16
error cases:
9 [-1] 9 18
9 [-1] 9 18
9 [-1] 9 18
9 [-1] 9 7
9 [-1] 9 18
9 [-1] 9 18
9 [-1] 9 18
9 [-1] 9 18
9 [-1] 9 18
9 [-1] 9 18
val (Perception Acc=0.00, Head Acc=0.00, Result Acc=36.78)
Epoch time: 1m 35s
------------------------------
Epoch 130/199 (max_len=inf, data=11170)
Train acc: 86.14, loss: 0.153 
Epoch time: 1m 22s
------------------------------
Epoch 131/199 (max_len=inf, data=11170)
Train acc: 86.95, loss: 0.143 
Epoch time: 1m 22s
------------------------------
Epoch 132/199 (max_len=inf, data=11170)
Train acc: 87.72, loss: 0.134 
Epoch time: 1m 22s
------------------------------
Epoch 133/199 (max_len=inf, data=11170)
Train acc: 87.84, loss: 0.133 
Epoch time: 1m 22s
------------------------------
Epoch 134/199 (max_len=inf, data=11170)
Train acc: 87.82, loss: 0.131 
result accuracy by length:
1 ( 2%) 80.00
3 ( 2%) 69.00
5 ( 2%) 48.84
7 ( 4%) 40.17
9 ( 4%) 48.24
11 ( 3%) 46.59
13 ( 4%) 50.46
15 ( 4%) 45.05
17 ( 4%) 42.23
19 ( 4%) 45.59
21 ( 4%) 45.45
23 ( 4%) 40.98
25 ( 4%) 40.50
27 ( 4%) 43.35
29 ( 3%) 40.84
31 ( 3%) 39.88
33 ( 2%) 25.71
35 ( 2%) 28.08
37 ( 2%) 24.79
39 ( 3%) 27.63
41 ( 3%) 29.53
43 ( 2%) 23.91
45 ( 2%) 16.96
47 ( 2%) 30.30
49 ( 2%) 22.54
51 ( 2%) 27.27
53 ( 2%) 27.61
55 ( 2%) 19.33
57 ( 2%) 21.68
59 ( 2%) 22.43
61 ( 1%) 21.88
63 ( 0%) 22.86
65 ( 0%) 44.44
67 ( 0%) 66.67
result accuracy by symbol:
( (91%) 35.43
) (91%) 35.43
* (87%) 33.16
+ (84%) 33.69
- (77%) 38.29
/ (76%) 37.34
0 (52%) 37.85
1 (60%) 35.41
2 (61%) 34.22
3 (62%) 33.90
4 (61%) 33.50
5 (62%) 33.85
6 (62%) 33.52
7 (63%) 33.45
8 (64%) 32.17
9 (63%) 31.39
result accuracy by digit:
0 ( 0%) 100.00
1 ( 0%) 100.00
2 ( 0%) 10.00
3 ( 0%) 100.00
4 ( 0%) 100.00
5 ( 0%) 100.00
6 ( 0%) 100.00
7 ( 0%) 90.00
8 ( 0%) 100.00
9 ( 0%)  0.00
result accuracy by result:
0 (21%) 88.38
1 (10%) 58.61
2 ( 4%) 36.36
3 ( 2%) 51.11
4 ( 2%) 42.11
5 ( 2%) 41.00
6 ( 2%) 41.74
7 ( 2%) 44.25
8 ( 2%) 51.28
9 ( 1%) 38.37
result accuracy by generalization:
1 (22.45%) 78.73
2 (22.96%) 46.49
3 (22.53%)  6.07
4 (15.82%) 43.87
5 (16.24%)  6.16
error cases:
7 [-1] 7 8
9 [-1] 9 18
9 [-1] 9 18
9 [-1] 9 18
9 [-1] 9 18
9 [-1] 9 18
9 [-1] 9 18
9 [-1] 9 18
9 [-1] 9 18
9 [-1] 9 18
val (Perception Acc=0.00, Head Acc=0.00, Result Acc=37.65)
Epoch time: 1m 35s
------------------------------
Epoch 135/199 (max_len=inf, data=11170)
Train acc: 88.49, loss: 0.126 
Epoch time: 1m 22s
------------------------------
Epoch 136/199 (max_len=inf, data=11170)
Train acc: 88.32, loss: 0.125 
Epoch time: 1m 22s
------------------------------
Epoch 137/199 (max_len=inf, data=11170)
Train acc: 88.57, loss: 0.123 
Epoch time: 1m 22s
------------------------------
Epoch 138/199 (max_len=inf, data=11170)
Train acc: 88.29, loss: 0.125 
Epoch time: 1m 22s
------------------------------
Epoch 139/199 (max_len=inf, data=11170)
Train acc: 88.82, loss: 0.121 
result accuracy by length:
1 ( 2%) 82.00
3 ( 2%) 69.00
5 ( 2%) 50.39
7 ( 4%) 41.48
9 ( 4%) 47.74
11 ( 3%) 46.02
13 ( 4%) 49.54
15 ( 4%) 45.54
17 ( 4%) 41.26
19 ( 4%) 48.53
21 ( 4%) 48.99
23 ( 4%) 42.93
25 ( 4%) 39.50
27 ( 4%) 43.84
29 ( 3%) 37.70
31 ( 3%) 38.69
33 ( 2%) 27.86
35 ( 2%) 26.03
37 ( 2%) 24.79
39 ( 3%) 25.00
41 ( 3%) 29.53
43 ( 2%) 23.19
45 ( 2%) 18.75
47 ( 2%) 29.55
49 ( 2%) 23.24
51 ( 2%) 28.79
53 ( 2%) 27.61
55 ( 2%) 19.33
57 ( 2%) 23.78
59 ( 2%) 23.36
61 ( 1%) 31.25
63 ( 0%) 25.71
65 ( 0%) 33.33
67 ( 0%) 33.33
result accuracy by symbol:
( (91%) 35.88
) (91%) 35.88
* (87%) 33.36
+ (84%) 34.00
- (77%) 38.95
/ (76%) 37.60
0 (52%) 38.01
1 (60%) 36.08
2 (61%) 34.78
3 (62%) 34.49
4 (61%) 33.70
5 (62%) 34.31
6 (62%) 33.65
7 (63%) 34.07
8 (64%) 32.39
9 (63%) 31.74
result accuracy by digit:
0 ( 0%) 100.00
1 ( 0%) 100.00
2 ( 0%) 10.00
3 ( 0%) 100.00
4 ( 0%) 90.00
5 ( 0%) 100.00
6 ( 0%) 100.00
7 ( 0%) 100.00
8 ( 0%) 100.00
9 ( 0%) 20.00
result accuracy by result:
0 (21%) 85.71
1 (10%) 65.73
2 ( 4%) 33.33
3 ( 2%) 53.33
4 ( 2%) 34.59
5 ( 2%) 47.00
6 ( 2%) 44.35
7 ( 2%) 46.02
8 ( 2%) 47.86
9 ( 1%) 45.35
result accuracy by generalization:
1 (22.45%) 81.27
2 (22.96%) 44.44
3 (22.53%)  6.52
4 (15.82%) 42.58
5 (16.24%)  8.42
error cases:
4 [-1] 4 8
9 [-1] 9 18
9 [-1] 9 18
9 [-1] 9 18
9 [-1] 9 18
9 [-1] 9 18
9 [-1] 9 18
9 [-1] 9 18
9 [-1] 9 18
2 [-1] 2 4
val (Perception Acc=0.00, Head Acc=0.00, Result Acc=38.02)
Epoch time: 1m 35s
------------------------------
Epoch 140/199 (max_len=inf, data=11170)
Train acc: 88.26, loss: 0.131 
Epoch time: 1m 22s
------------------------------
Epoch 141/199 (max_len=inf, data=11170)
Train acc: 89.17, loss: 0.120 
Epoch time: 1m 22s
------------------------------
Epoch 142/199 (max_len=inf, data=11170)
Train acc: 88.90, loss: 0.121 
Epoch time: 1m 22s
------------------------------
Epoch 143/199 (max_len=inf, data=11170)
Train acc: 88.40, loss: 0.130 
Epoch time: 1m 22s
------------------------------
Epoch 144/199 (max_len=inf, data=11170)
Train acc: 88.76, loss: 0.126 
result accuracy by length:
1 ( 2%) 81.00
3 ( 2%) 67.00
5 ( 2%) 46.51
7 ( 4%) 41.48
9 ( 4%) 49.25
11 ( 3%) 48.30
13 ( 4%) 47.69
15 ( 4%) 45.54
17 ( 4%) 43.69
19 ( 4%) 46.08
21 ( 4%) 44.44
23 ( 4%) 43.41
25 ( 4%) 40.50
27 ( 4%) 46.80
29 ( 3%) 41.88
31 ( 3%) 41.07
33 ( 2%) 25.00
35 ( 2%) 29.45
37 ( 2%) 29.06
39 ( 3%) 25.00
41 ( 3%) 30.20
43 ( 2%) 24.64
45 ( 2%) 18.75
47 ( 2%) 26.52
49 ( 2%) 21.83
51 ( 2%) 26.52
53 ( 2%) 26.12
55 ( 2%) 18.49
57 ( 2%) 20.98
59 ( 2%) 24.30
61 ( 1%) 28.12
63 ( 0%) 28.57
65 ( 0%) 33.33
67 ( 0%) 33.33
result accuracy by symbol:
( (91%) 35.90
) (91%) 35.90
* (87%) 33.60
+ (84%) 34.19
- (77%) 38.71
/ (76%) 37.82
0 (52%) 38.44
1 (60%) 35.81
2 (61%) 34.72
3 (62%) 34.59
4 (61%) 33.57
5 (62%) 34.60
6 (62%) 33.45
7 (63%) 33.87
8 (64%) 32.36
9 (63%) 31.83
result accuracy by digit:
0 ( 0%) 100.00
1 ( 0%) 100.00
2 ( 0%)  0.00
3 ( 0%) 100.00
4 ( 0%) 100.00
5 ( 0%) 100.00
6 ( 0%) 100.00
7 ( 0%) 100.00
8 ( 0%) 100.00
9 ( 0%) 10.00
result accuracy by result:
0 (21%) 87.71
1 (10%) 58.43
2 ( 4%) 35.86
3 ( 2%) 57.04
4 ( 2%) 34.59
5 ( 2%) 40.00
6 ( 2%) 50.43
7 ( 2%) 49.56
8 ( 2%) 47.86
9 ( 1%) 44.19
result accuracy by generalization:
1 (22.45%) 81.55
2 (22.96%) 45.78
3 (22.53%)  6.07
4 (15.82%) 42.97
5 (16.24%)  6.41
error cases:
9 [-1] 9 18
9 [-1] 9 18
9 [-1] 9 18
9 [-1] 9 7
9 [-1] 9 18
9 [-1] 9 18
9 [-1] 9 18
9 [-1] 9 18
9 [-1] 9 18
2 [-1] 2 4
val (Perception Acc=0.00, Head Acc=0.00, Result Acc=38.02)
Epoch time: 1m 35s
------------------------------
Epoch 145/199 (max_len=inf, data=11170)
Train acc: 88.90, loss: 0.119 
Epoch time: 1m 22s
------------------------------
Epoch 146/199 (max_len=inf, data=11170)
Train acc: 88.97, loss: 0.116 
Epoch time: 1m 22s
------------------------------
Epoch 147/199 (max_len=inf, data=11170)
Train acc: 89.72, loss: 0.114 
Epoch time: 1m 22s
------------------------------
Epoch 148/199 (max_len=inf, data=11170)
Train acc: 89.63, loss: 0.109 
Epoch time: 1m 22s
------------------------------
Epoch 149/199 (max_len=inf, data=11170)
Train acc: 89.82, loss: 0.108 
result accuracy by length:
1 ( 2%) 89.00
3 ( 2%) 70.00
5 ( 2%) 43.41
7 ( 4%) 39.74
9 ( 4%) 47.24
11 ( 3%) 44.89
13 ( 4%) 48.61
15 ( 4%) 44.06
17 ( 4%) 44.66
19 ( 4%) 46.08
21 ( 4%) 46.46
23 ( 4%) 42.44
25 ( 4%) 39.00
27 ( 4%) 47.78
29 ( 3%) 41.36
31 ( 3%) 36.90
33 ( 2%) 27.14
35 ( 2%) 23.29
37 ( 2%) 26.50
39 ( 3%) 23.68
41 ( 3%) 24.83
43 ( 2%) 23.91
45 ( 2%) 20.54
47 ( 2%) 30.30
49 ( 2%) 21.13
51 ( 2%) 30.30
53 ( 2%) 23.88
55 ( 2%) 18.49
57 ( 2%) 22.38
59 ( 2%) 24.30
61 ( 1%) 25.00
63 ( 0%) 22.86
65 ( 0%) 33.33
67 ( 0%) 33.33
result accuracy by symbol:
( (91%) 35.25
) (91%) 35.25
* (87%) 32.81
+ (84%) 33.25
- (77%) 38.24
/ (76%) 37.10
0 (52%) 37.85
1 (60%) 35.07
2 (61%) 34.22
3 (62%) 33.90
4 (61%) 33.30
5 (62%) 33.66
6 (62%) 32.70
7 (63%) 32.97
8 (64%) 32.10
9 (63%) 30.94
result accuracy by digit:
0 ( 0%) 100.00
1 ( 0%) 100.00
2 ( 0%) 100.00
3 ( 0%) 100.00
4 ( 0%) 100.00
5 ( 0%) 100.00
6 ( 0%) 90.00
7 ( 0%) 100.00
8 ( 0%) 100.00
9 ( 0%)  0.00
result accuracy by result:
0 (21%) 85.71
1 (10%) 58.43
2 ( 4%) 41.92
3 ( 2%) 50.37
4 ( 2%) 36.84
5 ( 2%) 40.00
6 ( 2%) 48.70
7 ( 2%) 46.02
8 ( 2%) 48.72
9 ( 1%) 43.02
result accuracy by generalization:
1 (22.45%) 80.91
2 (22.96%) 44.71
3 (22.53%)  5.80
4 (15.82%) 41.55
5 (16.24%)  7.16
error cases:
6 [-1] 6 4
9 [-1] 9 18
9 [-1] 9 18
9 [-1] 9 18
9 [-1] 9 18
9 [-1] 9 18
9 [-1] 9 18
9 [-1] 9 18
9 [-1] 9 18
9 [-1] 9 18
val (Perception Acc=0.00, Head Acc=0.00, Result Acc=37.47)
Epoch time: 1m 35s
------------------------------
Epoch 150/199 (max_len=inf, data=11170)
Train acc: 89.54, loss: 0.112 
Epoch time: 1m 22s
------------------------------
Epoch 151/199 (max_len=inf, data=11170)
Train acc: 89.86, loss: 0.111 
Epoch time: 1m 22s
------------------------------
Epoch 152/199 (max_len=inf, data=11170)
Train acc: 89.41, loss: 0.112 
Epoch time: 1m 22s
------------------------------
Epoch 153/199 (max_len=inf, data=11170)
Train acc: 89.56, loss: 0.108 
Epoch time: 1m 22s
------------------------------
Epoch 154/199 (max_len=inf, data=11170)
Train acc: 89.01, loss: 0.121 
result accuracy by length:
1 ( 2%) 89.00
3 ( 2%) 65.00
5 ( 2%) 44.19
7 ( 4%) 40.17
9 ( 4%) 43.72
11 ( 3%) 43.75
13 ( 4%) 47.69
15 ( 4%) 43.56
17 ( 4%) 44.17
19 ( 4%) 48.04
21 ( 4%) 46.46
23 ( 4%) 40.49
25 ( 4%) 36.50
27 ( 4%) 43.84
29 ( 3%) 41.88
31 ( 3%) 38.69
33 ( 2%) 24.29
35 ( 2%) 28.08
37 ( 2%) 28.21
39 ( 3%) 25.00
41 ( 3%) 25.50
43 ( 2%) 23.91
45 ( 2%) 20.54
47 ( 2%) 28.03
49 ( 2%) 21.13
51 ( 2%) 25.00
53 ( 2%) 23.13
55 ( 2%) 17.65
57 ( 2%) 20.98
59 ( 2%) 19.63
61 ( 1%) 20.31
63 ( 0%) 31.43
65 ( 0%) 33.33
67 ( 0%) 33.33
result accuracy by symbol:
( (91%) 34.54
) (91%) 34.54
* (87%) 32.09
+ (84%) 32.60
- (77%) 37.40
/ (76%) 36.70
0 (52%) 37.30
1 (60%) 34.20
2 (61%) 33.75
3 (62%) 33.48
4 (61%) 32.31
5 (62%) 33.04
6 (62%) 31.95
7 (63%) 32.35
8 (64%) 31.34
9 (63%) 30.04
result accuracy by digit:
0 ( 0%) 100.00
1 ( 0%) 100.00
2 ( 0%) 100.00
3 ( 0%) 100.00
4 ( 0%) 100.00
5 ( 0%) 100.00
6 ( 0%) 90.00
7 ( 0%) 100.00
8 ( 0%) 100.00
9 ( 0%)  0.00
result accuracy by result:
0 (21%) 88.86
1 (10%) 52.43
2 ( 4%) 34.34
3 ( 2%) 47.41
4 ( 2%) 36.09
5 ( 2%) 39.00
6 ( 2%) 45.22
7 ( 2%) 46.90
8 ( 2%) 50.43
9 ( 1%) 34.88
result accuracy by generalization:
1 (22.45%) 79.55
2 (22.96%) 45.51
3 (22.53%)  4.53
4 (15.82%) 41.16
5 (16.24%)  5.53
error cases:
6 [-1] 6 4
9 [-1] 9 18
9 [-1] 9 18
9 [-1] 9 18
9 [-1] 9 18
9 [-1] 9 18
9 [-1] 9 18
9 [-1] 9 18
9 [-1] 9 18
9 [-1] 9 18
val (Perception Acc=0.00, Head Acc=0.00, Result Acc=36.73)
Epoch time: 1m 35s
------------------------------
Epoch 155/199 (max_len=inf, data=11170)
Train acc: 89.50, loss: 0.112 
Epoch time: 1m 22s
------------------------------
Epoch 156/199 (max_len=inf, data=11170)
Train acc: 89.59, loss: 0.114 
Epoch time: 1m 22s
------------------------------
Epoch 157/199 (max_len=inf, data=11170)
Train acc: 90.51, loss: 0.103 
Epoch time: 1m 22s
------------------------------
Epoch 158/199 (max_len=inf, data=11170)
Train acc: 89.77, loss: 0.109 
Epoch time: 1m 22s
------------------------------
Epoch 159/199 (max_len=inf, data=11170)
Train acc: 90.09, loss: 0.105 
result accuracy by length:
1 ( 2%) 90.00
3 ( 2%) 69.00
5 ( 2%) 48.06
7 ( 4%) 41.48
9 ( 4%) 49.75
11 ( 3%) 47.73
13 ( 4%) 47.69
15 ( 4%) 46.04
17 ( 4%) 40.78
19 ( 4%) 50.49
21 ( 4%) 42.93
23 ( 4%) 41.95
25 ( 4%) 39.50
27 ( 4%) 48.28
29 ( 3%) 39.27
31 ( 3%) 40.48
33 ( 2%) 25.71
35 ( 2%) 27.40
37 ( 2%) 27.35
39 ( 3%) 26.32
41 ( 3%) 25.50
43 ( 2%) 23.91
45 ( 2%) 18.75
47 ( 2%) 28.03
49 ( 2%) 22.54
51 ( 2%) 27.27
53 ( 2%) 25.37
55 ( 2%) 17.65
57 ( 2%) 23.08
59 ( 2%) 22.43
61 ( 1%) 21.88
63 ( 0%) 31.43
65 ( 0%) 33.33
67 ( 0%)  0.00
result accuracy by symbol:
( (91%) 35.61
) (91%) 35.61
* (87%) 33.11
+ (84%) 33.69
- (77%) 38.45
/ (76%) 37.60
0 (52%) 37.85
1 (60%) 35.51
2 (61%) 34.85
3 (62%) 34.00
4 (61%) 33.30
5 (62%) 33.82
6 (62%) 32.90
7 (63%) 33.48
8 (64%) 32.01
9 (63%) 31.03
result accuracy by digit:
0 ( 0%) 100.00
1 ( 0%) 100.00
2 ( 0%) 100.00
3 ( 0%) 100.00
4 ( 0%) 100.00
5 ( 0%) 100.00
6 ( 0%) 100.00
7 ( 0%) 100.00
8 ( 0%) 100.00
9 ( 0%)  0.00
result accuracy by result:
0 (21%) 85.24
1 (10%) 58.43
2 ( 4%) 44.44
3 ( 2%) 55.56
4 ( 2%) 35.34
5 ( 2%) 41.00
6 ( 2%) 45.22
7 ( 2%) 47.79
8 ( 2%) 51.28
9 ( 1%) 44.19
result accuracy by generalization:
1 (22.45%) 82.55
2 (22.96%) 44.98
3 (22.53%)  6.07
4 (15.82%) 40.77
5 (16.24%)  7.66
error cases:
9 [-1] 9 18
9 [-1] 9 18
9 [-1] 9 18
9 [-1] 9 18
9 [-1] 9 18
9 [-1] 9 18
9 [-1] 9 18
9 [-1] 9 18
9 [-1] 9 18
9 [-1] 9 18
val (Perception Acc=0.00, Head Acc=0.00, Result Acc=37.92)
Epoch time: 1m 35s
------------------------------
Epoch 160/199 (max_len=inf, data=11170)
Train acc: 90.52, loss: 0.100 
Epoch time: 1m 22s
------------------------------
Epoch 161/199 (max_len=inf, data=11170)
Train acc: 90.05, loss: 0.106 
Epoch time: 1m 22s
------------------------------
Epoch 162/199 (max_len=inf, data=11170)
Train acc: 90.40, loss: 0.100 
Epoch time: 1m 22s
------------------------------
Epoch 163/199 (max_len=inf, data=11170)
Train acc: 90.15, loss: 0.108 
Epoch time: 1m 22s
------------------------------
Epoch 164/199 (max_len=inf, data=11170)
Train acc: 89.94, loss: 0.107 
result accuracy by length:
1 ( 2%) 100.00
3 ( 2%) 69.00
5 ( 2%) 45.74
7 ( 4%) 42.79
9 ( 4%) 48.74
11 ( 3%) 42.05
13 ( 4%) 45.83
15 ( 4%) 44.55
17 ( 4%) 41.26
19 ( 4%) 47.06
21 ( 4%) 44.95
23 ( 4%) 41.95
25 ( 4%) 40.50
27 ( 4%) 45.81
29 ( 3%) 42.41
31 ( 3%) 40.48
33 ( 2%) 28.57
35 ( 2%) 26.71
37 ( 2%) 28.21
39 ( 3%) 25.66
41 ( 3%) 28.86
43 ( 2%) 26.81
45 ( 2%) 20.54
47 ( 2%) 33.33
49 ( 2%) 21.83
51 ( 2%) 26.52
53 ( 2%) 25.37
55 ( 2%) 20.17
57 ( 2%) 23.08
59 ( 2%) 22.43
61 ( 1%) 23.44
63 ( 0%) 28.57
65 ( 0%) 33.33
67 ( 0%) 66.67
result accuracy by symbol:
( (91%) 35.77
) (91%) 35.77
* (87%) 33.36
+ (84%) 33.95
- (77%) 38.82
/ (76%) 37.58
0 (52%) 38.48
1 (60%) 35.71
2 (61%) 34.78
3 (62%) 34.56
4 (61%) 33.63
5 (62%) 34.34
6 (62%) 33.71
7 (63%) 34.13
8 (64%) 32.64
9 (63%) 32.12
result accuracy by digit:
0 ( 0%) 100.00
1 ( 0%) 100.00
2 ( 0%) 100.00
3 ( 0%) 100.00
4 ( 0%) 100.00
5 ( 0%) 100.00
6 ( 0%) 100.00
7 ( 0%) 100.00
8 ( 0%) 100.00
9 ( 0%) 100.00
result accuracy by result:
0 (21%) 87.33
1 (10%) 61.05
2 ( 4%) 38.89
3 ( 2%) 45.19
4 ( 2%) 35.34
5 ( 2%) 47.00
6 ( 2%) 45.22
7 ( 2%) 48.67
8 ( 2%) 54.70
9 ( 1%) 51.16
result accuracy by generalization:
1 (22.45%) 81.73
2 (22.96%) 45.07
3 (22.53%)  6.43
4 (15.82%) 43.48
5 (16.24%)  7.54
error cases:
5*9 [1, -1, 1] 45 54
8+3 [1, -1, 1] 11 13
4*6 [1, -1, 1] 24 32
3+2 [1, -1, 1] 5 6
3*5 [1, -1, 1] 15 48
0+3 [1, -1, 1] 3 5
9+3 [1, -1, 1] 12 21
5*5 [1, -1, 1] 25 30
9/5 [1, -1, 1] 2 5
7*9 [1, -1, 1] 63 78
val (Perception Acc=0.00, Head Acc=0.00, Result Acc=38.24)
Epoch time: 1m 36s
------------------------------
Epoch 165/199 (max_len=inf, data=11170)
Train acc: 89.83, loss: 0.107 
Epoch time: 1m 22s
------------------------------
Epoch 166/199 (max_len=inf, data=11170)
Train acc: 89.83, loss: 0.106 
Epoch time: 1m 22s
------------------------------
Epoch 167/199 (max_len=inf, data=11170)
Train acc: 90.38, loss: 0.103 
Epoch time: 1m 21s
------------------------------
Epoch 168/199 (max_len=inf, data=11170)
Train acc: 90.21, loss: 0.106 
Epoch time: 1m 22s
------------------------------
Epoch 169/199 (max_len=inf, data=11170)
Train acc: 90.22, loss: 0.102 
result accuracy by length:
1 ( 2%) 100.00
3 ( 2%) 66.00
5 ( 2%) 48.84
7 ( 4%) 41.48
9 ( 4%) 49.25
11 ( 3%) 44.89
13 ( 4%) 46.30
15 ( 4%) 42.08
17 ( 4%) 44.17
19 ( 4%) 46.57
21 ( 4%) 42.93
23 ( 4%) 42.93
25 ( 4%) 39.50
27 ( 4%) 44.33
29 ( 3%) 40.84
31 ( 3%) 41.07
33 ( 2%) 26.43
35 ( 2%) 26.71
37 ( 2%) 27.35
39 ( 3%) 29.61
41 ( 3%) 26.17
43 ( 2%) 21.74
45 ( 2%) 19.64
47 ( 2%) 29.55
49 ( 2%) 19.01
51 ( 2%) 28.79
53 ( 2%) 26.87
55 ( 2%) 18.49
57 ( 2%) 23.08
59 ( 2%) 20.56
61 ( 1%) 21.88
63 ( 0%) 22.86
65 ( 0%) 33.33
67 ( 0%) 33.33
result accuracy by symbol:
( (91%) 35.16
) (91%) 35.16
* (87%) 32.81
+ (84%) 33.42
- (77%) 37.98
/ (76%) 37.23
0 (52%) 37.70
1 (60%) 34.91
2 (61%) 34.22
3 (62%) 33.93
4 (61%) 32.74
5 (62%) 33.63
6 (62%) 33.03
7 (63%) 33.19
8 (64%) 31.78
9 (63%) 31.03
result accuracy by digit:
0 ( 0%) 100.00
1 ( 0%) 100.00
2 ( 0%) 100.00
3 ( 0%) 100.00
4 ( 0%) 100.00
5 ( 0%) 100.00
6 ( 0%) 100.00
7 ( 0%) 100.00
8 ( 0%) 100.00
9 ( 0%) 100.00
result accuracy by result:
0 (21%) 85.14
1 (10%) 60.86
2 ( 4%) 40.40
3 ( 2%) 47.41
4 ( 2%) 36.09
5 ( 2%) 42.00
6 ( 2%) 51.30
7 ( 2%) 46.02
8 ( 2%) 52.99
9 ( 1%) 51.16
result accuracy by generalization:
1 (22.45%) 81.09
2 (22.96%) 45.24
3 (22.53%)  6.16
4 (15.82%) 41.68
5 (16.24%)  7.04
error cases:
8+3 [1, -1, 1] 11 13
4*6 [1, -1, 1] 24 32
6*4 [1, -1, 1] 24 48
9-3 [1, -1, 1] 6 8
3*5 [1, -1, 1] 15 18
9+3 [1, -1, 1] 12 21
5*5 [1, -1, 1] 25 35
5*3 [1, -1, 1] 15 35
9/5 [1, -1, 1] 2 5
7*9 [1, -1, 1] 63 78
val (Perception Acc=0.00, Head Acc=0.00, Result Acc=37.71)
Epoch time: 1m 35s
------------------------------
Epoch 170/199 (max_len=inf, data=11170)
Train acc: 90.27, loss: 0.102 
Epoch time: 1m 22s
------------------------------
Epoch 171/199 (max_len=inf, data=11170)
Train acc: 90.68, loss: 0.100 
Epoch time: 1m 22s
------------------------------
Epoch 172/199 (max_len=inf, data=11170)
Train acc: 90.35, loss: 0.106 
Epoch time: 1m 22s
------------------------------
Epoch 173/199 (max_len=inf, data=11170)
Train acc: 90.90, loss: 0.097 
Epoch time: 1m 22s
------------------------------
Epoch 174/199 (max_len=inf, data=11170)
Train acc: 90.38, loss: 0.101 
result accuracy by length:
1 ( 2%) 99.00
3 ( 2%) 67.00
5 ( 2%) 49.61
7 ( 4%) 39.74
9 ( 4%) 47.74
11 ( 3%) 44.89
13 ( 4%) 45.83
15 ( 4%) 43.56
17 ( 4%) 43.20
19 ( 4%) 49.51
21 ( 4%) 43.94
23 ( 4%) 40.98
25 ( 4%) 37.50
27 ( 4%) 46.31
29 ( 3%) 42.93
31 ( 3%) 39.29
33 ( 2%) 27.14
35 ( 2%) 24.66
37 ( 2%) 26.50
39 ( 3%) 26.32
41 ( 3%) 26.17
43 ( 2%) 23.91
45 ( 2%) 18.75
47 ( 2%) 29.55
49 ( 2%) 23.24
51 ( 2%) 25.76
53 ( 2%) 23.88
55 ( 2%) 16.81
57 ( 2%) 20.98
59 ( 2%) 21.50
61 ( 1%) 21.88
63 ( 0%) 28.57
65 ( 0%) 33.33
67 ( 0%) 33.33
result accuracy by symbol:
( (91%) 34.94
) (91%) 34.94
* (87%) 32.32
+ (84%) 33.23
- (77%) 37.98
/ (76%) 37.12
0 (52%) 37.34
1 (60%) 34.71
2 (61%) 34.12
3 (62%) 33.41
4 (61%) 32.97
5 (62%) 33.50
6 (62%) 32.41
7 (63%) 33.10
8 (64%) 31.69
9 (63%) 31.29
result accuracy by digit:
0 ( 0%) 90.00
1 ( 0%) 100.00
2 ( 0%) 100.00
3 ( 0%) 100.00
4 ( 0%) 100.00
5 ( 0%) 100.00
6 ( 0%) 100.00
7 ( 0%) 100.00
8 ( 0%) 100.00
9 ( 0%) 100.00
result accuracy by result:
0 (21%) 83.90
1 (10%) 61.80
2 ( 4%) 36.36
3 ( 2%) 54.07
4 ( 2%) 36.84
5 ( 2%) 41.00
6 ( 2%) 49.57
7 ( 2%) 52.21
8 ( 2%) 51.28
9 ( 1%) 53.49
result accuracy by generalization:
1 (22.45%) 81.18
2 (22.96%) 44.71
3 (22.53%)  6.25
4 (15.82%) 40.90
5 (16.24%)  6.91
error cases:
0 [-1] 0 2
8+3 [1, -1, 1] 11 13
4*6 [1, -1, 1] 24 33
6*4 [1, -1, 1] 24 48
3+2 [1, -1, 1] 5 6
3*5 [1, -1, 1] 15 48
6/3 [1, -1, 1] 2 3
9+3 [1, -1, 1] 12 21
5*5 [1, -1, 1] 25 35
4+2 [1, -1, 1] 6 8
val (Perception Acc=0.00, Head Acc=0.00, Result Acc=37.49)
Epoch time: 1m 35s
------------------------------
Epoch 175/199 (max_len=inf, data=11170)
Train acc: 89.85, loss: 0.108 
Epoch time: 1m 22s
------------------------------
Epoch 176/199 (max_len=inf, data=11170)
Train acc: 90.57, loss: 0.103 
Epoch time: 1m 22s
------------------------------
Epoch 177/199 (max_len=inf, data=11170)
Train acc: 89.79, loss: 0.106 
Epoch time: 1m 22s
------------------------------
Epoch 178/199 (max_len=inf, data=11170)
Train acc: 90.84, loss: 0.100 
Epoch time: 1m 22s
------------------------------
Epoch 179/199 (max_len=inf, data=11170)
Train acc: 90.55, loss: 0.101 
result accuracy by length:
1 ( 2%) 99.00
3 ( 2%) 68.00
5 ( 2%) 50.39
7 ( 4%) 43.67
9 ( 4%) 48.24
11 ( 3%) 43.18
13 ( 4%) 45.37
15 ( 4%) 42.57
17 ( 4%) 42.72
19 ( 4%) 49.02
21 ( 4%) 45.96
23 ( 4%) 41.95
25 ( 4%) 38.00
27 ( 4%) 45.32
29 ( 3%) 41.88
31 ( 3%) 39.88
33 ( 2%) 27.14
35 ( 2%) 27.40
37 ( 2%) 29.06
39 ( 3%) 24.34
41 ( 3%) 26.17
43 ( 2%) 21.74
45 ( 2%) 17.86
47 ( 2%) 31.06
49 ( 2%) 22.54
51 ( 2%) 30.30
53 ( 2%) 28.36
55 ( 2%) 19.33
57 ( 2%) 18.88
59 ( 2%) 17.76
61 ( 1%) 21.88
63 ( 0%) 22.86
65 ( 0%) 33.33
67 ( 0%)  0.00
result accuracy by symbol:
( (91%) 35.25
) (91%) 35.25
* (87%) 32.83
+ (84%) 33.33
- (77%) 38.14
/ (76%) 37.18
0 (52%) 37.81
1 (60%) 35.17
2 (61%) 34.72
3 (62%) 34.26
4 (61%) 32.84
5 (62%) 33.56
6 (62%) 33.16
7 (63%) 33.26
8 (64%) 31.37
9 (63%) 31.23
result accuracy by digit:
0 ( 0%) 100.00
1 ( 0%) 100.00
2 ( 0%) 100.00
3 ( 0%) 100.00
4 ( 0%) 100.00
5 ( 0%) 100.00
6 ( 0%) 100.00
7 ( 0%) 100.00
8 ( 0%) 100.00
9 ( 0%) 90.00
result accuracy by result:
0 (21%) 87.52
1 (10%) 58.24
2 ( 4%) 40.40
3 ( 2%) 46.67
4 ( 2%) 38.35
5 ( 2%) 40.00
6 ( 2%) 44.35
7 ( 2%) 48.67
8 ( 2%) 49.57
9 ( 1%) 51.16
result accuracy by generalization:
1 (22.45%) 81.64
2 (22.96%) 45.96
3 (22.53%)  5.89
4 (15.82%) 42.19
5 (16.24%)  5.53
error cases:
9 [-1] 9 8
8+3 [1, -1, 1] 11 13
4*6 [1, -1, 1] 24 43
6*4 [1, -1, 1] 24 48
3+2 [1, -1, 1] 5 6
3*5 [1, -1, 1] 15 18
9+3 [1, -1, 1] 12 21
5*5 [1, -1, 1] 25 35
0+1 [1, -1, 1] 1 3
5*3 [1, -1, 1] 15 21
val (Perception Acc=0.00, Head Acc=0.00, Result Acc=37.78)
Epoch time: 1m 35s
------------------------------
Epoch 180/199 (max_len=inf, data=11170)
Train acc: 90.42, loss: 0.103 
Epoch time: 1m 22s
------------------------------
Epoch 181/199 (max_len=inf, data=11170)
Train acc: 90.73, loss: 0.099 
Epoch time: 1m 22s
------------------------------
Epoch 182/199 (max_len=inf, data=11170)
Train acc: 90.41, loss: 0.106 
Epoch time: 1m 22s
------------------------------
Epoch 183/199 (max_len=inf, data=11170)
Train acc: 90.18, loss: 0.103 
Epoch time: 1m 22s
------------------------------
Epoch 184/199 (max_len=inf, data=11170)
Train acc: 90.62, loss: 0.098 
result accuracy by length:
1 ( 2%) 100.00
3 ( 2%) 76.00
5 ( 2%) 48.84
7 ( 4%) 43.23
9 ( 4%) 48.74
11 ( 3%) 43.18
13 ( 4%) 46.30
15 ( 4%) 44.55
17 ( 4%) 42.23
19 ( 4%) 47.06
21 ( 4%) 45.45
23 ( 4%) 40.49
25 ( 4%) 37.00
27 ( 4%) 45.81
29 ( 3%) 41.36
31 ( 3%) 38.69
33 ( 2%) 27.86
35 ( 2%) 25.34
37 ( 2%) 23.93
39 ( 3%) 25.00
41 ( 3%) 24.83
43 ( 2%) 23.19
45 ( 2%) 22.32
47 ( 2%) 31.82
49 ( 2%) 22.54
51 ( 2%) 26.52
53 ( 2%) 23.88
55 ( 2%) 18.49
57 ( 2%) 21.68
59 ( 2%) 19.63
61 ( 1%) 23.44
63 ( 0%) 22.86
65 ( 0%) 33.33
67 ( 0%)  0.00
result accuracy by symbol:
( (91%) 35.01
) (91%) 35.01
* (87%) 32.60
+ (84%) 33.11
- (77%) 37.66
/ (76%) 36.70
0 (52%) 36.99
1 (60%) 34.74
2 (61%) 34.39
3 (62%) 33.67
4 (61%) 32.80
5 (62%) 33.66
6 (62%) 32.54
7 (63%) 33.06
8 (64%) 31.43
9 (63%) 31.23
result accuracy by digit:
0 ( 0%) 100.00
1 ( 0%) 100.00
2 ( 0%) 100.00
3 ( 0%) 100.00
4 ( 0%) 100.00
5 ( 0%) 100.00
6 ( 0%) 100.00
7 ( 0%) 100.00
8 ( 0%) 100.00
9 ( 0%) 100.00
result accuracy by result:
0 (21%) 86.95
1 (10%) 58.05
2 ( 4%) 37.88
3 ( 2%) 51.11
4 ( 2%) 32.33
5 ( 2%) 44.00
6 ( 2%) 47.83
7 ( 2%) 45.13
8 ( 2%) 52.14
9 ( 1%) 47.67
result accuracy by generalization:
1 (22.45%) 81.91
2 (22.96%) 44.80
3 (22.53%)  6.07
4 (15.82%) 41.94
5 (16.24%)  6.03
error cases:
4*6 [1, -1, 1] 24 32
3*5 [1, -1, 1] 15 21
9+3 [1, -1, 1] 12 11
5*5 [1, -1, 1] 25 35
7*9 [1, -1, 1] 63 78
1+3 [1, -1, 1] 4 5
3+3 [1, -1, 1] 6 8
2+5 [1, -1, 1] 7 11
6+9 [1, -1, 1] 15 25
1+8 [1, -1, 1] 9 10
val (Perception Acc=0.00, Head Acc=0.00, Result Acc=37.65)
Epoch time: 1m 35s
------------------------------
Epoch 185/199 (max_len=inf, data=11170)
Train acc: 90.45, loss: 0.103 
Epoch time: 1m 22s
------------------------------
Epoch 186/199 (max_len=inf, data=11170)
Train acc: 90.46, loss: 0.104 
Epoch time: 1m 22s
------------------------------
Epoch 187/199 (max_len=inf, data=11170)
Train acc: 90.65, loss: 0.102 
Epoch time: 1m 22s
------------------------------
Epoch 188/199 (max_len=inf, data=11170)
Train acc: 90.85, loss: 0.100 
Epoch time: 1m 22s
------------------------------
Epoch 189/199 (max_len=inf, data=11170)
Train acc: 90.66, loss: 0.099 
result accuracy by length:
1 ( 2%) 100.00
3 ( 2%) 77.00
5 ( 2%) 48.06
7 ( 4%) 41.92
9 ( 4%) 50.75
11 ( 3%) 45.45
13 ( 4%) 49.07
15 ( 4%) 41.58
17 ( 4%) 43.20
19 ( 4%) 48.53
21 ( 4%) 47.98
23 ( 4%) 40.49
25 ( 4%) 40.50
27 ( 4%) 44.33
29 ( 3%) 40.84
31 ( 3%) 39.29
33 ( 2%) 27.14
35 ( 2%) 27.40
37 ( 2%) 25.64
39 ( 3%) 25.00
41 ( 3%) 27.52
43 ( 2%) 20.29
45 ( 2%) 20.54
47 ( 2%) 29.55
49 ( 2%) 21.13
51 ( 2%) 26.52
53 ( 2%) 27.61
55 ( 2%) 17.65
57 ( 2%) 22.38
59 ( 2%) 21.50
61 ( 1%) 23.44
63 ( 0%) 25.71
65 ( 0%) 33.33
67 ( 0%) 33.33
result accuracy by symbol:
( (91%) 35.50
) (91%) 35.50
* (87%) 33.02
+ (84%) 33.64
- (77%) 38.22
/ (76%) 37.39
0 (52%) 37.46
1 (60%) 35.41
2 (61%) 34.98
3 (62%) 34.36
4 (61%) 33.57
5 (62%) 33.85
6 (62%) 33.16
7 (63%) 33.39
8 (64%) 31.69
9 (63%) 31.67
result accuracy by digit:
0 ( 0%) 100.00
1 ( 0%) 100.00
2 ( 0%) 100.00
3 ( 0%) 100.00
4 ( 0%) 100.00
5 ( 0%) 100.00
6 ( 0%) 100.00
7 ( 0%) 100.00
8 ( 0%) 100.00
9 ( 0%) 100.00
result accuracy by result:
0 (21%) 86.76
1 (10%) 59.74
2 ( 4%) 38.89
3 ( 2%) 51.85
4 ( 2%) 38.35
5 ( 2%) 45.00
6 ( 2%) 44.35
7 ( 2%) 45.13
8 ( 2%) 52.14
9 ( 1%) 52.33
result accuracy by generalization:
1 (22.45%) 83.55
2 (22.96%) 45.42
3 (22.53%)  5.89
4 (15.82%) 41.81
5 (16.24%)  6.41
error cases:
8+3 [1, -1, 1] 11 13
4*6 [1, -1, 1] 24 32
9+3 [1, -1, 1] 12 21
5*5 [1, -1, 1] 25 35
5*3 [1, -1, 1] 15 31
7*9 [1, -1, 1] 63 78
1+3 [1, -1, 1] 4 5
3+3 [1, -1, 1] 6 7
6+9 [1, -1, 1] 15 25
7-1 [1, -1, 1] 6 7
val (Perception Acc=0.00, Head Acc=0.00, Result Acc=38.16)
Epoch time: 1m 35s
------------------------------
Epoch 190/199 (max_len=inf, data=11170)
Train acc: 90.37, loss: 0.101 
Epoch time: 1m 22s
------------------------------
Epoch 191/199 (max_len=inf, data=11170)
Train acc: 91.09, loss: 0.094 
Epoch time: 1m 22s
------------------------------
Epoch 192/199 (max_len=inf, data=11170)
Train acc: 91.30, loss: 0.098 
Epoch time: 1m 22s
------------------------------
Epoch 193/199 (max_len=inf, data=11170)
Train acc: 90.98, loss: 0.098 
Epoch time: 1m 22s
------------------------------
Epoch 194/199 (max_len=inf, data=11170)
Train acc: 90.34, loss: 0.101 
result accuracy by length:
1 ( 2%) 91.00
3 ( 2%) 71.00
5 ( 2%) 49.61
7 ( 4%) 42.79
9 ( 4%) 47.24
11 ( 3%) 42.61
13 ( 4%) 50.46
15 ( 4%) 46.04
17 ( 4%) 45.15
19 ( 4%) 48.04
21 ( 4%) 45.45
23 ( 4%) 40.49
25 ( 4%) 42.00
27 ( 4%) 45.32
29 ( 3%) 40.31
31 ( 3%) 40.48
33 ( 2%) 25.71
35 ( 2%) 26.03
37 ( 2%) 26.50
39 ( 3%) 25.00
41 ( 3%) 26.17
43 ( 2%) 21.74
45 ( 2%) 22.32
47 ( 2%) 28.79
49 ( 2%) 23.24
51 ( 2%) 26.52
53 ( 2%) 23.88
55 ( 2%) 17.65
57 ( 2%) 20.28
59 ( 2%) 19.63
61 ( 1%) 23.44
63 ( 0%) 28.57
65 ( 0%) 33.33
67 ( 0%) 33.33
result accuracy by symbol:
( (91%) 35.45
) (91%) 35.45
* (87%) 32.95
+ (84%) 33.76
- (77%) 38.11
/ (76%) 37.26
0 (52%) 37.85
1 (60%) 35.27
2 (61%) 34.35
3 (62%) 34.03
4 (61%) 32.67
5 (62%) 33.82
6 (62%) 32.96
7 (63%) 33.26
8 (64%) 31.69
9 (63%) 31.93
result accuracy by digit:
0 ( 0%) 100.00
1 ( 0%) 100.00
2 ( 0%) 10.00
3 ( 0%) 100.00
4 ( 0%) 100.00
5 ( 0%) 100.00
6 ( 0%) 100.00
7 ( 0%) 100.00
8 ( 0%) 100.00
9 ( 0%) 100.00
result accuracy by result:
0 (21%) 86.95
1 (10%) 57.12
2 ( 4%) 35.35
3 ( 2%) 48.89
4 ( 2%) 36.09
5 ( 2%) 46.00
6 ( 2%) 45.22
7 ( 2%) 46.02
8 ( 2%) 52.14
9 ( 1%) 54.65
result accuracy by generalization:
1 (22.45%) 81.64
2 (22.96%) 46.13
3 (22.53%)  6.16
4 (15.82%) 41.94
5 (16.24%)  5.65
error cases:
2 [-1] 2 4
2 [-1] 2 4
2 [-1] 2 4
2 [-1] 2 4
2 [-1] 2 4
2 [-1] 2 4
2 [-1] 2 4
2 [-1] 2 4
2 [-1] 2 4
8+3 [1, -1, 1] 11 13
val (Perception Acc=0.00, Head Acc=0.00, Result Acc=37.86)
Epoch time: 1m 35s
------------------------------
Epoch 195/199 (max_len=inf, data=11170)
Train acc: 90.49, loss: 0.102 
Epoch time: 1m 22s
------------------------------
Epoch 196/199 (max_len=inf, data=11170)
Train acc: 90.39, loss: 0.104 
Epoch time: 1m 22s
------------------------------
Epoch 197/199 (max_len=inf, data=11170)
Train acc: 90.65, loss: 0.102 
Epoch time: 1m 22s
------------------------------
Epoch 198/199 (max_len=inf, data=11170)
Train acc: 90.88, loss: 0.097 
Epoch time: 1m 22s
------------------------------
Epoch 199/199 (max_len=inf, data=11170)
Train acc: 91.25, loss: 0.090 
result accuracy by length:
1 ( 2%) 100.00
3 ( 2%) 72.00
5 ( 2%) 48.84
7 ( 4%) 41.92
9 ( 4%) 49.75
11 ( 3%) 44.89
13 ( 4%) 43.98
15 ( 4%) 45.05
17 ( 4%) 45.15
19 ( 4%) 49.02
21 ( 4%) 45.45
23 ( 4%) 42.93
25 ( 4%) 41.50
27 ( 4%) 46.80
29 ( 3%) 44.50
31 ( 3%) 36.90
33 ( 2%) 27.86
35 ( 2%) 27.40
37 ( 2%) 23.93
39 ( 3%) 25.66
41 ( 3%) 26.85
43 ( 2%) 21.01
45 ( 2%) 19.64
47 ( 2%) 30.30
49 ( 2%) 21.13
51 ( 2%) 26.52
53 ( 2%) 23.88
55 ( 2%) 19.33
57 ( 2%) 23.08
59 ( 2%) 21.50
61 ( 1%) 23.44
63 ( 0%) 28.57
65 ( 0%) 33.33
67 ( 0%) 33.33
result accuracy by symbol:
( (91%) 35.59
) (91%) 35.59
* (87%) 33.20
+ (84%) 33.81
- (77%) 38.53
/ (76%) 37.39
0 (52%) 38.01
1 (60%) 35.68
2 (61%) 35.35
3 (62%) 34.23
4 (61%) 33.03
5 (62%) 33.92
6 (62%) 33.22
7 (63%) 33.23
8 (64%) 32.10
9 (63%) 31.16
result accuracy by digit:
0 ( 0%) 100.00
1 ( 0%) 100.00
2 ( 0%) 100.00
3 ( 0%) 100.00
4 ( 0%) 100.00
5 ( 0%) 100.00
6 ( 0%) 100.00
7 ( 0%) 100.00
8 ( 0%) 100.00
9 ( 0%) 100.00
result accuracy by result:
0 (21%) 87.14
1 (10%) 57.30
2 ( 4%) 40.91
3 ( 2%) 51.11
4 ( 2%) 33.08
5 ( 2%) 49.00
6 ( 2%) 46.09
7 ( 2%) 47.79
8 ( 2%) 53.85
9 ( 1%) 54.65
result accuracy by generalization:
1 (22.45%) 83.36
2 (22.96%) 45.69
3 (22.53%)  6.07
4 (15.82%) 42.58
5 (16.24%)  5.65
error cases:
4*6 [1, -1, 1] 24 32
6*4 [1, -1, 1] 24 48
9+3 [1, -1, 1] 12 21
5*5 [1, -1, 1] 25 35
4+2 [1, -1, 1] 6 5
5*3 [1, -1, 1] 15 21
9/5 [1, -1, 1] 2 3
7*9 [1, -1, 1] 63 81
1+3 [1, -1, 1] 4 5
3+3 [1, -1, 1] 6 9
val (Perception Acc=0.00, Head Acc=0.00, Result Acc=38.22)
Epoch time: 1m 35s
------------------------------
Evaluate on test set...
result accuracy by length:
1 ( 2%) 99.00
3 ( 2%) 71.37
5 ( 2%) 49.58
7 ( 4%) 47.37
9 ( 4%) 46.08
11 ( 4%) 46.38
13 ( 4%) 47.13
15 ( 4%) 49.19
17 ( 4%) 44.97
19 ( 4%) 46.05
21 ( 4%) 46.53
23 ( 4%) 46.31
25 ( 4%) 44.49
27 ( 4%) 46.14
29 ( 3%) 43.57
31 ( 3%) 38.69
33 ( 2%) 32.22
35 ( 2%) 28.33
37 ( 2%) 24.77
39 ( 2%) 25.70
41 ( 2%) 22.89
43 ( 2%) 24.64
45 ( 2%) 23.98
47 ( 2%) 22.66
49 ( 2%) 24.05
51 ( 2%) 24.31
53 ( 2%) 23.55
55 ( 2%) 21.57
57 ( 2%) 20.67
59 ( 2%) 24.16
61 ( 1%) 25.83
63 ( 0%) 26.78
65 ( 0%) 28.93
67 ( 0%) 34.48
69 ( 0%) 45.45
71 ( 0%) 50.00
result accuracy by symbol:
( (91%) 36.43
) (91%) 36.43
* (87%) 33.82
+ (84%) 34.70
- (78%) 38.90
/ (77%) 38.29
0 (51%) 39.34
1 (60%) 36.18
2 (61%) 35.41
3 (62%) 34.93
4 (62%) 34.36
5 (62%) 34.34
6 (62%) 33.84
7 (63%) 33.70
8 (63%) 33.19
9 (63%) 33.03
result accuracy by digit:
0 ( 0%) 100.00
1 ( 0%) 99.00
2 ( 0%) 99.00
3 ( 0%) 99.00
4 ( 0%) 100.00
5 ( 0%) 100.00
6 ( 0%) 96.00
7 ( 0%) 98.00
8 ( 0%) 99.00
9 ( 0%) 100.00
result accuracy by result:
0 (21%) 87.54
1 (11%) 59.24
2 ( 3%) 45.21
3 ( 3%) 45.01
4 ( 2%) 42.56
5 ( 2%) 47.79
6 ( 2%) 44.40
7 ( 2%) 46.48
8 ( 2%) 54.26
9 ( 2%) 51.81
result accuracy by generalization:
1 (22.84%) 83.23
2 (23.00%) 47.12
3 (22.36%)  7.43
4 (15.84%) 40.64
5 (15.95%)  7.04
error cases:
7 [-1] 7 1
7 [-1] 7 8
1 [-1] 1 2
6 [-1] 6 8
6 [-1] 6 8
6 [-1] 6 8
6 [-1] 6 8
3 [-1] 3 9
2 [-1] 2 0
8 [-1] 8 6
test (Perception Acc=0.00, Head Acc=0.00, Result Acc=39.07)
