train: 11170 val: 4900 test: 48910
Namespace(curriculum=False, dec_layers=1, dropout=0.5, emb_dim=128, enc_layers=3, epochs=100, epochs_eval=10, hid_dim=128, nhead=1, output_dir='outputs/', perception=True, perception_pretrain='data/perception-pretrain/model.pth.tar_78.2_match', resume=None, seed=0, semantics=False, seq2seq='RNN', syntax=False)
NeuralArithmetic(
  (embedding_in): EmbeddingIn(
    (embedding): Embedding(19, 128)
  )
  (seq2seq): RNNModel(
    (encoder): GRU(128, 128, num_layers=3, dropout=0.5, bidirectional=True)
    (decoder): GRU(128, 256, dropout=0.5)
    (embedding_out): Embedding(13, 128)
    (classifier_out): Linear(in_features=256, out_features=13, bias=True)
  )
)
------------------------------
Epoch 0/99 (max_len=inf, data=11170, lr=0.0)
Train acc: 19.43, loss: 1.919 
Epoch time: 0m 13s
------------------------------
Epoch 1/99 (max_len=inf, data=11170, lr=0.0002)
Train acc: 34.10, loss: 1.241 
Epoch time: 0m 13s
------------------------------
Epoch 2/99 (max_len=inf, data=11170, lr=0.0004)
Train acc: 39.76, loss: 1.058 
Epoch time: 0m 13s
------------------------------
Epoch 3/99 (max_len=inf, data=11170, lr=0.0006)
Train acc: 48.38, loss: 0.896 
Epoch time: 0m 13s
------------------------------
Epoch 4/99 (max_len=inf, data=11170, lr=0.0008)
Train acc: 53.57, loss: 0.789 
Epoch time: 0m 13s
------------------------------
Epoch 5/99 (max_len=inf, data=11170, lr=0.001)
Train acc: 56.66, loss: 0.708 
Epoch time: 0m 13s
------------------------------
Epoch 6/99 (max_len=inf, data=11170, lr=0.0009894736842105264)
Train acc: 59.06, loss: 0.641 
Epoch time: 0m 13s
------------------------------
Epoch 7/99 (max_len=inf, data=11170, lr=0.0009789473684210528)
Train acc: 61.47, loss: 0.597 
Epoch time: 0m 13s
------------------------------
Epoch 8/99 (max_len=inf, data=11170, lr=0.000968421052631579)
Train acc: 63.27, loss: 0.552 
Epoch time: 0m 13s
------------------------------
Epoch 9/99 (max_len=inf, data=11170, lr=0.0009578947368421053)
Train acc: 64.13, loss: 0.526 
result accuracy by length:
1 ( 2%) 100.00
3 ( 2%) 54.00
5 ( 2%) 45.74
7 ( 4%) 37.55
9 ( 4%) 46.73
11 ( 3%) 41.48
13 ( 4%) 43.98
15 ( 4%) 44.06
17 ( 4%) 43.69
19 ( 4%) 49.02
21 ( 4%) 45.45
23 ( 4%) 41.46
25 ( 4%) 38.00
27 ( 4%) 46.80
29 ( 3%) 45.03
31 ( 3%) 46.43
33 ( 2%) 30.00
35 ( 2%) 32.88
37 ( 2%) 37.61
39 ( 3%) 30.92
41 ( 3%) 32.21
43 ( 2%) 26.09
45 ( 2%) 32.14
47 ( 2%) 40.91
49 ( 2%) 33.10
51 ( 2%) 38.64
53 ( 2%) 35.07
55 ( 2%) 21.85
57 ( 2%) 32.87
59 ( 2%) 28.04
61 ( 1%) 42.19
63 ( 0%) 25.71
65 ( 0%) 33.33
67 ( 0%) 66.67
result accuracy by symbol:
( (91%) 38.78
) (91%) 38.78
* (87%) 36.46
+ (84%) 37.10
- (77%) 42.31
/ (76%) 41.81
0 (52%) 41.88
1 (60%) 40.19
2 (61%) 39.47
3 (62%) 38.10
4 (61%) 37.38
5 (62%) 38.54
6 (62%) 37.01
7 (63%) 37.13
8 (64%) 35.80
9 (63%) 35.82
result accuracy by digit:
0 ( 0%) 100.00
1 ( 0%) 100.00
2 ( 0%) 100.00
3 ( 0%) 100.00
4 ( 0%) 100.00
5 ( 0%) 100.00
6 ( 0%) 100.00
7 ( 0%) 100.00
8 ( 0%) 100.00
9 ( 0%) 100.00
result accuracy by result:
0 (21%) 95.90
1 (10%) 78.84
2 ( 4%) 48.99
3 ( 2%) 43.70
4 ( 2%) 43.61
5 ( 2%) 49.00
6 ( 2%) 53.91
7 ( 2%) 55.75
8 ( 2%) 37.61
9 ( 1%) 61.63
result accuracy by generalization:
1 (22.45%) 67.09
2 (22.96%) 57.16
3 (22.53%)  9.24
4 (15.82%) 54.45
5 (16.24%) 11.06
error cases:
5*9 [1, -1, 1] 45 781
4*6 [1, -1, 1] 24 64
9-7 [1, -1, 1] 2 0
6*4 [1, -1, 1] 24 44
3+2 [1, -1, 1] 5 6
3*5 [1, -1, 1] 15 25
6/4 [1, -1, 1] 2 1
6/3 [1, -1, 1] 2 1
9+3 [1, -1, 1] 12 11
5*5 [1, -1, 1] 25 45
val (Perception Acc=0.00, Head Acc=0.00, Result Acc=40.67)
Epoch time: 0m 24s
------------------------------
Epoch 10/99 (max_len=inf, data=11170, lr=0.0009473684210526315)
Train acc: 66.59, loss: 0.493 
Epoch time: 0m 13s
------------------------------
Epoch 11/99 (max_len=inf, data=11170, lr=0.0009368421052631579)
Train acc: 67.01, loss: 0.473 
Epoch time: 0m 13s
------------------------------
Epoch 12/99 (max_len=inf, data=11170, lr=0.0009263157894736843)
Train acc: 68.54, loss: 0.452 
Epoch time: 0m 13s
------------------------------
Epoch 13/99 (max_len=inf, data=11170, lr=0.0009157894736842105)
Train acc: 69.57, loss: 0.432 
Epoch time: 0m 13s
------------------------------
Epoch 14/99 (max_len=inf, data=11170, lr=0.0009052631578947369)
Train acc: 70.13, loss: 0.419 
Epoch time: 0m 13s
------------------------------
Epoch 15/99 (max_len=inf, data=11170, lr=0.0008947368421052632)
Train acc: 70.94, loss: 0.414 
Epoch time: 0m 13s
------------------------------
Epoch 16/99 (max_len=inf, data=11170, lr=0.0008842105263157894)
Train acc: 72.26, loss: 0.395 
Epoch time: 0m 13s
------------------------------
Epoch 17/99 (max_len=inf, data=11170, lr=0.0008736842105263159)
Train acc: 72.88, loss: 0.377 
Epoch time: 0m 13s
------------------------------
Epoch 18/99 (max_len=inf, data=11170, lr=0.0008631578947368422)
Train acc: 73.33, loss: 0.371 
Epoch time: 0m 13s
------------------------------
Epoch 19/99 (max_len=inf, data=11170, lr=0.0008526315789473684)
Train acc: 74.36, loss: 0.357 
result accuracy by length:
1 ( 2%) 100.00
3 ( 2%) 61.00
5 ( 2%) 53.49
7 ( 4%) 46.29
9 ( 4%) 51.26
11 ( 3%) 44.89
13 ( 4%) 50.46
15 ( 4%) 47.03
17 ( 4%) 50.00
19 ( 4%) 49.02
21 ( 4%) 47.98
23 ( 4%) 44.88
25 ( 4%) 43.00
27 ( 4%) 53.69
29 ( 3%) 47.64
31 ( 3%) 43.45
33 ( 2%) 37.86
35 ( 2%) 32.19
37 ( 2%) 36.75
39 ( 3%) 36.18
41 ( 3%) 32.89
43 ( 2%) 25.36
45 ( 2%) 33.04
47 ( 2%) 40.15
49 ( 2%) 32.39
51 ( 2%) 36.36
53 ( 2%) 37.31
55 ( 2%) 26.05
57 ( 2%) 35.66
59 ( 2%) 28.97
61 ( 1%) 43.75
63 ( 0%) 37.14
65 ( 0%) 33.33
67 ( 0%) 33.33
result accuracy by symbol:
( (91%) 41.68
) (91%) 41.68
* (87%) 38.97
+ (84%) 39.89
- (77%) 45.01
/ (76%) 45.01
0 (52%) 45.20
1 (60%) 43.71
2 (61%) 42.19
3 (62%) 40.52
4 (61%) 40.27
5 (62%) 40.49
6 (62%) 39.40
7 (63%) 39.26
8 (64%) 38.06
9 (63%) 38.09
result accuracy by digit:
0 ( 0%) 100.00
1 ( 0%) 100.00
2 ( 0%) 100.00
3 ( 0%) 100.00
4 ( 0%) 100.00
5 ( 0%) 100.00
6 ( 0%) 100.00
7 ( 0%) 100.00
8 ( 0%) 100.00
9 ( 0%) 100.00
result accuracy by result:
0 (21%) 95.71
1 (10%) 75.66
2 ( 4%) 61.11
3 ( 2%) 62.96
4 ( 2%) 50.38
5 ( 2%) 53.00
6 ( 2%) 61.74
7 ( 2%) 59.29
8 ( 2%) 51.28
9 ( 1%) 69.77
result accuracy by generalization:
1 (22.45%) 76.18
2 (22.96%) 60.27
3 (22.53%)  8.79
4 (15.82%) 55.74
5 (16.24%) 12.44
error cases:
5*9 [1, -1, 1] 45 90
8+3 [1, -1, 1] 11 13
4*6 [1, -1, 1] 24 32
6*4 [1, -1, 1] 24 32
9-3 [1, -1, 1] 6 7
3+2 [1, -1, 1] 5 6
3*5 [1, -1, 1] 15 25
6/4 [1, -1, 1] 2 1
6/3 [1, -1, 1] 2 1
9+3 [1, -1, 1] 12 13
val (Perception Acc=0.00, Head Acc=0.00, Result Acc=43.76)
Epoch time: 0m 24s
------------------------------
Epoch 20/99 (max_len=inf, data=11170, lr=0.0008421052631578947)
Train acc: 75.92, loss: 0.341 
Epoch time: 0m 13s
------------------------------
Epoch 21/99 (max_len=inf, data=11170, lr=0.0008315789473684212)
Train acc: 75.75, loss: 0.337 
Epoch time: 0m 13s
------------------------------
Epoch 22/99 (max_len=inf, data=11170, lr=0.0008210526315789474)
Train acc: 76.44, loss: 0.325 
Epoch time: 0m 13s
------------------------------
Epoch 23/99 (max_len=inf, data=11170, lr=0.0008105263157894737)
Train acc: 77.33, loss: 0.315 
Epoch time: 0m 13s
------------------------------
Epoch 24/99 (max_len=inf, data=11170, lr=0.0008)
Train acc: 78.28, loss: 0.302 
Epoch time: 0m 13s
------------------------------
Epoch 25/99 (max_len=inf, data=11170, lr=0.0007894736842105263)
Train acc: 78.21, loss: 0.300 
Epoch time: 0m 13s
------------------------------
Epoch 26/99 (max_len=inf, data=11170, lr=0.0007789473684210527)
Train acc: 79.76, loss: 0.287 
Epoch time: 0m 13s
------------------------------
Epoch 27/99 (max_len=inf, data=11170, lr=0.0007684210526315789)
Train acc: 80.26, loss: 0.277 
Epoch time: 0m 13s
------------------------------
Epoch 28/99 (max_len=inf, data=11170, lr=0.0007578947368421053)
Train acc: 80.74, loss: 0.267 
Epoch time: 0m 13s
------------------------------
Epoch 29/99 (max_len=inf, data=11170, lr=0.0007473684210526316)
Train acc: 81.10, loss: 0.260 
result accuracy by length:
1 ( 2%) 90.00
3 ( 2%) 71.00
5 ( 2%) 57.36
7 ( 4%) 50.66
9 ( 4%) 55.28
11 ( 3%) 48.86
13 ( 4%) 52.78
15 ( 4%) 50.00
17 ( 4%) 53.88
19 ( 4%) 53.92
21 ( 4%) 50.51
23 ( 4%) 47.80
25 ( 4%) 44.00
27 ( 4%) 53.69
29 ( 3%) 51.83
31 ( 3%) 50.60
33 ( 2%) 37.86
35 ( 2%) 36.30
37 ( 2%) 38.46
39 ( 3%) 36.18
41 ( 3%) 40.94
43 ( 2%) 27.54
45 ( 2%) 34.82
47 ( 2%) 40.91
49 ( 2%) 30.99
51 ( 2%) 36.36
53 ( 2%) 37.31
55 ( 2%) 26.89
57 ( 2%) 32.17
59 ( 2%) 29.91
61 ( 1%) 37.50
63 ( 0%) 34.29
65 ( 0%) 33.33
67 ( 0%) 33.33
result accuracy by symbol:
( (91%) 43.83
) (91%) 43.83
* (87%) 41.13
+ (84%) 42.41
- (77%) 47.45
/ (76%) 47.11
0 (52%) 46.72
1 (60%) 44.98
2 (61%) 43.46
3 (62%) 43.11
4 (61%) 41.86
5 (62%) 42.48
6 (62%) 41.78
7 (63%) 41.46
8 (64%) 40.48
9 (63%) 39.24
result accuracy by digit:
0 ( 0%) 100.00
1 ( 0%) 100.00
2 ( 0%) 100.00
3 ( 0%) 100.00
4 ( 0%) 100.00
5 ( 0%) 100.00
6 ( 0%) 100.00
7 ( 0%) 100.00
8 ( 0%) 100.00
9 ( 0%)  0.00
result accuracy by result:
0 (21%) 95.90
1 (10%) 76.03
2 ( 4%) 73.74
3 ( 2%) 62.96
4 ( 2%) 50.38
5 ( 2%) 63.00
6 ( 2%) 60.00
7 ( 2%) 61.95
8 ( 2%) 64.10
9 ( 1%) 66.28
result accuracy by generalization:
1 (22.45%) 82.09
2 (22.96%) 62.76
3 (22.53%)  9.42
4 (15.82%) 56.00
5 (16.24%) 13.19
error cases:
9 [-1] 9 7
9 [-1] 9 7
9 [-1] 9 7
9 [-1] 9 7
9 [-1] 9 7
9 [-1] 9 7
9 [-1] 9 7
9 [-1] 9 7
9 [-1] 9 7
9 [-1] 9 7
val (Perception Acc=0.00, Head Acc=0.00, Result Acc=45.96)
Epoch time: 0m 24s
------------------------------
Epoch 30/99 (max_len=inf, data=11170, lr=0.0007368421052631579)
Train acc: 81.89, loss: 0.252 
Epoch time: 0m 13s
------------------------------
Epoch 31/99 (max_len=inf, data=11170, lr=0.0007263157894736843)
Train acc: 82.47, loss: 0.246 
Epoch time: 0m 13s
------------------------------
Epoch 32/99 (max_len=inf, data=11170, lr=0.0007157894736842105)
Train acc: 82.84, loss: 0.238 
Epoch time: 0m 13s
------------------------------
Epoch 33/99 (max_len=inf, data=11170, lr=0.0007052631578947368)
Train acc: 83.84, loss: 0.227 
Epoch time: 0m 13s
------------------------------
Epoch 34/99 (max_len=inf, data=11170, lr=0.0006947368421052632)
Train acc: 83.71, loss: 0.226 
Epoch time: 0m 13s
------------------------------
Epoch 35/99 (max_len=inf, data=11170, lr=0.0006842105263157895)
Train acc: 84.46, loss: 0.215 
Epoch time: 0m 13s
------------------------------
Epoch 36/99 (max_len=inf, data=11170, lr=0.0006736842105263158)
Train acc: 84.71, loss: 0.211 
Epoch time: 0m 13s
------------------------------
Epoch 37/99 (max_len=inf, data=11170, lr=0.0006631578947368421)
Train acc: 85.49, loss: 0.202 
Epoch time: 0m 13s
------------------------------
Epoch 38/99 (max_len=inf, data=11170, lr=0.0006526315789473684)
Train acc: 86.19, loss: 0.196 
Epoch time: 0m 13s
------------------------------
Epoch 39/99 (max_len=inf, data=11170, lr=0.0006421052631578948)
Train acc: 86.54, loss: 0.189 
result accuracy by length:
1 ( 2%) 100.00
3 ( 2%) 67.00
5 ( 2%) 58.14
7 ( 4%) 51.09
9 ( 4%) 55.28
11 ( 3%) 49.43
13 ( 4%) 53.70
15 ( 4%) 51.49
17 ( 4%) 55.83
19 ( 4%) 59.31
21 ( 4%) 54.04
23 ( 4%) 47.80
25 ( 4%) 50.00
27 ( 4%) 59.61
29 ( 3%) 52.36
31 ( 3%) 51.19
33 ( 2%) 40.00
35 ( 2%) 35.62
37 ( 2%) 40.17
39 ( 3%) 34.87
41 ( 3%) 41.61
43 ( 2%) 26.81
45 ( 2%) 35.71
47 ( 2%) 39.39
49 ( 2%) 32.39
51 ( 2%) 37.12
53 ( 2%) 32.84
55 ( 2%) 30.25
57 ( 2%) 34.27
59 ( 2%) 30.84
61 ( 1%) 40.62
63 ( 0%) 34.29
65 ( 0%) 33.33
67 ( 0%) 66.67
result accuracy by symbol:
( (91%) 45.28
) (91%) 45.28
* (87%) 42.50
+ (84%) 43.71
- (77%) 48.92
/ (76%) 48.44
0 (52%) 47.89
1 (60%) 46.65
2 (61%) 44.82
3 (62%) 44.33
4 (61%) 43.45
5 (62%) 43.72
6 (62%) 42.89
7 (63%) 43.20
8 (64%) 41.24
9 (63%) 41.09
result accuracy by digit:
0 ( 0%) 100.00
1 ( 0%) 100.00
2 ( 0%) 100.00
3 ( 0%) 100.00
4 ( 0%) 100.00
5 ( 0%) 100.00
6 ( 0%) 100.00
7 ( 0%) 100.00
8 ( 0%) 100.00
9 ( 0%) 100.00
result accuracy by result:
0 (21%) 95.43
1 (10%) 80.71
2 ( 4%) 66.67
3 ( 2%) 65.93
4 ( 2%) 56.39
5 ( 2%) 66.00
6 ( 2%) 55.65
7 ( 2%) 66.37
8 ( 2%) 59.83
9 ( 1%) 76.74
result accuracy by generalization:
1 (22.45%) 88.64
2 (22.96%) 61.78
3 (22.53%)  9.87
4 (15.82%) 56.13
5 (16.24%) 13.69
error cases:
5*9 [1, -1, 1] 45 90
8+3 [1, -1, 1] 11 13
4*6 [1, -1, 1] 24 32
9-7 [1, -1, 1] 2 1
6*4 [1, -1, 1] 24 32
3+2 [1, -1, 1] 5 6
6/3 [1, -1, 1] 2 1
9+3 [1, -1, 1] 12 14
5*5 [1, -1, 1] 25 35
4+2 [1, -1, 1] 6 7
val (Perception Acc=0.00, Head Acc=0.00, Result Acc=47.41)
Epoch time: 0m 24s
------------------------------
Epoch 40/99 (max_len=inf, data=11170, lr=0.0006315789473684211)
Train acc: 86.58, loss: 0.188 
Epoch time: 0m 13s
------------------------------
Epoch 41/99 (max_len=inf, data=11170, lr=0.0006210526315789474)
Train acc: 87.69, loss: 0.173 
Epoch time: 0m 13s
------------------------------
Epoch 42/99 (max_len=inf, data=11170, lr=0.0006105263157894737)
Train acc: 88.16, loss: 0.170 
Epoch time: 0m 13s
------------------------------
Epoch 43/99 (max_len=inf, data=11170, lr=0.0006)
Train acc: 88.97, loss: 0.161 
Epoch time: 0m 13s
------------------------------
Epoch 44/99 (max_len=inf, data=11170, lr=0.0005894736842105263)
Train acc: 88.96, loss: 0.158 
Epoch time: 0m 13s
------------------------------
Epoch 45/99 (max_len=inf, data=11170, lr=0.0005789473684210527)
Train acc: 89.57, loss: 0.155 
Epoch time: 0m 13s
------------------------------
Epoch 46/99 (max_len=inf, data=11170, lr=0.0005684210526315789)
Train acc: 90.01, loss: 0.146 
Epoch time: 0m 12s
------------------------------
Epoch 47/99 (max_len=inf, data=11170, lr=0.0005578947368421052)
Train acc: 90.25, loss: 0.144 
Epoch time: 0m 13s
------------------------------
Epoch 48/99 (max_len=inf, data=11170, lr=0.0005473684210526317)
Train acc: 90.94, loss: 0.136 
Epoch time: 0m 13s
------------------------------
Epoch 49/99 (max_len=inf, data=11170, lr=0.0005368421052631579)
Train acc: 91.12, loss: 0.131 
result accuracy by length:
1 ( 2%) 100.00
3 ( 2%) 79.00
5 ( 2%) 55.04
7 ( 4%) 51.09
9 ( 4%) 56.28
11 ( 3%) 50.57
13 ( 4%) 55.09
15 ( 4%) 56.44
17 ( 4%) 54.37
19 ( 4%) 55.88
21 ( 4%) 54.04
23 ( 4%) 49.27
25 ( 4%) 49.00
27 ( 4%) 60.59
29 ( 3%) 53.40
31 ( 3%) 53.57
33 ( 2%) 38.57
35 ( 2%) 36.30
37 ( 2%) 38.46
39 ( 3%) 33.55
41 ( 3%) 38.26
43 ( 2%) 24.64
45 ( 2%) 33.93
47 ( 2%) 38.64
49 ( 2%) 29.58
51 ( 2%) 36.36
53 ( 2%) 32.09
55 ( 2%) 26.05
57 ( 2%) 30.77
59 ( 2%) 30.84
61 ( 1%) 35.94
63 ( 0%) 37.14
65 ( 0%) 33.33
67 ( 0%) 33.33
result accuracy by symbol:
( (91%) 44.85
) (91%) 44.85
* (87%) 41.92
+ (84%) 43.28
- (77%) 48.14
/ (76%) 47.86
0 (52%) 47.54
1 (60%) 46.02
2 (61%) 44.29
3 (62%) 43.87
4 (61%) 42.92
5 (62%) 42.94
6 (62%) 41.98
7 (63%) 42.36
8 (64%) 40.76
9 (63%) 40.52
result accuracy by digit:
0 ( 0%) 100.00
1 ( 0%) 100.00
2 ( 0%) 100.00
3 ( 0%) 100.00
4 ( 0%) 100.00
5 ( 0%) 100.00
6 ( 0%) 100.00
7 ( 0%) 100.00
8 ( 0%) 100.00
9 ( 0%) 100.00
result accuracy by result:
0 (21%) 94.57
1 (10%) 76.03
2 ( 4%) 69.19
3 ( 2%) 65.19
4 ( 2%) 56.39
5 ( 2%) 65.00
6 ( 2%) 56.52
7 ( 2%) 69.91
8 ( 2%) 57.26
9 ( 1%) 84.88
result accuracy by generalization:
1 (22.45%) 90.64
2 (22.96%) 62.13
3 (22.53%)  9.42
4 (15.82%) 53.03
5 (16.24%) 12.69
error cases:
5*9 [1, -1, 1] 45 90
8+3 [1, -1, 1] 11 13
4*6 [1, -1, 1] 24 32
9+3 [1, -1, 1] 12 14
5*5 [1, -1, 1] 25 35
4+2 [1, -1, 1] 6 7
2*4 [1, -1, 1] 8 12
5*3 [1, -1, 1] 15 25
3+3 [1, -1, 1] 6 7
6+9 [1, -1, 1] 15 17
val (Perception Acc=0.00, Head Acc=0.00, Result Acc=47.18)
Epoch time: 0m 23s
------------------------------
Epoch 50/99 (max_len=inf, data=11170, lr=0.0005263157894736842)
Train acc: 91.23, loss: 0.129 
Epoch time: 0m 12s
------------------------------
Epoch 51/99 (max_len=inf, data=11170, lr=0.0005157894736842106)
Train acc: 91.56, loss: 0.127 
Epoch time: 0m 13s
------------------------------
Epoch 52/99 (max_len=inf, data=11170, lr=0.0005052631578947368)
Train acc: 91.66, loss: 0.121 
Epoch time: 0m 13s
------------------------------
Epoch 53/99 (max_len=inf, data=11170, lr=0.0004947368421052632)
Train acc: 91.90, loss: 0.115 
Epoch time: 0m 13s
------------------------------
Epoch 54/99 (max_len=inf, data=11170, lr=0.0004842105263157895)
Train acc: 93.08, loss: 0.107 
Epoch time: 0m 13s
------------------------------
Epoch 55/99 (max_len=inf, data=11170, lr=0.00047368421052631577)
Train acc: 93.00, loss: 0.108 
Epoch time: 0m 13s
------------------------------
Epoch 56/99 (max_len=inf, data=11170, lr=0.00046315789473684214)
Train acc: 93.60, loss: 0.100 
Epoch time: 0m 13s
------------------------------
Epoch 57/99 (max_len=inf, data=11170, lr=0.00045263157894736845)
Train acc: 93.51, loss: 0.099 
Epoch time: 0m 13s
------------------------------
Epoch 58/99 (max_len=inf, data=11170, lr=0.0004421052631578947)
Train acc: 94.30, loss: 0.091 
Epoch time: 0m 13s
------------------------------
Epoch 59/99 (max_len=inf, data=11170, lr=0.0004315789473684211)
Train acc: 94.07, loss: 0.090 
result accuracy by length:
1 ( 2%) 100.00
3 ( 2%) 79.00
5 ( 2%) 57.36
7 ( 4%) 53.71
9 ( 4%) 59.30
11 ( 3%) 50.57
13 ( 4%) 57.41
15 ( 4%) 58.91
17 ( 4%) 56.80
19 ( 4%) 59.80
21 ( 4%) 54.55
23 ( 4%) 50.24
25 ( 4%) 52.50
27 ( 4%) 59.11
29 ( 3%) 52.36
31 ( 3%) 52.38
33 ( 2%) 39.29
35 ( 2%) 36.99
37 ( 2%) 42.74
39 ( 3%) 33.55
41 ( 3%) 42.28
43 ( 2%) 26.09
45 ( 2%) 34.82
47 ( 2%) 41.67
49 ( 2%) 30.99
51 ( 2%) 34.85
53 ( 2%) 30.60
55 ( 2%) 25.21
57 ( 2%) 32.17
59 ( 2%) 28.97
61 ( 1%) 34.38
63 ( 0%) 34.29
65 ( 0%) 33.33
67 ( 0%) 33.33
result accuracy by symbol:
( (91%) 45.99
) (91%) 45.99
* (87%) 43.15
+ (84%) 44.48
- (77%) 49.16
/ (76%) 48.76
0 (52%) 48.20
1 (60%) 46.89
2 (61%) 45.42
3 (62%) 44.59
4 (61%) 43.81
5 (62%) 44.04
6 (62%) 43.09
7 (63%) 43.72
8 (64%) 41.53
9 (63%) 41.25
result accuracy by digit:
0 ( 0%) 100.00
1 ( 0%) 100.00
2 ( 0%) 100.00
3 ( 0%) 100.00
4 ( 0%) 100.00
5 ( 0%) 100.00
6 ( 0%) 100.00
7 ( 0%) 100.00
8 ( 0%) 100.00
9 ( 0%) 100.00
result accuracy by result:
0 (21%) 94.76
1 (10%) 78.65
2 ( 4%) 73.23
3 ( 2%) 61.48
4 ( 2%) 56.39
5 ( 2%) 65.00
6 ( 2%) 52.17
7 ( 2%) 67.26
8 ( 2%) 62.39
9 ( 1%) 81.40
result accuracy by generalization:
1 (22.45%) 94.73
2 (22.96%) 61.96
3 (22.53%)  9.87
4 (15.82%) 53.94
5 (16.24%) 12.81
error cases:
5*9 [1, -1, 1] 45 70
8+3 [1, -1, 1] 11 13
4*6 [1, -1, 1] 24 32
3+2 [1, -1, 1] 5 6
6/3 [1, -1, 1] 2 1
9+3 [1, -1, 1] 12 13
4+2 [1, -1, 1] 6 7
7/2 [1, -1, 1] 4 3
3+3 [1, -1, 1] 6 7
6+9 [1, -1, 1] 15 17
val (Perception Acc=0.00, Head Acc=0.00, Result Acc=48.33)
Epoch time: 0m 23s
------------------------------
Epoch 60/99 (max_len=inf, data=11170, lr=0.00042105263157894734)
Train acc: 94.58, loss: 0.088 
Epoch time: 0m 13s
------------------------------
Epoch 61/99 (max_len=inf, data=11170, lr=0.0004105263157894737)
Train acc: 94.74, loss: 0.083 
Epoch time: 0m 13s
------------------------------
Epoch 62/99 (max_len=inf, data=11170, lr=0.0004)
Train acc: 94.98, loss: 0.080 
Epoch time: 0m 13s
------------------------------
Epoch 63/99 (max_len=inf, data=11170, lr=0.00038947368421052633)
Train acc: 95.13, loss: 0.079 
Epoch time: 0m 13s
------------------------------
Epoch 64/99 (max_len=inf, data=11170, lr=0.00037894736842105265)
Train acc: 95.25, loss: 0.078 
Epoch time: 0m 13s
------------------------------
Epoch 65/99 (max_len=inf, data=11170, lr=0.00036842105263157896)
Train acc: 95.81, loss: 0.070 
Epoch time: 0m 13s
------------------------------
Epoch 66/99 (max_len=inf, data=11170, lr=0.0003578947368421053)
Train acc: 96.03, loss: 0.068 
Epoch time: 0m 13s
------------------------------
Epoch 67/99 (max_len=inf, data=11170, lr=0.0003473684210526316)
Train acc: 96.38, loss: 0.064 
Epoch time: 0m 13s
------------------------------
Epoch 68/99 (max_len=inf, data=11170, lr=0.0003368421052631579)
Train acc: 96.15, loss: 0.064 
Epoch time: 0m 13s
------------------------------
Epoch 69/99 (max_len=inf, data=11170, lr=0.0003263157894736842)
Train acc: 96.34, loss: 0.059 
result accuracy by length:
1 ( 2%) 100.00
3 ( 2%) 80.00
5 ( 2%) 56.59
7 ( 4%) 49.34
9 ( 4%) 60.30
11 ( 3%) 52.27
13 ( 4%) 57.41
15 ( 4%) 59.41
17 ( 4%) 56.31
19 ( 4%) 60.78
21 ( 4%) 57.07
23 ( 4%) 49.76
25 ( 4%) 53.00
27 ( 4%) 59.61
29 ( 3%) 53.40
31 ( 3%) 52.38
33 ( 2%) 41.43
35 ( 2%) 35.62
37 ( 2%) 40.17
39 ( 3%) 34.21
41 ( 3%) 42.95
43 ( 2%) 25.36
45 ( 2%) 33.93
47 ( 2%) 38.64
49 ( 2%) 30.99
51 ( 2%) 33.33
53 ( 2%) 32.09
55 ( 2%) 26.89
57 ( 2%) 34.27
59 ( 2%) 29.91
61 ( 1%) 35.94
63 ( 0%) 34.29
65 ( 0%) 33.33
67 ( 0%) 33.33
result accuracy by symbol:
( (91%) 46.15
) (91%) 46.15
* (87%) 43.32
+ (84%) 44.67
- (77%) 49.48
/ (76%) 48.95
0 (52%) 48.55
1 (60%) 46.95
2 (61%) 45.58
3 (62%) 44.98
4 (61%) 43.95
5 (62%) 44.27
6 (62%) 43.25
7 (63%) 43.75
8 (64%) 41.50
9 (63%) 41.48
result accuracy by digit:
0 ( 0%) 100.00
1 ( 0%) 100.00
2 ( 0%) 100.00
3 ( 0%) 100.00
4 ( 0%) 100.00
5 ( 0%) 100.00
6 ( 0%) 100.00
7 ( 0%) 100.00
8 ( 0%) 100.00
9 ( 0%) 100.00
result accuracy by result:
0 (21%) 95.24
1 (10%) 79.21
2 ( 4%) 66.67
3 ( 2%) 62.96
4 ( 2%) 58.65
5 ( 2%) 66.00
6 ( 2%) 66.09
7 ( 2%) 65.49
8 ( 2%) 59.83
9 ( 1%) 77.91
result accuracy by generalization:
1 (22.45%) 95.09
2 (22.96%) 62.31
3 (22.53%)  9.42
4 (15.82%) 53.94
5 (16.24%) 13.19
error cases:
5*9 [1, -1, 1] 45 75
8+3 [1, -1, 1] 11 13
4*6 [1, -1, 1] 24 32
3+2 [1, -1, 1] 5 6
6/3 [1, -1, 1] 2 1
9+3 [1, -1, 1] 12 13
7*9 [1, -1, 1] 63 81
7/2 [1, -1, 1] 4 3
6+9 [1, -1, 1] 15 17
1+8 [1, -1, 1] 9 10
val (Perception Acc=0.00, Head Acc=0.00, Result Acc=48.45)
Epoch time: 0m 23s
------------------------------
Epoch 70/99 (max_len=inf, data=11170, lr=0.00031578947368421053)
Train acc: 96.36, loss: 0.060 
Epoch time: 0m 13s
------------------------------
Epoch 71/99 (max_len=inf, data=11170, lr=0.00030526315789473684)
Train acc: 96.75, loss: 0.056 
Epoch time: 0m 13s
------------------------------
Epoch 72/99 (max_len=inf, data=11170, lr=0.00029473684210526316)
Train acc: 96.88, loss: 0.053 
Epoch time: 0m 13s
------------------------------
Epoch 73/99 (max_len=inf, data=11170, lr=0.00028421052631578947)
Train acc: 96.89, loss: 0.053 
Epoch time: 0m 13s
------------------------------
Epoch 74/99 (max_len=inf, data=11170, lr=0.00027368421052631584)
Train acc: 97.03, loss: 0.051 
Epoch time: 0m 13s
------------------------------
Epoch 75/99 (max_len=inf, data=11170, lr=0.0002631578947368421)
Train acc: 97.48, loss: 0.047 
Epoch time: 0m 13s
------------------------------
Epoch 76/99 (max_len=inf, data=11170, lr=0.0002526315789473684)
Train acc: 97.31, loss: 0.048 
Epoch time: 0m 13s
------------------------------
Epoch 77/99 (max_len=inf, data=11170, lr=0.00024210526315789475)
Train acc: 97.49, loss: 0.044 
Epoch time: 0m 13s
------------------------------
Epoch 78/99 (max_len=inf, data=11170, lr=0.00023157894736842107)
Train acc: 97.95, loss: 0.041 
Epoch time: 0m 13s
------------------------------
Epoch 79/99 (max_len=inf, data=11170, lr=0.00022105263157894735)
Train acc: 97.80, loss: 0.041 
result accuracy by length:
1 ( 2%) 100.00
3 ( 2%) 85.00
5 ( 2%) 58.91
7 ( 4%) 51.97
9 ( 4%) 60.80
11 ( 3%) 53.98
13 ( 4%) 58.80
15 ( 4%) 58.91
17 ( 4%) 58.25
19 ( 4%) 61.76
21 ( 4%) 56.06
23 ( 4%) 51.71
25 ( 4%) 53.50
27 ( 4%) 60.10
29 ( 3%) 53.93
31 ( 3%) 51.79
33 ( 2%) 41.43
35 ( 2%) 34.93
37 ( 2%) 41.88
39 ( 3%) 35.53
41 ( 3%) 42.28
43 ( 2%) 27.54
45 ( 2%) 38.39
47 ( 2%) 40.15
49 ( 2%) 30.28
51 ( 2%) 37.12
53 ( 2%) 32.09
55 ( 2%) 30.25
57 ( 2%) 32.87
59 ( 2%) 28.97
61 ( 1%) 35.94
63 ( 0%) 37.14
65 ( 0%) 33.33
67 ( 0%) 33.33
result accuracy by symbol:
( (91%) 47.06
) (91%) 47.06
* (87%) 44.15
+ (84%) 45.78
- (77%) 50.26
/ (76%) 49.91
0 (52%) 49.57
1 (60%) 48.13
2 (61%) 46.51
3 (62%) 45.70
4 (61%) 45.24
5 (62%) 44.86
6 (62%) 44.20
7 (63%) 44.62
8 (64%) 42.29
9 (63%) 42.27
result accuracy by digit:
0 ( 0%) 100.00
1 ( 0%) 100.00
2 ( 0%) 100.00
3 ( 0%) 100.00
4 ( 0%) 100.00
5 ( 0%) 100.00
6 ( 0%) 100.00
7 ( 0%) 100.00
8 ( 0%) 100.00
9 ( 0%) 100.00
result accuracy by result:
0 (21%) 94.67
1 (10%) 78.46
2 ( 4%) 72.73
3 ( 2%) 68.15
4 ( 2%) 61.65
5 ( 2%) 70.00
6 ( 2%) 66.96
7 ( 2%) 69.91
8 ( 2%) 63.25
9 ( 1%) 82.56
result accuracy by generalization:
1 (22.45%) 96.45
2 (22.96%) 63.20
3 (22.53%)  9.96
4 (15.82%) 55.10
5 (16.24%) 14.20
error cases:
5*9 [1, -1, 1] 45 63
8+3 [1, -1, 1] 11 13
6*4 [1, -1, 1] 24 32
9+3 [1, -1, 1] 12 13
7/2 [1, -1, 1] 4 3
3+3 [1, -1, 1] 6 7
6+9 [1, -1, 1] 15 17
7+3 [1, -1, 1] 10 12
3*3 [1, -1, 1] 9 19
9+7 [1, -1, 1] 16 23
val (Perception Acc=0.00, Head Acc=0.00, Result Acc=49.43)
Epoch time: 0m 23s
------------------------------
Epoch 80/99 (max_len=inf, data=11170, lr=0.00021052631578947367)
Train acc: 97.61, loss: 0.041 
Epoch time: 0m 13s
------------------------------
Epoch 81/99 (max_len=inf, data=11170, lr=0.0002)
Train acc: 98.04, loss: 0.039 
Epoch time: 0m 13s
------------------------------
Epoch 82/99 (max_len=inf, data=11170, lr=0.00018947368421052632)
Train acc: 98.18, loss: 0.036 
Epoch time: 0m 13s
------------------------------
Epoch 83/99 (max_len=inf, data=11170, lr=0.00017894736842105264)
Train acc: 98.15, loss: 0.036 
Epoch time: 0m 13s
------------------------------
Epoch 84/99 (max_len=inf, data=11170, lr=0.00016842105263157895)
Train acc: 98.28, loss: 0.035 
Epoch time: 0m 13s
------------------------------
Epoch 85/99 (max_len=inf, data=11170, lr=0.00015789473684210527)
Train acc: 98.38, loss: 0.033 
Epoch time: 0m 13s
------------------------------
Epoch 86/99 (max_len=inf, data=11170, lr=0.00014736842105263158)
Train acc: 98.65, loss: 0.031 
Epoch time: 0m 13s
------------------------------
Epoch 87/99 (max_len=inf, data=11170, lr=0.00013684210526315792)
Train acc: 98.51, loss: 0.031 
Epoch time: 0m 13s
------------------------------
Epoch 88/99 (max_len=inf, data=11170, lr=0.0001263157894736842)
Train acc: 98.71, loss: 0.029 
Epoch time: 0m 13s
------------------------------
Epoch 89/99 (max_len=inf, data=11170, lr=0.00011578947368421053)
Train acc: 98.59, loss: 0.029 
result accuracy by length:
1 ( 2%) 100.00
3 ( 2%) 84.00
5 ( 2%) 59.69
7 ( 4%) 51.09
9 ( 4%) 61.31
11 ( 3%) 52.27
13 ( 4%) 57.41
15 ( 4%) 58.91
17 ( 4%) 56.80
19 ( 4%) 62.25
21 ( 4%) 55.56
23 ( 4%) 52.20
25 ( 4%) 53.00
27 ( 4%) 59.61
29 ( 3%) 53.40
31 ( 3%) 53.57
33 ( 2%) 42.86
35 ( 2%) 35.62
37 ( 2%) 41.03
39 ( 3%) 36.84
41 ( 3%) 42.95
43 ( 2%) 26.09
45 ( 2%) 35.71
47 ( 2%) 40.91
49 ( 2%) 30.28
51 ( 2%) 34.85
53 ( 2%) 34.33
55 ( 2%) 28.57
57 ( 2%) 30.77
59 ( 2%) 29.91
61 ( 1%) 31.25
63 ( 0%) 37.14
65 ( 0%) 33.33
67 ( 0%) 33.33
result accuracy by symbol:
( (91%) 46.73
) (91%) 46.73
* (87%) 43.80
+ (84%) 45.42
- (77%) 50.00
/ (76%) 49.51
0 (52%) 48.98
1 (60%) 47.66
2 (61%) 46.28
3 (62%) 45.51
4 (61%) 44.78
5 (62%) 44.89
6 (62%) 43.61
7 (63%) 44.30
8 (64%) 42.23
9 (63%) 42.11
result accuracy by digit:
0 ( 0%) 100.00
1 ( 0%) 100.00
2 ( 0%) 100.00
3 ( 0%) 100.00
4 ( 0%) 100.00
5 ( 0%) 100.00
6 ( 0%) 100.00
7 ( 0%) 100.00
8 ( 0%) 100.00
9 ( 0%) 100.00
result accuracy by result:
0 (21%) 94.86
1 (10%) 79.59
2 ( 4%) 68.69
3 ( 2%) 63.70
4 ( 2%) 61.65
5 ( 2%) 69.00
6 ( 2%) 66.96
7 ( 2%) 69.03
8 ( 2%) 63.25
9 ( 1%) 80.23
result accuracy by generalization:
1 (22.45%) 96.45
2 (22.96%) 62.40
3 (22.53%) 10.14
4 (15.82%) 54.58
5 (16.24%) 13.69
error cases:
5*9 [1, -1, 1] 45 63
8+3 [1, -1, 1] 11 13
4*6 [1, -1, 1] 24 32
6*4 [1, -1, 1] 24 32
6/3 [1, -1, 1] 2 1
9+3 [1, -1, 1] 12 13
7*9 [1, -1, 1] 63 81
7/2 [1, -1, 1] 4 3
6+9 [1, -1, 1] 15 17
7+3 [1, -1, 1] 10 11
val (Perception Acc=0.00, Head Acc=0.00, Result Acc=49.12)
Epoch time: 0m 23s
------------------------------
Epoch 90/99 (max_len=inf, data=11170, lr=0.00010526315789473683)
Train acc: 98.64, loss: 0.028 
Epoch time: 0m 13s
------------------------------
Epoch 91/99 (max_len=inf, data=11170, lr=9.473684210526316e-05)
Train acc: 98.96, loss: 0.026 
Epoch time: 0m 13s
------------------------------
Epoch 92/99 (max_len=inf, data=11170, lr=8.421052631578948e-05)
Train acc: 98.84, loss: 0.025 
Epoch time: 0m 12s
------------------------------
Epoch 93/99 (max_len=inf, data=11170, lr=7.368421052631579e-05)
Train acc: 98.77, loss: 0.026 
Epoch time: 0m 13s
------------------------------
Epoch 94/99 (max_len=inf, data=11170, lr=6.31578947368421e-05)
Train acc: 99.13, loss: 0.024 
Epoch time: 0m 13s
------------------------------
Epoch 95/99 (max_len=inf, data=11170, lr=5.263157894736842e-05)
Train acc: 98.91, loss: 0.025 
Epoch time: 0m 13s
------------------------------
Epoch 96/99 (max_len=inf, data=11170, lr=4.210526315789474e-05)
Train acc: 99.03, loss: 0.024 
Epoch time: 0m 13s
------------------------------
Epoch 97/99 (max_len=inf, data=11170, lr=3.157894736842105e-05)
Train acc: 99.03, loss: 0.023 
Epoch time: 0m 13s
------------------------------
Epoch 98/99 (max_len=inf, data=11170, lr=2.105263157894737e-05)
Train acc: 99.00, loss: 0.023 
Epoch time: 0m 13s
------------------------------
Epoch 99/99 (max_len=inf, data=11170, lr=1.0526315789473684e-05)
Train acc: 99.05, loss: 0.023 
result accuracy by length:
1 ( 2%) 100.00
3 ( 2%) 86.00
5 ( 2%) 59.69
7 ( 4%) 51.53
9 ( 4%) 61.81
11 ( 3%) 53.41
13 ( 4%) 57.41
15 ( 4%) 59.90
17 ( 4%) 57.28
19 ( 4%) 61.76
21 ( 4%) 55.56
23 ( 4%) 51.71
25 ( 4%) 53.00
27 ( 4%) 60.10
29 ( 3%) 53.40
31 ( 3%) 53.57
33 ( 2%) 42.14
35 ( 2%) 36.30
37 ( 2%) 39.32
39 ( 3%) 35.53
41 ( 3%) 41.61
43 ( 2%) 27.54
45 ( 2%) 36.61
47 ( 2%) 40.15
49 ( 2%) 30.28
51 ( 2%) 35.61
53 ( 2%) 33.58
55 ( 2%) 27.73
57 ( 2%) 32.87
59 ( 2%) 29.91
61 ( 1%) 32.81
63 ( 0%) 37.14
65 ( 0%) 33.33
67 ( 0%) 33.33
result accuracy by symbol:
( (91%) 46.82
) (91%) 46.82
* (87%) 43.94
+ (84%) 45.54
- (77%) 50.10
/ (76%) 49.67
0 (52%) 48.83
1 (60%) 47.79
2 (61%) 46.25
3 (62%) 45.44
4 (61%) 44.98
5 (62%) 44.99
6 (62%) 43.74
7 (63%) 44.37
8 (64%) 42.20
9 (63%) 42.11
result accuracy by digit:
0 ( 0%) 100.00
1 ( 0%) 100.00
2 ( 0%) 100.00
3 ( 0%) 100.00
4 ( 0%) 100.00
5 ( 0%) 100.00
6 ( 0%) 100.00
7 ( 0%) 100.00
8 ( 0%) 100.00
9 ( 0%) 100.00
result accuracy by result:
0 (21%) 94.76
1 (10%) 79.59
2 ( 4%) 70.20
3 ( 2%) 66.67
4 ( 2%) 60.90
5 ( 2%) 70.00
6 ( 2%) 66.96
7 ( 2%) 69.03
8 ( 2%) 62.39
9 ( 1%) 83.72
result accuracy by generalization:
1 (22.45%) 96.82
2 (22.96%) 62.84
3 (22.53%)  9.87
4 (15.82%) 54.58
5 (16.24%) 13.82
error cases:
5*9 [1, -1, 1] 45 63
8+3 [1, -1, 1] 11 13
4*6 [1, -1, 1] 24 32
6*4 [1, -1, 1] 24 32
6/3 [1, -1, 1] 2 1
9+3 [1, -1, 1] 12 13
7/2 [1, -1, 1] 4 3
6+9 [1, -1, 1] 15 17
7+3 [1, -1, 1] 10 11
3*3 [1, -1, 1] 9 19
val (Perception Acc=0.00, Head Acc=0.00, Result Acc=49.27)
Epoch time: 0m 24s
------------------------------
Evaluate on test set...
result accuracy by length:
1 ( 2%) 100.00
3 ( 2%) 85.73
5 ( 2%) 63.87
7 ( 4%) 59.04
9 ( 4%) 58.55
11 ( 4%) 56.93
13 ( 4%) 59.05
15 ( 4%) 60.12
17 ( 4%) 57.92
19 ( 4%) 59.25
21 ( 4%) 59.54
23 ( 4%) 57.03
25 ( 4%) 57.69
27 ( 4%) 58.30
29 ( 3%) 54.81
31 ( 3%) 51.43
33 ( 2%) 42.32
35 ( 2%) 36.29
37 ( 2%) 35.40
39 ( 2%) 36.46
41 ( 2%) 32.11
43 ( 2%) 33.97
45 ( 2%) 33.36
47 ( 2%) 30.93
49 ( 2%) 32.59
51 ( 2%) 34.28
53 ( 2%) 30.69
55 ( 2%) 29.91
57 ( 2%) 31.30
59 ( 2%) 31.68
61 ( 1%) 30.33
63 ( 0%) 30.22
65 ( 0%) 32.23
67 ( 0%) 48.28
69 ( 0%) 54.55
71 ( 0%) 50.00
result accuracy by symbol:
( (91%) 47.02
) (91%) 47.02
* (87%) 44.01
+ (84%) 45.66
- (78%) 49.68
/ (77%) 49.59
0 (51%) 49.63
1 (60%) 47.20
2 (61%) 46.13
3 (62%) 45.37
4 (62%) 45.04
5 (62%) 44.47
6 (62%) 44.00
7 (63%) 43.76
8 (63%) 43.19
9 (63%) 42.88
result accuracy by digit:
0 ( 0%) 100.00
1 ( 0%) 100.00
2 ( 0%) 100.00
3 ( 0%) 100.00
4 ( 0%) 100.00
5 ( 0%) 100.00
6 ( 0%) 100.00
7 ( 0%) 100.00
8 ( 0%) 100.00
9 ( 0%) 100.00
result accuracy by result:
0 (21%) 93.99
1 (11%) 78.68
2 ( 3%) 68.31
3 ( 3%) 63.52
4 ( 2%) 66.31
5 ( 2%) 64.56
6 ( 2%) 64.15
7 ( 2%) 69.47
8 ( 2%) 64.49
9 ( 2%) 71.98
result accuracy by generalization:
1 (22.84%) 97.05
2 (23.00%) 63.67
3 (22.36%) 11.58
4 (15.84%) 52.41
5 (15.95%) 12.57
error cases:
5*9 [1, -1, 1] 45 63
5*9 [1, -1, 1] 45 63
5*9 [1, -1, 1] 45 63
8+3 [1, -1, 1] 11 13
8+3 [1, -1, 1] 11 13
8+3 [1, -1, 1] 11 13
4*6 [1, -1, 1] 24 32
4*6 [1, -1, 1] 24 32
4*6 [1, -1, 1] 24 32
6*4 [1, -1, 1] 24 32
test (Perception Acc=0.00, Head Acc=0.00, Result Acc=49.71)
