train: 18405 val: 3238 test: 58965
Namespace(curriculum=True, epochs=100, epochs_eval=5, excludes='!', output_dir='./outputs/exp_semantics_curriculum/', perception=False, resume=None, seed=314, semantics=True, syntax=False)
SymbolNet(
  (conv1): Conv2d(1, 32, kernel_size=(3, 3), stride=(1, 1), padding=(1, 1))
  (conv2): Conv2d(32, 64, kernel_size=(3, 3), stride=(1, 1), padding=(1, 1))
  (dropout1): Dropout2d(p=0.25, inplace=False)
  (dropout2): Dropout2d(p=0.5, inplace=False)
  (fc1): Linear(in_features=30976, out_features=128, bias=True)
  (fc2): Linear(in_features=128, out_features=14, bias=True)
)
ParserModel(
  (embeddings): Embedding(15, 50)
  (model): Sequential(
    (0): Linear(in_features=900, out_features=200, bias=True)
    (1): ReLU()
    (2): Dropout(p=0.5, inplace=False)
    (3): Linear(in_features=200, out_features=3, bias=True)
  )
)
use ground-truth semantics.
Curriculum: [(0, 1), (5, 3), (10, 5), (20, inf)]
result accuracy by length:
1 ( 3%)  0.00
3 (12%)  0.77
5 (55%)  0.00
7 (29%)  0.00
result accuracy by symbol:
* (45%)  0.00
+ (45%)  0.00
- (45%)  0.07
/ (42%)  0.15
0 (23%)  0.00
1 (28%)  0.11
2 (29%)  0.11
3 (28%)  0.00
4 (28%)  0.00
5 (28%)  0.00
6 (28%)  0.00
7 (28%)  0.00
8 (27%)  0.11
9 (28%)  0.33
result accuracy by digit:
0 ( 0%)  0.00
1 ( 0%)  0.00
2 ( 0%)  0.00
3 ( 0%)  0.00
4 ( 0%)  0.00
5 ( 0%)  0.00
6 ( 0%)  0.00
7 ( 0%)  0.00
8 ( 0%)  0.00
9 ( 0%)  0.00
result accuracy by res:
0 (24%)  0.00
1 ( 9%)  0.97
2 ( 5%)  0.00
3 ( 5%)  0.00
4 ( 4%)  0.00
5 ( 4%)  0.00
6 ( 4%)  0.00
7 ( 4%)  0.00
8 ( 4%)  0.00
9 ( 4%)  0.00
result accuracy by condition:
long ( 0%)  0.00
seen (58%)  0.16
unseen (41%)  0.00
val (Perception Acc=6.43, Syntax Acc=15.32, Result Acc=0.09)
------------------------------
Epoch 0/99 (max_len=1, data=1000)
Train acc: 8.72 (abduce 100.00)
Hit samples:  1000  Ave length:  1.0
Symbols:  10 Counter({4: 100, 1: 100, 0: 100, 8: 100, 7: 100, 5: 100, 3: 100, 2: 100, 6: 100, 9: 100})
Dep:  Counter({(-1,): 1000})
Learn syntax with 1000 samples for 500 iterations, take 1 sec.
Learn perception with 1000 samples for 500 iterations, take 102 sec.
Epoch time: 1m 44s
------------------------------
Epoch 1/99 (max_len=1, data=1000)
Train acc: 95.60 (abduce 100.00)
Hit samples:  1000  Ave length:  1.0
Symbols:  10 Counter({4: 100, 3: 100, 0: 100, 9: 100, 5: 100, 1: 100, 6: 100, 2: 100, 8: 100, 7: 100})
Dep:  Counter({(-1,): 1000})
Learn syntax with 1000 samples for 500 iterations, take 1 sec.
Learn perception with 1000 samples for 500 iterations, take 97 sec.
Epoch time: 1m 39s
------------------------------
Epoch 2/99 (max_len=1, data=1000)
Train acc: 98.79 (abduce 100.00)
Hit samples:  1000  Ave length:  1.0
Symbols:  10 Counter({6: 100, 4: 100, 7: 100, 2: 100, 0: 100, 1: 100, 5: 100, 3: 100, 9: 100, 8: 100})
Dep:  Counter({(-1,): 1000})
Learn syntax with 1000 samples for 500 iterations, take 1 sec.
Learn perception with 1000 samples for 500 iterations, take 96 sec.
Epoch time: 1m 38s
------------------------------
Epoch 3/99 (max_len=1, data=1000)
Train acc: 99.51 (abduce 100.00)
Hit samples:  1000  Ave length:  1.0
Symbols:  10 Counter({8: 100, 4: 100, 6: 100, 0: 100, 3: 100, 1: 100, 7: 100, 9: 100, 2: 100, 5: 100})
Dep:  Counter({(-1,): 1000})
Learn syntax with 1000 samples for 500 iterations, take 1 sec.
Learn perception with 1000 samples for 500 iterations, take 96 sec.
Epoch time: 1m 38s
------------------------------
Epoch 4/99 (max_len=1, data=1000)
Train acc: 99.90 (abduce 100.00)
Hit samples:  1000  Ave length:  1.0
Symbols:  10 Counter({9: 100, 4: 100, 0: 100, 7: 100, 6: 100, 5: 100, 8: 100, 3: 100, 2: 100, 1: 100})
Dep:  Counter({(-1,): 1000})
Learn syntax with 1000 samples for 500 iterations, take 1 sec.
Learn perception with 1000 samples for 500 iterations, take 96 sec.
result accuracy by length:
1 ( 3%) 88.00
3 (12%)  0.00
5 (55%)  0.00
7 (29%)  0.00
result accuracy by symbol:
* (45%)  0.00
+ (45%)  0.00
- (45%)  0.00
/ (42%)  0.00
0 (23%)  1.29
1 (28%)  0.98
2 (29%)  0.85
3 (28%)  0.88
4 (28%)  0.99
5 (28%)  0.88
6 (28%)  1.10
7 (28%)  1.10
8 (27%)  0.80
9 (28%)  0.98
result accuracy by digit:
0 ( 0%) 100.00
1 ( 0%) 90.00
2 ( 0%) 80.00
3 ( 0%) 80.00
4 ( 0%) 90.00
5 ( 0%) 80.00
6 ( 0%) 100.00
7 ( 0%) 100.00
8 ( 0%) 70.00
9 ( 0%) 90.00
result accuracy by res:
0 (24%)  1.28
1 ( 9%)  2.90
2 ( 5%)  4.19
3 ( 5%)  4.91
4 ( 4%)  5.96
5 ( 4%)  5.16
6 ( 4%)  7.14
7 ( 4%)  6.62
8 ( 4%)  4.79
9 ( 4%)  6.43
result accuracy by condition:
long ( 0%)  0.00
seen (58%)  4.66
unseen (41%)  0.00
val (Perception Acc=52.86, Syntax Acc=7.36, Result Acc=2.72)
Epoch time: 1m 41s
------------------------------
Epoch 5/99 (max_len=3, data=4405)
Train acc: 23.13 (abduce 43.16)
Hit samples:  1901  Ave length:  1.95
Symbols:  14 Counter({4: 344, 1: 327, 0: 290, 13: 287, 6: 279, 8: 279, 2: 271, 5: 255, 9: 255, 7: 253, 3: 249, 10: 234, 12: 194, 11: 186})
Dep:  Counter({(-1,): 1000, (1, -1, 1): 659, (2, 2, -1): 242})
Learn syntax with 1901 samples for 500 iterations, take 1 sec.
Learn perception with 1901 samples for 500 iterations, take 42 sec.
Epoch time: 0m 47s
------------------------------
Epoch 6/99 (max_len=3, data=4405)
Train acc: 50.39 (abduce 83.16)
Hit samples:  3663  Ave length:  2.45
Symbols:  14 Counter({10: 786, 13: 716, 4: 710, 12: 689, 1: 666, 8: 649, 6: 647, 9: 640, 5: 616, 2: 608, 0: 607, 3: 606, 7: 577, 11: 472})
Dep:  Counter({(1, -1, 1): 2361, (-1,): 1000, (2, 2, -1): 292, (-1, 0, 0): 10})
Learn syntax with 3663 samples for 500 iterations, take 1 sec.
Learn perception with 3663 samples for 500 iterations, take 28 sec.
Epoch time: 0m 32s
------------------------------
Epoch 7/99 (max_len=3, data=4405)
Train acc: 61.03 (abduce 90.51)
Hit samples:  3987  Ave length:  2.5
Symbols:  14 Counter({10: 882, 12: 817, 13: 782, 4: 737, 8: 733, 9: 725, 6: 723, 1: 716, 7: 685, 2: 683, 3: 679, 5: 660, 0: 633, 11: 506})
Dep:  Counter({(1, -1, 1): 2824, (-1,): 1000, (2, 2, -1): 143, (-1, 0, 0): 20})
Learn syntax with 3987 samples for 500 iterations, take 1 sec.
Learn perception with 3987 samples for 500 iterations, take 27 sec.
Epoch time: 0m 31s
------------------------------
Epoch 8/99 (max_len=3, data=4405)
Train acc: 73.47 (abduce 94.89)
Hit samples:  4180  Ave length:  2.52
Symbols:  14 Counter({10: 923, 12: 892, 13: 841, 6: 769, 8: 768, 4: 757, 9: 755, 7: 748, 1: 741, 5: 726, 2: 717, 3: 712, 0: 667, 11: 524})
Dep:  Counter({(1, -1, 1): 3098, (-1,): 1000, (2, 2, -1): 70, (-1, 0, 0): 12})
Learn syntax with 4180 samples for 500 iterations, take 1 sec.
Learn perception with 4180 samples for 500 iterations, take 27 sec.
Epoch time: 0m 31s
------------------------------
Epoch 9/99 (max_len=3, data=4405)
Train acc: 82.15 (abduce 97.64)
Hit samples:  4301  Ave length:  2.53
Symbols:  14 Counter({10: 959, 12: 939, 13: 892, 6: 786, 4: 786, 7: 784, 9: 780, 8: 778, 1: 769, 2: 755, 5: 753, 3: 744, 0: 667, 11: 511})
Dep:  Counter({(1, -1, 1): 3264, (-1,): 1000, (2, 2, -1): 33, (-1, 0, 0): 4})
Learn syntax with 4301 samples for 500 iterations, take 1 sec.
Learn perception with 4301 samples for 500 iterations, take 27 sec.
result accuracy by length:
1 ( 3%) 97.00
3 (12%) 85.38
5 (55%)  0.28
7 (29%)  0.00
result accuracy by symbol:
* (45%)  5.67
+ (45%)  5.58
- (45%)  6.19
/ (42%)  6.05
0 (23%)  8.79
1 (28%)  7.83
2 (29%)  8.40
3 (28%)  7.58
4 (28%)  8.46
5 (28%)  8.22
6 (28%)  8.12
7 (28%)  8.01
8 (27%)  8.54
9 (28%)  8.56
result accuracy by digit:
0 ( 0%) 100.00
1 ( 0%) 100.00
2 ( 0%) 100.00
3 ( 0%) 90.00
4 ( 0%) 100.00
5 ( 0%) 90.00
6 ( 0%) 100.00
7 ( 0%) 100.00
8 ( 0%) 90.00
9 ( 0%) 100.00
result accuracy by res:
0 (24%) 11.79
1 ( 9%) 19.68
2 ( 5%) 19.37
3 ( 5%) 15.95
4 ( 4%) 15.89
5 ( 4%) 13.55
6 ( 4%) 17.86
7 ( 4%) 13.91
8 ( 4%) 15.07
9 ( 4%) 15.71
result accuracy by condition:
long ( 0%)  0.00
seen (58%) 22.80
unseen (41%)  0.30
val (Perception Acc=94.26, Syntax Acc=43.95, Result Acc=13.43)
Epoch time: 0m 33s
------------------------------
Epoch 10/99 (max_len=5, data=13285)
Train acc: 35.19 (abduce 64.66)
Hit samples:  8590  Ave length:  3.76
Symbols:  14 Counter({12: 3066, 13: 3019, 10: 2929, 11: 2820, 6: 2339, 1: 2214, 9: 2077, 5: 2056, 4: 2027, 7: 2023, 8: 2005, 0: 1923, 3: 1907, 2: 1853})
Dep:  Counter({(1, 3, 1, -1, 3): 4094, (1, -1, 1): 3314, (-1,): 1000, (1, -1, 3, 1, 3): 145, (2, 2, -1): 27, (-1, 0, 0): 5, (2, 2, 3, -1, 3): 3, (1, -1, 4, 4, 1): 1, (-1, 0, 3, 0, 3): 1})
Learn syntax with 8590 samples for 500 iterations, take 1 sec.
Learn perception with 8590 samples for 500 iterations, take 20 sec.
Epoch time: 0m 37s
------------------------------
Epoch 11/99 (max_len=5, data=13285)
Train acc: 64.72 (abduce 88.63)
Hit samples:  11775  Ave length:  4.09
Symbols:  14 Counter({10: 4793, 12: 4600, 13: 4538, 11: 4284, 1: 3466, 6: 3277, 5: 3028, 4: 2982, 3: 2956, 7: 2951, 9: 2920, 2: 2846, 8: 2812, 0: 2752})
Dep:  Counter({(1, 3, 1, -1, 3): 7027, (1, -1, 1): 3330, (-1,): 1000, (1, -1, 3, 1, 3): 409, (2, 2, -1): 5, (1, 4, 1, 4, -1): 2, (2, 2, 3, -1, 3): 2})
Learn syntax with 11775 samples for 500 iterations, take 1 sec.
Learn perception with 11775 samples for 500 iterations, take 21 sec.
Epoch time: 0m 34s
------------------------------
Epoch 12/99 (max_len=5, data=13285)
Train acc: 64.48 (abduce 90.23)
Hit samples:  11987  Ave length:  4.11
Symbols:  14 Counter({10: 5017, 12: 4728, 13: 4575, 11: 4315, 1: 3562, 6: 3331, 5: 3072, 9: 3034, 3: 3013, 7: 3013, 4: 2974, 2: 2942, 8: 2873, 0: 2808})
Dep:  Counter({(1, 3, 1, -1, 3): 6973, (1, -1, 1): 3332, (-1,): 1000, (1, -1, 3, 1, 3): 669, (2, 2, -1): 7, (1, 4, 1, 4, -1): 3, (2, 2, 3, -1, 3): 2, (3, 0, 0, -1, 3): 1})
Learn syntax with 11987 samples for 500 iterations, take 1 sec.
Learn perception with 11987 samples for 500 iterations, take 22 sec.
Epoch time: 0m 34s
------------------------------
Epoch 13/99 (max_len=5, data=13285)
Train acc: 67.36 (abduce 92.42)
Hit samples:  12278  Ave length:  4.13
Symbols:  14 Counter({10: 5204, 12: 4919, 13: 4687, 11: 4409, 1: 3675, 6: 3426, 5: 3162, 4: 3137, 9: 3084, 7: 3081, 3: 3042, 2: 3035, 8: 2953, 0: 2902})
Dep:  Counter({(1, 3, 1, -1, 3): 7053, (1, -1, 1): 3333, (-1,): 1000, (1, -1, 3, 1, 3): 884, (2, 2, -1): 4, (1, 4, 1, 4, -1): 2, (3, 0, 0, -1, 3): 1, (2, 2, 3, -1, 3): 1})
Learn syntax with 12278 samples for 500 iterations, take 1 sec.
Learn perception with 12278 samples for 500 iterations, take 22 sec.
Epoch time: 0m 35s
------------------------------
Epoch 14/99 (max_len=5, data=13285)
Train acc: 69.77 (abduce 93.43)
Hit samples:  12412  Ave length:  4.14
Symbols:  14 Counter({10: 5305, 12: 5017, 13: 4750, 11: 4400, 1: 3687, 6: 3489, 5: 3192, 4: 3185, 7: 3139, 9: 3134, 3: 3106, 2: 3036, 8: 3007, 0: 2909})
Dep:  Counter({(1, 3, 1, -1, 3): 6948, (1, -1, 1): 3347, (1, -1, 3, 1, 3): 1109, (-1,): 1000, (2, 2, -1): 5, (2, 2, 3, -1, 3): 2, (1, 4, 1, 4, -1): 1})
Learn syntax with 12412 samples for 500 iterations, take 2 sec.
Learn perception with 12412 samples for 500 iterations, take 19 sec.
result accuracy by length:
1 ( 3%) 98.00
3 (12%) 94.10
5 (55%) 85.59
7 (29%) 77.28
result accuracy by symbol:
* (45%) 82.24
+ (45%) 86.56
- (45%) 76.26
/ (42%) 81.72
0 (23%) 86.05
1 (28%) 87.39
2 (29%) 80.02
3 (28%) 81.76
4 (28%) 82.97
5 (28%) 84.32
6 (28%) 82.22
7 (28%) 82.77
8 (27%) 84.28
9 (28%) 80.93
result accuracy by digit:
0 ( 0%) 100.00
1 ( 0%) 100.00
2 ( 0%) 100.00
3 ( 0%) 90.00
4 ( 0%) 100.00
5 ( 0%) 90.00
6 ( 0%) 100.00
7 ( 0%) 100.00
8 ( 0%) 100.00
9 ( 0%) 100.00
result accuracy by res:
0 (24%) 90.64
1 ( 9%) 86.77
2 ( 5%) 77.49
3 ( 5%) 77.91
4 ( 4%) 76.82
5 ( 4%) 76.13
6 ( 4%) 77.86
7 ( 4%) 82.12
8 ( 4%) 80.14
9 ( 4%) 87.14
result accuracy by condition:
long ( 0%)  0.00
seen (58%) 87.67
unseen (41%) 80.12
val (Perception Acc=97.94, Syntax Acc=89.31, Result Acc=84.53)
Epoch time: 0m 33s
------------------------------
Epoch 15/99 (max_len=5, data=13285)
Train acc: 73.19 (abduce 94.83)
Hit samples:  12598  Ave length:  4.15
Symbols:  14 Counter({10: 5434, 12: 5087, 13: 4784, 11: 4511, 1: 3731, 6: 3524, 5: 3291, 7: 3208, 3: 3204, 4: 3204, 9: 3154, 8: 3081, 2: 3079, 0: 2938})
Dep:  Counter({(1, 3, 1, -1, 3): 7055, (1, -1, 1): 3376, (1, -1, 3, 1, 3): 1162, (-1,): 1000, (2, 2, -1): 4, (1, 4, 1, 4, -1): 1})
Learn syntax with 12598 samples for 500 iterations, take 1 sec.
Learn perception with 12598 samples for 500 iterations, take 19 sec.
Epoch time: 0m 31s
------------------------------
Epoch 16/99 (max_len=5, data=13285)
Train acc: 76.21 (abduce 95.69)
Hit samples:  12712  Ave length:  4.15
Symbols:  14 Counter({10: 5539, 12: 5106, 13: 4850, 11: 4553, 1: 3789, 6: 3571, 5: 3354, 7: 3264, 3: 3241, 4: 3224, 9: 3178, 8: 3088, 2: 3079, 0: 2972})
Dep:  Counter({(1, 3, 1, -1, 3): 6998, (1, -1, 1): 3376, (1, -1, 3, 1, 3): 1337, (-1,): 1000, (1, -1, 4, 4, 1): 1})
Learn syntax with 12712 samples for 500 iterations, take 1 sec.
Learn perception with 12712 samples for 500 iterations, take 19 sec.
Epoch time: 0m 31s
------------------------------
Epoch 17/99 (max_len=5, data=13285)
Train acc: 78.70 (abduce 96.50)
Hit samples:  12820  Ave length:  4.16
Symbols:  14 Counter({10: 5593, 12: 5195, 13: 4848, 11: 4611, 1: 3733, 6: 3630, 5: 3384, 7: 3316, 4: 3267, 3: 3247, 9: 3243, 2: 3146, 8: 3121, 0: 2980})
Dep:  Counter({(1, 3, 1, -1, 3): 6948, (1, -1, 1): 3391, (1, -1, 3, 1, 3): 1478, (-1,): 1000, (2, 2, -1): 2, (1, 4, 1, 4, -1): 1})
Learn syntax with 12820 samples for 500 iterations, take 2 sec.
Learn perception with 12820 samples for 500 iterations, take 19 sec.
Epoch time: 0m 31s
------------------------------
Epoch 18/99 (max_len=5, data=13285)
Train acc: 79.01 (abduce 96.85)
Hit samples:  12866  Ave length:  4.16
Symbols:  14 Counter({10: 5604, 12: 5243, 13: 4883, 11: 4616, 1: 3717, 6: 3663, 5: 3404, 7: 3323, 3: 3260, 4: 3253, 2: 3243, 9: 3229, 8: 3106, 0: 3014})
Dep:  Counter({(1, 3, 1, -1, 3): 6735, (1, -1, 1): 3386, (1, -1, 3, 1, 3): 1744, (-1,): 1000, (2, 2, 3, -1, 3): 1})
Learn syntax with 12866 samples for 500 iterations, take 1 sec.
Learn perception with 12866 samples for 500 iterations, take 19 sec.
Epoch time: 0m 31s
------------------------------
Epoch 19/99 (max_len=5, data=13285)
Train acc: 80.80 (abduce 97.19)
Hit samples:  12912  Ave length:  4.16
Symbols:  14 Counter({10: 5622, 12: 5205, 13: 4950, 11: 4655, 1: 3689, 6: 3589, 5: 3411, 7: 3375, 3: 3333, 4: 3282, 9: 3280, 2: 3266, 8: 3113, 0: 3006})
Dep:  Counter({(1, 3, 1, -1, 3): 6647, (1, -1, 1): 3392, (1, -1, 3, 1, 3): 1873, (-1,): 1000})
Learn syntax with 12912 samples for 500 iterations, take 2 sec.
Learn perception with 12912 samples for 500 iterations, take 20 sec.
result accuracy by length:
1 ( 3%) 97.00
3 (12%) 96.41
5 (55%) 93.83
7 (29%) 87.24
result accuracy by symbol:
* (45%) 90.92
+ (45%) 90.66
- (45%) 90.82
/ (42%) 92.28
0 (23%) 94.19
1 (28%) 92.07
2 (29%) 90.12
3 (28%) 90.33
4 (28%) 91.76
5 (28%) 92.11
6 (28%) 91.44
7 (28%) 90.78
8 (27%) 92.03
9 (28%) 90.14
result accuracy by digit:
0 ( 0%) 100.00
1 ( 0%) 100.00
2 ( 0%) 100.00
3 ( 0%) 100.00
4 ( 0%) 90.00
5 ( 0%) 90.00
6 ( 0%) 100.00
7 ( 0%) 100.00
8 ( 0%) 100.00
9 ( 0%) 90.00
result accuracy by res:
0 (24%) 95.64
1 ( 9%) 95.16
2 ( 5%) 91.62
3 ( 5%) 91.41
4 ( 4%) 90.73
5 ( 4%) 88.39
6 ( 4%) 90.00
7 ( 4%) 90.73
8 ( 4%) 90.41
9 ( 4%) 92.86
result accuracy by condition:
long ( 0%)  0.00
seen (58%) 93.02
unseen (41%) 91.25
val (Perception Acc=98.26, Syntax Acc=95.33, Result Acc=92.28)
Epoch time: 0m 34s
------------------------------
Epoch 20/99 (max_len=inf, data=18405)
Train acc: 79.01 (abduce 96.15)
Hit samples:  17696  Ave length:  4.92
Symbols:  14 Counter({10: 9299, 12: 8701, 13: 8564, 11: 8099, 1: 5841, 6: 5645, 2: 5292, 7: 5257, 5: 5248, 9: 5235, 3: 5225, 4: 5067, 8: 4899, 0: 4650})
Dep:  Counter({(1, 3, 1, -1, 3): 6591, (1, -1, 1): 3390, (1, 3, 1, 5, 3, -1, 5): 2616, (1, -1, 3, 1, 3): 2049, (-1,): 1000, (1, 3, 1, -1, 5, 3, 5): 982, (1, -1, 3, 5, 3, 1, 5): 728, (1, 5, 3, 1, 3, -1, 5): 244, (1, -1, 3, 1, 5, 3, 5): 92, (1, -1, 4, 4, 1): 1, (2, 2, -1): 1, (2, 2, 3, -1, 3): 1, (1, 4, 1, 4, -1): 1})
Learn syntax with 17696 samples for 500 iterations, take 2 sec.
Learn perception with 17696 samples for 500 iterations, take 31 sec.
Epoch time: 0m 50s
------------------------------
Epoch 21/99 (max_len=inf, data=18405)
Train acc: 78.55 (abduce 96.40)
Hit samples:  17743  Ave length:  4.92
Symbols:  14 Counter({10: 9299, 12: 8744, 13: 8567, 11: 8184, 1: 5925, 6: 5690, 2: 5283, 9: 5269, 5: 5243, 3: 5241, 7: 5203, 4: 5143, 8: 4871, 0: 4669})
Dep:  Counter({(1, 3, 1, -1, 3): 6398, (1, -1, 1): 3395, (1, 3, 1, 5, 3, -1, 5): 2452, (1, -1, 3, 1, 3): 2244, (1, 3, 1, -1, 5, 3, 5): 1088, (-1,): 1000, (1, -1, 3, 5, 3, 1, 5): 788, (1, 5, 3, 1, 3, -1, 5): 267, (1, -1, 3, 1, 5, 3, 5): 109, (1, -1, 4, 4, 1): 1, (2, 2, -1): 1})
Learn syntax with 17743 samples for 500 iterations, take 2 sec.
Learn perception with 17743 samples for 500 iterations, take 32 sec.
Epoch time: 0m 51s
------------------------------
Epoch 22/99 (max_len=inf, data=18405)
Train acc: 79.23 (abduce 96.49)
Hit samples:  17759  Ave length:  4.93
Symbols:  14 Counter({10: 9364, 12: 8738, 13: 8550, 11: 8228, 1: 5894, 6: 5676, 2: 5329, 9: 5313, 5: 5257, 7: 5222, 3: 5217, 4: 5137, 8: 4914, 0: 4680})
Dep:  Counter({(1, 3, 1, -1, 3): 6307, (1, -1, 1): 3389, (1, 3, 1, 5, 3, -1, 5): 2380, (1, -1, 3, 1, 3): 2310, (1, 3, 1, -1, 5, 3, 5): 1129, (-1,): 1000, (1, -1, 3, 5, 3, 1, 5): 766, (1, 5, 3, 1, 3, -1, 5): 322, (1, -1, 3, 1, 5, 3, 5): 154, (1, 3, 1, -1, 6, 6, 3): 1, (2, 2, -1): 1})
Learn syntax with 17759 samples for 500 iterations, take 2 sec.
Learn perception with 17759 samples for 500 iterations, take 31 sec.
Epoch time: 0m 50s
------------------------------
Epoch 23/99 (max_len=inf, data=18405)
Train acc: 81.37 (abduce 97.44)
Hit samples:  17934  Ave length:  4.94
Symbols:  14 Counter({10: 9494, 12: 8834, 13: 8679, 11: 8306, 1: 5926, 6: 5694, 2: 5396, 9: 5356, 5: 5335, 3: 5305, 7: 5286, 4: 5253, 8: 4965, 0: 4731})
Dep:  Counter({(1, 3, 1, -1, 3): 6259, (1, -1, 1): 3396, (1, -1, 3, 1, 3): 2437, (1, 3, 1, 5, 3, -1, 5): 2406, (1, 3, 1, -1, 5, 3, 5): 1159, (-1,): 1000, (1, -1, 3, 5, 3, 1, 5): 792, (1, 5, 3, 1, 3, -1, 5): 346, (1, -1, 3, 1, 5, 3, 5): 137, (1, -1, 4, 4, 1): 1, (1, 3, 1, -1, 6, 6, 3): 1})
Learn syntax with 17934 samples for 500 iterations, take 2 sec.
Learn perception with 17934 samples for 500 iterations, take 31 sec.
Epoch time: 0m 50s
------------------------------
Epoch 24/99 (max_len=inf, data=18405)
Train acc: 81.68 (abduce 97.51)
Hit samples:  17946  Ave length:  4.94
Symbols:  14 Counter({10: 9497, 12: 8837, 13: 8750, 11: 8278, 1: 5895, 6: 5791, 2: 5406, 3: 5369, 9: 5345, 5: 5316, 7: 5266, 4: 5214, 8: 4970, 0: 4736})
Dep:  Counter({(1, 3, 1, -1, 3): 6129, (1, -1, 1): 3398, (1, -1, 3, 1, 3): 2551, (1, 3, 1, 5, 3, -1, 5): 2310, (1, 3, 1, -1, 5, 3, 5): 1181, (-1,): 1000, (1, -1, 3, 5, 3, 1, 5): 832, (1, 5, 3, 1, 3, -1, 5): 393, (1, -1, 3, 1, 5, 3, 5): 152})
Learn syntax with 17946 samples for 500 iterations, take 2 sec.
Learn perception with 17946 samples for 500 iterations, take 31 sec.
result accuracy by length:
1 ( 3%) 100.00
3 (12%) 97.44
5 (55%) 96.64
7 (29%) 93.88
result accuracy by symbol:
* (45%) 95.56
+ (45%) 94.29
- (45%) 95.92
/ (42%) 96.43
0 (23%) 96.25
1 (28%) 95.43
2 (29%) 94.47
3 (28%) 95.38
4 (28%) 95.82
5 (28%) 96.05
6 (28%) 96.27
7 (28%) 95.72
8 (27%) 96.13
9 (28%) 95.12
result accuracy by digit:
0 ( 0%) 100.00
1 ( 0%) 100.00
2 ( 0%) 100.00
3 ( 0%) 100.00
4 ( 0%) 100.00
5 ( 0%) 100.00
6 ( 0%) 100.00
7 ( 0%) 100.00
8 ( 0%) 100.00
9 ( 0%) 100.00
result accuracy by res:
0 (24%) 97.18
1 ( 9%) 96.77
2 ( 5%) 96.86
3 ( 5%) 95.09
4 ( 4%) 95.36
5 ( 4%) 95.48
6 ( 4%) 95.71
7 ( 4%) 96.03
8 ( 4%) 95.21
9 ( 4%) 97.86
result accuracy by condition:
long ( 0%)  0.00
seen (58%) 96.51
unseen (41%) 95.33
val (Perception Acc=99.09, Syntax Acc=97.28, Result Acc=96.02)
Epoch time: 0m 53s
------------------------------
Epoch 25/99 (max_len=inf, data=18405)
Train acc: 84.01 (abduce 97.93)
Hit samples:  18024  Ave length:  4.94
Symbols:  14 Counter({10: 9566, 12: 8898, 13: 8772, 11: 8313, 1: 5957, 6: 5785, 2: 5425, 3: 5358, 9: 5357, 5: 5335, 7: 5321, 4: 5216, 8: 5061, 0: 4758})
Dep:  Counter({(1, 3, 1, -1, 3): 6213, (1, -1, 1): 3394, (1, -1, 3, 1, 3): 2520, (1, 3, 1, 5, 3, -1, 5): 2356, (1, 3, 1, -1, 5, 3, 5): 1163, (-1,): 1000, (1, -1, 3, 5, 3, 1, 5): 803, (1, 5, 3, 1, 3, -1, 5): 420, (1, -1, 3, 1, 5, 3, 5): 154, (2, 2, -1): 1})
Learn syntax with 18024 samples for 500 iterations, take 2 sec.
Learn perception with 18024 samples for 500 iterations, take 31 sec.
Epoch time: 0m 51s
------------------------------
Epoch 26/99 (max_len=inf, data=18405)
Train acc: 83.46 (abduce 98.00)
Hit samples:  18037  Ave length:  4.95
Symbols:  14 Counter({10: 9532, 12: 8918, 13: 8778, 11: 8374, 1: 5895, 6: 5776, 3: 5476, 2: 5451, 5: 5358, 7: 5347, 9: 5342, 4: 5205, 8: 5032, 0: 4757})
Dep:  Counter({(1, 3, 1, -1, 3): 6114, (1, -1, 1): 3401, (1, -1, 3, 1, 3): 2593, (1, 3, 1, 5, 3, -1, 5): 2292, (1, 3, 1, -1, 5, 3, 5): 1238, (-1,): 1000, (1, -1, 3, 5, 3, 1, 5): 787, (1, 5, 3, 1, 3, -1, 5): 430, (1, -1, 3, 1, 5, 3, 5): 182})
Learn syntax with 18037 samples for 500 iterations, take 2 sec.
Learn perception with 18037 samples for 500 iterations, take 32 sec.
Epoch time: 0m 51s
------------------------------
Epoch 27/99 (max_len=inf, data=18405)
Train acc: 83.21 (abduce 98.01)
Hit samples:  18039  Ave length:  4.95
Symbols:  14 Counter({10: 9516, 12: 8935, 13: 8799, 11: 8338, 1: 5863, 6: 5816, 2: 5507, 3: 5476, 5: 5384, 9: 5359, 7: 5359, 4: 5162, 8: 4967, 0: 4734})
Dep:  Counter({(1, 3, 1, -1, 3): 6057, (1, -1, 1): 3395, (1, -1, 3, 1, 3): 2680, (1, 3, 1, 5, 3, -1, 5): 2239, (1, 3, 1, -1, 5, 3, 5): 1252, (-1,): 1000, (1, -1, 3, 5, 3, 1, 5): 782, (1, 5, 3, 1, 3, -1, 5): 441, (1, -1, 3, 1, 5, 3, 5): 192, (2, 2, -1): 1})
Learn syntax with 18039 samples for 500 iterations, take 2 sec.
Learn perception with 18039 samples for 500 iterations, take 31 sec.
Epoch time: 0m 51s
------------------------------
Epoch 28/99 (max_len=inf, data=18405)
Train acc: 84.71 (abduce 98.27)
Hit samples:  18087  Ave length:  4.95
Symbols:  14 Counter({10: 9547, 12: 8964, 13: 8766, 11: 8423, 1: 5886, 6: 5835, 2: 5532, 3: 5501, 5: 5406, 9: 5386, 7: 5382, 4: 5192, 8: 4973, 0: 4694})
Dep:  Counter({(1, 3, 1, -1, 3): 6015, (1, -1, 1): 3401, (1, -1, 3, 1, 3): 2744, (1, 3, 1, 5, 3, -1, 5): 2238, (1, 3, 1, -1, 5, 3, 5): 1275, (-1,): 1000, (1, -1, 3, 5, 3, 1, 5): 761, (1, 5, 3, 1, 3, -1, 5): 461, (1, -1, 3, 1, 5, 3, 5): 192})
Learn syntax with 18087 samples for 500 iterations, take 2 sec.
Learn perception with 18087 samples for 500 iterations, take 32 sec.
Epoch time: 0m 50s
------------------------------
Epoch 29/99 (max_len=inf, data=18405)
Train acc: 84.97 (abduce 98.22)
Hit samples:  18077  Ave length:  4.95
Symbols:  14 Counter({10: 9546, 12: 8921, 13: 8823, 11: 8422, 1: 5888, 6: 5827, 2: 5503, 3: 5441, 9: 5426, 7: 5388, 5: 5369, 4: 5260, 8: 4971, 0: 4716})
Dep:  Counter({(1, 3, 1, -1, 3): 6005, (1, -1, 1): 3395, (1, -1, 3, 1, 3): 2724, (1, 3, 1, 5, 3, -1, 5): 2281, (1, 3, 1, -1, 5, 3, 5): 1228, (-1,): 1000, (1, -1, 3, 5, 3, 1, 5): 758, (1, 5, 3, 1, 3, -1, 5): 495, (1, -1, 3, 1, 5, 3, 5): 191})
Learn syntax with 18077 samples for 500 iterations, take 2 sec.
Learn perception with 18077 samples for 500 iterations, take 32 sec.
result accuracy by length:
1 ( 3%) 96.00
3 (12%) 96.92
5 (55%) 96.47
7 (29%) 94.50
result accuracy by symbol:
* (45%) 95.56
+ (45%) 94.29
- (45%) 96.26
/ (42%) 96.21
0 (23%) 96.38
1 (28%) 95.33
2 (29%) 94.37
3 (28%) 96.04
4 (28%) 95.16
5 (28%) 95.72
6 (28%) 96.38
7 (28%) 96.38
8 (27%) 96.70
9 (28%) 94.80
result accuracy by digit:
0 ( 0%) 100.00
1 ( 0%) 100.00
2 ( 0%) 100.00
3 ( 0%) 90.00
4 ( 0%) 80.00
5 ( 0%) 90.00
6 ( 0%) 100.00
7 ( 0%) 100.00
8 ( 0%) 100.00
9 ( 0%) 100.00
result accuracy by res:
0 (24%) 97.82
1 ( 9%) 97.10
2 ( 5%) 97.91
3 ( 5%) 93.87
4 ( 4%) 93.38
5 ( 4%) 95.48
6 ( 4%) 94.29
7 ( 4%) 96.03
8 ( 4%) 95.21
9 ( 4%) 96.43
result accuracy by condition:
long ( 0%)  0.00
seen (58%) 96.08
unseen (41%) 95.70
val (Perception Acc=99.02, Syntax Acc=97.17, Result Acc=95.92)
Epoch time: 0m 53s
------------------------------
Epoch 30/99 (max_len=inf, data=18405)
Train acc: 86.88 (abduce 98.41)
Hit samples:  18112  Ave length:  4.95
Symbols:  14 Counter({10: 9573, 12: 8946, 13: 8831, 11: 8424, 1: 5907, 6: 5874, 2: 5520, 9: 5438, 3: 5407, 5: 5384, 7: 5372, 4: 5240, 8: 5024, 0: 4720})
Dep:  Counter({(1, 3, 1, -1, 3): 5990, (1, -1, 1): 3399, (1, -1, 3, 1, 3): 2774, (1, 3, 1, 5, 3, -1, 5): 2227, (1, 3, 1, -1, 5, 3, 5): 1265, (-1,): 1000, (1, -1, 3, 5, 3, 1, 5): 743, (1, 5, 3, 1, 3, -1, 5): 500, (1, -1, 3, 1, 5, 3, 5): 214})
Learn syntax with 18112 samples for 500 iterations, take 2 sec.
Learn perception with 18112 samples for 500 iterations, take 32 sec.
Epoch time: 0m 50s
------------------------------
Epoch 31/99 (max_len=inf, data=18405)
Train acc: 87.24 (abduce 98.65)
Hit samples:  18156  Ave length:  4.95
Symbols:  14 Counter({10: 9636, 12: 8961, 13: 8885, 11: 8408, 1: 5916, 6: 5857, 2: 5556, 9: 5453, 5: 5443, 3: 5429, 7: 5380, 4: 5279, 8: 5006, 0: 4727})
Dep:  Counter({(1, 3, 1, -1, 3): 5987, (1, -1, 1): 3400, (1, -1, 3, 1, 3): 2791, (1, 3, 1, 5, 3, -1, 5): 2232, (1, 3, 1, -1, 5, 3, 5): 1273, (-1,): 1000, (1, -1, 3, 5, 3, 1, 5): 725, (1, 5, 3, 1, 3, -1, 5): 531, (1, -1, 3, 1, 5, 3, 5): 217})
Learn syntax with 18156 samples for 500 iterations, take 2 sec.
Learn perception with 18156 samples for 500 iterations, take 32 sec.
Epoch time: 0m 51s
------------------------------
Epoch 32/99 (max_len=inf, data=18405)
Train acc: 88.33 (abduce 98.92)
Hit samples:  18206  Ave length:  4.96
Symbols:  14 Counter({10: 9666, 12: 9050, 13: 8896, 11: 8404, 6: 5921, 1: 5870, 2: 5540, 9: 5478, 5: 5467, 3: 5438, 7: 5407, 4: 5290, 8: 5098, 0: 4713})
Dep:  Counter({(1, 3, 1, -1, 3): 5996, (1, -1, 1): 3401, (1, -1, 3, 1, 3): 2804, (1, 3, 1, 5, 3, -1, 5): 2283, (1, 3, 1, -1, 5, 3, 5): 1266, (-1,): 1000, (1, -1, 3, 5, 3, 1, 5): 718, (1, 5, 3, 1, 3, -1, 5): 509, (1, -1, 3, 1, 5, 3, 5): 229})
Learn syntax with 18206 samples for 500 iterations, take 2 sec.
Learn perception with 18206 samples for 500 iterations, take 32 sec.
Epoch time: 0m 51s
------------------------------
Epoch 33/99 (max_len=inf, data=18405)
Train acc: 88.99 (abduce 98.80)
Hit samples:  18185  Ave length:  4.96
Symbols:  14 Counter({10: 9617, 12: 9000, 13: 8900, 11: 8458, 1: 5906, 6: 5899, 2: 5522, 5: 5474, 9: 5472, 3: 5420, 7: 5416, 4: 5275, 8: 5069, 0: 4707})
Dep:  Counter({(1, 3, 1, -1, 3): 6018, (1, -1, 1): 3396, (1, -1, 3, 1, 3): 2769, (1, 3, 1, 5, 3, -1, 5): 2308, (1, 3, 1, -1, 5, 3, 5): 1264, (-1,): 1000, (1, -1, 3, 5, 3, 1, 5): 703, (1, 5, 3, 1, 3, -1, 5): 524, (1, -1, 3, 1, 5, 3, 5): 202, (1, -1, 4, 4, 1): 1})
Learn syntax with 18185 samples for 500 iterations, take 2 sec.
Learn perception with 18185 samples for 500 iterations, take 32 sec.
Epoch time: 0m 50s
------------------------------
Epoch 34/99 (max_len=inf, data=18405)
Train acc: 88.83 (abduce 98.96)
Hit samples:  18213  Ave length:  4.96
Symbols:  14 Counter({10: 9658, 12: 8987, 13: 8915, 11: 8480, 6: 5952, 1: 5849, 2: 5617, 5: 5504, 9: 5470, 3: 5454, 7: 5405, 4: 5246, 8: 5059, 0: 4697})
Dep:  Counter({(1, 3, 1, -1, 3): 6020, (1, -1, 1): 3403, (1, -1, 3, 1, 3): 2773, (1, 3, 1, 5, 3, -1, 5): 2326, (1, 3, 1, -1, 5, 3, 5): 1274, (-1,): 1000, (1, -1, 3, 5, 3, 1, 5): 718, (1, 5, 3, 1, 3, -1, 5): 531, (1, -1, 3, 1, 5, 3, 5): 168})
Learn syntax with 18213 samples for 500 iterations, take 2 sec.
Learn perception with 18213 samples for 500 iterations, take 32 sec.
result accuracy by length:
1 ( 3%) 100.00
3 (12%) 96.67
5 (55%) 96.92
7 (29%) 94.61
result accuracy by symbol:
* (45%) 95.70
+ (45%) 95.09
- (45%) 96.33
/ (42%) 96.65
0 (23%) 96.25
1 (28%) 95.76
2 (29%) 95.64
3 (28%) 96.15
4 (28%) 95.27
5 (28%) 96.60
6 (28%) 96.27
7 (28%) 96.60
8 (27%) 96.58
9 (28%) 95.23
result accuracy by digit:
0 ( 0%) 100.00
1 ( 0%) 100.00
2 ( 0%) 100.00
3 ( 0%) 100.00
4 ( 0%) 100.00
5 ( 0%) 100.00
6 ( 0%) 100.00
7 ( 0%) 100.00
8 ( 0%) 100.00
9 ( 0%) 100.00
result accuracy by res:
0 (24%) 98.21
1 ( 9%) 97.10
2 ( 5%) 97.91
3 ( 5%) 93.87
4 ( 4%) 96.69
5 ( 4%) 96.77
6 ( 4%) 95.00
7 ( 4%) 95.36
8 ( 4%) 96.58
9 ( 4%) 96.43
result accuracy by condition:
long ( 0%)  0.00
seen (58%) 96.40
unseen (41%) 96.14
val (Perception Acc=99.07, Syntax Acc=98.14, Result Acc=96.29)
Epoch time: 0m 53s
------------------------------
Epoch 35/99 (max_len=inf, data=18405)
Train acc: 88.74 (abduce 98.90)
Hit samples:  18202  Ave length:  4.96
Symbols:  14 Counter({10: 9623, 12: 8992, 13: 8907, 11: 8487, 6: 5939, 1: 5884, 2: 5633, 5: 5505, 3: 5483, 9: 5465, 7: 5421, 4: 5174, 8: 5011, 0: 4696})
Dep:  Counter({(1, 3, 1, -1, 3): 6003, (1, -1, 1): 3402, (1, -1, 3, 1, 3): 2790, (1, 3, 1, 5, 3, -1, 5): 2293, (1, 3, 1, -1, 5, 3, 5): 1266, (-1,): 1000, (1, -1, 3, 5, 3, 1, 5): 743, (1, 5, 3, 1, 3, -1, 5): 504, (1, -1, 3, 1, 5, 3, 5): 201})
Learn syntax with 18202 samples for 500 iterations, take 2 sec.
Learn perception with 18202 samples for 500 iterations, take 32 sec.
Epoch time: 0m 51s
------------------------------
Epoch 36/99 (max_len=inf, data=18405)
Train acc: 89.89 (abduce 98.98)
Hit samples:  18217  Ave length:  4.96
Symbols:  14 Counter({10: 9654, 12: 8999, 13: 8912, 11: 8482, 6: 5921, 1: 5875, 2: 5600, 5: 5513, 9: 5490, 3: 5459, 7: 5417, 4: 5274, 8: 5018, 0: 4697})
Dep:  Counter({(1, 3, 1, -1, 3): 6000, (1, -1, 1): 3401, (1, -1, 3, 1, 3): 2802, (1, 3, 1, 5, 3, -1, 5): 2251, (1, 3, 1, -1, 5, 3, 5): 1311, (-1,): 1000, (1, -1, 3, 5, 3, 1, 5): 719, (1, 5, 3, 1, 3, -1, 5): 540, (1, -1, 3, 1, 5, 3, 5): 193})
Learn syntax with 18217 samples for 500 iterations, take 2 sec.
Learn perception with 18217 samples for 500 iterations, take 32 sec.
Epoch time: 0m 51s
------------------------------
Epoch 37/99 (max_len=inf, data=18405)
Train acc: 91.18 (abduce 99.13)
Hit samples:  18245  Ave length:  4.96
Symbols:  14 Counter({10: 9661, 12: 9020, 13: 8937, 11: 8492, 6: 5927, 1: 5889, 5: 5550, 2: 5535, 9: 5522, 3: 5453, 7: 5433, 4: 5264, 8: 5085, 0: 4697})
Dep:  Counter({(1, 3, 1, -1, 3): 6079, (1, -1, 1): 3402, (1, -1, 3, 1, 3): 2742, (1, 3, 1, 5, 3, -1, 5): 2344, (1, 3, 1, -1, 5, 3, 5): 1246, (-1,): 1000, (1, -1, 3, 5, 3, 1, 5): 700, (1, 5, 3, 1, 3, -1, 5): 546, (1, -1, 3, 1, 5, 3, 5): 186})
Learn syntax with 18245 samples for 500 iterations, take 2 sec.
Learn perception with 18245 samples for 500 iterations, take 32 sec.
Epoch time: 0m 51s
------------------------------
Epoch 38/99 (max_len=inf, data=18405)
Train acc: 91.53 (abduce 99.14)
Hit samples:  18247  Ave length:  4.96
Symbols:  14 Counter({10: 9669, 12: 9036, 13: 8931, 11: 8487, 6: 5955, 1: 5897, 2: 5559, 5: 5522, 9: 5514, 3: 5443, 7: 5432, 4: 5276, 8: 5071, 0: 4701})
Dep:  Counter({(1, 3, 1, -1, 3): 6113, (1, -1, 1): 3403, (1, -1, 3, 1, 3): 2699, (1, 3, 1, 5, 3, -1, 5): 2364, (1, 3, 1, -1, 5, 3, 5): 1261, (-1,): 1000, (1, -1, 3, 5, 3, 1, 5): 688, (1, 5, 3, 1, 3, -1, 5): 551, (1, -1, 3, 1, 5, 3, 5): 168})
Learn syntax with 18247 samples for 500 iterations, take 2 sec.
Learn perception with 18247 samples for 500 iterations, take 32 sec.
Epoch time: 0m 51s
------------------------------
Epoch 39/99 (max_len=inf, data=18405)
Train acc: 91.71 (abduce 99.02)
Hit samples:  18225  Ave length:  4.96
Symbols:  14 Counter({10: 9658, 12: 8999, 13: 8916, 11: 8495, 6: 5931, 1: 5919, 9: 5508, 2: 5506, 5: 5504, 3: 5410, 7: 5400, 4: 5320, 8: 5085, 0: 4710})
Dep:  Counter({(1, 3, 1, -1, 3): 5980, (1, -1, 1): 3404, (1, -1, 3, 1, 3): 2819, (1, 3, 1, 5, 3, -1, 5): 2235, (1, 3, 1, -1, 5, 3, 5): 1316, (-1,): 1000, (1, -1, 3, 5, 3, 1, 5): 696, (1, 5, 3, 1, 3, -1, 5): 548, (1, -1, 3, 1, 5, 3, 5): 227})
Learn syntax with 18225 samples for 500 iterations, take 2 sec.
Learn perception with 18225 samples for 500 iterations, take 32 sec.
result accuracy by length:
1 ( 3%) 100.00
3 (12%) 96.67
5 (55%) 97.42
7 (29%) 94.81
result accuracy by symbol:
* (45%) 96.11
+ (45%) 95.43
- (45%) 96.39
/ (42%) 97.01
0 (23%) 96.90
1 (28%) 95.87
2 (29%) 95.43
3 (28%) 96.37
4 (28%) 96.04
5 (28%) 95.94
6 (28%) 97.48
7 (28%) 96.93
8 (27%) 96.47
9 (28%) 96.53
result accuracy by digit:
0 ( 0%) 100.00
1 ( 0%) 100.00
2 ( 0%) 100.00
3 ( 0%) 100.00
4 ( 0%) 100.00
5 ( 0%) 100.00
6 ( 0%) 100.00
7 ( 0%) 100.00
8 ( 0%) 100.00
9 ( 0%) 100.00
result accuracy by res:
0 (24%) 98.33
1 ( 9%) 97.42
2 ( 5%) 96.86
3 ( 5%) 95.71
4 ( 4%) 96.69
5 ( 4%) 95.48
6 ( 4%) 95.00
7 ( 4%) 96.69
8 ( 4%) 96.58
9 ( 4%) 97.86
result accuracy by condition:
long ( 0%)  0.00
seen (58%) 96.88
unseen (41%) 96.29
val (Perception Acc=99.19, Syntax Acc=97.13, Result Acc=96.63)
Epoch time: 0m 53s
------------------------------
Epoch 40/99 (max_len=inf, data=18405)
Train acc: 91.72 (abduce 99.10)
Hit samples:  18239  Ave length:  4.96
Symbols:  14 Counter({10: 9659, 12: 9036, 13: 8903, 11: 8504, 6: 5952, 1: 5863, 9: 5519, 2: 5509, 5: 5467, 7: 5450, 3: 5415, 4: 5349, 8: 5116, 0: 4701})
Dep:  Counter({(1, 3, 1, -1, 3): 5931, (1, -1, 1): 3403, (1, -1, 3, 1, 3): 2878, (1, 3, 1, 5, 3, -1, 5): 2232, (1, 3, 1, -1, 5, 3, 5): 1305, (-1,): 1000, (1, -1, 3, 5, 3, 1, 5): 723, (1, 5, 3, 1, 3, -1, 5): 527, (1, -1, 3, 1, 5, 3, 5): 240})
Learn syntax with 18239 samples for 500 iterations, take 2 sec.
Learn perception with 18239 samples for 500 iterations, take 32 sec.
Epoch time: 0m 51s
------------------------------
Epoch 41/99 (max_len=inf, data=18405)
Train acc: 91.49 (abduce 99.17)
Hit samples:  18253  Ave length:  4.96
Symbols:  14 Counter({10: 9685, 12: 9014, 13: 8942, 11: 8501, 6: 5939, 1: 5908, 9: 5527, 2: 5514, 5: 5480, 3: 5450, 7: 5450, 4: 5343, 8: 5071, 0: 4713})
Dep:  Counter({(1, 3, 1, -1, 3): 5853, (1, -1, 1): 3403, (1, -1, 3, 1, 3): 2958, (1, 3, 1, 5, 3, -1, 5): 2200, (1, 3, 1, -1, 5, 3, 5): 1297, (-1,): 1000, (1, -1, 3, 5, 3, 1, 5): 753, (1, 5, 3, 1, 3, -1, 5): 552, (1, -1, 3, 1, 5, 3, 5): 237})
Learn syntax with 18253 samples for 500 iterations, take 2 sec.
Learn perception with 18253 samples for 500 iterations, take 32 sec.
Epoch time: 0m 50s
------------------------------
Epoch 42/99 (max_len=inf, data=18405)
Train acc: 91.52 (abduce 99.20)
Hit samples:  18258  Ave length:  4.96
Symbols:  14 Counter({10: 9678, 12: 9047, 13: 8940, 11: 8482, 6: 5906, 1: 5898, 9: 5525, 2: 5521, 5: 5491, 7: 5453, 3: 5422, 4: 5353, 8: 5117, 0: 4719})
Dep:  Counter({(1, 3, 1, -1, 3): 5852, (1, -1, 1): 3404, (1, -1, 3, 1, 3): 2967, (1, 3, 1, 5, 3, -1, 5): 2201, (1, 3, 1, -1, 5, 3, 5): 1296, (-1,): 1000, (1, -1, 3, 5, 3, 1, 5): 746, (1, 5, 3, 1, 3, -1, 5): 575, (1, -1, 3, 1, 5, 3, 5): 217})
Learn syntax with 18258 samples for 500 iterations, take 2 sec.
Learn perception with 18258 samples for 500 iterations, take 32 sec.
Epoch time: 0m 51s
------------------------------
Epoch 43/99 (max_len=inf, data=18405)
Train acc: 91.98 (abduce 99.28)
Hit samples:  18272  Ave length:  4.96
Symbols:  14 Counter({10: 9681, 12: 9068, 13: 8966, 11: 8468, 6: 5947, 1: 5889, 9: 5539, 2: 5535, 3: 5459, 5: 5458, 7: 5429, 4: 5348, 8: 5107, 0: 4744})
Dep:  Counter({(1, 3, 1, -1, 3): 5971, (1, -1, 1): 3405, (1, -1, 3, 1, 3): 2852, (1, 3, 1, 5, 3, -1, 5): 2242, (1, 3, 1, -1, 5, 3, 5): 1304, (-1,): 1000, (1, -1, 3, 5, 3, 1, 5): 695, (1, 5, 3, 1, 3, -1, 5): 585, (1, -1, 3, 1, 5, 3, 5): 218})
Learn syntax with 18272 samples for 500 iterations, take 2 sec.
Learn perception with 18272 samples for 500 iterations, take 32 sec.
Epoch time: 0m 51s
------------------------------
Epoch 44/99 (max_len=inf, data=18405)
Train acc: 91.47 (abduce 99.06)
Hit samples:  18232  Ave length:  4.96
Symbols:  14 Counter({10: 9628, 12: 9030, 13: 8948, 11: 8470, 6: 5931, 1: 5890, 2: 5540, 9: 5536, 3: 5474, 5: 5440, 7: 5408, 4: 5289, 8: 5083, 0: 4717})
Dep:  Counter({(1, 3, 1, -1, 3): 5912, (1, -1, 1): 3405, (1, -1, 3, 1, 3): 2898, (1, 3, 1, 5, 3, -1, 5): 2146, (1, 3, 1, -1, 5, 3, 5): 1357, (-1,): 1000, (1, -1, 3, 5, 3, 1, 5): 709, (1, 5, 3, 1, 3, -1, 5): 579, (1, -1, 3, 1, 5, 3, 5): 226})
Learn syntax with 18232 samples for 500 iterations, take 2 sec.
Learn perception with 18232 samples for 500 iterations, take 32 sec.
result accuracy by length:
1 ( 3%) 99.00
3 (12%) 96.15
5 (55%) 96.86
7 (29%) 95.54
result accuracy by symbol:
* (45%) 95.63
+ (45%) 95.43
- (45%) 97.01
/ (42%) 97.09
0 (23%) 97.03
1 (28%) 95.87
2 (29%) 96.17
3 (28%) 95.93
4 (28%) 95.93
5 (28%) 96.05
6 (28%) 97.04
7 (28%) 96.27
8 (27%) 96.47
9 (28%) 96.53
result accuracy by digit:
0 ( 0%) 100.00
1 ( 0%) 100.00
2 ( 0%) 100.00
3 ( 0%) 90.00
4 ( 0%) 100.00
5 ( 0%) 100.00
6 ( 0%) 100.00
7 ( 0%) 100.00
8 ( 0%) 100.00
9 ( 0%) 100.00
result accuracy by res:
0 (24%) 98.21
1 ( 9%) 98.06
2 ( 5%) 96.34
3 ( 5%) 94.48
4 ( 4%) 96.03
5 ( 4%) 95.48
6 ( 4%) 97.86
7 ( 4%) 95.36
8 ( 4%) 97.26
9 ( 4%) 99.29
result accuracy by condition:
long ( 0%)  0.00
seen (58%) 96.72
unseen (41%) 96.07
val (Perception Acc=99.11, Syntax Acc=97.91, Result Acc=96.45)
Epoch time: 0m 53s
------------------------------
Epoch 45/99 (max_len=inf, data=18405)
Train acc: 92.16 (abduce 99.23)
Hit samples:  18264  Ave length:  4.96
Symbols:  14 Counter({10: 9664, 12: 9062, 13: 8958, 11: 8480, 6: 5973, 1: 5876, 9: 5541, 2: 5531, 3: 5490, 5: 5465, 7: 5412, 4: 5324, 8: 5094, 0: 4722})
Dep:  Counter({(1, 3, 1, -1, 3): 5935, (1, -1, 1): 3405, (1, -1, 3, 1, 3): 2883, (1, 3, 1, 5, 3, -1, 5): 2222, (1, 3, 1, -1, 5, 3, 5): 1345, (-1,): 1000, (1, -1, 3, 5, 3, 1, 5): 681, (1, 5, 3, 1, 3, -1, 5): 575, (1, -1, 3, 1, 5, 3, 5): 218})
Learn syntax with 18264 samples for 500 iterations, take 2 sec.
Learn perception with 18264 samples for 500 iterations, take 32 sec.
Epoch time: 0m 50s
------------------------------
Epoch 46/99 (max_len=inf, data=18405)
Train acc: 92.00 (abduce 99.33)
Hit samples:  18281  Ave length:  4.96
Symbols:  14 Counter({10: 9663, 12: 9074, 13: 8968, 11: 8511, 6: 5965, 1: 5871, 2: 5566, 9: 5550, 3: 5517, 5: 5480, 7: 5431, 4: 5295, 8: 5112, 0: 4710})
Dep:  Counter({(1, 3, 1, -1, 3): 5949, (1, -1, 1): 3404, (1, -1, 3, 1, 3): 2870, (1, 3, 1, 5, 3, -1, 5): 2229, (1, 3, 1, -1, 5, 3, 5): 1356, (-1,): 1000, (1, -1, 3, 5, 3, 1, 5): 674, (1, 5, 3, 1, 3, -1, 5): 589, (1, -1, 3, 1, 5, 3, 5): 210})
Learn syntax with 18281 samples for 500 iterations, take 2 sec.
Learn perception with 18281 samples for 500 iterations, take 32 sec.
Epoch time: 0m 51s
------------------------------
Epoch 47/99 (max_len=inf, data=18405)
Train acc: 92.96 (abduce 99.33)
Hit samples:  18282  Ave length:  4.96
Symbols:  14 Counter({10: 9678, 12: 9048, 13: 8977, 11: 8513, 6: 5962, 1: 5882, 9: 5554, 2: 5534, 5: 5501, 3: 5490, 7: 5445, 4: 5276, 8: 5140, 0: 4714})
Dep:  Counter({(1, 3, 1, -1, 3): 5963, (1, -1, 1): 3402, (1, -1, 3, 1, 3): 2863, (1, 3, 1, 5, 3, -1, 5): 2269, (1, 3, 1, -1, 5, 3, 5): 1325, (-1,): 1000, (1, -1, 3, 5, 3, 1, 5): 650, (1, 5, 3, 1, 3, -1, 5): 619, (1, -1, 3, 1, 5, 3, 5): 191})
Learn syntax with 18282 samples for 500 iterations, take 2 sec.
Learn perception with 18282 samples for 500 iterations, take 32 sec.
Epoch time: 0m 50s
------------------------------
Epoch 48/99 (max_len=inf, data=18405)
Train acc: 93.58 (abduce 99.48)
Hit samples:  18310  Ave length:  4.96
Symbols:  14 Counter({10: 9684, 12: 9094, 13: 9002, 11: 8514, 6: 5953, 1: 5889, 9: 5567, 2: 5546, 3: 5518, 5: 5498, 7: 5477, 4: 5289, 8: 5155, 0: 4712})
Dep:  Counter({(1, 3, 1, -1, 3): 6065, (1, -1, 1): 3404, (1, -1, 3, 1, 3): 2763, (1, 3, 1, 5, 3, -1, 5): 2353, (1, 3, 1, -1, 5, 3, 5): 1294, (-1,): 1000, (1, -1, 3, 5, 3, 1, 5): 657, (1, 5, 3, 1, 3, -1, 5): 604, (1, -1, 3, 1, 5, 3, 5): 170})
Learn syntax with 18310 samples for 500 iterations, take 2 sec.
Learn perception with 18310 samples for 500 iterations, take 32 sec.
Epoch time: 0m 50s
------------------------------
Epoch 49/99 (max_len=inf, data=18405)
Train acc: 93.67 (abduce 99.42)
Hit samples:  18298  Ave length:  4.96
Symbols:  14 Counter({10: 9696, 12: 9079, 13: 8978, 11: 8504, 6: 5931, 1: 5870, 2: 5545, 9: 5542, 5: 5497, 3: 5486, 7: 5462, 4: 5331, 8: 5178, 0: 4713})
Dep:  Counter({(1, 3, 1, -1, 3): 6087, (1, -1, 1): 3405, (1, -1, 3, 1, 3): 2740, (1, 3, 1, 5, 3, -1, 5): 2350, (1, 3, 1, -1, 5, 3, 5): 1301, (-1,): 1000, (1, -1, 3, 5, 3, 1, 5): 635, (1, 5, 3, 1, 3, -1, 5): 612, (1, -1, 3, 1, 5, 3, 5): 168})
Learn syntax with 18298 samples for 500 iterations, take 2 sec.
Learn perception with 18298 samples for 500 iterations, take 32 sec.
result accuracy by length:
1 ( 3%) 99.00
3 (12%) 96.15
5 (55%) 96.80
7 (29%) 95.44
result accuracy by symbol:
* (45%) 95.70
+ (45%) 95.43
- (45%) 96.73
/ (42%) 96.72
0 (23%) 96.90
1 (28%) 96.09
2 (29%) 95.75
3 (28%) 96.37
4 (28%) 94.84
5 (28%) 96.05
6 (28%) 96.93
7 (28%) 96.16
8 (27%) 96.70
9 (28%) 96.64
result accuracy by digit:
0 ( 0%) 100.00
1 ( 0%) 100.00
2 ( 0%) 100.00
3 ( 0%) 90.00
4 ( 0%) 100.00
5 ( 0%) 100.00
6 ( 0%) 100.00
7 ( 0%) 100.00
8 ( 0%) 100.00
9 ( 0%) 100.00
result accuracy by res:
0 (24%) 98.46
1 ( 9%) 97.10
2 ( 5%) 96.86
3 ( 5%) 95.09
4 ( 4%) 94.04
5 ( 4%) 96.13
6 ( 4%) 95.00
7 ( 4%) 95.36
8 ( 4%) 95.89
9 ( 4%) 97.14
result accuracy by condition:
long ( 0%)  0.00
seen (58%) 96.56
unseen (41%) 96.14
val (Perception Acc=99.01, Syntax Acc=98.29, Result Acc=96.39)
Epoch time: 0m 53s
------------------------------
Epoch 50/99 (max_len=inf, data=18405)
Train acc: 94.02 (abduce 99.38)
Hit samples:  18291  Ave length:  4.96
Symbols:  14 Counter({10: 9683, 12: 9075, 13: 8980, 11: 8501, 6: 5932, 1: 5903, 9: 5556, 2: 5499, 5: 5498, 3: 5456, 7: 5452, 4: 5331, 8: 5176, 0: 4727})
Dep:  Counter({(1, 3, 1, -1, 3): 6038, (1, -1, 1): 3404, (1, -1, 3, 1, 3): 2788, (1, 3, 1, 5, 3, -1, 5): 2318, (1, 3, 1, -1, 5, 3, 5): 1271, (-1,): 1000, (1, -1, 3, 5, 3, 1, 5): 652, (1, 5, 3, 1, 3, -1, 5): 619, (1, -1, 3, 1, 5, 3, 5): 201})
Learn syntax with 18291 samples for 500 iterations, take 2 sec.
Learn perception with 18291 samples for 500 iterations, take 32 sec.
Epoch time: 0m 51s
------------------------------
Epoch 51/99 (max_len=inf, data=18405)
Train acc: 94.26 (abduce 99.39)
Hit samples:  18293  Ave length:  4.96
Symbols:  14 Counter({10: 9665, 12: 9088, 13: 8983, 11: 8512, 6: 5948, 1: 5879, 2: 5552, 9: 5546, 5: 5504, 3: 5487, 7: 5476, 4: 5332, 8: 5134, 0: 4683})
Dep:  Counter({(1, 3, 1, -1, 3): 6062, (1, -1, 1): 3403, (1, -1, 3, 1, 3): 2763, (1, 3, 1, 5, 3, -1, 5): 2335, (1, 3, 1, -1, 5, 3, 5): 1265, (-1,): 1000, (1, -1, 3, 5, 3, 1, 5): 651, (1, 5, 3, 1, 3, -1, 5): 625, (1, -1, 3, 1, 5, 3, 5): 189})
Learn syntax with 18293 samples for 500 iterations, take 2 sec.
Learn perception with 18293 samples for 500 iterations, take 32 sec.
Epoch time: 0m 51s
------------------------------
Epoch 52/99 (max_len=inf, data=18405)
Train acc: 94.72 (abduce 99.55)
Hit samples:  18323  Ave length:  4.96
Symbols:  14 Counter({10: 9705, 12: 9068, 13: 8983, 11: 8559, 6: 5986, 1: 5902, 2: 5564, 9: 5544, 5: 5504, 7: 5488, 3: 5488, 4: 5311, 8: 5160, 0: 4691})
Dep:  Counter({(1, 3, 1, -1, 3): 6113, (1, -1, 1): 3405, (1, -1, 3, 1, 3): 2731, (1, 3, 1, 5, 3, -1, 5): 2344, (1, 3, 1, -1, 5, 3, 5): 1269, (-1,): 1000, (1, 5, 3, 1, 3, -1, 5): 640, (1, -1, 3, 5, 3, 1, 5): 629, (1, -1, 3, 1, 5, 3, 5): 192})
Learn syntax with 18323 samples for 500 iterations, take 2 sec.
Learn perception with 18323 samples for 500 iterations, take 32 sec.
Epoch time: 0m 51s
------------------------------
Epoch 53/99 (max_len=inf, data=18405)
Train acc: 94.57 (abduce 99.46)
Hit samples:  18306  Ave length:  4.96
Symbols:  14 Counter({10: 9681, 12: 9068, 13: 8976, 11: 8548, 6: 5963, 1: 5860, 2: 5560, 9: 5556, 5: 5505, 3: 5498, 7: 5475, 4: 5331, 8: 5136, 0: 4695})
Dep:  Counter({(1, 3, 1, -1, 3): 6142, (1, -1, 1): 3404, (1, -1, 3, 1, 3): 2695, (1, 3, 1, 5, 3, -1, 5): 2352, (1, 3, 1, -1, 5, 3, 5): 1256, (-1,): 1000, (1, -1, 3, 5, 3, 1, 5): 641, (1, 5, 3, 1, 3, -1, 5): 631, (1, -1, 3, 1, 5, 3, 5): 185})
Learn syntax with 18306 samples for 500 iterations, take 2 sec.
Learn perception with 18306 samples for 500 iterations, take 32 sec.
Epoch time: 0m 50s
------------------------------
Epoch 54/99 (max_len=inf, data=18405)
Train acc: 94.55 (abduce 99.48)
Hit samples:  18309  Ave length:  4.96
Symbols:  14 Counter({10: 9702, 12: 9071, 13: 8968, 11: 8544, 6: 5961, 1: 5868, 2: 5595, 9: 5551, 5: 5513, 7: 5486, 3: 5449, 4: 5333, 8: 5130, 0: 4708})
Dep:  Counter({(1, 3, 1, -1, 3): 6064, (1, -1, 1): 3405, (1, -1, 3, 1, 3): 2768, (1, 3, 1, 5, 3, -1, 5): 2353, (1, 3, 1, -1, 5, 3, 5): 1271, (-1,): 1000, (1, 5, 3, 1, 3, -1, 5): 638, (1, -1, 3, 5, 3, 1, 5): 626, (1, -1, 3, 1, 5, 3, 5): 184})
Learn syntax with 18309 samples for 500 iterations, take 2 sec.
Learn perception with 18309 samples for 500 iterations, take 32 sec.
result accuracy by length:
1 ( 3%) 99.00
3 (12%) 96.67
5 (55%) 96.64
7 (29%) 96.16
result accuracy by symbol:
* (45%) 95.90
+ (45%) 95.50
- (45%) 97.01
/ (42%) 97.01
0 (23%) 96.51
1 (28%) 96.09
2 (29%) 96.60
3 (28%) 97.25
4 (28%) 96.26
5 (28%) 96.16
6 (28%) 97.15
7 (28%) 96.71
8 (27%) 95.90
9 (28%) 96.21
result accuracy by digit:
0 ( 0%) 100.00
1 ( 0%) 100.00
2 ( 0%) 100.00
3 ( 0%) 100.00
4 ( 0%) 100.00
5 ( 0%) 90.00
6 ( 0%) 100.00
7 ( 0%) 100.00
8 ( 0%) 100.00
9 ( 0%) 100.00
result accuracy by res:
0 (24%) 98.72
1 ( 9%) 97.74
2 ( 5%) 96.86
3 ( 5%) 95.71
4 ( 4%) 96.03
5 ( 4%) 95.48
6 ( 4%) 95.00
7 ( 4%) 96.03
8 ( 4%) 96.58
9 ( 4%) 96.43
result accuracy by condition:
long ( 0%)  0.00
seen (58%) 96.88
unseen (41%) 96.14
val (Perception Acc=98.99, Syntax Acc=99.26, Result Acc=96.57)
Epoch time: 0m 53s
------------------------------
Epoch 55/99 (max_len=inf, data=18405)
Train acc: 94.16 (abduce 99.49)
Hit samples:  18311  Ave length:  4.96
Symbols:  14 Counter({10: 9696, 12: 9086, 13: 8988, 11: 8513, 6: 5978, 1: 5861, 2: 5588, 9: 5549, 5: 5516, 7: 5466, 3: 5440, 4: 5331, 8: 5153, 0: 4712})
Dep:  Counter({(1, 3, 1, -1, 3): 6119, (1, -1, 1): 3403, (1, -1, 3, 1, 3): 2725, (1, 3, 1, 5, 3, -1, 5): 2405, (1, 3, 1, -1, 5, 3, 5): 1244, (-1,): 1000, (1, -1, 3, 5, 3, 1, 5): 644, (1, 5, 3, 1, 3, -1, 5): 608, (1, -1, 3, 1, 5, 3, 5): 163})
Learn syntax with 18311 samples for 500 iterations, take 2 sec.
Learn perception with 18311 samples for 500 iterations, take 32 sec.
Epoch time: 0m 51s
------------------------------
Epoch 56/99 (max_len=inf, data=18405)
Train acc: 94.86 (abduce 99.56)
Hit samples:  18324  Ave length:  4.96
Symbols:  14 Counter({10: 9691, 12: 9099, 13: 8985, 11: 8547, 6: 5959, 1: 5871, 2: 5551, 5: 5533, 9: 5527, 3: 5499, 7: 5490, 4: 5325, 8: 5176, 0: 4715})
Dep:  Counter({(1, 3, 1, -1, 3): 6082, (1, -1, 1): 3404, (1, -1, 3, 1, 3): 2760, (1, 3, 1, 5, 3, -1, 5): 2422, (1, 3, 1, -1, 5, 3, 5): 1224, (-1,): 1000, (1, -1, 3, 5, 3, 1, 5): 673, (1, 5, 3, 1, 3, -1, 5): 596, (1, -1, 3, 1, 5, 3, 5): 163})
Learn syntax with 18324 samples for 500 iterations, take 2 sec.
Learn perception with 18324 samples for 500 iterations, take 32 sec.
Epoch time: 0m 51s
------------------------------
Epoch 57/99 (max_len=inf, data=18405)
Train acc: 95.31 (abduce 99.60)
Hit samples:  18332  Ave length:  4.96
Symbols:  14 Counter({10: 9715, 12: 9088, 13: 9005, 11: 8529, 6: 5981, 1: 5892, 9: 5557, 2: 5526, 7: 5503, 5: 5498, 3: 5474, 4: 5348, 8: 5171, 0: 4719})
Dep:  Counter({(1, 3, 1, -1, 3): 6034, (1, -1, 1): 3405, (1, -1, 3, 1, 3): 2815, (1, 3, 1, 5, 3, -1, 5): 2348, (1, 3, 1, -1, 5, 3, 5): 1245, (-1,): 1000, (1, -1, 3, 5, 3, 1, 5): 702, (1, 5, 3, 1, 3, -1, 5): 596, (1, -1, 3, 1, 5, 3, 5): 187})
Learn syntax with 18332 samples for 500 iterations, take 2 sec.
Learn perception with 18332 samples for 500 iterations, take 32 sec.
Epoch time: 0m 51s
------------------------------
Epoch 58/99 (max_len=inf, data=18405)
Train acc: 94.95 (abduce 99.59)
Hit samples:  18330  Ave length:  4.96
Symbols:  14 Counter({10: 9709, 12: 9084, 13: 9005, 11: 8538, 6: 5979, 1: 5900, 9: 5573, 2: 5533, 5: 5494, 7: 5482, 3: 5479, 4: 5348, 8: 5173, 0: 4705})
Dep:  Counter({(1, 3, 1, -1, 3): 6013, (1, -1, 1): 3405, (1, -1, 3, 1, 3): 2831, (1, 3, 1, 5, 3, -1, 5): 2356, (1, 3, 1, -1, 5, 3, 5): 1241, (-1,): 1000, (1, -1, 3, 5, 3, 1, 5): 670, (1, 5, 3, 1, 3, -1, 5): 629, (1, -1, 3, 1, 5, 3, 5): 185})
Learn syntax with 18330 samples for 500 iterations, take 2 sec.
Learn perception with 18330 samples for 500 iterations, take 32 sec.
Epoch time: 0m 50s
------------------------------
Epoch 59/99 (max_len=inf, data=18405)
Train acc: 95.50 (abduce 99.60)
Hit samples:  18332  Ave length:  4.96
Symbols:  14 Counter({10: 9706, 12: 9085, 13: 8982, 11: 8564, 6: 5955, 1: 5916, 9: 5582, 2: 5519, 5: 5499, 7: 5484, 3: 5482, 4: 5350, 8: 5177, 0: 4705})
Dep:  Counter({(1, 3, 1, -1, 3): 6085, (1, -1, 1): 3405, (1, -1, 3, 1, 3): 2764, (1, 3, 1, 5, 3, -1, 5): 2374, (1, 3, 1, -1, 5, 3, 5): 1241, (-1,): 1000, (1, -1, 3, 5, 3, 1, 5): 665, (1, 5, 3, 1, 3, -1, 5): 619, (1, -1, 3, 1, 5, 3, 5): 179})
Learn syntax with 18332 samples for 500 iterations, take 3 sec.
Learn perception with 18332 samples for 500 iterations, take 32 sec.
result accuracy by length:
1 ( 3%) 100.00
3 (12%) 97.69
5 (55%) 97.03
7 (29%) 96.58
result accuracy by symbol:
* (45%) 96.45
+ (45%) 96.10
- (45%) 97.48
/ (42%) 97.01
0 (23%) 97.67
1 (28%) 96.74
2 (29%) 96.71
3 (28%) 97.36
4 (28%) 95.82
5 (28%) 97.37
6 (28%) 97.15
7 (28%) 97.15
8 (27%) 97.04
9 (28%) 96.64
result accuracy by digit:
0 ( 0%) 100.00
1 ( 0%) 100.00
2 ( 0%) 100.00
3 ( 0%) 100.00
4 ( 0%) 100.00
5 ( 0%) 100.00
6 ( 0%) 100.00
7 ( 0%) 100.00
8 ( 0%) 100.00
9 ( 0%) 100.00
result accuracy by res:
0 (24%) 99.23
1 ( 9%) 97.42
2 ( 5%) 97.38
3 ( 5%) 94.48
4 ( 4%) 96.69
5 ( 4%) 96.77
6 ( 4%) 98.57
7 ( 4%) 96.03
8 ( 4%) 95.21
9 ( 4%) 98.57
result accuracy by condition:
long ( 0%)  0.00
seen (58%) 97.20
unseen (41%) 96.88
val (Perception Acc=99.10, Syntax Acc=99.23, Result Acc=97.07)
Epoch time: 0m 53s
------------------------------
Epoch 60/99 (max_len=inf, data=18405)
Train acc: 95.68 (abduce 99.60)
Hit samples:  18332  Ave length:  4.96
Symbols:  14 Counter({10: 9702, 12: 9083, 13: 8979, 11: 8574, 6: 5966, 1: 5936, 9: 5563, 2: 5508, 5: 5504, 7: 5491, 3: 5473, 4: 5336, 8: 5184, 0: 4709})
Dep:  Counter({(1, 3, 1, -1, 3): 6141, (1, -1, 1): 3404, (1, -1, 3, 1, 3): 2709, (1, 3, 1, 5, 3, -1, 5): 2442, (1, 3, 1, -1, 5, 3, 5): 1216, (-1,): 1000, (1, -1, 3, 5, 3, 1, 5): 662, (1, 5, 3, 1, 3, -1, 5): 617, (1, -1, 3, 1, 5, 3, 5): 141})
Learn syntax with 18332 samples for 500 iterations, take 2 sec.
Learn perception with 18332 samples for 500 iterations, take 32 sec.
Epoch time: 0m 51s
------------------------------
Epoch 61/99 (max_len=inf, data=18405)
Train acc: 95.45 (abduce 99.48)
Hit samples:  18310  Ave length:  4.96
Symbols:  14 Counter({10: 9680, 12: 9069, 13: 8978, 11: 8556, 6: 5961, 1: 5868, 9: 5567, 2: 5504, 7: 5501, 5: 5484, 3: 5481, 4: 5330, 8: 5194, 0: 4703})
Dep:  Counter({(1, 3, 1, -1, 3): 6168, (1, -1, 1): 3405, (1, -1, 3, 1, 3): 2669, (1, 3, 1, 5, 3, -1, 5): 2431, (1, 3, 1, -1, 5, 3, 5): 1204, (-1,): 1000, (1, -1, 3, 5, 3, 1, 5): 653, (1, 5, 3, 1, 3, -1, 5): 628, (1, -1, 3, 1, 5, 3, 5): 152})
Learn syntax with 18310 samples for 500 iterations, take 2 sec.
Learn perception with 18310 samples for 500 iterations, take 33 sec.
Epoch time: 0m 52s
------------------------------
Epoch 62/99 (max_len=inf, data=18405)
Train acc: 95.79 (abduce 99.66)
Hit samples:  18343  Ave length:  4.97
Symbols:  14 Counter({10: 9707, 12: 9086, 13: 9017, 11: 8557, 6: 6000, 1: 5885, 9: 5565, 2: 5525, 7: 5507, 3: 5504, 5: 5488, 4: 5357, 8: 5177, 0: 4702})
Dep:  Counter({(1, 3, 1, -1, 3): 6176, (1, -1, 1): 3404, (1, -1, 3, 1, 3): 2678, (1, 3, 1, 5, 3, -1, 5): 2438, (1, 3, 1, -1, 5, 3, 5): 1221, (-1,): 1000, (1, -1, 3, 5, 3, 1, 5): 643, (1, 5, 3, 1, 3, -1, 5): 633, (1, -1, 3, 1, 5, 3, 5): 150})
Learn syntax with 18343 samples for 500 iterations, take 2 sec.
Learn perception with 18343 samples for 500 iterations, take 32 sec.
Epoch time: 0m 50s
------------------------------
Epoch 63/99 (max_len=inf, data=18405)
Train acc: 96.02 (abduce 99.64)
Hit samples:  18338  Ave length:  4.96
Symbols:  14 Counter({10: 9708, 12: 9066, 13: 9014, 11: 8565, 6: 5983, 1: 5891, 9: 5575, 2: 5536, 3: 5505, 5: 5497, 7: 5493, 4: 5349, 8: 5159, 0: 4703})
Dep:  Counter({(1, 3, 1, -1, 3): 6135, (1, -1, 1): 3405, (1, -1, 3, 1, 3): 2716, (1, 3, 1, 5, 3, -1, 5): 2435, (1, 3, 1, -1, 5, 3, 5): 1223, (-1,): 1000, (1, 5, 3, 1, 3, -1, 5): 646, (1, -1, 3, 5, 3, 1, 5): 614, (1, -1, 3, 1, 5, 3, 5): 164})
Learn syntax with 18338 samples for 500 iterations, take 2 sec.
Learn perception with 18338 samples for 500 iterations, take 32 sec.
Epoch time: 0m 51s
------------------------------
Epoch 64/99 (max_len=inf, data=18405)
Train acc: 95.93 (abduce 99.63)
Hit samples:  18337  Ave length:  4.96
Symbols:  14 Counter({10: 9723, 12: 9073, 13: 8991, 11: 8564, 6: 5992, 1: 5899, 9: 5587, 2: 5531, 7: 5495, 5: 5491, 3: 5481, 4: 5344, 8: 5163, 0: 4705})
Dep:  Counter({(1, 3, 1, -1, 3): 6113, (1, -1, 1): 3404, (1, -1, 3, 1, 3): 2739, (1, 3, 1, 5, 3, -1, 5): 2385, (1, 3, 1, -1, 5, 3, 5): 1248, (-1,): 1000, (1, -1, 3, 5, 3, 1, 5): 650, (1, 5, 3, 1, 3, -1, 5): 627, (1, -1, 3, 1, 5, 3, 5): 171})
Learn syntax with 18337 samples for 500 iterations, take 2 sec.
Learn perception with 18337 samples for 500 iterations, take 32 sec.
result accuracy by length:
1 ( 3%) 100.00
3 (12%) 96.92
5 (55%) 97.14
7 (29%) 96.16
result accuracy by symbol:
* (45%) 96.65
+ (45%) 95.70
- (45%) 97.14
/ (42%) 97.23
0 (23%) 97.16
1 (28%) 96.41
2 (29%) 97.02
3 (28%) 96.59
4 (28%) 95.71
5 (28%) 97.15
6 (28%) 96.71
7 (28%) 97.37
8 (27%) 97.15
9 (28%) 96.64
result accuracy by digit:
0 ( 0%) 100.00
1 ( 0%) 100.00
2 ( 0%) 100.00
3 ( 0%) 100.00
4 ( 0%) 100.00
5 ( 0%) 100.00
6 ( 0%) 100.00
7 ( 0%) 100.00
8 ( 0%) 100.00
9 ( 0%) 100.00
result accuracy by res:
0 (24%) 98.85
1 ( 9%) 98.06
2 ( 5%) 97.91
3 ( 5%) 95.71
4 ( 4%) 96.03
5 ( 4%) 96.77
6 ( 4%) 95.71
7 ( 4%) 96.69
8 ( 4%) 95.89
9 ( 4%) 97.86
result accuracy by condition:
long ( 0%)  0.00
seen (58%) 96.93
unseen (41%) 96.88
val (Perception Acc=99.17, Syntax Acc=98.87, Result Acc=96.91)
Epoch time: 0m 53s
------------------------------
Epoch 65/99 (max_len=inf, data=18405)
Train acc: 95.96 (abduce 99.61)
Hit samples:  18334  Ave length:  4.96
Symbols:  14 Counter({10: 9710, 12: 9083, 13: 9007, 11: 8540, 6: 6000, 1: 5875, 9: 5589, 2: 5551, 7: 5525, 5: 5489, 3: 5459, 4: 5337, 8: 5148, 0: 4701})
Dep:  Counter({(1, 3, 1, -1, 3): 6102, (1, -1, 1): 3405, (1, -1, 3, 1, 3): 2750, (1, 3, 1, 5, 3, -1, 5): 2407, (1, 3, 1, -1, 5, 3, 5): 1244, (-1,): 1000, (1, -1, 3, 5, 3, 1, 5): 662, (1, 5, 3, 1, 3, -1, 5): 609, (1, -1, 3, 1, 5, 3, 5): 155})
Learn syntax with 18334 samples for 500 iterations, take 2 sec.
Learn perception with 18334 samples for 500 iterations, take 32 sec.
Epoch time: 0m 51s
------------------------------
Epoch 66/99 (max_len=inf, data=18405)
Train acc: 96.01 (abduce 99.74)
Hit samples:  18357  Ave length:  4.97
Symbols:  14 Counter({10: 9721, 12: 9104, 13: 9019, 11: 8553, 6: 6005, 1: 5860, 9: 5586, 2: 5556, 7: 5506, 3: 5493, 5: 5486, 4: 5343, 8: 5188, 0: 4731})
Dep:  Counter({(1, 3, 1, -1, 3): 6139, (1, -1, 1): 3405, (1, -1, 3, 1, 3): 2725, (1, 3, 1, 5, 3, -1, 5): 2418, (1, 3, 1, -1, 5, 3, 5): 1241, (-1,): 1000, (1, -1, 3, 5, 3, 1, 5): 638, (1, 5, 3, 1, 3, -1, 5): 621, (1, -1, 3, 1, 5, 3, 5): 170})
Learn syntax with 18357 samples for 500 iterations, take 2 sec.
Learn perception with 18357 samples for 500 iterations, take 32 sec.
Epoch time: 0m 51s
------------------------------
Epoch 67/99 (max_len=inf, data=18405)
Train acc: 95.83 (abduce 99.67)
Hit samples:  18345  Ave length:  4.97
Symbols:  14 Counter({10: 9714, 12: 9095, 13: 9005, 11: 8562, 6: 6002, 1: 5882, 9: 5592, 2: 5555, 3: 5500, 5: 5489, 7: 5488, 4: 5341, 8: 5163, 0: 4709})
Dep:  Counter({(1, 3, 1, -1, 3): 6084, (1, -1, 1): 3404, (1, -1, 3, 1, 3): 2767, (1, 3, 1, 5, 3, -1, 5): 2411, (1, 3, 1, -1, 5, 3, 5): 1255, (-1,): 1000, (1, -1, 3, 5, 3, 1, 5): 652, (1, 5, 3, 1, 3, -1, 5): 605, (1, -1, 3, 1, 5, 3, 5): 167})
Learn syntax with 18345 samples for 500 iterations, take 2 sec.
Learn perception with 18345 samples for 500 iterations, take 32 sec.
Epoch time: 0m 51s
------------------------------
Epoch 68/99 (max_len=inf, data=18405)
Train acc: 95.98 (abduce 99.61)
Hit samples:  18334  Ave length:  4.97
Symbols:  14 Counter({10: 9716, 12: 9092, 13: 8993, 11: 8550, 6: 5989, 1: 5886, 9: 5585, 2: 5538, 7: 5508, 5: 5500, 3: 5482, 4: 5347, 8: 5150, 0: 4700})
Dep:  Counter({(1, 3, 1, -1, 3): 6137, (1, -1, 1): 3405, (1, -1, 3, 1, 3): 2704, (1, 3, 1, 5, 3, -1, 5): 2396, (1, 3, 1, -1, 5, 3, 5): 1251, (-1,): 1000, (1, -1, 3, 5, 3, 1, 5): 645, (1, 5, 3, 1, 3, -1, 5): 636, (1, -1, 3, 1, 5, 3, 5): 160})
Learn syntax with 18334 samples for 500 iterations, take 2 sec.
Learn perception with 18334 samples for 500 iterations, take 32 sec.
Epoch time: 0m 50s
------------------------------
Epoch 69/99 (max_len=inf, data=18405)
Train acc: 95.78 (abduce 99.63)
Hit samples:  18337  Ave length:  4.97
Symbols:  14 Counter({10: 9708, 12: 9094, 13: 9003, 11: 8551, 6: 5988, 1: 5872, 9: 5583, 2: 5550, 5: 5498, 3: 5495, 7: 5485, 4: 5352, 8: 5164, 0: 4706})
Dep:  Counter({(1, 3, 1, -1, 3): 6121, (1, -1, 1): 3405, (1, -1, 3, 1, 3): 2724, (1, 3, 1, 5, 3, -1, 5): 2420, (1, 3, 1, -1, 5, 3, 5): 1251, (-1,): 1000, (1, -1, 3, 5, 3, 1, 5): 620, (1, 5, 3, 1, 3, -1, 5): 609, (1, -1, 3, 1, 5, 3, 5): 187})
Learn syntax with 18337 samples for 500 iterations, take 2 sec.
Learn perception with 18337 samples for 500 iterations, take 32 sec.
result accuracy by length:
1 ( 3%) 100.00
3 (12%) 96.92
5 (55%) 96.86
7 (29%) 95.85
result accuracy by symbol:
* (45%) 96.11
+ (45%) 95.30
- (45%) 97.28
/ (42%) 96.87
0 (23%) 96.90
1 (28%) 96.09
2 (29%) 96.92
3 (28%) 96.59
4 (28%) 95.60
5 (28%) 96.49
6 (28%) 96.60
7 (28%) 97.15
8 (27%) 96.92
9 (28%) 96.10
result accuracy by digit:
0 ( 0%) 100.00
1 ( 0%) 100.00
2 ( 0%) 100.00
3 ( 0%) 100.00
4 ( 0%) 100.00
5 ( 0%) 100.00
6 ( 0%) 100.00
7 ( 0%) 100.00
8 ( 0%) 100.00
9 ( 0%) 100.00
result accuracy by res:
0 (24%) 98.85
1 ( 9%) 97.42
2 ( 5%) 98.43
3 ( 5%) 93.87
4 ( 4%) 96.03
5 ( 4%) 95.48
6 ( 4%) 97.14
7 ( 4%) 96.69
8 ( 4%) 95.89
9 ( 4%) 97.14
result accuracy by condition:
long ( 0%)  0.00
seen (58%) 96.67
unseen (41%) 96.66
val (Perception Acc=99.08, Syntax Acc=99.14, Result Acc=96.66)
Epoch time: 0m 53s
------------------------------
Epoch 70/99 (max_len=inf, data=18405)
Train acc: 96.18 (abduce 99.66)
Hit samples:  18343  Ave length:  4.97
Symbols:  14 Counter({10: 9713, 12: 9079, 13: 9011, 11: 8571, 6: 5991, 1: 5888, 9: 5582, 2: 5548, 5: 5501, 3: 5496, 7: 5491, 4: 5337, 8: 5167, 0: 4716})
Dep:  Counter({(1, 3, 1, -1, 3): 6087, (1, -1, 1): 3405, (1, -1, 3, 1, 3): 2758, (1, 3, 1, 5, 3, -1, 5): 2437, (1, 3, 1, -1, 5, 3, 5): 1245, (-1,): 1000, (1, -1, 3, 5, 3, 1, 5): 632, (1, 5, 3, 1, 3, -1, 5): 620, (1, -1, 3, 1, 5, 3, 5): 159})
Learn syntax with 18343 samples for 500 iterations, take 2 sec.
Learn perception with 18343 samples for 500 iterations, take 32 sec.
Epoch time: 0m 51s
------------------------------
Epoch 71/99 (max_len=inf, data=18405)
Train acc: 96.37 (abduce 99.73)
Hit samples:  18356  Ave length:  4.97
Symbols:  14 Counter({10: 9733, 12: 9092, 13: 8995, 11: 8583, 6: 6003, 1: 5884, 9: 5593, 2: 5545, 7: 5515, 5: 5514, 3: 5484, 4: 5337, 8: 5163, 0: 4721})
Dep:  Counter({(1, 3, 1, -1, 3): 6041, (1, -1, 1): 3404, (1, -1, 3, 1, 3): 2816, (1, 3, 1, 5, 3, -1, 5): 2414, (1, 3, 1, -1, 5, 3, 5): 1242, (-1,): 1000, (1, 5, 3, 1, 3, -1, 5): 634, (1, -1, 3, 5, 3, 1, 5): 608, (1, -1, 3, 1, 5, 3, 5): 197})
Learn syntax with 18356 samples for 500 iterations, take 2 sec.
Learn perception with 18356 samples for 500 iterations, take 32 sec.
Epoch time: 0m 50s
------------------------------
Epoch 72/99 (max_len=inf, data=18405)
Train acc: 95.77 (abduce 99.61)
Hit samples:  18334  Ave length:  4.97
Symbols:  14 Counter({10: 9725, 12: 9079, 13: 8998, 11: 8550, 6: 6005, 1: 5904, 9: 5573, 2: 5531, 7: 5519, 5: 5499, 3: 5498, 4: 5296, 8: 5160, 0: 4701})
Dep:  Counter({(1, 3, 1, -1, 3): 6010, (1, -1, 1): 3404, (1, -1, 3, 1, 3): 2832, (1, 3, 1, 5, 3, -1, 5): 2421, (1, 3, 1, -1, 5, 3, 5): 1232, (-1,): 1000, (1, -1, 3, 5, 3, 1, 5): 630, (1, 5, 3, 1, 3, -1, 5): 621, (1, -1, 3, 1, 5, 3, 5): 184})
Learn syntax with 18334 samples for 500 iterations, take 2 sec.
Learn perception with 18334 samples for 500 iterations, take 32 sec.
Epoch time: 0m 50s
------------------------------
Epoch 73/99 (max_len=inf, data=18405)
Train acc: 95.48 (abduce 99.61)
Hit samples:  18334  Ave length:  4.96
Symbols:  14 Counter({10: 9689, 12: 9078, 13: 8987, 11: 8591, 6: 5981, 1: 5905, 9: 5580, 2: 5529, 5: 5518, 3: 5501, 7: 5500, 4: 5315, 8: 5144, 0: 4706})
Dep:  Counter({(1, 3, 1, -1, 3): 6034, (1, -1, 1): 3405, (1, -1, 3, 1, 3): 2813, (1, 3, 1, 5, 3, -1, 5): 2390, (1, 3, 1, -1, 5, 3, 5): 1260, (-1,): 1000, (1, -1, 3, 5, 3, 1, 5): 639, (1, 5, 3, 1, 3, -1, 5): 601, (1, -1, 3, 1, 5, 3, 5): 192})
Learn syntax with 18334 samples for 500 iterations, take 2 sec.
Learn perception with 18334 samples for 500 iterations, take 32 sec.
Epoch time: 0m 51s
------------------------------
Epoch 74/99 (max_len=inf, data=18405)
Train acc: 95.52 (abduce 99.61)
Hit samples:  18333  Ave length:  4.96
Symbols:  14 Counter({10: 9686, 12: 9086, 13: 8997, 11: 8572, 6: 6009, 1: 5906, 9: 5566, 2: 5541, 5: 5521, 7: 5482, 3: 5475, 4: 5321, 8: 5147, 0: 4706})
Dep:  Counter({(1, 3, 1, -1, 3): 6064, (1, -1, 1): 3404, (1, -1, 3, 1, 3): 2786, (1, 3, 1, 5, 3, -1, 5): 2443, (1, 3, 1, -1, 5, 3, 5): 1218, (-1,): 1000, (1, -1, 3, 5, 3, 1, 5): 636, (1, 5, 3, 1, 3, -1, 5): 623, (1, -1, 3, 1, 5, 3, 5): 159})
Learn syntax with 18333 samples for 500 iterations, take 2 sec.
Learn perception with 18333 samples for 500 iterations, take 32 sec.
result accuracy by length:
1 ( 3%) 99.00
3 (12%) 97.18
5 (55%) 96.58
7 (29%) 95.44
result accuracy by symbol:
* (45%) 95.63
+ (45%) 95.56
- (45%) 96.60
/ (42%) 96.36
0 (23%) 96.77
1 (28%) 95.76
2 (29%) 96.28
3 (28%) 96.04
4 (28%) 94.73
5 (28%) 96.38
6 (28%) 96.05
7 (28%) 96.71
8 (27%) 96.92
9 (28%) 96.53
result accuracy by digit:
0 ( 0%) 100.00
1 ( 0%) 100.00
2 ( 0%) 100.00
3 ( 0%) 100.00
4 ( 0%) 90.00
5 ( 0%) 100.00
6 ( 0%) 100.00
7 ( 0%) 100.00
8 ( 0%) 100.00
9 ( 0%) 100.00
result accuracy by res:
0 (24%) 98.46
1 ( 9%) 97.42
2 ( 5%) 97.91
3 ( 5%) 93.87
4 ( 4%) 94.70
5 ( 4%) 95.48
6 ( 4%) 95.00
7 ( 4%) 96.03
8 ( 4%) 95.89
9 ( 4%) 97.86
result accuracy by condition:
long ( 0%)  0.00
seen (58%) 96.40
unseen (41%) 96.36
val (Perception Acc=99.07, Syntax Acc=99.29, Result Acc=96.39)
Epoch time: 0m 53s
------------------------------
Epoch 75/99 (max_len=inf, data=18405)
Train acc: 95.99 (abduce 99.60)
Hit samples:  18331  Ave length:  4.96
Symbols:  14 Counter({10: 9698, 12: 9073, 13: 9003, 11: 8555, 6: 6010, 1: 5872, 9: 5573, 2: 5544, 5: 5517, 7: 5488, 3: 5483, 4: 5326, 8: 5139, 0: 4708})
Dep:  Counter({(1, 3, 1, -1, 3): 6139, (1, -1, 1): 3405, (1, -1, 3, 1, 3): 2715, (1, 3, 1, 5, 3, -1, 5): 2501, (1, 3, 1, -1, 5, 3, 5): 1201, (-1,): 1000, (1, -1, 3, 5, 3, 1, 5): 606, (1, 5, 3, 1, 3, -1, 5): 603, (1, -1, 3, 1, 5, 3, 5): 161})
Learn syntax with 18331 samples for 500 iterations, take 2 sec.
Learn perception with 18331 samples for 500 iterations, take 32 sec.
Epoch time: 0m 51s
------------------------------
Epoch 76/99 (max_len=inf, data=18405)
Train acc: 96.37 (abduce 99.72)
Hit samples:  18353  Ave length:  4.97
Symbols:  14 Counter({10: 9726, 12: 9094, 13: 9005, 11: 8568, 6: 6037, 1: 5888, 9: 5567, 2: 5549, 5: 5501, 7: 5490, 3: 5485, 4: 5350, 8: 5167, 0: 4712})
Dep:  Counter({(1, 3, 1, -1, 3): 6096, (1, -1, 1): 3405, (1, -1, 3, 1, 3): 2760, (1, 3, 1, 5, 3, -1, 5): 2462, (1, 3, 1, -1, 5, 3, 5): 1204, (-1,): 1000, (1, 5, 3, 1, 3, -1, 5): 626, (1, -1, 3, 5, 3, 1, 5): 588, (1, -1, 3, 1, 5, 3, 5): 212})
Learn syntax with 18353 samples for 500 iterations, take 2 sec.
Learn perception with 18353 samples for 500 iterations, take 32 sec.
Epoch time: 0m 51s
------------------------------
Epoch 77/99 (max_len=inf, data=18405)
Train acc: 95.75 (abduce 99.60)
Hit samples:  18331  Ave length:  4.97
Symbols:  14 Counter({10: 9703, 12: 9075, 13: 8999, 11: 8570, 6: 6010, 1: 5866, 9: 5563, 2: 5547, 5: 5508, 3: 5504, 7: 5467, 4: 5344, 8: 5159, 0: 4710})
Dep:  Counter({(1, 3, 1, -1, 3): 6056, (1, -1, 1): 3404, (1, -1, 3, 1, 3): 2782, (1, 3, 1, 5, 3, -1, 5): 2406, (1, 3, 1, -1, 5, 3, 5): 1231, (-1,): 1000, (1, 5, 3, 1, 3, -1, 5): 671, (1, -1, 3, 5, 3, 1, 5): 582, (1, -1, 3, 1, 5, 3, 5): 199})
Learn syntax with 18331 samples for 500 iterations, take 2 sec.
Learn perception with 18331 samples for 500 iterations, take 32 sec.
Epoch time: 0m 51s
------------------------------
Epoch 78/99 (max_len=inf, data=18405)
Train acc: 95.90 (abduce 99.71)
Hit samples:  18352  Ave length:  4.97
Symbols:  14 Counter({10: 9708, 12: 9111, 13: 9010, 11: 8560, 6: 6015, 1: 5884, 9: 5565, 2: 5554, 5: 5530, 7: 5488, 3: 5485, 4: 5345, 8: 5153, 0: 4722})
Dep:  Counter({(1, 3, 1, -1, 3): 6047, (1, -1, 1): 3405, (1, -1, 3, 1, 3): 2810, (1, 3, 1, 5, 3, -1, 5): 2397, (1, 3, 1, -1, 5, 3, 5): 1253, (-1,): 1000, (1, 5, 3, 1, 3, -1, 5): 648, (1, -1, 3, 5, 3, 1, 5): 591, (1, -1, 3, 1, 5, 3, 5): 201})
Learn syntax with 18352 samples for 500 iterations, take 2 sec.
Learn perception with 18352 samples for 500 iterations, take 32 sec.
Epoch time: 0m 50s
------------------------------
Epoch 79/99 (max_len=inf, data=18405)
Train acc: 95.51 (abduce 99.70)
Hit samples:  18350  Ave length:  4.97
Symbols:  14 Counter({10: 9704, 12: 9122, 13: 9020, 11: 8540, 6: 6006, 1: 5891, 9: 5589, 2: 5569, 5: 5535, 7: 5480, 3: 5470, 4: 5338, 8: 5155, 0: 4703})
Dep:  Counter({(1, 3, 1, -1, 3): 5948, (1, -1, 1): 3405, (1, -1, 3, 1, 3): 2906, (1, 3, 1, 5, 3, -1, 5): 2325, (1, 3, 1, -1, 5, 3, 5): 1277, (-1,): 1000, (1, 5, 3, 1, 3, -1, 5): 670, (1, -1, 3, 5, 3, 1, 5): 586, (1, -1, 3, 1, 5, 3, 5): 233})
Learn syntax with 18350 samples for 500 iterations, take 2 sec.
Learn perception with 18350 samples for 500 iterations, take 32 sec.
result accuracy by length:
1 ( 3%) 99.00
3 (12%) 97.44
5 (55%) 97.20
7 (29%) 95.75
result accuracy by symbol:
* (45%) 95.97
+ (45%) 96.10
- (45%) 97.21
/ (42%) 96.80
0 (23%) 97.16
1 (28%) 96.09
2 (29%) 97.24
3 (28%) 96.48
4 (28%) 95.05
5 (28%) 97.04
6 (28%) 96.82
7 (28%) 96.60
8 (27%) 97.15
9 (28%) 97.18
result accuracy by digit:
0 ( 0%) 100.00
1 ( 0%) 100.00
2 ( 0%) 100.00
3 ( 0%) 100.00
4 ( 0%) 90.00
5 ( 0%) 100.00
6 ( 0%) 100.00
7 ( 0%) 100.00
8 ( 0%) 100.00
9 ( 0%) 100.00
result accuracy by res:
0 (24%) 98.72
1 ( 9%) 97.42
2 ( 5%) 97.91
3 ( 5%) 95.71
4 ( 4%) 95.36
5 ( 4%) 96.13
6 ( 4%) 96.43
7 ( 4%) 96.03
8 ( 4%) 95.89
9 ( 4%) 97.86
result accuracy by condition:
long ( 0%)  0.00
seen (58%) 96.83
unseen (41%) 96.88
val (Perception Acc=99.14, Syntax Acc=98.91, Result Acc=96.85)
Epoch time: 0m 53s
------------------------------
Epoch 80/99 (max_len=inf, data=18405)
Train acc: 95.67 (abduce 99.60)
Hit samples:  18331  Ave length:  4.96
Symbols:  14 Counter({10: 9694, 12: 9094, 13: 9000, 11: 8553, 6: 5993, 1: 5900, 9: 5576, 2: 5569, 5: 5518, 7: 5493, 3: 5462, 4: 5316, 8: 5151, 0: 4694})
Dep:  Counter({(1, 3, 1, -1, 3): 6028, (1, -1, 1): 3404, (1, -1, 3, 1, 3): 2816, (1, 3, 1, 5, 3, -1, 5): 2350, (1, 3, 1, -1, 5, 3, 5): 1233, (-1,): 1000, (1, 5, 3, 1, 3, -1, 5): 669, (1, -1, 3, 5, 3, 1, 5): 598, (1, -1, 3, 1, 5, 3, 5): 233})
Learn syntax with 18331 samples for 500 iterations, take 2 sec.
Learn perception with 18331 samples for 500 iterations, take 32 sec.
Epoch time: 0m 50s
------------------------------
Epoch 81/99 (max_len=inf, data=18405)
Train acc: 95.82 (abduce 99.64)
Hit samples:  18338  Ave length:  4.97
Symbols:  14 Counter({10: 9708, 12: 9084, 13: 9031, 11: 8547, 6: 5993, 1: 5894, 9: 5568, 2: 5563, 5: 5537, 7: 5485, 3: 5473, 4: 5343, 8: 5149, 0: 4703})
Dep:  Counter({(1, 3, 1, -1, 3): 5997, (1, -1, 1): 3402, (1, -1, 3, 1, 3): 2843, (1, 3, 1, 5, 3, -1, 5): 2379, (1, 3, 1, -1, 5, 3, 5): 1256, (-1,): 1000, (1, 5, 3, 1, 3, -1, 5): 663, (1, -1, 3, 5, 3, 1, 5): 578, (1, -1, 3, 1, 5, 3, 5): 220})
Learn syntax with 18338 samples for 500 iterations, take 2 sec.
Learn perception with 18338 samples for 500 iterations, take 32 sec.
Epoch time: 0m 50s
------------------------------
Epoch 82/99 (max_len=inf, data=18405)
Train acc: 96.55 (abduce 99.65)
Hit samples:  18341  Ave length:  4.97
Symbols:  14 Counter({10: 9711, 12: 9084, 13: 9012, 11: 8565, 6: 5987, 1: 5907, 9: 5570, 2: 5528, 5: 5518, 3: 5499, 7: 5491, 4: 5339, 8: 5175, 0: 4699})
Dep:  Counter({(1, 3, 1, -1, 3): 6018, (1, -1, 1): 3404, (1, -1, 3, 1, 3): 2825, (1, 3, 1, 5, 3, -1, 5): 2432, (1, 3, 1, -1, 5, 3, 5): 1190, (-1,): 1000, (1, 5, 3, 1, 3, -1, 5): 687, (1, -1, 3, 5, 3, 1, 5): 569, (1, -1, 3, 1, 5, 3, 5): 216})
Learn syntax with 18341 samples for 500 iterations, take 2 sec.
Learn perception with 18341 samples for 500 iterations, take 32 sec.
Epoch time: 0m 51s
------------------------------
Epoch 83/99 (max_len=inf, data=18405)
Train acc: 96.13 (abduce 99.67)
Hit samples:  18344  Ave length:  4.97
Symbols:  14 Counter({10: 9717, 12: 9079, 13: 9013, 11: 8570, 6: 5987, 1: 5932, 9: 5564, 2: 5553, 5: 5510, 7: 5486, 3: 5472, 4: 5371, 8: 5140, 0: 4708})
Dep:  Counter({(1, 3, 1, -1, 3): 6091, (1, -1, 1): 3404, (1, -1, 3, 1, 3): 2754, (1, 3, 1, 5, 3, -1, 5): 2488, (1, 3, 1, -1, 5, 3, 5): 1188, (-1,): 1000, (1, 5, 3, 1, 3, -1, 5): 655, (1, -1, 3, 5, 3, 1, 5): 557, (1, -1, 3, 1, 5, 3, 5): 207})
Learn syntax with 18344 samples for 500 iterations, take 2 sec.
Learn perception with 18344 samples for 500 iterations, take 32 sec.
Epoch time: 0m 51s
------------------------------
Epoch 84/99 (max_len=inf, data=18405)
Train acc: 96.43 (abduce 99.69)
Hit samples:  18348  Ave length:  4.97
Symbols:  14 Counter({10: 9712, 12: 9091, 13: 9001, 11: 8582, 6: 6002, 1: 5933, 9: 5574, 2: 5531, 5: 5511, 3: 5481, 7: 5480, 4: 5362, 8: 5145, 0: 4715})
Dep:  Counter({(1, 3, 1, -1, 3): 6055, (1, -1, 1): 3405, (1, -1, 3, 1, 3): 2793, (1, 3, 1, 5, 3, -1, 5): 2464, (1, 3, 1, -1, 5, 3, 5): 1171, (-1,): 1000, (1, 5, 3, 1, 3, -1, 5): 672, (1, -1, 3, 5, 3, 1, 5): 583, (1, -1, 3, 1, 5, 3, 5): 205})
Learn syntax with 18348 samples for 500 iterations, take 2 sec.
Learn perception with 18348 samples for 500 iterations, take 32 sec.
result accuracy by length:
1 ( 3%) 100.00
3 (12%) 97.69
5 (55%) 97.03
7 (29%) 95.75
result accuracy by symbol:
* (45%) 96.17
+ (45%) 95.56
- (45%) 97.21
/ (42%) 96.94
0 (23%) 97.03
1 (28%) 95.87
2 (29%) 97.02
3 (28%) 96.81
4 (28%) 95.16
5 (28%) 96.38
6 (28%) 96.93
7 (28%) 96.93
8 (27%) 97.38
9 (28%) 96.86
result accuracy by digit:
0 ( 0%) 100.00
1 ( 0%) 100.00
2 ( 0%) 100.00
3 ( 0%) 100.00
4 ( 0%) 100.00
5 ( 0%) 100.00
6 ( 0%) 100.00
7 ( 0%) 100.00
8 ( 0%) 100.00
9 ( 0%) 100.00
result accuracy by res:
0 (24%) 98.97
1 ( 9%) 97.74
2 ( 5%) 96.86
3 ( 5%) 95.09
4 ( 4%) 96.03
5 ( 4%) 96.13
6 ( 4%) 97.14
7 ( 4%) 96.69
8 ( 4%) 95.21
9 ( 4%) 98.57
result accuracy by condition:
long ( 0%)  0.00
seen (58%) 96.93
unseen (41%) 96.66
val (Perception Acc=99.16, Syntax Acc=99.51, Result Acc=96.82)
Epoch time: 0m 53s
------------------------------
Epoch 85/99 (max_len=inf, data=18405)
Train acc: 96.06 (abduce 99.70)
Hit samples:  18349  Ave length:  4.97
Symbols:  14 Counter({10: 9724, 12: 9092, 13: 9008, 11: 8558, 6: 6002, 1: 5918, 9: 5582, 2: 5523, 5: 5515, 7: 5479, 3: 5463, 4: 5381, 8: 5153, 0: 4715})
Dep:  Counter({(1, 3, 1, -1, 3): 6087, (1, -1, 1): 3405, (1, -1, 3, 1, 3): 2768, (1, 3, 1, 5, 3, -1, 5): 2501, (1, 3, 1, -1, 5, 3, 5): 1152, (-1,): 1000, (1, 5, 3, 1, 3, -1, 5): 667, (1, -1, 3, 5, 3, 1, 5): 572, (1, -1, 3, 1, 5, 3, 5): 197})
Learn syntax with 18349 samples for 500 iterations, take 2 sec.
Learn perception with 18349 samples for 500 iterations, take 32 sec.
Epoch time: 0m 50s
------------------------------
Epoch 86/99 (max_len=inf, data=18405)
Train acc: 96.23 (abduce 99.70)
Hit samples:  18350  Ave length:  4.97
Symbols:  14 Counter({10: 9716, 12: 9089, 13: 9006, 11: 8574, 6: 6000, 1: 5897, 9: 5583, 2: 5522, 5: 5518, 7: 5481, 3: 5471, 4: 5404, 8: 5159, 0: 4700})
Dep:  Counter({(1, 3, 1, -1, 3): 6060, (1, -1, 1): 3404, (1, -1, 3, 1, 3): 2797, (1, 3, 1, 5, 3, -1, 5): 2465, (1, 3, 1, -1, 5, 3, 5): 1171, (-1,): 1000, (1, 5, 3, 1, 3, -1, 5): 666, (1, -1, 3, 5, 3, 1, 5): 594, (1, -1, 3, 1, 5, 3, 5): 193})
Learn syntax with 18350 samples for 500 iterations, take 2 sec.
Learn perception with 18350 samples for 500 iterations, take 32 sec.
Epoch time: 0m 51s
------------------------------
Epoch 87/99 (max_len=inf, data=18405)
Train acc: 96.42 (abduce 99.74)
Hit samples:  18358  Ave length:  4.97
Symbols:  14 Counter({10: 9724, 12: 9094, 13: 9013, 11: 8578, 6: 6000, 1: 5910, 9: 5577, 2: 5527, 5: 5527, 7: 5494, 3: 5479, 4: 5379, 8: 5168, 0: 4706})
Dep:  Counter({(1, 3, 1, -1, 3): 6042, (1, -1, 1): 3405, (1, -1, 3, 1, 3): 2813, (1, 3, 1, 5, 3, -1, 5): 2408, (1, 3, 1, -1, 5, 3, 5): 1195, (-1,): 1000, (1, 5, 3, 1, 3, -1, 5): 705, (1, -1, 3, 5, 3, 1, 5): 575, (1, -1, 3, 1, 5, 3, 5): 215})
Learn syntax with 18358 samples for 500 iterations, take 2 sec.
Learn perception with 18358 samples for 500 iterations, take 32 sec.
Epoch time: 0m 50s
------------------------------
Epoch 88/99 (max_len=inf, data=18405)
Train acc: 95.77 (abduce 99.70)
Hit samples:  18350  Ave length:  4.97
Symbols:  14 Counter({10: 9707, 12: 9086, 13: 9003, 11: 8587, 6: 5988, 1: 5922, 9: 5567, 2: 5551, 5: 5532, 7: 5499, 3: 5475, 4: 5369, 8: 5141, 0: 4689})
Dep:  Counter({(1, 3, 1, -1, 3): 6087, (1, -1, 1): 3405, (1, -1, 3, 1, 3): 2770, (1, 3, 1, 5, 3, -1, 5): 2400, (1, 3, 1, -1, 5, 3, 5): 1198, (-1,): 1000, (1, 5, 3, 1, 3, -1, 5): 733, (1, -1, 3, 5, 3, 1, 5): 576, (1, -1, 3, 1, 5, 3, 5): 181})
Learn syntax with 18350 samples for 500 iterations, take 2 sec.
Learn perception with 18350 samples for 500 iterations, take 32 sec.
Epoch time: 0m 50s
------------------------------
Epoch 89/99 (max_len=inf, data=18405)
Train acc: 95.64 (abduce 99.65)
Hit samples:  18341  Ave length:  4.97
Symbols:  14 Counter({10: 9723, 12: 9093, 13: 8993, 11: 8554, 6: 5981, 1: 5915, 9: 5570, 5: 5545, 2: 5534, 7: 5496, 3: 5481, 4: 5343, 8: 5150, 0: 4689})
Dep:  Counter({(1, 3, 1, -1, 3): 6105, (1, -1, 1): 3405, (1, -1, 3, 1, 3): 2745, (1, 3, 1, 5, 3, -1, 5): 2451, (1, 3, 1, -1, 5, 3, 5): 1176, (-1,): 1000, (1, 5, 3, 1, 3, -1, 5): 691, (1, -1, 3, 5, 3, 1, 5): 588, (1, -1, 3, 1, 5, 3, 5): 180})
Learn syntax with 18341 samples for 500 iterations, take 2 sec.
Learn perception with 18341 samples for 500 iterations, take 32 sec.
result accuracy by length:
1 ( 3%) 100.00
3 (12%) 98.21
5 (55%) 97.14
7 (29%) 95.54
result accuracy by symbol:
* (45%) 96.52
+ (45%) 95.43
- (45%) 97.14
/ (42%) 96.80
0 (23%) 96.77
1 (28%) 96.20
2 (29%) 97.02
3 (28%) 96.81
4 (28%) 95.16
5 (28%) 96.93
6 (28%) 96.71
7 (28%) 97.04
8 (27%) 97.04
9 (28%) 97.07
result accuracy by digit:
0 ( 0%) 100.00
1 ( 0%) 100.00
2 ( 0%) 100.00
3 ( 0%) 100.00
4 ( 0%) 100.00
5 ( 0%) 100.00
6 ( 0%) 100.00
7 ( 0%) 100.00
8 ( 0%) 100.00
9 ( 0%) 100.00
result accuracy by res:
0 (24%) 98.97
1 ( 9%) 98.06
2 ( 5%) 96.34
3 ( 5%) 94.48
4 ( 4%) 97.35
5 ( 4%) 96.13
6 ( 4%) 95.00
7 ( 4%) 96.69
8 ( 4%) 95.21
9 ( 4%) 98.57
result accuracy by condition:
long ( 0%)  0.00
seen (58%) 97.04
unseen (41%) 96.66
val (Perception Acc=99.16, Syntax Acc=99.49, Result Acc=96.88)
Epoch time: 0m 53s
------------------------------
Epoch 90/99 (max_len=inf, data=18405)
Train acc: 96.05 (abduce 99.65)
Hit samples:  18340  Ave length:  4.96
Symbols:  14 Counter({10: 9701, 12: 9079, 13: 9014, 11: 8565, 6: 5996, 1: 5901, 9: 5583, 2: 5530, 5: 5517, 3: 5513, 7: 5480, 4: 5346, 8: 5147, 0: 4686})
Dep:  Counter({(1, 3, 1, -1, 3): 6126, (1, -1, 1): 3405, (1, -1, 3, 1, 3): 2725, (1, 3, 1, 5, 3, -1, 5): 2462, (1, 3, 1, -1, 5, 3, 5): 1179, (-1,): 1000, (1, 5, 3, 1, 3, -1, 5): 685, (1, -1, 3, 5, 3, 1, 5): 589, (1, -1, 3, 1, 5, 3, 5): 169})
Learn syntax with 18340 samples for 500 iterations, take 2 sec.
Learn perception with 18340 samples for 500 iterations, take 32 sec.
Epoch time: 0m 51s
------------------------------
Epoch 91/99 (max_len=inf, data=18405)
Train acc: 95.93 (abduce 99.65)
Hit samples:  18341  Ave length:  4.97
Symbols:  14 Counter({10: 9710, 12: 9081, 13: 9019, 11: 8554, 6: 6000, 1: 5899, 9: 5565, 2: 5531, 5: 5512, 7: 5504, 3: 5498, 4: 5336, 8: 5171, 0: 4689})
Dep:  Counter({(1, 3, 1, -1, 3): 6167, (1, -1, 1): 3405, (1, -1, 3, 1, 3): 2682, (1, 3, 1, 5, 3, -1, 5): 2507, (1, 3, 1, -1, 5, 3, 5): 1156, (-1,): 1000, (1, 5, 3, 1, 3, -1, 5): 691, (1, -1, 3, 5, 3, 1, 5): 575, (1, -1, 3, 1, 5, 3, 5): 158})
Learn syntax with 18341 samples for 500 iterations, take 2 sec.
Learn perception with 18341 samples for 500 iterations, take 32 sec.
Epoch time: 0m 50s
------------------------------
Epoch 92/99 (max_len=inf, data=18405)
Train acc: 95.85 (abduce 99.71)
Hit samples:  18351  Ave length:  4.97
Symbols:  14 Counter({10: 9706, 12: 9097, 13: 9020, 11: 8568, 6: 5990, 1: 5895, 9: 5567, 2: 5528, 3: 5515, 5: 5513, 7: 5504, 4: 5350, 8: 5175, 0: 4705})
Dep:  Counter({(1, 3, 1, -1, 3): 6190, (1, -1, 1): 3405, (1, -1, 3, 1, 3): 2662, (1, 3, 1, 5, 3, -1, 5): 2489, (1, 3, 1, -1, 5, 3, 5): 1190, (-1,): 1000, (1, 5, 3, 1, 3, -1, 5): 704, (1, -1, 3, 5, 3, 1, 5): 548, (1, -1, 3, 1, 5, 3, 5): 163})
Learn syntax with 18351 samples for 500 iterations, take 2 sec.
Learn perception with 18351 samples for 500 iterations, take 32 sec.
Epoch time: 0m 50s
------------------------------
Epoch 93/99 (max_len=inf, data=18405)
Train acc: 96.12 (abduce 99.68)
Hit samples:  18346  Ave length:  4.97
Symbols:  14 Counter({10: 9702, 12: 9091, 13: 9013, 11: 8571, 6: 6016, 1: 5853, 9: 5580, 2: 5541, 5: 5527, 3: 5513, 7: 5485, 4: 5358, 8: 5148, 0: 4702})
Dep:  Counter({(1, 3, 1, -1, 3): 6126, (1, -1, 1): 3405, (1, -1, 3, 1, 3): 2725, (1, 3, 1, 5, 3, -1, 5): 2361, (1, 3, 1, -1, 5, 3, 5): 1249, (-1,): 1000, (1, 5, 3, 1, 3, -1, 5): 720, (1, -1, 3, 5, 3, 1, 5): 594, (1, -1, 3, 1, 5, 3, 5): 166})
Learn syntax with 18346 samples for 500 iterations, take 2 sec.
Learn perception with 18346 samples for 500 iterations, take 32 sec.
Epoch time: 0m 50s
------------------------------
Epoch 94/99 (max_len=inf, data=18405)
Train acc: 96.42 (abduce 99.74)
Hit samples:  18358  Ave length:  4.97
Symbols:  14 Counter({10: 9722, 12: 9101, 13: 9023, 11: 8562, 6: 6021, 1: 5869, 9: 5590, 2: 5529, 5: 5522, 3: 5506, 7: 5478, 4: 5380, 8: 5155, 0: 4716})
Dep:  Counter({(1, 3, 1, -1, 3): 6147, (1, -1, 1): 3404, (1, -1, 3, 1, 3): 2711, (1, 3, 1, 5, 3, -1, 5): 2449, (1, 3, 1, -1, 5, 3, 5): 1209, (-1,): 1000, (1, 5, 3, 1, 3, -1, 5): 684, (1, -1, 3, 5, 3, 1, 5): 589, (1, -1, 3, 1, 5, 3, 5): 165})
Learn syntax with 18358 samples for 500 iterations, take 2 sec.
Learn perception with 18358 samples for 500 iterations, take 32 sec.
result accuracy by length:
1 ( 3%) 98.00
3 (12%) 98.21
5 (55%) 97.48
7 (29%) 96.06
result accuracy by symbol:
* (45%) 96.93
+ (45%) 96.03
- (45%) 97.41
/ (42%) 97.23
0 (23%) 97.93
1 (28%) 96.41
2 (29%) 97.13
3 (28%) 97.47
4 (28%) 94.95
5 (28%) 96.93
6 (28%) 96.93
7 (28%) 97.26
8 (27%) 97.84
9 (28%) 97.51
result accuracy by digit:
0 ( 0%) 100.00
1 ( 0%) 100.00
2 ( 0%) 100.00
3 ( 0%) 100.00
4 ( 0%) 80.00
5 ( 0%) 100.00
6 ( 0%) 100.00
7 ( 0%) 100.00
8 ( 0%) 100.00
9 ( 0%) 100.00
result accuracy by res:
0 (24%) 99.49
1 ( 9%) 97.74
2 ( 5%) 98.43
3 ( 5%) 95.71
4 ( 4%) 94.04
5 ( 4%) 96.77
6 ( 4%) 92.86
7 ( 4%) 98.01
8 ( 4%) 94.52
9 ( 4%) 99.29
result accuracy by condition:
long ( 0%)  0.00
seen (58%) 97.20
unseen (41%) 97.11
val (Perception Acc=99.17, Syntax Acc=99.58, Result Acc=97.16)
Epoch time: 0m 53s
------------------------------
Epoch 95/99 (max_len=inf, data=18405)
Train acc: 96.65 (abduce 99.74)
Hit samples:  18357  Ave length:  4.97
Symbols:  14 Counter({10: 9719, 12: 9093, 13: 9019, 11: 8568, 6: 5995, 1: 5874, 9: 5598, 2: 5533, 5: 5525, 7: 5508, 3: 5501, 4: 5360, 8: 5150, 0: 4712})
Dep:  Counter({(1, 3, 1, -1, 3): 6151, (1, -1, 1): 3405, (1, -1, 3, 1, 3): 2711, (1, 3, 1, 5, 3, -1, 5): 2421, (1, 3, 1, -1, 5, 3, 5): 1231, (-1,): 1000, (1, 5, 3, 1, 3, -1, 5): 708, (1, -1, 3, 5, 3, 1, 5): 573, (1, -1, 3, 1, 5, 3, 5): 157})
Learn syntax with 18357 samples for 500 iterations, take 2 sec.
Learn perception with 18357 samples for 500 iterations, take 32 sec.
Epoch time: 0m 51s
------------------------------
Epoch 96/99 (max_len=inf, data=18405)
Train acc: 96.83 (abduce 99.76)
Hit samples:  18361  Ave length:  4.97
Symbols:  14 Counter({10: 9715, 12: 9099, 13: 9028, 11: 8569, 6: 6005, 1: 5867, 9: 5602, 5: 5528, 2: 5524, 7: 5519, 3: 5498, 4: 5355, 8: 5160, 0: 4714})
Dep:  Counter({(1, 3, 1, -1, 3): 6124, (1, -1, 1): 3405, (1, -1, 3, 1, 3): 2738, (1, 3, 1, 5, 3, -1, 5): 2414, (1, 3, 1, -1, 5, 3, 5): 1209, (-1,): 1000, (1, 5, 3, 1, 3, -1, 5): 710, (1, -1, 3, 5, 3, 1, 5): 591, (1, -1, 3, 1, 5, 3, 5): 170})
Learn syntax with 18361 samples for 500 iterations, take 2 sec.
Learn perception with 18361 samples for 500 iterations, take 32 sec.
Epoch time: 0m 51s
------------------------------
Epoch 97/99 (max_len=inf, data=18405)
Train acc: 96.48 (abduce 99.67)
Hit samples:  18345  Ave length:  4.97
Symbols:  14 Counter({10: 9717, 12: 9090, 13: 9005, 11: 8563, 6: 6004, 1: 5878, 9: 5575, 2: 5528, 5: 5522, 7: 5502, 3: 5488, 4: 5347, 8: 5159, 0: 4717})
Dep:  Counter({(1, 3, 1, -1, 3): 6121, (1, -1, 1): 3405, (1, -1, 3, 1, 3): 2729, (1, 3, 1, 5, 3, -1, 5): 2424, (1, 3, 1, -1, 5, 3, 5): 1176, (-1,): 1000, (1, 5, 3, 1, 3, -1, 5): 716, (1, -1, 3, 5, 3, 1, 5): 595, (1, -1, 3, 1, 5, 3, 5): 179})
Learn syntax with 18345 samples for 500 iterations, take 2 sec.
Learn perception with 18345 samples for 500 iterations, take 32 sec.
Epoch time: 0m 51s
------------------------------
Epoch 98/99 (max_len=inf, data=18405)
Train acc: 96.29 (abduce 99.73)
Hit samples:  18356  Ave length:  4.97
Symbols:  14 Counter({10: 9711, 12: 9109, 13: 9025, 11: 8559, 6: 5995, 1: 5870, 9: 5591, 2: 5538, 5: 5528, 7: 5494, 3: 5492, 4: 5381, 8: 5160, 0: 4711})
Dep:  Counter({(1, 3, 1, -1, 3): 6137, (1, -1, 1): 3405, (1, -1, 3, 1, 3): 2717, (1, 3, 1, 5, 3, -1, 5): 2418, (1, 3, 1, -1, 5, 3, 5): 1185, (-1,): 1000, (1, 5, 3, 1, 3, -1, 5): 714, (1, -1, 3, 5, 3, 1, 5): 607, (1, -1, 3, 1, 5, 3, 5): 173})
Learn syntax with 18356 samples for 500 iterations, take 2 sec.
Learn perception with 18356 samples for 500 iterations, take 32 sec.
Epoch time: 0m 51s
------------------------------
Epoch 99/99 (max_len=inf, data=18405)
Train acc: 96.43 (abduce 99.73)
Hit samples:  18355  Ave length:  4.97
Symbols:  14 Counter({10: 9728, 12: 9092, 13: 9021, 11: 8560, 6: 5995, 1: 5882, 9: 5583, 2: 5526, 5: 5523, 7: 5507, 3: 5478, 4: 5386, 8: 5157, 0: 4719})
Dep:  Counter({(1, 3, 1, -1, 3): 6138, (1, -1, 1): 3405, (1, -1, 3, 1, 3): 2716, (1, 3, 1, 5, 3, -1, 5): 2454, (1, 3, 1, -1, 5, 3, 5): 1188, (-1,): 1000, (1, 5, 3, 1, 3, -1, 5): 701, (1, -1, 3, 5, 3, 1, 5): 593, (1, -1, 3, 1, 5, 3, 5): 160})
Learn syntax with 18355 samples for 500 iterations, take 2 sec.
Learn perception with 18355 samples for 500 iterations, take 32 sec.
result accuracy by length:
1 ( 3%) 100.00
3 (12%) 97.95
5 (55%) 97.48
7 (29%) 95.75
result accuracy by symbol:
* (45%) 96.72
+ (45%) 96.03
- (45%) 97.35
/ (42%) 97.01
0 (23%) 97.67
1 (28%) 96.09
2 (29%) 97.02
3 (28%) 97.25
4 (28%) 95.27
5 (28%) 97.04
6 (28%) 96.93
7 (28%) 97.26
8 (27%) 97.38
9 (28%) 97.40
result accuracy by digit:
0 ( 0%) 100.00
1 ( 0%) 100.00
2 ( 0%) 100.00
3 ( 0%) 100.00
4 ( 0%) 100.00
5 ( 0%) 100.00
6 ( 0%) 100.00
7 ( 0%) 100.00
8 ( 0%) 100.00
9 ( 0%) 100.00
result accuracy by res:
0 (24%) 98.85
1 ( 9%) 97.10
2 ( 5%) 97.91
3 ( 5%) 95.71
4 ( 4%) 96.03
5 ( 4%) 96.77
6 ( 4%) 96.43
7 ( 4%) 98.01
8 ( 4%) 95.89
9 ( 4%) 99.29
result accuracy by condition:
long ( 0%)  0.00
seen (58%) 97.04
unseen (41%) 97.18
val (Perception Acc=99.19, Syntax Acc=99.46, Result Acc=97.10)
Epoch time: 0m 53s
------------------------------
result accuracy by length:
1 ( 3%) 100.00
3 (12%) 97.95
5 (55%) 97.48
7 (29%) 95.75
result accuracy by symbol:
* (45%) 96.72
+ (45%) 96.03
- (45%) 97.35
/ (42%) 97.01
0 (23%) 97.67
1 (28%) 96.09
2 (29%) 97.02
3 (28%) 97.25
4 (28%) 95.27
5 (28%) 97.04
6 (28%) 96.93
7 (28%) 97.26
8 (27%) 97.38
9 (28%) 97.40
result accuracy by digit:
0 ( 0%) 100.00
1 ( 0%) 100.00
2 ( 0%) 100.00
3 ( 0%) 100.00
4 ( 0%) 100.00
5 ( 0%) 100.00
6 ( 0%) 100.00
7 ( 0%) 100.00
8 ( 0%) 100.00
9 ( 0%) 100.00
result accuracy by res:
0 (24%) 98.85
1 ( 9%) 97.10
2 ( 5%) 97.91
3 ( 5%) 95.71
4 ( 4%) 96.03
5 ( 4%) 96.77
6 ( 4%) 96.43
7 ( 4%) 98.01
8 ( 4%) 95.89
9 ( 4%) 99.29
result accuracy by condition:
long ( 0%)  0.00
seen (58%) 97.04
unseen (41%) 97.18
val (Perception Acc=99.19, Syntax Acc=99.46, Result Acc=97.10)
Best val acc: 97.16
------------------------------
Evaluate on test set...
result accuracy by length:
1 ( 1%) 99.10
3 ( 5%) 97.86
5 (30%) 97.07
7 (16%) 96.50
9 (12%) 95.75
11 ( 9%) 94.21
13 ( 7%) 93.08
15 ( 5%) 91.45
17 ( 4%) 88.16
19 ( 3%) 89.79
21 ( 2%) 86.39
result accuracy by symbol:
* (62%) 94.23
+ (62%) 93.46
- (61%) 94.32
/ (59%) 94.68
0 (33%) 94.48
1 (39%) 93.66
2 (38%) 93.85
3 (39%) 93.37
4 (38%) 94.03
5 (39%) 93.98
6 (39%) 94.50
7 (38%) 94.64
8 (39%) 93.83
9 (39%) 94.22
result accuracy by digit:
0 ( 0%) 100.00
1 ( 0%) 99.00
2 ( 0%) 100.00
3 ( 0%) 99.00
4 ( 0%) 96.00
5 ( 0%) 98.00
6 ( 0%) 100.00
7 ( 0%) 100.00
8 ( 0%) 100.00
9 ( 0%) 99.00
result accuracy by res:
0 (24%) 97.28
1 ( 7%) 96.77
2 ( 4%) 95.50
3 ( 4%) 95.25
4 ( 4%) 95.78
5 ( 4%) 95.10
6 ( 4%) 95.88
7 ( 4%) 95.77
8 ( 4%) 94.15
9 ( 3%) 96.18
result accuracy by condition:
long (45%) 92.69
seen (31%) 97.21
unseen (22%) 96.83
test (Perception Acc=99.23, Syntax Acc=97.29, Result Acc=95.05)
