train: 18405 val: 3238 test: 58965
Namespace(curriculum=True, epochs=50, epochs_eval=5, excludes='!', output_dir='./outputs/exp_syntax_semantics_curriculum/', perception=False, resume=None, seed=314, semantics=True, syntax=True)
SymbolNet(
  (conv1): Conv2d(1, 32, kernel_size=(3, 3), stride=(1, 1), padding=(1, 1))
  (conv2): Conv2d(32, 64, kernel_size=(3, 3), stride=(1, 1), padding=(1, 1))
  (dropout1): Dropout2d(p=0.25, inplace=False)
  (dropout2): Dropout2d(p=0.5, inplace=False)
  (fc1): Linear(in_features=30976, out_features=128, bias=True)
  (fc2): Linear(in_features=128, out_features=14, bias=True)
)
use ground-truth syntax.
use ground-truth semantics.
Curriculum: [(0, 1), (5, 3), (10, 5), (20, inf)]
result accuracy by length:
1 ( 3%)  0.00
3 (12%)  0.77
5 (55%)  0.06
7 (29%)  0.00
result accuracy by symbol:
* (45%)  0.00
+ (45%)  0.00
- (45%)  0.07
/ (42%)  0.22
0 (23%)  0.00
1 (28%)  0.11
2 (29%)  0.21
3 (28%)  0.00
4 (28%)  0.11
5 (28%)  0.00
6 (28%)  0.00
7 (28%)  0.00
8 (27%)  0.11
9 (28%)  0.33
result accuracy by digit:
0 ( 0%)  0.00
1 ( 0%)  0.00
2 ( 0%)  0.00
3 ( 0%)  0.00
4 ( 0%)  0.00
5 ( 0%)  0.00
6 ( 0%)  0.00
7 ( 0%)  0.00
8 ( 0%)  0.00
9 ( 0%)  0.00
result accuracy by res:
0 (24%)  0.00
1 ( 9%)  1.29
2 ( 5%)  0.00
3 ( 5%)  0.00
4 ( 4%)  0.00
5 ( 4%)  0.00
6 ( 4%)  0.00
7 ( 4%)  0.00
8 ( 4%)  0.00
9 ( 4%)  0.00
result accuracy by condition:
long ( 0%)  0.00
seen (58%)  0.16
unseen (41%)  0.07
val (Perception Acc=6.43, Syntax Acc=100.00, Result Acc=0.12)
------------------------------
Epoch 0/49 (max_len=1, data=1000)
Train acc: 7.78 (abduce 100.00)
Hit samples:  1000  Ave length:  1.0
Symbols:  10 Counter({4: 100, 1: 100, 0: 100, 8: 100, 7: 100, 5: 100, 3: 100, 2: 100, 6: 100, 9: 100})
Dep:  Counter({(-1,): 1000})
Learn perception with 1000 samples for 500 iterations, take 93 sec.
Epoch time: 1m 34s
------------------------------
Epoch 1/49 (max_len=1, data=1000)
Train acc: 95.70 (abduce 100.00)
Hit samples:  1000  Ave length:  1.0
Symbols:  10 Counter({4: 100, 3: 100, 0: 100, 9: 100, 5: 100, 1: 100, 6: 100, 2: 100, 8: 100, 7: 100})
Dep:  Counter({(-1,): 1000})
Learn perception with 1000 samples for 500 iterations, take 93 sec.
Epoch time: 1m 34s
------------------------------
Epoch 2/49 (max_len=1, data=1000)
Train acc: 99.50 (abduce 100.00)
Hit samples:  1000  Ave length:  1.0
Symbols:  10 Counter({6: 100, 4: 100, 7: 100, 2: 100, 0: 100, 1: 100, 5: 100, 3: 100, 9: 100, 8: 100})
Dep:  Counter({(-1,): 1000})
Learn perception with 1000 samples for 500 iterations, take 93 sec.
Epoch time: 1m 34s
------------------------------
Epoch 3/49 (max_len=1, data=1000)
Train acc: 99.60 (abduce 100.00)
Hit samples:  1000  Ave length:  1.0
Symbols:  10 Counter({8: 100, 4: 100, 6: 100, 0: 100, 3: 100, 1: 100, 7: 100, 9: 100, 2: 100, 5: 100})
Dep:  Counter({(-1,): 1000})
Learn perception with 1000 samples for 500 iterations, take 93 sec.
Epoch time: 1m 34s
------------------------------
Epoch 4/49 (max_len=1, data=1000)
Train acc: 99.79 (abduce 100.00)
Hit samples:  1000  Ave length:  1.0
Symbols:  10 Counter({9: 100, 4: 100, 0: 100, 7: 100, 6: 100, 5: 100, 8: 100, 3: 100, 2: 100, 1: 100})
Dep:  Counter({(-1,): 1000})
Learn perception with 1000 samples for 500 iterations, take 94 sec.
result accuracy by length:
1 ( 3%) 88.00
3 (12%)  0.00
5 (55%)  0.00
7 (29%)  0.00
result accuracy by symbol:
* (45%)  0.00
+ (45%)  0.00
- (45%)  0.00
/ (42%)  0.00
0 (23%)  1.29
1 (28%)  0.98
2 (29%)  0.85
3 (28%)  0.88
4 (28%)  0.99
5 (28%)  0.88
6 (28%)  1.10
7 (28%)  1.10
8 (27%)  0.80
9 (28%)  0.98
result accuracy by digit:
0 ( 0%) 100.00
1 ( 0%) 90.00
2 ( 0%) 80.00
3 ( 0%) 80.00
4 ( 0%) 90.00
5 ( 0%) 80.00
6 ( 0%) 100.00
7 ( 0%) 100.00
8 ( 0%) 70.00
9 ( 0%) 90.00
result accuracy by res:
0 (24%)  1.28
1 ( 9%)  2.90
2 ( 5%)  4.19
3 ( 5%)  4.91
4 ( 4%)  5.96
5 ( 4%)  5.16
6 ( 4%)  7.14
7 ( 4%)  6.62
8 ( 4%)  4.79
9 ( 4%)  6.43
result accuracy by condition:
long ( 0%)  0.00
seen (58%)  4.66
unseen (41%)  0.00
val (Perception Acc=53.07, Syntax Acc=100.00, Result Acc=2.72)
Epoch time: 1m 37s
------------------------------
Epoch 5/49 (max_len=3, data=4405)
Train acc: 23.18 (abduce 84.13)
Hit samples:  3706  Ave length:  2.46
Symbols:  14 Counter({10: 803, 13: 713, 12: 700, 6: 698, 9: 663, 8: 663, 4: 655, 7: 645, 1: 641, 5: 631, 3: 628, 0: 608, 2: 580, 11: 490})
Dep:  Counter({(1, -1, 1): 2706, (-1,): 1000})
Learn perception with 3706 samples for 500 iterations, take 28 sec.
Epoch time: 0m 30s
------------------------------
Epoch 6/49 (max_len=3, data=4405)
Train acc: 72.09 (abduce 97.48)
Hit samples:  4294  Ave length:  2.53
Symbols:  14 Counter({10: 963, 12: 910, 13: 879, 6: 793, 9: 783, 4: 772, 7: 770, 1: 766, 8: 765, 5: 763, 3: 758, 2: 737, 0: 681, 11: 542})
Dep:  Counter({(1, -1, 1): 3294, (-1,): 1000})
Learn perception with 4294 samples for 500 iterations, take 27 sec.
Epoch time: 0m 28s
------------------------------
Epoch 7/49 (max_len=3, data=4405)
Train acc: 81.42 (abduce 98.86)
Hit samples:  4355  Ave length:  2.54
Symbols:  14 Counter({10: 972, 12: 960, 13: 888, 6: 806, 9: 799, 5: 784, 7: 782, 4: 775, 8: 772, 1: 772, 2: 772, 3: 766, 0: 682, 11: 535})
Dep:  Counter({(1, -1, 1): 3355, (-1,): 1000})
Learn perception with 4355 samples for 500 iterations, take 27 sec.
Epoch time: 0m 29s
------------------------------
Epoch 8/49 (max_len=3, data=4405)
Train acc: 88.17 (abduce 99.61)
Hit samples:  4388  Ave length:  2.54
Symbols:  14 Counter({10: 995, 12: 979, 13: 889, 6: 809, 9: 803, 5: 793, 8: 788, 4: 788, 1: 786, 7: 785, 3: 768, 2: 767, 0: 689, 11: 525})
Dep:  Counter({(1, -1, 1): 3388, (-1,): 1000})
Learn perception with 4388 samples for 500 iterations, take 25 sec.
Epoch time: 0m 27s
------------------------------
Epoch 9/49 (max_len=3, data=4405)
Train acc: 91.79 (abduce 99.89)
Hit samples:  4400  Ave length:  2.55
Symbols:  14 Counter({10: 992, 12: 988, 13: 896, 6: 810, 9: 803, 8: 799, 4: 793, 7: 789, 5: 788, 1: 782, 2: 776, 3: 773, 0: 687, 11: 524})
Dep:  Counter({(1, -1, 1): 3400, (-1,): 1000})
Learn perception with 4400 samples for 500 iterations, take 26 sec.
result accuracy by length:
1 ( 3%) 96.00
3 (12%) 88.21
5 (55%) 84.59
7 (29%) 82.05
result accuracy by symbol:
* (45%) 82.72
+ (45%) 80.91
- (45%) 86.33
/ (42%) 86.53
0 (23%) 85.66
1 (28%) 82.39
2 (29%) 82.78
3 (28%) 83.63
4 (28%) 83.74
5 (28%) 83.33
6 (28%) 85.62
7 (28%) 83.42
8 (27%) 85.19
9 (28%) 85.37
result accuracy by digit:
0 ( 0%) 90.00
1 ( 0%) 100.00
2 ( 0%) 100.00
3 ( 0%) 90.00
4 ( 0%) 100.00
5 ( 0%) 90.00
6 ( 0%) 100.00
7 ( 0%) 100.00
8 ( 0%) 90.00
9 ( 0%) 100.00
result accuracy by res:
0 (24%) 93.21
1 ( 9%) 87.10
2 ( 5%) 78.01
3 ( 5%) 79.14
4 ( 4%) 86.09
5 ( 4%) 80.65
6 ( 4%) 80.71
7 ( 4%) 84.77
8 ( 4%) 84.25
9 ( 4%) 92.86
result accuracy by condition:
long ( 0%)  0.00
seen (58%) 85.24
unseen (41%) 83.75
val (Perception Acc=95.48, Syntax Acc=100.00, Result Acc=84.62)
Epoch time: 0m 29s
------------------------------
Epoch 10/49 (max_len=5, data=13285)
Train acc: 79.67 (abduce 98.55)
Hit samples:  13093  Ave length:  4.18
Symbols:  14 Counter({10: 5645, 12: 5246, 13: 5090, 11: 4808, 6: 3771, 1: 3563, 5: 3499, 9: 3432, 4: 3417, 7: 3373, 3: 3358, 2: 3260, 8: 3229, 0: 2980})
Dep:  Counter({(1, 3, 1, -1, 3): 6414, (1, -1, 1): 3397, (1, -1, 3, 1, 3): 2282, (-1,): 1000})
Learn perception with 13093 samples for 500 iterations, take 20 sec.
Epoch time: 0m 25s
------------------------------
Epoch 11/49 (max_len=5, data=13285)
Train acc: 80.42 (abduce 98.68)
Hit samples:  13109  Ave length:  4.18
Symbols:  14 Counter({10: 5664, 12: 5282, 13: 5097, 11: 4782, 6: 3771, 1: 3538, 5: 3512, 9: 3432, 7: 3410, 4: 3398, 3: 3342, 2: 3306, 8: 3243, 0: 2982})
Dep:  Counter({(1, 3, 1, -1, 3): 6432, (1, -1, 1): 3393, (1, -1, 3, 1, 3): 2284, (-1,): 1000})
Learn perception with 13109 samples for 500 iterations, take 20 sec.
Epoch time: 0m 25s
------------------------------
Epoch 12/49 (max_len=5, data=13285)
Train acc: 83.71 (abduce 99.13)
Hit samples:  13170  Ave length:  4.18
Symbols:  14 Counter({10: 5706, 12: 5310, 13: 5107, 11: 4820, 6: 3766, 1: 3592, 5: 3540, 4: 3459, 7: 3437, 9: 3414, 3: 3361, 2: 3299, 8: 3252, 0: 2993})
Dep:  Counter({(1, 3, 1, -1, 3): 6476, (1, -1, 1): 3397, (1, -1, 3, 1, 3): 2297, (-1,): 1000})
Learn perception with 13170 samples for 500 iterations, take 20 sec.
Epoch time: 0m 26s
------------------------------
Epoch 13/49 (max_len=5, data=13285)
Train acc: 86.16 (abduce 99.54)
Hit samples:  13224  Ave length:  4.18
Symbols:  14 Counter({10: 5744, 12: 5340, 13: 5107, 11: 4856, 6: 3755, 1: 3685, 5: 3538, 4: 3462, 7: 3455, 3: 3428, 9: 3428, 2: 3333, 8: 3188, 0: 2999})
Dep:  Counter({(1, 3, 1, -1, 3): 6511, (1, -1, 1): 3401, (1, -1, 3, 1, 3): 2312, (-1,): 1000})
Learn perception with 13224 samples for 500 iterations, take 20 sec.
Epoch time: 0m 26s
------------------------------
Epoch 14/49 (max_len=5, data=13285)
Train acc: 88.72 (abduce 99.64)
Hit samples:  13237  Ave length:  4.18
Symbols:  14 Counter({10: 5758, 12: 5351, 13: 5116, 11: 4845, 6: 3749, 1: 3662, 5: 3570, 4: 3461, 7: 3448, 9: 3446, 3: 3406, 2: 3343, 8: 3231, 0: 2991})
Dep:  Counter({(1, 3, 1, -1, 3): 6514, (1, -1, 1): 3404, (1, -1, 3, 1, 3): 2319, (-1,): 1000})
Learn perception with 13237 samples for 500 iterations, take 20 sec.
result accuracy by length:
1 ( 3%) 99.00
3 (12%) 95.38
5 (55%) 95.52
7 (29%) 94.71
result accuracy by symbol:
* (45%) 94.67
+ (45%) 94.02
- (45%) 96.53
/ (42%) 95.92
0 (23%) 96.25
1 (28%) 94.35
2 (29%) 95.22
3 (28%) 94.40
4 (28%) 95.49
5 (28%) 96.93
6 (28%) 95.28
7 (28%) 94.18
8 (27%) 96.36
9 (28%) 94.80
result accuracy by digit:
0 ( 0%) 100.00
1 ( 0%) 100.00
2 ( 0%) 100.00
3 ( 0%) 90.00
4 ( 0%) 100.00
5 ( 0%) 100.00
6 ( 0%) 100.00
7 ( 0%) 100.00
8 ( 0%) 100.00
9 ( 0%) 100.00
result accuracy by res:
0 (24%) 98.21
1 ( 9%) 97.10
2 ( 5%) 94.24
3 ( 5%) 92.64
4 ( 4%) 96.69
5 ( 4%) 94.19
6 ( 4%) 96.43
7 ( 4%) 94.70
8 ( 4%) 93.15
9 ( 4%) 95.71
result accuracy by condition:
long ( 0%)  0.00
seen (58%) 95.29
unseen (41%) 95.47
val (Perception Acc=98.63, Syntax Acc=100.00, Result Acc=95.37)
Epoch time: 0m 27s
------------------------------
Epoch 15/49 (max_len=5, data=13285)
Train acc: 90.24 (abduce 99.68)
Hit samples:  13242  Ave length:  4.18
Symbols:  14 Counter({10: 5768, 12: 5362, 13: 5120, 11: 4834, 6: 3763, 1: 3672, 5: 3550, 4: 3454, 9: 3452, 7: 3439, 3: 3423, 2: 3314, 8: 3247, 0: 3012})
Dep:  Counter({(1, 3, 1, -1, 3): 6517, (1, -1, 1): 3400, (1, -1, 3, 1, 3): 2325, (-1,): 1000})
Learn perception with 13242 samples for 500 iterations, take 20 sec.
Epoch time: 0m 26s
------------------------------
Epoch 16/49 (max_len=5, data=13285)
Train acc: 91.25 (abduce 99.81)
Hit samples:  13260  Ave length:  4.19
Symbols:  14 Counter({10: 5776, 12: 5376, 13: 5124, 11: 4843, 6: 3781, 1: 3699, 5: 3554, 7: 3460, 9: 3457, 4: 3450, 3: 3424, 2: 3310, 8: 3241, 0: 3003})
Dep:  Counter({(1, 3, 1, -1, 3): 6535, (1, -1, 1): 3401, (1, -1, 3, 1, 3): 2324, (-1,): 1000})
Learn perception with 13260 samples for 500 iterations, take 20 sec.
Epoch time: 0m 26s
------------------------------
Epoch 17/49 (max_len=5, data=13285)
Train acc: 92.17 (abduce 99.83)
Hit samples:  13263  Ave length:  4.18
Symbols:  14 Counter({10: 5769, 12: 5377, 13: 5136, 11: 4839, 6: 3779, 1: 3696, 5: 3529, 3: 3460, 7: 3458, 4: 3448, 9: 3433, 2: 3330, 8: 3248, 0: 3003})
Dep:  Counter({(1, 3, 1, -1, 3): 6537, (1, -1, 1): 3405, (1, -1, 3, 1, 3): 2321, (-1,): 1000})
Learn perception with 13263 samples for 500 iterations, take 21 sec.
Epoch time: 0m 27s
------------------------------
Epoch 18/49 (max_len=5, data=13285)
Train acc: 93.10 (abduce 99.88)
Hit samples:  13269  Ave length:  4.19
Symbols:  14 Counter({10: 5774, 12: 5382, 13: 5133, 11: 4846, 6: 3797, 1: 3676, 5: 3558, 7: 3481, 3: 3454, 4: 3453, 9: 3409, 2: 3337, 8: 3232, 0: 3007})
Dep:  Counter({(1, 3, 1, -1, 3): 6544, (1, -1, 1): 3403, (1, -1, 3, 1, 3): 2322, (-1,): 1000})
Learn perception with 13269 samples for 500 iterations, take 21 sec.
Epoch time: 0m 26s
------------------------------
Epoch 19/49 (max_len=5, data=13285)
Train acc: 94.20 (abduce 99.90)
Hit samples:  13272  Ave length:  4.19
Symbols:  14 Counter({10: 5771, 12: 5385, 13: 5137, 11: 4847, 6: 3782, 1: 3694, 5: 3551, 7: 3468, 3: 3466, 4: 3464, 9: 3403, 2: 3343, 8: 3238, 0: 3003})
Dep:  Counter({(1, 3, 1, -1, 3): 6540, (1, -1, 1): 3404, (1, -1, 3, 1, 3): 2328, (-1,): 1000})
Learn perception with 13272 samples for 500 iterations, take 21 sec.
result accuracy by length:
1 ( 3%) 100.00
3 (12%) 96.15
5 (55%) 96.75
7 (29%) 95.95
result accuracy by symbol:
* (45%) 96.17
+ (45%) 95.56
- (45%) 96.94
/ (42%) 97.38
0 (23%) 96.77
1 (28%) 96.41
2 (29%) 96.07
3 (28%) 96.37
4 (28%) 96.48
5 (28%) 97.26
6 (28%) 97.04
7 (28%) 96.16
8 (27%) 96.58
9 (28%) 95.99
result accuracy by digit:
0 ( 0%) 100.00
1 ( 0%) 100.00
2 ( 0%) 100.00
3 ( 0%) 100.00
4 ( 0%) 100.00
5 ( 0%) 100.00
6 ( 0%) 100.00
7 ( 0%) 100.00
8 ( 0%) 100.00
9 ( 0%) 100.00
result accuracy by res:
0 (24%) 98.46
1 ( 9%) 97.10
2 ( 5%) 94.76
3 ( 5%) 96.32
4 ( 4%) 98.68
5 ( 4%) 95.48
6 ( 4%) 98.57
7 ( 4%) 97.35
8 ( 4%) 95.89
9 ( 4%) 97.14
result accuracy by condition:
long ( 0%)  0.00
seen (58%) 96.03
unseen (41%) 97.26
val (Perception Acc=98.95, Syntax Acc=100.00, Result Acc=96.54)
Epoch time: 0m 28s
------------------------------
Epoch 20/49 (max_len=inf, data=18405)
Train acc: 93.04 (abduce 99.84)
Hit samples:  18375  Ave length:  4.97
Symbols:  14 Counter({10: 9717, 12: 9097, 13: 9040, 11: 8588, 6: 6019, 1: 5899, 2: 5550, 5: 5545, 9: 5516, 7: 5513, 3: 5495, 4: 5387, 8: 5189, 0: 4704})
Dep:  Counter({(1, 3, 1, -1, 3): 6547, (1, -1, 1): 3404, (1, 3, 1, 5, 3, -1, 5): 2859, (1, -1, 3, 1, 3): 2328, (1, 3, 1, -1, 5, 3, 5): 1045, (-1,): 1000, (1, 5, 3, 1, 3, -1, 5): 626, (1, -1, 3, 5, 3, 1, 5): 566})
Learn perception with 18375 samples for 500 iterations, take 34 sec.
Epoch time: 0m 42s
------------------------------
Epoch 21/49 (max_len=inf, data=18405)
Train acc: 93.47 (abduce 99.85)
Hit samples:  18378  Ave length:  4.97
Symbols:  14 Counter({10: 9722, 12: 9099, 13: 9030, 11: 8607, 6: 6033, 1: 5919, 2: 5557, 3: 5548, 5: 5544, 9: 5510, 7: 5508, 4: 5365, 8: 5168, 0: 4684})
Dep:  Counter({(1, 3, 1, -1, 3): 6542, (1, -1, 1): 3404, (1, 3, 1, 5, 3, -1, 5): 2861, (1, -1, 3, 1, 3): 2326, (1, 3, 1, -1, 5, 3, 5): 1048, (-1,): 1000, (1, 5, 3, 1, 3, -1, 5): 628, (1, -1, 3, 5, 3, 1, 5): 569})
Learn perception with 18378 samples for 500 iterations, take 33 sec.
Epoch time: 0m 41s
------------------------------
Epoch 22/49 (max_len=inf, data=18405)
Train acc: 94.40 (abduce 99.93)
Hit samples:  18392  Ave length:  4.97
Symbols:  14 Counter({10: 9745, 12: 9104, 13: 9042, 11: 8602, 6: 6029, 1: 5882, 2: 5573, 5: 5536, 9: 5533, 3: 5518, 7: 5515, 4: 5415, 8: 5187, 0: 4697})
Dep:  Counter({(1, 3, 1, -1, 3): 6547, (1, -1, 1): 3404, (1, 3, 1, 5, 3, -1, 5): 2868, (1, -1, 3, 1, 3): 2328, (1, 3, 1, -1, 5, 3, 5): 1046, (-1,): 1000, (1, 5, 3, 1, 3, -1, 5): 630, (1, -1, 3, 5, 3, 1, 5): 569})
Learn perception with 18392 samples for 500 iterations, take 33 sec.
Epoch time: 0m 42s
------------------------------
Epoch 23/49 (max_len=inf, data=18405)
Train acc: 95.00 (abduce 99.93)
Hit samples:  18392  Ave length:  4.97
Symbols:  14 Counter({10: 9748, 12: 9104, 13: 9043, 11: 8597, 6: 6022, 1: 5901, 2: 5556, 9: 5553, 3: 5534, 5: 5526, 7: 5516, 4: 5396, 8: 5190, 0: 4690})
Dep:  Counter({(1, 3, 1, -1, 3): 6548, (1, -1, 1): 3405, (1, 3, 1, 5, 3, -1, 5): 2866, (1, -1, 3, 1, 3): 2326, (1, 3, 1, -1, 5, 3, 5): 1047, (-1,): 1000, (1, 5, 3, 1, 3, -1, 5): 630, (1, -1, 3, 5, 3, 1, 5): 570})
Learn perception with 18392 samples for 500 iterations, take 34 sec.
Epoch time: 0m 42s
------------------------------
Epoch 24/49 (max_len=inf, data=18405)
Train acc: 95.36 (abduce 99.95)
Hit samples:  18395  Ave length:  4.97
Symbols:  14 Counter({10: 9741, 12: 9105, 13: 9046, 11: 8611, 6: 6006, 1: 5900, 2: 5565, 3: 5554, 9: 5545, 5: 5543, 7: 5536, 4: 5377, 8: 5184, 0: 4688})
Dep:  Counter({(1, 3, 1, -1, 3): 6546, (1, -1, 1): 3404, (1, 3, 1, 5, 3, -1, 5): 2868, (1, -1, 3, 1, 3): 2328, (1, 3, 1, -1, 5, 3, 5): 1049, (-1,): 1000, (1, 5, 3, 1, 3, -1, 5): 630, (1, -1, 3, 5, 3, 1, 5): 570})
Learn perception with 18395 samples for 500 iterations, take 34 sec.
result accuracy by length:
1 ( 3%) 100.00
3 (12%) 97.18
5 (55%) 97.48
7 (29%) 96.58
result accuracy by symbol:
* (45%) 96.99
+ (45%) 96.37
- (45%) 97.48
/ (42%) 97.89
0 (23%) 97.55
1 (28%) 97.28
2 (29%) 97.24
3 (28%) 96.92
4 (28%) 96.81
5 (28%) 97.15
6 (28%) 97.04
7 (28%) 97.69
8 (27%) 97.84
9 (28%) 95.77
result accuracy by digit:
0 ( 0%) 100.00
1 ( 0%) 100.00
2 ( 0%) 100.00
3 ( 0%) 100.00
4 ( 0%) 100.00
5 ( 0%) 100.00
6 ( 0%) 100.00
7 ( 0%) 100.00
8 ( 0%) 100.00
9 ( 0%) 100.00
result accuracy by res:
0 (24%) 99.23
1 ( 9%) 98.71
2 ( 5%) 98.95
3 ( 5%) 96.32
4 ( 4%) 96.69
5 ( 4%) 94.84
6 ( 4%) 98.57
7 ( 4%) 96.69
8 ( 4%) 95.21
9 ( 4%) 97.14
result accuracy by condition:
long ( 0%)  0.00
seen (58%) 97.09
unseen (41%) 97.48
val (Perception Acc=99.16, Syntax Acc=100.00, Result Acc=97.25)
Epoch time: 0m 44s
------------------------------
Epoch 25/49 (max_len=inf, data=18405)
Train acc: 95.73 (abduce 99.93)
Hit samples:  18392  Ave length:  4.97
Symbols:  14 Counter({10: 9738, 12: 9107, 13: 9031, 11: 8617, 6: 6030, 1: 5898, 2: 5563, 3: 5555, 5: 5542, 9: 5528, 7: 5522, 4: 5395, 8: 5167, 0: 4685})
Dep:  Counter({(1, 3, 1, -1, 3): 6547, (1, -1, 1): 3404, (1, 3, 1, 5, 3, -1, 5): 2867, (1, -1, 3, 1, 3): 2328, (1, 3, 1, -1, 5, 3, 5): 1049, (-1,): 1000, (1, 5, 3, 1, 3, -1, 5): 627, (1, -1, 3, 5, 3, 1, 5): 570})
Learn perception with 18392 samples for 500 iterations, take 33 sec.
Epoch time: 0m 41s
------------------------------
Epoch 26/49 (max_len=inf, data=18405)
Train acc: 96.06 (abduce 99.95)
Hit samples:  18396  Ave length:  4.97
Symbols:  14 Counter({10: 9744, 12: 9107, 13: 9039, 11: 8613, 6: 6037, 1: 5918, 3: 5565, 2: 5551, 5: 5543, 9: 5536, 7: 5515, 4: 5375, 8: 5170, 0: 4689})
Dep:  Counter({(1, 3, 1, -1, 3): 6546, (1, -1, 1): 3405, (1, 3, 1, 5, 3, -1, 5): 2870, (1, -1, 3, 1, 3): 2329, (1, 3, 1, -1, 5, 3, 5): 1048, (-1,): 1000, (1, 5, 3, 1, 3, -1, 5): 630, (1, -1, 3, 5, 3, 1, 5): 568})
Learn perception with 18396 samples for 500 iterations, take 33 sec.
Epoch time: 0m 41s
------------------------------
Epoch 27/49 (max_len=inf, data=18405)
Train acc: 96.70 (abduce 99.95)
Hit samples:  18395  Ave length:  4.97
Symbols:  14 Counter({10: 9751, 12: 9102, 13: 9044, 11: 8606, 6: 6018, 1: 5914, 9: 5563, 2: 5548, 3: 5545, 5: 5542, 7: 5513, 4: 5403, 8: 5160, 0: 4692})
Dep:  Counter({(1, 3, 1, -1, 3): 6543, (1, -1, 1): 3405, (1, 3, 1, 5, 3, -1, 5): 2870, (1, -1, 3, 1, 3): 2329, (1, 3, 1, -1, 5, 3, 5): 1049, (-1,): 1000, (1, 5, 3, 1, 3, -1, 5): 630, (1, -1, 3, 5, 3, 1, 5): 569})
Learn perception with 18395 samples for 500 iterations, take 34 sec.
Epoch time: 0m 42s
------------------------------
Epoch 28/49 (max_len=inf, data=18405)
Train acc: 96.77 (abduce 99.97)
Hit samples:  18400  Ave length:  4.97
Symbols:  14 Counter({10: 9748, 12: 9106, 13: 9041, 11: 8619, 6: 6025, 1: 5898, 2: 5579, 9: 5566, 5: 5554, 3: 5540, 7: 5525, 4: 5388, 8: 5150, 0: 4689})
Dep:  Counter({(1, 3, 1, -1, 3): 6548, (1, -1, 1): 3404, (1, 3, 1, 5, 3, -1, 5): 2870, (1, -1, 3, 1, 3): 2330, (1, 3, 1, -1, 5, 3, 5): 1049, (-1,): 1000, (1, 5, 3, 1, 3, -1, 5): 630, (1, -1, 3, 5, 3, 1, 5): 569})
Learn perception with 18400 samples for 500 iterations, take 32 sec.
Epoch time: 0m 41s
------------------------------
Epoch 29/49 (max_len=inf, data=18405)
Train acc: 97.46 (abduce 99.98)
Hit samples:  18401  Ave length:  4.97
Symbols:  14 Counter({10: 9750, 12: 9110, 13: 9051, 11: 8606, 6: 6029, 1: 5907, 2: 5572, 9: 5566, 5: 5552, 3: 5540, 7: 5511, 4: 5386, 8: 5164, 0: 4691})
Dep:  Counter({(1, 3, 1, -1, 3): 6548, (1, -1, 1): 3405, (1, 3, 1, 5, 3, -1, 5): 2870, (1, -1, 3, 1, 3): 2328, (1, 3, 1, -1, 5, 3, 5): 1050, (-1,): 1000, (1, 5, 3, 1, 3, -1, 5): 630, (1, -1, 3, 5, 3, 1, 5): 570})
Learn perception with 18401 samples for 500 iterations, take 32 sec.
result accuracy by length:
1 ( 3%) 100.00
3 (12%) 97.95
5 (55%) 98.49
7 (29%) 97.82
result accuracy by symbol:
* (45%) 98.50
+ (45%) 97.72
- (45%) 98.30
/ (42%) 98.32
0 (23%) 98.45
1 (28%) 97.93
2 (29%) 98.30
3 (28%) 98.46
4 (28%) 97.25
5 (28%) 99.12
6 (28%) 98.13
7 (28%) 98.79
8 (27%) 98.52
9 (28%) 96.75
result accuracy by digit:
0 ( 0%) 100.00
1 ( 0%) 100.00
2 ( 0%) 100.00
3 ( 0%) 100.00
4 ( 0%) 100.00
5 ( 0%) 100.00
6 ( 0%) 100.00
7 ( 0%) 100.00
8 ( 0%) 100.00
9 ( 0%) 100.00
result accuracy by res:
0 (24%) 99.74
1 ( 9%) 98.71
2 ( 5%) 99.48
3 ( 5%) 96.32
4 ( 4%) 97.35
5 ( 4%) 97.42
6 ( 4%) 98.57
7 ( 4%) 98.01
8 ( 4%) 97.26
9 ( 4%) 97.86
result accuracy by condition:
long ( 0%)  0.00
seen (58%) 98.10
unseen (41%) 98.52
val (Perception Acc=99.48, Syntax Acc=100.00, Result Acc=98.27)
Epoch time: 0m 42s
------------------------------
Epoch 30/49 (max_len=inf, data=18405)
Train acc: 97.40 (abduce 99.97)
Hit samples:  18400  Ave length:  4.97
Symbols:  14 Counter({10: 9747, 12: 9105, 13: 9050, 11: 8610, 6: 6035, 1: 5911, 5: 5567, 9: 5563, 2: 5552, 3: 5539, 7: 5499, 4: 5387, 8: 5169, 0: 4690})
Dep:  Counter({(1, 3, 1, -1, 3): 6549, (1, -1, 1): 3405, (1, 3, 1, 5, 3, -1, 5): 2868, (1, -1, 3, 1, 3): 2329, (1, 3, 1, -1, 5, 3, 5): 1049, (-1,): 1000, (1, 5, 3, 1, 3, -1, 5): 630, (1, -1, 3, 5, 3, 1, 5): 570})
Learn perception with 18400 samples for 500 iterations, take 32 sec.
Epoch time: 0m 40s
------------------------------
Epoch 31/49 (max_len=inf, data=18405)
Train acc: 97.27 (abduce 99.98)
Hit samples:  18401  Ave length:  4.97
Symbols:  14 Counter({10: 9752, 12: 9109, 13: 9051, 11: 8603, 6: 6023, 1: 5916, 5: 5565, 2: 5555, 9: 5554, 3: 5523, 7: 5500, 4: 5415, 8: 5172, 0: 4693})
Dep:  Counter({(1, 3, 1, -1, 3): 6548, (1, -1, 1): 3405, (1, 3, 1, 5, 3, -1, 5): 2868, (1, -1, 3, 1, 3): 2330, (1, 3, 1, -1, 5, 3, 5): 1050, (-1,): 1000, (1, 5, 3, 1, 3, -1, 5): 630, (1, -1, 3, 5, 3, 1, 5): 570})
Learn perception with 18401 samples for 500 iterations, take 32 sec.
Epoch time: 0m 40s
------------------------------
Epoch 32/49 (max_len=inf, data=18405)
Train acc: 97.87 (abduce 99.98)
Hit samples:  18402  Ave length:  4.97
Symbols:  14 Counter({10: 9755, 12: 9108, 13: 9052, 11: 8603, 6: 6027, 1: 5927, 5: 5559, 9: 5538, 2: 5531, 3: 5516, 7: 5513, 4: 5424, 8: 5191, 0: 4694})
Dep:  Counter({(1, 3, 1, -1, 3): 6548, (1, -1, 1): 3405, (1, 3, 1, 5, 3, -1, 5): 2869, (1, -1, 3, 1, 3): 2330, (1, 3, 1, -1, 5, 3, 5): 1050, (-1,): 1000, (1, 5, 3, 1, 3, -1, 5): 630, (1, -1, 3, 5, 3, 1, 5): 570})
Learn perception with 18402 samples for 500 iterations, take 32 sec.
Epoch time: 0m 41s
------------------------------
Epoch 33/49 (max_len=inf, data=18405)
Train acc: 98.04 (abduce 99.99)
Hit samples:  18403  Ave length:  4.97
Symbols:  14 Counter({10: 9757, 12: 9112, 13: 9049, 11: 8602, 6: 6031, 1: 5909, 5: 5555, 9: 5550, 2: 5533, 3: 5524, 7: 5511, 4: 5425, 8: 5190, 0: 4695})
Dep:  Counter({(1, 3, 1, -1, 3): 6549, (1, -1, 1): 3405, (1, 3, 1, 5, 3, -1, 5): 2870, (1, -1, 3, 1, 3): 2330, (1, 3, 1, -1, 5, 3, 5): 1050, (-1,): 1000, (1, 5, 3, 1, 3, -1, 5): 630, (1, -1, 3, 5, 3, 1, 5): 569})
Learn perception with 18403 samples for 500 iterations, take 32 sec.
Epoch time: 0m 40s
------------------------------
Epoch 34/49 (max_len=inf, data=18405)
Train acc: 98.05 (abduce 100.00)
Hit samples:  18405  Ave length:  4.97
Symbols:  14 Counter({10: 9756, 12: 9114, 13: 9047, 11: 8608, 6: 6026, 1: 5929, 9: 5557, 5: 5545, 2: 5531, 7: 5520, 3: 5511, 4: 5412, 8: 5202, 0: 4697})
Dep:  Counter({(1, 3, 1, -1, 3): 6550, (1, -1, 1): 3405, (1, 3, 1, 5, 3, -1, 5): 2870, (1, -1, 3, 1, 3): 2330, (1, 3, 1, -1, 5, 3, 5): 1050, (-1,): 1000, (1, 5, 3, 1, 3, -1, 5): 630, (1, -1, 3, 5, 3, 1, 5): 570})
Learn perception with 18405 samples for 500 iterations, take 32 sec.
result accuracy by length:
1 ( 3%) 100.00
3 (12%) 98.21
5 (55%) 97.93
7 (29%) 97.41
result accuracy by symbol:
* (45%) 97.61
+ (45%) 97.38
- (45%) 97.82
/ (42%) 98.11
0 (23%) 98.32
1 (28%) 97.17
2 (29%) 97.98
3 (28%) 97.58
4 (28%) 96.92
5 (28%) 98.25
6 (28%) 98.13
7 (28%) 98.24
8 (27%) 98.29
9 (28%) 96.42
result accuracy by digit:
0 ( 0%) 100.00
1 ( 0%) 100.00
2 ( 0%) 100.00
3 ( 0%) 100.00
4 ( 0%) 100.00
5 ( 0%) 100.00
6 ( 0%) 100.00
7 ( 0%) 100.00
8 ( 0%) 100.00
9 ( 0%) 100.00
result accuracy by res:
0 (24%) 99.49
1 ( 9%) 98.06
2 ( 5%) 99.48
3 ( 5%) 95.71
4 ( 4%) 98.01
5 ( 4%) 96.77
6 ( 4%) 99.29
7 ( 4%) 97.35
8 ( 4%) 96.58
9 ( 4%) 98.57
result accuracy by condition:
long ( 0%)  0.00
seen (58%) 97.78
unseen (41%) 98.00
val (Perception Acc=99.37, Syntax Acc=100.00, Result Acc=97.87)
Epoch time: 0m 42s
------------------------------
Epoch 35/49 (max_len=inf, data=18405)
Train acc: 97.97 (abduce 99.98)
Hit samples:  18402  Ave length:  4.97
Symbols:  14 Counter({10: 9755, 12: 9115, 13: 9042, 11: 8607, 6: 6028, 1: 5891, 9: 5575, 5: 5564, 2: 5535, 7: 5514, 3: 5503, 4: 5411, 8: 5205, 0: 4695})
Dep:  Counter({(1, 3, 1, -1, 3): 6548, (1, -1, 1): 3405, (1, 3, 1, 5, 3, -1, 5): 2870, (1, -1, 3, 1, 3): 2329, (1, 3, 1, -1, 5, 3, 5): 1050, (-1,): 1000, (1, 5, 3, 1, 3, -1, 5): 630, (1, -1, 3, 5, 3, 1, 5): 570})
Learn perception with 18402 samples for 500 iterations, take 32 sec.
Epoch time: 0m 41s
------------------------------
Epoch 36/49 (max_len=inf, data=18405)
Train acc: 97.79 (abduce 100.00)
Hit samples:  18405  Ave length:  4.97
Symbols:  14 Counter({10: 9758, 12: 9114, 13: 9047, 11: 8606, 6: 6015, 1: 5898, 9: 5567, 5: 5563, 2: 5529, 3: 5521, 7: 5519, 4: 5417, 8: 5206, 0: 4695})
Dep:  Counter({(1, 3, 1, -1, 3): 6550, (1, -1, 1): 3405, (1, 3, 1, 5, 3, -1, 5): 2870, (1, -1, 3, 1, 3): 2330, (1, 3, 1, -1, 5, 3, 5): 1050, (-1,): 1000, (1, 5, 3, 1, 3, -1, 5): 630, (1, -1, 3, 5, 3, 1, 5): 570})
Learn perception with 18405 samples for 500 iterations, take 32 sec.
Epoch time: 0m 40s
------------------------------
Epoch 37/49 (max_len=inf, data=18405)
Train acc: 98.41 (abduce 100.00)
Hit samples:  18405  Ave length:  4.97
Symbols:  14 Counter({10: 9760, 12: 9116, 13: 9054, 11: 8595, 6: 6017, 1: 5917, 5: 5570, 9: 5568, 2: 5536, 3: 5517, 7: 5514, 4: 5411, 8: 5189, 0: 4691})
Dep:  Counter({(1, 3, 1, -1, 3): 6550, (1, -1, 1): 3405, (1, 3, 1, 5, 3, -1, 5): 2870, (1, -1, 3, 1, 3): 2330, (1, 3, 1, -1, 5, 3, 5): 1050, (-1,): 1000, (1, 5, 3, 1, 3, -1, 5): 630, (1, -1, 3, 5, 3, 1, 5): 570})
Learn perception with 18405 samples for 500 iterations, take 33 sec.
Epoch time: 0m 41s
------------------------------
Epoch 38/49 (max_len=inf, data=18405)
Train acc: 97.88 (abduce 99.99)
Hit samples:  18404  Ave length:  4.97
Symbols:  14 Counter({10: 9754, 12: 9115, 13: 9055, 11: 8599, 6: 6021, 1: 5902, 5: 5576, 9: 5564, 2: 5553, 7: 5505, 3: 5492, 4: 5418, 8: 5197, 0: 4699})
Dep:  Counter({(1, 3, 1, -1, 3): 6549, (1, -1, 1): 3405, (1, 3, 1, 5, 3, -1, 5): 2870, (1, -1, 3, 1, 3): 2330, (1, 3, 1, -1, 5, 3, 5): 1050, (-1,): 1000, (1, 5, 3, 1, 3, -1, 5): 630, (1, -1, 3, 5, 3, 1, 5): 570})
Learn perception with 18404 samples for 500 iterations, take 33 sec.
Epoch time: 0m 41s
------------------------------
Epoch 39/49 (max_len=inf, data=18405)
Train acc: 98.33 (abduce 99.99)
Hit samples:  18404  Ave length:  4.97
Symbols:  14 Counter({10: 9751, 12: 9112, 13: 9051, 11: 8608, 6: 6015, 1: 5909, 9: 5566, 5: 5554, 2: 5550, 3: 5514, 7: 5514, 4: 5419, 8: 5188, 0: 4697})
Dep:  Counter({(1, 3, 1, -1, 3): 6550, (1, -1, 1): 3405, (1, 3, 1, 5, 3, -1, 5): 2870, (1, -1, 3, 1, 3): 2330, (1, 3, 1, -1, 5, 3, 5): 1049, (-1,): 1000, (1, 5, 3, 1, 3, -1, 5): 630, (1, -1, 3, 5, 3, 1, 5): 570})
Learn perception with 18404 samples for 500 iterations, take 33 sec.
result accuracy by length:
1 ( 3%) 99.00
3 (12%) 98.72
5 (55%) 98.21
7 (29%) 96.78
result accuracy by symbol:
* (45%) 97.61
+ (45%) 97.31
- (45%) 98.03
/ (42%) 97.74
0 (23%) 98.45
1 (28%) 97.39
2 (29%) 98.09
3 (28%) 97.14
4 (28%) 97.03
5 (28%) 98.25
6 (28%) 97.80
7 (28%) 98.13
8 (27%) 98.29
9 (28%) 96.64
result accuracy by digit:
0 ( 0%) 100.00
1 ( 0%) 100.00
2 ( 0%) 100.00
3 ( 0%) 90.00
4 ( 0%) 100.00
5 ( 0%) 100.00
6 ( 0%) 100.00
7 ( 0%) 100.00
8 ( 0%) 100.00
9 ( 0%) 100.00
result accuracy by res:
0 (24%) 99.23
1 ( 9%) 98.71
2 ( 5%) 98.43
3 ( 5%) 96.32
4 ( 4%) 97.35
5 ( 4%) 95.48
6 ( 4%) 98.57
7 ( 4%) 98.01
8 ( 4%) 97.26
9 ( 4%) 97.14
result accuracy by condition:
long ( 0%)  0.00
seen (58%) 97.83
unseen (41%) 97.92
val (Perception Acc=99.34, Syntax Acc=100.00, Result Acc=97.87)
Epoch time: 0m 42s
------------------------------
Epoch 40/49 (max_len=inf, data=18405)
Train acc: 98.74 (abduce 99.99)
Hit samples:  18403  Ave length:  4.97
Symbols:  14 Counter({10: 9752, 12: 9114, 13: 9050, 11: 8606, 6: 6021, 1: 5910, 9: 5573, 5: 5550, 2: 5541, 7: 5516, 3: 5508, 4: 5414, 8: 5196, 0: 4696})
Dep:  Counter({(1, 3, 1, -1, 3): 6549, (1, -1, 1): 3404, (1, 3, 1, 5, 3, -1, 5): 2870, (1, -1, 3, 1, 3): 2330, (1, 3, 1, -1, 5, 3, 5): 1050, (-1,): 1000, (1, 5, 3, 1, 3, -1, 5): 630, (1, -1, 3, 5, 3, 1, 5): 570})
Learn perception with 18403 samples for 500 iterations, take 33 sec.
Epoch time: 0m 41s
------------------------------
Epoch 41/49 (max_len=inf, data=18405)
Train acc: 98.72 (abduce 99.99)
Hit samples:  18404  Ave length:  4.97
Symbols:  14 Counter({10: 9756, 12: 9113, 13: 9049, 11: 8604, 6: 6023, 1: 5904, 9: 5573, 5: 5558, 2: 5539, 7: 5520, 3: 5501, 4: 5413, 8: 5198, 0: 4697})
Dep:  Counter({(1, 3, 1, -1, 3): 6550, (1, -1, 1): 3405, (1, 3, 1, 5, 3, -1, 5): 2870, (1, -1, 3, 1, 3): 2330, (1, 3, 1, -1, 5, 3, 5): 1049, (-1,): 1000, (1, 5, 3, 1, 3, -1, 5): 630, (1, -1, 3, 5, 3, 1, 5): 570})
Learn perception with 18404 samples for 500 iterations, take 33 sec.
Epoch time: 0m 41s
------------------------------
Epoch 42/49 (max_len=inf, data=18405)
Train acc: 98.74 (abduce 99.99)
Hit samples:  18404  Ave length:  4.97
Symbols:  14 Counter({10: 9755, 12: 9114, 13: 9051, 11: 8602, 6: 6024, 1: 5898, 9: 5574, 5: 5553, 2: 5548, 7: 5528, 3: 5504, 4: 5408, 8: 5192, 0: 4697})
Dep:  Counter({(1, 3, 1, -1, 3): 6550, (1, -1, 1): 3405, (1, 3, 1, 5, 3, -1, 5): 2869, (1, -1, 3, 1, 3): 2330, (1, 3, 1, -1, 5, 3, 5): 1050, (-1,): 1000, (1, 5, 3, 1, 3, -1, 5): 630, (1, -1, 3, 5, 3, 1, 5): 570})
Learn perception with 18404 samples for 500 iterations, take 32 sec.
Epoch time: 0m 40s
------------------------------
Epoch 43/49 (max_len=inf, data=18405)
Train acc: 98.82 (abduce 100.00)
Hit samples:  18405  Ave length:  4.97
Symbols:  14 Counter({10: 9757, 12: 9114, 13: 9051, 11: 8603, 6: 6022, 1: 5894, 9: 5580, 5: 5563, 2: 5538, 7: 5520, 3: 5502, 4: 5415, 8: 5198, 0: 4698})
Dep:  Counter({(1, 3, 1, -1, 3): 6550, (1, -1, 1): 3405, (1, 3, 1, 5, 3, -1, 5): 2870, (1, -1, 3, 1, 3): 2330, (1, 3, 1, -1, 5, 3, 5): 1050, (-1,): 1000, (1, 5, 3, 1, 3, -1, 5): 630, (1, -1, 3, 5, 3, 1, 5): 570})
Learn perception with 18405 samples for 500 iterations, take 32 sec.
Epoch time: 0m 41s
------------------------------
Epoch 44/49 (max_len=inf, data=18405)
Train acc: 98.85 (abduce 100.00)
Hit samples:  18405  Ave length:  4.97
Symbols:  14 Counter({10: 9757, 12: 9114, 13: 9051, 11: 8603, 6: 6024, 1: 5912, 9: 5580, 5: 5549, 2: 5545, 7: 5533, 3: 5506, 4: 5397, 8: 5183, 0: 4701})
Dep:  Counter({(1, 3, 1, -1, 3): 6550, (1, -1, 1): 3405, (1, 3, 1, 5, 3, -1, 5): 2870, (1, -1, 3, 1, 3): 2330, (1, 3, 1, -1, 5, 3, 5): 1050, (-1,): 1000, (1, 5, 3, 1, 3, -1, 5): 630, (1, -1, 3, 5, 3, 1, 5): 570})
Learn perception with 18405 samples for 500 iterations, take 32 sec.
result accuracy by length:
1 ( 3%) 99.00
3 (12%) 98.46
5 (55%) 98.21
7 (29%) 96.78
result accuracy by symbol:
* (45%) 97.40
+ (45%) 97.45
- (45%) 98.10
/ (42%) 97.67
0 (23%) 98.58
1 (28%) 96.96
2 (29%) 97.77
3 (28%) 97.47
4 (28%) 96.59
5 (28%) 98.57
6 (28%) 98.13
7 (28%) 97.80
8 (27%) 97.95
9 (28%) 96.97
result accuracy by digit:
0 ( 0%) 100.00
1 ( 0%) 100.00
2 ( 0%) 100.00
3 ( 0%) 90.00
4 ( 0%) 100.00
5 ( 0%) 100.00
6 ( 0%) 100.00
7 ( 0%) 100.00
8 ( 0%) 100.00
9 ( 0%) 100.00
result accuracy by res:
0 (24%) 99.10
1 ( 9%) 98.71
2 ( 5%) 98.95
3 ( 5%) 95.71
4 ( 4%) 97.35
5 ( 4%) 96.77
6 ( 4%) 97.86
7 ( 4%) 98.01
8 ( 4%) 97.26
9 ( 4%) 97.86
result accuracy by condition:
long ( 0%)  0.00
seen (58%) 97.67
unseen (41%) 98.07
val (Perception Acc=99.34, Syntax Acc=100.00, Result Acc=97.84)
Epoch time: 0m 42s
------------------------------
Epoch 45/49 (max_len=inf, data=18405)
Train acc: 98.82 (abduce 99.99)
Hit samples:  18404  Ave length:  4.97
Symbols:  14 Counter({10: 9757, 12: 9112, 13: 9051, 11: 8602, 6: 6018, 1: 5915, 9: 5574, 5: 5556, 2: 5535, 7: 5529, 3: 5508, 4: 5404, 8: 5187, 0: 4700})
Dep:  Counter({(1, 3, 1, -1, 3): 6550, (1, -1, 1): 3405, (1, 3, 1, 5, 3, -1, 5): 2869, (1, -1, 3, 1, 3): 2330, (1, 3, 1, -1, 5, 3, 5): 1050, (-1,): 1000, (1, 5, 3, 1, 3, -1, 5): 630, (1, -1, 3, 5, 3, 1, 5): 570})
Learn perception with 18404 samples for 500 iterations, take 32 sec.
Epoch time: 0m 41s
------------------------------
Epoch 46/49 (max_len=inf, data=18405)
Train acc: 98.99 (abduce 100.00)
Hit samples:  18405  Ave length:  4.97
Symbols:  14 Counter({10: 9755, 12: 9114, 13: 9056, 11: 8600, 6: 6018, 1: 5904, 9: 5567, 5: 5553, 2: 5542, 7: 5528, 3: 5519, 4: 5399, 8: 5201, 0: 4699})
Dep:  Counter({(1, 3, 1, -1, 3): 6550, (1, -1, 1): 3405, (1, 3, 1, 5, 3, -1, 5): 2870, (1, -1, 3, 1, 3): 2330, (1, 3, 1, -1, 5, 3, 5): 1050, (-1,): 1000, (1, 5, 3, 1, 3, -1, 5): 630, (1, -1, 3, 5, 3, 1, 5): 570})
Learn perception with 18405 samples for 500 iterations, take 32 sec.
Epoch time: 0m 40s
------------------------------
Epoch 47/49 (max_len=inf, data=18405)
Train acc: 98.89 (abduce 100.00)
Hit samples:  18405  Ave length:  4.97
Symbols:  14 Counter({10: 9753, 12: 9113, 13: 9053, 11: 8606, 6: 6013, 1: 5908, 9: 5563, 2: 5544, 5: 5543, 3: 5530, 7: 5526, 4: 5404, 8: 5198, 0: 4701})
Dep:  Counter({(1, 3, 1, -1, 3): 6550, (1, -1, 1): 3405, (1, 3, 1, 5, 3, -1, 5): 2870, (1, -1, 3, 1, 3): 2330, (1, 3, 1, -1, 5, 3, 5): 1050, (-1,): 1000, (1, 5, 3, 1, 3, -1, 5): 630, (1, -1, 3, 5, 3, 1, 5): 570})
Learn perception with 18405 samples for 500 iterations, take 32 sec.
Epoch time: 0m 40s
------------------------------
Epoch 48/49 (max_len=inf, data=18405)
Train acc: 98.93 (abduce 99.99)
Hit samples:  18403  Ave length:  4.97
Symbols:  14 Counter({10: 9750, 12: 9113, 13: 9049, 11: 8608, 6: 6011, 1: 5915, 9: 5564, 5: 5551, 2: 5539, 7: 5523, 3: 5517, 4: 5407, 8: 5196, 0: 4700})
Dep:  Counter({(1, 3, 1, -1, 3): 6549, (1, -1, 1): 3405, (1, 3, 1, 5, 3, -1, 5): 2869, (1, -1, 3, 1, 3): 2330, (1, 3, 1, -1, 5, 3, 5): 1050, (-1,): 1000, (1, 5, 3, 1, 3, -1, 5): 630, (1, -1, 3, 5, 3, 1, 5): 570})
Learn perception with 18403 samples for 500 iterations, take 32 sec.
Epoch time: 0m 41s
------------------------------
Epoch 49/49 (max_len=inf, data=18405)
Train acc: 98.96 (abduce 100.00)
Hit samples:  18405  Ave length:  4.97
Symbols:  14 Counter({10: 9752, 12: 9115, 13: 9048, 11: 8610, 6: 6011, 1: 5923, 9: 5568, 5: 5550, 2: 5540, 7: 5524, 3: 5513, 4: 5405, 8: 5197, 0: 4699})
Dep:  Counter({(1, 3, 1, -1, 3): 6550, (1, -1, 1): 3405, (1, 3, 1, 5, 3, -1, 5): 2870, (1, -1, 3, 1, 3): 2330, (1, 3, 1, -1, 5, 3, 5): 1050, (-1,): 1000, (1, 5, 3, 1, 3, -1, 5): 630, (1, -1, 3, 5, 3, 1, 5): 570})
Learn perception with 18405 samples for 500 iterations, take 32 sec.
result accuracy by length:
1 ( 3%) 99.00
3 (12%) 98.72
5 (55%) 98.15
7 (29%) 96.58
result accuracy by symbol:
* (45%) 97.27
+ (45%) 97.04
- (45%) 98.16
/ (42%) 97.82
0 (23%) 98.06
1 (28%) 96.96
2 (29%) 97.56
3 (28%) 97.14
4 (28%) 96.59
5 (28%) 98.79
6 (28%) 97.91
7 (28%) 97.69
8 (27%) 98.29
9 (28%) 96.75
result accuracy by digit:
0 ( 0%) 100.00
1 ( 0%) 100.00
2 ( 0%) 100.00
3 ( 0%) 90.00
4 ( 0%) 100.00
5 ( 0%) 100.00
6 ( 0%) 100.00
7 ( 0%) 100.00
8 ( 0%) 100.00
9 ( 0%) 100.00
result accuracy by res:
0 (24%) 99.23
1 ( 9%) 98.39
2 ( 5%) 98.43
3 ( 5%) 95.09
4 ( 4%) 97.35
5 ( 4%) 96.13
6 ( 4%) 98.57
7 ( 4%) 97.35
8 ( 4%) 96.58
9 ( 4%) 97.86
result accuracy by condition:
long ( 0%)  0.00
seen (58%) 97.62
unseen (41%) 98.00
val (Perception Acc=99.29, Syntax Acc=100.00, Result Acc=97.78)
Epoch time: 0m 42s
------------------------------
result accuracy by length:
1 ( 3%) 99.00
3 (12%) 98.72
5 (55%) 98.15
7 (29%) 96.58
result accuracy by symbol:
* (45%) 97.27
+ (45%) 97.04
- (45%) 98.16
/ (42%) 97.82
0 (23%) 98.06
1 (28%) 96.96
2 (29%) 97.56
3 (28%) 97.14
4 (28%) 96.59
5 (28%) 98.79
6 (28%) 97.91
7 (28%) 97.69
8 (27%) 98.29
9 (28%) 96.75
result accuracy by digit:
0 ( 0%) 100.00
1 ( 0%) 100.00
2 ( 0%) 100.00
3 ( 0%) 90.00
4 ( 0%) 100.00
5 ( 0%) 100.00
6 ( 0%) 100.00
7 ( 0%) 100.00
8 ( 0%) 100.00
9 ( 0%) 100.00
result accuracy by res:
0 (24%) 99.23
1 ( 9%) 98.39
2 ( 5%) 98.43
3 ( 5%) 95.09
4 ( 4%) 97.35
5 ( 4%) 96.13
6 ( 4%) 98.57
7 ( 4%) 97.35
8 ( 4%) 96.58
9 ( 4%) 97.86
result accuracy by condition:
long ( 0%)  0.00
seen (58%) 97.62
unseen (41%) 98.00
val (Perception Acc=99.29, Syntax Acc=100.00, Result Acc=97.78)
Best val acc: 98.27
------------------------------
Evaluate on test set...
result accuracy by length:
1 ( 1%) 99.00
3 ( 5%) 98.44
5 (30%) 97.80
7 (16%) 97.31
9 (12%) 97.14
11 ( 9%) 96.43
13 ( 7%) 96.01
15 ( 5%) 95.17
17 ( 4%) 95.05
19 ( 3%) 94.81
21 ( 2%) 94.52
result accuracy by symbol:
* (62%) 96.53
+ (62%) 96.18
- (61%) 96.81
/ (59%) 96.74
0 (33%) 97.08
1 (39%) 96.32
2 (38%) 96.12
3 (39%) 96.28
4 (38%) 96.49
5 (39%) 96.50
6 (39%) 96.94
7 (38%) 97.03
8 (39%) 96.60
9 (39%) 96.43
result accuracy by digit:
0 ( 0%) 100.00
1 ( 0%) 100.00
2 ( 0%) 99.00
3 ( 0%) 98.00
4 ( 0%) 97.00
5 ( 0%) 98.00
6 ( 0%) 100.00
7 ( 0%) 100.00
8 ( 0%) 100.00
9 ( 0%) 98.00
result accuracy by res:
0 (24%) 99.04
1 ( 7%) 97.84
2 ( 4%) 96.94
3 ( 4%) 97.12
4 ( 4%) 96.56
5 ( 4%) 96.36
6 ( 4%) 97.48
7 ( 4%) 97.36
8 ( 4%) 97.40
9 ( 3%) 96.65
result accuracy by condition:
long (45%) 96.03
seen (31%) 97.82
unseen (22%) 97.68
test (Perception Acc=99.42, Syntax Acc=100.00, Result Acc=96.96)
