train: 18405 val: 3238 test: 58965
Namespace(curriculum=True, epochs=50, epochs_eval=5, excludes='!', output_dir='./outputs/exp_perception_semantics_curriculum/', perception=True, resume=None, seed=314, semantics=True, syntax=False)
use ground-truth perception.
ParserModel(
  (embeddings): Embedding(15, 50)
  (model): Sequential(
    (0): Linear(in_features=900, out_features=200, bias=True)
    (1): ReLU()
    (2): Dropout(p=0.5, inplace=False)
    (3): Linear(in_features=200, out_features=3, bias=True)
  )
)
use ground-truth semantics.
Curriculum: [(0, 1), (5, 3), (10, 5), (20, inf)]
result accuracy by length:
1 ( 3%) 100.00
3 (12%) 31.79
5 (55%)  4.54
7 (29%)  0.62
result accuracy by symbol:
* (45%)  3.01
+ (45%)  4.03
- (45%)  5.92
/ (42%)  5.83
0 (23%)  8.40
1 (28%)  9.24
2 (29%)  4.46
3 (28%)  5.71
4 (28%)  7.14
5 (28%)  7.46
6 (28%)  8.23
7 (28%)  3.95
8 (27%)  5.35
9 (28%)  2.71
result accuracy by digit:
0 ( 0%) 100.00
1 ( 0%) 100.00
2 ( 0%) 100.00
3 ( 0%) 100.00
4 ( 0%) 100.00
5 ( 0%) 100.00
6 ( 0%) 100.00
7 ( 0%) 100.00
8 ( 0%) 100.00
9 ( 0%) 100.00
result accuracy by res:
0 (24%)  9.36
1 ( 9%) 13.87
2 ( 5%) 16.23
3 ( 5%) 15.34
4 ( 4%) 15.89
5 ( 4%) 12.90
6 ( 4%) 12.86
7 ( 4%) 11.26
8 ( 4%) 10.27
9 ( 4%) 12.86
result accuracy by condition:
long ( 0%)  0.00
seen (58%) 14.66
unseen (41%)  2.52
val (Perception Acc=100.00, Syntax Acc=32.50, Result Acc=9.60)
------------------------------
Epoch 0/49 (max_len=1, data=1000)
Train acc: 100.00 (abduce 100.00)
Hit samples:  1000  Ave length:  1.0
Symbols:  10 Counter({4: 100, 1: 100, 0: 100, 8: 100, 7: 100, 5: 100, 3: 100, 2: 100, 6: 100, 9: 100})
Dep:  Counter({(-1,): 1000})
Learn syntax with 1000 samples for 500 iterations, take 1 sec.
Epoch time: 0m 2s
------------------------------
Epoch 1/49 (max_len=1, data=1000)
Train acc: 100.00 (abduce 100.00)
Hit samples:  1000  Ave length:  1.0
Symbols:  10 Counter({4: 100, 7: 100, 3: 100, 6: 100, 9: 100, 2: 100, 8: 100, 5: 100, 0: 100, 1: 100})
Dep:  Counter({(-1,): 1000})
Learn syntax with 1000 samples for 500 iterations, take 1 sec.
Epoch time: 0m 2s
------------------------------
Epoch 2/49 (max_len=1, data=1000)
Train acc: 100.00 (abduce 100.00)
Hit samples:  1000  Ave length:  1.0
Symbols:  10 Counter({3: 100, 2: 100, 6: 100, 4: 100, 9: 100, 1: 100, 5: 100, 7: 100, 8: 100, 0: 100})
Dep:  Counter({(-1,): 1000})
Learn syntax with 1000 samples for 500 iterations, take 1 sec.
Epoch time: 0m 2s
------------------------------
Epoch 3/49 (max_len=1, data=1000)
Train acc: 100.00 (abduce 100.00)
Hit samples:  1000  Ave length:  1.0
Symbols:  10 Counter({5: 100, 1: 100, 4: 100, 2: 100, 8: 100, 6: 100, 7: 100, 9: 100, 0: 100, 3: 100})
Dep:  Counter({(-1,): 1000})
Learn syntax with 1000 samples for 500 iterations, take 1 sec.
Epoch time: 0m 2s
------------------------------
Epoch 4/49 (max_len=1, data=1000)
Train acc: 100.00 (abduce 100.00)
Hit samples:  1000  Ave length:  1.0
Symbols:  10 Counter({8: 100, 3: 100, 7: 100, 4: 100, 1: 100, 5: 100, 6: 100, 9: 100, 0: 100, 2: 100})
Dep:  Counter({(-1,): 1000})
Learn syntax with 1000 samples for 500 iterations, take 1 sec.
result accuracy by length:
1 ( 3%) 100.00
3 (12%) 13.08
5 (55%)  0.73
7 (29%)  0.00
result accuracy by symbol:
* (45%)  0.55
+ (45%)  0.81
- (45%)  1.16
/ (42%)  2.62
0 (23%)  1.94
1 (28%)  3.37
2 (29%)  1.28
3 (28%)  4.51
4 (28%)  2.86
5 (28%)  2.41
6 (28%)  3.51
7 (28%)  1.98
8 (27%)  2.39
9 (28%)  1.30
result accuracy by digit:
0 ( 0%) 100.00
1 ( 0%) 100.00
2 ( 0%) 100.00
3 ( 0%) 100.00
4 ( 0%) 100.00
5 ( 0%) 100.00
6 ( 0%) 100.00
7 ( 0%) 100.00
8 ( 0%) 100.00
9 ( 0%) 100.00
result accuracy by res:
0 (24%)  3.08
1 ( 9%)  8.39
2 ( 5%) 11.52
3 ( 5%) 11.04
4 ( 4%)  7.95
5 ( 4%)  8.39
6 ( 4%)  9.29
7 ( 4%)  7.28
8 ( 4%)  6.85
9 ( 4%)  7.86
result accuracy by condition:
long ( 0%)  0.00
seen (58%)  8.36
unseen (41%)  0.45
val (Perception Acc=100.00, Syntax Acc=13.69, Result Acc=5.06)
Epoch time: 0m 3s
------------------------------
Epoch 5/49 (max_len=3, data=4405)
Train acc: 41.33 (abduce 100.00)
Hit samples:  4405  Ave length:  2.55
Symbols:  14 Counter({10: 1000, 12: 1000, 13: 900, 8: 791, 9: 791, 3: 791, 5: 791, 4: 791, 7: 791, 2: 791, 1: 791, 6: 791, 0: 691, 11: 505})
Dep:  Counter({(1, -1, 1): 3405, (-1,): 1000})
Learn syntax with 4405 samples for 500 iterations, take 1 sec.
Epoch time: 0m 3s
------------------------------
Epoch 6/49 (max_len=3, data=4405)
Train acc: 99.72 (abduce 99.95)
Hit samples:  4403  Ave length:  2.55
Symbols:  14 Counter({12: 1000, 10: 999, 13: 900, 4: 791, 2: 791, 7: 791, 6: 791, 5: 791, 1: 791, 9: 790, 8: 790, 3: 789, 0: 691, 11: 504})
Dep:  Counter({(1, -1, 1): 3403, (-1,): 1000})
Learn syntax with 4403 samples for 500 iterations, take 1 sec.
Epoch time: 0m 3s
------------------------------
Epoch 7/49 (max_len=3, data=4405)
Train acc: 99.93 (abduce 99.98)
Hit samples:  4404  Ave length:  2.55
Symbols:  14 Counter({10: 1000, 12: 999, 13: 900, 3: 791, 6: 791, 7: 791, 8: 791, 1: 791, 2: 791, 5: 791, 4: 790, 9: 790, 0: 691, 11: 505})
Dep:  Counter({(1, -1, 1): 3404, (-1,): 1000})
Learn syntax with 4404 samples for 500 iterations, take 1 sec.
Epoch time: 0m 3s
------------------------------
Epoch 8/49 (max_len=3, data=4405)
Train acc: 99.87 (abduce 100.00)
Hit samples:  4405  Ave length:  2.55
Symbols:  14 Counter({10: 1000, 12: 1000, 13: 900, 1: 791, 5: 791, 4: 791, 8: 791, 3: 791, 7: 791, 2: 791, 9: 791, 6: 791, 0: 691, 11: 505})
Dep:  Counter({(1, -1, 1): 3405, (-1,): 1000})
Learn syntax with 4405 samples for 500 iterations, take 1 sec.
Epoch time: 0m 3s
------------------------------
Epoch 9/49 (max_len=3, data=4405)
Train acc: 99.89 (abduce 99.95)
Hit samples:  4403  Ave length:  2.55
Symbols:  14 Counter({10: 1000, 12: 998, 13: 900, 9: 791, 6: 791, 3: 791, 2: 791, 7: 791, 1: 791, 8: 791, 5: 790, 4: 790, 0: 689, 11: 505})
Dep:  Counter({(1, -1, 1): 3403, (-1,): 1000})
Learn syntax with 4403 samples for 500 iterations, take 1 sec.
result accuracy by length:
1 ( 3%) 100.00
3 (12%) 100.00
5 (55%) 71.41
7 (29%) 41.91
result accuracy by symbol:
* (45%) 61.61
+ (45%) 58.74
- (45%) 62.79
/ (42%) 53.68
0 (23%) 70.03
1 (28%) 68.37
2 (29%) 58.66
3 (28%) 61.87
4 (28%) 64.29
5 (28%) 61.18
6 (28%) 63.67
7 (28%) 56.75
8 (27%) 66.17
9 (28%) 58.94
result accuracy by digit:
0 ( 0%) 100.00
1 ( 0%) 100.00
2 ( 0%) 100.00
3 ( 0%) 100.00
4 ( 0%) 100.00
5 ( 0%) 100.00
6 ( 0%) 100.00
7 ( 0%) 100.00
8 ( 0%) 100.00
9 ( 0%) 100.00
result accuracy by res:
0 (24%) 74.36
1 ( 9%) 77.10
2 ( 5%) 67.02
3 ( 5%) 57.67
4 ( 4%) 60.93
5 ( 4%) 63.23
6 ( 4%) 56.43
7 ( 4%) 62.25
8 ( 4%) 58.22
9 ( 4%) 65.71
result accuracy by condition:
long ( 0%)  0.00
seen (58%) 70.79
unseen (41%) 61.57
val (Perception Acc=100.00, Syntax Acc=74.79, Result Acc=66.95)
Epoch time: 0m 4s
------------------------------
Epoch 10/49 (max_len=5, data=13285)
Train acc: 64.77 (abduce 79.72)
Hit samples:  10591  Ave length:  3.98
Symbols:  14 Counter({10: 4373, 12: 4159, 13: 3683, 11: 3562, 1: 2938, 6: 2884, 4: 2694, 5: 2678, 9: 2652, 3: 2623, 8: 2549, 7: 2478, 0: 2449, 2: 2423})
Dep:  Counter({(1, 3, 1, -1, 3): 5857, (1, -1, 1): 3405, (-1,): 1000, (1, -1, 3, 1, 3): 329})
Learn syntax with 10591 samples for 500 iterations, take 1 sec.
Epoch time: 0m 7s
------------------------------
Epoch 11/49 (max_len=5, data=13285)
Train acc: 89.45 (abduce 89.82)
Hit samples:  11932  Ave length:  4.09
Symbols:  14 Counter({10: 5150, 12: 4726, 13: 4405, 11: 4178, 1: 3429, 6: 3296, 5: 3153, 4: 3071, 9: 3015, 3: 3003, 7: 2934, 8: 2882, 2: 2828, 0: 2780})
Dep:  Counter({(1, 3, 1, -1, 3): 6915, (1, -1, 1): 3405, (-1,): 1000, (1, -1, 3, 1, 3): 612})
Learn syntax with 11932 samples for 500 iterations, take 1 sec.
Epoch time: 0m 7s
------------------------------
Epoch 12/49 (max_len=5, data=13285)
Train acc: 92.42 (abduce 92.67)
Hit samples:  12311  Ave length:  4.12
Symbols:  14 Counter({10: 5482, 12: 4912, 13: 4625, 11: 4198, 1: 3515, 6: 3444, 5: 3266, 4: 3183, 3: 3122, 9: 3120, 7: 3099, 8: 2984, 2: 2975, 0: 2820})
Dep:  Counter({(1, 3, 1, -1, 3): 6938, (1, -1, 1): 3405, (-1,): 1000, (1, -1, 3, 1, 3): 968})
Learn syntax with 12311 samples for 500 iterations, take 1 sec.
Epoch time: 0m 7s
------------------------------
Epoch 13/49 (max_len=5, data=13285)
Train acc: 93.50 (abduce 93.73)
Hit samples:  12452  Ave length:  4.13
Symbols:  14 Counter({10: 5607, 12: 4976, 13: 4724, 11: 4192, 1: 3518, 6: 3488, 5: 3308, 4: 3226, 3: 3182, 9: 3173, 7: 3149, 8: 3067, 2: 3005, 0: 2835})
Dep:  Counter({(1, 3, 1, -1, 3): 6907, (1, -1, 1): 3405, (1, -1, 3, 1, 3): 1140, (-1,): 1000})
Learn syntax with 12452 samples for 500 iterations, take 2 sec.
Epoch time: 0m 7s
------------------------------
Epoch 14/49 (max_len=5, data=13285)
Train acc: 94.47 (abduce 94.60)
Hit samples:  12568  Ave length:  4.14
Symbols:  14 Counter({10: 5690, 12: 5035, 13: 4773, 11: 4233, 1: 3552, 6: 3531, 5: 3339, 4: 3269, 3: 3218, 9: 3194, 7: 3193, 8: 3081, 2: 3054, 0: 2868})
Dep:  Counter({(1, 3, 1, -1, 3): 6925, (1, -1, 1): 3405, (1, -1, 3, 1, 3): 1238, (-1,): 1000})
Learn syntax with 12568 samples for 500 iterations, take 2 sec.
result accuracy by length:
1 ( 3%) 100.00
3 (12%) 100.00
5 (55%) 92.32
7 (29%) 85.48
result accuracy by symbol:
* (45%) 90.37
+ (45%) 96.44
- (45%) 81.16
/ (42%) 87.69
0 (23%) 91.99
1 (28%) 93.80
2 (29%) 89.37
3 (28%) 88.35
4 (28%) 89.56
5 (28%) 91.67
6 (28%) 90.12
7 (28%) 89.79
8 (27%) 90.55
9 (28%) 88.30
result accuracy by digit:
0 ( 0%) 100.00
1 ( 0%) 100.00
2 ( 0%) 100.00
3 ( 0%) 100.00
4 ( 0%) 100.00
5 ( 0%) 100.00
6 ( 0%) 100.00
7 ( 0%) 100.00
8 ( 0%) 100.00
9 ( 0%) 100.00
result accuracy by res:
0 (24%) 91.54
1 ( 9%) 90.65
2 ( 5%) 86.39
3 ( 5%) 85.28
4 ( 4%) 83.44
5 ( 4%) 88.39
6 ( 4%) 85.00
7 ( 4%) 88.08
8 ( 4%) 88.36
9 ( 4%) 92.86
result accuracy by condition:
long ( 0%)  0.00
seen (58%) 93.49
unseen (41%) 88.58
val (Perception Acc=100.00, Syntax Acc=90.70, Result Acc=91.45)
Epoch time: 0m 9s
------------------------------
Epoch 15/49 (max_len=5, data=13285)
Train acc: 95.28 (abduce 95.34)
Hit samples:  12666  Ave length:  4.15
Symbols:  14 Counter({10: 5739, 12: 5082, 13: 4830, 11: 4277, 1: 3578, 6: 3549, 5: 3360, 4: 3298, 3: 3251, 7: 3240, 9: 3224, 8: 3110, 2: 3094, 0: 2890})
Dep:  Counter({(1, 3, 1, -1, 3): 6898, (1, -1, 1): 3404, (1, -1, 3, 1, 3): 1364, (-1,): 1000})
Learn syntax with 12666 samples for 500 iterations, take 2 sec.
Epoch time: 0m 7s
------------------------------
Epoch 16/49 (max_len=5, data=13285)
Train acc: 96.36 (abduce 96.48)
Hit samples:  12818  Ave length:  4.16
Symbols:  14 Counter({10: 5740, 12: 5159, 13: 4903, 11: 4429, 6: 3602, 1: 3591, 5: 3404, 4: 3341, 9: 3298, 3: 3290, 7: 3288, 2: 3160, 8: 3145, 0: 2930})
Dep:  Counter({(1, 3, 1, -1, 3): 6808, (1, -1, 1): 3405, (1, -1, 3, 1, 3): 1605, (-1,): 1000})
Learn syntax with 12818 samples for 500 iterations, take 2 sec.
Epoch time: 0m 7s
------------------------------
Epoch 17/49 (max_len=5, data=13285)
Train acc: 97.96 (abduce 98.06)
Hit samples:  13027  Ave length:  4.17
Symbols:  14 Counter({10: 5756, 12: 5278, 13: 4988, 11: 4627, 6: 3677, 1: 3629, 5: 3465, 4: 3399, 3: 3374, 7: 3371, 9: 3363, 2: 3255, 8: 3176, 0: 2967})
Dep:  Counter({(1, 3, 1, -1, 3): 6722, (1, -1, 1): 3405, (1, -1, 3, 1, 3): 1900, (-1,): 1000})
Learn syntax with 13027 samples for 500 iterations, take 2 sec.
Epoch time: 0m 7s
------------------------------
Epoch 18/49 (max_len=5, data=13285)
Train acc: 98.66 (abduce 98.72)
Hit samples:  13115  Ave length:  4.18
Symbols:  14 Counter({10: 5752, 12: 5304, 13: 5058, 11: 4711, 6: 3712, 1: 3640, 5: 3504, 4: 3422, 3: 3416, 7: 3406, 9: 3397, 2: 3282, 8: 3188, 0: 2973})
Dep:  Counter({(1, 3, 1, -1, 3): 6708, (1, -1, 1): 3405, (1, -1, 3, 1, 3): 2002, (-1,): 1000})
Learn syntax with 13115 samples for 500 iterations, take 2 sec.
Epoch time: 0m 7s
------------------------------
Epoch 19/49 (max_len=5, data=13285)
Train acc: 98.98 (abduce 99.02)
Hit samples:  13155  Ave length:  4.18
Symbols:  14 Counter({10: 5754, 12: 5327, 13: 5075, 11: 4749, 6: 3710, 1: 3661, 5: 3509, 4: 3432, 3: 3427, 7: 3426, 9: 3406, 2: 3305, 8: 3192, 0: 2992})
Dep:  Counter({(1, 3, 1, -1, 3): 6689, (1, -1, 1): 3405, (1, -1, 3, 1, 3): 2061, (-1,): 1000})
Learn syntax with 13155 samples for 500 iterations, take 2 sec.
result accuracy by length:
1 ( 3%) 100.00
3 (12%) 100.00
5 (55%) 100.00
7 (29%) 98.55
result accuracy by symbol:
* (45%) 99.45
+ (45%) 99.13
- (45%) 99.05
/ (42%) 99.56
0 (23%) 99.22
1 (28%) 99.35
2 (29%) 99.36
3 (28%) 99.34
4 (28%) 99.34
5 (28%) 99.78
6 (28%) 99.56
7 (28%) 99.01
8 (27%) 99.89
9 (28%) 99.67
result accuracy by digit:
0 ( 0%) 100.00
1 ( 0%) 100.00
2 ( 0%) 100.00
3 ( 0%) 100.00
4 ( 0%) 100.00
5 ( 0%) 100.00
6 ( 0%) 100.00
7 ( 0%) 100.00
8 ( 0%) 100.00
9 ( 0%) 100.00
result accuracy by res:
0 (24%) 99.36
1 ( 9%) 100.00
2 ( 5%) 100.00
3 ( 5%) 98.77
4 ( 4%) 99.34
5 ( 4%) 100.00
6 ( 4%) 98.57
7 ( 4%) 99.34
8 ( 4%) 100.00
9 ( 4%) 98.57
result accuracy by condition:
long ( 0%)  0.00
seen (58%) 99.74
unseen (41%) 99.33
val (Perception Acc=100.00, Syntax Acc=97.96, Result Acc=99.57)
Epoch time: 0m 9s
------------------------------
Epoch 20/49 (max_len=inf, data=18405)
Train acc: 97.91 (abduce 98.09)
Hit samples:  18053  Ave length:  4.94
Symbols:  14 Counter({10: 9563, 12: 8887, 13: 8833, 11: 8301, 6: 5850, 1: 5826, 9: 5458, 2: 5407, 5: 5404, 3: 5387, 7: 5361, 4: 5279, 8: 5079, 0: 4586})
Dep:  Counter({(1, 3, 1, -1, 3): 6684, (1, -1, 1): 3405, (1, 3, 1, 5, 3, -1, 5): 2805, (1, -1, 3, 1, 3): 2081, (-1,): 1000, (1, 3, 1, -1, 5, 3, 5): 964, (1, -1, 3, 5, 3, 1, 5): 688, (1, 5, 3, 1, 3, -1, 5): 374, (1, -1, 3, 1, 5, 3, 5): 52})
Learn syntax with 18053 samples for 500 iterations, take 2 sec.
Epoch time: 0m 11s
------------------------------
Epoch 21/49 (max_len=inf, data=18405)
Train acc: 98.39 (abduce 98.53)
Hit samples:  18134  Ave length:  4.95
Symbols:  14 Counter({10: 9597, 12: 8967, 13: 8872, 11: 8379, 6: 5889, 1: 5839, 9: 5470, 3: 5454, 2: 5434, 5: 5422, 7: 5404, 4: 5303, 8: 5112, 0: 4622})
Dep:  Counter({(1, 3, 1, -1, 3): 6622, (1, -1, 1): 3405, (1, 3, 1, 5, 3, -1, 5): 2818, (1, -1, 3, 1, 3): 2155, (-1,): 1000, (1, 3, 1, -1, 5, 3, 5): 988, (1, -1, 3, 5, 3, 1, 5): 659, (1, 5, 3, 1, 3, -1, 5): 439, (1, -1, 3, 1, 5, 3, 5): 48})
Learn syntax with 18134 samples for 500 iterations, take 2 sec.
Epoch time: 0m 11s
------------------------------
Epoch 22/49 (max_len=inf, data=18405)
Train acc: 98.80 (abduce 98.88)
Hit samples:  18199  Ave length:  4.95
Symbols:  14 Counter({10: 9644, 12: 8967, 13: 8934, 11: 8436, 6: 5929, 1: 5857, 9: 5487, 2: 5479, 5: 5457, 3: 5454, 7: 5416, 4: 5337, 8: 5128, 0: 4636})
Dep:  Counter({(1, 3, 1, -1, 3): 6590, (1, -1, 1): 3405, (1, 3, 1, 5, 3, -1, 5): 2775, (1, -1, 3, 1, 3): 2216, (1, 3, 1, -1, 5, 3, 5): 1012, (-1,): 1000, (1, -1, 3, 5, 3, 1, 5): 649, (1, 5, 3, 1, 3, -1, 5): 489, (1, -1, 3, 1, 5, 3, 5): 63})
Learn syntax with 18199 samples for 500 iterations, take 3 sec.
Epoch time: 0m 11s
------------------------------
Epoch 23/49 (max_len=inf, data=18405)
Train acc: 99.04 (abduce 99.16)
Hit samples:  18250  Ave length:  4.96
Symbols:  14 Counter({10: 9672, 12: 9004, 13: 8959, 11: 8475, 6: 5938, 1: 5871, 9: 5511, 2: 5496, 3: 5478, 5: 5473, 7: 5449, 4: 5364, 8: 5131, 0: 4649})
Dep:  Counter({(1, 3, 1, -1, 3): 6556, (1, -1, 1): 3405, (1, 3, 1, 5, 3, -1, 5): 2745, (1, -1, 3, 1, 3): 2274, (1, 3, 1, -1, 5, 3, 5): 1055, (-1,): 1000, (1, -1, 3, 5, 3, 1, 5): 669, (1, 5, 3, 1, 3, -1, 5): 492, (1, -1, 3, 1, 5, 3, 5): 54})
Learn syntax with 18250 samples for 500 iterations, take 2 sec.
Epoch time: 0m 11s
------------------------------
Epoch 24/49 (max_len=inf, data=18405)
Train acc: 99.22 (abduce 99.32)
Hit samples:  18280  Ave length:  4.96
Symbols:  14 Counter({10: 9681, 12: 9019, 13: 8995, 11: 8505, 6: 5939, 1: 5882, 9: 5517, 2: 5512, 3: 5505, 5: 5496, 7: 5466, 4: 5359, 8: 5148, 0: 4656})
Dep:  Counter({(1, 3, 1, -1, 3): 6594, (1, -1, 1): 3405, (1, 3, 1, 5, 3, -1, 5): 2800, (1, -1, 3, 1, 3): 2236, (1, 3, 1, -1, 5, 3, 5): 1037, (-1,): 1000, (1, -1, 3, 5, 3, 1, 5): 676, (1, 5, 3, 1, 3, -1, 5): 487, (1, -1, 3, 1, 5, 3, 5): 45})
Learn syntax with 18280 samples for 500 iterations, take 2 sec.
result accuracy by length:
1 ( 3%) 100.00
3 (12%) 100.00
5 (55%) 100.00
7 (29%) 100.00
result accuracy by symbol:
* (45%) 100.00
+ (45%) 100.00
- (45%) 100.00
/ (42%) 100.00
0 (23%) 100.00
1 (28%) 100.00
2 (29%) 100.00
3 (28%) 100.00
4 (28%) 100.00
5 (28%) 100.00
6 (28%) 100.00
7 (28%) 100.00
8 (27%) 100.00
9 (28%) 100.00
result accuracy by digit:
0 ( 0%) 100.00
1 ( 0%) 100.00
2 ( 0%) 100.00
3 ( 0%) 100.00
4 ( 0%) 100.00
5 ( 0%) 100.00
6 ( 0%) 100.00
7 ( 0%) 100.00
8 ( 0%) 100.00
9 ( 0%) 100.00
result accuracy by res:
0 (24%) 100.00
1 ( 9%) 100.00
2 ( 5%) 100.00
3 ( 5%) 100.00
4 ( 4%) 100.00
5 ( 4%) 100.00
6 ( 4%) 100.00
7 ( 4%) 100.00
8 ( 4%) 100.00
9 ( 4%) 100.00
result accuracy by condition:
long ( 0%)  0.00
seen (58%) 100.00
unseen (41%) 100.00
val (Perception Acc=100.00, Syntax Acc=99.15, Result Acc=100.00)
Epoch time: 0m 12s
------------------------------
Epoch 25/49 (max_len=inf, data=18405)
Train acc: 99.11 (abduce 99.23)
Hit samples:  18263  Ave length:  4.96
Symbols:  14 Counter({10: 9684, 12: 9022, 13: 8966, 11: 8483, 6: 5942, 1: 5885, 9: 5517, 2: 5493, 3: 5486, 5: 5485, 7: 5455, 4: 5366, 8: 5139, 0: 4650})
Dep:  Counter({(1, 3, 1, -1, 3): 6571, (1, -1, 1): 3405, (1, 3, 1, 5, 3, -1, 5): 2764, (1, -1, 3, 1, 3): 2253, (1, 3, 1, -1, 5, 3, 5): 1053, (-1,): 1000, (1, -1, 3, 5, 3, 1, 5): 682, (1, 5, 3, 1, 3, -1, 5): 487, (1, -1, 3, 1, 5, 3, 5): 48})
Learn syntax with 18263 samples for 500 iterations, take 2 sec.
Epoch time: 0m 11s
------------------------------
Epoch 26/49 (max_len=inf, data=18405)
Train acc: 99.32 (abduce 99.38)
Hit samples:  18291  Ave length:  4.96
Symbols:  14 Counter({10: 9692, 12: 9036, 13: 8976, 11: 8517, 6: 5953, 1: 5887, 9: 5519, 2: 5519, 5: 5496, 3: 5496, 7: 5469, 4: 5373, 8: 5149, 0: 4651})
Dep:  Counter({(1, 3, 1, -1, 3): 6543, (1, -1, 1): 3405, (1, 3, 1, 5, 3, -1, 5): 2724, (1, -1, 3, 1, 3): 2299, (1, 3, 1, -1, 5, 3, 5): 1080, (-1,): 1000, (1, -1, 3, 5, 3, 1, 5): 677, (1, 5, 3, 1, 3, -1, 5): 511, (1, -1, 3, 1, 5, 3, 5): 52})
Learn syntax with 18291 samples for 500 iterations, take 2 sec.
Epoch time: 0m 11s
------------------------------
Epoch 27/49 (max_len=inf, data=18405)
Train acc: 99.43 (abduce 99.49)
Hit samples:  18311  Ave length:  4.96
Symbols:  14 Counter({10: 9703, 12: 9055, 13: 8994, 11: 8526, 6: 5952, 1: 5897, 9: 5532, 2: 5531, 3: 5511, 5: 5505, 7: 5477, 4: 5375, 8: 5152, 0: 4657})
Dep:  Counter({(1, 3, 1, -1, 3): 6525, (1, -1, 1): 3405, (1, 3, 1, 5, 3, -1, 5): 2715, (1, -1, 3, 1, 3): 2320, (1, 3, 1, -1, 5, 3, 5): 1104, (-1,): 1000, (1, -1, 3, 5, 3, 1, 5): 681, (1, 5, 3, 1, 3, -1, 5): 503, (1, -1, 3, 1, 5, 3, 5): 58})
Learn syntax with 18311 samples for 500 iterations, take 2 sec.
Epoch time: 0m 11s
------------------------------
Epoch 28/49 (max_len=inf, data=18405)
Train acc: 99.41 (abduce 99.49)
Hit samples:  18312  Ave length:  4.96
Symbols:  14 Counter({10: 9703, 12: 9059, 13: 8987, 11: 8534, 6: 5955, 1: 5893, 2: 5529, 9: 5529, 3: 5516, 5: 5497, 7: 5486, 4: 5378, 8: 5146, 0: 4666})
Dep:  Counter({(1, 3, 1, -1, 3): 6501, (1, -1, 1): 3405, (1, 3, 1, 5, 3, -1, 5): 2719, (1, -1, 3, 1, 3): 2342, (1, 3, 1, -1, 5, 3, 5): 1086, (-1,): 1000, (1, -1, 3, 5, 3, 1, 5): 685, (1, 5, 3, 1, 3, -1, 5): 506, (1, -1, 3, 1, 5, 3, 5): 68})
Learn syntax with 18312 samples for 500 iterations, take 2 sec.
Epoch time: 0m 11s
------------------------------
Epoch 29/49 (max_len=inf, data=18405)
Train acc: 99.41 (abduce 99.50)
Hit samples:  18313  Ave length:  4.96
Symbols:  14 Counter({10: 9708, 12: 9046, 13: 8995, 11: 8543, 6: 5964, 1: 5889, 2: 5530, 9: 5525, 3: 5507, 5: 5504, 7: 5479, 4: 5382, 8: 5157, 0: 4668})
Dep:  Counter({(1, 3, 1, -1, 3): 6460, (1, -1, 1): 3405, (1, 3, 1, 5, 3, -1, 5): 2703, (1, -1, 3, 1, 3): 2377, (1, 3, 1, -1, 5, 3, 5): 1100, (-1,): 1000, (1, -1, 3, 5, 3, 1, 5): 684, (1, 5, 3, 1, 3, -1, 5): 513, (1, -1, 3, 1, 5, 3, 5): 71})
Learn syntax with 18313 samples for 500 iterations, take 2 sec.
result accuracy by length:
1 ( 3%) 100.00
3 (12%) 100.00
5 (55%) 100.00
7 (29%) 100.00
result accuracy by symbol:
* (45%) 100.00
+ (45%) 100.00
- (45%) 100.00
/ (42%) 100.00
0 (23%) 100.00
1 (28%) 100.00
2 (29%) 100.00
3 (28%) 100.00
4 (28%) 100.00
5 (28%) 100.00
6 (28%) 100.00
7 (28%) 100.00
8 (27%) 100.00
9 (28%) 100.00
result accuracy by digit:
0 ( 0%) 100.00
1 ( 0%) 100.00
2 ( 0%) 100.00
3 ( 0%) 100.00
4 ( 0%) 100.00
5 ( 0%) 100.00
6 ( 0%) 100.00
7 ( 0%) 100.00
8 ( 0%) 100.00
9 ( 0%) 100.00
result accuracy by res:
0 (24%) 100.00
1 ( 9%) 100.00
2 ( 5%) 100.00
3 ( 5%) 100.00
4 ( 4%) 100.00
5 ( 4%) 100.00
6 ( 4%) 100.00
7 ( 4%) 100.00
8 ( 4%) 100.00
9 ( 4%) 100.00
result accuracy by condition:
long ( 0%)  0.00
seen (58%) 100.00
unseen (41%) 100.00
val (Perception Acc=100.00, Syntax Acc=99.17, Result Acc=100.00)
Epoch time: 0m 12s
------------------------------
Epoch 30/49 (max_len=inf, data=18405)
Train acc: 99.45 (abduce 99.49)
Hit samples:  18312  Ave length:  4.96
Symbols:  14 Counter({10: 9704, 12: 9058, 13: 8994, 11: 8529, 6: 5955, 1: 5890, 9: 5535, 2: 5522, 3: 5517, 5: 5495, 7: 5478, 4: 5383, 8: 5154, 0: 4668})
Dep:  Counter({(1, 3, 1, -1, 3): 6458, (1, -1, 1): 3405, (1, 3, 1, 5, 3, -1, 5): 2709, (1, -1, 3, 1, 3): 2383, (1, 3, 1, -1, 5, 3, 5): 1102, (-1,): 1000, (1, -1, 3, 5, 3, 1, 5): 671, (1, 5, 3, 1, 3, -1, 5): 523, (1, -1, 3, 1, 5, 3, 5): 61})
Learn syntax with 18312 samples for 500 iterations, take 2 sec.
Epoch time: 0m 11s
------------------------------
Epoch 31/49 (max_len=inf, data=18405)
Train acc: 99.52 (abduce 99.56)
Hit samples:  18324  Ave length:  4.96
Symbols:  14 Counter({10: 9701, 12: 9054, 13: 9005, 11: 8551, 6: 5972, 1: 5891, 9: 5534, 2: 5522, 3: 5516, 5: 5513, 7: 5482, 4: 5385, 8: 5154, 0: 4666})
Dep:  Counter({(1, 3, 1, -1, 3): 6431, (1, -1, 1): 3405, (1, 3, 1, 5, 3, -1, 5): 2676, (1, -1, 3, 1, 3): 2420, (1, 3, 1, -1, 5, 3, 5): 1125, (-1,): 1000, (1, -1, 3, 5, 3, 1, 5): 666, (1, 5, 3, 1, 3, -1, 5): 522, (1, -1, 3, 1, 5, 3, 5): 79})
Learn syntax with 18324 samples for 500 iterations, take 2 sec.
Epoch time: 0m 11s
------------------------------
Epoch 32/49 (max_len=inf, data=18405)
Train acc: 99.62 (abduce 99.67)
Hit samples:  18345  Ave length:  4.97
Symbols:  14 Counter({10: 9723, 12: 9077, 13: 9018, 11: 8551, 6: 5983, 1: 5909, 9: 5542, 2: 5534, 3: 5525, 5: 5519, 7: 5481, 4: 5395, 8: 5155, 0: 4671})
Dep:  Counter({(1, 3, 1, -1, 3): 6447, (1, -1, 1): 3405, (1, 3, 1, 5, 3, -1, 5): 2683, (1, -1, 3, 1, 3): 2409, (1, 3, 1, -1, 5, 3, 5): 1112, (-1,): 1000, (1, -1, 3, 5, 3, 1, 5): 676, (1, 5, 3, 1, 3, -1, 5): 544, (1, -1, 3, 1, 5, 3, 5): 69})
Learn syntax with 18345 samples for 500 iterations, take 2 sec.
Epoch time: 0m 11s
------------------------------
Epoch 33/49 (max_len=inf, data=18405)
Train acc: 99.61 (abduce 99.67)
Hit samples:  18345  Ave length:  4.97
Symbols:  14 Counter({10: 9717, 12: 9076, 13: 9015, 11: 8562, 6: 5974, 1: 5899, 9: 5543, 2: 5536, 3: 5523, 5: 5521, 7: 5494, 4: 5389, 8: 5166, 0: 4670})
Dep:  Counter({(1, 3, 1, -1, 3): 6442, (1, -1, 1): 3405, (1, 3, 1, 5, 3, -1, 5): 2677, (1, -1, 3, 1, 3): 2413, (1, 3, 1, -1, 5, 3, 5): 1122, (-1,): 1000, (1, -1, 3, 5, 3, 1, 5): 678, (1, 5, 3, 1, 3, -1, 5): 536, (1, -1, 3, 1, 5, 3, 5): 72})
Learn syntax with 18345 samples for 500 iterations, take 2 sec.
Epoch time: 0m 11s
------------------------------
Epoch 34/49 (max_len=inf, data=18405)
Train acc: 99.58 (abduce 99.60)
Hit samples:  18331  Ave length:  4.96
Symbols:  14 Counter({10: 9709, 12: 9066, 13: 9013, 11: 8548, 6: 5962, 1: 5898, 9: 5536, 2: 5530, 3: 5517, 5: 5512, 7: 5487, 4: 5389, 8: 5162, 0: 4674})
Dep:  Counter({(1, 3, 1, -1, 3): 6416, (1, -1, 1): 3405, (1, 3, 1, 5, 3, -1, 5): 2652, (1, -1, 3, 1, 3): 2431, (1, 3, 1, -1, 5, 3, 5): 1142, (-1,): 1000, (1, -1, 3, 5, 3, 1, 5): 695, (1, 5, 3, 1, 3, -1, 5): 524, (1, -1, 3, 1, 5, 3, 5): 66})
Learn syntax with 18331 samples for 500 iterations, take 2 sec.
result accuracy by length:
1 ( 3%) 100.00
3 (12%) 100.00
5 (55%) 100.00
7 (29%) 100.00
result accuracy by symbol:
* (45%) 100.00
+ (45%) 100.00
- (45%) 100.00
/ (42%) 100.00
0 (23%) 100.00
1 (28%) 100.00
2 (29%) 100.00
3 (28%) 100.00
4 (28%) 100.00
5 (28%) 100.00
6 (28%) 100.00
7 (28%) 100.00
8 (27%) 100.00
9 (28%) 100.00
result accuracy by digit:
0 ( 0%) 100.00
1 ( 0%) 100.00
2 ( 0%) 100.00
3 ( 0%) 100.00
4 ( 0%) 100.00
5 ( 0%) 100.00
6 ( 0%) 100.00
7 ( 0%) 100.00
8 ( 0%) 100.00
9 ( 0%) 100.00
result accuracy by res:
0 (24%) 100.00
1 ( 9%) 100.00
2 ( 5%) 100.00
3 ( 5%) 100.00
4 ( 4%) 100.00
5 ( 4%) 100.00
6 ( 4%) 100.00
7 ( 4%) 100.00
8 ( 4%) 100.00
9 ( 4%) 100.00
result accuracy by condition:
long ( 0%)  0.00
seen (58%) 100.00
unseen (41%) 100.00
val (Perception Acc=100.00, Syntax Acc=99.01, Result Acc=100.00)
Epoch time: 0m 12s
------------------------------
Epoch 35/49 (max_len=inf, data=18405)
Train acc: 99.63 (abduce 99.66)
Hit samples:  18343  Ave length:  4.97
Symbols:  14 Counter({10: 9718, 12: 9071, 13: 9019, 11: 8557, 6: 5981, 1: 5903, 2: 5538, 9: 5537, 3: 5517, 5: 5510, 7: 5484, 4: 5404, 8: 5160, 0: 4674})
Dep:  Counter({(1, 3, 1, -1, 3): 6421, (1, -1, 1): 3405, (1, 3, 1, 5, 3, -1, 5): 2666, (1, -1, 3, 1, 3): 2433, (1, 3, 1, -1, 5, 3, 5): 1159, (-1,): 1000, (1, -1, 3, 5, 3, 1, 5): 674, (1, 5, 3, 1, 3, -1, 5): 524, (1, -1, 3, 1, 5, 3, 5): 61})
Learn syntax with 18343 samples for 500 iterations, take 2 sec.
Epoch time: 0m 11s
------------------------------
Epoch 36/49 (max_len=inf, data=18405)
Train acc: 99.57 (abduce 99.63)
Hit samples:  18337  Ave length:  4.96
Symbols:  14 Counter({10: 9716, 12: 9061, 13: 9011, 11: 8562, 6: 5971, 1: 5904, 9: 5540, 2: 5536, 3: 5532, 5: 5515, 7: 5491, 4: 5381, 8: 5151, 0: 4666})
Dep:  Counter({(1, 3, 1, -1, 3): 6404, (1, -1, 1): 3405, (1, 3, 1, 5, 3, -1, 5): 2660, (1, -1, 3, 1, 3): 2447, (1, 3, 1, -1, 5, 3, 5): 1137, (-1,): 1000, (1, -1, 3, 5, 3, 1, 5): 689, (1, 5, 3, 1, 3, -1, 5): 534, (1, -1, 3, 1, 5, 3, 5): 61})
Learn syntax with 18337 samples for 500 iterations, take 2 sec.
Epoch time: 0m 11s
------------------------------
Epoch 37/49 (max_len=inf, data=18405)
Train acc: 99.66 (abduce 99.71)
Hit samples:  18351  Ave length:  4.97
Symbols:  14 Counter({10: 9723, 12: 9081, 13: 9024, 11: 8557, 6: 5980, 1: 5913, 9: 5548, 2: 5538, 5: 5527, 3: 5523, 7: 5481, 4: 5394, 8: 5163, 0: 4669})
Dep:  Counter({(1, 3, 1, -1, 3): 6411, (1, -1, 1): 3405, (1, 3, 1, 5, 3, -1, 5): 2647, (1, -1, 3, 1, 3): 2447, (1, 3, 1, -1, 5, 3, 5): 1142, (-1,): 1000, (1, -1, 3, 5, 3, 1, 5): 673, (1, 5, 3, 1, 3, -1, 5): 544, (1, -1, 3, 1, 5, 3, 5): 82})
Learn syntax with 18351 samples for 500 iterations, take 2 sec.
Epoch time: 0m 11s
------------------------------
Epoch 38/49 (max_len=inf, data=18405)
Train acc: 99.67 (abduce 99.71)
Hit samples:  18352  Ave length:  4.96
Symbols:  14 Counter({10: 9730, 12: 9072, 13: 9005, 11: 8574, 6: 5986, 1: 5901, 2: 5542, 9: 5541, 3: 5536, 5: 5513, 7: 5483, 4: 5391, 8: 5166, 0: 4674})
Dep:  Counter({(1, 3, 1, -1, 3): 6425, (1, -1, 1): 3405, (1, 3, 1, 5, 3, -1, 5): 2681, (1, -1, 3, 1, 3): 2440, (1, 3, 1, -1, 5, 3, 5): 1131, (-1,): 1000, (1, -1, 3, 5, 3, 1, 5): 654, (1, 5, 3, 1, 3, -1, 5): 550, (1, -1, 3, 1, 5, 3, 5): 66})
Learn syntax with 18352 samples for 500 iterations, take 2 sec.
Epoch time: 0m 11s
------------------------------
Epoch 39/49 (max_len=inf, data=18405)
Train acc: 99.68 (abduce 99.72)
Hit samples:  18353  Ave length:  4.96
Symbols:  14 Counter({10: 9722, 12: 9075, 13: 9018, 11: 8565, 6: 5985, 1: 5911, 9: 5545, 2: 5531, 3: 5523, 5: 5514, 7: 5490, 4: 5388, 8: 5169, 0: 4677})
Dep:  Counter({(1, 3, 1, -1, 3): 6404, (1, -1, 1): 3405, (1, 3, 1, 5, 3, -1, 5): 2637, (1, -1, 3, 1, 3): 2465, (1, 3, 1, -1, 5, 3, 5): 1165, (-1,): 1000, (1, -1, 3, 5, 3, 1, 5): 664, (1, 5, 3, 1, 3, -1, 5): 541, (1, -1, 3, 1, 5, 3, 5): 72})
Learn syntax with 18353 samples for 500 iterations, take 2 sec.
result accuracy by length:
1 ( 3%) 100.00
3 (12%) 100.00
5 (55%) 100.00
7 (29%) 100.00
result accuracy by symbol:
* (45%) 100.00
+ (45%) 100.00
- (45%) 100.00
/ (42%) 100.00
0 (23%) 100.00
1 (28%) 100.00
2 (29%) 100.00
3 (28%) 100.00
4 (28%) 100.00
5 (28%) 100.00
6 (28%) 100.00
7 (28%) 100.00
8 (27%) 100.00
9 (28%) 100.00
result accuracy by digit:
0 ( 0%) 100.00
1 ( 0%) 100.00
2 ( 0%) 100.00
3 ( 0%) 100.00
4 ( 0%) 100.00
5 ( 0%) 100.00
6 ( 0%) 100.00
7 ( 0%) 100.00
8 ( 0%) 100.00
9 ( 0%) 100.00
result accuracy by res:
0 (24%) 100.00
1 ( 9%) 100.00
2 ( 5%) 100.00
3 ( 5%) 100.00
4 ( 4%) 100.00
5 ( 4%) 100.00
6 ( 4%) 100.00
7 ( 4%) 100.00
8 ( 4%) 100.00
9 ( 4%) 100.00
result accuracy by condition:
long ( 0%)  0.00
seen (58%) 100.00
unseen (41%) 100.00
val (Perception Acc=100.00, Syntax Acc=98.88, Result Acc=100.00)
Epoch time: 0m 12s
------------------------------
Epoch 40/49 (max_len=inf, data=18405)
Train acc: 99.77 (abduce 99.81)
Hit samples:  18370  Ave length:  4.97
Symbols:  14 Counter({10: 9734, 12: 9098, 13: 9028, 11: 8580, 6: 5989, 1: 5906, 9: 5554, 3: 5543, 2: 5541, 5: 5526, 7: 5503, 4: 5401, 8: 5169, 0: 4678})
Dep:  Counter({(1, 3, 1, -1, 3): 6371, (1, -1, 1): 3405, (1, 3, 1, 5, 3, -1, 5): 2617, (1, -1, 3, 1, 3): 2489, (1, 3, 1, -1, 5, 3, 5): 1166, (-1,): 1000, (1, -1, 3, 5, 3, 1, 5): 669, (1, 5, 3, 1, 3, -1, 5): 564, (1, -1, 3, 1, 5, 3, 5): 89})
Learn syntax with 18370 samples for 500 iterations, take 2 sec.
Epoch time: 0m 10s
------------------------------
Epoch 41/49 (max_len=inf, data=18405)
Train acc: 99.74 (abduce 99.76)
Hit samples:  18360  Ave length:  4.97
Symbols:  14 Counter({10: 9727, 12: 9082, 13: 9027, 11: 8573, 6: 5976, 1: 5897, 9: 5548, 2: 5547, 3: 5536, 5: 5527, 7: 5497, 4: 5392, 8: 5172, 0: 4677})
Dep:  Counter({(1, 3, 1, -1, 3): 6330, (1, -1, 1): 3405, (1, 3, 1, 5, 3, -1, 5): 2632, (1, -1, 3, 1, 3): 2531, (1, 3, 1, -1, 5, 3, 5): 1142, (-1,): 1000, (1, -1, 3, 5, 3, 1, 5): 656, (1, 5, 3, 1, 3, -1, 5): 567, (1, -1, 3, 1, 5, 3, 5): 97})
Learn syntax with 18360 samples for 500 iterations, take 2 sec.
Epoch time: 0m 11s
------------------------------
Epoch 42/49 (max_len=inf, data=18405)
Train acc: 99.73 (abduce 99.78)
Hit samples:  18364  Ave length:  4.97
Symbols:  14 Counter({10: 9728, 12: 9092, 13: 9030, 11: 8570, 6: 5983, 1: 5908, 2: 5547, 9: 5544, 3: 5541, 5: 5528, 7: 5494, 4: 5393, 8: 5166, 0: 4680})
Dep:  Counter({(1, 3, 1, -1, 3): 6323, (1, -1, 1): 3405, (1, 3, 1, 5, 3, -1, 5): 2598, (1, -1, 3, 1, 3): 2539, (1, 3, 1, -1, 5, 3, 5): 1150, (-1,): 1000, (1, -1, 3, 5, 3, 1, 5): 686, (1, 5, 3, 1, 3, -1, 5): 556, (1, -1, 3, 1, 5, 3, 5): 107})
Learn syntax with 18364 samples for 500 iterations, take 2 sec.
Epoch time: 0m 10s
------------------------------
Epoch 43/49 (max_len=inf, data=18405)
Train acc: 99.70 (abduce 99.75)
Hit samples:  18359  Ave length:  4.97
Symbols:  14 Counter({10: 9729, 12: 9083, 13: 9024, 11: 8566, 6: 5976, 1: 5905, 2: 5548, 9: 5543, 3: 5531, 5: 5525, 7: 5490, 4: 5399, 8: 5166, 0: 4678})
Dep:  Counter({(1, 3, 1, -1, 3): 6364, (1, -1, 1): 3405, (1, 3, 1, 5, 3, -1, 5): 2634, (1, -1, 3, 1, 3): 2501, (1, 3, 1, -1, 5, 3, 5): 1139, (-1,): 1000, (1, -1, 3, 5, 3, 1, 5): 668, (1, 5, 3, 1, 3, -1, 5): 558, (1, -1, 3, 1, 5, 3, 5): 90})
Learn syntax with 18359 samples for 500 iterations, take 2 sec.
Epoch time: 0m 11s
------------------------------
Epoch 44/49 (max_len=inf, data=18405)
Train acc: 99.74 (abduce 99.78)
Hit samples:  18364  Ave length:  4.97
Symbols:  14 Counter({10: 9727, 12: 9091, 13: 9027, 11: 8575, 6: 5985, 1: 5912, 9: 5550, 2: 5547, 3: 5531, 5: 5520, 7: 5497, 4: 5396, 8: 5171, 0: 4675})
Dep:  Counter({(1, 3, 1, -1, 3): 6412, (1, -1, 1): 3405, (1, 3, 1, 5, 3, -1, 5): 2658, (1, -1, 3, 1, 3): 2450, (1, 3, 1, -1, 5, 3, 5): 1138, (-1,): 1000, (1, -1, 3, 5, 3, 1, 5): 672, (1, 5, 3, 1, 3, -1, 5): 543, (1, -1, 3, 1, 5, 3, 5): 86})
Learn syntax with 18364 samples for 500 iterations, take 2 sec.
result accuracy by length:
1 ( 3%) 100.00
3 (12%) 100.00
5 (55%) 100.00
7 (29%) 100.00
result accuracy by symbol:
* (45%) 100.00
+ (45%) 100.00
- (45%) 100.00
/ (42%) 100.00
0 (23%) 100.00
1 (28%) 100.00
2 (29%) 100.00
3 (28%) 100.00
4 (28%) 100.00
5 (28%) 100.00
6 (28%) 100.00
7 (28%) 100.00
8 (27%) 100.00
9 (28%) 100.00
result accuracy by digit:
0 ( 0%) 100.00
1 ( 0%) 100.00
2 ( 0%) 100.00
3 ( 0%) 100.00
4 ( 0%) 100.00
5 ( 0%) 100.00
6 ( 0%) 100.00
7 ( 0%) 100.00
8 ( 0%) 100.00
9 ( 0%) 100.00
result accuracy by res:
0 (24%) 100.00
1 ( 9%) 100.00
2 ( 5%) 100.00
3 ( 5%) 100.00
4 ( 4%) 100.00
5 ( 4%) 100.00
6 ( 4%) 100.00
7 ( 4%) 100.00
8 ( 4%) 100.00
9 ( 4%) 100.00
result accuracy by condition:
long ( 0%)  0.00
seen (58%) 100.00
unseen (41%) 100.00
val (Perception Acc=100.00, Syntax Acc=99.10, Result Acc=100.00)
Epoch time: 0m 12s
------------------------------
Epoch 45/49 (max_len=inf, data=18405)
Train acc: 99.78 (abduce 99.83)
Hit samples:  18374  Ave length:  4.97
Symbols:  14 Counter({10: 9735, 12: 9095, 13: 9036, 11: 8577, 6: 5985, 1: 5911, 2: 5552, 9: 5551, 3: 5543, 5: 5527, 7: 5500, 4: 5404, 8: 5166, 0: 4678})
Dep:  Counter({(1, 3, 1, -1, 3): 6431, (1, -1, 1): 3405, (1, 3, 1, 5, 3, -1, 5): 2656, (1, -1, 3, 1, 3): 2438, (1, 3, 1, -1, 5, 3, 5): 1146, (-1,): 1000, (1, -1, 3, 5, 3, 1, 5): 690, (1, 5, 3, 1, 3, -1, 5): 528, (1, -1, 3, 1, 5, 3, 5): 80})
Learn syntax with 18374 samples for 500 iterations, take 2 sec.
Epoch time: 0m 11s
------------------------------
Epoch 46/49 (max_len=inf, data=18405)
Train acc: 99.78 (abduce 99.82)
Hit samples:  18371  Ave length:  4.97
Symbols:  14 Counter({10: 9731, 12: 9088, 13: 9033, 11: 8583, 6: 5986, 1: 5906, 9: 5549, 2: 5547, 3: 5536, 5: 5528, 7: 5502, 4: 5402, 8: 5167, 0: 4683})
Dep:  Counter({(1, 3, 1, -1, 3): 6418, (1, -1, 1): 3405, (1, 3, 1, 5, 3, -1, 5): 2655, (1, -1, 3, 1, 3): 2450, (1, 3, 1, -1, 5, 3, 5): 1162, (-1,): 1000, (1, -1, 3, 5, 3, 1, 5): 673, (1, 5, 3, 1, 3, -1, 5): 541, (1, -1, 3, 1, 5, 3, 5): 67})
Learn syntax with 18371 samples for 500 iterations, take 2 sec.
Epoch time: 0m 10s
------------------------------
Epoch 47/49 (max_len=inf, data=18405)
Train acc: 99.73 (abduce 99.76)
Hit samples:  18361  Ave length:  4.97
Symbols:  14 Counter({10: 9725, 12: 9083, 13: 9027, 11: 8575, 6: 5984, 1: 5907, 9: 5546, 2: 5541, 3: 5534, 5: 5519, 7: 5500, 4: 5401, 8: 5159, 0: 4680})
Dep:  Counter({(1, 3, 1, -1, 3): 6437, (1, -1, 1): 3405, (1, 3, 1, 5, 3, -1, 5): 2659, (1, -1, 3, 1, 3): 2426, (1, 3, 1, -1, 5, 3, 5): 1152, (-1,): 1000, (1, -1, 3, 5, 3, 1, 5): 667, (1, 5, 3, 1, 3, -1, 5): 546, (1, -1, 3, 1, 5, 3, 5): 69})
Learn syntax with 18361 samples for 500 iterations, take 3 sec.
Epoch time: 0m 11s
------------------------------
Epoch 48/49 (max_len=inf, data=18405)
Train acc: 99.81 (abduce 99.87)
Hit samples:  18381  Ave length:  4.97
Symbols:  14 Counter({10: 9745, 12: 9095, 13: 9037, 11: 8586, 6: 5985, 1: 5909, 2: 5554, 9: 5554, 3: 5543, 5: 5534, 7: 5505, 4: 5401, 8: 5176, 0: 4683})
Dep:  Counter({(1, 3, 1, -1, 3): 6445, (1, -1, 1): 3405, (1, 3, 1, 5, 3, -1, 5): 2695, (1, -1, 3, 1, 3): 2425, (1, 3, 1, -1, 5, 3, 5): 1120, (-1,): 1000, (1, -1, 3, 5, 3, 1, 5): 672, (1, 5, 3, 1, 3, -1, 5): 549, (1, -1, 3, 1, 5, 3, 5): 70})
Learn syntax with 18381 samples for 500 iterations, take 2 sec.
Epoch time: 0m 11s
------------------------------
Epoch 49/49 (max_len=inf, data=18405)
Train acc: 99.82 (abduce 99.85)
Hit samples:  18377  Ave length:  4.97
Symbols:  14 Counter({10: 9740, 12: 9091, 13: 9034, 11: 8588, 6: 5987, 1: 5909, 9: 5556, 2: 5548, 5: 5536, 3: 5536, 7: 5501, 4: 5399, 8: 5175, 0: 4683})
Dep:  Counter({(1, 3, 1, -1, 3): 6450, (1, -1, 1): 3405, (1, 3, 1, 5, 3, -1, 5): 2701, (1, -1, 3, 1, 3): 2418, (1, 3, 1, -1, 5, 3, 5): 1130, (-1,): 1000, (1, -1, 3, 5, 3, 1, 5): 659, (1, 5, 3, 1, 3, -1, 5): 553, (1, -1, 3, 1, 5, 3, 5): 61})
Learn syntax with 18377 samples for 500 iterations, take 2 sec.
result accuracy by length:
1 ( 3%) 100.00
3 (12%) 100.00
5 (55%) 100.00
7 (29%) 100.00
result accuracy by symbol:
* (45%) 100.00
+ (45%) 100.00
- (45%) 100.00
/ (42%) 100.00
0 (23%) 100.00
1 (28%) 100.00
2 (29%) 100.00
3 (28%) 100.00
4 (28%) 100.00
5 (28%) 100.00
6 (28%) 100.00
7 (28%) 100.00
8 (27%) 100.00
9 (28%) 100.00
result accuracy by digit:
0 ( 0%) 100.00
1 ( 0%) 100.00
2 ( 0%) 100.00
3 ( 0%) 100.00
4 ( 0%) 100.00
5 ( 0%) 100.00
6 ( 0%) 100.00
7 ( 0%) 100.00
8 ( 0%) 100.00
9 ( 0%) 100.00
result accuracy by res:
0 (24%) 100.00
1 ( 9%) 100.00
2 ( 5%) 100.00
3 ( 5%) 100.00
4 ( 4%) 100.00
5 ( 4%) 100.00
6 ( 4%) 100.00
7 ( 4%) 100.00
8 ( 4%) 100.00
9 ( 4%) 100.00
result accuracy by condition:
long ( 0%)  0.00
seen (58%) 100.00
unseen (41%) 100.00
val (Perception Acc=100.00, Syntax Acc=99.45, Result Acc=100.00)
Epoch time: 0m 12s
------------------------------
result accuracy by length:
1 ( 3%) 100.00
3 (12%) 100.00
5 (55%) 100.00
7 (29%) 100.00
result accuracy by symbol:
* (45%) 100.00
+ (45%) 100.00
- (45%) 100.00
/ (42%) 100.00
0 (23%) 100.00
1 (28%) 100.00
2 (29%) 100.00
3 (28%) 100.00
4 (28%) 100.00
5 (28%) 100.00
6 (28%) 100.00
7 (28%) 100.00
8 (27%) 100.00
9 (28%) 100.00
result accuracy by digit:
0 ( 0%) 100.00
1 ( 0%) 100.00
2 ( 0%) 100.00
3 ( 0%) 100.00
4 ( 0%) 100.00
5 ( 0%) 100.00
6 ( 0%) 100.00
7 ( 0%) 100.00
8 ( 0%) 100.00
9 ( 0%) 100.00
result accuracy by res:
0 (24%) 100.00
1 ( 9%) 100.00
2 ( 5%) 100.00
3 ( 5%) 100.00
4 ( 4%) 100.00
5 ( 4%) 100.00
6 ( 4%) 100.00
7 ( 4%) 100.00
8 ( 4%) 100.00
9 ( 4%) 100.00
result accuracy by condition:
long ( 0%)  0.00
seen (58%) 100.00
unseen (41%) 100.00
val (Perception Acc=100.00, Syntax Acc=99.45, Result Acc=100.00)
Best val acc: 100.00
------------------------------
Evaluate on test set...
result accuracy by length:
1 ( 1%) 100.00
3 ( 5%) 100.00
5 (30%) 100.00
7 (16%) 100.00
9 (12%) 100.00
11 ( 9%) 100.00
13 ( 7%) 100.00
15 ( 5%) 100.00
17 ( 4%) 99.64
19 ( 3%) 100.00
21 ( 2%) 100.00
result accuracy by symbol:
* (62%) 99.97
+ (62%) 99.97
- (61%) 99.97
/ (59%) 100.00
0 (33%) 99.95
1 (39%) 99.96
2 (38%) 100.00
3 (39%) 99.96
4 (38%) 100.00
5 (39%) 99.96
6 (39%) 99.96
7 (38%) 99.96
8 (39%) 99.96
9 (39%) 99.96
result accuracy by digit:
0 ( 0%) 100.00
1 ( 0%) 100.00
2 ( 0%) 100.00
3 ( 0%) 100.00
4 ( 0%) 100.00
5 ( 0%) 100.00
6 ( 0%) 100.00
7 ( 0%) 100.00
8 ( 0%) 100.00
9 ( 0%) 100.00
result accuracy by res:
0 (24%) 99.93
1 ( 7%) 100.00
2 ( 4%) 100.00
3 ( 4%) 100.00
4 ( 4%) 100.00
5 ( 4%) 100.00
6 ( 4%) 100.00
7 ( 4%) 100.00
8 ( 4%) 100.00
9 ( 3%) 100.00
result accuracy by condition:
long (45%) 99.96
seen (31%) 100.00
unseen (22%) 100.00
test (Perception Acc=100.00, Syntax Acc=97.63, Result Acc=99.98)