train: 11170 val: 4900 test: 48910
Namespace(curriculum=True, dec_layers=1, dropout=0.5, emb_dim=128, enc_layers=1, epochs=500, epochs_eval=10, hid_dim=128, nhead=1, output_dir='outputs/', perception=True, perception_pretrain='data/perception-pretrain/model.pth.tar_78.2_match', resume=None, seed=0, semantics=False, seq2seq='TRAN', syntax=False)
NeuralArithmetic(
  (embedding_in): EmbeddingIn(
    (embedding): Embedding(19, 128)
  )
  (seq2seq): TransformerModel(
    (enc_pos_embedding): LearnedPositionalEncoding(
      (dropout): Dropout(p=0.0, inplace=False)
      (pe): Embedding(100, 128)
    )
    (dec_pos_embedding): LearnedPositionalEncoding(
      (dropout): Dropout(p=0.0, inplace=False)
      (pe): Embedding(100, 128)
    )
    (transformer): Transformer(
      (encoder): TransformerEncoder(
        (layers): ModuleList(
          (0): TransformerEncoderLayer(
            (self_attn): MultiheadAttention(
              (out_proj): _LinearWithBias(in_features=128, out_features=128, bias=True)
            )
            (linear1): Linear(in_features=128, out_features=128, bias=True)
            (dropout): Dropout(p=0.0, inplace=False)
            (linear2): Linear(in_features=128, out_features=128, bias=True)
            (norm1): LayerNorm((128,), eps=1e-05, elementwise_affine=True)
            (norm2): LayerNorm((128,), eps=1e-05, elementwise_affine=True)
            (dropout1): Dropout(p=0.0, inplace=False)
            (dropout2): Dropout(p=0.0, inplace=False)
          )
        )
        (norm): LayerNorm((128,), eps=1e-05, elementwise_affine=True)
      )
      (decoder): TransformerDecoder(
        (layers): ModuleList(
          (0): TransformerDecoderLayer(
            (self_attn): MultiheadAttention(
              (out_proj): _LinearWithBias(in_features=128, out_features=128, bias=True)
            )
            (multihead_attn): MultiheadAttention(
              (out_proj): _LinearWithBias(in_features=128, out_features=128, bias=True)
            )
            (linear1): Linear(in_features=128, out_features=128, bias=True)
            (dropout): Dropout(p=0.0, inplace=False)
            (linear2): Linear(in_features=128, out_features=128, bias=True)
            (norm1): LayerNorm((128,), eps=1e-05, elementwise_affine=True)
            (norm2): LayerNorm((128,), eps=1e-05, elementwise_affine=True)
            (norm3): LayerNorm((128,), eps=1e-05, elementwise_affine=True)
            (dropout1): Dropout(p=0.0, inplace=False)
            (dropout2): Dropout(p=0.0, inplace=False)
            (dropout3): Dropout(p=0.0, inplace=False)
          )
        )
        (norm): LayerNorm((128,), eps=1e-05, elementwise_affine=True)
      )
    )
    (embedding_out): Embedding(13, 128)
    (classifier_out): Linear(in_features=128, out_features=13, bias=True)
  )
)
Curriculum: [(0, 1), (1, 3), (20, 7), (40, 11), (60, 15), (80, inf)]
------------------------------
Epoch 0/499 (max_len=1, data=1000, lr=0.001)
Train acc: 51.37, loss: 1.157 
Epoch time: 0m 1s
------------------------------
Epoch 1/499 (max_len=3, data=2170, lr=0.001)
Train acc: 59.50, loss: 0.924 
Epoch time: 0m 1s
------------------------------
Epoch 2/499 (max_len=3, data=2170, lr=0.001)
Train acc: 64.35, loss: 0.724 
Epoch time: 0m 1s
------------------------------
Epoch 3/499 (max_len=3, data=2170, lr=0.001)
Train acc: 65.00, loss: 0.662 
Epoch time: 0m 1s
------------------------------
Epoch 4/499 (max_len=3, data=2170, lr=0.001)
Train acc: 65.13, loss: 0.630 
Epoch time: 0m 1s
------------------------------
Epoch 5/499 (max_len=3, data=2170, lr=0.001)
Train acc: 64.65, loss: 0.616 
Epoch time: 0m 1s
------------------------------
Epoch 6/499 (max_len=3, data=2170, lr=0.001)
Train acc: 64.25, loss: 0.593 
Epoch time: 0m 1s
------------------------------
Epoch 7/499 (max_len=3, data=2170, lr=0.001)
Train acc: 63.10, loss: 0.547 
Epoch time: 0m 1s
------------------------------
Epoch 8/499 (max_len=3, data=2170, lr=0.001)
Train acc: 65.47, loss: 0.538 
Epoch time: 0m 1s
------------------------------
Epoch 9/499 (max_len=3, data=2170, lr=0.001)
Train acc: 65.34, loss: 0.514 
result accuracy by length:
1 ( 2%) 100.00
3 ( 2%) 28.00
5 ( 2%) 17.05
7 ( 4%) 11.35
9 ( 4%) 10.05
11 ( 3%)  9.09
13 ( 4%)  6.02
15 ( 4%)  8.91
17 ( 4%)  8.25
19 ( 4%)  7.84
21 ( 4%)  9.60
23 ( 4%) 10.24
25 ( 4%)  9.00
27 ( 4%) 12.32
29 ( 3%)  8.90
31 ( 3%)  6.55
33 ( 2%)  5.00
35 ( 2%)  9.59
37 ( 2%)  7.69
39 ( 3%)  6.58
41 ( 3%)  7.38
43 ( 2%)  8.70
45 ( 2%)  6.25
47 ( 2%) 10.61
49 ( 2%)  9.15
51 ( 2%)  9.85
53 ( 2%)  8.21
55 ( 2%)  5.88
57 ( 2%)  8.39
59 ( 2%)  7.48
61 ( 1%)  9.38
63 ( 0%)  5.71
65 ( 0%) 22.22
67 ( 0%)  0.00
result accuracy by symbol:
( (91%)  8.60
) (91%)  8.60
* (87%)  8.32
+ (84%)  7.41
- (77%) 10.34
/ (76%)  9.08
0 (52%) 15.08
1 (60%)  9.34
2 (61%)  8.50
3 (62%)  8.62
4 (61%)  8.89
5 (62%)  8.46
6 (62%) 10.00
7 (63%)  7.23
8 (64%)  7.99
9 (63%)  8.08
result accuracy by digit:
0 ( 0%) 100.00
1 ( 0%) 100.00
2 ( 0%) 100.00
3 ( 0%) 100.00
4 ( 0%) 100.00
5 ( 0%) 100.00
6 ( 0%) 100.00
7 ( 0%) 100.00
8 ( 0%) 100.00
9 ( 0%) 100.00
result accuracy by result:
0 (21%) 37.52
1 (10%)  5.24
2 ( 4%)  7.07
3 ( 2%)  7.41
4 ( 2%)  7.52
5 ( 2%) 10.00
6 ( 2%)  9.57
7 ( 2%)  8.85
8 ( 2%) 14.53
9 ( 1%) 11.63
result accuracy by generalization:
1 (22.45%) 23.36
2 (22.96%) 13.78
3 (22.53%)  0.45
4 (15.82%) 15.87
5 (16.24%)  0.63
error cases:
5*9 [1, -1, 1] 45 5
1/5 [1, -1, 1] 1 5
5-0 [1, -1, 1] 5 0
8+3 [1, -1, 1] 11 8
9*1 [1, -1, 1] 9 2
4*6 [1, -1, 1] 24 2
9-7 [1, -1, 1] 2 0
6*4 [1, -1, 1] 24 2
9-3 [1, -1, 1] 6 0
3+2 [1, -1, 1] 5 8
val (Perception Acc=0.00, Head Acc=0.00, Result Acc=11.12)
Epoch time: 0m 15s
------------------------------
Epoch 10/499 (max_len=3, data=2170, lr=0.001)
Train acc: 65.55, loss: 0.502 
Epoch time: 0m 1s
------------------------------
Epoch 11/499 (max_len=3, data=2170, lr=0.001)
Train acc: 65.63, loss: 0.493 
Epoch time: 0m 1s
------------------------------
Epoch 12/499 (max_len=3, data=2170, lr=0.001)
Train acc: 65.75, loss: 0.487 
Epoch time: 0m 1s
------------------------------
Epoch 13/499 (max_len=3, data=2170, lr=0.001)
Train acc: 65.21, loss: 0.537 
Epoch time: 0m 1s
------------------------------
Epoch 14/499 (max_len=3, data=2170, lr=0.001)
Train acc: 66.16, loss: 0.500 
Epoch time: 0m 1s
------------------------------
Epoch 15/499 (max_len=3, data=2170, lr=0.001)
Train acc: 66.22, loss: 0.482 
Epoch time: 0m 1s
------------------------------
Epoch 16/499 (max_len=3, data=2170, lr=0.001)
Train acc: 66.96, loss: 0.462 
Epoch time: 0m 1s
------------------------------
Epoch 17/499 (max_len=3, data=2170, lr=0.001)
Train acc: 66.49, loss: 0.451 
Epoch time: 0m 1s
------------------------------
Epoch 18/499 (max_len=3, data=2170, lr=0.001)
Train acc: 66.15, loss: 0.441 
Epoch time: 0m 1s
------------------------------
Epoch 19/499 (max_len=3, data=2170, lr=0.001)
Train acc: 67.36, loss: 0.434 
result accuracy by length:
1 ( 2%) 100.00
3 ( 2%) 31.00
5 ( 2%) 20.16
7 ( 4%) 17.03
9 ( 4%) 20.10
11 ( 3%) 21.02
13 ( 4%) 13.89
15 ( 4%) 14.85
17 ( 4%) 14.56
19 ( 4%) 17.65
21 ( 4%) 17.17
23 ( 4%) 11.22
25 ( 4%) 11.50
27 ( 4%) 16.26
29 ( 3%) 13.09
31 ( 3%) 14.88
33 ( 2%)  7.14
35 ( 2%)  9.59
37 ( 2%) 14.53
39 ( 3%)  9.87
41 ( 3%) 12.08
43 ( 2%)  9.42
45 ( 2%) 11.61
47 ( 2%)  8.33
49 ( 2%)  7.04
51 ( 2%) 13.64
53 ( 2%)  8.21
55 ( 2%)  7.56
57 ( 2%) 11.19
59 ( 2%)  8.41
61 ( 1%)  9.38
63 ( 0%) 11.43
65 ( 0%)  0.00
67 ( 0%)  0.00
result accuracy by symbol:
( (91%) 12.90
) (91%) 12.90
* (87%) 11.95
+ (84%) 11.49
- (77%) 14.30
/ (76%) 13.61
0 (52%) 12.97
1 (60%) 13.22
2 (61%) 12.99
3 (62%) 13.11
4 (61%) 12.37
5 (62%) 12.86
6 (62%)  8.76
7 (63%) 13.11
8 (64%) 11.97
9 (63%) 12.01
result accuracy by digit:
0 ( 0%) 100.00
1 ( 0%) 100.00
2 ( 0%) 100.00
3 ( 0%) 100.00
4 ( 0%) 100.00
5 ( 0%) 100.00
6 ( 0%) 100.00
7 ( 0%) 100.00
8 ( 0%) 100.00
9 ( 0%) 100.00
result accuracy by result:
0 (21%) 40.67
1 (10%) 38.01
2 ( 4%)  6.06
3 ( 2%)  7.41
4 ( 2%)  7.52
5 ( 2%) 11.00
6 ( 2%) 39.13
7 ( 2%)  8.85
8 ( 2%)  8.55
9 ( 1%) 11.63
result accuracy by generalization:
1 (22.45%) 29.27
2 (22.96%) 21.07
3 (22.53%)  3.99
4 (15.82%) 13.81
5 (16.24%)  5.78
error cases:
5*9 [1, -1, 1] 45 35
1/5 [1, -1, 1] 1 5
5-0 [1, -1, 1] 5 0
9*1 [1, -1, 1] 9 1
4*6 [1, -1, 1] 24 21
9-7 [1, -1, 1] 2 0
6*4 [1, -1, 1] 24 21
9-3 [1, -1, 1] 6 0
3+2 [1, -1, 1] 5 11
3*5 [1, -1, 1] 15 35
val (Perception Acc=0.00, Head Acc=0.00, Result Acc=15.43)
Epoch time: 0m 15s
------------------------------
Epoch 20/499 (max_len=7, data=3387, lr=0.001)
Train acc: 51.99, loss: 0.863 
Epoch time: 0m 2s
------------------------------
Epoch 21/499 (max_len=7, data=3387, lr=0.001)
Train acc: 52.85, loss: 0.807 
Epoch time: 0m 2s
------------------------------
Epoch 22/499 (max_len=7, data=3387, lr=0.001)
Train acc: 51.43, loss: 0.790 
Epoch time: 0m 2s
------------------------------
Epoch 23/499 (max_len=7, data=3387, lr=0.001)
Train acc: 51.74, loss: 0.795 
Epoch time: 0m 2s
------------------------------
Epoch 24/499 (max_len=7, data=3387, lr=0.001)
Train acc: 52.61, loss: 0.771 
Epoch time: 0m 2s
------------------------------
Epoch 25/499 (max_len=7, data=3387, lr=0.001)
Train acc: 51.17, loss: 0.776 
Epoch time: 0m 2s
------------------------------
Epoch 26/499 (max_len=7, data=3387, lr=0.001)
Train acc: 53.79, loss: 0.763 
Epoch time: 0m 2s
------------------------------
Epoch 27/499 (max_len=7, data=3387, lr=0.001)
Train acc: 53.78, loss: 0.749 
Epoch time: 0m 2s
------------------------------
Epoch 28/499 (max_len=7, data=3387, lr=0.001)
Train acc: 55.06, loss: 0.734 
Epoch time: 0m 2s
------------------------------
Epoch 29/499 (max_len=7, data=3387, lr=0.001)
Train acc: 55.18, loss: 0.718 
result accuracy by length:
1 ( 2%) 100.00
3 ( 2%) 40.00
5 ( 2%) 21.71
7 ( 4%) 21.83
9 ( 4%) 24.12
11 ( 3%) 25.00
13 ( 4%) 18.98
15 ( 4%) 20.30
17 ( 4%) 18.93
19 ( 4%) 22.55
21 ( 4%) 23.74
23 ( 4%) 25.85
25 ( 4%) 17.50
27 ( 4%) 30.05
29 ( 3%) 27.75
31 ( 3%) 22.62
33 ( 2%) 16.43
35 ( 2%) 21.92
37 ( 2%) 23.93
39 ( 3%) 17.76
41 ( 3%) 24.16
43 ( 2%) 19.57
45 ( 2%) 17.86
47 ( 2%) 25.76
49 ( 2%) 23.24
51 ( 2%) 24.24
53 ( 2%) 22.39
55 ( 2%) 15.97
57 ( 2%) 21.68
59 ( 2%) 16.82
61 ( 1%) 25.00
63 ( 0%) 28.57
65 ( 0%) 33.33
67 ( 0%) 33.33
result accuracy by symbol:
( (91%) 22.19
) (91%) 22.19
* (87%) 21.62
+ (84%) 20.53
- (77%) 26.04
/ (76%) 22.90
0 (52%) 26.95
1 (60%) 23.56
2 (61%) 23.06
3 (62%) 22.36
4 (61%) 22.42
5 (62%) 21.52
6 (62%) 22.21
7 (63%) 21.86
8 (64%) 21.15
9 (63%) 20.75
result accuracy by digit:
0 ( 0%) 100.00
1 ( 0%) 100.00
2 ( 0%) 100.00
3 ( 0%) 100.00
4 ( 0%) 100.00
5 ( 0%) 100.00
6 ( 0%) 100.00
7 ( 0%) 100.00
8 ( 0%) 100.00
9 ( 0%) 100.00
result accuracy by result:
0 (21%) 99.71
1 (10%)  4.12
2 ( 4%)  9.09
3 ( 2%)  7.41
4 ( 2%) 12.03
5 ( 2%) 14.00
6 ( 2%)  9.57
7 ( 2%)  8.85
8 ( 2%) 10.26
9 ( 1%) 13.95
result accuracy by generalization:
1 (22.45%) 41.09
2 (22.96%) 35.11
3 (22.53%)  0.00
4 (15.82%) 43.48
5 (16.24%)  0.00
error cases:
1/5 [1, -1, 1] 1 0
5-0 [1, -1, 1] 5 0
8+3 [1, -1, 1] 11 5
9-7 [1, -1, 1] 2 0
9-3 [1, -1, 1] 6 0
3*5 [1, -1, 1] 15 10
6/4 [1, -1, 1] 2 1
0+3 [1, -1, 1] 3 0
6/3 [1, -1, 1] 2 1
9+3 [1, -1, 1] 12 15
val (Perception Acc=0.00, Head Acc=0.00, Result Acc=24.16)
Epoch time: 0m 16s
------------------------------
Epoch 30/499 (max_len=7, data=3387, lr=0.001)
Train acc: 55.57, loss: 0.700 
Epoch time: 0m 2s
------------------------------
Epoch 31/499 (max_len=7, data=3387, lr=0.001)
Train acc: 56.64, loss: 0.695 
Epoch time: 0m 2s
------------------------------
Epoch 32/499 (max_len=7, data=3387, lr=0.001)
Train acc: 56.21, loss: 0.674 
Epoch time: 0m 2s
------------------------------
Epoch 33/499 (max_len=7, data=3387, lr=0.001)
Train acc: 56.29, loss: 0.662 
Epoch time: 0m 2s
------------------------------
Epoch 34/499 (max_len=7, data=3387, lr=0.001)
Train acc: 57.51, loss: 0.648 
Epoch time: 0m 2s
------------------------------
Epoch 35/499 (max_len=7, data=3387, lr=0.001)
Train acc: 57.76, loss: 0.644 
Epoch time: 0m 2s
------------------------------
Epoch 36/499 (max_len=7, data=3387, lr=0.001)
Train acc: 59.12, loss: 0.620 
Epoch time: 0m 2s
------------------------------
Epoch 37/499 (max_len=7, data=3387, lr=0.001)
Train acc: 59.09, loss: 0.615 
Epoch time: 0m 2s
------------------------------
Epoch 38/499 (max_len=7, data=3387, lr=0.001)
Train acc: 59.29, loss: 0.612 
Epoch time: 0m 2s
------------------------------
Epoch 39/499 (max_len=7, data=3387, lr=0.001)
Train acc: 61.09, loss: 0.582 
result accuracy by length:
1 ( 2%) 100.00
3 ( 2%) 46.00
5 ( 2%) 29.46
7 ( 4%) 24.45
9 ( 4%) 26.63
11 ( 3%) 25.57
13 ( 4%) 18.06
15 ( 4%) 22.28
17 ( 4%) 19.90
19 ( 4%) 23.04
21 ( 4%) 21.21
23 ( 4%) 22.44
25 ( 4%) 17.00
27 ( 4%) 29.06
29 ( 3%) 25.65
31 ( 3%) 20.83
33 ( 2%) 15.00
35 ( 2%) 19.86
37 ( 2%) 24.79
39 ( 3%) 17.11
41 ( 3%) 23.49
43 ( 2%) 21.01
45 ( 2%) 17.86
47 ( 2%) 24.24
49 ( 2%) 20.42
51 ( 2%) 23.48
53 ( 2%) 18.66
55 ( 2%) 13.45
57 ( 2%) 22.38
59 ( 2%) 14.95
61 ( 1%) 23.44
63 ( 0%) 22.86
65 ( 0%) 33.33
67 ( 0%) 33.33
result accuracy by symbol:
( (91%) 21.52
) (91%) 21.52
* (87%) 20.88
+ (84%) 19.93
- (77%) 24.80
/ (76%) 22.34
0 (52%) 25.74
1 (60%) 22.99
2 (61%) 22.16
3 (62%) 21.90
4 (61%) 21.43
5 (62%) 21.13
6 (62%) 21.27
7 (63%) 20.89
8 (64%) 19.90
9 (63%) 20.18
result accuracy by digit:
0 ( 0%) 100.00
1 ( 0%) 100.00
2 ( 0%) 100.00
3 ( 0%) 100.00
4 ( 0%) 100.00
5 ( 0%) 100.00
6 ( 0%) 100.00
7 ( 0%) 100.00
8 ( 0%) 100.00
9 ( 0%) 100.00
result accuracy by result:
0 (21%) 92.29
1 (10%) 14.42
2 ( 4%)  7.07
3 ( 2%) 11.11
4 ( 2%)  9.02
5 ( 2%) 10.00
6 ( 2%) 11.30
7 ( 2%)  8.85
8 ( 2%) 10.26
9 ( 1%) 17.44
result accuracy by generalization:
1 (22.45%) 41.82
2 (22.96%) 34.49
3 (22.53%)  0.54
4 (15.82%) 40.65
5 (16.24%)  0.38
error cases:
5-0 [1, -1, 1] 5 0
8+3 [1, -1, 1] 11 8
9-7 [1, -1, 1] 2 0
6*4 [1, -1, 1] 24 48
9-3 [1, -1, 1] 6 0
3+2 [1, -1, 1] 5 11
6/4 [1, -1, 1] 2 1
6/3 [1, -1, 1] 2 1
9+3 [1, -1, 1] 12 9
0+1 [1, -1, 1] 1 6
val (Perception Acc=0.00, Head Acc=0.00, Result Acc=23.92)
Epoch time: 0m 16s
------------------------------
Epoch 40/499 (max_len=11, data=4683, lr=0.001)
Train acc: 53.23, loss: 0.761 
Epoch time: 0m 3s
------------------------------
Epoch 41/499 (max_len=11, data=4683, lr=0.001)
Train acc: 53.91, loss: 0.744 
Epoch time: 0m 3s
------------------------------
Epoch 42/499 (max_len=11, data=4683, lr=0.001)
Train acc: 54.65, loss: 0.722 
Epoch time: 0m 3s
------------------------------
Epoch 43/499 (max_len=11, data=4683, lr=0.001)
Train acc: 55.70, loss: 0.708 
Epoch time: 0m 3s
------------------------------
Epoch 44/499 (max_len=11, data=4683, lr=0.001)
Train acc: 56.45, loss: 0.691 
Epoch time: 0m 3s
------------------------------
Epoch 45/499 (max_len=11, data=4683, lr=0.001)
Train acc: 57.21, loss: 0.680 
Epoch time: 0m 3s
------------------------------
Epoch 46/499 (max_len=11, data=4683, lr=0.001)
Train acc: 57.95, loss: 0.661 
Epoch time: 0m 3s
------------------------------
Epoch 47/499 (max_len=11, data=4683, lr=0.001)
Train acc: 58.74, loss: 0.640 
Epoch time: 0m 3s
------------------------------
Epoch 48/499 (max_len=11, data=4683, lr=0.001)
Train acc: 59.56, loss: 0.631 
Epoch time: 0m 3s
------------------------------
Epoch 49/499 (max_len=11, data=4683, lr=0.001)
Train acc: 59.88, loss: 0.620 
result accuracy by length:
1 ( 2%) 100.00
3 ( 2%) 76.00
5 ( 2%) 31.78
7 ( 4%) 26.20
9 ( 4%) 25.63
11 ( 3%) 29.55
13 ( 4%) 18.52
15 ( 4%) 22.77
17 ( 4%) 20.39
19 ( 4%) 25.98
21 ( 4%) 22.73
23 ( 4%) 22.93
25 ( 4%) 15.00
27 ( 4%) 29.06
29 ( 3%) 26.70
31 ( 3%) 21.43
33 ( 2%) 16.43
35 ( 2%) 19.86
37 ( 2%) 26.50
39 ( 3%) 16.45
41 ( 3%) 24.83
43 ( 2%) 20.29
45 ( 2%) 18.75
47 ( 2%) 25.76
49 ( 2%) 21.83
51 ( 2%) 28.03
53 ( 2%) 18.66
55 ( 2%) 15.13
57 ( 2%) 21.68
59 ( 2%) 14.95
61 ( 1%) 26.56
63 ( 0%) 20.00
65 ( 0%) 33.33
67 ( 0%) 33.33
result accuracy by symbol:
( (91%) 22.44
) (91%) 22.44
* (87%) 21.83
+ (84%) 21.35
- (77%) 25.04
/ (76%) 23.49
0 (52%) 26.13
1 (60%) 23.66
2 (61%) 22.92
3 (62%) 22.82
4 (61%) 22.22
5 (62%) 22.36
6 (62%) 21.92
7 (63%) 21.89
8 (64%) 21.05
9 (63%) 21.07
result accuracy by digit:
0 ( 0%) 100.00
1 ( 0%) 100.00
2 ( 0%) 100.00
3 ( 0%) 100.00
4 ( 0%) 100.00
5 ( 0%) 100.00
6 ( 0%) 100.00
7 ( 0%) 100.00
8 ( 0%) 100.00
9 ( 0%) 100.00
result accuracy by result:
0 (21%) 83.33
1 (10%) 37.64
2 ( 4%)  7.58
3 ( 2%) 12.59
4 ( 2%)  9.77
5 ( 2%) 18.00
6 ( 2%) 13.04
7 ( 2%) 10.62
8 ( 2%) 11.11
9 ( 1%) 23.26
result accuracy by generalization:
1 (22.45%) 44.91
2 (22.96%) 35.38
3 (22.53%)  1.81
4 (15.82%) 40.26
5 (16.24%)  2.39
error cases:
3/5 [1, -1, 1] 1 2
9-7 [1, -1, 1] 2 0
9-3 [1, -1, 1] 6 0
6/4 [1, -1, 1] 2 1
6/3 [1, -1, 1] 2 1
8-1 [1, -1, 1] 7 8
5-1 [1, -1, 1] 4 0
7/2 [1, -1, 1] 4 1
3+3 [1, -1, 1] 6 1
7-1 [1, -1, 1] 6 0
val (Perception Acc=0.00, Head Acc=0.00, Result Acc=25.37)
Epoch time: 0m 17s
------------------------------
Epoch 50/499 (max_len=11, data=4683, lr=0.001)
Train acc: 60.23, loss: 0.607 
Epoch time: 0m 3s
------------------------------
Epoch 51/499 (max_len=11, data=4683, lr=0.001)
Train acc: 60.80, loss: 0.609 
Epoch time: 0m 3s
------------------------------
Epoch 52/499 (max_len=11, data=4683, lr=0.001)
Train acc: 61.73, loss: 0.586 
Epoch time: 0m 3s
------------------------------
Epoch 53/499 (max_len=11, data=4683, lr=0.001)
Train acc: 62.39, loss: 0.574 
Epoch time: 0m 3s
------------------------------
Epoch 54/499 (max_len=11, data=4683, lr=0.001)
Train acc: 62.39, loss: 0.566 
Epoch time: 0m 3s
------------------------------
Epoch 55/499 (max_len=11, data=4683, lr=0.001)
Train acc: 63.45, loss: 0.552 
Epoch time: 0m 3s
------------------------------
Epoch 56/499 (max_len=11, data=4683, lr=0.001)
Train acc: 64.03, loss: 0.538 
Epoch time: 0m 3s
------------------------------
Epoch 57/499 (max_len=11, data=4683, lr=0.001)
Train acc: 65.15, loss: 0.522 
Epoch time: 0m 3s
------------------------------
Epoch 58/499 (max_len=11, data=4683, lr=0.001)
Train acc: 66.23, loss: 0.511 
Epoch time: 0m 3s
------------------------------
Epoch 59/499 (max_len=11, data=4683, lr=0.001)
Train acc: 66.69, loss: 0.499 
result accuracy by length:
1 ( 2%) 100.00
3 ( 2%) 88.00
5 ( 2%) 30.23
7 ( 4%) 27.95
9 ( 4%) 30.15
11 ( 3%) 28.41
13 ( 4%) 20.37
15 ( 4%) 27.23
17 ( 4%) 20.39
19 ( 4%) 24.02
21 ( 4%) 23.74
23 ( 4%) 20.00
25 ( 4%) 17.00
27 ( 4%) 29.06
29 ( 3%) 27.23
31 ( 3%) 22.62
33 ( 2%) 16.43
35 ( 2%) 21.92
37 ( 2%) 22.22
39 ( 3%) 17.76
41 ( 3%) 22.82
43 ( 2%) 20.29
45 ( 2%) 20.54
47 ( 2%) 25.76
49 ( 2%) 21.83
51 ( 2%) 28.79
53 ( 2%) 23.88
55 ( 2%) 15.97
57 ( 2%) 21.68
59 ( 2%) 14.95
61 ( 1%) 26.56
63 ( 0%) 20.00
65 ( 0%) 44.44
67 ( 0%) 33.33
result accuracy by symbol:
( (91%) 23.09
) (91%) 23.09
* (87%) 22.44
+ (84%) 22.05
- (77%) 25.72
/ (76%) 24.26
0 (52%) 26.91
1 (60%) 24.97
2 (61%) 23.72
3 (62%) 23.38
4 (61%) 23.18
5 (62%) 22.59
6 (62%) 22.77
7 (63%) 22.83
8 (64%) 21.85
9 (63%) 21.10
result accuracy by digit:
0 ( 0%) 100.00
1 ( 0%) 100.00
2 ( 0%) 100.00
3 ( 0%) 100.00
4 ( 0%) 100.00
5 ( 0%) 100.00
6 ( 0%) 100.00
7 ( 0%) 100.00
8 ( 0%) 100.00
9 ( 0%) 100.00
result accuracy by result:
0 (21%) 88.29
1 (10%) 29.96
2 ( 4%) 14.65
3 ( 2%) 11.85
4 ( 2%) 12.03
5 ( 2%) 18.00
6 ( 2%) 14.78
7 ( 2%) 16.81
8 ( 2%) 12.82
9 ( 1%) 22.09
result accuracy by generalization:
1 (22.45%) 48.09
2 (22.96%) 35.38
3 (22.53%)  1.45
4 (15.82%) 41.94
5 (16.24%)  2.14
error cases:
3/5 [1, -1, 1] 1 2
9-3 [1, -1, 1] 6 2
6/4 [1, -1, 1] 2 1
0+3 [1, -1, 1] 3 0
6/3 [1, -1, 1] 2 1
3-5 [1, -1, 1] 0 2
9+7 [1, -1, 1] 16 12
7/3 [1, -1, 1] 3 1
9-6 [1, -1, 1] 3 0
7-3 [1, -1, 1] 4 0
val (Perception Acc=0.00, Head Acc=0.00, Result Acc=26.22)
Epoch time: 0m 17s
------------------------------
Epoch 60/499 (max_len=15, data=6058, lr=0.001)
Train acc: 58.88, loss: 0.689 
Epoch time: 0m 4s
------------------------------
Epoch 61/499 (max_len=15, data=6058, lr=0.001)
Train acc: 59.16, loss: 0.672 
Epoch time: 0m 4s
------------------------------
Epoch 62/499 (max_len=15, data=6058, lr=0.001)
Train acc: 60.18, loss: 0.654 
Epoch time: 0m 5s
------------------------------
Epoch 63/499 (max_len=15, data=6058, lr=0.001)
Train acc: 60.38, loss: 0.641 
Epoch time: 0m 4s
------------------------------
Epoch 64/499 (max_len=15, data=6058, lr=0.001)
Train acc: 60.36, loss: 0.636 
Epoch time: 0m 4s
------------------------------
Epoch 65/499 (max_len=15, data=6058, lr=0.001)
Train acc: 61.13, loss: 0.616 
Epoch time: 0m 4s
------------------------------
Epoch 66/499 (max_len=15, data=6058, lr=0.001)
Train acc: 61.41, loss: 0.605 
Epoch time: 0m 4s
------------------------------
Epoch 67/499 (max_len=15, data=6058, lr=0.001)
Train acc: 61.56, loss: 0.601 
Epoch time: 0m 4s
------------------------------
Epoch 68/499 (max_len=15, data=6058, lr=0.001)
Train acc: 62.55, loss: 0.586 
Epoch time: 0m 4s
------------------------------
Epoch 69/499 (max_len=15, data=6058, lr=0.001)
Train acc: 62.56, loss: 0.578 
result accuracy by length:
1 ( 2%) 100.00
3 ( 2%) 96.00
5 ( 2%) 32.56
7 ( 4%) 24.89
9 ( 4%) 27.64
11 ( 3%) 23.86
13 ( 4%) 18.06
15 ( 4%) 16.83
17 ( 4%) 14.08
19 ( 4%) 17.16
21 ( 4%) 16.67
23 ( 4%) 13.66
25 ( 4%) 12.50
27 ( 4%) 17.24
29 ( 3%) 16.23
31 ( 3%) 16.07
33 ( 2%) 11.43
35 ( 2%) 15.75
37 ( 2%) 17.95
39 ( 3%) 13.16
41 ( 3%) 19.46
43 ( 2%) 15.94
45 ( 2%)  9.82
47 ( 2%) 18.94
49 ( 2%) 12.68
51 ( 2%) 20.45
53 ( 2%) 17.91
55 ( 2%) 13.45
57 ( 2%) 18.88
59 ( 2%) 13.08
61 ( 1%) 21.88
63 ( 0%) 20.00
65 ( 0%) 33.33
67 ( 0%)  0.00
result accuracy by symbol:
( (91%) 17.19
) (91%) 17.19
* (87%) 16.11
+ (84%) 16.59
- (77%) 19.16
/ (76%) 19.07
0 (52%) 20.00
1 (60%) 18.67
2 (61%) 18.01
3 (62%) 17.90
4 (61%) 16.48
5 (62%) 16.57
6 (62%) 16.82
7 (63%) 18.15
8 (64%) 16.97
9 (63%) 15.58
result accuracy by digit:
0 ( 0%) 100.00
1 ( 0%) 100.00
2 ( 0%) 100.00
3 ( 0%) 100.00
4 ( 0%) 100.00
5 ( 0%) 100.00
6 ( 0%) 100.00
7 ( 0%) 100.00
8 ( 0%) 100.00
9 ( 0%) 100.00
result accuracy by result:
0 (21%) 64.95
1 (10%) 22.66
2 ( 4%) 10.10
3 ( 2%) 17.78
4 ( 2%) 12.78
5 ( 2%) 21.00
6 ( 2%) 18.26
7 ( 2%) 15.04
8 ( 2%) 10.26
9 ( 1%) 25.58
result accuracy by generalization:
1 (22.45%) 42.91
2 (22.96%) 25.33
3 (22.53%)  1.00
4 (15.82%) 31.48
5 (16.24%)  1.63
error cases:
6/4 [1, -1, 1] 2 1
2*4 [1, -1, 1] 8 18
3-5 [1, -1, 1] 0 2
3-2 [1, -1, 1] 1 5
(0+9)/7 [2, 2, 5, 2, 2, -1, 5] 2 1
7*(6-1) [1, -1, 4, 4, 1, 4, 4] 35 56
2*3*2 [1, 3, 1, -1, 3] 12 16
7*(5/9) [1, -1, 4, 4, 1, 4, 4] 7 47
4*9+7 [1, 3, 1, -1, 3] 43 63
5+2/6 [1, -1, 3, 1, 3] 6 3
val (Perception Acc=0.00, Head Acc=0.00, Result Acc=20.92)
Epoch time: 0m 19s
------------------------------
Epoch 70/499 (max_len=15, data=6058, lr=0.001)
Train acc: 62.86, loss: 0.563 
Epoch time: 0m 4s
------------------------------
Epoch 71/499 (max_len=15, data=6058, lr=0.001)
Train acc: 62.96, loss: 0.566 
Epoch time: 0m 5s
------------------------------
Epoch 72/499 (max_len=15, data=6058, lr=0.001)
Train acc: 63.56, loss: 0.556 
Epoch time: 0m 4s
------------------------------
Epoch 73/499 (max_len=15, data=6058, lr=0.001)
Train acc: 63.82, loss: 0.546 
Epoch time: 0m 4s
------------------------------
Epoch 74/499 (max_len=15, data=6058, lr=0.001)
Train acc: 64.54, loss: 0.543 
Epoch time: 0m 4s
------------------------------
Epoch 75/499 (max_len=15, data=6058, lr=0.001)
Train acc: 64.77, loss: 0.533 
Epoch time: 0m 5s
------------------------------
Epoch 76/499 (max_len=15, data=6058, lr=0.001)
Train acc: 65.17, loss: 0.522 
Epoch time: 0m 4s
------------------------------
Epoch 77/499 (max_len=15, data=6058, lr=0.001)
Train acc: 64.86, loss: 0.518 
Epoch time: 0m 4s
------------------------------
Epoch 78/499 (max_len=15, data=6058, lr=0.001)
Train acc: 66.54, loss: 0.502 
Epoch time: 0m 4s
------------------------------
Epoch 79/499 (max_len=15, data=6058, lr=0.001)
Train acc: 66.34, loss: 0.501 
result accuracy by length:
1 ( 2%) 100.00
3 ( 2%) 100.00
5 ( 2%) 39.53
7 ( 4%) 31.00
9 ( 4%) 33.67
11 ( 3%) 31.82
13 ( 4%) 25.00
15 ( 4%) 24.26
17 ( 4%) 17.96
19 ( 4%) 22.06
21 ( 4%) 25.25
23 ( 4%) 23.90
25 ( 4%) 15.50
27 ( 4%) 26.11
29 ( 3%) 23.04
31 ( 3%) 20.83
33 ( 2%) 16.43
35 ( 2%) 17.12
37 ( 2%) 18.80
39 ( 3%) 16.45
41 ( 3%) 21.48
43 ( 2%) 13.77
45 ( 2%) 12.50
47 ( 2%) 20.45
49 ( 2%) 14.08
51 ( 2%) 18.94
53 ( 2%) 18.66
55 ( 2%) 11.76
57 ( 2%) 16.08
59 ( 2%) 11.21
61 ( 1%) 15.62
63 ( 0%) 14.29
65 ( 0%) 22.22
67 ( 0%)  0.00
result accuracy by symbol:
( (91%) 21.01
) (91%) 21.01
* (87%) 20.04
+ (84%) 19.91
- (77%) 23.07
/ (76%) 22.37
0 (52%) 23.63
1 (60%) 21.95
2 (61%) 21.20
3 (62%) 21.05
4 (61%) 19.83
5 (62%) 20.31
6 (62%) 19.86
7 (63%) 20.47
8 (64%) 19.78
9 (63%) 18.84
result accuracy by digit:
0 ( 0%) 100.00
1 ( 0%) 100.00
2 ( 0%) 100.00
3 ( 0%) 100.00
4 ( 0%) 100.00
5 ( 0%) 100.00
6 ( 0%) 100.00
7 ( 0%) 100.00
8 ( 0%) 100.00
9 ( 0%) 100.00
result accuracy by result:
0 (21%) 79.14
1 (10%) 24.34
2 ( 4%) 13.13
3 ( 2%) 23.70
4 ( 2%) 13.53
5 ( 2%) 22.00
6 ( 2%) 18.26
7 ( 2%) 18.58
8 ( 2%) 11.97
9 ( 1%) 27.91
result accuracy by generalization:
1 (22.45%) 52.27
2 (22.96%) 33.42
3 (22.53%)  1.00
4 (15.82%) 31.23
5 (16.24%)  1.38
error cases:
8*(8/5) [1, -1, 4, 4, 1, 4, 4] 16 32
7*(6-1) [1, -1, 4, 4, 1, 4, 4] 35 0
4-(0+8) [1, -1, 4, 4, 1, 4, 4] 0 4
2*3*2 [1, 3, 1, -1, 3] 12 16
4*9+7 [1, 3, 1, -1, 3] 43 33
4+8+6 [1, 3, 1, -1, 3] 18 20
2*9-7 [1, 3, 1, -1, 3] 11 0
9/(9-2) [1, -1, 4, 4, 1, 4, 4] 2 1
7*6+9 [1, 3, 1, -1, 3] 51 55
5*(6/3) [1, -1, 4, 4, 1, 4, 4] 10 15
val (Perception Acc=0.00, Head Acc=0.00, Result Acc=24.80)
Epoch time: 0m 18s
------------------------------
Epoch 80/499 (max_len=inf, data=11170, lr=0.001)
Train acc: 51.85, loss: 0.881 
Epoch time: 0m 13s
------------------------------
Epoch 81/499 (max_len=inf, data=11170, lr=0.001)
Train acc: 51.93, loss: 0.851 
Epoch time: 0m 12s
------------------------------
Epoch 82/499 (max_len=inf, data=11170, lr=0.001)
Train acc: 52.66, loss: 0.844 
Epoch time: 0m 13s
------------------------------
Epoch 83/499 (max_len=inf, data=11170, lr=0.001)
Train acc: 52.50, loss: 0.835 
Epoch time: 0m 13s
------------------------------
Epoch 84/499 (max_len=inf, data=11170, lr=0.001)
Train acc: 53.60, loss: 0.825 
Epoch time: 0m 13s
------------------------------
Epoch 85/499 (max_len=inf, data=11170, lr=0.001)
Train acc: 52.92, loss: 0.815 
Epoch time: 0m 13s
------------------------------
Epoch 86/499 (max_len=inf, data=11170, lr=0.001)
Train acc: 53.44, loss: 0.813 
Epoch time: 0m 13s
------------------------------
Epoch 87/499 (max_len=inf, data=11170, lr=0.001)
Train acc: 53.69, loss: 0.807 
Epoch time: 0m 13s
------------------------------
Epoch 88/499 (max_len=inf, data=11170, lr=0.001)
Train acc: 53.32, loss: 0.800 
Epoch time: 0m 13s
------------------------------
Epoch 89/499 (max_len=inf, data=11170, lr=0.001)
Train acc: 54.41, loss: 0.793 
result accuracy by length:
1 ( 2%) 100.00
3 ( 2%) 93.00
5 ( 2%) 35.66
7 ( 4%) 31.88
9 ( 4%) 28.64
11 ( 3%) 31.25
13 ( 4%) 25.93
15 ( 4%) 25.74
17 ( 4%) 21.84
19 ( 4%) 25.98
21 ( 4%) 27.27
23 ( 4%) 26.83
25 ( 4%) 17.50
27 ( 4%) 31.53
29 ( 3%) 26.70
31 ( 3%) 23.21
33 ( 2%) 15.71
35 ( 2%) 22.60
37 ( 2%) 26.50
39 ( 3%) 19.74
41 ( 3%) 24.83
43 ( 2%) 20.29
45 ( 2%) 17.86
47 ( 2%) 26.52
49 ( 2%) 23.24
51 ( 2%) 24.24
53 ( 2%) 22.39
55 ( 2%) 15.97
57 ( 2%) 21.68
59 ( 2%) 16.82
61 ( 1%) 25.00
63 ( 0%) 25.71
65 ( 0%) 33.33
67 ( 0%) 33.33
result accuracy by symbol:
( (91%) 24.36
) (91%) 24.36
* (87%) 23.32
+ (84%) 23.25
- (77%) 27.19
/ (76%) 25.81
0 (52%) 28.59
1 (60%) 26.41
2 (61%) 24.85
3 (62%) 24.79
4 (61%) 23.75
5 (62%) 24.02
6 (62%) 23.69
7 (63%) 23.86
8 (64%) 22.42
9 (63%) 22.61
result accuracy by digit:
0 ( 0%) 100.00
1 ( 0%) 100.00
2 ( 0%) 100.00
3 ( 0%) 100.00
4 ( 0%) 100.00
5 ( 0%) 100.00
6 ( 0%) 100.00
7 ( 0%) 100.00
8 ( 0%) 100.00
9 ( 0%) 100.00
result accuracy by result:
0 (21%) 93.05
1 (10%) 27.34
2 ( 4%) 15.15
3 ( 2%) 18.52
4 ( 2%) 12.03
5 ( 2%) 24.00
6 ( 2%) 17.39
7 ( 2%) 17.70
8 ( 2%) 13.68
9 ( 1%) 26.74
result accuracy by generalization:
1 (22.45%) 53.64
2 (22.96%) 36.53
3 (22.53%)  1.18
4 (15.82%) 43.23
5 (16.24%)  0.88
error cases:
8+3 [1, -1, 1] 11 14
9-7 [1, -1, 1] 2 0
7/2 [1, -1, 1] 4 1
3*3 [1, -1, 1] 9 19
7/3 [1, -1, 1] 3 1
3-2 [1, -1, 1] 1 0
7+7 [1, -1, 1] 14 9
7/3-4 [1, 3, 1, -1, 3] 0 2
(0+9)/7 [2, 2, 5, 2, 2, -1, 5] 2 1
2*3*2 [1, 3, 1, -1, 3] 12 16
val (Perception Acc=0.00, Head Acc=0.00, Result Acc=27.67)
Epoch time: 0m 28s
------------------------------
Epoch 90/499 (max_len=inf, data=11170, lr=0.001)
Train acc: 53.98, loss: 0.793 
Epoch time: 0m 13s
------------------------------
Epoch 91/499 (max_len=inf, data=11170, lr=0.001)
Train acc: 53.41, loss: 0.786 
Epoch time: 0m 13s
------------------------------
Epoch 92/499 (max_len=inf, data=11170, lr=0.001)
Train acc: 53.40, loss: 0.805 
Epoch time: 0m 13s
------------------------------
Epoch 93/499 (max_len=inf, data=11170, lr=0.001)
Train acc: 52.15, loss: 0.807 
Epoch time: 0m 13s
------------------------------
Epoch 94/499 (max_len=inf, data=11170, lr=0.001)
Train acc: 53.44, loss: 0.806 
Epoch time: 0m 13s
------------------------------
Epoch 95/499 (max_len=inf, data=11170, lr=0.001)
Train acc: 53.79, loss: 0.794 
Epoch time: 0m 13s
------------------------------
Epoch 96/499 (max_len=inf, data=11170, lr=0.001)
Train acc: 53.89, loss: 0.789 
Epoch time: 0m 13s
------------------------------
Epoch 97/499 (max_len=inf, data=11170, lr=0.001)
Train acc: 54.28, loss: 0.779 
Epoch time: 0m 13s
------------------------------
Epoch 98/499 (max_len=inf, data=11170, lr=0.001)
Train acc: 54.39, loss: 0.770 
Epoch time: 0m 13s
------------------------------
Epoch 99/499 (max_len=inf, data=11170, lr=0.001)
Train acc: 54.73, loss: 0.764 
result accuracy by length:
1 ( 2%) 100.00
3 ( 2%) 96.00
5 ( 2%) 35.66
7 ( 4%) 31.00
9 ( 4%) 33.17
11 ( 3%) 32.39
13 ( 4%) 25.93
15 ( 4%) 26.73
17 ( 4%) 22.82
19 ( 4%) 27.45
21 ( 4%) 25.76
23 ( 4%) 25.85
25 ( 4%) 18.00
27 ( 4%) 31.03
29 ( 3%) 27.75
31 ( 3%) 23.21
33 ( 2%) 17.14
35 ( 2%) 21.92
37 ( 2%) 24.79
39 ( 3%) 19.08
41 ( 3%) 25.50
43 ( 2%) 21.01
45 ( 2%) 19.64
47 ( 2%) 25.76
49 ( 2%) 23.24
51 ( 2%) 24.24
53 ( 2%) 22.39
55 ( 2%) 15.97
57 ( 2%) 20.98
59 ( 2%) 16.82
61 ( 1%) 25.00
63 ( 0%) 28.57
65 ( 0%) 33.33
67 ( 0%) 33.33
result accuracy by symbol:
( (91%) 24.67
) (91%) 24.67
* (87%) 23.62
+ (84%) 23.59
- (77%) 27.32
/ (76%) 25.99
0 (52%) 28.87
1 (60%) 26.61
2 (61%) 25.28
3 (62%) 25.05
4 (61%) 24.28
5 (62%) 23.70
6 (62%) 23.98
7 (63%) 24.12
8 (64%) 22.64
9 (63%) 22.86
result accuracy by digit:
0 ( 0%) 100.00
1 ( 0%) 100.00
2 ( 0%) 100.00
3 ( 0%) 100.00
4 ( 0%) 100.00
5 ( 0%) 100.00
6 ( 0%) 100.00
7 ( 0%) 100.00
8 ( 0%) 100.00
9 ( 0%) 100.00
result accuracy by result:
0 (21%) 96.19
1 (10%) 23.03
2 ( 4%) 14.65
3 ( 2%) 21.48
4 ( 2%) 15.04
5 ( 2%) 21.00
6 ( 2%) 18.26
7 ( 2%) 19.47
8 ( 2%) 11.97
9 ( 1%) 25.58
result accuracy by generalization:
1 (22.45%) 54.64
2 (22.96%) 37.33
3 (22.53%)  0.72
4 (15.82%) 44.00
5 (16.24%)  0.38
error cases:
4*6 [1, -1, 1] 24 4
3-5 [1, -1, 1] 0 2
3-2 [1, -1, 1] 1 5
4*5 [1, -1, 1] 20 24
(0+9)/7 [2, 2, 5, 2, 2, -1, 5] 2 1
7*(6-1) [1, -1, 4, 4, 1, 4, 4] 35 5
4-(0+8) [1, -1, 4, 4, 1, 4, 4] 0 4
0-5+9 [1, 3, 1, -1, 3] 9 5
4+8+6 [1, 3, 1, -1, 3] 18 30
9-(8-0) [1, -1, 4, 4, 1, 4, 4] 1 8
val (Perception Acc=0.00, Head Acc=0.00, Result Acc=28.02)
Epoch time: 0m 27s
------------------------------
Epoch 100/499 (max_len=inf, data=11170, lr=0.001)
Train acc: 54.98, loss: 0.758 
Epoch time: 0m 13s
------------------------------
Epoch 101/499 (max_len=inf, data=11170, lr=0.001)
Train acc: 55.52, loss: 0.750 
Epoch time: 0m 13s
------------------------------
Epoch 102/499 (max_len=inf, data=11170, lr=0.001)
Train acc: 55.37, loss: 0.743 
Epoch time: 0m 13s
------------------------------
Epoch 103/499 (max_len=inf, data=11170, lr=0.001)
Train acc: 55.78, loss: 0.739 
Epoch time: 0m 13s
------------------------------
Epoch 104/499 (max_len=inf, data=11170, lr=0.001)
Train acc: 52.18, loss: 0.735 
Epoch time: 0m 13s
------------------------------
Epoch 105/499 (max_len=inf, data=11170, lr=0.001)
Train acc: 55.36, loss: 0.733 
Epoch time: 0m 13s
------------------------------
Epoch 106/499 (max_len=inf, data=11170, lr=0.001)
Train acc: 55.98, loss: 0.730 
Epoch time: 0m 13s
------------------------------
Epoch 107/499 (max_len=inf, data=11170, lr=0.001)
Train acc: 56.22, loss: 0.718 
Epoch time: 0m 13s
------------------------------
Epoch 108/499 (max_len=inf, data=11170, lr=0.001)
Train acc: 56.26, loss: 0.719 
Epoch time: 0m 13s
------------------------------
Epoch 109/499 (max_len=inf, data=11170, lr=0.001)
Train acc: 53.70, loss: 0.720 
result accuracy by length:
1 ( 2%) 100.00
3 ( 2%) 97.00
5 ( 2%) 40.31
7 ( 4%) 34.06
9 ( 4%) 31.16
11 ( 3%) 29.55
13 ( 4%) 24.54
15 ( 4%) 24.26
17 ( 4%) 22.82
19 ( 4%) 27.45
21 ( 4%) 29.29
23 ( 4%) 26.83
25 ( 4%) 18.00
27 ( 4%) 32.02
29 ( 3%) 28.27
31 ( 3%) 23.21
33 ( 2%) 17.14
35 ( 2%) 21.92
37 ( 2%) 25.64
39 ( 3%) 17.76
41 ( 3%) 26.85
43 ( 2%) 21.01
45 ( 2%) 20.54
47 ( 2%) 26.52
49 ( 2%) 23.24
51 ( 2%) 24.24
53 ( 2%) 22.39
55 ( 2%) 15.97
57 ( 2%) 21.68
59 ( 2%) 16.82
61 ( 1%) 25.00
63 ( 0%) 28.57
65 ( 0%) 33.33
67 ( 0%) 33.33
result accuracy by symbol:
( (91%) 24.80
) (91%) 24.80
* (87%) 23.83
+ (84%) 23.59
- (77%) 27.61
/ (76%) 26.10
0 (52%) 29.02
1 (60%) 26.24
2 (61%) 25.35
3 (62%) 24.98
4 (61%) 24.84
5 (62%) 24.12
6 (62%) 24.34
7 (63%) 24.18
8 (64%) 22.87
9 (63%) 23.08
result accuracy by digit:
0 ( 0%) 100.00
1 ( 0%) 100.00
2 ( 0%) 100.00
3 ( 0%) 100.00
4 ( 0%) 100.00
5 ( 0%) 100.00
6 ( 0%) 100.00
7 ( 0%) 100.00
8 ( 0%) 100.00
9 ( 0%) 100.00
result accuracy by result:
0 (21%) 93.43
1 (10%) 25.66
2 ( 4%) 18.18
3 ( 2%) 25.19
4 ( 2%) 15.04
5 ( 2%) 25.00
6 ( 2%) 19.13
7 ( 2%) 22.12
8 ( 2%) 12.82
9 ( 1%) 26.74
result accuracy by generalization:
1 (22.45%) 55.64
2 (22.96%) 36.89
3 (22.53%)  1.09
4 (15.82%) 43.87
5 (16.24%)  0.88
error cases:
0+1 [1, -1, 1] 1 9
3-5 [1, -1, 1] 0 2
1-1 [1, -1, 1] 0 1
1*8+5 [1, 3, 1, -1, 3] 13 56
5+2/6 [1, -1, 3, 1, 3] 6 7
4+4-2 [1, 3, 1, -1, 3] 6 0
8/(2*5) [1, -1, 4, 4, 1, 4, 4] 1 2
4+8+6 [1, 3, 1, -1, 3] 18 23
1-7/1 [1, -1, 3, 1, 3] 0 1
2*9-7 [1, 3, 1, -1, 3] 11 51
val (Perception Acc=0.00, Head Acc=0.00, Result Acc=28.29)
Epoch time: 0m 27s
------------------------------
Epoch 110/499 (max_len=inf, data=11170, lr=0.001)
Train acc: 56.06, loss: 0.711 
Epoch time: 0m 13s
------------------------------
Epoch 111/499 (max_len=inf, data=11170, lr=0.001)
Train acc: 57.15, loss: 0.704 
Epoch time: 0m 14s
------------------------------
Epoch 112/499 (max_len=inf, data=11170, lr=0.001)
Train acc: 53.54, loss: 0.698 
Epoch time: 0m 13s
------------------------------
Epoch 113/499 (max_len=inf, data=11170, lr=0.001)
Train acc: 53.05, loss: 0.693 
Epoch time: 0m 13s
------------------------------
Epoch 114/499 (max_len=inf, data=11170, lr=0.001)
Train acc: 56.80, loss: 0.687 
Epoch time: 0m 13s
------------------------------
Epoch 115/499 (max_len=inf, data=11170, lr=0.001)
Train acc: 51.86, loss: 0.687 
Epoch time: 0m 13s
------------------------------
Epoch 116/499 (max_len=inf, data=11170, lr=0.001)
Train acc: 54.96, loss: 0.693 
Epoch time: 0m 13s
------------------------------
Epoch 117/499 (max_len=inf, data=11170, lr=0.001)
Train acc: 57.48, loss: 0.679 
Epoch time: 0m 13s
------------------------------
Epoch 118/499 (max_len=inf, data=11170, lr=0.001)
Train acc: 56.85, loss: 0.672 
Epoch time: 0m 13s
------------------------------
Epoch 119/499 (max_len=inf, data=11170, lr=0.001)
Train acc: 58.18, loss: 0.665 
result accuracy by length:
1 ( 2%) 100.00
3 ( 2%) 99.00
5 ( 2%) 41.09
7 ( 4%) 38.43
9 ( 4%) 34.67
11 ( 3%) 30.68
13 ( 4%) 23.61
15 ( 4%) 29.21
17 ( 4%) 22.82
19 ( 4%) 29.41
21 ( 4%) 27.78
23 ( 4%) 26.34
25 ( 4%) 18.00
27 ( 4%) 32.02
29 ( 3%) 26.18
31 ( 3%) 25.00
33 ( 2%) 17.14
35 ( 2%) 22.60
37 ( 2%) 24.79
39 ( 3%) 19.08
41 ( 3%) 25.50
43 ( 2%) 21.01
45 ( 2%) 20.54
47 ( 2%) 25.76
49 ( 2%) 23.24
51 ( 2%) 23.48
53 ( 2%) 22.39
55 ( 2%) 16.81
57 ( 2%) 21.68
59 ( 2%) 16.82
61 ( 1%) 25.00
63 ( 0%) 28.57
65 ( 0%) 33.33
67 ( 0%) 33.33
result accuracy by symbol:
( (91%) 25.14
) (91%) 25.14
* (87%) 24.25
+ (84%) 24.16
- (77%) 27.93
/ (76%) 26.79
0 (52%) 29.06
1 (60%) 27.01
2 (61%) 25.45
3 (62%) 25.51
4 (61%) 24.94
5 (62%) 24.84
6 (62%) 24.14
7 (63%) 24.96
8 (64%) 23.22
9 (63%) 23.18
result accuracy by digit:
0 ( 0%) 100.00
1 ( 0%) 100.00
2 ( 0%) 100.00
3 ( 0%) 100.00
4 ( 0%) 100.00
5 ( 0%) 100.00
6 ( 0%) 100.00
7 ( 0%) 100.00
8 ( 0%) 100.00
9 ( 0%) 100.00
result accuracy by result:
0 (21%) 93.43
1 (10%) 26.22
2 ( 4%) 22.73
3 ( 2%) 22.22
4 ( 2%) 15.79
5 ( 2%) 24.00
6 ( 2%) 26.09
7 ( 2%) 26.55
8 ( 2%) 11.97
9 ( 1%) 32.56
result accuracy by generalization:
1 (22.45%) 59.36
2 (22.96%) 35.38
3 (22.53%)  1.54
4 (15.82%) 43.87
5 (16.24%)  0.75
error cases:
3/5 [1, -1, 1] 1 2
4-(0+8) [1, -1, 4, 4, 1, 4, 4] 0 4
4*9+7 [1, 3, 1, -1, 3] 43 33
1*8+5 [1, 3, 1, -1, 3] 13 56
4+8+6 [1, 3, 1, -1, 3] 18 19
7*6+9 [1, 3, 1, -1, 3] 51 60
7-(6-2) [1, -1, 4, 4, 1, 4, 4] 3 7
3+5-2 [1, 3, 1, -1, 3] 6 0
7+(5+2) [1, -1, 4, 4, 1, 4, 4] 14 15
9/3*6 [1, 3, 1, -1, 3] 18 8
val (Perception Acc=0.00, Head Acc=0.00, Result Acc=28.86)
Epoch time: 0m 26s
------------------------------
Epoch 120/499 (max_len=inf, data=11170, lr=0.001)
Train acc: 58.22, loss: 0.662 
Epoch time: 0m 13s
------------------------------
Epoch 121/499 (max_len=inf, data=11170, lr=0.001)
Train acc: 57.92, loss: 0.659 
Epoch time: 0m 13s
------------------------------
Epoch 122/499 (max_len=inf, data=11170, lr=0.001)
Train acc: 55.00, loss: 0.655 
Epoch time: 0m 13s
------------------------------
Epoch 123/499 (max_len=inf, data=11170, lr=0.001)
Train acc: 55.99, loss: 0.651 
Epoch time: 0m 13s
------------------------------
Epoch 124/499 (max_len=inf, data=11170, lr=0.001)
Train acc: 54.96, loss: 0.643 
Epoch time: 0m 13s
------------------------------
Epoch 125/499 (max_len=inf, data=11170, lr=0.001)
Train acc: 55.65, loss: 0.637 
Epoch time: 0m 13s
------------------------------
Epoch 126/499 (max_len=inf, data=11170, lr=0.001)
Train acc: 55.79, loss: 0.632 
Epoch time: 0m 13s
------------------------------
Epoch 127/499 (max_len=inf, data=11170, lr=0.001)
Train acc: 58.13, loss: 0.632 
Epoch time: 0m 13s
------------------------------
Epoch 128/499 (max_len=inf, data=11170, lr=0.001)
Train acc: 50.99, loss: 0.624 
Epoch time: 0m 12s
------------------------------
Epoch 129/499 (max_len=inf, data=11170, lr=0.001)
Train acc: 54.59, loss: 0.619 
result accuracy by length:
1 ( 2%) 100.00
3 ( 2%) 97.00
5 ( 2%) 41.86
7 ( 4%) 33.62
9 ( 4%) 37.19
11 ( 3%) 34.09
13 ( 4%) 26.85
15 ( 4%) 26.24
17 ( 4%) 24.76
19 ( 4%) 22.55
21 ( 4%) 26.77
23 ( 4%) 20.98
25 ( 4%) 15.00
27 ( 4%) 32.51
29 ( 3%) 27.23
31 ( 3%) 21.43
33 ( 2%) 15.71
35 ( 2%) 17.81
37 ( 2%) 24.79
39 ( 3%) 17.76
41 ( 3%) 24.83
43 ( 2%) 19.57
45 ( 2%) 20.54
47 ( 2%) 24.24
49 ( 2%) 22.54
51 ( 2%) 22.73
53 ( 2%) 22.39
55 ( 2%) 15.97
57 ( 2%) 21.68
59 ( 2%) 16.82
61 ( 1%) 25.00
63 ( 0%) 28.57
65 ( 0%) 33.33
67 ( 0%) 33.33
result accuracy by symbol:
( (91%) 24.22
) (91%) 24.22
* (87%) 23.16
+ (84%) 22.99
- (77%) 26.67
/ (76%) 25.70
0 (52%) 28.09
1 (60%) 26.00
2 (61%) 24.62
3 (62%) 24.30
4 (61%) 23.85
5 (62%) 23.50
6 (62%) 23.52
7 (63%) 23.35
8 (64%) 21.94
9 (63%) 22.54
result accuracy by digit:
0 ( 0%) 100.00
1 ( 0%) 100.00
2 ( 0%) 100.00
3 ( 0%) 100.00
4 ( 0%) 100.00
5 ( 0%) 100.00
6 ( 0%) 100.00
7 ( 0%) 100.00
8 ( 0%) 100.00
9 ( 0%) 100.00
result accuracy by result:
0 (21%) 89.24
1 (10%) 23.97
2 ( 4%) 17.17
3 ( 2%) 22.22
4 ( 2%) 18.05
5 ( 2%) 29.00
6 ( 2%) 24.35
7 ( 2%) 24.78
8 ( 2%) 14.53
9 ( 1%) 30.23
result accuracy by generalization:
1 (22.45%) 57.91
2 (22.96%) 33.16
3 (22.53%)  1.54
4 (15.82%) 42.97
5 (16.24%)  0.38
error cases:
9/5 [1, -1, 1] 2 3
8/8 [1, -1, 1] 1 4
3-1 [1, -1, 1] 2 3
8*(8/5) [1, -1, 4, 4, 1, 4, 4] 16 0
(0+9)/7 [2, 2, 5, 2, 2, -1, 5] 2 1
0-5+9 [1, 3, 1, -1, 3] 9 5
7*6+9 [1, 3, 1, -1, 3] 51 47
7/(5+3) [1, -1, 4, 4, 1, 4, 4] 1 5
5*(6/3) [1, -1, 4, 4, 1, 4, 4] 10 15
7-(6-2) [1, -1, 4, 4, 1, 4, 4] 3 7
val (Perception Acc=0.00, Head Acc=0.00, Result Acc=27.82)
Epoch time: 0m 27s
------------------------------
Epoch 130/499 (max_len=inf, data=11170, lr=0.001)
Train acc: 52.61, loss: 0.615 
Epoch time: 0m 13s
------------------------------
Epoch 131/499 (max_len=inf, data=11170, lr=0.001)
Train acc: 48.37, loss: 0.611 
Epoch time: 0m 13s
------------------------------
Epoch 132/499 (max_len=inf, data=11170, lr=0.001)
Train acc: 52.05, loss: 0.609 
Epoch time: 0m 13s
------------------------------
Epoch 133/499 (max_len=inf, data=11170, lr=0.001)
Train acc: 54.34, loss: 0.600 
Epoch time: 0m 13s
------------------------------
Epoch 134/499 (max_len=inf, data=11170, lr=0.001)
Train acc: 54.46, loss: 0.595 
Epoch time: 0m 13s
------------------------------
Epoch 135/499 (max_len=inf, data=11170, lr=0.001)
Train acc: 51.71, loss: 0.606 
Epoch time: 0m 14s
------------------------------
Epoch 136/499 (max_len=inf, data=11170, lr=0.001)
Train acc: 53.23, loss: 0.604 
Epoch time: 0m 13s
------------------------------
Epoch 137/499 (max_len=inf, data=11170, lr=0.001)
Train acc: 56.79, loss: 0.598 
Epoch time: 0m 13s
------------------------------
Epoch 138/499 (max_len=inf, data=11170, lr=0.001)
Train acc: 56.12, loss: 0.593 
Epoch time: 0m 13s
------------------------------
Epoch 139/499 (max_len=inf, data=11170, lr=0.001)
Train acc: 53.66, loss: 0.586 
